<?xml version="1.0" encoding="utf-8"?>
<TestRun id="b01654bd-36fc-4425-a373-c51a72f3761b" name="ContainerAdministrator@774BBDF454A4 2023-10-10 12:11:43" runUser="User Manager\ContainerAdministrator" xmlns="http://microsoft.com/schemas/VisualStudio/TeamTest/2010">
  <Times creation="2023-10-10T12:11:43.3200229+02:00" queuing="2023-10-10T12:11:43.3200229+02:00" start="2023-10-10T12:08:52.5470867+02:00" finish="2023-10-10T12:27:03.4760906+02:00" />
  <TestSettings name="default" id="890345c9-78ba-4b13-a2ae-e5e9e3dfb234">
    <Deployment runDeploymentRoot="217a15a4e2818da058cf3d3d1475dadf" />
  </TestSettings>
  <Results>
    <UnitTestResult executionId="1e1b8509-56a9-471b-acb5-636ce7d88cf2" testId="5e517c7b-8219-40d7-b384-657b2202631f" testName="Export_KundenDB_Test_4_QM840" computerName="774BBDF454A4" duration="00:04:43.1073964" startTime="2023-10-10T12:21:45.1080980+02:00" endTime="2023-10-10T12:26:28.2104502+02:00" testType="13cdc9d9-ddb5-4fa4-a97d-d965ccfc6d4b" outcome="Passed" testListId="8c84fa94-04c1-424b-9868-57a2d4851a1d" relativeResultsDirectory="1e1b8509-56a9-471b-acb5-636ce7d88cf2">
      <Output>
        <StdOut>[12:21:45]  Start Test: Export_KundenDB_Test_4_QM840&#xD;
[12:21:46]  Defining database with name KundenDB...
Given paths are: c:\appveyor\bin\E3.3DRoutingBridge\Mainline\E3.BridgeTest\TestFiles\Export_KundenDB_Test_4_QM840\..\Databases\Ford\E3-Exports_MDB_v2018.mdb	c:\appveyor\bin\E3.3DRoutingBridge\Mainline\E3.BridgeTest\TestFiles\Export_KundenDB_Test_4_QM840\..\Databases\Ford\E3-Exports_MDB_v2018.mdb	c:\appveyor\bin\E3.3DRoutingBridge\Mainline\E3.BridgeTest\TestFiles\Export_KundenDB_Test_4_QM840\..\Databases\Ford\E3-Exports_MDB_v2018.mdb&#xD;
[12:21:50]  Setting current database KundenDB&#xD;
[12:21:52]  E3 OpenJob&#xD;
[12:23:19]  Doing repaircheck...&#xD;
[12:24:09]  Toolstart-Parameter: -b -d export -HarnessExport -selectionmode E3_Preselected_Sheets -i "c:\appveyor\bin\E3.3DRoutingBridge\Mainline\E3.BridgeTest\TestFiles\Export_KundenDB_Test_4_QM840\TestData" -mi "c:\appveyor\bin\E3.3DRoutingBridge\Mainline\E3.BridgeTest\TestFiles\Export_KundenDB_Test_4_QM840\TestData\E3_Harness_Export.ini" -mm "c:\appveyor\bin\E3.3DRoutingBridge\Mainline\E3.BridgeTest\TestFiles\Export_KundenDB_Test_4_QM840\TestData\E3_Harness_Export.map" -filename "c:\appveyor\bin\E3.3DRoutingBridge\Mainline\E3.BridgeTest\TestFiles\Export_KundenDB_Test_4_QM840\Results\HarnessExport_Option.xml" -logfilename "c:\appveyor\bin\E3.3DRoutingBridge\Mainline\E3.BridgeTest\TestFiles\Export_KundenDB_Test_4_QM840\Results\HarnessExport_Export_KundenDB_Test_4_QM840.log" -processid 16564&#xD;
[12:24:09]  Tool startet: c:\\appveyor\\bin\\E3.3DRoutingBridge\\Mainline\\bin\\Release\\x64\\E3_3DRoutingBridge.exe&#xD;
[12:26:22]  Tool fertig: c:\\appveyor\\bin\\E3.3DRoutingBridge\\Mainline\\bin\\Release\\x64\\E3_3DRoutingBridge.exe : ExitCode 0&#xD;
[12:26:23]  Start CompareXML: xmlExportFileName: c:\appveyor\bin\E3.3DRoutingBridge\Mainline\E3.BridgeTest\TestFiles\Export_KundenDB_Test_4_QM840\Results\2023-10-10--12-26-22_Export_KundenDB_Test_4_QM840_temp.xml to xmlRefFileName: c:\appveyor\bin\E3.3DRoutingBridge\Mainline\E3.BridgeTest\TestFiles\Export_KundenDB_Test_4_QM840\Results\2023-10-10--12-26-22_Export_KundenDB_Test_4_QM840_ref_temp.xml&#xD;
[12:26:24]  Test Export_KundenDB_Test_4_QM840 for Tool 3DRoutingBridge equal to Reference!&#xD;
[12:26:24]  Test  3DRoutingBridge is successful!&#xD;
[12:26:27]  TestCleanup</StdOut>
      </Output>
    </UnitTestResult>
    <UnitTestResult executionId="c866b568-5500-4c25-971a-3fe22a68f01d" testId="e52a185c-cfb1-4983-a3c8-7051cb095292" testName="Designer_38477" computerName="774BBDF454A4" duration="00:00:44.9859430" startTime="2023-10-10T12:15:05.2387350+02:00" endTime="2023-10-10T12:15:50.2193105+02:00" testType="13cdc9d9-ddb5-4fa4-a97d-d965ccfc6d4b" outcome="Passed" testListId="8c84fa94-04c1-424b-9868-57a2d4851a1d" relativeResultsDirectory="c866b568-5500-4c25-971a-3fe22a68f01d">
      <Output>
        <StdOut>[12:15:05]  Start Test: Designer_38477&#xD;
[12:15:06]  Defining database with name KundenDB...
Given paths are: c:\appveyor\bin\E3.3DRoutingBridge\Mainline\E3.BridgeTest\TestFiles\Designer-38477\..\Databases\Ford\E3-Exports_MDB_v2018.mdb	c:\appveyor\bin\E3.3DRoutingBridge\Mainline\E3.BridgeTest\TestFiles\Designer-38477\..\Databases\Ford\E3-Exports_MDB_v2018.mdb	c:\appveyor\bin\E3.3DRoutingBridge\Mainline\E3.BridgeTest\TestFiles\Designer-38477\..\Databases\Ford\E3-Exports_MDB_v2018.mdb&#xD;
[12:15:11]  Setting current database KundenDB&#xD;
[12:15:12]  E3 OpenJob&#xD;
[12:15:23]  Doing repaircheck...&#xD;
[12:15:27]  Toolstart-Parameter: -b -d Export -HarnessExport -selectionmode E3_PRESELECTED_SHEETS -i "c:\appveyor\bin\E3.3DRoutingBridge\Mainline\E3.BridgeTest\TestFiles\Designer-38477\TestData" -mi "c:\appveyor\bin\E3.3DRoutingBridge\Mainline\E3.BridgeTest\TestFiles\Designer-38477\TestData\E3_Harness_Export.ini" -mm "c:\appveyor\bin\E3.3DRoutingBridge\Mainline\E3.BridgeTest\TestFiles\Designer-38477\TestData\E3_Harness_Export.map" -filename "c:\appveyor\bin\E3.3DRoutingBridge\Mainline\E3.BridgeTest\TestFiles\Designer-38477\Results\Designer_38477.xml" -logfilename "c:\appveyor\bin\E3.3DRoutingBridge\Mainline\E3.BridgeTest\TestFiles\Designer-38477\Results\HarnessExport_Designer_38477.log" -processid 16564&#xD;
[12:15:27]  Tool startet: c:\\appveyor\\bin\\E3.3DRoutingBridge\\Mainline\\bin\\Release\\x64\\E3_3DRoutingBridge.exe&#xD;
[12:15:49]  Tool fertig: c:\\appveyor\\bin\\E3.3DRoutingBridge\\Mainline\\bin\\Release\\x64\\E3_3DRoutingBridge.exe : ExitCode 0&#xD;
[12:15:49]  Start CompareXML: xmlExportFileName: c:\appveyor\bin\E3.3DRoutingBridge\Mainline\E3.BridgeTest\TestFiles\Designer-38477\Results\2023-10-10--12-15-49_Designer_38477_temp.xml to xmlRefFileName: c:\appveyor\bin\E3.3DRoutingBridge\Mainline\E3.BridgeTest\TestFiles\Designer-38477\Results\2023-10-10--12-15-49_Designer_38477_ref_temp.xml&#xD;
[12:15:49]  Test Designer_38477 for Tool 3DRoutingBridge equal to Reference!&#xD;
[12:15:49]  Test  3DRoutingBridge is successful!&#xD;
[12:15:49]  TestCleanup</StdOut>
      </Output>
    </UnitTestResult>
    <UnitTestResult executionId="b6fcb49f-e066-446c-9c07-1ba7d046743a" testId="44337fad-f447-4dbe-ad09-014a1d9159de" testName="Designer_38006" computerName="774BBDF454A4" duration="00:00:17.4678692" startTime="2023-10-10T12:14:47.7755905+02:00" endTime="2023-10-10T12:15:05.2387350+02:00" testType="13cdc9d9-ddb5-4fa4-a97d-d965ccfc6d4b" outcome="Passed" testListId="8c84fa94-04c1-424b-9868-57a2d4851a1d" relativeResultsDirectory="b6fcb49f-e066-446c-9c07-1ba7d046743a">
      <Output>
        <StdOut>[12:14:47]  Start Test: Designer_38006&#xD;
[12:14:48]  Defining database with name Standard...
Given paths are: c:\appveyor\bin\E3.3DRoutingBridge\Mainline\E3.BridgeTest\TestFiles\Designer-38006\..\Databases\Standard\Components.mdb	c:\appveyor\bin\E3.3DRoutingBridge\Mainline\E3.BridgeTest\TestFiles\Designer-38006\..\Databases\Standard\symbols.mdb	c:\appveyor\bin\E3.3DRoutingBridge\Mainline\E3.BridgeTest\TestFiles\Designer-38006\..\Databases\Standard\Configuration.mdb&#xD;
[12:14:52]  Setting current database Standard&#xD;
[12:14:53]  E3 OpenJob&#xD;
[12:14:55]  Doing repaircheck...&#xD;
[12:14:56]  Toolstart-Parameter: -b -d Export -HarnessExport -selectionmode E3_PRESELECTED_SHEETS -i "c:\appveyor\bin\E3.3DRoutingBridge\Mainline\bin\Release\x64\Config" -mi "c:\appveyor\bin\E3.3DRoutingBridge\Mainline\bin\Release\x64\Config\E3_Harness_Export.ini" -mm "c:\appveyor\bin\E3.3DRoutingBridge\Mainline\bin\Release\x64\Config\E3_Harness_Export.map" -filename "c:\appveyor\bin\E3.3DRoutingBridge\Mainline\E3.BridgeTest\TestFiles\Designer-38006\Results\Designer_38006.xml" -logfilename "c:\appveyor\bin\E3.3DRoutingBridge\Mainline\E3.BridgeTest\TestFiles\Designer-38006\Results\HarnessExport_Designer_38006.log" -processid 16564&#xD;
[12:14:56]  Tool startet: c:\\appveyor\\bin\\E3.3DRoutingBridge\\Mainline\\bin\\Release\\x64\\E3_3DRoutingBridge.exe&#xD;
[12:15:05]  Tool fertig: c:\\appveyor\\bin\\E3.3DRoutingBridge\\Mainline\\bin\\Release\\x64\\E3_3DRoutingBridge.exe : ExitCode 0&#xD;
[12:15:05]  Start CompareXML: xmlExportFileName: c:\appveyor\bin\E3.3DRoutingBridge\Mainline\E3.BridgeTest\TestFiles\Designer-38006\Results\2023-10-10--12-15-05_Designer_38006_temp.xml to xmlRefFileName: c:\appveyor\bin\E3.3DRoutingBridge\Mainline\E3.BridgeTest\TestFiles\Designer-38006\Results\2023-10-10--12-15-05_Designer_38006_ref_temp.xml&#xD;
[12:15:05]  Test Designer_38006 for Tool 3DRoutingBridge equal to Reference!&#xD;
[12:15:05]  Test  3DRoutingBridge is successful!&#xD;
[12:15:05]  TestCleanup</StdOut>
      </Output>
    </UnitTestResult>
    <UnitTestResult executionId="07584be3-e86c-4fc3-9041-a961ae47d119" testId="7c2ee662-47ed-4b09-908b-0ece7e8b6372" testName="Designer_36622" computerName="774BBDF454A4" duration="00:00:22.4515865" startTime="2023-10-10T12:14:06.6376232+02:00" endTime="2023-10-10T12:14:29.0924658+02:00" testType="13cdc9d9-ddb5-4fa4-a97d-d965ccfc6d4b" outcome="Passed" testListId="8c84fa94-04c1-424b-9868-57a2d4851a1d" relativeResultsDirectory="07584be3-e86c-4fc3-9041-a961ae47d119">
      <Output>
        <StdOut>[12:14:06]  Start Test: Designer_36622&#xD;
[12:14:07]  Defining database with name Standard...
Given paths are: c:\appveyor\bin\E3.3DRoutingBridge\Mainline\E3.BridgeTest\TestFiles\Designer-36622\..\Databases\Standard\Components.mdb	c:\appveyor\bin\E3.3DRoutingBridge\Mainline\E3.BridgeTest\TestFiles\Designer-36622\..\Databases\Standard\symbols.mdb	c:\appveyor\bin\E3.3DRoutingBridge\Mainline\E3.BridgeTest\TestFiles\Designer-36622\..\Databases\Standard\Configuration.mdb&#xD;
[12:14:12]  Setting current database Standard&#xD;
[12:14:13]  E3 OpenJob&#xD;
[12:14:16]  Doing repaircheck...&#xD;
[12:14:18]  Toolstart-Parameter: -b -d Export -HarnessExport -selectionmode E3_PRESELECTED_SHEETS -i "c:\appveyor\bin\E3.3DRoutingBridge\Mainline\bin\Release\x64\Config" -mi "c:\appveyor\bin\E3.3DRoutingBridge\Mainline\bin\Release\x64\Config\E3_Harness_Export.ini" -mm "c:\appveyor\bin\E3.3DRoutingBridge\Mainline\bin\Release\x64\Config\E3_Harness_Export.map" -filename "c:\appveyor\bin\E3.3DRoutingBridge\Mainline\E3.BridgeTest\TestFiles\Designer-36622\Results\Designer_36622.xml" -logfilename "c:\appveyor\bin\E3.3DRoutingBridge\Mainline\E3.BridgeTest\TestFiles\Designer-36622\Results\HarnessExport_Designer_36622.log" -processid 16564&#xD;
[12:14:18]  Tool startet: c:\\appveyor\\bin\\E3.3DRoutingBridge\\Mainline\\bin\\Release\\x64\\E3_3DRoutingBridge.exe&#xD;
[12:14:28]  Tool fertig: c:\\appveyor\\bin\\E3.3DRoutingBridge\\Mainline\\bin\\Release\\x64\\E3_3DRoutingBridge.exe : ExitCode 0&#xD;
[12:14:28]  Start CompareXML: xmlExportFileName: c:\appveyor\bin\E3.3DRoutingBridge\Mainline\E3.BridgeTest\TestFiles\Designer-36622\Results\2023-10-10--12-14-28_Designer_36622_temp.xml to xmlRefFileName: c:\appveyor\bin\E3.3DRoutingBridge\Mainline\E3.BridgeTest\TestFiles\Designer-36622\Results\2023-10-10--12-14-28_Designer_36622_ref_temp.xml&#xD;
[12:14:28]  Test Designer_36622 for Tool 3DRoutingBridge equal to Reference!&#xD;
[12:14:28]  Test  3DRoutingBridge is successful!&#xD;
[12:14:28]  TestCleanup</StdOut>
      </Output>
    </UnitTestResult>
    <UnitTestResult executionId="9ab3267d-ef80-43eb-9e34-69478070295d" testId="a9fe6f42-9213-47dc-aca5-7a0b577c1238" testName="Export_KundenDB_Test_3_QM840" computerName="774BBDF454A4" duration="00:02:50.9534568" startTime="2023-10-10T12:18:54.1514783+02:00" endTime="2023-10-10T12:21:45.1070986+02:00" testType="13cdc9d9-ddb5-4fa4-a97d-d965ccfc6d4b" outcome="Passed" testListId="8c84fa94-04c1-424b-9868-57a2d4851a1d" relativeResultsDirectory="9ab3267d-ef80-43eb-9e34-69478070295d">
      <Output>
        <StdOut>[12:18:54]  Start Test: Export_KundenDB_Test_3_QM840&#xD;
[12:18:55]  Defining database with name KundenDB...
Given paths are: c:\appveyor\bin\E3.3DRoutingBridge\Mainline\E3.BridgeTest\TestFiles\Export_KundenDB_Test_3_QM840\..\Databases\Ford\E3-Exports_MDB_v2018.mdb	c:\appveyor\bin\E3.3DRoutingBridge\Mainline\E3.BridgeTest\TestFiles\Export_KundenDB_Test_3_QM840\..\Databases\Ford\E3-Exports_MDB_v2018.mdb	c:\appveyor\bin\E3.3DRoutingBridge\Mainline\E3.BridgeTest\TestFiles\Export_KundenDB_Test_3_QM840\..\Databases\Ford\E3-Exports_MDB_v2018.mdb&#xD;
[12:18:59]  Setting current database KundenDB&#xD;
[12:19:00]  E3 OpenJob&#xD;
[12:19:12]  Doing repaircheck...&#xD;
[12:19:32]  Toolstart-Parameter: -b -d export -HarnessExport -selectionmode E3_Preselected_Sheets -i "c:\appveyor\bin\E3.3DRoutingBridge\Mainline\E3.BridgeTest\TestFiles\Export_KundenDB_Test_3_QM840\TestData" -mi "c:\appveyor\bin\E3.3DRoutingBridge\Mainline\E3.BridgeTest\TestFiles\Export_KundenDB_Test_3_QM840\TestData\E3_Harness_Export.ini" -mm "c:\appveyor\bin\E3.3DRoutingBridge\Mainline\E3.BridgeTest\TestFiles\Export_KundenDB_Test_3_QM840\TestData\E3_Harness_Export.map" -filename "c:\appveyor\bin\E3.3DRoutingBridge\Mainline\E3.BridgeTest\TestFiles\Export_KundenDB_Test_3_QM840\Results\HarnessExport_Option.xml" -logfilename "c:\appveyor\bin\E3.3DRoutingBridge\Mainline\E3.BridgeTest\TestFiles\Export_KundenDB_Test_3_QM840\Results\HarnessExport_Export_KundenDB_Test_3_QM840.log" -processid 16564&#xD;
[12:19:32]  Tool startet: c:\\appveyor\\bin\\E3.3DRoutingBridge\\Mainline\\bin\\Release\\x64\\E3_3DRoutingBridge.exe&#xD;
[12:21:39]  Tool fertig: c:\\appveyor\\bin\\E3.3DRoutingBridge\\Mainline\\bin\\Release\\x64\\E3_3DRoutingBridge.exe : ExitCode 0&#xD;
[12:21:40]  Start CompareXML: xmlExportFileName: c:\appveyor\bin\E3.3DRoutingBridge\Mainline\E3.BridgeTest\TestFiles\Export_KundenDB_Test_3_QM840\Results\2023-10-10--12-21-39_Export_KundenDB_Test_3_QM840_temp.xml to xmlRefFileName: c:\appveyor\bin\E3.3DRoutingBridge\Mainline\E3.BridgeTest\TestFiles\Export_KundenDB_Test_3_QM840\Results\2023-10-10--12-21-39_Export_KundenDB_Test_3_QM840_ref_temp.xml&#xD;
[12:21:41]  Test Export_KundenDB_Test_3_QM840 for Tool 3DRoutingBridge equal to Reference!&#xD;
[12:21:41]  Test  3DRoutingBridge is successful!&#xD;
[12:21:44]  TestCleanup</StdOut>
      </Output>
    </UnitTestResult>
    <UnitTestResult executionId="9d1a72bb-4044-4f7f-afd8-0e6260b15828" testId="0bd78f90-c7f4-427a-9490-f0def1674b06" testName="Designer_35934" computerName="774BBDF454A4" duration="00:00:22.3051309" startTime="2023-10-10T12:13:26.9172470+02:00" endTime="2023-10-10T12:13:49.2197054+02:00" testType="13cdc9d9-ddb5-4fa4-a97d-d965ccfc6d4b" outcome="Passed" testListId="8c84fa94-04c1-424b-9868-57a2d4851a1d" relativeResultsDirectory="9d1a72bb-4044-4f7f-afd8-0e6260b15828">
      <Output>
        <StdOut>[12:13:26]  Start Test: Designer_35934&#xD;
[12:13:27]  Defining database with name Standard...
Given paths are: c:\appveyor\bin\E3.3DRoutingBridge\Mainline\E3.BridgeTest\TestFiles\Designer-35934\..\Databases\Standard\Components.mdb	c:\appveyor\bin\E3.3DRoutingBridge\Mainline\E3.BridgeTest\TestFiles\Designer-35934\..\Databases\Standard\symbols.mdb	c:\appveyor\bin\E3.3DRoutingBridge\Mainline\E3.BridgeTest\TestFiles\Designer-35934\..\Databases\Standard\Configuration.mdb&#xD;
[12:13:31]  Setting current database Standard&#xD;
[12:13:32]  E3 OpenJob&#xD;
[12:13:35]  Doing repaircheck...&#xD;
[12:13:36]  Toolstart-Parameter: -b -d Export -HarnessExport -selectionmode E3_PRESELECTED_SHEETS -i "c:\appveyor\bin\E3.3DRoutingBridge\Mainline\E3.BridgeTest\TestFiles\Designer-35934\TestData" -mi "c:\appveyor\bin\E3.3DRoutingBridge\Mainline\E3.BridgeTest\TestFiles\Designer-35934\TestData\E3_Harness_Export.ini" -mm "c:\appveyor\bin\E3.3DRoutingBridge\Mainline\E3.BridgeTest\TestFiles\Designer-35934\TestData\E3_Harness_Export.map" -filename "c:\appveyor\bin\E3.3DRoutingBridge\Mainline\E3.BridgeTest\TestFiles\Designer-35934\Results\Designer_35934.xml" -logfilename "c:\appveyor\bin\E3.3DRoutingBridge\Mainline\E3.BridgeTest\TestFiles\Designer-35934\Results\HarnessExport_Designer_35934.log" -processid 16564&#xD;
[12:13:36]  Tool startet: c:\\appveyor\\bin\\E3.3DRoutingBridge\\Mainline\\bin\\Release\\x64\\E3_3DRoutingBridge.exe&#xD;
[12:13:48]  Tool fertig: c:\\appveyor\\bin\\E3.3DRoutingBridge\\Mainline\\bin\\Release\\x64\\E3_3DRoutingBridge.exe : ExitCode 0&#xD;
[12:13:48]  Start CompareXML: xmlExportFileName: c:\appveyor\bin\E3.3DRoutingBridge\Mainline\E3.BridgeTest\TestFiles\Designer-35934\Results\2023-10-10--12-13-48_Designer_35934_temp.xml to xmlRefFileName: c:\appveyor\bin\E3.3DRoutingBridge\Mainline\E3.BridgeTest\TestFiles\Designer-35934\Results\2023-10-10--12-13-48_Designer_35934_ref_temp.xml&#xD;
[12:13:48]  Test Designer_35934 for Tool 3DRoutingBridge equal to Reference!&#xD;
[12:13:48]  Test  3DRoutingBridge is successful!&#xD;
[12:13:49]  TestCleanup</StdOut>
      </Output>
    </UnitTestResult>
    <UnitTestResult executionId="f4363565-3c25-4bf1-a438-e3d92d56018a" testId="6fd92e70-4718-4793-9f30-fdc5ee595768" testName="Export_KundenDB_Test_5_QM840" computerName="774BBDF454A4" duration="00:00:18.3862245" startTime="2023-10-10T12:26:28.2104502+02:00" endTime="2023-10-10T12:26:46.6084455+02:00" testType="13cdc9d9-ddb5-4fa4-a97d-d965ccfc6d4b" outcome="Passed" testListId="8c84fa94-04c1-424b-9868-57a2d4851a1d" relativeResultsDirectory="f4363565-3c25-4bf1-a438-e3d92d56018a">
      <Output>
        <StdOut>[12:26:28]  Start Test: Export_KundenDB_Test_5_QM840&#xD;
[12:26:29]  Defining database with name KundenDB...
Given paths are: c:\appveyor\bin\E3.3DRoutingBridge\Mainline\E3.BridgeTest\TestFiles\Export_KundenDB_Test_5_QM840\..\Databases\Ford\E3-Exports_MDB_v2018.mdb	c:\appveyor\bin\E3.3DRoutingBridge\Mainline\E3.BridgeTest\TestFiles\Export_KundenDB_Test_5_QM840\..\Databases\Ford\E3-Exports_MDB_v2018.mdb	c:\appveyor\bin\E3.3DRoutingBridge\Mainline\E3.BridgeTest\TestFiles\Export_KundenDB_Test_5_QM840\..\Databases\Ford\E3-Exports_MDB_v2018.mdb&#xD;
[12:26:33]  Setting current database KundenDB&#xD;
[12:26:35]  E3 OpenJob&#xD;
[12:26:36]  Doing repaircheck...&#xD;
[12:26:36]  Toolstart-Parameter: -b -d export -HarnessExport -selectionmode E3_Preselected_Sheets -i "c:\appveyor\bin\E3.3DRoutingBridge\Mainline\E3.BridgeTest\TestFiles\Export_KundenDB_Test_5_QM840\TestData" -mi "c:\appveyor\bin\E3.3DRoutingBridge\Mainline\E3.BridgeTest\TestFiles\Export_KundenDB_Test_5_QM840\TestData\E3_Harness_Export.ini" -mm "c:\appveyor\bin\E3.3DRoutingBridge\Mainline\E3.BridgeTest\TestFiles\Export_KundenDB_Test_5_QM840\TestData\E3_Harness_Export.map" -filename "c:\appveyor\bin\E3.3DRoutingBridge\Mainline\E3.BridgeTest\TestFiles\Export_KundenDB_Test_5_QM840\Results\HarnessExport_Option.xml" -logfilename "c:\appveyor\bin\E3.3DRoutingBridge\Mainline\E3.BridgeTest\TestFiles\Export_KundenDB_Test_5_QM840\Results\HarnessExport_Export_KundenDB_Test_5_QM840.log" -processid 16564&#xD;
[12:26:36]  Tool startet: c:\\appveyor\\bin\\E3.3DRoutingBridge\\Mainline\\bin\\Release\\x64\\E3_3DRoutingBridge.exe&#xD;
[12:26:46]  Tool fertig: c:\\appveyor\\bin\\E3.3DRoutingBridge\\Mainline\\bin\\Release\\x64\\E3_3DRoutingBridge.exe : ExitCode 0&#xD;
[12:26:46]  Start CompareXML: xmlExportFileName: c:\appveyor\bin\E3.3DRoutingBridge\Mainline\E3.BridgeTest\TestFiles\Export_KundenDB_Test_5_QM840\Results\2023-10-10--12-26-46_Export_KundenDB_Test_5_QM840_temp.xml to xmlRefFileName: c:\appveyor\bin\E3.3DRoutingBridge\Mainline\E3.BridgeTest\TestFiles\Export_KundenDB_Test_5_QM840\Results\2023-10-10--12-26-46_Export_KundenDB_Test_5_QM840_ref_temp.xml&#xD;
[12:26:46]  Test Export_KundenDB_Test_5_QM840 for Tool 3DRoutingBridge equal to Reference!&#xD;
[12:26:46]  Test  3DRoutingBridge is successful!&#xD;
[12:26:46]  TestCleanup</StdOut>
      </Output>
    </UnitTestResult>
    <UnitTestResult executionId="4eb8fe1a-3e56-4d97-ba90-6717e7c20853" testId="3c31a141-18fc-40ee-9c7f-fd728247d147" testName="Designer_31138" computerName="774BBDF454A4" duration="00:00:15.8934605" startTime="2023-10-10T12:11:43.2793055+02:00" endTime="2023-10-10T12:11:59.1674778+02:00" testType="13cdc9d9-ddb5-4fa4-a97d-d965ccfc6d4b" outcome="Passed" testListId="8c84fa94-04c1-424b-9868-57a2d4851a1d" relativeResultsDirectory="4eb8fe1a-3e56-4d97-ba90-6717e7c20853">
      <Output>
        <StdOut>[12:11:43]  Start Test: Designer_31138&#xD;
[12:11:44]  Defining database with name Standard...
Given paths are: c:\appveyor\bin\E3.3DRoutingBridge\Mainline\E3.BridgeTest\TestFiles\Designer-31138\..\Databases\Standard\Components.mdb	c:\appveyor\bin\E3.3DRoutingBridge\Mainline\E3.BridgeTest\TestFiles\Designer-31138\..\Databases\Standard\symbols.mdb	c:\appveyor\bin\E3.3DRoutingBridge\Mainline\E3.BridgeTest\TestFiles\Designer-31138\..\Databases\Standard\Configuration.mdb&#xD;
[12:11:48]  Setting current database Standard&#xD;
[12:11:49]  E3 OpenJob&#xD;
[12:11:49]  Doing repaircheck...&#xD;
[12:11:50]  Toolstart-Parameter: -b -d Export -HarnessExport -selectionmode E3_PRESELECTED_SHEETS -i "c:\appveyor\bin\E3.3DRoutingBridge\Mainline\bin\Release\x64\Config" -mi "c:\appveyor\bin\E3.3DRoutingBridge\Mainline\bin\Release\x64\Config\E3_Harness_Export.ini" -mm "c:\appveyor\bin\E3.3DRoutingBridge\Mainline\bin\Release\x64\Config\E3_Harness_Export.map" -filename "c:\appveyor\bin\E3.3DRoutingBridge\Mainline\E3.BridgeTest\TestFiles\Designer-31138\Results\Designer_31138.xml" -logfilename "c:\appveyor\bin\E3.3DRoutingBridge\Mainline\E3.BridgeTest\TestFiles\Designer-31138\Results\HarnessExport_Designer_31138.log" -processid 16564&#xD;
[12:11:50]  Tool startet: c:\\appveyor\\bin\\E3.3DRoutingBridge\\Mainline\\bin\\Release\\x64\\E3_3DRoutingBridge.exe&#xD;
[12:11:58]  Tool fertig: c:\\appveyor\\bin\\E3.3DRoutingBridge\\Mainline\\bin\\Release\\x64\\E3_3DRoutingBridge.exe : ExitCode 0&#xD;
[12:11:58]  Start CompareXML: xmlExportFileName: c:\appveyor\bin\E3.3DRoutingBridge\Mainline\E3.BridgeTest\TestFiles\Designer-31138\Results\2023-10-10--12-11-58_Designer_31138_temp.xml to xmlRefFileName: c:\appveyor\bin\E3.3DRoutingBridge\Mainline\E3.BridgeTest\TestFiles\Designer-31138\Results\2023-10-10--12-11-58_Designer_31138_ref_temp.xml&#xD;
[12:11:58]  Test Designer_31138 for Tool 3DRoutingBridge equal to Reference!&#xD;
[12:11:58]  Test  3DRoutingBridge is successful!&#xD;
[12:11:58]  TestCleanup</StdOut>
      </Output>
    </UnitTestResult>
    <UnitTestResult executionId="8063f1a8-612f-4809-9658-94e1c1e9bbce" testId="a5d77a54-c3eb-4f37-9a0f-61ec78247bd6" testName="Export_KundenDB_Test_1_QM840" computerName="774BBDF454A4" duration="00:02:29.9634302" startTime="2023-10-10T12:16:06.9965489+02:00" endTime="2023-10-10T12:18:36.9533379+02:00" testType="13cdc9d9-ddb5-4fa4-a97d-d965ccfc6d4b" outcome="Passed" testListId="8c84fa94-04c1-424b-9868-57a2d4851a1d" relativeResultsDirectory="8063f1a8-612f-4809-9658-94e1c1e9bbce">
      <Output>
        <StdOut>[12:16:06]  Start Test: Export_KundenDB_Test_1_QM840&#xD;
[12:16:07]  Defining database with name KundenDB...
Given paths are: c:\appveyor\bin\E3.3DRoutingBridge\Mainline\E3.BridgeTest\TestFiles\Export_KundenDB_Test_1_QM840\..\Databases\Ford\E3-Exports_MDB_v2018.mdb	c:\appveyor\bin\E3.3DRoutingBridge\Mainline\E3.BridgeTest\TestFiles\Export_KundenDB_Test_1_QM840\..\Databases\Ford\E3-Exports_MDB_v2018.mdb	c:\appveyor\bin\E3.3DRoutingBridge\Mainline\E3.BridgeTest\TestFiles\Export_KundenDB_Test_1_QM840\..\Databases\Ford\E3-Exports_MDB_v2018.mdb&#xD;
[12:16:11]  Setting current database KundenDB&#xD;
[12:16:13]  E3 OpenJob&#xD;
[12:16:24]  Doing repaircheck...&#xD;
[12:16:44]  Toolstart-Parameter: -b -d export -HarnessExport -selectionmode E3_Preselected_Sheets -i "c:\appveyor\bin\E3.3DRoutingBridge\Mainline\E3.BridgeTest\TestFiles\Export_KundenDB_Test_1_QM840\TestData" -mi "c:\appveyor\bin\E3.3DRoutingBridge\Mainline\E3.BridgeTest\TestFiles\Export_KundenDB_Test_1_QM840\TestData\E3_Harness_Export.ini" -mm "c:\appveyor\bin\E3.3DRoutingBridge\Mainline\E3.BridgeTest\TestFiles\Export_KundenDB_Test_1_QM840\TestData\E3_Harness_Export.map" -filename "c:\appveyor\bin\E3.3DRoutingBridge\Mainline\E3.BridgeTest\TestFiles\Export_KundenDB_Test_1_QM840\Results\HarnessExport_Option.xml" -logfilename "c:\appveyor\bin\E3.3DRoutingBridge\Mainline\E3.BridgeTest\TestFiles\Export_KundenDB_Test_1_QM840\Results\HarnessExport_Export_KundenDB_Test_1_QM840.log" -processid 16564&#xD;
[12:16:44]  Tool startet: c:\\appveyor\\bin\\E3.3DRoutingBridge\\Mainline\\bin\\Release\\x64\\E3_3DRoutingBridge.exe&#xD;
[12:18:32]  Tool fertig: c:\\appveyor\\bin\\E3.3DRoutingBridge\\Mainline\\bin\\Release\\x64\\E3_3DRoutingBridge.exe : ExitCode 0&#xD;
[12:18:32]  Start CompareXML: xmlExportFileName: c:\appveyor\bin\E3.3DRoutingBridge\Mainline\E3.BridgeTest\TestFiles\Export_KundenDB_Test_1_QM840\Results\2023-10-10--12-18-32_Export_KundenDB_Test_1_QM840_temp.xml to xmlRefFileName: c:\appveyor\bin\E3.3DRoutingBridge\Mainline\E3.BridgeTest\TestFiles\Export_KundenDB_Test_1_QM840\Results\2023-10-10--12-18-32_Export_KundenDB_Test_1_QM840_ref_temp.xml&#xD;
[12:18:33]  Test Export_KundenDB_Test_1_QM840 for Tool 3DRoutingBridge equal to Reference!&#xD;
[12:18:33]  Test  3DRoutingBridge is successful!&#xD;
[12:18:36]  TestCleanup</StdOut>
      </Output>
    </UnitTestResult>
    <UnitTestResult executionId="d2210a41-49ec-4e6c-8a64-395266caa6ec" testId="c8756888-011c-4c6b-a6a5-360b901a34f2" testName="Export_Optionen_QM840" computerName="774BBDF454A4" duration="00:00:16.1137165" startTime="2023-10-10T12:26:46.6104447+02:00" endTime="2023-10-10T12:27:02.8469518+02:00" testType="13cdc9d9-ddb5-4fa4-a97d-d965ccfc6d4b" outcome="Passed" testListId="8c84fa94-04c1-424b-9868-57a2d4851a1d" relativeResultsDirectory="d2210a41-49ec-4e6c-8a64-395266caa6ec">
      <Output>
        <StdOut>[12:26:46]  Start Test: Export_Optionen_QM840&#xD;
[12:26:48]  Defining database with name Standard...
Given paths are: c:\appveyor\bin\E3.3DRoutingBridge\Mainline\E3.BridgeTest\TestFiles\Export_Optionen_QM840\..\Databases\Standard\Components.mdb	c:\appveyor\bin\E3.3DRoutingBridge\Mainline\E3.BridgeTest\TestFiles\Export_Optionen_QM840\..\Databases\Standard\symbols.mdb	c:\appveyor\bin\E3.3DRoutingBridge\Mainline\E3.BridgeTest\TestFiles\Export_Optionen_QM840\..\Databases\Standard\Configuration.mdb&#xD;
[12:26:52]  Setting current database Standard&#xD;
[12:26:53]  E3 OpenJob&#xD;
[12:26:53]  Doing repaircheck...&#xD;
[12:26:53]  Toolstart-Parameter: -b -d export -HarnessExport -selectionmode E3_Preselected_Sheets -i "c:\appveyor\bin\E3.3DRoutingBridge\Mainline\E3.BridgeTest\TestFiles\Export_Optionen_QM840\TestData" -mi "c:\appveyor\bin\E3.3DRoutingBridge\Mainline\E3.BridgeTest\TestFiles\Export_Optionen_QM840\TestData\E3_Harness_Export.ini" -mm "c:\appveyor\bin\E3.3DRoutingBridge\Mainline\E3.BridgeTest\TestFiles\Export_Optionen_QM840\TestData\E3_Harness_Export.map" -filename "c:\appveyor\bin\E3.3DRoutingBridge\Mainline\E3.BridgeTest\TestFiles\Export_Optionen_QM840\Results\HarnessExport_Option.xml" -logfilename "c:\appveyor\bin\E3.3DRoutingBridge\Mainline\E3.BridgeTest\TestFiles\Export_Optionen_QM840\Results\HarnessExport_Export_Optionen_QM840.log" -processid 16564&#xD;
[12:26:54]  Tool startet: c:\\appveyor\\bin\\E3.3DRoutingBridge\\Mainline\\bin\\Release\\x64\\E3_3DRoutingBridge.exe&#xD;
[12:27:02]  Tool fertig: c:\\appveyor\\bin\\E3.3DRoutingBridge\\Mainline\\bin\\Release\\x64\\E3_3DRoutingBridge.exe : ExitCode 0&#xD;
[12:27:02]  Start CompareXML: xmlExportFileName: c:\appveyor\bin\E3.3DRoutingBridge\Mainline\E3.BridgeTest\TestFiles\Export_Optionen_QM840\Results\2023-10-10--12-27-02_Export_Optionen_QM840_temp.xml to xmlRefFileName: c:\appveyor\bin\E3.3DRoutingBridge\Mainline\E3.BridgeTest\TestFiles\Export_Optionen_QM840\Results\2023-10-10--12-27-02_Export_Optionen_QM840_ref_temp.xml&#xD;
[12:27:02]  Test Export_Optionen_QM840 for Tool 3DRoutingBridge equal to Reference!&#xD;
[12:27:02]  Test  3DRoutingBridge is successful!&#xD;
[12:27:02]  TestCleanup&#xD;

_____________________E3 output below_____________________
&#xD;
 E3: E³.series 2024 (Oct 10 2023 11:15:29 Build 25.00-Develop @264160) 64 Bit&#xD;
 E3: Workspace 'C:\Users\ContainerAdministrator\AppData\Roaming\Zuken\E3.series\25.0\workspace-cable-44.xml' could not be found. Workspace could not be opened!&#xD;
 E3: Project C:\8f0a8db0-a906-47ba-ac5c-f8a50dcb495c\temp.e3s created.&#xD;
 E3: I - Item Validation enabled&#xD;
 E3: I - Validating project&#xD;
 E3: I - Validation enabled for this project&#xD;
 E3: I - Closing project 'temp' without saving modifications...&#xD;
 E3: I - Opening Project  c:\appveyor\bin\E3.3DRoutingBridge\Mainline\E3.BridgeTest\TestFiles\Designer-31097\TestData\CSLX6T-70000-B__LLC_20171111_OK3.e3s&#xD;
 E3: I - Updating internal structures: 200 cycles up to version 2505...&#xD;
 E3: 2305 &#xD;
 E3: 2306 &#xD;
 E3: 2307 &#xD;
 E3: 2308 &#xD;
 E3: 2309 &#xD;
 E3: 2310 &#xD;
 E3: 2311 &#xD;
 E3: 2312 &#xD;
 E3: 2399 &#xD;
 E3: 2400 &#xD;
 E3: 2401 &#xD;
 E3: 2402 &#xD;
 E3: 2403 &#xD;
 E3: 2404 &#xD;
 E3: 2405 &#xD;
 E3: 2406 &#xD;
 E3: 2407 &#xD;
 E3: 2408 &#xD;
 E3: 2499 &#xD;
 E3: 2500 &#xD;
 E3: 2501 &#xD;
 E3: 2502 &#xD;
 E3: 2503 &#xD;
 E3: 2504 &#xD;
 E3: OK.&#xD;
 E3: Project c:\appveyor\bin\E3.3DRoutingBridge\Mainline\E3.BridgeTest\TestFiles\Designer-31097\TestData\CSLX6T-70000-B__LLC_20171111_OK3.e3s opened.&#xD;
 E3: W - Project has been opened in READ ONLY mode, you can't save any changes to the existing project!&#xD;
 E3: I - Item Validation enabled&#xD;
 E3: I - Validating project&#xD;
 E3: I - Validation enabled for this project&#xD;
 E3: repair_check_extended(0)&#xD;
 E3: --------------------------------------------------------------------------&#xD;
 E3: consistency check (17)....
&#xD;
 E3: E - CCID:001645:  check_line( 'LINE_ITEM/590399 (32-5a-0-2abe51)' ): More than one sub-line of a merged segment line has an attribute set&#xD;
 E3: E - CCID:001645:  check_line( 'LINE_ITEM/590402 (32-5a-0-2ac0d5)' ): More than one sub-line of a merged segment line has an attribute set&#xD;
 E3: E - CCID:001645:  check_line( 'LINE_ITEM/590405 (32-5a-0-2ac338)' ): More than one sub-line of a merged segment line has an attribute set&#xD;
 E3: E - CCID:001645:  check_line( 'LINE_ITEM/590408 (32-5a-0-2ac594)' ): More than one sub-line of a merged segment line has an attribute set&#xD;
 E3: E - CCID:001645:  check_line( 'LINE_ITEM/602356 (41-5a-0-cf37c)' ): More than one sub-line of a merged segment line has an attribute set&#xD;
 E3: E - CCID:001645:  check_line( 'LINE_ITEM/602359 (41-5a-0-d02b0)' ): More than one sub-line of a merged segment line has an attribute set&#xD;
 E3: E - CCID:001645:  check_line( 'LINE_ITEM/602364 (41-5a-0-d0cbe)' ): More than one sub-line of a merged segment line has an attribute set&#xD;
 E3: E - CCID:001645:  check_line( 'LINE_ITEM/661535 (55-5a-0-6715b)' ): More than one sub-line of a merged segment line has an attribute set&#xD;
 E3: E - CCID:001645:  check_line( 'LINE_ITEM/701900 (7c-5a-0-119cf0)' ): More than one sub-line of a merged segment line has an attribute set&#xD;
 E3: E - CCID:001645:  check_line( 'LINE_ITEM/701905 (7c-5a-0-11a6f3)' ): More than one sub-line of a merged segment line has an attribute set&#xD;
 E3: E - CCID:001645:  check_line( 'LINE_ITEM/701942 (7c-5a-0-125892)' ): More than one sub-line of a merged segment line has an attribute set&#xD;
 E3: E - CCID:001645:  check_line( 'LINE_ITEM/701952 (7c-5a-0-12bb8a)' ): More than one sub-line of a merged segment line has an attribute set&#xD;
 E3: E - CCID:001645:  check_line( 'LINE_ITEM/817081 (b6-5a-0-4baf1)' ): More than one sub-line of a merged segment line has an attribute set&#xD;
 E3: E - CCID:001645:  check_line( 'LINE_ITEM/817123 (b6-5a-0-4bb2c)' ): More than one sub-line of a merged segment line has an attribute set&#xD;
 E3: E - CCID:001645:  check_line( 'LINE_ITEM/817129 (b6-5a-0-4bb34)' ): More than one sub-line of a merged segment line has an attribute set&#xD;
 E3: E - CCID:001645:  check_line( 'LINE_ITEM/817132 (b6-5a-0-4bb38)' ): More than one sub-line of a merged segment line has an attribute set&#xD;
 E3: E - CCID:001645:  check_line( 'LINE_ITEM/817142 (b6-5a-0-4bb5d)' ): More than one sub-line of a merged segment line has an attribute set&#xD;
 E3: E - CCID:001645:  check_line( 'LINE_ITEM/817159 (b6-5a-0-4bb73)' ): More than one sub-line of a merged segment line has an attribute set&#xD;
 E3: E - CCID:001645:  check_line( 'LINE_ITEM/817173 (b6-5a-0-4bb89)' ): More than one sub-line of a merged segment line has an attribute set&#xD;
 E3: E - CCID:001645:  check_line( 'LINE_ITEM/817196 (b6-5a-0-4bba3)' ): More than one sub-line of a merged segment line has an attribute set&#xD;
 E3: E - CCID:001645:  check_line( 'LINE_ITEM/817198 (b6-5a-0-4bba5)' ): More than one sub-line of a merged segment line has an attribute set&#xD;
 E3: E - CCID:001645:  check_line( 'LINE_ITEM/817295 (b6-5a-0-4bc3b)' ): More than one sub-line of a merged segment line has an attribute set&#xD;
 E3: E - CCID:001645:  check_line( 'LINE_ITEM/817325 (b6-5a-0-4bc63)' ): More than one sub-line of a merged segment line has an attribute set&#xD;
 E3: E - CCID:001645:  check_line( 'LINE_ITEM/817326 (b6-5a-0-4bc64)' ): More than one sub-line of a merged segment line has an attribute set&#xD;
 E3: E - CCID:001645:  check_line( 'LINE_ITEM/817331 (b6-5a-0-4bc72)' ): More than one sub-line of a merged segment line has an attribute set&#xD;
 E3: E - CCID:001645:  check_line( 'LINE_ITEM/817351 (b6-5a-0-4bc91)' ): More than one sub-line of a merged segment line has an attribute set&#xD;
 E3: E - CCID:001645:  check_line( 'LINE_ITEM/817352 (b6-5a-0-4bc92)' ): More than one sub-line of a merged segment line has an attribute set&#xD;
 E3: E - CCID:001645:  check_line( 'LINE_ITEM/817445 (b6-5a-0-4bd1f)' ): More than one sub-line of a merged segment line has an attribute set&#xD;
 E3: E - CCID:001645:  check_line( 'LINE_ITEM/817446 (b6-5a-0-4bd20)' ): More than one sub-line of a merged segment line has an attribute set&#xD;
 E3: E - CCID:001645:  check_line( 'LINE_ITEM/913971 (d7-5a-0-4bc9ca)' ): More than one sub-line of a merged segment line has an attribute set&#xD;
 E3: E - CCID:001645:  check_line( 'LINE_ITEM/913972 (d7-5a-0-4bcd79)' ): More than one sub-line of a merged segment line has an attribute set&#xD;
 E3: E - CCID:002095:  check_net( 998865 (55-26-0-6d960) ): Net contains a not connected netseg 913955&#xD;
 E3: E - CCID:002095:  check_net( 998865 (55-26-0-6d960) ): Net contains a not connected netseg 661543&#xD;
 E3: E - CCID:002095:  check_net( 998865 (55-26-0-6d960) ): Net contains a not connected netseg 816815&#xD;
 E3: E - CCID:002095:  check_net( 998865 (55-26-0-6d960) ): Net contains a not connected netseg 816806&#xD;
 E3: E - CCID:002095:  check_net( 998865 (55-26-0-6d960) ): Net contains a not connected netseg 816805&#xD;
 E3: E - CCID:002095:  check_net( 998865 (55-26-0-6d960) ): Net contains a not connected netseg 816827&#xD;
 E3: E - CCID:002095:  check_net( 998865 (55-26-0-6d960) ): Net contains a not connected netseg 817080&#xD;
 E3: E - CCID:002095:  check_net( 998865 (55-26-0-6d960) ): Net contains a not connected netseg 532447&#xD;
 E3: E - CCID:002095:  check_net( 998865 (55-26-0-6d960) ): Net contains a not connected netseg 532449&#xD;
 E3: E - CCID:002095:  check_net( 998865 (55-26-0-6d960) ): Net contains a not connected netseg 816814&#xD;
 E3: E - CCID:002095:  check_net( 998865 (55-26-0-6d960) ): Net contains a not connected netseg 816836&#xD;
 E3: E - CCID:002095:  check_net( 998865 (55-26-0-6d960) ): Net contains a not connected netseg 602371&#xD;
 E3: E - CCID:002095:  check_net( 998865 (55-26-0-6d960) ): Net contains a not connected netseg 602374&#xD;
 E3: E - CCID:002095:  check_net( 998865 (55-26-0-6d960) ): Net contains a not connected netseg 590407&#xD;
 E3: E - CCID:002095:  check_net( 998865 (55-26-0-6d960) ): Net contains a not connected netseg 590410&#xD;
 E3: E - CCID:002095:  check_net( 998865 (55-26-0-6d960) ): Net contains a not connected netseg 590404&#xD;
 E3: E - CCID:002095:  check_net( 998865 (55-26-0-6d960) ): Net contains a not connected netseg 590401&#xD;
 E3: E - CCID:002095:  check_net( 998865 (55-26-0-6d960) ): Net contains a not connected netseg 816837&#xD;
 E3: E - CCID:002095:  check_net( 998865 (55-26-0-6d960) ): Net contains a not connected netseg 817079&#xD;
 E3: E - CCID:002095:  check_net( 998865 (55-26-0-6d960) ): Net contains a not connected netseg 816857&#xD;
 E3: E - CCID:002095:  check_net( 998865 (55-26-0-6d960) ): Net contains a not connected netseg 816839&#xD;
 E3: E - CCID:002095:  check_net( 998865 (55-26-0-6d960) ): Net contains a not connected netseg 816960&#xD;
 E3: E - CCID:002095:  check_net( 998865 (55-26-0-6d960) ): Net contains a not connected netseg 817057&#xD;
 E3: E - CCID:002095:  check_net( 998865 (55-26-0-6d960) ): Net contains a not connected netseg 602355&#xD;
 E3: E - CCID:002095:  check_net( 998865 (55-26-0-6d960) ): Net contains a not connected netseg 602352&#xD;
 E3: E - CCID:002095:  check_net( 998865 (55-26-0-6d960) ): Net contains a not connected netseg 817056&#xD;
 E3: E - CCID:002095:  check_net( 998865 (55-26-0-6d960) ): Net contains a not connected netseg 817004&#xD;
 E3: E - CCID:002095:  check_net( 998865 (55-26-0-6d960) ): Net contains a not connected netseg 816838&#xD;
 E3: E - CCID:002095:  check_net( 998865 (55-26-0-6d960) ): Net contains a not connected netseg 602357&#xD;
 E3: E - CCID:002095:  check_net( 998865 (55-26-0-6d960) ): Net contains a not connected netseg 817003&#xD;
 E3: E - CCID:002095:  check_net( 998865 (55-26-0-6d960) ): Net contains a not connected netseg 817058&#xD;
 E3: E - CCID:002095:  check_net( 998865 (55-26-0-6d960) ): Net contains a not connected netseg 817059&#xD;
 E3: E - CCID:002095:  check_net( 998865 (55-26-0-6d960) ): Net contains a not connected netseg 602360&#xD;
 E3: E - CCID:002095:  check_net( 998865 (55-26-0-6d960) ): Net contains a not connected netseg 602363&#xD;
 E3: E - CCID:002095:  check_net( 998865 (55-26-0-6d960) ): Net contains a not connected netseg 817006&#xD;
 E3: E - CCID:002095:  check_net( 998865 (55-26-0-6d960) ): Net contains a not connected netseg 817005&#xD;
 E3: E - CCID:002095:  check_net( 998865 (55-26-0-6d960) ): Net contains a not connected netseg 520897&#xD;
 E3: E - CCID:002095:  check_net( 998865 (55-26-0-6d960) ): Net contains a not connected netseg 816809&#xD;
 E3: E - CCID:002095:  check_net( 998865 (55-26-0-6d960) ): Net contains a not connected netseg 816808&#xD;
 E3: E - CCID:002095:  check_net( 998865 (55-26-0-6d960) ): Net contains a not connected netseg 817002&#xD;
 E3: E - CCID:002095:  check_net( 998865 (55-26-0-6d960) ): Net contains a not connected netseg 816877&#xD;
 E3: E - CCID:002095:  check_net( 998865 (55-26-0-6d960) ): Net contains a not connected netseg 816811&#xD;
 E3: E - CCID:002095:  check_net( 998865 (55-26-0-6d960) ): Net contains a not connected netseg 816810&#xD;
 E3: E - CCID:002095:  check_net( 998865 (55-26-0-6d960) ): Net contains a not connected netseg 816856&#xD;
 E3: E - CCID:002095:  check_net( 998865 (55-26-0-6d960) ): Net contains a not connected netseg 816840&#xD;
 E3: E - CCID:002095:  check_net( 998865 (55-26-0-6d960) ): Net contains a not connected netseg 816841&#xD;
 E3: E - CCID:002095:  check_net( 998865 (55-26-0-6d960) ): Net contains a not connected netseg 816842&#xD;
 E3: E - CCID:002095:  check_net( 998865 (55-26-0-6d960) ): Net contains a not connected netseg 816843&#xD;
 E3: E - CCID:002095:  check_net( 998865 (55-26-0-6d960) ): Net contains a not connected netseg 816970&#xD;
 E3: E - CCID:002095:  check_net( 998865 (55-26-0-6d960) ): Net contains a not connected netseg 816961&#xD;
 E3: E - CCID:002095:  check_net( 998865 (55-26-0-6d960) ): Net contains a not connected netseg 816844&#xD;
 E3: E - CCID:002095:  check_net( 998865 (55-26-0-6d960) ): Net contains a not connected netseg 816845&#xD;
 E3: E - CCID:002095:  check_net( 998865 (55-26-0-6d960) ): Net contains a not connected netseg 816917&#xD;
 E3: E - CCID:002095:  check_net( 998865 (55-26-0-6d960) ): Net contains a not connected netseg 816969&#xD;
 E3: E - CCID:002095:  check_net( 998865 (55-26-0-6d960) ): Net contains a not connected netseg 816847&#xD;
 E3: E - CCID:002095:  check_net( 998865 (55-26-0-6d960) ): Net contains a not connected netseg 816821&#xD;
 E3: E - CCID:002095:  check_net( 998865 (55-26-0-6d960) ): Net contains a not connected netseg 816820&#xD;
 E3: E - CCID:002095:  check_net( 998865 (55-26-0-6d960) ): Net contains a not connected netseg 816823&#xD;
 E3: E - CCID:002095:  check_net( 998865 (55-26-0-6d960) ): Net contains a not connected netseg 913960&#xD;
 E3: E - CCID:002095:  check_net( 998865 (55-26-0-6d960) ): Net contains a not connected netseg 816846&#xD;
 E3: E - CCID:002095:  check_net( 998865 (55-26-0-6d960) ): Net contains a not connected netseg 816849&#xD;
 E3: E - CCID:002095:  check_net( 998865 (55-26-0-6d960) ): Net contains a not connected netseg 913958&#xD;
 E3: E - CCID:002095:  check_net( 998865 (55-26-0-6d960) ): Net contains a not connected netseg 816848&#xD;
 E3: E - CCID:002095:  check_net( 998865 (55-26-0-6d960) ): Net contains a not connected netseg 816908&#xD;
 E3: E - CCID:002095:  check_net( 998865 (55-26-0-6d960) ): Net contains a not connected netseg 817074&#xD;
 E3: E - CCID:002095:  check_net( 998865 (55-26-0-6d960) ): Net contains a not connected netseg 816902&#xD;
 E3: E - CCID:002095:  check_net( 998865 (55-26-0-6d960) ): Net contains a not connected netseg 913962&#xD;
 E3: E - CCID:002095:  check_net( 998865 (55-26-0-6d960) ): Net contains a not connected netseg 913965&#xD;
 E3: E - CCID:002095:  check_net( 998865 (55-26-0-6d960) ): Net contains a not connected netseg 816822&#xD;
 E3: E - CCID:002095:  check_net( 998865 (55-26-0-6d960) ): Net contains a not connected netseg 913970&#xD;
 E3: E - CCID:002095:  check_net( 998865 (55-26-0-6d960) ): Net contains a not connected netseg 913967&#xD;
 E3: E - CCID:002095:  check_net( 998865 (55-26-0-6d960) ): Net contains a not connected netseg 913977&#xD;
 E3: E - CCID:002095:  check_net( 998865 (55-26-0-6d960) ): Net contains a not connected netseg 816998&#xD;
 E3: E - CCID:002095:  check_net( 998865 (55-26-0-6d960) ): Net contains a not connected netseg 817053&#xD;
 E3: E - CCID:002095:  check_net( 998865 (55-26-0-6d960) ): Net contains a not connected netseg 817054&#xD;
 E3: E - CCID:002095:  check_net( 998865 (55-26-0-6d960) ): Net contains a not connected netseg 913974&#xD;
 E3: E - CCID:002095:  check_net( 998865 (55-26-0-6d960) ): Net contains a not connected netseg 816964&#xD;
 E3: E - CCID:002095:  check_net( 998865 (55-26-0-6d960) ): Net contains a not connected netseg 816963&#xD;
 E3: E - CCID:002095:  check_net( 998865 (55-26-0-6d960) ): Net contains a not connected netseg 913981&#xD;
 E3: E - CCID:002095:  check_net( 998865 (55-26-0-6d960) ): Net contains a not connected netseg 816965&#xD;
 E3: E - CCID:002095:  check_net( 998865 (55-26-0-6d960) ): Net contains a not connected netseg 816990&#xD;
 E3: E - CCID:002095:  check_net( 998865 (55-26-0-6d960) ): Net contains a not connected netseg 816968&#xD;
 E3: E - CCID:002095:  check_net( 998865 (55-26-0-6d960) ): Net contains a not connected netseg 816905&#xD;
 E3: E - CCID:002095:  check_net( 998865 (55-26-0-6d960) ): Net contains a not connected netseg 913998&#xD;
 E3: E - CCID:002095:  check_net( 998865 (55-26-0-6d960) ): Net contains a not connected netseg 913993&#xD;
 E3: E - CCID:002095:  check_net( 998865 (55-26-0-6d960) ): Net contains a not connected netseg 913996&#xD;
 E3: E - CCID:002095:  check_net( 998865 (55-26-0-6d960) ): Net contains a not connected netseg 816942&#xD;
 E3: E - CCID:002095:  check_net( 998865 (55-26-0-6d960) ): Net contains a not connected netseg 816962&#xD;
 E3: E - CCID:002095:  check_net( 998865 (55-26-0-6d960) ): Net contains a not connected netseg 913991&#xD;
 E3: E - CCID:002095:  check_net( 998865 (55-26-0-6d960) ): Net contains a not connected netseg 816966&#xD;
 E3: E - CCID:002095:  check_net( 998865 (55-26-0-6d960) ): Net contains a not connected netseg 816941&#xD;
 E3: E - CCID:002095:  check_net( 998865 (55-26-0-6d960) ): Net contains a not connected netseg 913984&#xD;
 E3: E - CCID:002095:  check_net( 998865 (55-26-0-6d960) ): Net contains a not connected netseg 816967&#xD;
 E3: E - CCID:002095:  check_net( 998865 (55-26-0-6d960) ): Net contains a not connected netseg 913989&#xD;
 E3: E - CCID:002095:  check_net( 998865 (55-26-0-6d960) ): Net contains a not connected netseg 913986&#xD;
 E3: E - CCID:002095:  check_net( 998865 (55-26-0-6d960) ): Net contains a not connected netseg 603733&#xD;
 E3: E - CCID:002095:  check_net( 998865 (55-26-0-6d960) ): Net contains a not connected netseg 817055&#xD;
 E3: E - CCID:002095:  check_net( 998865 (55-26-0-6d960) ): Net contains a not connected netseg 583096&#xD;
 E3: E - CCID:002095:  check_net( 998865 (55-26-0-6d960) ): Net contains a not connected netseg 583101&#xD;
 E3: E - CCID:002095:  check_net( 998865 (55-26-0-6d960) ): Net contains a not connected netseg 583104&#xD;
 E3: E - CCID:002095:  check_net( 998865 (55-26-0-6d960) ): Net contains a not connected netseg 583106&#xD;
 E3: E - CCID:002095:  check_net( 998865 (55-26-0-6d960) ): Net contains a not connected netseg 583109&#xD;
 E3: E - CCID:002095:  check_net( 998865 (55-26-0-6d960) ): Net contains a not connected netseg 532438&#xD;
 E3: E - CCID:002095:  check_net( 998865 (55-26-0-6d960) ): Net contains a not connected netseg 532434&#xD;
 E3: E - CCID:002095:  check_net( 998865 (55-26-0-6d960) ): Net contains a not connected netseg 583099&#xD;
 E3: E - CCID:002095:  check_net( 998865 (55-26-0-6d960) ): Net contains a not connected netseg 532436&#xD;
 E3: E - CCID:002095:  check_net( 998865 (55-26-0-6d960) ): Net contains a not connected netseg 532440&#xD;
 E3: E - CCID:002095:  check_net( 998865 (55-26-0-6d960) ): Net contains a not connected netseg 583111&#xD;
 E3: E - CCID:002095:  check_net( 998865 (55-26-0-6d960) ): Net contains a not connected netseg 583114&#xD;
 E3: E - CCID:002095:  check_net( 998865 (55-26-0-6d960) ): Net contains a not connected netseg 583117&#xD;
 E3: E - CCID:002095:  check_net( 998865 (55-26-0-6d960) ): Net contains a not connected netseg 583119&#xD;
 E3: E - CCID:002095:  check_net( 998865 (55-26-0-6d960) ): Net contains a not connected netseg 583121&#xD;
 E3: E - CCID:002095:  check_net( 998865 (55-26-0-6d960) ): Net contains a not connected netseg 583123&#xD;
 E3: E - CCID:002095:  check_net( 998865 (55-26-0-6d960) ): Net contains a not connected netseg 583126&#xD;
 E3: E - CCID:002095:  check_net( 998865 (55-26-0-6d960) ): Net contains a not connected netseg 520884&#xD;
 E3: E - CCID:002095:  check_net( 998865 (55-26-0-6d960) ): Net contains a not connected netseg 520889&#xD;
 E3: E - CCID:002095:  check_net( 998865 (55-26-0-6d960) ): Net contains a not connected netseg 520887&#xD;
 E3: E - CCID:002095:  check_net( 998865 (55-26-0-6d960) ): Net contains a not connected netseg 532442&#xD;
 E3: E - CCID:002095:  check_net( 998865 (55-26-0-6d960) ): Net contains a not connected netseg 532445&#xD;
 E3: E - CCID:002095:  check_net( 998865 (55-26-0-6d960) ): Net contains a not connected netseg 816813&#xD;
 E3: E - CCID:002095:  check_net( 998865 (55-26-0-6d960) ): Net contains a not connected netseg 816991&#xD;
 E3: E - CCID:002095:  check_net( 998865 (55-26-0-6d960) ): Net contains a not connected netseg 816812&#xD;
 E3: E - CCID:002095:  check_net( 998865 (55-26-0-6d960) ): Net contains a not connected netseg 520892&#xD;
 E3: E - CCID:002095:  check_net( 998865 (55-26-0-6d960) ): Net contains a not connected netseg 520895&#xD;
 E3: E - CCID:002095:  check_net( 998865 (55-26-0-6d960) ): Net contains a not connected netseg 603735&#xD;
 E3: E - CCID:002095:  check_net( 998865 (55-26-0-6d960) ): Net contains a not connected netseg 603738&#xD;
 E3: E - CCID:002095:  check_net( 998865 (55-26-0-6d960) ): Net contains a not connected netseg 520904&#xD;
 E3: E - CCID:002095:  check_net( 998865 (55-26-0-6d960) ): Net contains a not connected netseg 520907&#xD;
 E3: E - CCID:002095:  check_net( 998865 (55-26-0-6d960) ): Net contains a not connected netseg 520899&#xD;
 E3: E - CCID:002095:  check_net( 998865 (55-26-0-6d960) ): Net contains a not connected netseg 520902&#xD;
 E3: E - CCID:002095:  check_net( 998865 (55-26-0-6d960) ): Net contains a not connected netseg 816959&#xD;
 E3: E - CCID:002095:  check_net( 998865 (55-26-0-6d960) ): Net contains a not connected netseg 816958&#xD;
 E3: E - CCID:002095:  check_net( 998865 (55-26-0-6d960) ): Net contains a not connected netseg 532453&#xD;
 E3: E - CCID:002095:  check_net( 998865 (55-26-0-6d960) ): Net contains a not connected netseg 532451&#xD;
 E3: E - CCID:002095:  check_net( 998865 (55-26-0-6d960) ): Net contains a not connected netseg 816858&#xD;
 E3: E - CCID:002095:  check_net( 998865 (55-26-0-6d960) ): Net contains a not connected netseg 817060&#xD;
 E3: E - CCID:002095:  check_net( 998865 (55-26-0-6d960) ): Net contains a not connected netseg 816907&#xD;
 E3: E - CCID:002095:  check_net( 998865 (55-26-0-6d960) ): Net contains a not connected netseg 602378&#xD;
 E3: E - CCID:002095:  check_net( 998865 (55-26-0-6d960) ): Net contains a not connected netseg 816833&#xD;
 E3: E - CCID:002095:  check_net( 998865 (55-26-0-6d960) ): Net contains a not connected netseg 816978&#xD;
 E3: E - CCID:002095:  check_net( 998865 (55-26-0-6d960) ): Net contains a not connected netseg 816980&#xD;
 E3: E - CCID:002095:  check_net( 998865 (55-26-0-6d960) ): Net contains a not connected netseg 816979&#xD;
 E3: E - CCID:002095:  check_net( 998865 (55-26-0-6d960) ): Net contains a not connected netseg 816981&#xD;
 E3: E - CCID:002095:  check_net( 998865 (55-26-0-6d960) ): Net contains a not connected netseg 816982&#xD;
 E3: E - CCID:002095:  check_net( 998865 (55-26-0-6d960) ): Net contains a not connected netseg 816983&#xD;
 E3: E - CCID:002095:  check_net( 998865 (55-26-0-6d960) ): Net contains a not connected netseg 816945&#xD;
 E3: E - CCID:002095:  check_net( 998865 (55-26-0-6d960) ): Net contains a not connected netseg 816977&#xD;
 E3: E - CCID:002095:  check_net( 998865 (55-26-0-6d960) ): Net contains a not connected netseg 816874&#xD;
 E3: E - CCID:002095:  check_net( 998865 (55-26-0-6d960) ): Net contains a not connected netseg 902478&#xD;
 E3: E - CCID:002095:  check_net( 998865 (55-26-0-6d960) ): Net contains a not connected netseg 902475&#xD;
 E3: E - CCID:002095:  check_net( 998865 (55-26-0-6d960) ): Net contains a not connected netseg 590391&#xD;
 E3: E - CCID:002095:  check_net( 998865 (55-26-0-6d960) ): Net contains a not connected netseg 532455&#xD;
 E3: E - CCID:002095:  check_net( 998865 (55-26-0-6d960) ): Net contains a not connected netseg 532457&#xD;
 E3: E - CCID:002095:  check_net( 998865 (55-26-0-6d960) ): Net contains a not connected netseg 816997&#xD;
 E3: E - CCID:002095:  check_net( 998865 (55-26-0-6d960) ): Net contains a not connected netseg 738241&#xD;
 E3: E - CCID:002095:  check_net( 998865 (55-26-0-6d960) ): Net contains a not connected netseg 738245&#xD;
 E3: E - CCID:002095:  check_net( 998865 (55-26-0-6d960) ): Net contains a not connected netseg 738239&#xD;
 E3: E - CCID:002095:  check_net( 998865 (55-26-0-6d960) ): Net contains a not connected netseg 532429&#xD;
 E3: E - CCID:002095:  check_net( 998865 (55-26-0-6d960) ): Net contains a not connected netseg 738243&#xD;
 E3: E - CCID:002095:  check_net( 998865 (55-26-0-6d960) ): Net contains a not connected netseg 532432&#xD;
 E3: E - CCID:002095:  check_net( 998865 (55-26-0-6d960) ): Net contains a not connected netseg 532482&#xD;
 E3: E - CCID:002095:  check_net( 998865 (55-26-0-6d960) ): Net contains a not connected netseg 816922&#xD;
 E3: E - CCID:002095:  check_net( 998865 (55-26-0-6d960) ): Net contains a not connected netseg 816923&#xD;
 E3: E - CCID:002095:  check_net( 998865 (55-26-0-6d960) ): Net contains a not connected netseg 816924&#xD;
 E3: E - CCID:002095:  check_net( 998865 (55-26-0-6d960) ): Net contains a not connected netseg 816925&#xD;
 E3: E - CCID:002095:  check_net( 998865 (55-26-0-6d960) ): Net contains a not connected netseg 816988&#xD;
 E3: E - CCID:002095:  check_net( 998865 (55-26-0-6d960) ): Net contains a not connected netseg 816936&#xD;
 E3: E - CCID:002095:  check_net( 998865 (55-26-0-6d960) ): Net contains a not connected netseg 816875&#xD;
 E3: E - CCID:002095:  check_net( 998865 (55-26-0-6d960) ): Net contains a not connected netseg 816826&#xD;
 E3: E - CCID:002095:  check_net( 998865 (55-26-0-6d960) ): Net contains a not connected netseg 816804&#xD;
 E3: E - CCID:002095:  check_net( 998865 (55-26-0-6d960) ): Net contains a not connected netseg 816903&#xD;
 E3: E - CCID:002095:  check_net( 998865 (55-26-0-6d960) ): Net contains a not connected netseg 532488&#xD;
 E3: E - CCID:002095:  check_net( 998865 (55-26-0-6d960) ): Net contains a not connected netseg 816994&#xD;
 E3: E - CCID:002095:  check_net( 998865 (55-26-0-6d960) ): Net contains a not connected netseg 816995&#xD;
 E3: E - CCID:002095:  check_net( 998865 (55-26-0-6d960) ): Net contains a not connected netseg 816996&#xD;
 E3: E - CCID:002095:  check_net( 998865 (55-26-0-6d960) ): Net contains a not connected netseg 816993&#xD;
 E3: E - CCID:002095:  check_net( 998865 (55-26-0-6d960) ): Net contains a not connected netseg 816876&#xD;
 E3: E - CCID:002095:  check_net( 998865 (55-26-0-6d960) ): Net contains a not connected netseg 816985&#xD;
 E3: E - CCID:002095:  check_net( 998865 (55-26-0-6d960) ): Net contains a not connected netseg 816984&#xD;
 E3: E - CCID:002095:  check_net( 998865 (55-26-0-6d960) ): Net contains a not connected netseg 816873&#xD;
 E3: E - CCID:002095:  check_net( 998865 (55-26-0-6d960) ): Net contains a not connected netseg 902470&#xD;
 E3: E - CCID:002095:  check_net( 998865 (55-26-0-6d960) ): Net contains a not connected netseg 902473&#xD;
 E3: E - CCID:002095:  check_net( 998865 (55-26-0-6d960) ): Net contains a not connected netseg 902467&#xD;
 E3: E - CCID:002095:  check_net( 998865 (55-26-0-6d960) ): Net contains a not connected netseg 532485&#xD;
 E3: E - CCID:002095:  check_net( 998865 (55-26-0-6d960) ): Net contains a not connected netseg 902464&#xD;
 E3: E - CCID:002095:  check_net( 998865 (55-26-0-6d960) ): Net contains a not connected netseg 816986&#xD;
 E3: E - CCID:002095:  check_net( 998865 (55-26-0-6d960) ): Net contains a not connected netseg 816904&#xD;
 E3: E - CCID:002095:  check_net( 998865 (55-26-0-6d960) ): Net contains a not connected netseg 913940&#xD;
 E3: E - CCID:002095:  check_net( 998865 (55-26-0-6d960) ): Net contains a not connected netseg 913937&#xD;
 E3: E - CCID:002095:  check_net( 998865 (55-26-0-6d960) ): Net contains a not connected netseg 816976&#xD;
 E3: E - CCID:002095:  check_net( 998865 (55-26-0-6d960) ): Net contains a not connected netseg 817015&#xD;
 E3: E - CCID:002095:  check_net( 998865 (55-26-0-6d960) ): Net contains a not connected netseg 817017&#xD;
 E3: E - CCID:002095:  check_net( 998865 (55-26-0-6d960) ): Net contains a not connected netseg 816992&#xD;
 E3: E - CCID:002095:  check_net( 998865 (55-26-0-6d960) ): Net contains a not connected netseg 532522&#xD;
 E3: E - CCID:002095:  check_net( 998865 (55-26-0-6d960) ): Net contains a not connected netseg 532520&#xD;
 E3: E - CCID:002095:  check_net( 998865 (55-26-0-6d960) ): Net contains a not connected netseg 817038&#xD;
 E3: E - CCID:002095:  check_net( 998865 (55-26-0-6d960) ): Net contains a not connected netseg 816865&#xD;
 E3: E - CCID:002095:  check_net( 998865 (55-26-0-6d960) ): Net contains a not connected netseg 816937&#xD;
 E3: E - CCID:002095:  check_net( 998865 (55-26-0-6d960) ): Net contains a not connected netseg 816935&#xD;
 E3: E - CCID:002095:  check_net( 998865 (55-26-0-6d960) ): Net contains a not connected netseg 816884&#xD;
 E3: E - CCID:002095:  check_net( 998865 (55-26-0-6d960) ): Net contains a not connected netseg 816934&#xD;
 E3: E - CCID:002095:  check_net( 998865 (55-26-0-6d960) ): Net contains a not connected netseg 816824&#xD;
 E3: E - CCID:002095:  check_net( 998865 (55-26-0-6d960) ): Net contains a not connected netseg 816929&#xD;
 E3: E - CCID:002095:  check_net( 998865 (55-26-0-6d960) ): Net contains a not connected netseg 816880&#xD;
 E3: E - CCID:002095:  check_net( 998865 (55-26-0-6d960) ): Net contains a not connected netseg 816889&#xD;
 E3: E - CCID:002095:  check_net( 998865 (55-26-0-6d960) ): Net contains a not connected netseg 816834&#xD;
 E3: E - CCID:002095:  check_net( 998865 (55-26-0-6d960) ): Net contains a not connected netseg 816881&#xD;
 E3: E - CCID:002095:  check_net( 998865 (55-26-0-6d960) ): Net contains a not connected netseg 738216&#xD;
 E3: E - CCID:002095:  check_net( 998865 (55-26-0-6d960) ): Net contains a not connected netseg 816829&#xD;
 E3: E - CCID:002095:  check_net( 998865 (55-26-0-6d960) ): Net contains a not connected netseg 817034&#xD;
 E3: E - CCID:002095:  check_net( 998865 (55-26-0-6d960) ): Net contains a not connected netseg 817033&#xD;
 E3: E - CCID:002095:  check_net( 998865 (55-26-0-6d960) ): Net contains a not connected netseg 816951&#xD;
 E3: E - CCID:002095:  check_net( 998865 (55-26-0-6d960) ): Net contains a not connected netseg 816886&#xD;
 E3: E - CCID:002095:  check_net( 998865 (55-26-0-6d960) ): Net contains a not connected netseg 816885&#xD;
 E3: E - CCID:002095:  check_net( 998865 (55-26-0-6d960) ): Net contains a not connected netseg 816817&#xD;
 E3: E - CCID:002095:  check_net( 998865 (55-26-0-6d960) ): Net contains a not connected netseg 632522&#xD;
 E3: E - CCID:002095:  check_net( 998865 (55-26-0-6d960) ): Net contains a not connected netseg 816818&#xD;
 E3: E - CCID:002095:  check_net( 998865 (55-26-0-6d960) ): Net contains a not connected netseg 632524&#xD;
 E3: E - CCID:002095:  check_net( 998865 (55-26-0-6d960) ): Net contains a not connected netseg 632527&#xD;
 E3: E - CCID:002095:  check_net( 998865 (55-26-0-6d960) ): Net contains a not connected netseg 816887&#xD;
 E3: E - CCID:002095:  check_net( 998865 (55-26-0-6d960) ): Net contains a not connected netseg 816888&#xD;
 E3: E - CCID:002095:  check_net( 998865 (55-26-0-6d960) ): Net contains a not connected netseg 816830&#xD;
 E3: E - CCID:002095:  check_net( 998865 (55-26-0-6d960) ): Net contains a not connected netseg 817028&#xD;
 E3: E - CCID:002095:  check_net( 998865 (55-26-0-6d960) ): Net contains a not connected netseg 817029&#xD;
 E3: E - CCID:002095:  check_net( 998865 (55-26-0-6d960) ): Net contains a not connected netseg 816931&#xD;
 E3: E - CCID:002095:  check_net( 998865 (55-26-0-6d960) ): Net contains a not connected netseg 816850&#xD;
 E3: E - CCID:002095:  check_net( 998865 (55-26-0-6d960) ): Net contains a not connected netseg 816895&#xD;
 E3: E - CCID:002095:  check_net( 998865 (55-26-0-6d960) ): Net contains a not connected netseg 532512&#xD;
 E3: E - CCID:002095:  check_net( 998865 (55-26-0-6d960) ): Net contains a not connected netseg 816999&#xD;
 E3: E - CCID:002095:  check_net( 998865 (55-26-0-6d960) ): Net contains a not connected netseg 817025&#xD;
 E3: E - CCID:002095:  check_net( 998865 (55-26-0-6d960) ): Net contains a not connected netseg 817024&#xD;
 E3: E - CCID:002095:  check_net( 998865 (55-26-0-6d960) ): Net contains a not connected netseg 816851&#xD;
 E3: E - CCID:002095:  check_net( 998865 (55-26-0-6d960) ): Net contains a not connected netseg 816897&#xD;
 E3: E - CCID:002095:  check_net( 998865 (55-26-0-6d960) ): Net contains a not connected netseg 701941&#xD;
 E3: E - CCID:002095:  check_net( 998865 (55-26-0-6d960) ): Net contains a not connected netseg 701943&#xD;
 E3: E - CCID:002095:  check_net( 998865 (55-26-0-6d960) ): Net contains a not connected netseg 701946&#xD;
 E3: E - CCID:002095:  check_net( 998865 (55-26-0-6d960) ): Net contains a not connected netseg 701948&#xD;
 E3: E - CCID:002095:  check_net( 998865 (55-26-0-6d960) ): Net contains a not connected netseg 816898&#xD;
 E3: E - CCID:002095:  check_net( 998865 (55-26-0-6d960) ): Net contains a not connected netseg 590355&#xD;
 E3: E - CCID:002095:  check_net( 998865 (55-26-0-6d960) ): Net contains a not connected netseg 817000&#xD;
 E3: E - CCID:002095:  check_net( 998865 (55-26-0-6d960) ): Net contains a not connected netseg 817001&#xD;
 E3: E - CCID:002095:  check_net( 998865 (55-26-0-6d960) ): Net contains a not connected netseg 532507&#xD;
 E3: E - CCID:002095:  check_net( 998865 (55-26-0-6d960) ): Net contains a not connected netseg 816896&#xD;
 E3: E - CCID:002095:  check_net( 998865 (55-26-0-6d960) ): Net contains a not connected netseg 817014&#xD;
 E3: E - CCID:002095:  check_net( 998865 (55-26-0-6d960) ): Net contains a not connected netseg 532500&#xD;
 E3: E - CCID:002095:  check_net( 998865 (55-26-0-6d960) ): Net contains a not connected netseg 816852&#xD;
 E3: E - CCID:002095:  check_net( 998865 (55-26-0-6d960) ): Net contains a not connected netseg 701927&#xD;
 E3: E - CCID:002095:  check_net( 998865 (55-26-0-6d960) ): Net contains a not connected netseg 701930&#xD;
 E3: E - CCID:002095:  check_net( 998865 (55-26-0-6d960) ): Net contains a not connected netseg 701939&#xD;
 E3: E - CCID:002095:  check_net( 998865 (55-26-0-6d960) ): Net contains a not connected netseg 701937&#xD;
 E3: E - CCID:002095:  check_net( 998865 (55-26-0-6d960) ): Net contains a not connected netseg 701932&#xD;
 E3: E - CCID:002095:  check_net( 998865 (55-26-0-6d960) ): Net contains a not connected netseg 701935&#xD;
 E3: E - CCID:002095:  check_net( 998865 (55-26-0-6d960) ): Net contains a not connected netseg 532498&#xD;
 E3: E - CCID:002095:  check_net( 998865 (55-26-0-6d960) ): Net contains a not connected netseg 532490&#xD;
 E3: E - CCID:002095:  check_net( 998865 (55-26-0-6d960) ): Net contains a not connected netseg 532492&#xD;
 E3: E - CCID:002095:  check_net( 998865 (55-26-0-6d960) ): Net contains a not connected netseg 816853&#xD;
 E3: E - CCID:002095:  check_net( 998865 (55-26-0-6d960) ): Net contains a not connected netseg 816854&#xD;
 E3: E - CCID:002095:  check_net( 998865 (55-26-0-6d960) ): Net contains a not connected netseg 817021&#xD;
 E3: E - CCID:002095:  check_net( 998865 (55-26-0-6d960) ): Net contains a not connected netseg 602388&#xD;
 E3: E - CCID:002095:  check_net( 998865 (55-26-0-6d960) ): Net contains a not connected netseg 816899&#xD;
 E3: E - CCID:002095:  check_net( 998865 (55-26-0-6d960) ): Net contains a not connected netseg 816855&#xD;
 E3: E - CCID:002095:  check_net( 998865 (55-26-0-6d960) ): Net contains a not connected netseg 661524&#xD;
 E3: E - CCID:002095:  check_net( 998865 (55-26-0-6d960) ): Net contains a not connected netseg 661526&#xD;
 E3: E - CCID:002095:  check_net( 998865 (55-26-0-6d960) ): Net contains a not connected netseg 661528&#xD;
 E3: E - CCID:002095:  check_net( 998865 (55-26-0-6d960) ): Net contains a not connected netseg 602386&#xD;
 E3: E - CCID:002095:  check_net( 998865 (55-26-0-6d960) ): Net contains a not connected netseg 661533&#xD;
 E3: E - CCID:002095:  check_net( 998865 (55-26-0-6d960) ): Net contains a not connected netseg 661530&#xD;
 E3: E - CCID:002095:  check_net( 998865 (55-26-0-6d960) ): Net contains a not connected netseg 661537&#xD;
 E3: E - CCID:002095:  check_net( 998865 (55-26-0-6d960) ): Net contains a not connected netseg 816989&#xD;
 E3: E - CCID:002095:  check_net( 998865 (55-26-0-6d960) ): Net contains a not connected netseg 817061&#xD;
 E3: E - CCID:002095:  check_net( 998865 (55-26-0-6d960) ): Net contains a not connected netseg 816864&#xD;
 E3: E - CCID:002095:  check_net( 998865 (55-26-0-6d960) ): Net contains a not connected netseg 817062&#xD;
 E3: E - CCID:002095:  check_net( 998865 (55-26-0-6d960) ): Net contains a not connected netseg 817071&#xD;
 E3: E - CCID:002095:  check_net( 998865 (55-26-0-6d960) ): Net contains a not connected netseg 817072&#xD;
 E3: E - CCID:002095:  check_net( 998865 (55-26-0-6d960) ): Net contains a not connected netseg 602409&#xD;
 E3: E - CCID:002095:  check_net( 998865 (55-26-0-6d960) ): Net contains a not connected netseg 602412&#xD;
 E3: E - CCID:002095:  check_net( 998865 (55-26-0-6d960) ): Net contains a not connected netseg 602414&#xD;
 E3: E - CCID:002095:  check_net( 998865 (55-26-0-6d960) ): Net contains a not connected netseg 701870&#xD;
 E3: E - CCID:002095:  check_net( 998865 (55-26-0-6d960) ): Net contains a not connected netseg 602417&#xD;
 E3: E - CCID:002095:  check_net( 998865 (55-26-0-6d960) ): Net contains a not connected netseg 532479&#xD;
 E3: E - CCID:002095:  check_net( 998865 (55-26-0-6d960) ): Net contains a not connected netseg 602419&#xD;
 E3: E - CCID:002095:  check_net( 998865 (55-26-0-6d960) ): Net contains a not connected netseg 602422&#xD;
 E3: E - CCID:002095:  check_net( 998865 (55-26-0-6d960) ): Net contains a not connected netseg 701872&#xD;
 E3: E - CCID:002095:  check_net( 998865 (55-26-0-6d960) ): Net contains a not connected netseg 602390&#xD;
 E3: E - CCID:002095:  check_net( 998865 (55-26-0-6d960) ): Net contains a not connected netseg 602392&#xD;
 E3: E - CCID:002095:  check_net( 998865 (55-26-0-6d960) ): Net contains a not connected netseg 602395&#xD;
 E3: E - CCID:002095:  check_net( 998865 (55-26-0-6d960) ): Net contains a not connected netseg 602397&#xD;
 E3: E - CCID:002095:  check_net( 998865 (55-26-0-6d960) ): Net contains a not connected netseg 602400&#xD;
 E3: E - CCID:002095:  check_net( 998865 (55-26-0-6d960) ): Net contains a not connected netseg 602402&#xD;
 E3: E - CCID:002095:  check_net( 998865 (55-26-0-6d960) ): Net contains a not connected netseg 602404&#xD;
 E3: E - CCID:002095:  check_net( 998865 (55-26-0-6d960) ): Net contains a not connected netseg 602407&#xD;
 E3: E - CCID:002095:  check_net( 998865 (55-26-0-6d960) ): Net contains a not connected netseg 817042&#xD;
 E3: E - CCID:002095:  check_net( 998865 (55-26-0-6d960) ): Net contains a not connected netseg 701879&#xD;
 E3: E - CCID:002095:  check_net( 998865 (55-26-0-6d960) ): Net contains a not connected netseg 701876&#xD;
 E3: E - CCID:002095:  check_net( 998865 (55-26-0-6d960) ): Net contains a not connected netseg 817008&#xD;
 E3: E - CCID:002095:  check_net( 998865 (55-26-0-6d960) ): Net contains a not connected netseg 817009&#xD;
 E3: E - CCID:002095:  check_net( 998865 (55-26-0-6d960) ): Net contains a not connected netseg 816972&#xD;
 E3: E - CCID:002095:  check_net( 998865 (55-26-0-6d960) ): Net contains a not connected netseg 817073&#xD;
 E3: E - CCID:002095:  check_net( 998865 (55-26-0-6d960) ): Net contains a not connected netseg 817007&#xD;
 E3: E - CCID:002095:  check_net( 998865 (55-26-0-6d960) ): Net contains a not connected netseg 816803&#xD;
 E3: E - CCID:002095:  check_net( 998865 (55-26-0-6d960) ): Net contains a not connected netseg 817011&#xD;
 E3: E - CCID:002095:  check_net( 998865 (55-26-0-6d960) ): Net contains a not connected netseg 817010&#xD;
 E3: E - CCID:002095:  check_net( 998865 (55-26-0-6d960) ): Net contains a not connected netseg 817012&#xD;
 E3: E - CCID:002095:  check_net( 998865 (55-26-0-6d960) ): Net contains a not connected netseg 817022&#xD;
 E3: E - CCID:002095:  check_net( 998865 (55-26-0-6d960) ): Net contains a not connected netseg 817023&#xD;
 E3: E - CCID:002095:  check_net( 998865 (55-26-0-6d960) ): Net contains a not connected netseg 701924&#xD;
 E3: E - CCID:002095:  check_net( 998865 (55-26-0-6d960) ): Net contains a not connected netseg 816943&#xD;
 E3: E - CCID:002095:  check_net( 998865 (55-26-0-6d960) ): Net contains a not connected netseg 817013&#xD;
 E3: E - CCID:002095:  check_net( 998865 (55-26-0-6d960) ): Net contains a not connected netseg 816973&#xD;
 E3: E - CCID:002095:  check_net( 998865 (55-26-0-6d960) ): Net contains a not connected netseg 701919&#xD;
 E3: E - CCID:002095:  check_net( 998865 (55-26-0-6d960) ): Net contains a not connected netseg 701922&#xD;
 E3: E - CCID:002095:  check_net( 998865 (55-26-0-6d960) ): Net contains a not connected netseg 632505&#xD;
 E3: E - CCID:002095:  check_net( 998865 (55-26-0-6d960) ): Net contains a not connected netseg 632508&#xD;
 E3: E - CCID:002095:  check_net( 998865 (55-26-0-6d960) ): Net contains a not connected netseg 701908&#xD;
 E3: E - CCID:002095:  check_net( 998865 (55-26-0-6d960) ): Net contains a not connected netseg 701911&#xD;
 E3: E - CCID:002095:  check_net( 998865 (55-26-0-6d960) ): Net contains a not connected netseg 701913&#xD;
 E3: E - CCID:002095:  check_net( 998865 (55-26-0-6d960) ): Net contains a not connected netseg 701916&#xD;
 E3: E - CCID:002095:  check_net( 998865 (55-26-0-6d960) ): Net contains a not connected netseg 603750&#xD;
 E3: E - CCID:002095:  check_net( 998865 (55-26-0-6d960) ): Net contains a not connected netseg 603753&#xD;
 E3: E - CCID:002095:  check_net( 998865 (55-26-0-6d960) ): Net contains a not connected netseg 701894&#xD;
 E3: E - CCID:002095:  check_net( 998865 (55-26-0-6d960) ): Net contains a not connected netseg 701897&#xD;
 E3: E - CCID:002095:  check_net( 998865 (55-26-0-6d960) ): Net contains a not connected netseg 701899&#xD;
 E3: E - CCID:002095:  check_net( 998865 (55-26-0-6d960) ): Net contains a not connected netseg 701901&#xD;
 E3: E - CCID:002095:  check_net( 998865 (55-26-0-6d960) ): Net contains a not connected netseg 701904&#xD;
 E3: E - CCID:002095:  check_net( 998865 (55-26-0-6d960) ): Net contains a not connected netseg 701881&#xD;
 E3: E - CCID:002095:  check_net( 998865 (55-26-0-6d960) ): Net contains a not connected netseg 701884&#xD;
 E3: E - CCID:002095:  check_net( 998865 (55-26-0-6d960) ): Net contains a not connected netseg 701887&#xD;
 E3: E - CCID:002095:  check_net( 998865 (55-26-0-6d960) ): Net contains a not connected netseg 701889&#xD;
 E3: E - CCID:002095:  check_net( 998865 (55-26-0-6d960) ): Net contains a not connected netseg 701892&#xD;
 E3: E - CCID:002095:  check_net( 998865 (55-26-0-6d960) ): Net contains a not connected netseg 532496&#xD;
 E3: E - CCID:002095:  check_net( 998865 (55-26-0-6d960) ): Net contains a not connected netseg 532494&#xD;
 E3: E - CCID:002095:  check_net( 998865 (55-26-0-6d960) ): Net contains a not connected netseg 532503&#xD;
 E3: E - CCID:002095:  check_net( 998865 (55-26-0-6d960) ): Net contains a not connected netseg 532505&#xD;
 E3: E - CCID:002095:  check_net( 998865 (55-26-0-6d960) ): Net contains a not connected netseg 817063&#xD;
 E3: E - CCID:002095:  check_net( 998865 (55-26-0-6d960) ): Net contains a not connected netseg 532509&#xD;
 E3: E - CCID:002095:  check_net( 998865 (55-26-0-6d960) ): Net contains a not connected netseg 817027&#xD;
 E3: E - CCID:002095:  check_net( 998865 (55-26-0-6d960) ): Net contains a not connected netseg 817026&#xD;
 E3: E - CCID:002095:  check_net( 998865 (55-26-0-6d960) ): Net contains a not connected netseg 532514&#xD;
 E3: E - CCID:002095:  check_net( 998865 (55-26-0-6d960) ): Net contains a not connected netseg 532518&#xD;
 E3: E - CCID:002095:  check_net( 998865 (55-26-0-6d960) ): Net contains a not connected netseg 532516&#xD;
 E3: E - CCID:002095:  check_net( 998865 (55-26-0-6d960) ): Net contains a not connected netseg 738201&#xD;
 E3: E - CCID:002095:  check_net( 998865 (55-26-0-6d960) ): Net contains a not connected netseg 738204&#xD;
 E3: E - CCID:002095:  check_net( 998865 (55-26-0-6d960) ): Net contains a not connected netseg 816933&#xD;
 E3: E - CCID:002095:  check_net( 998865 (55-26-0-6d960) ): Net contains a not connected netseg 816932&#xD;
 E3: E - CCID:002095:  check_net( 998865 (55-26-0-6d960) ): Net contains a not connected netseg 817032&#xD;
 E3: E - CCID:002095:  check_net( 998865 (55-26-0-6d960) ): Net contains a not connected netseg 817031&#xD;
 E3: E - CCID:002095:  check_net( 998865 (55-26-0-6d960) ): Net contains a not connected netseg 817030&#xD;
 E3: E - CCID:002095:  check_net( 998865 (55-26-0-6d960) ): Net contains a not connected netseg 816953&#xD;
 E3: E - CCID:002095:  check_net( 998865 (55-26-0-6d960) ): Net contains a not connected netseg 816954&#xD;
 E3: E - CCID:002095:  check_net( 998865 (55-26-0-6d960) ): Net contains a not connected netseg 816952&#xD;
 E3: E - CCID:002095:  check_net( 998865 (55-26-0-6d960) ): Net contains a not connected netseg 816919&#xD;
 E3: E - CCID:002095:  check_net( 998865 (55-26-0-6d960) ): Net contains a not connected netseg 738214&#xD;
 E3: E - CCID:002095:  check_net( 998865 (55-26-0-6d960) ): Net contains a not connected netseg 738211&#xD;
 E3: E - CCID:002095:  check_net( 998865 (55-26-0-6d960) ): Net contains a not connected netseg 816955&#xD;
 E3: E - CCID:002095:  check_net( 998865 (55-26-0-6d960) ): Net contains a not connected netseg 816956&#xD;
 E3: E - CCID:002095:  check_net( 998865 (55-26-0-6d960) ): Net contains a not connected netseg 632515&#xD;
 E3: E - CCID:002095:  check_net( 998865 (55-26-0-6d960) ): Net contains a not connected netseg 632520&#xD;
 E3: E - CCID:002095:  check_net( 998865 (55-26-0-6d960) ): Net contains a not connected netseg 632517&#xD;
 E3: E - CCID:002095:  check_net( 998865 (55-26-0-6d960) ): Net contains a not connected netseg 738207&#xD;
 E3: E - CCID:002095:  check_net( 998865 (55-26-0-6d960) ): Net contains a not connected netseg 738209&#xD;
 E3: E - CCID:002095:  check_net( 998865 (55-26-0-6d960) ): Net contains a not connected netseg 632510&#xD;
 E3: E - CCID:002095:  check_net( 998865 (55-26-0-6d960) ): Net contains a not connected netseg 632513&#xD;
 E3: E - CCID:002095:  check_net( 998865 (55-26-0-6d960) ): Net contains a not connected netseg 817037&#xD;
 E3: E - CCID:002095:  check_net( 998865 (55-26-0-6d960) ): Net contains a not connected netseg 817036&#xD;
 E3: E - CCID:002095:  check_net( 998865 (55-26-0-6d960) ): Net contains a not connected netseg 817035&#xD;
 E3: E - CCID:002095:  check_net( 998865 (55-26-0-6d960) ): Net contains a not connected netseg 738218&#xD;
 E3: E - CCID:002095:  check_net( 998865 (55-26-0-6d960) ): Net contains a not connected netseg 738221&#xD;
 E3: E - CCID:002095:  check_net( 998865 (55-26-0-6d960) ): Net contains a not connected netseg 590368&#xD;
 E3: E - CCID:002095:  check_net( 998865 (55-26-0-6d960) ): Net contains a not connected netseg 817040&#xD;
 E3: E - CCID:002095:  check_net( 998865 (55-26-0-6d960) ): Net contains a not connected netseg 817041&#xD;
 E3: E - CCID:002095:  check_net( 998865 (55-26-0-6d960) ): Net contains a not connected netseg 590372&#xD;
 E3: E - CCID:002095:  check_net( 998865 (55-26-0-6d960) ): Net contains a not connected netseg 816882&#xD;
 E3: E - CCID:002095:  check_net( 998865 (55-26-0-6d960) ): Net contains a not connected netseg 816883&#xD;
 E3: E - CCID:002095:  check_net( 998865 (55-26-0-6d960) ): Net contains a not connected netseg 816879&#xD;
 E3: E - CCID:002095:  check_net( 998865 (55-26-0-6d960) ): Net contains a not connected netseg 817043&#xD;
 E3: E - CCID:002095:  check_net( 998865 (55-26-0-6d960) ): Net contains a not connected netseg 817044&#xD;
 E3: E - CCID:002095:  check_net( 998865 (55-26-0-6d960) ): Net contains a not connected netseg 817045&#xD;
 E3: E - CCID:002095:  check_net( 998865 (55-26-0-6d960) ): Net contains a not connected netseg 817064&#xD;
 E3: E - CCID:002095:  check_net( 998865 (55-26-0-6d960) ): Net contains a not connected netseg 816828&#xD;
 E3: E - CCID:002095:  check_net( 998865 (55-26-0-6d960) ): Net contains a not connected netseg 590380&#xD;
 E3: E - CCID:002095:  check_net( 998865 (55-26-0-6d960) ): Net contains a not connected netseg 817066&#xD;
 E3: E - CCID:002095:  check_net( 998865 (55-26-0-6d960) ): Net contains a not connected netseg 817065&#xD;
 E3: E - CCID:002095:  check_net( 998865 (55-26-0-6d960) ): Net contains a not connected netseg 817049&#xD;
 E3: E - CCID:002095:  check_net( 998865 (55-26-0-6d960) ): Net contains a not connected netseg 816819&#xD;
 E3: E - CCID:002095:  check_net( 998865 (55-26-0-6d960) ): Net contains a not connected netseg 816890&#xD;
 E3: E - CCID:002095:  check_net( 998865 (55-26-0-6d960) ): Net contains a not connected netseg 816801&#xD;
 E3: E - CCID:002095:  check_net( 998865 (55-26-0-6d960) ): Net contains a not connected netseg 816802&#xD;
 E3: E - CCID:002095:  check_net( 998865 (55-26-0-6d960) ): Net contains a not connected netseg 816918&#xD;
 E3: E - CCID:002095:  check_net( 998865 (55-26-0-6d960) ): Net contains a not connected netseg 816807&#xD;
 E3: E - CCID:002095:  check_net( 998865 (55-26-0-6d960) ): Net contains a not connected netseg 817052&#xD;
 E3: E - CCID:002095:  check_net( 998865 (55-26-0-6d960) ): Net contains a not connected netseg 590384&#xD;
 E3: E - CCID:002095:  check_net( 998865 (55-26-0-6d960) ): Net contains a not connected netseg 817069&#xD;
 E3: E - CCID:002095:  check_net( 998865 (55-26-0-6d960) ): Net contains a not connected netseg 816878&#xD;
 E3: E - CCID:002095:  check_net( 998865 (55-26-0-6d960) ): Net contains a not connected netseg 817070&#xD;
 E3: E - CCID:002095:  check_net( 998865 (55-26-0-6d960) ): Net contains a not connected netseg 816831&#xD;
 E3: E - CCID:002095:  check_net( 998865 (55-26-0-6d960) ): Net contains a not connected netseg 816920&#xD;
 E3: E - CCID:002095:  check_net( 998865 (55-26-0-6d960) ): Net contains a not connected netseg 816910&#xD;
 E3: E - CCID:002095:  check_net( 998865 (55-26-0-6d960) ): Net contains a not connected netseg 816911&#xD;
 E3: E - CCID:002095:  check_net( 998865 (55-26-0-6d960) ): Net contains a not connected netseg 816949&#xD;
 E3: E - CCID:002095:  check_net( 998865 (55-26-0-6d960) ): Net contains a not connected netseg 817076&#xD;
 E3: E - CCID:002095:  check_net( 998865 (55-26-0-6d960) ): Net contains a not connected netseg 817075&#xD;
 E3: E - CCID:002095:  check_net( 998865 (55-26-0-6d960) ): Net contains a not connected netseg 816921&#xD;
 E3: E - CCID:002095:  check_net( 998865 (55-26-0-6d960) ): Net contains a not connected netseg 816866&#xD;
 E3: E - CCID:002095:  check_net( 998865 (55-26-0-6d960) ): Net contains a not connected netseg 816894&#xD;
 E3: E - CCID:002095:  check_net( 998865 (55-26-0-6d960) ): Net contains a not connected netseg 816948&#xD;
 E3: E - CCID:002095:  check_net( 998865 (55-26-0-6d960) ): Net contains a not connected netseg 816891&#xD;
 E3: E - CCID:002095:  check_net( 998865 (55-26-0-6d960) ): Net contains a not connected netseg 816893&#xD;
 E3: E - CCID:002095:  check_net( 998865 (55-26-0-6d960) ): Net contains a not connected netseg 816947&#xD;
 E3: E - CCID:002095:  check_net( 998865 (55-26-0-6d960) ): Net contains a not connected netseg 816892&#xD;
 E3: E - CCID:002095:  check_net( 998865 (55-26-0-6d960) ): Net contains a not connected netseg 816975&#xD;
 E3: E - CCID:002095:  check_net( 998865 (55-26-0-6d960) ): Net contains a not connected netseg 816974&#xD;
 E3: E - CCID:002095:  check_net( 998865 (55-26-0-6d960) ): Net contains a not connected netseg 817050&#xD;
 E3: E - CCID:002095:  check_net( 998865 (55-26-0-6d960) ): Net contains a not connected netseg 817051&#xD;
 E3: E - CCID:002095:  check_net( 998865 (55-26-0-6d960) ): Net contains a not connected netseg 817067&#xD;
 E3: E - CCID:002095:  check_net( 998865 (55-26-0-6d960) ): Net contains a not connected netseg 817068&#xD;
 E3: E - CCID:002095:  check_net( 998865 (55-26-0-6d960) ): Net contains a not connected netseg 590382&#xD;
 E3: E - CCID:002095:  check_net( 998865 (55-26-0-6d960) ): Net contains a not connected netseg 590378&#xD;
 E3: E - CCID:002095:  check_net( 998865 (55-26-0-6d960) ): Net contains a not connected netseg 590376&#xD;
 E3: E - CCID:002095:  check_net( 998865 (55-26-0-6d960) ): Net contains a not connected netseg 817046&#xD;
 E3: E - CCID:002095:  check_net( 998865 (55-26-0-6d960) ): Net contains a not connected netseg 817047&#xD;
 E3: E - CCID:002095:  check_net( 998865 (55-26-0-6d960) ): Net contains a not connected netseg 817048&#xD;
 E3: E - CCID:002095:  check_net( 998865 (55-26-0-6d960) ): Net contains a not connected netseg 816835&#xD;
 E3: E - CCID:002095:  check_net( 998865 (55-26-0-6d960) ): Net contains a not connected netseg 816950&#xD;
 E3: E - CCID:002095:  check_net( 998865 (55-26-0-6d960) ): Net contains a not connected netseg 590374&#xD;
 E3: E - CCID:002095:  check_net( 998865 (55-26-0-6d960) ): Net contains a not connected netseg 590370&#xD;
 E3: E - CCID:002095:  check_net( 998865 (55-26-0-6d960) ): Net contains a not connected netseg 816926&#xD;
 E3: E - CCID:002095:  check_net( 998865 (55-26-0-6d960) ): Net contains a not connected netseg 816927&#xD;
 E3: E - CCID:002095:  check_net( 998865 (55-26-0-6d960) ): Net contains a not connected netseg 816928&#xD;
 E3: E - CCID:002095:  check_net( 998865 (55-26-0-6d960) ): Net contains a not connected netseg 590364&#xD;
 E3: E - CCID:002095:  check_net( 998865 (55-26-0-6d960) ): Net contains a not connected netseg 590366&#xD;
 E3: E - CCID:002095:  check_net( 998865 (55-26-0-6d960) ): Net contains a not connected netseg 590361&#xD;
 E3: E - CCID:002095:  check_net( 998865 (55-26-0-6d960) ): Net contains a not connected netseg 816825&#xD;
 E3: E - CCID:002095:  check_net( 998865 (55-26-0-6d960) ): Net contains a not connected netseg 816930&#xD;
 E3: E - CCID:002095:  check_net( 998865 (55-26-0-6d960) ): Net contains a not connected netseg 590358&#xD;
 E3: E - CCID:002095:  check_net( 998865 (55-26-0-6d960) ): Net contains a not connected netseg 738224&#xD;
 E3: E - CCID:002095:  check_net( 998865 (55-26-0-6d960) ): Net contains a not connected netseg 738229&#xD;
 E3: E - CCID:002095:  check_net( 998865 (55-26-0-6d960) ): Net contains a not connected netseg 738227&#xD;
 E3: E - CCID:002095:  check_net( 998865 (55-26-0-6d960) ): Net contains a not connected netseg 738231&#xD;
 E3: E - CCID:002095:  check_net( 998865 (55-26-0-6d960) ): Net contains a not connected netseg 738234&#xD;
 E3: E - CCID:002095:  check_net( 998865 (55-26-0-6d960) ): Net contains a not connected netseg 816938&#xD;
 E3: E - CCID:002095:  check_net( 998865 (55-26-0-6d960) ): Net contains a not connected netseg 816939&#xD;
 E3: E - CCID:002095:  check_net( 998865 (55-26-0-6d960) ): Net contains a not connected netseg 817039&#xD;
 E3: E - CCID:002095:  check_net( 998865 (55-26-0-6d960) ): Net contains a not connected netseg 532524&#xD;
 E3: E - CCID:002095:  check_net( 998865 (55-26-0-6d960) ): Net contains a not connected netseg 532526&#xD;
 E3: E - CCID:002095:  check_net( 998865 (55-26-0-6d960) ): Net contains a not connected netseg 817016&#xD;
 E3: E - CCID:002095:  check_net( 998865 (55-26-0-6d960) ): Net contains a not connected netseg 913945&#xD;
 E3: E - CCID:002095:  check_net( 998865 (55-26-0-6d960) ): Net contains a not connected netseg 913942&#xD;
 E3: E - CCID:002095:  check_net( 998865 (55-26-0-6d960) ): Net contains a not connected netseg 590386&#xD;
 E3: E - CCID:002095:  check_net( 998865 (55-26-0-6d960) ): Net contains a not connected netseg 590388&#xD;
 E3: E - CCID:002095:  check_net( 998865 (55-26-0-6d960) ): Net contains a not connected netseg 913947&#xD;
 E3: E - CCID:002095:  check_net( 998865 (55-26-0-6d960) ): Net contains a not connected netseg 913949&#xD;
 E3: E - CCID:002095:  check_net( 998865 (55-26-0-6d960) ): Net contains a not connected netseg 913951&#xD;
 E3: E - CCID:002095:  check_net( 998865 (55-26-0-6d960) ): Net contains a not connected netseg 532461&#xD;
 E3: E - CCID:002095:  check_net( 998865 (55-26-0-6d960) ): Net contains a not connected netseg 532459&#xD;
 E3: E - CCID:002095:  check_net( 998865 (55-26-0-6d960) ): Net contains a not connected netseg 590393&#xD;
 E3: E - CCID:002095:  check_net( 998865 (55-26-0-6d960) ): Net contains a not connected netseg 590395&#xD;
 E3: E - CCID:002095:  check_net( 998865 (55-26-0-6d960) ): Net contains a not connected netseg 816906&#xD;
 E3: E - CCID:002095:  check_net( 998865 (55-26-0-6d960) ): Net contains a not connected netseg 817018&#xD;
 E3: E - CCID:002095:  check_net( 998865 (55-26-0-6d960) ): Net contains a not connected netseg 816872&#xD;
 E3: E - CCID:002095:  check_net( 998865 (55-26-0-6d960) ): Net contains a not connected netseg 816860&#xD;
 E3: E - CCID:002095:  check_net( 998865 (55-26-0-6d960) ): Net contains a not connected netseg 816861&#xD;
 E3: E - CCID:002095:  check_net( 998865 (55-26-0-6d960) ): Net contains a not connected netseg 817020&#xD;
 E3: E - CCID:002095:  check_net( 998865 (55-26-0-6d960) ): Net contains a not connected netseg 816859&#xD;
 E3: E - CCID:002095:  check_net( 998865 (55-26-0-6d960) ): Net contains a not connected netseg 816987&#xD;
 E3: E - CCID:002095:  check_net( 998865 (55-26-0-6d960) ): Net contains a not connected netseg 816867&#xD;
 E3: E - CCID:002095:  check_net( 998865 (55-26-0-6d960) ): Net contains a not connected netseg 816868&#xD;
 E3: E - CCID:002095:  check_net( 998865 (55-26-0-6d960) ): Net contains a not connected netseg 816900&#xD;
 E3: E - CCID:002095:  check_net( 998865 (55-26-0-6d960) ): Net contains a not connected netseg 816871&#xD;
 E3: E - CCID:002095:  check_net( 998865 (55-26-0-6d960) ): Net contains a not connected netseg 816909&#xD;
 E3: E - CCID:002095:  check_net( 998865 (55-26-0-6d960) ): Net contains a not connected netseg 816870&#xD;
 E3: E - CCID:002095:  check_net( 998865 (55-26-0-6d960) ): Net contains a not connected netseg 816913&#xD;
 E3: E - CCID:002095:  check_net( 998865 (55-26-0-6d960) ): Net contains a not connected netseg 816912&#xD;
 E3: E - CCID:002095:  check_net( 998865 (55-26-0-6d960) ): Net contains a not connected netseg 816914&#xD;
 E3: E - CCID:002095:  check_net( 998865 (55-26-0-6d960) ): Net contains a not connected netseg 817077&#xD;
 E3: E - CCID:002095:  check_net( 998865 (55-26-0-6d960) ): Net contains a not connected netseg 817078&#xD;
 E3: E - CCID:002095:  check_net( 998865 (55-26-0-6d960) ): Net contains a not connected netseg 532426&#xD;
 E3: E - CCID:002095:  check_net( 998865 (55-26-0-6d960) ): Net contains a not connected netseg 603729&#xD;
 E3: E - CCID:002095:  check_net( 998865 (55-26-0-6d960) ): Net contains a not connected netseg 816863&#xD;
 E3: E - CCID:002095:  check_net( 998865 (55-26-0-6d960) ): Net contains a not connected netseg 816915&#xD;
 E3: E - CCID:002095:  check_net( 998865 (55-26-0-6d960) ): Net contains a not connected netseg 816916&#xD;
 E3: E - CCID:002095:  check_net( 998865 (55-26-0-6d960) ): Net contains a not connected netseg 532476&#xD;
 E3: E - CCID:002095:  check_net( 998865 (55-26-0-6d960) ): Net contains a not connected netseg 816901&#xD;
 E3: E - CCID:002095:  check_net( 998865 (55-26-0-6d960) ): Net contains a not connected netseg 532465&#xD;
 E3: E - CCID:002095:  check_net( 998865 (55-26-0-6d960) ): Net contains a not connected netseg 532463&#xD;
 E3: E - CCID:002095:  check_net( 998865 (55-26-0-6d960) ): Net contains a not connected netseg 816944&#xD;
 E3: E - CCID:002095:  check_net( 998865 (55-26-0-6d960) ): Net contains a not connected netseg 532467&#xD;
 E3: E - CCID:002095:  check_net( 998865 (55-26-0-6d960) ): Net contains a not connected netseg 532469&#xD;
 E3: E - CCID:002095:  check_net( 998865 (55-26-0-6d960) ): Net contains a not connected netseg 532471&#xD;
 E3: E - CCID:002095:  check_net( 998865 (55-26-0-6d960) ): Net contains a not connected netseg 532473&#xD;
 E3: E - CCID:002095:  check_net( 998865 (55-26-0-6d960) ): Net contains a not connected netseg 816869&#xD;
 E3: E - CCID:002095:  check_net( 998865 (55-26-0-6d960) ): Net contains a not connected netseg 590397&#xD;
 E3: E - CCID:002095:  check_net( 998865 (55-26-0-6d960) ): Net contains a not connected netseg 816862&#xD;
 E3: E - CCID:002095:  check_net( 998865 (55-26-0-6d960) ): Net contains a not connected netseg 816832&#xD;
 E3: E - CCID:002095:  check_net( 998865 (55-26-0-6d960) ): Net contains a not connected netseg 816946&#xD;
 E3: E - CCID:002095:  check_net( 998865 (55-26-0-6d960) ): Net contains a not connected netseg 817019&#xD;
 E3: E - CCID:002095:  check_net( 998865 (55-26-0-6d960) ): Net contains a not connected netseg 602380&#xD;
 E3: E - CCID:002095:  check_net( 998865 (55-26-0-6d960) ): Net contains a not connected netseg 602383&#xD;
 E3: E - CCID:002095:  check_net( 998865 (55-26-0-6d960) ): Net contains a not connected netseg 603731&#xD;
 E3: E - CCID:002095:  check_net( 998865 (55-26-0-6d960) ): Net contains a not connected netseg 816940&#xD;
 E3: E - CCID:002095:  check_net( 998865 (55-26-0-6d960) ): Net contains a not connected netseg 913953&#xD;
 E3: E - CCID:002095:  check_net( 998865 (55-26-0-6d960) ): Net contains a not connected netseg 603745&#xD;
 E3: E - CCID:002095:  check_net( 998865 (55-26-0-6d960) ): Net contains a not connected netseg 603748&#xD;
 E3: E - CCID:002095:  check_net( 998865 (55-26-0-6d960) ): Net contains a not connected netseg 816971&#xD;
 E3: E - CCID:002095:  check_net( 998865 (55-26-0-6d960) ): Net contains a not connected netseg 661540&#xD;
 E3: E - CCID:002095:  check_net( 998865 (55-26-0-6d960) ): Net contains a not connected netseg 603740&#xD;
 E3: E - CCID:002095:  check_net( 998865 (55-26-0-6d960) ): Net contains a not connected netseg 603743&#xD;
 E3: E - CCID:002095:  check_net( 998865 (55-26-0-6d960) ): Net contains a not connected netseg 661548&#xD;
 E3: E - CCID:002095:  check_net( 998865 (55-26-0-6d960) ): Net contains a not connected netseg 661551&#xD;
 E3: E - CCID:002095:  check_net( 998865 (55-26-0-6d960) ): Net contains a not connected netseg 661553&#xD;
 E3: E - CCID:002095:  check_net( 998865 (55-26-0-6d960) ): Net contains a not connected netseg 661556&#xD;
 E3: E - CCID:002095:  check_net( 998865 (55-26-0-6d960) ): Net contains a not connected netseg 661559&#xD;
 E3: E - CCID:002095:  check_net( 998865 (55-26-0-6d960) ): Net contains a not connected netseg 661561&#xD;
 E3: E - CCID:002095:  check_net( 998865 (55-26-0-6d960) ): Net contains a not connected netseg 661563&#xD;
 E3: E - CCID:002095:  check_net( 998865 (55-26-0-6d960) ): Net contains a not connected netseg 661569&#xD;
 E3: E - CCID:002095:  check_net( 998865 (55-26-0-6d960) ): Net contains a not connected netseg 661567&#xD;
 E3: E - CCID:002095:  check_net( 998865 (55-26-0-6d960) ): Net contains a not connected netseg 661571&#xD;
 E3: E - CCID:002095:  check_net( 998865 (55-26-0-6d960) ): Net contains a not connected netseg 661573&#xD;
 E3: E - CCID:002095:  check_net( 998865 (55-26-0-6d960) ): Net contains a not connected netseg 661575&#xD;
 E3: E - CCID:002095:  check_net( 998865 (55-26-0-6d960) ): Net contains a not connected netseg 661577&#xD;
 E3: E - CCID:002095:  check_net( 998865 (55-26-0-6d960) ): Net contains a not connected netseg 661579&#xD;
 E3: E - CCID:002095:  check_net( 998865 (55-26-0-6d960) ): Net contains a not connected netseg 661581&#xD;
 E3: E - CCID:002095:  check_net( 998865 (55-26-0-6d960) ): Net contains a not connected netseg 661583&#xD;
 E3: E - CCID:002095:  check_net( 998865 (55-26-0-6d960) ): Net contains a not connected netseg 724972&#xD;
 E3: E - CCID:002095:  check_net( 998865 (55-26-0-6d960) ): Net contains a not connected netseg 724974&#xD;
 E3: E - CCID:002095:  check_net( 998865 (55-26-0-6d960) ): Net contains a not connected netseg 724976&#xD;
 E3: E - CCID:002095:  check_net( 998865 (55-26-0-6d960) ): Net contains a not connected netseg 724978&#xD;
 E3: E - CCID:002095:  check_net( 998865 (55-26-0-6d960) ): Net contains a not connected netseg 868701&#xD;
 E3: E - CCID:002095:  check_net( 998865 (55-26-0-6d960) ): Net contains a not connected netseg 869216&#xD;
 E3: E - CCID:002095:  check_net( 998865 (55-26-0-6d960) ): Net contains a not connected netseg 869219&#xD;
 E3: E - CCID:002095:  check_net( 998865 (55-26-0-6d960) ): Net contains a not connected netseg 869221&#xD;
 E3: E - CCID:002095:  check_net( 998865 (55-26-0-6d960) ): Net contains a not connected netseg 869223&#xD;
 E3: E - CCID:002095:  check_net( 998865 (55-26-0-6d960) ): Net contains a not connected netseg 869225&#xD;
 E3: E - CCID:002095:  check_net( 998865 (55-26-0-6d960) ): Net contains a not connected netseg 869228&#xD;
 E3: E - CCID:002095:  check_net( 998865 (55-26-0-6d960) ): Net contains a not connected netseg 869230&#xD;
 E3: E - CCID:002095:  check_net( 998865 (55-26-0-6d960) ): Net contains a not connected netseg 869235&#xD;
 E3: E - CCID:002095:  check_net( 998865 (55-26-0-6d960) ): Net contains a not connected netseg 869238&#xD;
 E3: E - CCID:002095:  check_net( 998865 (55-26-0-6d960) ): Net contains a not connected netseg 869241&#xD;
 E3: E - CCID:002095:  check_net( 998865 (55-26-0-6d960) ): Net contains a not connected netseg 869244&#xD;
 E3: E - CCID:002095:  check_net( 998865 (55-26-0-6d960) ): Net contains a not connected netseg 869247&#xD;
 E3: E - CCID:002095:  check_net( 998865 (55-26-0-6d960) ): Net contains a not connected netseg 869250&#xD;
 E3: E - CCID:002095:  check_net( 998865 (55-26-0-6d960) ): Net contains a not connected netseg 869253&#xD;
 E3: E - CCID:002095:  check_net( 998865 (55-26-0-6d960) ): Net contains a not connected netseg 869255&#xD;
 E3: E - CCID:002095:  check_net( 998865 (55-26-0-6d960) ): Net contains a not connected netseg 869258&#xD;
 E3: E - CCID:002095:  check_net( 998865 (55-26-0-6d960) ): Net contains a not connected netseg 869263&#xD;
 E3: E - CCID:002095:  check_net( 998865 (55-26-0-6d960) ): Net contains a not connected netseg 869266&#xD;
 E3: E - CCID:002095:  check_net( 998865 (55-26-0-6d960) ): Net contains a not connected netseg 869269&#xD;
 E3: E - CCID:002095:  check_net( 998865 (55-26-0-6d960) ): Net contains a not connected netseg 869272&#xD;
 E3: E - CCID:002095:  check_net( 998865 (55-26-0-6d960) ): Net contains a not connected netseg 959419&#xD;
 E3: E - CCID:002503:  check_component( 'COMP_ITEM/1001235 (8-12-0-699f)' ): ValidConnpart 'CG-B821' found for all pins! Should be stored at the component.&#xD;
 E3: E - CCID:002499:  check_component( 'COMP_ITEM/1001271 (10-12-0-f070f)' ): Connector Component 'AV6N-14489-TB' without pins found!&#xD;
[12:27:02]  #########Logger Error: curly brackets not escaped&#xD;
 E3: E - CCID:002503:  check_component( 'COMP_ITEM/1001971 (45-12-0-6765)' ): ValidConnpart 'CG-B768' found for all pins! Should be stored at the component.&#xD;
 E3: E - CCID:002503:  check_component( 'COMP_ITEM/1002251 (45-12-0-ea9f)' ): ValidConnpart 'CG-B879' found for all pins! Should be stored at the component.&#xD;
 E3: E - CCID:002503:  check_component( 'COMP_ITEM/1003963 (b3-12-0-23302)' ): ValidConnpart 'CG-B768' found for all pins! Should be stored at the component.&#xD;
 E3: E - CCID:002233:  check_cabwir( 1096228 (12-c-0-16884b) ): PartSignal 'CPL67' of cabwir differs from netsegment(675075 (60-4e-0-d048e)) 'CPL12'&#xD;
 E3: E - CCID:002233:  check_cabwir( 1096234 (12-c-0-16af71) ): PartSignal 'CPL67' of cabwir differs from netsegment(733404 (95-4e-0-5bc66)) 'CPL12'&#xD;
 E3: E - CCID:002233:  check_cabwir( 1096252 (12-c-0-180ec6) ): PartSignal 'CPL67' of cabwir differs from netsegment(676308 (61-4e-0-2a9f0)) 'CPL12'&#xD;
 E3: E - CCID:002233:  check_cabwir( 1097386 (23-c-0-fdc30) ): PartSignal 'VMED4' of cabwir differs from netsegment(746748 (9f-4e-0-bcf34)) 'VMT25'&#xD;
 E3: E - CCID:002233:  check_cabwir( 1097392 (23-c-0-fdc4a) ): PartSignal 'RMED4' of cabwir differs from netsegment(746751 (9f-4e-0-bcf41)) 'RME10'&#xD;
 E3: E - CCID:002233:  check_cabwir( 1097398 (23-c-0-fdc64) ): PartSignal 'VME79' of cabwir differs from netsegment(809736 (b2-4e-0-14921f)) 'VME09'&#xD;
 E3: E - CCID:002233:  check_cabwir( 1097410 (23-c-0-fdc9e) ): PartSignal 'VME78' of cabwir differs from netsegment(531690 (9-4e-0-6f9e2)) 'VME12'&#xD;
 E3: E - CCID:002233:  check_cabwir( 1097416 (23-c-0-fdcbb) ): PartSignal 'RME78' of cabwir differs from netsegment(490225 (0-4e-0-b0cf3)) 'RME12'&#xD;
 E3: E - CCID:002233:  check_cabwir( 1097524 (25-c-0-743e5e) ): PartSignal 'RE794' of cabwir differs from netsegment(572381 (25-4e-0-743350)) 'RE405'&#xD;
 E3: E - CCID:002233:  check_cabwir( 1097656 (2b-c-0-13984) ): PartSignal 'SBP19' of cabwir differs from netsegment(795201 (ad-4e-0-93859)) 'SBP11'&#xD;
 E3: E - CCID:002233:  check_cabwir( 1097656 (2b-c-0-13984) ): PartSignal 'SBP19' of cabwir differs from netsegment(795238 (ad-4e-0-939fd)) 'SBP11'&#xD;
 E3: E - CCID:002233:  check_cabwir( 1097890 (32-c-0-50994) ): PartSignal 'CBP03' of cabwir differs from netsegment(589136 (32-4e-0-2c541)) 'CBP08'&#xD;
 E3: E - CCID:002233:  check_cabwir( 1097922 (34-c-0-2260b) ): PartSignal 'RME07' of cabwir differs from netsegment(745373 (9f-4e-0-b919b)) 'RMED3'&#xD;
 E3: E - CCID:002233:  check_cabwir( 1097976 (34-c-0-228a5) ): PartSignal 'VME10' of cabwir differs from netsegment(746685 (9f-4e-0-bccd0)) 'VMT25'&#xD;
 E3: E - CCID:002233:  check_cabwir( 1098126 (35-c-0-1332ed) ): PartSignal 'VME07' of cabwir differs from netsegment(582089 (2b-4e-0-75ccb)) 'VMED3'&#xD;
 E3: E - CCID:002233:  check_cabwir( 1098132 (35-c-0-133303) ): PartSignal 'RME07' of cabwir differs from netsegment(582087 (2b-4e-0-75cc3)) 'RMED3'&#xD;
 E3: E - CCID:002233:  check_cabwir( 1098132 (35-c-0-133303) ): PartSignal 'RME07' of cabwir differs from netsegment(652932 (51-4e-0-219124)) 'RMED3'&#xD;
 E3: E - CCID:002233:  check_cabwir( 1098138 (35-c-0-133319) ): PartSignal 'VME10' of cabwir differs from netsegment(653177 (51-4e-0-21b7f2)) 'VMT25'&#xD;
 E3: E - CCID:002233:  check_cabwir( 1098138 (35-c-0-133319) ): PartSignal 'VME10' of cabwir differs from netsegment(653192 (51-4e-0-21bb2a)) 'VMT25'&#xD;
 E3: E - CCID:002233:  check_cabwir( 1098388 (3f-c-0-2845e) ): PartSignal 'CBP03' of cabwir differs from netsegment(739849 (9b-4e-0-9aba0)) 'CBP08'&#xD;
 E3: E - CCID:002233:  check_cabwir( 1098978 (49-c-0-1c030) ): PartSignal 'LE230' of cabwir differs from netsegment(862727 (c7-4e-0-35a6f)) 'CE193'&#xD;
 E3: E - CCID:002233:  check_cabwir( 1098984 (49-c-0-1c04d) ): PartSignal 'RE259' of cabwir differs from netsegment(862653 (c7-4e-0-3545d)) 'RE242'&#xD;
 E3: E - CCID:002233:  check_cabwir( 1100570 (59-c-0-178d1f) ): PartSignal 'CR194' of cabwir differs from netsegment(663022 (59-4e-0-178c05)) 'CBP01'&#xD;
 E3: E - CCID:002233:  check_cabwir( 1100582 (59-c-0-18121f) ): PartSignal 'CR194' of cabwir differs from netsegment(701790 (7c-4e-0-dc2a1)) 'CBP01'&#xD;
 E3: E - CCID:002233:  check_cabwir( 1102674 (83-c-0-117d4f) ): PartSignal 'VMED3' of cabwir differs from netsegment(745336 (9f-4e-0-b8fbb)) 'VME07'&#xD;
 E3: E - CCID:002233:  check_cabwir( 1102674 (83-c-0-117d4f) ): PartSignal 'VMED3' of cabwir differs from netsegment(745367 (9f-4e-0-b911f)) 'VME07'&#xD;
 E3: E - CCID:002233:  check_cabwir( 1102680 (83-c-0-117da0) ): PartSignal 'RMED4' of cabwir differs from netsegment(746693 (9f-4e-0-bcd58)) 'RME10'&#xD;
 E3: E - CCID:002233:  check_cabwir( 1102680 (83-c-0-117da0) ): PartSignal 'RMED4' of cabwir differs from netsegment(746744 (9f-4e-0-bcef3)) 'RME10'&#xD;
 E3: E - CCID:002233:  check_cabwir( 1102686 (83-c-0-117dad) ): PartSignal 'VMED4' of cabwir differs from netsegment(746691 (9f-4e-0-bcd19)) 'VMT25'&#xD;
 E3: E - CCID:002233:  check_cabwir( 1102686 (83-c-0-117dad) ): PartSignal 'VMED4' of cabwir differs from netsegment(746742 (9f-4e-0-bce88)) 'VMT25'&#xD;
 E3: E - CCID:002233:  check_cabwir( 1103640 (9b-c-0-3798c) ): PartSignal 'LE230' of cabwir differs from netsegment(862693 (c7-4e-0-35927)) 'CE193'&#xD;
 E3: E - CCID:002233:  check_cabwir( 1103646 (9b-c-0-3799c) ): PartSignal 'RE259' of cabwir differs from netsegment(862651 (c7-4e-0-35380)) 'RE242'&#xD;
 E3: E - CCID:002233:  check_cabwir( 1105056 (ad-c-0-2fc52) ): PartSignal 'LE230' of cabwir differs from netsegment(862807 (c7-4e-0-35ca7)) 'CE193'&#xD;
 E3: E - CCID:002233:  check_cabwir( 1105062 (ad-c-0-2fc6b) ): PartSignal 'RE259' of cabwir differs from netsegment(862655 (c7-4e-0-354f6)) 'RE242'&#xD;
 E3: E - CCID:002233:  check_cabwir( 1105372 (ad-c-0-935c9) ): PartSignal 'SBP19' of cabwir differs from netsegment(795158 (ad-4e-0-92be0)) 'SBP11'&#xD;
 E3: E - CCID:002233:  check_cabwir( 1105948 (b1-c-0-1789a) ): PartSignal 'VME09' of cabwir differs from netsegment(519854 (6-4e-0-136e38)) 'VME79'&#xD;
 E3: E - CCID:002233:  check_cabwir( 1105954 (b1-c-0-178b3) ): PartSignal 'VME09' of cabwir differs from netsegment(490236 (0-4e-0-b0e32)) 'VME79'&#xD;
 E3: E - CCID:002233:  check_cabwir( 1105960 (b1-c-0-178cc) ): PartSignal 'VME09' of cabwir differs from netsegment(519856 (6-4e-0-136ed1)) 'VME79'&#xD;
 E3: E - CCID:002233:  check_cabwir( 1107534 (c0-c-0-188af) ): PartSignal 'VMED3' of cabwir differs from netsegment(745297 (9f-4e-0-b8cd1)) 'VME07'&#xD;
 E3: E - CCID:002233:  check_cabwir( 1107540 (c0-c-0-188c8) ): PartSignal 'VMED3' of cabwir differs from netsegment(490211 (0-4e-0-b0cd1)) 'VME07'&#xD;
 E3: E - CCID:002233:  check_cabwir( 1107546 (c0-c-0-188e1) ): PartSignal 'VMED3' of cabwir differs from netsegment(939701 (ed-4e-0-1362c)) 'VME07'&#xD;
 E3: E - CCID:002233:  check_cabwir( 1107564 (c0-c-0-18996) ): PartSignal 'VMED4' of cabwir differs from netsegment(569202 (23-4e-0-fa871)) 'VME10'&#xD;
 E3: E - CCID:002233:  check_cabwir( 1107570 (c0-c-0-189b0) ): PartSignal 'VMED4' of cabwir differs from netsegment(490213 (0-4e-0-b0cd5)) 'VME10'&#xD;
 E3: E - CCID:002233:  check_cabwir( 1107576 (c0-c-0-189ca) ): PartSignal 'VMED4' of cabwir differs from netsegment(709786 (82-4e-0-52eeb)) 'VME10'&#xD;
 E3: E - CCID:002233:  check_cabwir( 1107588 (c0-c-0-18a02) ): PartSignal 'RMED4' of cabwir differs from netsegment(709785 (82-4e-0-52e6f)) 'RME10'&#xD;
 E3: E - CCID:002233:  check_cabwir( 1107594 (c0-c-0-18a1f) ): PartSignal 'RMED4' of cabwir differs from netsegment(490214 (0-4e-0-b0cd6)) 'RME10'&#xD;
 E3: E - CCID:002233:  check_cabwir( 1107600 (c0-c-0-18a38) ): PartSignal 'RMED4' of cabwir differs from netsegment(569205 (23-4e-0-fa9ad)) 'RME10'&#xD;
 E3: E - CCID:002233:  check_cabwir( 1108752 (cb-c-0-2c2e4) ): PartSignal 'CPL31' of cabwir differs from netsegment(677894 (63-4e-0-a692)) 'CPL26'&#xD;
 E3: E - CCID:002233:  check_cabwir( 1109290 (d5-c-0-1f4052) ): PartSignal 'RME07' of cabwir differs from netsegment(652966 (51-4e-0-21af2a)) 'RMED3'&#xD;
 E3: E - CCID:002233:  check_cabwir( 1109290 (d5-c-0-1f4052) ): PartSignal 'RME07' of cabwir differs from netsegment(653016 (51-4e-0-21b30d)) 'RMED3'&#xD;
 E3: E - CCID:002233:  check_cabwir( 1109296 (d5-c-0-1f4068) ): PartSignal 'VME10' of cabwir differs from netsegment(653178 (51-4e-0-21b886)) 'VMT25'&#xD;
 E3: E - CCID:002233:  check_cabwir( 1109296 (d5-c-0-1f4068) ): PartSignal 'VME10' of cabwir differs from netsegment(653205 (51-4e-0-21bc75)) 'VMT25'&#xD;
 E3: E - CCID:002233:  check_cabwir( 1109362 (d8-c-0-257da) ): PartSignal 'CR194' of cabwir differs from netsegment(490544 (0-4e-0-b1d35)) 'CBP01'&#xD;
 E3: E - CCID:002233:  check_cabwir( 1109724 (d9-c-0-12389) ): PartSignal 'RMT24' of cabwir differs from netsegment(960379 (fa-4e-0-9cc87)) 'RMED3'&#xD;
 E3: E - CCID:002233:  check_cabwir( 1109724 (d9-c-0-12389) ): PartSignal 'RMT24' of cabwir differs from netsegment(710084 (82-4e-0-537f8)) 'RMED3'&#xD;
 E3: E - CCID:002233:  check_cabwir( 1109724 (d9-c-0-12389) ): PartSignal 'RMT24' of cabwir differs from netsegment(710569 (82-4e-0-5665b)) 'RMED3'&#xD;
 E3: E - CCID:002233:  check_cabwir( 1109730 (d9-c-0-1239f) ): PartSignal 'VMT24' of cabwir differs from netsegment(710082 (82-4e-0-537ae)) 'VMED3'&#xD;
 E3: E - CCID:002233:  check_cabwir( 1109730 (d9-c-0-1239f) ): PartSignal 'VMT24' of cabwir differs from netsegment(710567 (82-4e-0-56602)) 'VMED3'&#xD;
 E3: E - CCID:002233:  check_cabwir( 1109730 (d9-c-0-1239f) ): PartSignal 'VMT24' of cabwir differs from netsegment(960376 (fa-4e-0-9c81b)) 'VMED3'&#xD;
 E3: E - CCID:002233:  check_cabwir( 1109736 (d9-c-0-123b5) ): PartSignal 'RMT25' of cabwir differs from netsegment(960387 (fa-4e-0-9e6f4)) 'RME10'&#xD;
 E3: E - CCID:002233:  check_cabwir( 1109736 (d9-c-0-123b5) ): PartSignal 'RMT25' of cabwir differs from netsegment(710088 (82-4e-0-538ab)) 'RME10'&#xD;
 E3: E - CCID:002233:  check_cabwir( 1109736 (d9-c-0-123b5) ): PartSignal 'RMT25' of cabwir differs from netsegment(710573 (82-4e-0-566ef)) 'RME10'&#xD;
 E3: E - CCID:002233:  check_cabwir( 1111036 (ed-c-0-261c85) ): PartSignal 'CR196' of cabwir differs from netsegment(942812 (ed-4e-0-2622be)) 'CR195'&#xD;
 E3: E - CCID:002233:  check_cabwir( 1111036 (ed-c-0-261c85) ): PartSignal 'CR196' of cabwir differs from netsegment(571906 (25-4e-0-719c89)) 'CR195'&#xD;
 E3: E - CCID:002233:  check_cabwir( 1111180 (ee-c-0-13157) ): PartSignal 'RMP19' of cabwir differs from netsegment(944258 (ee-4e-0-12b86)) 'VMP44'&#xD;
 E3: E - CCID:002233:  check_cabwir( 1111192 (ee-c-0-13185) ): PartSignal 'RMP19' of cabwir differs from netsegment(547676 (14-4e-0-19806)) 'VMP44'&#xD;
 E3: E - CCID:002233:  check_cabwir( 1111198 (ee-c-0-131af) ): PartSignal 'VMP19' of cabwir differs from netsegment(944260 (ee-4e-0-12bea)) 'VMP43'&#xD;
 E3: E - CCID:002233:  check_cabwir( 1111204 (ee-c-0-131c4) ): PartSignal 'VMP19' of cabwir differs from netsegment(944263 (ee-4e-0-12dcc)) 'VMP43'&#xD;
 E3: E - CCID:002233:  check_cabwir( 1111210 (ee-c-0-131d9) ): PartSignal 'VMP19' of cabwir differs from netsegment(547674 (14-4e-0-1979b)) 'VMP43'&#xD;
 E3: E - CCID:002233:  check_cabwir( 1111222 (ee-c-0-13207) ): PartSignal 'DMP19' of cabwir differs from netsegment(959894 (fa-4e-0-ac3c)) 'DMP43'&#xD;
 E3: E - CCID:002233:  check_cabwir( 1111912 (fa-c-0-cdd8) ): PartSignal 'DMP19' of cabwir differs from netsegment(959906 (fa-4e-0-ccda)) 'DMP43'&#xD;
 E3: E - CCID:002233:  check_cabwir( 1111930 (fa-c-0-d79c) ): PartSignal 'DMP19' of cabwir differs from netsegment(959919 (fa-4e-0-d64f)) 'DMP43'&#xD;
 E3: E - CCID:002082:  Check Varchs: Invalid (VAR_CH_ITEM/1843560 (0-46-0-26b2d4)) typ 'DEVICE' found owner: 'AP52 HRN-14A005-LNAA' (DEVICE_ITEM/1018031 (0-1c-0-26b23f)) orgi and changi is the same: (DEVICE_ITEM/1018031 (0-1c-0-26b23f)) but varptr is a variant&#xD;
 E3: E - CCID:001001:  check_netsegs( 520904 (6-4e-0-1b9458) ): Line 520908 not found via take_connection&#xD;
 E3: E - CCID:001001:  check_netsegs( 532455 (a-4e-0-71acd) ): Line 817169 not found via take_connection&#xD;
 E3: E - CCID:001001:  check_netsegs( 532526 (a-4e-0-89184) ): Line 532527 not found via take_connection&#xD;
 E3: E - CCID:001001:  check_netsegs( 583101 (2c-4e-0-13d356) ): Line 661564 not found via take_connection&#xD;
 E3: E - CCID:001001:  check_netsegs( 583114 (2c-4e-0-13f53c) ): Line 583115 not found via take_connection&#xD;
 E3: E - CCID:001001:  check_netsegs( 583114 (2c-4e-0-13f53c) ): Line 583127 not found via take_connection&#xD;
 E3: E - CCID:001001:  check_netsegs( 602363 (41-4e-0-d02d7) ): Line 602364 not found via take_connection&#xD;
 E3: E - CCID:001001:  check_netsegs( 661530 (55-4e-0-63f98) ): Line 661534 not found via take_connection&#xD;
 E3: E - CCID:001001:  check_netsegs( 701870 (7c-4e-0-1128cc) ): Line 532477 not found via take_connection&#xD;
 E3: E - CCID:001001:  check_netsegs( 701872 (7c-4e-0-1132f6) ): Line 661557 not found via take_connection&#xD;
 E3: E - CCID:001001:  check_netsegs( 701881 (7c-4e-0-11612a) ): Line 701882 not found via take_connection&#xD;
 E3: E - CCID:001001:  check_netsegs( 701904 (7c-4e-0-119d05) ): Line 701905 not found via take_connection&#xD;
 E3: E - CCID:001001:  check_netsegs( 701946 (7c-4e-0-1258b2) ): Line 701952 not found via take_connection&#xD;
 E3: E - CCID:001001:  check_netsegs( 701948 (7c-4e-0-12629b) ): Line 590353 not found via take_connection&#xD;
 E3: E - CCID:001001:  check_netsegs( 701948 (7c-4e-0-12629b) ): Line 701949 not found via take_connection&#xD;
 E3: E - CCID:001001:  check_netsegs( 701948 (7c-4e-0-12629b) ): Line 701950 not found via take_connection&#xD;
 E3: E - CCID:001001:  check_netsegs( 701948 (7c-4e-0-12629b) ): Line 701951 not found via take_connection&#xD;
 E3: E - CCID:001001:  check_netsegs( 738224 (98-4e-0-1bb685) ): Line 738235 not found via take_connection&#xD;
 E3: E - CCID:001001:  check_netsegs( 738241 (98-4e-0-1c1334) ): Line 738246 not found via take_connection&#xD;
 E3: E - CCID:001001:  check_netsegs( 738241 (98-4e-0-1c1334) ): Line 738247 not found via take_connection&#xD;
 E3: E - CCID:001001:  check_netsegs( 816802 (b6-4e-0-4b565) ): Line 817189 not found via take_connection&#xD;
 E3: E - CCID:001001:  check_netsegs( 816802 (b6-4e-0-4b565) ): Line 817196 not found via take_connection&#xD;
 E3: E - CCID:001001:  check_netsegs( 816803 (b6-4e-0-4b56b) ): Line 817365 not found via take_connection&#xD;
 E3: E - CCID:001001:  check_netsegs( 816803 (b6-4e-0-4b56b) ): Line 817366 not found via take_connection&#xD;
 E3: E - CCID:001001:  check_netsegs( 816808 (b6-4e-0-4b588) ): Line 817352 not found via take_connection&#xD;
 E3: E - CCID:001001:  check_netsegs( 816809 (b6-4e-0-4b58b) ): Line 817334 not found via take_connection&#xD;
 E3: E - CCID:001001:  check_netsegs( 816810 (b6-4e-0-4b58e) ): Line 520890 not found via take_connection&#xD;
 E3: E - CCID:001001:  check_netsegs( 816814 (b6-4e-0-4b598) ): Line 817095 not found via take_connection&#xD;
 E3: E - CCID:001001:  check_netsegs( 816815 (b6-4e-0-4b5ab) ): Line 817097 not found via take_connection&#xD;
 E3: E - CCID:001001:  check_netsegs( 816816 (b6-4e-0-4b5b1) ): Line 817260 not found via take_connection&#xD;
 E3: E - CCID:001001:  check_netsegs( 816816 (b6-4e-0-4b5b1) ): Line 817298 not found via take_connection&#xD;
 E3: E - CCID:001001:  check_netsegs( 816819 (b6-4e-0-4b5bb) ): Line 817413 not found via take_connection&#xD;
 E3: E - CCID:001001:  check_netsegs( 816821 (b6-4e-0-4b5c1) ): Line 817129 not found via take_connection&#xD;
 E3: E - CCID:001001:  check_netsegs( 816827 (b6-4e-0-4b5d4) ): Line 817447 not found via take_connection&#xD;
 E3: E - CCID:001001:  check_netsegs( 816828 (b6-4e-0-4b5d5) ): Line 817156 not found via take_connection&#xD;
 E3: E - CCID:001001:  check_netsegs( 816828 (b6-4e-0-4b5d5) ): Line 817429 not found via take_connection&#xD;
 E3: E - CCID:001001:  check_netsegs( 816829 (b6-4e-0-4b5d8) ): Line 817395 not found via take_connection&#xD;
 E3: E - CCID:001001:  check_netsegs( 816830 (b6-4e-0-4b5de) ): Line 817389 not found via take_connection&#xD;
 E3: E - CCID:001001:  check_netsegs( 816832 (b6-4e-0-4b5e2) ): Line 817165 not found via take_connection&#xD;
 E3: E - CCID:001001:  check_netsegs( 816833 (b6-4e-0-4b5e5) ): Line 817147 not found via take_connection&#xD;
 E3: E - CCID:001001:  check_netsegs( 816835 (b6-4e-0-4b5eb) ): Line 817176 not found via take_connection&#xD;
 E3: E - CCID:001001:  check_netsegs( 816835 (b6-4e-0-4b5eb) ): Line 817177 not found via take_connection&#xD;
 E3: E - CCID:001001:  check_netsegs( 816836 (b6-4e-0-4b5ee) ): Line 602369 not found via take_connection&#xD;
 E3: E - CCID:001001:  check_netsegs( 816836 (b6-4e-0-4b5ee) ): Line 817145 not found via take_connection&#xD;
 E3: E - CCID:001001:  check_netsegs( 816837 (b6-4e-0-4b5f4) ): Line 817172 not found via take_connection&#xD;
 E3: E - CCID:001001:  check_netsegs( 816837 (b6-4e-0-4b5f4) ): Line 817198 not found via take_connection&#xD;
 E3: E - CCID:001001:  check_netsegs( 816838 (b6-4e-0-4b5f7) ): Line 817335 not found via take_connection&#xD;
 E3: E - CCID:001001:  check_netsegs( 816839 (b6-4e-0-4b5fd) ): Line 817122 not found via take_connection&#xD;
 E3: E - CCID:001001:  check_netsegs( 816839 (b6-4e-0-4b5fd) ): Line 817354 not found via take_connection&#xD;
 E3: E - CCID:001001:  check_netsegs( 816841 (b6-4e-0-4b606) ): Line 817295 not found via take_connection&#xD;
 E3: E - CCID:001001:  check_netsegs( 816842 (b6-4e-0-4b609) ): Line 817296 not found via take_connection&#xD;
 E3: E - CCID:001001:  check_netsegs( 816843 (b6-4e-0-4b60c) ): Line 817200 not found via take_connection&#xD;
 E3: E - CCID:001001:  check_netsegs( 816843 (b6-4e-0-4b60c) ): Line 817201 not found via take_connection&#xD;
 E3: E - CCID:001001:  check_netsegs( 816846 (b6-4e-0-4b61a) ): Line 817131 not found via take_connection&#xD;
 E3: E - CCID:001001:  check_netsegs( 816846 (b6-4e-0-4b61a) ): Line 817332 not found via take_connection&#xD;
 E3: E - CCID:001001:  check_netsegs( 816848 (b6-4e-0-4b626) ): Line 913956 not found via take_connection&#xD;
 E3: E - CCID:001001:  check_netsegs( 816849 (b6-4e-0-4b629) ): Line 817135 not found via take_connection&#xD;
 E3: E - CCID:001001:  check_netsegs( 816850 (b6-4e-0-4b667) ): Line 738199 not found via take_connection&#xD;
 E3: E - CCID:001001:  check_netsegs( 816850 (b6-4e-0-4b667) ): Line 817154 not found via take_connection&#xD;
 E3: E - CCID:001001:  check_netsegs( 816853 (b6-4e-0-4b673) ): Line 701873 not found via take_connection&#xD;
 E3: E - CCID:001001:  check_netsegs( 816854 (b6-4e-0-4b676) ): Line 817381 not found via take_connection&#xD;
 E3: E - CCID:001001:  check_netsegs( 816857 (b6-4e-0-4b697) ): Line 817446 not found via take_connection&#xD;
 E3: E - CCID:001001:  check_netsegs( 816859 (b6-4e-0-4b6a3) ): Line 817159 not found via take_connection&#xD;
 E3: E - CCID:001001:  check_netsegs( 816867 (b6-4e-0-4b6c5) ): Line 817325 not found via take_connection&#xD;
 E3: E - CCID:001001:  check_netsegs( 816871 (b6-4e-0-4b6d9) ): Line 532474 not found via take_connection&#xD;
 E3: E - CCID:001001:  check_netsegs( 816884 (b6-4e-0-4b726) ): Line 738222 not found via take_connection&#xD;
 E3: E - CCID:001001:  check_netsegs( 816891 (b6-4e-0-4b739) ): Line 817191 not found via take_connection&#xD;
 E3: E - CCID:001001:  check_netsegs( 816894 (b6-4e-0-4b748) ): Line 817194 not found via take_connection&#xD;
 E3: E - CCID:001001:  check_netsegs( 816895 (b6-4e-0-4b75b) ): Line 532510 not found via take_connection&#xD;
 E3: E - CCID:001001:  check_netsegs( 816895 (b6-4e-0-4b75b) ): Line 817203 not found via take_connection&#xD;
 E3: E - CCID:001001:  check_netsegs( 816897 (b6-4e-0-4b764) ): Line 817280 not found via take_connection&#xD;
 E3: E - CCID:001001:  check_netsegs( 816897 (b6-4e-0-4b764) ): Line 817308 not found via take_connection&#xD;
 E3: E - CCID:001001:  check_netsegs( 816897 (b6-4e-0-4b764) ): Line 817347 not found via take_connection&#xD;
 E3: E - CCID:001001:  check_netsegs( 816899 (b6-4e-0-4b76a) ): Line 817346 not found via take_connection&#xD;
 E3: E - CCID:001001:  check_netsegs( 816901 (b6-4e-0-4b770) ): Line 817305 not found via take_connection&#xD;
 E3: E - CCID:001001:  check_netsegs( 816902 (b6-4e-0-4b777) ): Line 817217 not found via take_connection&#xD;
 E3: E - CCID:001001:  check_netsegs( 816917 (b6-4e-0-4b7b5) ): Line 583094 not found via take_connection&#xD;
 E3: E - CCID:001001:  check_netsegs( 816921 (b6-4e-0-4b7c9) ): Line 817263 not found via take_connection&#xD;
 E3: E - CCID:001001:  check_netsegs( 816929 (b6-4e-0-4b7df) ): Line 590359 not found via take_connection&#xD;
 E3: E - CCID:001001:  check_netsegs( 816929 (b6-4e-0-4b7df) ): Line 590362 not found via take_connection&#xD;
 E3: E - CCID:001001:  check_netsegs( 816931 (b6-4e-0-4b7f0) ): Line 817329 not found via take_connection&#xD;
 E3: E - CCID:001001:  check_netsegs( 816934 (b6-4e-0-4b804) ): Line 590356 not found via take_connection&#xD;
 E3: E - CCID:001001:  check_netsegs( 816935 (b6-4e-0-4b807) ): Line 817239 not found via take_connection&#xD;
 E3: E - CCID:001001:  check_netsegs( 816941 (b6-4e-0-4b821) ): Line 817290 not found via take_connection&#xD;
 E3: E - CCID:001001:  check_netsegs( 816945 (b6-4e-0-4b83d) ): Line 817318 not found via take_connection&#xD;
 E3: E - CCID:001001:  check_netsegs( 816945 (b6-4e-0-4b83d) ): Line 817319 not found via take_connection&#xD;
 E3: E - CCID:001001:  check_netsegs( 816953 (b6-4e-0-4b85e) ): Line 817269 not found via take_connection&#xD;
 E3: E - CCID:001001:  check_netsegs( 816954 (b6-4e-0-4b864) ): Line 817271 not found via take_connection&#xD;
 E3: E - CCID:001001:  check_netsegs( 816955 (b6-4e-0-4b86b) ): Line 738205 not found via take_connection&#xD;
 E3: E - CCID:001001:  check_netsegs( 816963 (b6-4e-0-4b88f) ): Line 817282 not found via take_connection&#xD;
 E3: E - CCID:001001:  check_netsegs( 816963 (b6-4e-0-4b88f) ): Line 817286 not found via take_connection&#xD;
 E3: E - CCID:001001:  check_netsegs( 816964 (b6-4e-0-4b89c) ): Line 913971 not found via take_connection&#xD;
 E3: E - CCID:001001:  check_netsegs( 816965 (b6-4e-0-4b8a2) ): Line 817327 not found via take_connection&#xD;
 E3: E - CCID:001001:  check_netsegs( 816968 (b6-4e-0-4b8ba) ): Line 817293 not found via take_connection&#xD;
 E3: E - CCID:001001:  check_netsegs( 816978 (b6-4e-0-4b8f5) ): Line 817254 not found via take_connection&#xD;
 E3: E - CCID:001001:  check_netsegs( 816981 (b6-4e-0-4b8ff) ): Line 817315 not found via take_connection&#xD;
 E3: E - CCID:001001:  check_netsegs( 816984 (b6-4e-0-4b914) ): Line 817167 not found via take_connection&#xD;
 E3: E - CCID:001001:  check_netsegs( 816985 (b6-4e-0-4b917) ): Line 817323 not found via take_connection&#xD;
 E3: E - CCID:001001:  check_netsegs( 816989 (b6-4e-0-4b944) ): Line 817331 not found via take_connection&#xD;
 E3: E - CCID:001001:  check_netsegs( 816996 (b6-4e-0-4b970) ): Line 913935 not found via take_connection&#xD;
 E3: E - CCID:001001:  check_netsegs( 817003 (b6-4e-0-4b98e) ): Line 817142 not found via take_connection&#xD;
 E3: E - CCID:001001:  check_netsegs( 817007 (b6-4e-0-4b99b) ): Line 817363 not found via take_connection&#xD;
 E3: E - CCID:001001:  check_netsegs( 817008 (b6-4e-0-4b99e) ): Line 817360 not found via take_connection&#xD;
 E3: E - CCID:001001:  check_netsegs( 817009 (b6-4e-0-4b9a4) ): Line 817362 not found via take_connection&#xD;
 E3: E - CCID:001001:  check_netsegs( 817011 (b6-4e-0-4b9c3) ): Line 701925 not found via take_connection&#xD;
 E3: E - CCID:001001:  check_netsegs( 817012 (b6-4e-0-4b9c4) ): Line 869226 not found via take_connection&#xD;
 E3: E - CCID:001001:  check_netsegs( 817013 (b6-4e-0-4b9c7) ): Line 701917 not found via take_connection&#xD;
 E3: E - CCID:001001:  check_netsegs( 817013 (b6-4e-0-4b9c7) ): Line 817371 not found via take_connection&#xD;
 E3: E - CCID:001001:  check_netsegs( 817014 (b6-4e-0-4b9ee) ): Line 532501 not found via take_connection&#xD;
 E3: E - CCID:001001:  check_netsegs( 817072 (b6-4e-0-4babd) ): Line 817438 not found via take_connection&#xD;
 E3: E - CCID:001001:  check_netsegs( 902475 (d1-4e-0-474ac) ): Line 590389 not found via take_connection&#xD;
 E3: ....
&#xD;
 E3: dump lost....
&#xD;
 E3: ....
&#xD;
 E3: new consistency check (45) and dump lost items (46)....
&#xD;
 E3: ....
&#xD;
 E3: - done -------------------------------------------------------------------
&#xD;
 E3: summary:
       check id   count                    (message) - info 
--------------------------------------------------------------------&#xD;
 E3: I - CCID:001001:    111                    (check_netsegs( %s ): Line %d not found via take_connection)&#xD;
 E3: I - CCID:001645:     31                    (check_line( '%s' ): More than one sub-line of a merged segment line has an attribute set)&#xD;
 E3: I - CCID:002082:      1  TRY REPAIR 020: - (Check Varchs: Invalid (%s) typ '%s' found owner: '%s' (%s) orgi and changi is the same: (%s) but varptr is a variant)&#xD;
 E3: I - CCID:002095:    548                    (check_net( %s ): Net contains a not connected netseg %d)&#xD;
 E3: I - CCID:002233:     72  TRY REPAIR 029: - (check_cabwir( %s ): PartSignal '%s' of cabwir differs from netsegment(%s) '%s')&#xD;
 E3: I - CCID:002499:      1                    (check_component( '%s' ): Connector Component '%s' without pins found!)&#xD;
 E3: I - CCID:002502:      1  TRY REPAIR 046: - (check_component( '%s' ): ActiveComposite '%s' found for all pins! Should be stored at the component.)&#xD;
 E3: I - CCID:002503:      4  TRY REPAIR 046: - (check_component( '%s' ): ValidConnpart '%s' found for all pins! Should be stored at the component.)&#xD;
 E3: I - CCID:002578:      2                    (check_symbol_references: symbol '%s' not found in project, referenced by %s) - activate TE_85 to list each info in the report list!&#xD;
 E3: --------------------------------------------------------------------&#xD;
 E3: I -    771 total messages with 9 different check ids&#xD;
 E3: E - Unknown attributes found in mapping file 'c:\appveyor\bin\E3.3DRoutingBridge\Mainline\E3.BridgeTest\TestFiles\Designer-31097\TestData\E3_Harness_Export.map':&#xD;
 E3:     &#xD;
 E3:     	- F-ActiveTG&#xD;
 E3:     	- F-wireLevel&#xD;
 E3:     	- F-HarnBaseNo&#xD;
 E3:     	- F-RoutePath&#xD;
 E3:     	- F-RoutePath2&#xD;
 E3:     	- F-RoutePath3&#xD;
 E3:     	- F-RoutePath4&#xD;
 E3:     	- F-RoutePath5&#xD;
 E3:     	- F-WireEnd2&#xD;
 E3:     	- F-WireEndCavSeal&#xD;
 E3:     	- F-WireEndTermMaterial&#xD;
 E3:     	- F-WireEndTerminal&#xD;
 E3:     	- F-WireEndCavSeal&#xD;
 E3:     	- F-WireEndTermMaterial&#xD;
 E3:     	- F-WireEndTerminal&#xD;
 E3:     	- F-wireLength&#xD;
 E3:     	- F-wireLevel&#xD;
 E3:     	- F-TapeFoil&#xD;
 E3:     	- F-TapeWrap&#xD;
 E3:     	- F-TapeSpot&#xD;
 E3:     	- F-wireMulticore&#xD;
 E3:     	- F-wireNote&#xD;
 E3:     	- F-OptText&#xD;
 E3:     	- F-wireSpec&#xD;
 E3:     	- F-AddedPartMandatory&#xD;
 E3:     	- F-bundCoverLayer&#xD;
 E3:     	- F-CoveringEndPoint&#xD;
 E3:     	- F-CoveringLength&#xD;
 E3:     	- F-CoveringStartPoint&#xD;
 E3:     	- F-Color&#xD;
 E3:     	- F-LocationXY&#xD;
 E3:     	- F-CompType&#xD;
 E3:     	- F-ConnTermSealReq&#xD;
 E3:     	- F-HarnBaseNo&#xD;
 E3:     	- F-harnessLevel&#xD;
 E3:     	- F-IDC-Terminal&#xD;
 E3:     	- F-MaxOD&#xD;
 E3:     	- F-MinOD&#xD;
 E3:     	- F-PDBConnPosCnt&#xD;
 E3:     	- F-PDBDeviceDes&#xD;
 E3:     	- F-PDBDevicePos&#xD;
 E3:     	- F-Submergible&#xD;
 E3:     	- F-SymbolName&#xD;
 E3:     	- F-symbolType&#xD;
 E3:     	- F-tapeThickness&#xD;
 E3:     	- F-tapeWidth&#xD;
 E3:     	- F-TubeBore&#xD;
 E3:     	- F-TubeConv&#xD;
 E3:     	- F-TubeSlit&#xD;
 E3:     	- F-OptText&#xD;
 E3:     	- F-CompType&#xD;
 E3:     	- F-HarnBaseNo&#xD;
 E3:     	- F-AddedPartMandatory&#xD;
 E3:     	- F-CompType&#xD;
 E3:     	- F-BCONN_Config&#xD;
 E3:     	- F-ConnTermSealReq&#xD;
 E3:     	- F-ConnectToDescription&#xD;
 E3:     	- F-HarnBaseNo&#xD;
 E3:     	- F-harnessLevel&#xD;
 E3:     	- F-IDC-Terminal&#xD;
 E3:     	- F-PDBConnPosCnt&#xD;
 E3:     	- F-PDBDeviceDes&#xD;
 E3:     	- F-PDBDevicePos&#xD;
 E3:     	- F-Submergible&#xD;
 E3:     	- F-HarnBaseNo&#xD;
 E3:     	- F-RoutePath&#xD;
 E3:     	- F-RoutePath2&#xD;
 E3:     	- F-RoutePath3&#xD;
 E3:     	- F-RoutePath4&#xD;
 E3:     	- F-RoutePath5&#xD;
 E3:     	- F-WireEnd2&#xD;
 E3:     	- F-WireEndCavSeal&#xD;
 E3:     	- F-WireEndTermMaterial&#xD;
 E3:     	- F-WireEndTerminal&#xD;
 E3:     	- F-WireEndCavSeal&#xD;
 E3:     	- F-WireEndTermMaterial&#xD;
 E3:     	- F-WireEndTerminal&#xD;
 E3:     	- F-wireLength&#xD;
 E3:     	- F-wireLevel&#xD;
 E3:     	- F-TapeFoil&#xD;
 E3:     	- F-TapeWrap&#xD;
 E3:     	- F-TapeSpot&#xD;
 E3:     	- F-wireMulticore&#xD;
 E3:     	- F-wireNote&#xD;
 E3:     	- F-OptText&#xD;
 E3:     	- F-wireSpec&#xD;
 E3:     	- F-RoutePath&#xD;
 E3:     	- F-RoutePath2&#xD;
 E3:     	- F-RoutePath3&#xD;
 E3:     	- F-RoutePath4&#xD;
 E3:     	- F-RoutePath5&#xD;
 E3:     	- F-HarnBaseNo&#xD;
 E3:     	- F-harnessLevel&#xD;
 E3: Starting Harness Export export&#xD;
 E3: Mapping file: c:\appveyor\bin\E3.3DRoutingBridge\Mainline\E3.BridgeTest\TestFiles\Designer-31097\TestData\E3_Harness_Export.map&#xD;
 E3: INI file: c:\appveyor\bin\E3.3DRoutingBridge\Mainline\E3.BridgeTest\TestFiles\Designer-31097\TestData\E3_3DRoutingBridge.ini&#xD;
 E3: File written to 'c:\appveyor\bin\E3.3DRoutingBridge\Mainline\E3.BridgeTest\TestFiles\Designer-31097\Results\Designer_31097.xml'&#xD;
 E3: Log file written to 'c:\appveyor\bin\E3.3DRoutingBridge\Mainline\E3.BridgeTest\TestFiles\Designer-31097\Results\HarnessExport_Designer_31097.log'&#xD;
 E3: Export finished.&#xD;
 E3: I - Closing project 'CSLX6T-70000-B__LLC_20171111_OK3' without saving modifications...&#xD;
 E3: Project c:\appveyor\bin\E3.3DRoutingBridge\Mainline\E3.BridgeTest\TestFiles\Designer-31097\TestData\temp.e3s created.&#xD;
 E3: I - Item Validation enabled&#xD;
 E3: I - Validating project&#xD;
 E3: I - Validation enabled for this project&#xD;
 E3: I - Closing project 'temp' without saving modifications...&#xD;
 E3: I - Opening Project  c:\appveyor\bin\E3.3DRoutingBridge\Mainline\E3.BridgeTest\TestFiles\Designer-31138\TestData\Option_2016_17.25.e3s&#xD;
 E3: I - Updating internal structures: 200 cycles up to version 2505...&#xD;
 E3: 2305 &#xD;
 E3: 2306 &#xD;
 E3: 2307 &#xD;
 E3: 2308 &#xD;
 E3: 2309 &#xD;
 E3: 2310 &#xD;
 E3: 2311 &#xD;
 E3: 2312 &#xD;
 E3: 2399 &#xD;
 E3: 2400 &#xD;
 E3: 2401 &#xD;
 E3: 2402 &#xD;
 E3: 2403 &#xD;
 E3: 2404 &#xD;
 E3: 2405 &#xD;
 E3: 2406 &#xD;
 E3: 2407 &#xD;
 E3: 2408 &#xD;
 E3: 2499 &#xD;
 E3: 2500 &#xD;
 E3: 2501 &#xD;
 E3: 2502 &#xD;
 E3: 2503 &#xD;
 E3: 2504 &#xD;
 E3: OK.&#xD;
 E3: Project c:\appveyor\bin\E3.3DRoutingBridge\Mainline\E3.BridgeTest\TestFiles\Designer-31138\TestData\Option_2016_17.25.e3s opened.&#xD;
 E3: W - Project has been opened in READ ONLY mode, you can't save any changes to the existing project!&#xD;
 E3: I - Item Validation enabled&#xD;
 E3: I - Validating project&#xD;
 E3: I - Validation enabled for this project&#xD;
 E3: repair_check_extended(0)&#xD;
 E3: --------------------------------------------------------------------------&#xD;
 E3: consistency check (17)....
&#xD;
 E3: ....
&#xD;
 E3: dump lost....
&#xD;
 E3: ....
&#xD;
 E3: new consistency check (45) and dump lost items (46)....
&#xD;
 E3: ....
&#xD;
 E3: - done -------------------------------------------------------------------
&#xD;
 E3: I - No known issues found&#xD;
 E3: Starting Harness Export export&#xD;
 E3: Mapping file: c:\appveyor\bin\E3.3DRoutingBridge\Mainline\bin\Release\x64\Config\E3_Harness_Export.map&#xD;
 E3: INI file: c:\appveyor\bin\E3.3DRoutingBridge\Mainline\bin\Release\x64\Config\E3_Harness_Export.ini&#xD;
 E3:     Attribute BranchNodeID    : default DISPLAY parameters changed.&#xD;
 E3:     Attribute .AppRef         : default OWNER types changed&#xD;
 E3:     Attribute .AppRef         : default DISPLAY parameters changed.&#xD;
 E3: File written to 'c:\appveyor\bin\E3.3DRoutingBridge\Mainline\E3.BridgeTest\TestFiles\Designer-31138\Results\Designer_31138.xml'&#xD;
 E3: Log file written to 'c:\appveyor\bin\E3.3DRoutingBridge\Mainline\E3.BridgeTest\TestFiles\Designer-31138\Results\HarnessExport_Designer_31138.log'&#xD;
 E3: Export finished.&#xD;
 E3: I - Closing project 'Option_2016_17.25' without saving modifications...&#xD;
 E3: Project c:\appveyor\bin\E3.3DRoutingBridge\Mainline\E3.BridgeTest\TestFiles\Designer-31138\TestData\temp.e3s created.&#xD;
 E3: I - Item Validation enabled&#xD;
 E3: I - Validating project&#xD;
 E3: I - Validation enabled for this project&#xD;
 E3: I - Closing project 'temp' without saving modifications...&#xD;
 E3: I - Opening Project  c:\appveyor\bin\E3.3DRoutingBridge\Mainline\E3.BridgeTest\TestFiles\Designer-31148\TestData\SimpleHarness_2016_17.34.e3s&#xD;
 E3: I - Updating internal structures: 200 cycles up to version 2505...&#xD;
 E3: 2305 &#xD;
 E3: 2306 &#xD;
 E3: 2307 &#xD;
 E3: 2308 &#xD;
 E3: 2309 &#xD;
 E3: 2310 &#xD;
 E3: 2311 &#xD;
 E3: 2312 &#xD;
 E3: 2399 &#xD;
 E3: 2400 &#xD;
 E3: 2401 &#xD;
 E3: 2402 &#xD;
 E3: 2403 &#xD;
 E3: 2404 &#xD;
 E3: 2405 &#xD;
 E3: 2406 &#xD;
 E3: 2407 &#xD;
 E3: 2408 &#xD;
 E3: 2499 &#xD;
 E3: 2500 &#xD;
 E3: 2501 &#xD;
 E3: 2502 &#xD;
 E3: 2503 &#xD;
 E3: 2504 &#xD;
 E3: OK.&#xD;
 E3: Project c:\appveyor\bin\E3.3DRoutingBridge\Mainline\E3.BridgeTest\TestFiles\Designer-31148\TestData\SimpleHarness_2016_17.34.e3s opened.&#xD;
 E3: W - Project has been opened in READ ONLY mode, you can't save any changes to the existing project!&#xD;
 E3: I - Item Validation enabled&#xD;
 E3: I - Validating project&#xD;
 E3: I - Validation enabled for this project&#xD;
 E3: repair_check_extended(0)&#xD;
 E3: --------------------------------------------------------------------------&#xD;
 E3: consistency check (17)....
&#xD;
 E3: ....
&#xD;
 E3: dump lost....
&#xD;
 E3: ....
&#xD;
 E3: new consistency check (45) and dump lost items (46)....
&#xD;
 E3: ....
&#xD;
 E3: - done -------------------------------------------------------------------
&#xD;
 E3: I - No known issues found&#xD;
 E3: Starting Harness Export export&#xD;
 E3: Mapping file: c:\appveyor\bin\E3.3DRoutingBridge\Mainline\bin\Release\x64\Config\E3_Harness_Export.map&#xD;
 E3: INI file: c:\appveyor\bin\E3.3DRoutingBridge\Mainline\bin\Release\x64\Config\E3_Harness_Export.ini&#xD;
 E3:     Attribute BranchNodeID    : default DISPLAY parameters changed.&#xD;
 E3:     Attribute .AppRef         : default OWNER types changed&#xD;
 E3:     Attribute .AppRef         : default DISPLAY parameters changed.&#xD;
 E3: File written to 'c:\appveyor\bin\E3.3DRoutingBridge\Mainline\E3.BridgeTest\TestFiles\Designer-31148\Results\Designer_31148.xml'&#xD;
 E3: Log file written to 'c:\appveyor\bin\E3.3DRoutingBridge\Mainline\E3.BridgeTest\TestFiles\Designer-31148\Results\HarnessExport_Designer_31148.log'&#xD;
 E3: Export finished.&#xD;
 E3: I - Closing project 'SimpleHarness_2016_17.34' without saving modifications...&#xD;
 E3: Project c:\appveyor\bin\E3.3DRoutingBridge\Mainline\E3.BridgeTest\TestFiles\Designer-31148\TestData\temp.e3s created.&#xD;
 E3: I - Item Validation enabled&#xD;
 E3: I - Validating project&#xD;
 E3: I - Validation enabled for this project&#xD;
 E3: I - Closing project 'temp' without saving modifications...&#xD;
 E3: I - Opening Project  c:\appveyor\bin\E3.3DRoutingBridge\Mainline\E3.BridgeTest\TestFiles\Designer-31227\TestData\RE00000102_22.e3s&#xD;
 E3: I - Updating internal structures: 200 cycles up to version 2505...&#xD;
 E3: 2305 &#xD;
 E3: 2306 &#xD;
 E3: 2307 &#xD;
 E3: 2308 &#xD;
 E3: 2309 &#xD;
 E3: 2310 &#xD;
 E3: 2311 &#xD;
 E3: 2312 &#xD;
 E3: 2399 &#xD;
 E3: 2400 &#xD;
 E3: 2401 &#xD;
 E3: 2402 &#xD;
 E3: 2403 &#xD;
 E3: 2404 &#xD;
 E3: 2405 &#xD;
 E3: 2406 &#xD;
 E3: 2407 &#xD;
 E3: 2408 &#xD;
 E3: 2499 &#xD;
 E3: 2500 &#xD;
 E3: 2501 &#xD;
 E3: 2502 &#xD;
 E3: 2503 &#xD;
 E3: 2504 &#xD;
 E3: OK.&#xD;
 E3: Project c:\appveyor\bin\E3.3DRoutingBridge\Mainline\E3.BridgeTest\TestFiles\Designer-31227\TestData\RE00000102_22.e3s opened.&#xD;
 E3: W - Project has been opened in READ ONLY mode, you can't save any changes to the existing project!&#xD;
 E3: I - Item Validation enabled&#xD;
 E3: I - Validating project&#xD;
 E3: E - CCID:002537:  CONPIN_ITEM/517475 (0-18-0-1720f0)::netlst points to STRING_ITEM/10781054 with invalid item type&#xD;
 E3: W - Validation not enabled for this project, because it already contains some errors!&#xD;
 E3: repair_check_extended(0)&#xD;
 E3: --------------------------------------------------------------------------&#xD;
 E3: consistency check (17)....
&#xD;
 E3: I - check_connector_symbol( 228678 (0-3a-0-5964f1) ): The connection and symbol origin of a connector symbol 'Cut end_D' are not on the same y-Position.&#xD;
 E3: I - check_connector_symbol( 230306 (0-3a-0-5964fd) ): The connection and symbol origin of a connector symbol 'CUT_END_D' are not on the same y-Position.&#xD;
 E3: E - CCID:001028:  CONPIN_ITEM/517475 (0-18-0-1720f0): netlst:STRING_ITEM/10781054 &#xD;
 E3: W - chain\validate_this: 10781054 is invalid&#xD;
 E3: I - check_connector_symbol( 8187762 (0-3a-0-88babe) ): The connection and symbol origin of a connector symbol '7239/0063_D2' are not on the same y-Position.&#xD;
 E3: I - check_connector_symbol( 8187828 (0-3a-0-88bab6) ): The connection and symbol origin of a connector symbol '7239/0063_D' are not on the same y-Position.&#xD;
 E3: E - CCID:001170:  check_node( 8273754 (0-50-0-88b91e) ): At this position ( -1760 |-1280 ) of Sheet(12061) exists another Node(1262171), which is not connected.&#xD;
 E3: E - CCID:001170:  check_node( 8275404 (0-50-0-88b81a) ): At this position ( -1760 |-2040 ) of Sheet(12061) exists another Node(216377), which is not connected.&#xD;
 E3: I - check_connector_symbol( 8324623 (0-3a-0-88b3fb) ): The connection and symbol origin of a connector symbol '7219/0289_D' are not on the same y-Position.&#xD;
 E3: E - CCID:001170:  check_node( 9846243 (0-50-0-887e4c) ): At this position ( -1760 |-1520 ) of Sheet(12061) exists another Node(2118944), which is not connected.&#xD;
 E3: E - CCID:001170:  check_node( 9846427 (0-50-0-887e31) ): At this position ( -1440 |-1120 ) of Sheet(12061) exists another Node(2131298), which is not connected.&#xD;
 E3: E - CCID:001170:  check_node( 9846795 (0-50-0-887dfb) ): At this position ( -1760 |-520 ) of Sheet(12061) exists another Node(219526), which is not connected.&#xD;
 E3: E - CCID:002116:  check_sheet_unique_sheet_id( 'SHEET_ITEM/10283696 (0-32-0-867a3c)' ): unique sheet id: '0-32-0-7e12da250820150930' is not unique in project ( 'SHEET_ITEM/10268299 (0-32-0-867d29)' )&#xD;
 E3: E - CCID:002116:  check_sheet_unique_sheet_id( 'SHEET_ITEM/10331474 (0-32-0-8b014d)' ): unique sheet id: '0-32-0-7e0edb250820150907' is not unique in project ( 'SHEET_ITEM/10315942 (0-32-0-8b043a)' )&#xD;
 E3: I - check_connector_symbol( 10489699 (0-3a-0-80b5b7) ): The connection and symbol origin of a connector symbol '7235/0006_D2' are not on the same y-Position.&#xD;
 E3: I - check_connector_symbol( 10489785 (0-3a-0-80b5af) ): The connection and symbol origin of a connector symbol '7235/0006_D' are not on the same y-Position.&#xD;
 E3: I - check_connector_symbol( 10491491 (0-3a-0-80b588) ): The connection and symbol origin of a connector symbol '7234/0008_D' are not on the same y-Position.&#xD;
 E3: I - check_connector_symbol( 10498195 (0-3a-0-80b4c3) ): The connection and symbol origin of a connector symbol '7231/0011_D' are not on the same y-Position.&#xD;
 E3: I - check_connector_symbol( 10501307 (0-3a-0-80b463) ): The connection and symbol origin of a connector symbol '7231/0008_D' are not on the same y-Position.&#xD;
 E3: I - check_connector_symbol( 10503572 (0-3a-0-80b42d) ): The connection and symbol origin of a connector symbol '7220/0059_D' are not on the same y-Position.&#xD;
 E3: I - check_connector_symbol( 10510270 (0-3a-0-80b3a0) ): The connection and symbol origin of a connector symbol '7219/0233_D' are not on the same y-Position.&#xD;
 E3: I - check_connector_symbol( 10514103 (0-3a-0-80b352) ): The connection and symbol origin of a connector symbol '7219/0231_D' are not on the same y-Position.&#xD;
 E3: I - check_connector_symbol( 10514447 (0-3a-0-80b342) ): The connection and symbol origin of a connector symbol '7219/0225_D2' are not on the same y-Position.&#xD;
 E3: I - check_connector_symbol( 10522024 (0-3a-0-80b302) ): The connection and symbol origin of a connector symbol '7219/0214_D' are not on the same y-Position.&#xD;
 E3: I - check_connector_symbol( 10522613 (0-3a-0-80b2e9) ): The connection and symbol origin of a connector symbol '7219/0210_D2' are not on the same y-Position.&#xD;
 E3: I - check_connector_symbol( 10532038 (0-3a-0-80b255) ): The connection and symbol origin of a connector symbol '7219/0162_D' are not on the same y-Position.&#xD;
 E3: I - check_connector_symbol( 10535498 (0-3a-0-80b21f) ): The connection and symbol origin of a connector symbol '7219/0141_D' are not on the same y-Position.&#xD;
 E3: I - check_connector_symbol( 10545191 (0-3a-0-80b166) ): The connection and symbol origin of a connector symbol '7219/0075_D' are not on the same y-Position.&#xD;
 E3: I - check_connector_symbol( 10547768 (0-3a-0-80b0f3) ): The connection and symbol origin of a connector symbol '7219/0023_D' are not on the same y-Position.&#xD;
 E3: I - check_connector_symbol( 10551775 (0-3a-0-80b087) ): The connection and symbol origin of a connector symbol '7219/0014_D' are not on the same y-Position.&#xD;
 E3: I - check_connector_symbol( 10553272 (0-3a-0-80b060) ): The connection and symbol origin of a connector symbol '7219/0013_D' are not on the same y-Position.&#xD;
 E3: I - check_connector_symbol( 10556602 (0-3a-0-80afed) ): The connection and symbol origin of a connector symbol '7218/0072_D2' are not on the same y-Position.&#xD;
 E3: I - check_connector_symbol( 10559336 (0-3a-0-80afa5) ): The connection and symbol origin of a connector symbol '7218/0020_D2' are not on the same y-Position.&#xD;
 E3: I - check_connector_symbol( 10562579 (0-3a-0-80af84) ): The connection and symbol origin of a connector symbol '7218/0018_D2' are not on the same y-Position.&#xD;
 E3: I - check_connector_symbol( 10566928 (0-3a-0-80af31) ): The connection and symbol origin of a connector symbol '7216/0063_D2' are not on the same y-Position.&#xD;
 E3: I - check_connector_symbol( 10568147 (0-3a-0-80af26) ): The connection and symbol origin of a connector symbol '7216/0063_D' are not on the same y-Position.&#xD;
 E3: I - check_connector_symbol( 10571184 (0-3a-0-80aeee) ): The connection and symbol origin of a connector symbol '7216/0059_D2' are not on the same y-Position.&#xD;
 E3: I - check_connector_symbol( 10572882 (0-3a-0-80aee0) ): The connection and symbol origin of a connector symbol '7216/0059_D' are not on the same y-Position.&#xD;
 E3: I - check_connector_symbol( 10592422 (0-3a-0-80adc5) ): The connection and symbol origin of a connector symbol '7215/0014-1_D2' are not on the same y-Position.&#xD;
 E3: I - check_connector_symbol( 10615983 (0-3a-0-80ac3b) ): The connection and symbol origin of a connector symbol '7214/0002_D' are not on the same y-Position.&#xD;
 E3: I - check_connector_symbol( 10642743 (0-3a-0-80aa43) ): The connection and symbol origin of a connector symbol '7212/0157_D2' are not on the same y-Position.&#xD;
 E3: I - check_connector_symbol( 10644614 (0-3a-0-80aa38) ): The connection and symbol origin of a connector symbol '7212/0157_D' are not on the same y-Position.&#xD;
 E3: I - check_connector_symbol( 10644797 (0-3a-0-80aa28) ): The connection and symbol origin of a connector symbol '7212/0148_D2' are not on the same y-Position.&#xD;
 E3: I - check_connector_symbol( 10645760 (0-3a-0-80aa10) ): The connection and symbol origin of a connector symbol '7212/0113_D2' are not on the same y-Position.&#xD;
 E3: I - check_connector_symbol( 10649142 (0-3a-0-80a9e2) ): The connection and symbol origin of a connector symbol '7212/0098_D2' are not on the same y-Position.&#xD;
 E3: I - check_connector_symbol( 10651405 (0-3a-0-80a9cb) ): The connection and symbol origin of a connector symbol '7212/0097_D2' are not on the same y-Position.&#xD;
 E3: I - check_connector_symbol( 10654920 (0-3a-0-80a99b) ): The connection and symbol origin of a connector symbol '7212/0094_D2' are not on the same y-Position.&#xD;
 E3: E - CCID:002116:  check_sheet_unique_sheet_id( 'SHEET_ITEM/10664281 (0-32-0-8a8601)' ): unique sheet id: '0-32-0-7dfc41240820151704' is not unique in project ( 'SHEET_ITEM/10627453 (0-32-0-8a80a1)' )&#xD;
 E3: I - check_connector_symbol( 10668696 (0-3a-0-80a96b) ): The connection and symbol origin of a connector symbol '7212/0092_D2' are not on the same y-Position.&#xD;
 E3: E - CCID:001170:  check_node( 10673057 (0-50-0-7ec3be) ): At this position ( -1560 |-1520 ) of Sheet(12061) exists another Node(9846242), which is not connected.&#xD;
 E3: E - CCID:002116:  check_sheet_unique_sheet_id( 'SHEET_ITEM/10677721 (0-32-0-8819e6)' ): unique sheet id: '0-32-0-7abe98170620151448' is not unique in project ( 'SHEET_ITEM/10625575 (0-32-0-8816f9)' )&#xD;
 E3: E - CCID:002116:  check_sheet_unique_sheet_id( 'SHEET_ITEM/10689525 (0-32-0-8aac38)' ): unique sheet id: '0-32-0-7ab086170620151446' is not unique in project ( 'SHEET_ITEM/10633651 (0-32-0-8aa6d8)' )&#xD;
 E3: E - CCID:002116:  check_sheet_unique_sheet_id( 'SHEET_ITEM/10697178 (0-32-0-8af77f)' ): unique sheet id: '0-32-0-7deddb240820151702' is not unique in project ( 'SHEET_ITEM/10638150 (0-32-0-8af21f)' )&#xD;
 E3: E - CCID:002116:  check_sheet_unique_sheet_id( 'SHEET_ITEM/10698746 (0-32-0-8a8b60)' ): unique sheet id: '0-32-0-7dfc41240820151704' is not unique in project ( 'SHEET_ITEM/10627453 (0-32-0-8a80a1)' )&#xD;
 E3: E - CCID:001170:  check_node( 10704214 (0-50-0-7ed1fd) ): At this position ( -2040 |-2520 ) of Sheet(245332) exists another Node(9845875), which is not connected.&#xD;
 E3: E - CCID:001170:  check_node( 10716206 (0-50-0-7ec272) ): At this position ( -1560 |-520 ) of Sheet(12061) exists another Node(9846794), which is not connected.&#xD;
 E3: E - CCID:001170:  check_node( 10717446 (0-50-0-7ec411) ): At this position ( -1560 |-1800 ) of Sheet(12061) exists another Node(9846058), which is not connected.&#xD;
 E3: E - CCID:002116:  check_sheet_unique_sheet_id( 'SHEET_ITEM/10730901 (0-32-0-8ab197)' ): unique sheet id: '0-32-0-7ab086170620151446' is not unique in project ( 'SHEET_ITEM/10633651 (0-32-0-8aa6d8)' )&#xD;
 E3: E - CCID:002116:  check_sheet_unique_sheet_id( 'SHEET_ITEM/10742056 (0-32-0-8afcde)' ): unique sheet id: '0-32-0-7deddb240820151702' is not unique in project ( 'SHEET_ITEM/10638150 (0-32-0-8af21f)' )&#xD;
 E3: I - check_connector_symbol( 10748244 (0-3a-0-80a517) ): The connection and symbol origin of a connector symbol '7211/0013_D2' are not on the same y-Position.&#xD;
 E3: I - check_connector_symbol( 10765388 (0-3a-0-80a4b4) ): The connection and symbol origin of a connector symbol '332/T8670_D2' are not on the same y-Position.&#xD;
 E3: E - CCID:001170:  check_node( 10776606 (0-50-0-7ec2c0) ): At this position ( -1760 |-920 ) of Sheet(12061) exists another Node(9846611), which is not connected.&#xD;
 E3: I - check_connector_symbol( 10782953 (0-3a-0-7cbbf8) ): The connection and symbol origin of a connector symbol 'Ring Lug Straight_D' are not on the same y-Position.&#xD;
 E3: E - CCID:001170:  check_node( 10811837 (0-50-0-7ec2c5) ): At this position ( -1560 |-920 ) of Sheet(12061) exists another Node(9846610), which is not connected.&#xD;
 E3: I - check_connector_symbol( 10819606 (0-3a-0-88c260) ): The connection and symbol origin of a connector symbol '7212/0044_D' are not on the same y-Position.&#xD;
 E3: I - check_connector_symbol( 10843905 (0-3a-0-88c2c7) ): The connection and symbol origin of a connector symbol '7238/0003_D' are not on the same y-Position.&#xD;
 E3: E - CCID:001170:  check_node( 10844640 (0-50-0-7ec40c) ): At this position ( -1760 |-1800 ) of Sheet(12061) exists another Node(9846059), which is not connected.&#xD;
 E3: E - CCID:001170:  check_node( 10863611 (0-50-0-7ed202) ): At this position ( -1840 |-2520 ) of Sheet(245332) exists another Node(9845874), which is not connected.&#xD;
 E3: I - check_connector_symbol( 10869071 (0-3a-0-88c223) ): The connection and symbol origin of a connector symbol '7204/0408_D' are not on the same y-Position.&#xD;
 E3: E - CCID:001170:  check_node( 10886842 (0-50-0-7ec313) ): At this position ( -1440 |-720 ) of Sheet(12061) exists another Node(9845691), which is not connected.&#xD;
 E3: I - check_connector_symbol( 10903540 (0-3a-0-7e95be) ): The connection and symbol origin of a connector symbol '7201/0451_D' are not on the same y-Position.&#xD;
 E3: E - CCID:001170:  check_node( 10903582 (0-50-0-5952a7) ): At this position ( -1560 |-1280 ) of Sheet(12061) exists another Node(8273692), which is not connected.&#xD;
 E3: E - CCID:001170:  check_node( 10904590 (0-50-0-7ec318) ): At this position ( -1240 |-720 ) of Sheet(12061) exists another Node(9845690), which is not connected.&#xD;
 E3: I - check_connector_symbol( 10905235 (0-3a-0-7cbbef) ): The connection and symbol origin of a connector symbol 'Ring Lug 90 Deg_D' are not on the same y-Position.&#xD;
 E3: E - CCID:001170:  check_node( 10925272 (0-50-0-5952b7) ): At this position ( -1560 |-2040 ) of Sheet(12061) exists another Node(8275342), which is not connected.&#xD;
 E3: I - check_connector_symbol( 10928599 (0-3a-0-80a36e) ): The connection and symbol origin of a connector symbol '332/C8190_D2' are not on the same y-Position.&#xD;
 E3: E - CCID:001170:  check_node( 10933340 (0-50-0-7ec36b) ): At this position ( -1240 |-1120 ) of Sheet(12061) exists another Node(9846426), which is not connected.&#xD;
 E3: I - check_connector_symbol( 10954135 (0-3a-0-596bfa) ): The connection and symbol origin of a connector symbol 'Ring Terminals_D' are not on the same y-Position.&#xD;
 E3: I - check_connector_symbol( 10975162 (0-3a-0-84bb6b) ): The connection and symbol origin of a connector symbol '332/S2204_D' are not on the same y-Position.&#xD;
 E3: E - CCID:001170:  check_node( 10977976 (0-50-0-7ca264) ): At this position ( -4680 |-2720 ) of Sheet(10781633) exists another Node(10668148), which is not connected.&#xD;
 E3: E - CCID:002410:  check_graph( 10984919 (0-56-0-40635d) ): GRAPH_ITEM from type 'protection' with varptr '11002271' found!&#xD;
 E3: E - CCID:002410:  check_graph( 10984920 (0-56-0-40635c) ): GRAPH_ITEM from type 'protection' with varptr '11001040' found!&#xD;
 E3: E - CCID:002410:  check_graph( 10984921 (0-56-0-40635b) ): GRAPH_ITEM from type 'protection' with varptr '11001088' found!&#xD;
 E3: E - CCID:002410:  check_graph( 10984922 (0-56-0-40635a) ): GRAPH_ITEM from type 'protection' with varptr '11001306' found!&#xD;
 E3: E - CCID:002410:  check_graph( 10984923 (0-56-0-406359) ): GRAPH_ITEM from type 'protection' with varptr '11001757' found!&#xD;
 E3: E - CCID:002410:  check_graph( 10984924 (0-56-0-406358) ): GRAPH_ITEM from type 'protection' with varptr '11001864' found!&#xD;
 E3: E - CCID:002410:  check_graph( 10984929 (0-56-0-406357) ): GRAPH_ITEM from type 'protection' with varptr '11002056' found!&#xD;
 E3: E - CCID:002410:  check_graph( 10984930 (0-56-0-406356) ): GRAPH_ITEM from type 'protection' with varptr '11002191' found!&#xD;
 E3: E - CCID:002410:  check_graph( 10984931 (0-56-0-406355) ): GRAPH_ITEM from type 'protection' with varptr '11005024' found!&#xD;
 E3: E - CCID:002410:  check_graph( 10984933 (0-56-0-406354) ): GRAPH_ITEM from type 'protection' with varptr '11002899' found!&#xD;
 E3: E - CCID:002410:  check_graph( 10984934 (0-56-0-406353) ): GRAPH_ITEM from type 'protection' with varptr '11003428' found!&#xD;
 E3: E - CCID:002410:  check_graph( 10984935 (0-56-0-406352) ): GRAPH_ITEM from type 'protection' with varptr '11003709' found!&#xD;
 E3: E - CCID:002410:  check_graph( 10984944 (0-56-0-406351) ): GRAPH_ITEM from type 'protection' with varptr '11003944' found!&#xD;
 E3: E - CCID:002410:  check_graph( 10984945 (0-56-0-406350) ): GRAPH_ITEM from type 'protection' with varptr '11004347' found!&#xD;
 E3: E - CCID:002410:  check_graph( 10984946 (0-56-0-40634f) ): GRAPH_ITEM from type 'protection' with varptr '11004507' found!&#xD;
 E3: E - CCID:002410:  check_graph( 10984947 (0-56-0-40634e) ): GRAPH_ITEM from type 'protection' with varptr '11004967' found!&#xD;
 E3: E - CCID:002410:  check_graph( 10984948 (0-56-0-40634d) ): GRAPH_ITEM from type 'protection' with varptr '11007369' found!&#xD;
 E3: E - CCID:002410:  check_graph( 10984949 (0-56-0-40634c) ): GRAPH_ITEM from type 'protection' with varptr '11005372' found!&#xD;
 E3: E - CCID:002410:  check_graph( 10984950 (0-56-0-40634b) ): GRAPH_ITEM from type 'protection' with varptr '11005925' found!&#xD;
 E3: E - CCID:002410:  check_graph( 10984951 (0-56-0-40634a) ): GRAPH_ITEM from type 'protection' with varptr '11006207' found!&#xD;
 E3: E - CCID:002410:  check_graph( 10984952 (0-56-0-406349) ): GRAPH_ITEM from type 'protection' with varptr '11006442' found!&#xD;
 E3: E - CCID:002410:  check_graph( 10984953 (0-56-0-406348) ): GRAPH_ITEM from type 'protection' with varptr '11006558' found!&#xD;
 E3: E - CCID:002410:  check_graph( 10984954 (0-56-0-406347) ): GRAPH_ITEM from type 'protection' with varptr '11006973' found!&#xD;
 E3: E - CCID:002410:  check_graph( 10984955 (0-56-0-406346) ): GRAPH_ITEM from type 'protection' with varptr '11007233' found!&#xD;
 E3: E - CCID:002410:  check_graph( 10984956 (0-56-0-406345) ): GRAPH_ITEM from type 'protection' with varptr '11009729' found!&#xD;
 E3: E - CCID:002410:  check_graph( 10984957 (0-56-0-406344) ): GRAPH_ITEM from type 'protection' with varptr '11009408' found!&#xD;
 E3: E - CCID:002410:  check_graph( 10984958 (0-56-0-406343) ): GRAPH_ITEM from type 'protection' with varptr '11007486' found!&#xD;
 E3: E - CCID:002410:  check_graph( 10984959 (0-56-0-406342) ): GRAPH_ITEM from type 'protection' with varptr '11007624' found!&#xD;
 E3: E - CCID:002410:  check_graph( 10984960 (0-56-0-406341) ): GRAPH_ITEM from type 'protection' with varptr '11007996' found!&#xD;
 E3: E - CCID:002410:  check_graph( 10984961 (0-56-0-406340) ): GRAPH_ITEM from type 'protection' with varptr '11008204' found!&#xD;
 E3: E - CCID:002410:  check_graph( 10984962 (0-56-0-40633f) ): GRAPH_ITEM from type 'protection' with varptr '11008507' found!&#xD;
 E3: E - CCID:002410:  check_graph( 10984963 (0-56-0-40633e) ): GRAPH_ITEM from type 'protection' with varptr '11008686' found!&#xD;
 E3: E - CCID:002410:  check_graph( 10984964 (0-56-0-40633d) ): GRAPH_ITEM from type 'protection' with varptr '11008777' found!&#xD;
 E3: E - CCID:002410:  check_graph( 10984965 (0-56-0-40633c) ): GRAPH_ITEM from type 'protection' with varptr '11011892' found!&#xD;
 E3: E - CCID:002410:  check_graph( 10984966 (0-56-0-40633b) ): GRAPH_ITEM from type 'protection' with varptr '11009808' found!&#xD;
 E3: E - CCID:002410:  check_graph( 10984967 (0-56-0-40633a) ): GRAPH_ITEM from type 'protection' with varptr '11010459' found!&#xD;
 E3: E - CCID:002410:  check_graph( 10984968 (0-56-0-406339) ): GRAPH_ITEM from type 'protection' with varptr '11010718' found!&#xD;
 E3: E - CCID:002410:  check_graph( 10984969 (0-56-0-406338) ): GRAPH_ITEM from type 'protection' with varptr '11011071' found!&#xD;
 E3: E - CCID:002410:  check_graph( 10984970 (0-56-0-406337) ): GRAPH_ITEM from type 'protection' with varptr '11011243' found!&#xD;
 E3: E - CCID:002410:  check_graph( 10984971 (0-56-0-406336) ): GRAPH_ITEM from type 'protection' with varptr '11011693' found!&#xD;
 E3: E - CCID:002410:  check_graph( 10984972 (0-56-0-406335) ): GRAPH_ITEM from type 'protection' with varptr '11011811' found!&#xD;
 E3: E - CCID:002410:  check_graph( 10984973 (0-56-0-406334) ): GRAPH_ITEM from type 'protection' with varptr '11014165' found!&#xD;
 E3: E - CCID:002410:  check_graph( 10984974 (0-56-0-406333) ): GRAPH_ITEM from type 'protection' with varptr '11011977' found!&#xD;
 E3: E - CCID:002410:  check_graph( 10984975 (0-56-0-406332) ): GRAPH_ITEM from type 'protection' with varptr '11012288' found!&#xD;
 E3: E - CCID:002410:  check_graph( 10984976 (0-56-0-406331) ): GRAPH_ITEM from type 'protection' with varptr '11012586' found!&#xD;
 E3: E - CCID:002410:  check_graph( 10984977 (0-56-0-406330) ): GRAPH_ITEM from type 'protection' with varptr '11012721' found!&#xD;
 E3: E - CCID:002410:  check_graph( 10984978 (0-56-0-40632f) ): GRAPH_ITEM from type 'protection' with varptr '11012869' found!&#xD;
 E3: E - CCID:002410:  check_graph( 10984979 (0-56-0-40632e) ): GRAPH_ITEM from type 'protection' with varptr '11013294' found!&#xD;
 E3: E - CCID:002410:  check_graph( 10984980 (0-56-0-40632d) ): GRAPH_ITEM from type 'protection' with varptr '11013629' found!&#xD;
 E3: E - CCID:002410:  check_graph( 10984981 (0-56-0-40632c) ): GRAPH_ITEM from type 'protection' with varptr '11015401' found!&#xD;
 E3: E - CCID:002410:  check_graph( 10984982 (0-56-0-40632b) ): GRAPH_ITEM from type 'protection' with varptr '11014266' found!&#xD;
 E3: E - CCID:002410:  check_graph( 10984983 (0-56-0-40632a) ): GRAPH_ITEM from type 'protection' with varptr '11014394' found!&#xD;
 E3: E - CCID:002410:  check_graph( 10984984 (0-56-0-406329) ): GRAPH_ITEM from type 'protection' with varptr '11014649' found!&#xD;
 E3: E - CCID:002410:  check_graph( 10984985 (0-56-0-406328) ): GRAPH_ITEM from type 'protection' with varptr '11014990' found!&#xD;
 E3: E - CCID:002410:  check_graph( 10984986 (0-56-0-406327) ): GRAPH_ITEM from type 'protection' with varptr '11015068' found!&#xD;
 E3: E - CCID:002410:  check_graph( 10984987 (0-56-0-406326) ): GRAPH_ITEM from type 'protection' with varptr '11015212' found!&#xD;
 E3: E - CCID:002410:  check_graph( 10984988 (0-56-0-406325) ): GRAPH_ITEM from type 'protection' with varptr '11015254' found!&#xD;
 E3: E - CCID:002410:  check_graph( 10984989 (0-56-0-406324) ): GRAPH_ITEM from type 'protection' with varptr '11016920' found!&#xD;
 E3: E - CCID:002410:  check_graph( 10984990 (0-56-0-406323) ): GRAPH_ITEM from type 'protection' with varptr '11015611' found!&#xD;
 E3: E - CCID:002410:  check_graph( 10984991 (0-56-0-406322) ): GRAPH_ITEM from type 'protection' with varptr '11016055' found!&#xD;
 E3: E - CCID:002410:  check_graph( 10984992 (0-56-0-406321) ): GRAPH_ITEM from type 'protection' with varptr '11016470' found!&#xD;
 E3: E - CCID:002410:  check_graph( 10984993 (0-56-0-406320) ): GRAPH_ITEM from type 'protection' with varptr '11016552' found!&#xD;
 E3: E - CCID:002410:  check_graph( 10984994 (0-56-0-40631f) ): GRAPH_ITEM from type 'protection' with varptr '11016584' found!&#xD;
 E3: E - CCID:002410:  check_graph( 10984995 (0-56-0-40631e) ): GRAPH_ITEM from type 'protection' with varptr '11016738' found!&#xD;
 E3: E - CCID:002410:  check_graph( 10984996 (0-56-0-40631d) ): GRAPH_ITEM from type 'protection' with varptr '11016829' found!&#xD;
 E3: E - CCID:002410:  check_graph( 10984997 (0-56-0-40631c) ): GRAPH_ITEM from type 'protection' with varptr '11017463' found!&#xD;
 E3: E - CCID:002410:  check_graph( 10984998 (0-56-0-40631b) ): GRAPH_ITEM from type 'protection' with varptr '11017082' found!&#xD;
 E3: E - CCID:002410:  check_graph( 10984999 (0-56-0-40631a) ): GRAPH_ITEM from type 'protection' with varptr '11017214' found!&#xD;
 E3: E - CCID:002410:  check_graph( 10985000 (0-56-0-406319) ): GRAPH_ITEM from type 'protection' with varptr '11017340' found!&#xD;
 E3: E - CCID:002410:  check_graph( 10985001 (0-56-0-406318) ): GRAPH_ITEM from type 'protection' with varptr '11017357' found!&#xD;
 E3: E - CCID:002410:  check_graph( 10985002 (0-56-0-406317) ): GRAPH_ITEM from type 'protection' with varptr '11017383' found!&#xD;
 E3: E - CCID:002410:  check_graph( 10985003 (0-56-0-406316) ): GRAPH_ITEM from type 'protection' with varptr '11017390' found!&#xD;
 E3: E - CCID:002410:  check_graph( 10985004 (0-56-0-406315) ): GRAPH_ITEM from type 'protection' with varptr '11017411' found!&#xD;
 E3: E - CCID:002410:  check_graph( 10985005 (0-56-0-406314) ): GRAPH_ITEM from type 'protection' with varptr '11019187' found!&#xD;
 E3: E - CCID:002410:  check_graph( 10985006 (0-56-0-406313) ): GRAPH_ITEM from type 'protection' with varptr '11017580' found!&#xD;
 E3: E - CCID:002410:  check_graph( 10985007 (0-56-0-406312) ): GRAPH_ITEM from type 'protection' with varptr '11017962' found!&#xD;
 E3: E - CCID:002410:  check_graph( 10985008 (0-56-0-406311) ): GRAPH_ITEM from type 'protection' with varptr '11018195' found!&#xD;
 E3: E - CCID:002410:  check_graph( 10985009 (0-56-0-406310) ): GRAPH_ITEM from type 'protection' with varptr '11018414' found!&#xD;
 E3: E - CCID:002410:  check_graph( 10985010 (0-56-0-40630f) ): GRAPH_ITEM from type 'protection' with varptr '11018615' found!&#xD;
 E3: E - CCID:002410:  check_graph( 10985011 (0-56-0-40630e) ): GRAPH_ITEM from type 'protection' with varptr '11018626' found!&#xD;
 E3: E - CCID:002410:  check_graph( 10985012 (0-56-0-40630d) ): GRAPH_ITEM from type 'protection' with varptr '11018834' found!&#xD;
 E3: E - CCID:002410:  check_graph( 10985013 (0-56-0-40630c) ): GRAPH_ITEM from type 'protection' with varptr '11021691' found!&#xD;
 E3: E - CCID:002410:  check_graph( 10985014 (0-56-0-40630b) ): GRAPH_ITEM from type 'protection' with varptr '11019365' found!&#xD;
 E3: E - CCID:002410:  check_graph( 10985015 (0-56-0-40630a) ): GRAPH_ITEM from type 'protection' with varptr '11019521' found!&#xD;
 E3: E - CCID:002410:  check_graph( 10985016 (0-56-0-406309) ): GRAPH_ITEM from type 'protection' with varptr '11019760' found!&#xD;
 E3: E - CCID:002410:  check_graph( 10985017 (0-56-0-406308) ): GRAPH_ITEM from type 'protection' with varptr '11019984' found!&#xD;
 E3: E - CCID:002410:  check_graph( 10985018 (0-56-0-406307) ): GRAPH_ITEM from type 'protection' with varptr '11020048' found!&#xD;
 E3: E - CCID:002410:  check_graph( 10985019 (0-56-0-406306) ): GRAPH_ITEM from type 'protection' with varptr '11020453' found!&#xD;
 E3: E - CCID:002410:  check_graph( 10985020 (0-56-0-406305) ): GRAPH_ITEM from type 'protection' with varptr '11021567' found!&#xD;
 E3: E - CCID:002410:  check_graph( 10985021 (0-56-0-406304) ): GRAPH_ITEM from type 'protection' with varptr '11023355' found!&#xD;
 E3: E - CCID:002410:  check_graph( 10985022 (0-56-0-406303) ): GRAPH_ITEM from type 'protection' with varptr '11021813' found!&#xD;
 E3: E - CCID:002410:  check_graph( 10985023 (0-56-0-406302) ): GRAPH_ITEM from type 'protection' with varptr '11021875' found!&#xD;
 E3: E - CCID:002410:  check_graph( 10985024 (0-56-0-406301) ): GRAPH_ITEM from type 'protection' with varptr '11022377' found!&#xD;
 E3: E - CCID:002410:  check_graph( 10985025 (0-56-0-406300) ): GRAPH_ITEM from type 'protection' with varptr '11022598' found!&#xD;
 E3: E - CCID:002410:  check_graph( 10985026 (0-56-0-4062ff) ): GRAPH_ITEM from type 'protection' with varptr '11022645' found!&#xD;
 E3: E - CCID:002410:  check_graph( 10985027 (0-56-0-4062fe) ): GRAPH_ITEM from type 'protection' with varptr '11023139' found!&#xD;
 E3: E - CCID:002410:  check_graph( 10985028 (0-56-0-4062fd) ): GRAPH_ITEM from type 'protection' with varptr '11023342' found!&#xD;
 E3: E - CCID:002410:  check_graph( 10985029 (0-56-0-4062fc) ): GRAPH_ITEM from type 'protection' with varptr '11025275' found!&#xD;
 E3: E - CCID:002410:  check_graph( 10985030 (0-56-0-4062fb) ): GRAPH_ITEM from type 'protection' with varptr '11023399' found!&#xD;
 E3: E - CCID:002410:  check_graph( 10985031 (0-56-0-4062fa) ): GRAPH_ITEM from type 'protection' with varptr '11023496' found!&#xD;
 E3: E - CCID:002410:  check_graph( 10985032 (0-56-0-4062f9) ): GRAPH_ITEM from type 'protection' with varptr '11023676' found!&#xD;
 E3: E - CCID:002410:  check_graph( 10985033 (0-56-0-4062f8) ): GRAPH_ITEM from type 'protection' with varptr '11023938' found!&#xD;
 E3: E - CCID:002410:  check_graph( 10985034 (0-56-0-4062f7) ): GRAPH_ITEM from type 'protection' with varptr '11024336' found!&#xD;
 E3: E - CCID:002410:  check_graph( 10985035 (0-56-0-4062f6) ): GRAPH_ITEM from type 'protection' with varptr '11024406' found!&#xD;
 E3: E - CCID:002410:  check_graph( 10985036 (0-56-0-4062f5) ): GRAPH_ITEM from type 'protection' with varptr '11024908' found!&#xD;
 E3: E - CCID:002410:  check_graph( 10985037 (0-56-0-4062f4) ): GRAPH_ITEM from type 'protection' with varptr '11029094' found!&#xD;
 E3: E - CCID:002410:  check_graph( 10985038 (0-56-0-4062f3) ): GRAPH_ITEM from type 'protection' with varptr '11025574' found!&#xD;
 E3: E - CCID:002410:  check_graph( 10985039 (0-56-0-4062f2) ): GRAPH_ITEM from type 'protection' with varptr '11025739' found!&#xD;
 E3: E - CCID:002410:  check_graph( 10985040 (0-56-0-4062f1) ): GRAPH_ITEM from type 'protection' with varptr '11026104' found!&#xD;
 E3: E - CCID:002410:  check_graph( 10985041 (0-56-0-4062f0) ): GRAPH_ITEM from type 'protection' with varptr '11026987' found!&#xD;
 E3: E - CCID:002410:  check_graph( 10985042 (0-56-0-4062ef) ): GRAPH_ITEM from type 'protection' with varptr '11028446' found!&#xD;
 E3: E - CCID:002410:  check_graph( 10985043 (0-56-0-4062ee) ): GRAPH_ITEM from type 'protection' with varptr '11028828' found!&#xD;
 E3: E - CCID:002410:  check_graph( 10985044 (0-56-0-4062ed) ): GRAPH_ITEM from type 'protection' with varptr '11028963' found!&#xD;
 E3: E - CCID:002410:  check_graph( 10985045 (0-56-0-4062ec) ): GRAPH_ITEM from type 'protection' with varptr '11031349' found!&#xD;
 E3: E - CCID:002410:  check_graph( 10985046 (0-56-0-4062eb) ): GRAPH_ITEM from type 'protection' with varptr '11029490' found!&#xD;
 E3: E - CCID:002410:  check_graph( 10985047 (0-56-0-4062ea) ): GRAPH_ITEM from type 'protection' with varptr '11029770' found!&#xD;
 E3: E - CCID:002410:  check_graph( 10985048 (0-56-0-4062e9) ): GRAPH_ITEM from type 'protection' with varptr '11029837' found!&#xD;
 E3: E - CCID:002410:  check_graph( 10985049 (0-56-0-4062e8) ): GRAPH_ITEM from type 'protection' with varptr '11030028' found!&#xD;
 E3: E - CCID:002410:  check_graph( 10985050 (0-56-0-4062e7) ): GRAPH_ITEM from type 'protection' with varptr '11030073' found!&#xD;
 E3: E - CCID:002410:  check_graph( 10985051 (0-56-0-4062e6) ): GRAPH_ITEM from type 'protection' with varptr '11030214' found!&#xD;
 E3: E - CCID:002410:  check_graph( 10985052 (0-56-0-4062e5) ): GRAPH_ITEM from type 'protection' with varptr '11031177' found!&#xD;
 E3: E - CCID:002410:  check_graph( 10985053 (0-56-0-4062e4) ): GRAPH_ITEM from type 'protection' with varptr '11033546' found!&#xD;
 E3: E - CCID:002410:  check_graph( 10985054 (0-56-0-4062e3) ): GRAPH_ITEM from type 'protection' with varptr '11031411' found!&#xD;
 E3: E - CCID:002410:  check_graph( 10985055 (0-56-0-4062e2) ): GRAPH_ITEM from type 'protection' with varptr '11031549' found!&#xD;
 E3: E - CCID:002410:  check_graph( 10985056 (0-56-0-4062e1) ): GRAPH_ITEM from type 'protection' with varptr '11032256' found!&#xD;
 E3: E - CCID:002410:  check_graph( 10985057 (0-56-0-4062e0) ): GRAPH_ITEM from type 'protection' with varptr '11032626' found!&#xD;
 E3: E - CCID:002410:  check_graph( 10985058 (0-56-0-4062df) ): GRAPH_ITEM from type 'protection' with varptr '11032814' found!&#xD;
 E3: E - CCID:002410:  check_graph( 10985059 (0-56-0-4062de) ): GRAPH_ITEM from type 'protection' with varptr '11033324' found!&#xD;
 E3: E - CCID:002410:  check_graph( 10985060 (0-56-0-4062dd) ): GRAPH_ITEM from type 'protection' with varptr '11033474' found!&#xD;
 E3: E - CCID:002410:  check_graph( 10985061 (0-56-0-4062dc) ): GRAPH_ITEM from type 'protection' with varptr '11035801' found!&#xD;
 E3: E - CCID:002410:  check_graph( 10985062 (0-56-0-4062db) ): GRAPH_ITEM from type 'protection' with varptr '11034074' found!&#xD;
 E3: E - CCID:002410:  check_graph( 10985063 (0-56-0-4062da) ): GRAPH_ITEM from type 'protection' with varptr '11034282' found!&#xD;
 E3: E - CCID:002410:  check_graph( 10985064 (0-56-0-4062d9) ): GRAPH_ITEM from type 'protection' with varptr '11034540' found!&#xD;
 E3: E - CCID:002410:  check_graph( 10985065 (0-56-0-4062d8) ): GRAPH_ITEM from type 'protection' with varptr '11034763' found!&#xD;
 E3: E - CCID:002410:  check_graph( 10985066 (0-56-0-4062d7) ): GRAPH_ITEM from type 'protection' with varptr '11034912' found!&#xD;
 E3: E - CCID:002410:  check_graph( 10985067 (0-56-0-4062d6) ): GRAPH_ITEM from type 'protection' with varptr '11034984' found!&#xD;
 E3: E - CCID:002410:  check_graph( 10985068 (0-56-0-4062d5) ): GRAPH_ITEM from type 'protection' with varptr '11035033' found!&#xD;
 E3: E - CCID:002410:  check_graph( 10985069 (0-56-0-4062d4) ): GRAPH_ITEM from type 'protection' with varptr '11042325' found!&#xD;
 E3: E - CCID:002410:  check_graph( 10985070 (0-56-0-4062d3) ): GRAPH_ITEM from type 'protection' with varptr '11038214' found!&#xD;
 E3: E - CCID:002410:  check_graph( 10985071 (0-56-0-4062d2) ): GRAPH_ITEM from type 'protection' with varptr '11035867' found!&#xD;
 E3: E - CCID:002410:  check_graph( 10985072 (0-56-0-4062d1) ): GRAPH_ITEM from type 'protection' with varptr '11035933' found!&#xD;
 E3: E - CCID:002410:  check_graph( 10985073 (0-56-0-4062d0) ): GRAPH_ITEM from type 'protection' with varptr '11036285' found!&#xD;
 E3: E - CCID:002410:  check_graph( 10985074 (0-56-0-4062cf) ): GRAPH_ITEM from type 'protection' with varptr '11036788' found!&#xD;
 E3: E - CCID:002410:  check_graph( 10985075 (0-56-0-4062ce) ): GRAPH_ITEM from type 'protection' with varptr '11036944' found!&#xD;
 E3: E - CCID:002410:  check_graph( 10985076 (0-56-0-4062cd) ): GRAPH_ITEM from type 'protection' with varptr '11037102' found!&#xD;
 E3: E - CCID:002410:  check_graph( 10985077 (0-56-0-4062cc) ): GRAPH_ITEM from type 'protection' with varptr '11038051' found!&#xD;
 E3: E - CCID:002410:  check_graph( 10985079 (0-56-0-4062cb) ): GRAPH_ITEM from type 'protection' with varptr '11043610' found!&#xD;
 E3: I - check_connector_symbol( 11008988 (0-3a-0-84bb76) ): The connection and symbol origin of a connector symbol '332/S2204_D2' are not on the same y-Position.&#xD;
 E3: I - check_connector_symbol( 11044465 (0-3a-0-6832a7) ): The connection and symbol origin of a connector symbol '7201/0464_D' are not on the same y-Position.&#xD;
 E3: E - CCID:002127:  check_inside_block_placement: CELL_ITEM/10185871 (0-4a-0-887922) without supptr found, should be CELL_ITEM/262379 (0-4a-0-7cafb0)&#xD;
 E3: E - CCID:002127:  check_inside_block_placement: CELL_ITEM/10185669 (0-4a-0-887942) without supptr found, should be CELL_ITEM/10797558 (0-4a-0-7cafc2)&#xD;
 E3: ....
&#xD;
 E3: dump lost....
&#xD;
 E3: ....
&#xD;
 E3: new consistency check (45) and dump lost items (46)....
&#xD;
 E3: E - CCID:002537:  CONPIN_ITEM/517475 (0-18-0-1720f0)::netlst points to STRING_ITEM/10781054 with invalid item type&#xD;
 E3: ....
&#xD;
 E3: - done -------------------------------------------------------------------
&#xD;
 E3: summary:
       check id   count                    (message) - info 
--------------------------------------------------------------------&#xD;
 E3: I - CCID:001028:      1                    (%-16s: %s:%s )&#xD;
 E3: I - CCID:001170:     19  TRY REPAIR 004: - (check_node( %s ): At this position ( %d |%d ) of Sheet(%d) exists another Node(%d), which is not connected.)&#xD;
 E3: I - CCID:002116:      9  TRY REPAIR 033: - (check_sheet_unique_sheet_id( '%s' ): unique sheet id: '%s' is not unique in project ( '%s' ))&#xD;
 E3: I - CCID:002127:      2                    (check_inside_block_placement: %s without supptr found, should be %s)&#xD;
 E3: I - CCID:002410:    147  TRY REPAIR 003: - (check_graph( %s ): GRAPH_ITEM from type 'protection' with varptr '%d' found!)&#xD;
 E3: I - CCID:002537:      1                    (%s points to %s with invalid item type)&#xD;
 E3: I - CCID:002578:      1                    (check_symbol_references: symbol '%s' not found in project, referenced by %s) - activate TE_85 to list each info in the report list!&#xD;
 E3: --------------------------------------------------------------------&#xD;
 E3: I -    180 total messages with 7 different check ids&#xD;
 E3: Starting Harness Export export&#xD;
 E3: Mapping file: c:\appveyor\bin\E3.3DRoutingBridge\Mainline\bin\Release\x64\Config\E3_Harness_Export.map&#xD;
 E3: INI file: c:\appveyor\bin\E3.3DRoutingBridge\Mainline\bin\Release\x64\Config\E3_Harness_Export.ini&#xD;
 E3: W - More than one symbol for device '-P533' are placed on branches!&#xD;
 E3: File written to 'c:\appveyor\bin\E3.3DRoutingBridge\Mainline\E3.BridgeTest\TestFiles\Designer-31227\Results\Designer_31227.xml'&#xD;
 E3: Log file written to 'c:\appveyor\bin\E3.3DRoutingBridge\Mainline\E3.BridgeTest\TestFiles\Designer-31227\Results\HarnessExport_Designer_31227.log'&#xD;
 E3: Export finished.&#xD;
 E3: I - Closing project 'RE00000102_22' without saving modifications...&#xD;
 E3: Project c:\appveyor\bin\E3.3DRoutingBridge\Mainline\E3.BridgeTest\TestFiles\Designer-31227\TestData\temp.e3s created.&#xD;
 E3: I - Item Validation enabled&#xD;
 E3: I - Validating project&#xD;
 E3: I - Validation enabled for this project&#xD;
 E3: I - Closing project 'temp' without saving modifications...&#xD;
 E3: I - Opening Project  c:\appveyor\bin\E3.3DRoutingBridge\Mainline\E3.BridgeTest\TestFiles\Designer-33104\TestData\Splice_Export.e3s&#xD;
 E3: I - Updating internal structures: 200 cycles up to version 2505...&#xD;
 E3: 2305 &#xD;
 E3: 2306 &#xD;
 E3: 2307 &#xD;
 E3: 2308 &#xD;
 E3: 2309 &#xD;
 E3: 2310 &#xD;
 E3: 2311 &#xD;
 E3: 2312 &#xD;
 E3: 2399 &#xD;
 E3: 2400 &#xD;
 E3: 2401 &#xD;
 E3: 2402 &#xD;
 E3: 2403 &#xD;
 E3: 2404 &#xD;
 E3: 2405 &#xD;
 E3: 2406 &#xD;
 E3: 2407 &#xD;
 E3: 2408 &#xD;
 E3: 2499 &#xD;
 E3: 2500 &#xD;
 E3: 2501 &#xD;
 E3: 2502 &#xD;
 E3: 2503 &#xD;
 E3: 2504 &#xD;
 E3: OK.&#xD;
 E3: Project c:\appveyor\bin\E3.3DRoutingBridge\Mainline\E3.BridgeTest\TestFiles\Designer-33104\TestData\Splice_Export.e3s opened.&#xD;
 E3: W - Project has been opened in READ ONLY mode, you can't save any changes to the existing project!&#xD;
 E3: I - Item Validation enabled&#xD;
 E3: I - Validating project&#xD;
 E3: I - Validation enabled for this project&#xD;
 E3: repair_check_extended(0)&#xD;
 E3: --------------------------------------------------------------------------&#xD;
 E3: consistency check (17)....
&#xD;
 E3: ....
&#xD;
 E3: dump lost....
&#xD;
 E3: ....
&#xD;
 E3: new consistency check (45) and dump lost items (46)....
&#xD;
 E3: ....
&#xD;
 E3: - done -------------------------------------------------------------------
&#xD;
 E3: I - No known issues found&#xD;
 E3: Starting Harness Export export&#xD;
 E3: Mapping file: c:\appveyor\bin\E3.3DRoutingBridge\Mainline\bin\Release\x64\Config\E3_Harness_Export.map&#xD;
 E3: INI file: c:\appveyor\bin\E3.3DRoutingBridge\Mainline\bin\Release\x64\Config\E3_Harness_Export.ini&#xD;
 E3: File written to 'c:\appveyor\bin\E3.3DRoutingBridge\Mainline\E3.BridgeTest\TestFiles\Designer-33104\Results\Designer_33104.xml'&#xD;
 E3: Log file written to 'c:\appveyor\bin\E3.3DRoutingBridge\Mainline\E3.BridgeTest\TestFiles\Designer-33104\Results\HarnessExport_Designer_33104.log'&#xD;
 E3: Export finished.&#xD;
 E3: I - Closing project 'Splice_Export' without saving modifications...&#xD;
 E3: Project c:\appveyor\bin\E3.3DRoutingBridge\Mainline\E3.BridgeTest\TestFiles\Designer-33104\TestData\temp.e3s created.&#xD;
 E3: I - Item Validation enabled&#xD;
 E3: I - Validating project&#xD;
 E3: I - Validation enabled for this project&#xD;
 E3: I - Closing project 'temp' without saving modifications...&#xD;
 E3: I - Opening Project  c:\appveyor\bin\E3.3DRoutingBridge\Mainline\E3.BridgeTest\TestFiles\Designer-35934\TestData\ZUS632773-15525FULL-2.e3s&#xD;
 E3: I - Updating internal structures: 200 cycles up to version 2505...&#xD;
 E3: 2305 &#xD;
 E3: 2306 &#xD;
 E3: 2307 &#xD;
 E3: 2308 &#xD;
 E3: 2309 &#xD;
 E3: 2310 &#xD;
 E3: 2311 &#xD;
 E3: 2312 &#xD;
 E3: 2399 &#xD;
 E3: 2400 &#xD;
 E3: 2401 &#xD;
 E3: 2402 &#xD;
 E3: 2403 &#xD;
 E3: 2404 &#xD;
 E3: 2405 &#xD;
 E3: 2406 &#xD;
 E3: 2407 &#xD;
 E3: 2408 &#xD;
 E3: 2499 &#xD;
 E3: 2500 &#xD;
 E3: 2501 &#xD;
 E3: 2502 &#xD;
 E3: 2503 &#xD;
 E3: 2504 &#xD;
 E3: OK.&#xD;
 E3: Project c:\appveyor\bin\E3.3DRoutingBridge\Mainline\E3.BridgeTest\TestFiles\Designer-35934\TestData\ZUS632773-15525FULL-2.e3s opened.&#xD;
 E3: W - Project has been opened in READ ONLY mode, you can't save any changes to the existing project!&#xD;
 E3: I - Item Validation enabled&#xD;
 E3: I - Validating project&#xD;
 E3: I - Validation enabled for this project&#xD;
 E3: repair_check_extended(0)&#xD;
 E3: --------------------------------------------------------------------------&#xD;
 E3: consistency check (17)....
&#xD;
 E3: E - CCID:002503:  check_component( 'COMP_ITEM/402792 (0-12-0-3508)' ): ValidConnpart 'CG-B542' found for all pins! Should be stored at the component.&#xD;
 E3: ....
&#xD;
 E3: dump lost....
&#xD;
 E3: ....
&#xD;
 E3: new consistency check (45) and dump lost items (46)....
&#xD;
 E3: ....
&#xD;
 E3: - done -------------------------------------------------------------------
&#xD;
 E3: summary:
       check id   count                    (message) - info 
--------------------------------------------------------------------&#xD;
 E3: I - CCID:002503:      1  TRY REPAIR 046: - (check_component( '%s' ): ValidConnpart '%s' found for all pins! Should be stored at the component.)&#xD;
 E3: --------------------------------------------------------------------&#xD;
 E3: I -      1 total messages with 1 different check ids&#xD;
 E3: E - Unknown attributes found in mapping file 'c:\appveyor\bin\E3.3DRoutingBridge\Mainline\E3.BridgeTest\TestFiles\Designer-35934\TestData\E3_Harness_Export.map':&#xD;
 E3:     &#xD;
 E3:     	- F-ActiveTG&#xD;
 E3:     	- F-wireLevel&#xD;
 E3:     	- F-HarnBaseNo&#xD;
 E3:     	- F-RoutePath&#xD;
 E3:     	- F-RoutePath2&#xD;
 E3:     	- F-RoutePath3&#xD;
 E3:     	- F-RoutePath4&#xD;
 E3:     	- F-RoutePath5&#xD;
 E3:     	- F-WireEnd2&#xD;
 E3:     	- F-WireEndCavSeal&#xD;
 E3:     	- F-WireEndTermMaterial&#xD;
 E3:     	- F-WireEndTerminal&#xD;
 E3:     	- F-WireEndCavSeal&#xD;
 E3:     	- F-WireEndTermMaterial&#xD;
 E3:     	- F-WireEndTerminal&#xD;
 E3:     	- F-wireLength&#xD;
 E3:     	- F-wireLevel&#xD;
 E3:     	- F-TapeFoil&#xD;
 E3:     	- F-TapeWrap&#xD;
 E3:     	- F-TapeSpot&#xD;
 E3:     	- F-wireMulticore&#xD;
 E3:     	- F-wireNote&#xD;
 E3:     	- F-OptText&#xD;
 E3:     	- F-wireSpec&#xD;
 E3:     	- F-AddedPartMandatory&#xD;
 E3:     	- F-bundCoverLayer&#xD;
 E3:     	- F-CoveringEndPoint&#xD;
 E3:     	- F-CoveringLength&#xD;
 E3:     	- F-CoveringStartPoint&#xD;
 E3:     	- F-Color&#xD;
 E3:     	- F-LocationXY&#xD;
 E3:     	- F-CompType&#xD;
 E3:     	- F-ConnTermSealReq&#xD;
 E3:     	- noBOM&#xD;
 E3:     	- F-HarnBaseNo&#xD;
 E3:     	- F-harnessLevel&#xD;
 E3:     	- F-IDC-Terminal&#xD;
 E3:     	- F-MaxOD&#xD;
 E3:     	- F-MinOD&#xD;
 E3:     	- F-PDBConnPosCnt&#xD;
 E3:     	- F-PDBDeviceDes&#xD;
 E3:     	- F-PDBDevicePos&#xD;
 E3:     	- F-Submergible&#xD;
 E3:     	- F-SymbolName&#xD;
 E3:     	- F-symbolType&#xD;
 E3:     	- F-tapeThickness&#xD;
 E3:     	- F-tapeWidth&#xD;
 E3:     	- F-TubeBore&#xD;
 E3:     	- F-TubeConv&#xD;
 E3:     	- F-TubeSlit&#xD;
 E3:     	- F-OptText&#xD;
 E3:     	- F-CompType&#xD;
 E3:     	- noBOM&#xD;
 E3:     	- F-HarnBaseNo&#xD;
 E3:     	- F-AddedPartMandatory&#xD;
 E3:     	- F-CompType&#xD;
 E3:     	- F-BCONN_Config&#xD;
 E3:     	- F-BCONN_PIN_PATTERN&#xD;
 E3:     	- F-ConnTermSealReq&#xD;
 E3:     	- F-ConnectToDescription&#xD;
 E3:     	- noBOM&#xD;
 E3:     	- F-HarnBaseNo&#xD;
 E3:     	- F-harnessLevel&#xD;
 E3:     	- F-IDC-Terminal&#xD;
 E3:     	- F-PDBConnPosCnt&#xD;
 E3:     	- F-PDBDeviceDes&#xD;
 E3:     	- F-PDBDevicePos&#xD;
 E3:     	- F-Submergible&#xD;
 E3:     	- noBOM&#xD;
 E3:     	- F-HarnBaseNo&#xD;
 E3:     	- F-RoutePath&#xD;
 E3:     	- F-RoutePath2&#xD;
 E3:     	- F-RoutePath3&#xD;
 E3:     	- F-RoutePath4&#xD;
 E3:     	- F-RoutePath5&#xD;
 E3:     	- F-WireEnd2&#xD;
 E3:     	- F-WireEndCavSeal&#xD;
 E3:     	- F-WireEndTermMaterial&#xD;
 E3:     	- F-WireEndTerminal&#xD;
 E3:     	- F-WireEndCavSeal&#xD;
 E3:     	- F-WireEndTermMaterial&#xD;
 E3:     	- F-WireEndTerminal&#xD;
 E3:     	- F-wireLength&#xD;
 E3:     	- F-wireLevel&#xD;
 E3:     	- F-TapeFoil&#xD;
 E3:     	- F-TapeWrap&#xD;
 E3:     	- F-TapeSpot&#xD;
 E3:     	- F-wireMulticore&#xD;
 E3:     	- F-wireNote&#xD;
 E3:     	- F-OptText&#xD;
 E3:     	- F-wireSpec&#xD;
 E3:     	- F-RoutePath&#xD;
 E3:     	- F-RoutePath2&#xD;
 E3:     	- F-RoutePath3&#xD;
 E3:     	- F-RoutePath4&#xD;
 E3:     	- F-RoutePath5&#xD;
 E3:     	- F-HarnBaseNo&#xD;
 E3:     	- F-shtHL_FPN_Opt&#xD;
 E3:     	- F-harnessLevelAlias&#xD;
 E3:     	- F-harnessLevel&#xD;
 E3:     	- F-ProjectMilestone&#xD;
 E3: Starting Harness Export export&#xD;
 E3: Mapping file: c:\appveyor\bin\E3.3DRoutingBridge\Mainline\E3.BridgeTest\TestFiles\Designer-35934\TestData\E3_Harness_Export.map&#xD;
 E3: INI file: c:\appveyor\bin\E3.3DRoutingBridge\Mainline\E3.BridgeTest\TestFiles\Designer-35934\TestData\E3_Harness_Export.ini&#xD;
 E3:     Attribute BranchNodeID    : default RESTRICTion parameters changed.&#xD;
 E3:     Attribute BranchNodeID    : default DISPLAY parameters changed.&#xD;
 E3:     Attribute .AppRef         : default OWNER types changed&#xD;
 E3:     Attribute .AppRef         : default DISPLAY parameters changed.&#xD;
 E3: File written to 'c:\appveyor\bin\E3.3DRoutingBridge\Mainline\E3.BridgeTest\TestFiles\Designer-35934\Results\Designer_35934.xml'&#xD;
 E3: Log file written to 'c:\appveyor\bin\E3.3DRoutingBridge\Mainline\E3.BridgeTest\TestFiles\Designer-35934\Results\HarnessExport_Designer_35934.log'&#xD;
 E3: Export finished.&#xD;
 E3: I - Closing project 'ZUS632773-15525FULL-2' without saving modifications...&#xD;
 E3: Project c:\appveyor\bin\E3.3DRoutingBridge\Mainline\E3.BridgeTest\TestFiles\Designer-35934\TestData\temp.e3s created.&#xD;
 E3: I - Item Validation enabled&#xD;
 E3: I - Validating project&#xD;
 E3: I - Validation enabled for this project&#xD;
 E3: I - Closing project 'temp' without saving modifications...&#xD;
 E3: I - Opening Project  c:\appveyor\bin\E3.3DRoutingBridge\Mainline\E3.BridgeTest\TestFiles\Designer-36546\TestData\15525FULLtest.e3s&#xD;
 E3: I - Updating internal structures: 200 cycles up to version 2505...&#xD;
 E3: 2305 &#xD;
 E3: 2306 &#xD;
 E3: 2307 &#xD;
 E3: 2308 &#xD;
 E3: 2309 &#xD;
 E3: 2310 &#xD;
 E3: 2311 &#xD;
 E3: 2312 &#xD;
 E3: 2399 &#xD;
 E3: 2400 &#xD;
 E3: 2401 &#xD;
 E3: 2402 &#xD;
 E3: 2403 &#xD;
 E3: 2404 &#xD;
 E3: 2405 &#xD;
 E3: 2406 &#xD;
 E3: 2407 &#xD;
 E3: 2408 &#xD;
 E3: 2499 &#xD;
 E3: 2500 &#xD;
 E3: 2501 &#xD;
 E3: 2502 &#xD;
 E3: 2503 &#xD;
 E3: 2504 &#xD;
 E3: OK.&#xD;
 E3: Project c:\appveyor\bin\E3.3DRoutingBridge\Mainline\E3.BridgeTest\TestFiles\Designer-36546\TestData\15525FULLtest.e3s opened.&#xD;
 E3: W - Project has been opened in READ ONLY mode, you can't save any changes to the existing project!&#xD;
 E3: I - Item Validation enabled&#xD;
 E3: I - Validating project&#xD;
 E3: I - Validation enabled for this project&#xD;
 E3: repair_check_extended(0)&#xD;
 E3: --------------------------------------------------------------------------&#xD;
 E3: consistency check (17)....
&#xD;
 E3: E - CCID:002503:  check_component( 'COMP_ITEM/394717 (0-12-0-242b)' ): ValidConnpart 'CG-G167' found for all pins! Should be stored at the component.&#xD;
 E3: ....
&#xD;
 E3: dump lost....
&#xD;
 E3: ....
&#xD;
 E3: new consistency check (45) and dump lost items (46)....
&#xD;
 E3: ....
&#xD;
 E3: - done -------------------------------------------------------------------
&#xD;
 E3: summary:
       check id   count                    (message) - info 
--------------------------------------------------------------------&#xD;
 E3: I - CCID:002503:      1  TRY REPAIR 046: - (check_component( '%s' ): ValidConnpart '%s' found for all pins! Should be stored at the component.)&#xD;
 E3: --------------------------------------------------------------------&#xD;
 E3: I -      1 total messages with 1 different check ids&#xD;
 E3: E - Unknown attributes found in mapping file 'c:\appveyor\bin\E3.3DRoutingBridge\Mainline\E3.BridgeTest\TestFiles\Designer-36546\TestData\E3_Harness_Export.map':&#xD;
 E3:     &#xD;
 E3:     	- F-ActiveTG&#xD;
 E3:     	- F-wireLevel&#xD;
 E3:     	- F-HarnBaseNo&#xD;
 E3:     	- F-RoutePath&#xD;
 E3:     	- F-RoutePath2&#xD;
 E3:     	- F-RoutePath3&#xD;
 E3:     	- F-RoutePath4&#xD;
 E3:     	- F-RoutePath5&#xD;
 E3:     	- F-WireEnd2&#xD;
 E3:     	- F-WireEndCavSeal&#xD;
 E3:     	- F-WireEndTermMaterial&#xD;
 E3:     	- F-WireEndTerminal&#xD;
 E3:     	- F-WireEndCavSeal&#xD;
 E3:     	- F-WireEndTermMaterial&#xD;
 E3:     	- F-WireEndTerminal&#xD;
 E3:     	- F-wireLength&#xD;
 E3:     	- F-wireLevel&#xD;
 E3:     	- F-TapeFoil&#xD;
 E3:     	- F-TapeWrap&#xD;
 E3:     	- F-TapeSpot&#xD;
 E3:     	- F-wireMulticore&#xD;
 E3:     	- F-wireNote&#xD;
 E3:     	- F-OptText&#xD;
 E3:     	- F-wireSpec&#xD;
 E3:     	- F-AddedPartMandatory&#xD;
 E3:     	- F-bundCoverLayer&#xD;
 E3:     	- F-CoveringEndPoint&#xD;
 E3:     	- F-CoveringLength&#xD;
 E3:     	- F-CoveringStartPoint&#xD;
 E3:     	- F-Color&#xD;
 E3:     	- F-LocationXY&#xD;
 E3:     	- F-CompType&#xD;
 E3:     	- F-ConnTermSealReq&#xD;
 E3:     	- noBOM&#xD;
 E3:     	- F-HarnBaseNo&#xD;
 E3:     	- F-harnessLevel&#xD;
 E3:     	- F-IDC-Terminal&#xD;
 E3:     	- F-MaxOD&#xD;
 E3:     	- F-MinOD&#xD;
 E3:     	- F-PDBConnPosCnt&#xD;
 E3:     	- F-PDBDeviceDes&#xD;
 E3:     	- F-PDBDevicePos&#xD;
 E3:     	- F-Submergible&#xD;
 E3:     	- F-SymbolName&#xD;
 E3:     	- F-symbolType&#xD;
 E3:     	- F-tapeThickness&#xD;
 E3:     	- F-tapeWidth&#xD;
 E3:     	- F-TubeBore&#xD;
 E3:     	- F-TubeConv&#xD;
 E3:     	- F-TubeSlit&#xD;
 E3:     	- F-OptText&#xD;
 E3:     	- F-CompType&#xD;
 E3:     	- noBOM&#xD;
 E3:     	- F-HarnBaseNo&#xD;
 E3:     	- F-AddedPartMandatory&#xD;
 E3:     	- F-CompType&#xD;
 E3:     	- F-BCONN_Config&#xD;
 E3:     	- F-BCONN_PIN_PATTERN&#xD;
 E3:     	- F-ConnTermSealReq&#xD;
 E3:     	- F-ConnectToDescription&#xD;
 E3:     	- noBOM&#xD;
 E3:     	- F-HarnBaseNo&#xD;
 E3:     	- F-harnessLevel&#xD;
 E3:     	- F-IDC-Terminal&#xD;
 E3:     	- F-PDBConnPosCnt&#xD;
 E3:     	- F-PDBDeviceDes&#xD;
 E3:     	- F-PDBDevicePos&#xD;
 E3:     	- F-Submergible&#xD;
 E3:     	- noBOM&#xD;
 E3:     	- F-HarnBaseNo&#xD;
 E3:     	- F-RoutePath&#xD;
 E3:     	- F-RoutePath2&#xD;
 E3:     	- F-RoutePath3&#xD;
 E3:     	- F-RoutePath4&#xD;
 E3:     	- F-RoutePath5&#xD;
 E3:     	- F-WireEnd2&#xD;
 E3:     	- F-WireEndCavSeal&#xD;
 E3:     	- F-WireEndTermMaterial&#xD;
 E3:     	- F-WireEndTerminal&#xD;
 E3:     	- F-WireEndCavSeal&#xD;
 E3:     	- F-WireEndTermMaterial&#xD;
 E3:     	- F-WireEndTerminal&#xD;
 E3:     	- F-wireLength&#xD;
 E3:     	- F-wireLevel&#xD;
 E3:     	- F-TapeFoil&#xD;
 E3:     	- F-TapeWrap&#xD;
 E3:     	- F-TapeSpot&#xD;
 E3:     	- F-wireMulticore&#xD;
 E3:     	- F-wireNote&#xD;
 E3:     	- F-OptText&#xD;
 E3:     	- F-wireSpec&#xD;
 E3:     	- F-RoutePath&#xD;
 E3:     	- F-RoutePath2&#xD;
 E3:     	- F-RoutePath3&#xD;
 E3:     	- F-RoutePath4&#xD;
 E3:     	- F-RoutePath5&#xD;
 E3:     	- F-HarnBaseNo&#xD;
 E3:     	- F-shtHL_FPN_Opt&#xD;
 E3:     	- F-harnessLevelAlias&#xD;
 E3:     	- F-harnessLevel&#xD;
 E3:     	- F-ProjectMilestone&#xD;
 E3: Starting Harness Export export&#xD;
 E3: Mapping file: c:\appveyor\bin\E3.3DRoutingBridge\Mainline\E3.BridgeTest\TestFiles\Designer-36546\TestData\E3_Harness_Export.map&#xD;
 E3: INI file: c:\appveyor\bin\E3.3DRoutingBridge\Mainline\E3.BridgeTest\TestFiles\Designer-36546\TestData\E3_Harness_Export.ini&#xD;
 E3:     Attribute .AppRef         : default OWNER types changed&#xD;
 E3:     Attribute .AppRef         : default DISPLAY parameters changed.&#xD;
 E3: File written to 'c:\appveyor\bin\E3.3DRoutingBridge\Mainline\E3.BridgeTest\TestFiles\Designer-36546\Results\Designer_36546.xml'&#xD;
 E3: Log file written to 'c:\appveyor\bin\E3.3DRoutingBridge\Mainline\E3.BridgeTest\TestFiles\Designer-36546\Results\HarnessExport_Designer_36546.log'&#xD;
 E3: Export finished.&#xD;
 E3: I - Closing project '15525FULLtest' without saving modifications...&#xD;
 E3: Project c:\appveyor\bin\E3.3DRoutingBridge\Mainline\E3.BridgeTest\TestFiles\Designer-36546\TestData\temp.e3s created.&#xD;
 E3: I - Item Validation enabled&#xD;
 E3: I - Validating project&#xD;
 E3: I - Validation enabled for this project&#xD;
 E3: I - Closing project 'temp' without saving modifications...&#xD;
 E3: I - Opening Project  c:\appveyor\bin\E3.3DRoutingBridge\Mainline\E3.BridgeTest\TestFiles\Designer-36622\TestData\LC24-14335-AC.e3s&#xD;
 E3: I - Updating internal structures: 200 cycles up to version 2505...&#xD;
 E3: 2305 &#xD;
 E3: 2306 &#xD;
 E3: 2307 &#xD;
 E3: 2308 &#xD;
 E3: 2309 &#xD;
 E3: 2310 &#xD;
 E3: 2311 &#xD;
 E3: 2312 &#xD;
 E3: 2399 &#xD;
 E3: 2400 &#xD;
 E3: 2401 &#xD;
 E3: 2402 &#xD;
 E3: 2403 &#xD;
 E3: 2404 &#xD;
 E3: 2405 &#xD;
 E3: 2406 &#xD;
 E3: 2407 &#xD;
 E3: 2408 &#xD;
 E3: 2499 &#xD;
 E3: 2500 &#xD;
 E3: 2501 &#xD;
 E3: 2502 &#xD;
 E3: 2503 &#xD;
 E3: 2504 &#xD;
 E3: OK.&#xD;
 E3: Project c:\appveyor\bin\E3.3DRoutingBridge\Mainline\E3.BridgeTest\TestFiles\Designer-36622\TestData\LC24-14335-AC.e3s opened.&#xD;
 E3: W - Project has been opened in READ ONLY mode, you can't save any changes to the existing project!&#xD;
 E3: I - Item Validation enabled&#xD;
 E3: I - Validating project&#xD;
 E3: I - Validation enabled for this project&#xD;
 E3: repair_check_extended(0)&#xD;
 E3: --------------------------------------------------------------------------&#xD;
 E3: consistency check (17)....
&#xD;
 E3: ....
&#xD;
 E3: dump lost....
&#xD;
 E3: ....
&#xD;
 E3: new consistency check (45) and dump lost items (46)....
&#xD;
 E3: ....
&#xD;
 E3: - done -------------------------------------------------------------------
&#xD;
 E3: I - No known issues found&#xD;
 E3: Starting Harness Export export&#xD;
 E3: Mapping file: c:\appveyor\bin\E3.3DRoutingBridge\Mainline\bin\Release\x64\Config\E3_Harness_Export.map&#xD;
 E3: INI file: c:\appveyor\bin\E3.3DRoutingBridge\Mainline\bin\Release\x64\Config\E3_Harness_Export.ini&#xD;
 E3:     Attribute .AppRef         : default OWNER types changed&#xD;
 E3:     Attribute .AppRef         : default DISPLAY parameters changed.&#xD;
 E3: File written to 'c:\appveyor\bin\E3.3DRoutingBridge\Mainline\E3.BridgeTest\TestFiles\Designer-36622\Results\Designer_36622.xml'&#xD;
 E3: Log file written to 'c:\appveyor\bin\E3.3DRoutingBridge\Mainline\E3.BridgeTest\TestFiles\Designer-36622\Results\HarnessExport_Designer_36622.log'&#xD;
 E3: Export finished.&#xD;
 E3: I - Closing project 'LC24-14335-AC' without saving modifications...&#xD;
 E3: Project c:\appveyor\bin\E3.3DRoutingBridge\Mainline\E3.BridgeTest\TestFiles\Designer-36622\TestData\temp.e3s created.&#xD;
 E3: I - Item Validation enabled&#xD;
 E3: I - Validating project&#xD;
 E3: I - Validation enabled for this project&#xD;
 E3: I - Closing project 'temp' without saving modifications...&#xD;
 E3: I - Opening Project  c:\appveyor\bin\E3.3DRoutingBridge\Mainline\E3.BridgeTest\TestFiles\Designer-37322\TestData\10-400-000956-A0-REV2_KN_small_mainline.e3s&#xD;
 E3: I - Updating internal structures: 200 cycles up to version 2505...&#xD;
 E3: 2305 &#xD;
 E3: 2306 &#xD;
 E3: 2307 &#xD;
 E3: 2308 &#xD;
 E3: 2309 &#xD;
 E3: 2310 &#xD;
 E3: 2311 &#xD;
 E3: 2312 &#xD;
 E3: 2399 &#xD;
 E3: 2400 &#xD;
 E3: 2401 &#xD;
 E3: 2402 &#xD;
 E3: 2403 &#xD;
 E3: 2404 &#xD;
 E3: 2405 &#xD;
 E3: 2406 &#xD;
 E3: 2407 &#xD;
 E3: 2408 &#xD;
 E3: 2499 &#xD;
 E3: 2500 &#xD;
 E3: 2501 &#xD;
 E3: 2502 &#xD;
 E3: 2503 &#xD;
 E3: 2504 &#xD;
 E3: OK.&#xD;
 E3: Project c:\appveyor\bin\E3.3DRoutingBridge\Mainline\E3.BridgeTest\TestFiles\Designer-37322\TestData\10-400-000956-A0-REV2_KN_small_mainline.e3s opened.&#xD;
 E3: W - Project has been opened in READ ONLY mode, you can't save any changes to the existing project!&#xD;
 E3: I - Item Validation enabled&#xD;
 E3: I - Validating project&#xD;
 E3: I - Validation enabled for this project&#xD;
 E3: repair_check_extended(0)&#xD;
 E3: --------------------------------------------------------------------------&#xD;
 E3: consistency check (17)....
&#xD;
 E3: E - CCID:002560:  check_active_and_valid_composites( 'COMP_ITEM/49214 (0-12-0-17f1)' ): ValidComposite '998-09862' is not a connector.&#xD;
 E3: ....
&#xD;
 E3: dump lost....
&#xD;
 E3: ....
&#xD;
 E3: new consistency check (45) and dump lost items (46)....
&#xD;
 E3: ....
&#xD;
 E3: - done -------------------------------------------------------------------
&#xD;
 E3: summary:
       check id   count                    (message) - info 
--------------------------------------------------------------------&#xD;
 E3: I - CCID:002560:      1  TRY REPAIR 046: - (check_active_and_valid_composites( '%s' ): ValidComposite '%s' is not a connector.)&#xD;
 E3: --------------------------------------------------------------------&#xD;
 E3: I -      1 total messages with 1 different check ids&#xD;
 E3: Starting Harness Export export&#xD;
 E3: Mapping file: c:\appveyor\bin\E3.3DRoutingBridge\Mainline\bin\Release\x64\Config\E3_Harness_Export.map&#xD;
 E3: INI file: c:\appveyor\bin\E3.3DRoutingBridge\Mainline\bin\Release\x64\Config\E3_Harness_Export.ini&#xD;
 E3:     Attribute BranchNodeID    : default DISPLAY parameters changed.&#xD;
 E3:     Attribute .AppRef         : default OWNER types changed&#xD;
 E3:     Attribute .AppRef         : default DISPLAY parameters changed.&#xD;
 E3: File written to 'c:\appveyor\bin\E3.3DRoutingBridge\Mainline\E3.BridgeTest\TestFiles\Designer-37322\Results\Designer_37322.xml'&#xD;
 E3: Log file written to 'c:\appveyor\bin\E3.3DRoutingBridge\Mainline\E3.BridgeTest\TestFiles\Designer-37322\Results\HarnessExport_Designer_37322.log'&#xD;
 E3: Export finished.&#xD;
 E3: I - Closing project '10-400-000956-A0-REV2_KN_small_mainline' without saving modifications...&#xD;
 E3: Project c:\appveyor\bin\E3.3DRoutingBridge\Mainline\E3.BridgeTest\TestFiles\Designer-37322\TestData\temp.e3s created.&#xD;
 E3: I - Item Validation enabled&#xD;
 E3: I - Validating project&#xD;
 E3: I - Validation enabled for this project&#xD;
 E3: I - Closing project 'temp' without saving modifications...&#xD;
 E3: I - Opening Project  c:\appveyor\bin\E3.3DRoutingBridge\Mainline\E3.BridgeTest\TestFiles\Designer-38006\TestData\15525FULLterminals_modified_clean_small.e3s&#xD;
 E3: I - Updating internal structures: 200 cycles up to version 2505...&#xD;
 E3: 2305 &#xD;
 E3: 2306 &#xD;
 E3: 2307 &#xD;
 E3: 2308 &#xD;
 E3: 2309 &#xD;
 E3: 2310 &#xD;
 E3: 2311 &#xD;
 E3: 2312 &#xD;
 E3: 2399 &#xD;
 E3: 2400 &#xD;
 E3: 2401 &#xD;
 E3: 2402 &#xD;
 E3: 2403 &#xD;
 E3: 2404 &#xD;
 E3: 2405 &#xD;
 E3: 2406 &#xD;
 E3: 2407 &#xD;
 E3: 2408 &#xD;
 E3: 2499 &#xD;
 E3: 2500 &#xD;
 E3: 2501 &#xD;
 E3: 2502 &#xD;
 E3: 2503 &#xD;
 E3: 2504 &#xD;
 E3: OK.&#xD;
 E3: Project c:\appveyor\bin\E3.3DRoutingBridge\Mainline\E3.BridgeTest\TestFiles\Designer-38006\TestData\15525FULLterminals_modified_clean_small.e3s opened.&#xD;
 E3: W - Project has been opened in READ ONLY mode, you can't save any changes to the existing project!&#xD;
 E3: I - Item Validation enabled&#xD;
 E3: I - Validating project&#xD;
 E3: I - Validation enabled for this project&#xD;
 E3: repair_check_extended(0)&#xD;
 E3: --------------------------------------------------------------------------&#xD;
 E3: consistency check (17)....
&#xD;
 E3: E - CCID:002503:  check_component( 'COMP_ITEM/39244 (0-12-0-242b)' ): ValidConnpart 'CG-G167' found for all pins! Should be stored at the component.&#xD;
 E3: E - CCID:002503:  check_component( 'COMP_ITEM/39312 (0-12-0-274c)' ): ValidConnpart 'CG-G120' found for all pins! Should be stored at the component.&#xD;
 E3: E - CCID:002503:  check_component( 'COMP_ITEM/39326 (0-12-0-27fc)' ): ValidConnpart 'CG-B248' found for all pins! Should be stored at the component.&#xD;
 E3: E - CCID:002503:  check_component( 'COMP_ITEM/39342 (0-12-0-28c3)' ): ValidConnpart 'CG-B491' found for all pins! Should be stored at the component.&#xD;
 E3: E - CCID:002503:  check_component( 'COMP_ITEM/39418 (0-12-0-2c21)' ): ValidConnpart 'CG-B491' found for all pins! Should be stored at the component.&#xD;
 E3: E - CCID:002503:  check_component( 'COMP_ITEM/39420 (0-12-0-2c50)' ): ValidConnpart 'CG-G119' found for all pins! Should be stored at the component.&#xD;
 E3: E - CCID:002503:  check_component( 'COMP_ITEM/39622 (0-12-0-34d8)' ): ValidConnpart 'CG-B541' found for all pins! Should be stored at the component.&#xD;
 E3: E - CCID:002503:  check_component( 'COMP_ITEM/39624 (0-12-0-3508)' ): ValidConnpart 'CG-B542' found for all pins! Should be stored at the component.&#xD;
 E3: ....
&#xD;
 E3: dump lost....
&#xD;
 E3: ....
&#xD;
 E3: new consistency check (45) and dump lost items (46)....
&#xD;
 E3: ....
&#xD;
 E3: - done -------------------------------------------------------------------
&#xD;
 E3: summary:
       check id   count                    (message) - info 
--------------------------------------------------------------------&#xD;
 E3: I - CCID:002313:     13                    (check_string( %s ): control character '%#06x' found at [%d] in '%s'!) - activate TE_85 to list each info in the report list!&#xD;
 E3: I - CCID:002503:      8  TRY REPAIR 046: - (check_component( '%s' ): ValidConnpart '%s' found for all pins! Should be stored at the component.)&#xD;
 E3: --------------------------------------------------------------------&#xD;
 E3: I -     21 total messages with 2 different check ids&#xD;
 E3: Starting Harness Export export&#xD;
 E3: Mapping file: c:\appveyor\bin\E3.3DRoutingBridge\Mainline\bin\Release\x64\Config\E3_Harness_Export.map&#xD;
 E3: INI file: c:\appveyor\bin\E3.3DRoutingBridge\Mainline\bin\Release\x64\Config\E3_Harness_Export.ini&#xD;
 E3:     Attribute .AppRef         : default OWNER types changed&#xD;
 E3:     Attribute .AppRef         : default DISPLAY parameters changed.&#xD;
 E3: File written to 'c:\appveyor\bin\E3.3DRoutingBridge\Mainline\E3.BridgeTest\TestFiles\Designer-38006\Results\Designer_38006.xml'&#xD;
 E3: Log file written to 'c:\appveyor\bin\E3.3DRoutingBridge\Mainline\E3.BridgeTest\TestFiles\Designer-38006\Results\HarnessExport_Designer_38006.log'&#xD;
 E3: Export finished.&#xD;
 E3: I - Closing project '15525FULLterminals_modified_clean_small' without saving modifications...&#xD;
 E3: Project c:\appveyor\bin\E3.3DRoutingBridge\Mainline\E3.BridgeTest\TestFiles\Designer-38006\TestData\temp.e3s created.&#xD;
 E3: I - Item Validation enabled&#xD;
 E3: I - Validating project&#xD;
 E3: I - Validation enabled for this project&#xD;
 E3: I - Closing project 'temp' without saving modifications...&#xD;
 E3: I - Opening Project  c:\appveyor\bin\E3.3DRoutingBridge\Mainline\E3.BridgeTest\TestFiles\Designer-38477\TestData\ML3T-14631-AD_E3_FILE_J_Level - SingleRun_ModAdditionalPart.e3s&#xD;
 E3: I - Updating internal structures: 200 cycles up to version 2505...&#xD;
 E3: 2305 &#xD;
 E3: 2306 &#xD;
 E3: 2307 &#xD;
 E3: 2308 &#xD;
 E3: 2309 &#xD;
 E3: 2310 &#xD;
 E3: 2311 &#xD;
 E3: 2312 &#xD;
 E3: 2399 &#xD;
 E3: 2400 &#xD;
 E3: 2401 &#xD;
 E3: 2402 &#xD;
 E3: 2403 &#xD;
 E3: 2404 &#xD;
 E3: 2405 &#xD;
 E3: 2406 &#xD;
 E3: 2407 &#xD;
 E3: 2408 &#xD;
 E3: 2499 &#xD;
 E3: 2500 &#xD;
 E3: 2501 &#xD;
 E3: 2502 &#xD;
 E3: 2503 &#xD;
 E3: 2504 &#xD;
 E3: OK.&#xD;
 E3: Project c:\appveyor\bin\E3.3DRoutingBridge\Mainline\E3.BridgeTest\TestFiles\Designer-38477\TestData\ML3T-14631-AD_E3_FILE_J_Level - SingleRun_ModAdditionalPart.e3s opened.&#xD;
 E3: W - Project has been opened in READ ONLY mode, you can't save any changes to the existing project!&#xD;
 E3: I - Item Validation enabled&#xD;
 E3: I - Validating project&#xD;
 E3: I - Validation enabled for this project&#xD;
 E3: repair_check_extended(0)&#xD;
 E3: --------------------------------------------------------------------------&#xD;
 E3: consistency check (17)....
&#xD;
 E3: E - CCID:002382:  check_transform( 380867 (89-7e-0-2be1df) ): TRANSFORM_REC with invalid scaling&#xD;
 E3: ....
&#xD;
 E3: dump lost....
&#xD;
 E3: ....
&#xD;
 E3: new consistency check (45) and dump lost items (46)....
&#xD;
 E3: ....
&#xD;
 E3: - done -------------------------------------------------------------------
&#xD;
 E3: summary:
       check id   count                    (message) - info 
--------------------------------------------------------------------&#xD;
 E3: I - CCID:002382:      1  TRY REPAIR 026: - (check_transform( %s ): TRANSFORM_REC with invalid scaling)&#xD;
 E3: --------------------------------------------------------------------&#xD;
 E3: I -      1 total messages with 1 different check ids&#xD;
 E3: Starting Harness Export export&#xD;
 E3: Mapping file: c:\appveyor\bin\E3.3DRoutingBridge\Mainline\E3.BridgeTest\TestFiles\Designer-38477\TestData\E3_Harness_Export.map&#xD;
 E3: INI file: c:\appveyor\bin\E3.3DRoutingBridge\Mainline\E3.BridgeTest\TestFiles\Designer-38477\TestData\E3_Harness_Export.ini&#xD;
 E3:     Attribute .AppRef         : default OWNER types changed&#xD;
 E3:     Attribute .AppRef         : default DISPLAY parameters changed.&#xD;
 E3: File written to 'c:\appveyor\bin\E3.3DRoutingBridge\Mainline\E3.BridgeTest\TestFiles\Designer-38477\Results\Designer_38477.xml'&#xD;
 E3: Log file written to 'c:\appveyor\bin\E3.3DRoutingBridge\Mainline\E3.BridgeTest\TestFiles\Designer-38477\Results\HarnessExport_Designer_38477.log'&#xD;
 E3: Export finished.&#xD;
 E3: I - Closing project 'ML3T-14631-AD_E3_FILE_J_Level - SingleRun_ModAdditionalPart' without saving modifications...&#xD;
 E3: Project c:\appveyor\bin\E3.3DRoutingBridge\Mainline\E3.BridgeTest\TestFiles\Designer-38477\TestData\temp.e3s created.&#xD;
 E3: I - Item Validation enabled&#xD;
 E3: I - Validating project&#xD;
 E3: I - Validation enabled for this project&#xD;
 E3: I - Closing project 'temp' without saving modifications...&#xD;
 E3: I - Opening Project  c:\appveyor\bin\E3.3DRoutingBridge\Mainline\E3.BridgeTest\TestFiles\Designer-42554\TestData\Designer-42554.e3s&#xD;
 E3: I - Updating internal structures: 5 cycles up to version 2505...&#xD;
 E3: 2500 &#xD;
 E3: 2501 &#xD;
 E3: 2502 &#xD;
 E3: 2503 &#xD;
 E3: 2504 &#xD;
 E3: OK.&#xD;
 E3: Project c:\appveyor\bin\E3.3DRoutingBridge\Mainline\E3.BridgeTest\TestFiles\Designer-42554\TestData\Designer-42554.e3s opened.&#xD;
 E3: W - Project has been opened in READ ONLY mode, you can't save any changes to the existing project!&#xD;
 E3: I - Item Validation enabled&#xD;
 E3: I - Validating project&#xD;
 E3: I - Validation enabled for this project&#xD;
 E3: repair_check_extended(0)&#xD;
 E3: --------------------------------------------------------------------------&#xD;
 E3: consistency check (17)....
&#xD;
 E3: ....
&#xD;
 E3: dump lost....
&#xD;
 E3: ....
&#xD;
 E3: new consistency check (45) and dump lost items (46)....
&#xD;
 E3: ....
&#xD;
 E3: - done -------------------------------------------------------------------
&#xD;
 E3: I - No known issues found&#xD;
 E3: Starting Harness Export export&#xD;
 E3: Mapping file: c:\appveyor\bin\E3.3DRoutingBridge\Mainline\bin\Release\x64\Config\E3_Harness_Export.map&#xD;
 E3: INI file: c:\appveyor\bin\E3.3DRoutingBridge\Mainline\bin\Release\x64\Config\E3_Harness_Export.ini&#xD;
 E3:     Attribute BranchNodeID    : default DISPLAY parameters changed.&#xD;
 E3:     Attribute .AppRef         : default DISPLAY parameters changed.&#xD;
 E3: File written to 'c:\appveyor\bin\E3.3DRoutingBridge\Mainline\E3.BridgeTest\TestFiles\Designer-42554\Results\Designer_42554.xml'&#xD;
 E3: Log file written to 'c:\appveyor\bin\E3.3DRoutingBridge\Mainline\E3.BridgeTest\TestFiles\Designer-42554\Results\HarnessExport_Designer_42554.log'&#xD;
 E3: Export finished.&#xD;
 E3: I - Closing project 'Designer-42554' without saving modifications...&#xD;
 E3: Project c:\appveyor\bin\E3.3DRoutingBridge\Mainline\E3.BridgeTest\TestFiles\Designer-42554\TestData\temp.e3s created.&#xD;
 E3: I - Item Validation enabled&#xD;
 E3: I - Validating project&#xD;
 E3: I - Validation enabled for this project&#xD;
 E3: I - Closing project 'temp' without saving modifications...&#xD;
 E3: I - Opening Project  c:\appveyor\bin\E3.3DRoutingBridge\Mainline\E3.BridgeTest\TestFiles\Export_KundenDB_Test_1_QM840\TestData\HarnessExport_Test_2018.e3s&#xD;
 E3: I - Updating internal structures: 200 cycles up to version 2505...&#xD;
 E3: 2305 &#xD;
 E3: 2306 &#xD;
 E3: 2307 &#xD;
 E3: 2308 &#xD;
 E3: 2309 &#xD;
 E3: 2310 &#xD;
 E3: 2311 &#xD;
 E3: 2312 &#xD;
 E3: 2399 &#xD;
 E3: 2400 &#xD;
 E3: 2401 &#xD;
 E3: 2402 &#xD;
 E3: 2403 &#xD;
 E3: 2404 &#xD;
 E3: 2405 &#xD;
 E3: 2406 &#xD;
 E3: 2407 &#xD;
 E3: 2408 &#xD;
 E3: 2499 &#xD;
 E3: 2500 &#xD;
 E3: 2501 &#xD;
 E3: 2502 &#xD;
 E3: 2503 &#xD;
 E3: 2504 &#xD;
 E3: OK.&#xD;
 E3: Project c:\appveyor\bin\E3.3DRoutingBridge\Mainline\E3.BridgeTest\TestFiles\Export_KundenDB_Test_1_QM840\TestData\HarnessExport_Test_2018.e3s opened.&#xD;
 E3: W - Project has been opened in READ ONLY mode, you can't save any changes to the existing project!&#xD;
 E3: I - Item Validation enabled&#xD;
 E3: I - Validating project&#xD;
 E3: I - Validation enabled for this project&#xD;
 E3: repair_check_extended(0)&#xD;
 E3: --------------------------------------------------------------------------&#xD;
 E3: consistency check (17)....
&#xD;
 E3: E - CCID:002503:  check_component( 'COMP_ITEM/2681260 (0-12-0-36cb)' ): ValidConnpart 'CG-B768' found for all pins! Should be stored at the component.&#xD;
 E3: E - CCID:002503:  check_component( 'COMP_ITEM/2681552 (0-12-0-376f)' ): ValidConnpart 'CG-B768' found for all pins! Should be stored at the component.&#xD;
 E3: E - CCID:002503:  check_component( 'COMP_ITEM/2682540 (0-12-0-39bf)' ): ValidConnpart 'CG-B821' found for all pins! Should be stored at the component.&#xD;
 E3: ....
&#xD;
 E3: dump lost....
&#xD;
 E3: ....
&#xD;
 E3: new consistency check (45) and dump lost items (46)....
&#xD;
 E3: ....
&#xD;
 E3: - done -------------------------------------------------------------------
&#xD;
 E3: summary:
       check id   count                    (message) - info 
--------------------------------------------------------------------&#xD;
 E3: I - CCID:002503:      3  TRY REPAIR 046: - (check_component( '%s' ): ValidConnpart '%s' found for all pins! Should be stored at the component.)&#xD;
 E3: I - CCID:002578:      2                    (check_symbol_references: symbol '%s' not found in project, referenced by %s) - activate TE_85 to list each info in the report list!&#xD;
 E3: --------------------------------------------------------------------&#xD;
 E3: I -      5 total messages with 2 different check ids&#xD;
 E3: Starting Harness Export export&#xD;
 E3: Mapping file: c:\appveyor\bin\E3.3DRoutingBridge\Mainline\E3.BridgeTest\TestFiles\Export_KundenDB_Test_1_QM840\TestData\E3_Harness_Export.map&#xD;
 E3: INI file: c:\appveyor\bin\E3.3DRoutingBridge\Mainline\E3.BridgeTest\TestFiles\Export_KundenDB_Test_1_QM840\TestData\E3_Harness_Export.ini&#xD;
 E3:     Attribute BranchNodeID    : default DISPLAY parameters changed.&#xD;
 E3:     Attribute .AppRef         : default OWNER types changed&#xD;
 E3:     Attribute .AppRef         : default DISPLAY parameters changed.&#xD;
 E3: E - The attribute '.AppRef' could not be written to object '1'.&#xD;
 E3: E - The attribute '.AppRef' could not be written to object '1'.&#xD;
 E3: E - The attribute '.AppRef' could not be written to object '1'.&#xD;
 E3: E - The attribute '.AppRef' could not be written to object '1'.&#xD;
 E3: E - The attribute '.AppRef' could not be written to object '1'.&#xD;
 E3: E - The attribute '.AppRef' could not be written to object '1'.&#xD;
 E3: E - The attribute '.AppRef' could not be written to object '1'.&#xD;
 E3: E - The attribute '.AppRef' could not be written to object '1'.&#xD;
 E3: W - More than one symbol for device '-TA2-RT37' are placed on branches!&#xD;
 E3: File written to 'c:\appveyor\bin\E3.3DRoutingBridge\Mainline\E3.BridgeTest\TestFiles\Export_KundenDB_Test_1_QM840\Results\HarnessExport_Option.xml'&#xD;
 E3: Log file written to 'c:\appveyor\bin\E3.3DRoutingBridge\Mainline\E3.BridgeTest\TestFiles\Export_KundenDB_Test_1_QM840\Results\HarnessExport_Export_KundenDB_Test_1_QM840.log'&#xD;
 E3: Export finished.&#xD;
 E3: I - Closing project 'HarnessExport_Test_2018' without saving modifications...&#xD;
 E3: Project c:\appveyor\bin\E3.3DRoutingBridge\Mainline\E3.BridgeTest\TestFiles\Export_KundenDB_Test_1_QM840\TestData\temp.e3s created.&#xD;
 E3: I - Item Validation enabled&#xD;
 E3: I - Validating project&#xD;
 E3: I - Validation enabled for this project&#xD;
 E3: I - Closing project 'temp' without saving modifications...&#xD;
 E3: I - Opening Project  c:\appveyor\bin\E3.3DRoutingBridge\Mainline\E3.BridgeTest\TestFiles\Export_KundenDB_Test_2_QM840\TestData\Test_2018.e3s&#xD;
 E3: I - Updating internal structures: 200 cycles up to version 2505...&#xD;
 E3: 2305 &#xD;
 E3: 2306 &#xD;
 E3: 2307 &#xD;
 E3: 2308 &#xD;
 E3: 2309 &#xD;
 E3: 2310 &#xD;
 E3: 2311 &#xD;
 E3: 2312 &#xD;
 E3: 2399 &#xD;
 E3: 2400 &#xD;
 E3: 2401 &#xD;
 E3: 2402 &#xD;
 E3: 2403 &#xD;
 E3: 2404 &#xD;
 E3: 2405 &#xD;
 E3: 2406 &#xD;
 E3: 2407 &#xD;
 E3: 2408 &#xD;
 E3: 2499 &#xD;
 E3: 2500 &#xD;
 E3: 2501 &#xD;
 E3: 2502 &#xD;
 E3: 2503 &#xD;
 E3: 2504 &#xD;
 E3: OK.&#xD;
 E3: Project c:\appveyor\bin\E3.3DRoutingBridge\Mainline\E3.BridgeTest\TestFiles\Export_KundenDB_Test_2_QM840\TestData\Test_2018.e3s opened.&#xD;
 E3: W - Project has been opened in READ ONLY mode, you can't save any changes to the existing project!&#xD;
 E3: I - Item Validation enabled&#xD;
 E3: I - Validating project&#xD;
 E3: I - Validation enabled for this project&#xD;
 E3: repair_check_extended(0)&#xD;
 E3: --------------------------------------------------------------------------&#xD;
 E3: consistency check (17)....
&#xD;
 E3: E - CCID:002503:  check_component( 'COMP_ITEM/15680 (0-12-0-c10)' ): ValidConnpart 'CG-B047' found for all pins! Should be stored at the component.&#xD;
 E3: ....
&#xD;
 E3: dump lost....
&#xD;
 E3: ....
&#xD;
 E3: new consistency check (45) and dump lost items (46)....
&#xD;
 E3: ....
&#xD;
 E3: - done -------------------------------------------------------------------
&#xD;
 E3: summary:
       check id   count                    (message) - info 
--------------------------------------------------------------------&#xD;
 E3: I - CCID:002503:      1  TRY REPAIR 046: - (check_component( '%s' ): ValidConnpart '%s' found for all pins! Should be stored at the component.)&#xD;
 E3: I - CCID:002578:      1                    (check_symbol_references: symbol '%s' not found in project, referenced by %s) - activate TE_85 to list each info in the report list!&#xD;
 E3: --------------------------------------------------------------------&#xD;
 E3: I -      2 total messages with 2 different check ids&#xD;
 E3: Starting Harness Export export&#xD;
 E3: Mapping file: c:\appveyor\bin\E3.3DRoutingBridge\Mainline\E3.BridgeTest\TestFiles\Export_KundenDB_Test_2_QM840\TestData\E3_Harness_Export.map&#xD;
 E3: INI file: c:\appveyor\bin\E3.3DRoutingBridge\Mainline\E3.BridgeTest\TestFiles\Export_KundenDB_Test_2_QM840\TestData\E3_Harness_Export.ini&#xD;
 E3:     Attribute .AppRef         : default OWNER types changed&#xD;
 E3:     Attribute .AppRef         : default DISPLAY parameters changed.&#xD;
 E3: File written to 'c:\appveyor\bin\E3.3DRoutingBridge\Mainline\E3.BridgeTest\TestFiles\Export_KundenDB_Test_2_QM840\Results\HarnessExport_Option.xml'&#xD;
 E3: Log file written to 'c:\appveyor\bin\E3.3DRoutingBridge\Mainline\E3.BridgeTest\TestFiles\Export_KundenDB_Test_2_QM840\Results\HarnessExport_Export_KundenDB_Test_2_QM840.log'&#xD;
 E3: Export finished.&#xD;
 E3: I - Closing project 'Test_2018' without saving modifications...&#xD;
 E3: Project c:\appveyor\bin\E3.3DRoutingBridge\Mainline\E3.BridgeTest\TestFiles\Export_KundenDB_Test_2_QM840\TestData\temp.e3s created.&#xD;
 E3: I - Item Validation enabled&#xD;
 E3: I - Validating project&#xD;
 E3: I - Validation enabled for this project&#xD;
 E3: I - Closing project 'temp' without saving modifications...&#xD;
 E3: I - Opening Project  c:\appveyor\bin\E3.3DRoutingBridge\Mainline\E3.BridgeTest\TestFiles\Export_KundenDB_Test_3_QM840\TestData\HarnessExport_Test_2018_AllVarOpt.e3s&#xD;
 E3: I - Updating internal structures: 200 cycles up to version 2505...&#xD;
 E3: 2305 &#xD;
 E3: 2306 &#xD;
 E3: 2307 &#xD;
 E3: 2308 &#xD;
 E3: 2309 &#xD;
 E3: 2310 &#xD;
 E3: 2311 &#xD;
 E3: 2312 &#xD;
 E3: 2399 &#xD;
 E3: 2400 &#xD;
 E3: 2401 &#xD;
 E3: 2402 &#xD;
 E3: 2403 &#xD;
 E3: 2404 &#xD;
 E3: 2405 &#xD;
 E3: 2406 &#xD;
 E3: 2407 &#xD;
 E3: 2408 &#xD;
 E3: 2499 &#xD;
 E3: 2500 &#xD;
 E3: 2501 &#xD;
 E3: 2502 &#xD;
 E3: 2503 &#xD;
 E3: 2504 &#xD;
 E3: OK.&#xD;
 E3: Project c:\appveyor\bin\E3.3DRoutingBridge\Mainline\E3.BridgeTest\TestFiles\Export_KundenDB_Test_3_QM840\TestData\HarnessExport_Test_2018_AllVarOpt.e3s opened.&#xD;
 E3: W - Project has been opened in READ ONLY mode, you can't save any changes to the existing project!&#xD;
 E3: I - Item Validation enabled&#xD;
 E3: I - Validating project&#xD;
 E3: I - Validation enabled for this project&#xD;
 E3: repair_check_extended(0)&#xD;
 E3: --------------------------------------------------------------------------&#xD;
 E3: consistency check (17)....
&#xD;
 E3: E - CCID:002503:  check_component( 'COMP_ITEM/2681260 (0-12-0-36cb)' ): ValidConnpart 'CG-B768' found for all pins! Should be stored at the component.&#xD;
 E3: E - CCID:002503:  check_component( 'COMP_ITEM/2681552 (0-12-0-376f)' ): ValidConnpart 'CG-B768' found for all pins! Should be stored at the component.&#xD;
 E3: E - CCID:002503:  check_component( 'COMP_ITEM/2682540 (0-12-0-39bf)' ): ValidConnpart 'CG-B821' found for all pins! Should be stored at the component.&#xD;
 E3: ....
&#xD;
 E3: dump lost....
&#xD;
 E3: ....
&#xD;
 E3: new consistency check (45) and dump lost items (46)....
&#xD;
 E3: ....
&#xD;
 E3: - done -------------------------------------------------------------------
&#xD;
 E3: summary:
       check id   count                    (message) - info 
--------------------------------------------------------------------&#xD;
 E3: I - CCID:002503:      3  TRY REPAIR 046: - (check_component( '%s' ): ValidConnpart '%s' found for all pins! Should be stored at the component.)&#xD;
 E3: I - CCID:002578:      2                    (check_symbol_references: symbol '%s' not found in project, referenced by %s) - activate TE_85 to list each info in the report list!&#xD;
 E3: --------------------------------------------------------------------&#xD;
 E3: I -      5 total messages with 2 different check ids&#xD;
 E3: Starting Harness Export export&#xD;
 E3: Mapping file: c:\appveyor\bin\E3.3DRoutingBridge\Mainline\E3.BridgeTest\TestFiles\Export_KundenDB_Test_3_QM840\TestData\E3_Harness_Export.map&#xD;
 E3: INI file: c:\appveyor\bin\E3.3DRoutingBridge\Mainline\E3.BridgeTest\TestFiles\Export_KundenDB_Test_3_QM840\TestData\E3_Harness_Export.ini&#xD;
 E3:     Attribute BranchNodeID    : default DISPLAY parameters changed.&#xD;
 E3:     Attribute .AppRef         : default OWNER types changed&#xD;
 E3:     Attribute .AppRef         : default DISPLAY parameters changed.&#xD;
 E3: W - More than one symbol for device '-TA2-RT37' are placed on branches!&#xD;
 E3: File written to 'c:\appveyor\bin\E3.3DRoutingBridge\Mainline\E3.BridgeTest\TestFiles\Export_KundenDB_Test_3_QM840\Results\HarnessExport_Option.xml'&#xD;
 E3: Log file written to 'c:\appveyor\bin\E3.3DRoutingBridge\Mainline\E3.BridgeTest\TestFiles\Export_KundenDB_Test_3_QM840\Results\HarnessExport_Export_KundenDB_Test_3_QM840.log'&#xD;
 E3: Export finished.&#xD;
 E3: I - Closing project 'HarnessExport_Test_2018_AllVarOpt' without saving modifications...&#xD;
 E3: Project c:\appveyor\bin\E3.3DRoutingBridge\Mainline\E3.BridgeTest\TestFiles\Export_KundenDB_Test_3_QM840\TestData\temp.e3s created.&#xD;
 E3: I - Item Validation enabled&#xD;
 E3: I - Validating project&#xD;
 E3: I - Validation enabled for this project&#xD;
 E3: I - Closing project 'temp' without saving modifications...&#xD;
 E3: I - Opening Project  c:\appveyor\bin\E3.3DRoutingBridge\Mainline\E3.BridgeTest\TestFiles\Export_KundenDB_Test_4_QM840\TestData\CSLX6T-70000-B__LLC_20171111_OK4.e3s&#xD;
 E3: I - Updating internal structures: 200 cycles up to version 2505...&#xD;
 E3: 2305 &#xD;
 E3: 2306 &#xD;
 E3: 2307 &#xD;
 E3: 2308 &#xD;
 E3: 2309 &#xD;
 E3: 2310 &#xD;
 E3: 2311 &#xD;
 E3: 2312 &#xD;
 E3: 2399 &#xD;
 E3: 2400 &#xD;
 E3: 2401 &#xD;
 E3: 2402 &#xD;
 E3: 2403 &#xD;
 E3: 2404 &#xD;
 E3: 2405 &#xD;
 E3: 2406 &#xD;
 E3: 2407 &#xD;
 E3: 2408 &#xD;
 E3: 2499 &#xD;
 E3: 2500 &#xD;
 E3: 2501 &#xD;
 E3: 2502 &#xD;
 E3: 2503 &#xD;
 E3: 2504 &#xD;
 E3: OK.&#xD;
 E3: Project c:\appveyor\bin\E3.3DRoutingBridge\Mainline\E3.BridgeTest\TestFiles\Export_KundenDB_Test_4_QM840\TestData\CSLX6T-70000-B__LLC_20171111_OK4.e3s opened.&#xD;
 E3: W - Project has been opened in READ ONLY mode, you can't save any changes to the existing project!&#xD;
 E3: I - Item Validation enabled&#xD;
 E3: I - Validating project&#xD;
 E3: I - Validation enabled for this project&#xD;
 E3: repair_check_extended(0)&#xD;
 E3: --------------------------------------------------------------------------&#xD;
 E3: consistency check (17)....
&#xD;
 E3: E - CCID:002503:  check_component( 'COMP_ITEM/1001235 (8-12-0-699f)' ): ValidConnpart 'CG-B821' found for all pins! Should be stored at the component.&#xD;
 E3: E - CCID:002499:  check_component( 'COMP_ITEM/1001271 (10-12-0-f070f)' ): Connector Component 'AV6N-14489-TB' without pins found!&#xD;
[12:27:02]  #########Logger Error: curly brackets not escaped&#xD;
 E3: E - CCID:002503:  check_component( 'COMP_ITEM/1001971 (45-12-0-6765)' ): ValidConnpart 'CG-B768' found for all pins! Should be stored at the component.&#xD;
 E3: E - CCID:002503:  check_component( 'COMP_ITEM/1002251 (45-12-0-ea9f)' ): ValidConnpart 'CG-B879' found for all pins! Should be stored at the component.&#xD;
 E3: E - CCID:002503:  check_component( 'COMP_ITEM/1003963 (b3-12-0-23302)' ): ValidConnpart 'CG-B768' found for all pins! Should be stored at the component.&#xD;
 E3: ....
&#xD;
 E3: dump lost....
&#xD;
 E3: ....
&#xD;
 E3: new consistency check (45) and dump lost items (46)....
&#xD;
 E3: ....
&#xD;
 E3: - done -------------------------------------------------------------------
&#xD;
 E3: summary:
       check id   count                    (message) - info 
--------------------------------------------------------------------&#xD;
 E3: I - CCID:002499:      1                    (check_component( '%s' ): Connector Component '%s' without pins found!)&#xD;
 E3: I - CCID:002502:      1  TRY REPAIR 046: - (check_component( '%s' ): ActiveComposite '%s' found for all pins! Should be stored at the component.)&#xD;
 E3: I - CCID:002503:      4  TRY REPAIR 046: - (check_component( '%s' ): ValidConnpart '%s' found for all pins! Should be stored at the component.)&#xD;
 E3: I - CCID:002578:      2                    (check_symbol_references: symbol '%s' not found in project, referenced by %s) - activate TE_85 to list each info in the report list!&#xD;
 E3: --------------------------------------------------------------------&#xD;
 E3: I -      8 total messages with 4 different check ids&#xD;
 E3: Starting Harness Export export&#xD;
 E3: Mapping file: c:\appveyor\bin\E3.3DRoutingBridge\Mainline\E3.BridgeTest\TestFiles\Export_KundenDB_Test_4_QM840\TestData\E3_Harness_Export.map&#xD;
 E3: INI file: c:\appveyor\bin\E3.3DRoutingBridge\Mainline\E3.BridgeTest\TestFiles\Export_KundenDB_Test_4_QM840\TestData\E3_Harness_Export.ini&#xD;
 E3:     Attribute .AppRef         : default OWNER types changed&#xD;
 E3:     Attribute .AppRef         : default DISPLAY parameters changed.&#xD;
 E3: W - More than one symbol for device 'TA2-RT37' are placed on branches!&#xD;
 E3: File written to 'c:\appveyor\bin\E3.3DRoutingBridge\Mainline\E3.BridgeTest\TestFiles\Export_KundenDB_Test_4_QM840\Results\HarnessExport_Option.xml'&#xD;
 E3: Log file written to 'c:\appveyor\bin\E3.3DRoutingBridge\Mainline\E3.BridgeTest\TestFiles\Export_KundenDB_Test_4_QM840\Results\HarnessExport_Export_KundenDB_Test_4_QM840.log'&#xD;
 E3: Export finished.&#xD;
 E3: I - Closing project 'CSLX6T-70000-B__LLC_20171111_OK4' without saving modifications...&#xD;
 E3: Project c:\appveyor\bin\E3.3DRoutingBridge\Mainline\E3.BridgeTest\TestFiles\Export_KundenDB_Test_4_QM840\TestData\temp.e3s created.&#xD;
 E3: I - Item Validation enabled&#xD;
 E3: I - Validating project&#xD;
 E3: I - Validation enabled for this project&#xD;
 E3: I - Closing project 'temp' without saving modifications...&#xD;
 E3: I - Opening Project  c:\appveyor\bin\E3.3DRoutingBridge\Mainline\E3.BridgeTest\TestFiles\Export_KundenDB_Test_5_QM840\TestData\RBtest_Test.e3s&#xD;
 E3: I - Updating internal structures: 200 cycles up to version 2505...&#xD;
 E3: 2305 &#xD;
 E3: 2306 &#xD;
 E3: 2307 &#xD;
 E3: 2308 &#xD;
 E3: 2309 &#xD;
 E3: 2310 &#xD;
 E3: 2311 &#xD;
 E3: 2312 &#xD;
 E3: 2399 &#xD;
 E3: 2400 &#xD;
 E3: 2401 &#xD;
 E3: 2402 &#xD;
 E3: 2403 &#xD;
 E3: 2404 &#xD;
 E3: 2405 &#xD;
 E3: 2406 &#xD;
 E3: 2407 &#xD;
 E3: 2408 &#xD;
 E3: 2499 &#xD;
 E3: 2500 &#xD;
 E3: 2501 &#xD;
 E3: 2502 &#xD;
 E3: 2503 &#xD;
 E3: 2504 &#xD;
 E3: OK.&#xD;
 E3: Project c:\appveyor\bin\E3.3DRoutingBridge\Mainline\E3.BridgeTest\TestFiles\Export_KundenDB_Test_5_QM840\TestData\RBtest_Test.e3s opened.&#xD;
 E3: W - Project has been opened in READ ONLY mode, you can't save any changes to the existing project!&#xD;
 E3: I - Item Validation enabled&#xD;
 E3: I - Validating project&#xD;
 E3: I - Validation enabled for this project&#xD;
 E3: repair_check_extended(0)&#xD;
 E3: --------------------------------------------------------------------------&#xD;
 E3: consistency check (17)....
&#xD;
 E3: ....
&#xD;
 E3: dump lost....
&#xD;
 E3: ....
&#xD;
 E3: new consistency check (45) and dump lost items (46)....
&#xD;
 E3: ....
&#xD;
 E3: - done -------------------------------------------------------------------
&#xD;
 E3: I - No known issues found&#xD;
 E3: Starting Harness Export export&#xD;
 E3: Mapping file: c:\appveyor\bin\E3.3DRoutingBridge\Mainline\E3.BridgeTest\TestFiles\Export_KundenDB_Test_5_QM840\TestData\E3_Harness_Export.map&#xD;
 E3: INI file: c:\appveyor\bin\E3.3DRoutingBridge\Mainline\E3.BridgeTest\TestFiles\Export_KundenDB_Test_5_QM840\TestData\E3_Harness_Export.ini&#xD;
 E3:     Attribute .AppRef         : default OWNER types changed&#xD;
 E3:     Attribute .AppRef         : default DISPLAY parameters changed.&#xD;
 E3: File written to 'c:\appveyor\bin\E3.3DRoutingBridge\Mainline\E3.BridgeTest\TestFiles\Export_KundenDB_Test_5_QM840\Results\HarnessExport_Option.xml'&#xD;
 E3: Log file written to 'c:\appveyor\bin\E3.3DRoutingBridge\Mainline\E3.BridgeTest\TestFiles\Export_KundenDB_Test_5_QM840\Results\HarnessExport_Export_KundenDB_Test_5_QM840.log'&#xD;
 E3: Export finished.&#xD;
 E3: I - Closing project 'RBtest_Test' without saving modifications...&#xD;
 E3: Project c:\appveyor\bin\E3.3DRoutingBridge\Mainline\E3.BridgeTest\TestFiles\Export_KundenDB_Test_5_QM840\TestData\temp.e3s created.&#xD;
 E3: I - Item Validation enabled&#xD;
 E3: I - Validating project&#xD;
 E3: I - Validation enabled for this project&#xD;
 E3: I - Closing project 'temp' without saving modifications...&#xD;
 E3: I - Opening Project  c:\appveyor\bin\E3.3DRoutingBridge\Mainline\E3.BridgeTest\TestFiles\Export_Optionen_QM840\TestData\HarnessExport_Option.e3s&#xD;
 E3: I - Updating internal structures: 200 cycles up to version 2505...&#xD;
 E3: 2305 &#xD;
 E3: 2306 &#xD;
 E3: 2307 &#xD;
 E3: 2308 &#xD;
 E3: 2309 &#xD;
 E3: 2310 &#xD;
 E3: 2311 &#xD;
 E3: 2312 &#xD;
 E3: 2399 &#xD;
 E3: 2400 &#xD;
 E3: 2401 &#xD;
 E3: 2402 &#xD;
 E3: 2403 &#xD;
 E3: 2404 &#xD;
 E3: 2405 &#xD;
 E3: 2406 &#xD;
 E3: 2407 &#xD;
 E3: 2408 &#xD;
 E3: 2499 &#xD;
 E3: 2500 &#xD;
 E3: 2501 &#xD;
 E3: 2502 &#xD;
 E3: 2503 &#xD;
 E3: 2504 &#xD;
 E3: OK.&#xD;
 E3: Project c:\appveyor\bin\E3.3DRoutingBridge\Mainline\E3.BridgeTest\TestFiles\Export_Optionen_QM840\TestData\HarnessExport_Option.e3s opened.&#xD;
 E3: W - Project has been opened in READ ONLY mode, you can't save any changes to the existing project!&#xD;
 E3: I - Item Validation enabled&#xD;
 E3: I - Validating project&#xD;
 E3: I - Validation enabled for this project&#xD;
 E3: repair_check_extended(0)&#xD;
 E3: --------------------------------------------------------------------------&#xD;
 E3: consistency check (17)....
&#xD;
 E3: ....
&#xD;
 E3: dump lost....
&#xD;
 E3: ....
&#xD;
 E3: new consistency check (45) and dump lost items (46)....
&#xD;
 E3: ....
&#xD;
 E3: - done -------------------------------------------------------------------
&#xD;
 E3: I - No known issues found&#xD;
 E3: E - Unknown attributes found in mapping file 'c:\appveyor\bin\E3.3DRoutingBridge\Mainline\E3.BridgeTest\TestFiles\Export_Optionen_QM840\TestData\E3_Harness_Export.map':&#xD;
 E3:     &#xD;
 E3:     	- ichBinEinAttributUndMichGibtEsNicht&#xD;
 E3: Starting Harness Export export&#xD;
 E3: Mapping file: c:\appveyor\bin\E3.3DRoutingBridge\Mainline\E3.BridgeTest\TestFiles\Export_Optionen_QM840\TestData\E3_Harness_Export.map&#xD;
 E3: INI file: c:\appveyor\bin\E3.3DRoutingBridge\Mainline\E3.BridgeTest\TestFiles\Export_Optionen_QM840\TestData\E3_Harness_Export.ini&#xD;
 E3:     Attribute BranchNodeID    : default DISPLAY parameters changed.&#xD;
 E3:     Attribute .AppRef         : default OWNER types changed&#xD;
 E3:     Attribute .AppRef         : default DISPLAY parameters changed.&#xD;
 E3: File written to 'c:\appveyor\bin\E3.3DRoutingBridge\Mainline\E3.BridgeTest\TestFiles\Export_Optionen_QM840\Results\HarnessExport_Option.xml'&#xD;
 E3: Log file written to 'c:\appveyor\bin\E3.3DRoutingBridge\Mainline\E3.BridgeTest\TestFiles\Export_Optionen_QM840\Results\HarnessExport_Export_Optionen_QM840.log'&#xD;
 E3: Export finished.&#xD;
 E3: I - Closing project 'HarnessExport_Option' without saving modifications...&#xD;

---Finish: 10.10.2023 - 12:27:02---</StdOut>
      </Output>
    </UnitTestResult>
    <UnitTestResult executionId="94d9048a-ee60-4286-a08f-e9381056a93f" testId="7a5f28ba-4996-4920-ae90-0addcb63c5b6" testName="Export_KundenDB_Test_2_QM840" computerName="774BBDF454A4" duration="00:00:17.1786721" startTime="2023-10-10T12:18:36.9689616+02:00" endTime="2023-10-10T12:18:54.1504787+02:00" testType="13cdc9d9-ddb5-4fa4-a97d-d965ccfc6d4b" outcome="Passed" testListId="8c84fa94-04c1-424b-9868-57a2d4851a1d" relativeResultsDirectory="94d9048a-ee60-4286-a08f-e9381056a93f">
      <Output>
        <StdOut>[12:18:36]  Start Test: Export_KundenDB_Test_2_QM840&#xD;
[12:18:38]  Defining database with name KundenDB...
Given paths are: c:\appveyor\bin\E3.3DRoutingBridge\Mainline\E3.BridgeTest\TestFiles\Export_KundenDB_Test_2_QM840\..\Databases\Ford\E3-Exports_MDB_v2018.mdb	c:\appveyor\bin\E3.3DRoutingBridge\Mainline\E3.BridgeTest\TestFiles\Export_KundenDB_Test_2_QM840\..\Databases\Ford\E3-Exports_MDB_v2018.mdb	c:\appveyor\bin\E3.3DRoutingBridge\Mainline\E3.BridgeTest\TestFiles\Export_KundenDB_Test_2_QM840\..\Databases\Ford\E3-Exports_MDB_v2018.mdb&#xD;
[12:18:42]  Setting current database KundenDB&#xD;
[12:18:43]  E3 OpenJob&#xD;
[12:18:44]  Doing repaircheck...&#xD;
[12:18:45]  Toolstart-Parameter: -b -d export -HarnessExport -selectionmode E3_Preselected_Sheets -i "c:\appveyor\bin\E3.3DRoutingBridge\Mainline\E3.BridgeTest\TestFiles\Export_KundenDB_Test_2_QM840\TestData" -mi "c:\appveyor\bin\E3.3DRoutingBridge\Mainline\E3.BridgeTest\TestFiles\Export_KundenDB_Test_2_QM840\TestData\E3_Harness_Export.ini" -mm "c:\appveyor\bin\E3.3DRoutingBridge\Mainline\E3.BridgeTest\TestFiles\Export_KundenDB_Test_2_QM840\TestData\E3_Harness_Export.map" -filename "c:\appveyor\bin\E3.3DRoutingBridge\Mainline\E3.BridgeTest\TestFiles\Export_KundenDB_Test_2_QM840\Results\HarnessExport_Option.xml" -logfilename "c:\appveyor\bin\E3.3DRoutingBridge\Mainline\E3.BridgeTest\TestFiles\Export_KundenDB_Test_2_QM840\Results\HarnessExport_Export_KundenDB_Test_2_QM840.log" -processid 16564&#xD;
[12:18:45]  Tool startet: c:\\appveyor\\bin\\E3.3DRoutingBridge\\Mainline\\bin\\Release\\x64\\E3_3DRoutingBridge.exe&#xD;
[12:18:53]  Tool fertig: c:\\appveyor\\bin\\E3.3DRoutingBridge\\Mainline\\bin\\Release\\x64\\E3_3DRoutingBridge.exe : ExitCode 0&#xD;
[12:18:53]  Start CompareXML: xmlExportFileName: c:\appveyor\bin\E3.3DRoutingBridge\Mainline\E3.BridgeTest\TestFiles\Export_KundenDB_Test_2_QM840\Results\2023-10-10--12-18-53_Export_KundenDB_Test_2_QM840_temp.xml to xmlRefFileName: c:\appveyor\bin\E3.3DRoutingBridge\Mainline\E3.BridgeTest\TestFiles\Export_KundenDB_Test_2_QM840\Results\2023-10-10--12-18-53_Export_KundenDB_Test_2_QM840_ref_temp.xml&#xD;
[12:18:53]  Test Export_KundenDB_Test_2_QM840 for Tool 3DRoutingBridge equal to Reference!&#xD;
[12:18:53]  Test  3DRoutingBridge is successful!&#xD;
[12:18:53]  TestCleanup</StdOut>
      </Output>
    </UnitTestResult>
    <UnitTestResult executionId="01a0fdd3-cf58-407b-b3c6-6c0314dd47b0" testId="0a7f6bd7-6211-4147-bb0a-249b9caaacad" testName="Designer_33104" computerName="774BBDF454A4" duration="00:00:15.9095351" startTime="2023-10-10T12:13:10.9995252+02:00" endTime="2023-10-10T12:13:26.9005565+02:00" testType="13cdc9d9-ddb5-4fa4-a97d-d965ccfc6d4b" outcome="Passed" testListId="8c84fa94-04c1-424b-9868-57a2d4851a1d" relativeResultsDirectory="01a0fdd3-cf58-407b-b3c6-6c0314dd47b0">
      <Output>
        <StdOut>[12:13:10]  Start Test: Designer_33104&#xD;
[12:13:12]  Defining database with name Standard...
Given paths are: c:\appveyor\bin\E3.3DRoutingBridge\Mainline\E3.BridgeTest\TestFiles\Designer-33104\..\Databases\Standard\Components.mdb	c:\appveyor\bin\E3.3DRoutingBridge\Mainline\E3.BridgeTest\TestFiles\Designer-33104\..\Databases\Standard\symbols.mdb	c:\appveyor\bin\E3.3DRoutingBridge\Mainline\E3.BridgeTest\TestFiles\Designer-33104\..\Databases\Standard\Configuration.mdb&#xD;
[12:13:16]  Setting current database Standard&#xD;
[12:13:17]  E3 OpenJob&#xD;
[12:13:17]  Doing repaircheck...&#xD;
[12:13:18]  Toolstart-Parameter: -b -d Export -HarnessExport -selectionmode E3_PRESELECTED_SHEETS -i "c:\appveyor\bin\E3.3DRoutingBridge\Mainline\bin\Release\x64\Config" -mi "c:\appveyor\bin\E3.3DRoutingBridge\Mainline\bin\Release\x64\Config\E3_Harness_Export.ini" -mm "c:\appveyor\bin\E3.3DRoutingBridge\Mainline\bin\Release\x64\Config\E3_Harness_Export.map" -filename "c:\appveyor\bin\E3.3DRoutingBridge\Mainline\E3.BridgeTest\TestFiles\Designer-33104\Results\Designer_33104.xml" -logfilename "c:\appveyor\bin\E3.3DRoutingBridge\Mainline\E3.BridgeTest\TestFiles\Designer-33104\Results\HarnessExport_Designer_33104.log" -processid 16564&#xD;
[12:13:18]  Tool startet: c:\\appveyor\\bin\\E3.3DRoutingBridge\\Mainline\\bin\\Release\\x64\\E3_3DRoutingBridge.exe&#xD;
[12:13:26]  Tool fertig: c:\\appveyor\\bin\\E3.3DRoutingBridge\\Mainline\\bin\\Release\\x64\\E3_3DRoutingBridge.exe : ExitCode 0&#xD;
[12:13:26]  Start CompareXML: xmlExportFileName: c:\appveyor\bin\E3.3DRoutingBridge\Mainline\E3.BridgeTest\TestFiles\Designer-33104\Results\2023-10-10--12-13-26_Designer_33104_temp.xml to xmlRefFileName: c:\appveyor\bin\E3.3DRoutingBridge\Mainline\E3.BridgeTest\TestFiles\Designer-33104\Results\2023-10-10--12-13-26_Designer_33104_ref_temp.xml&#xD;
[12:13:26]  Test Designer_33104 for Tool 3DRoutingBridge equal to Reference!&#xD;
[12:13:26]  Test  3DRoutingBridge is successful!&#xD;
[12:13:26]  TestCleanup</StdOut>
      </Output>
    </UnitTestResult>
    <UnitTestResult executionId="1ba241d6-843e-4498-b463-4c2391bfe6b4" testId="abe5d0da-0394-4316-b183-cc2c05c27f95" testName="Designer_42554" computerName="774BBDF454A4" duration="00:00:16.7655478" startTime="2023-10-10T12:15:50.2350024+02:00" endTime="2023-10-10T12:16:06.9965489+02:00" testType="13cdc9d9-ddb5-4fa4-a97d-d965ccfc6d4b" outcome="Passed" testListId="8c84fa94-04c1-424b-9868-57a2d4851a1d" relativeResultsDirectory="1ba241d6-843e-4498-b463-4c2391bfe6b4">
      <Output>
        <StdOut>[12:15:50]  Start Test: Designer_42554&#xD;
[12:15:51]  Defining database with name Standard...
Given paths are: c:\appveyor\bin\E3.3DRoutingBridge\Mainline\E3.BridgeTest\TestFiles\Designer-42554\..\Databases\Standard\Components.mdb	c:\appveyor\bin\E3.3DRoutingBridge\Mainline\E3.BridgeTest\TestFiles\Designer-42554\..\Databases\Standard\symbols.mdb	c:\appveyor\bin\E3.3DRoutingBridge\Mainline\E3.BridgeTest\TestFiles\Designer-42554\..\Databases\Standard\Configuration.mdb&#xD;
[12:15:55]  Setting current database Standard&#xD;
[12:15:56]  E3 OpenJob&#xD;
[12:15:57]  Doing repaircheck...&#xD;
[12:15:57]  Toolstart-Parameter: -b -d Export -HarnessExport -selectionmode E3_PRESELECTED_SHEETS -i "c:\appveyor\bin\E3.3DRoutingBridge\Mainline\bin\Release\x64\Config" -mi "c:\appveyor\bin\E3.3DRoutingBridge\Mainline\bin\Release\x64\Config\E3_Harness_Export.ini" -mm "c:\appveyor\bin\E3.3DRoutingBridge\Mainline\bin\Release\x64\Config\E3_Harness_Export.map" -filename "c:\appveyor\bin\E3.3DRoutingBridge\Mainline\E3.BridgeTest\TestFiles\Designer-42554\Results\Designer_42554.xml" -logfilename "c:\appveyor\bin\E3.3DRoutingBridge\Mainline\E3.BridgeTest\TestFiles\Designer-42554\Results\HarnessExport_Designer_42554.log" -processid 16564&#xD;
[12:15:57]  Tool startet: c:\\appveyor\\bin\\E3.3DRoutingBridge\\Mainline\\bin\\Release\\x64\\E3_3DRoutingBridge.exe&#xD;
[12:16:06]  Tool fertig: c:\\appveyor\\bin\\E3.3DRoutingBridge\\Mainline\\bin\\Release\\x64\\E3_3DRoutingBridge.exe : ExitCode 0&#xD;
[12:16:06]  Start CompareXML: xmlExportFileName: c:\appveyor\bin\E3.3DRoutingBridge\Mainline\E3.BridgeTest\TestFiles\Designer-42554\Results\2023-10-10--12-16-06_Designer_42554_temp.xml to xmlRefFileName: c:\appveyor\bin\E3.3DRoutingBridge\Mainline\E3.BridgeTest\TestFiles\Designer-42554\Results\2023-10-10--12-16-06_Designer_42554_ref_temp.xml&#xD;
[12:16:06]  Test Designer_42554 for Tool 3DRoutingBridge equal to Reference!&#xD;
[12:16:06]  Test  3DRoutingBridge is successful!&#xD;
[12:16:06]  TestCleanup</StdOut>
      </Output>
    </UnitTestResult>
    <UnitTestResult executionId="2a15522f-23b6-48aa-a74b-8f822ed8bd98" testId="04184cad-435f-4fa3-8bdb-dec050fababd" testName="Designer_31227" computerName="774BBDF454A4" duration="00:00:55.7498640" startTime="2023-10-10T12:12:15.2532080+02:00" endTime="2023-10-10T12:13:10.9995252+02:00" testType="13cdc9d9-ddb5-4fa4-a97d-d965ccfc6d4b" outcome="Passed" testListId="8c84fa94-04c1-424b-9868-57a2d4851a1d" relativeResultsDirectory="2a15522f-23b6-48aa-a74b-8f822ed8bd98">
      <Output>
        <StdOut>[12:12:15]  Start Test: Designer_31227&#xD;
[12:12:16]  Defining database with name Standard...
Given paths are: c:\appveyor\bin\E3.3DRoutingBridge\Mainline\E3.BridgeTest\TestFiles\Designer-31227\..\Databases\Standard\Components.mdb	c:\appveyor\bin\E3.3DRoutingBridge\Mainline\E3.BridgeTest\TestFiles\Designer-31227\..\Databases\Standard\symbols.mdb	c:\appveyor\bin\E3.3DRoutingBridge\Mainline\E3.BridgeTest\TestFiles\Designer-31227\..\Databases\Standard\Configuration.mdb&#xD;
[12:12:20]  Setting current database Standard&#xD;
[12:12:21]  E3 OpenJob&#xD;
[12:12:39]  Doing repaircheck...&#xD;
[12:12:47]  Toolstart-Parameter: -b -d Export -HarnessExport -selectionmode E3_PRESELECTED_SHEETS -i "c:\appveyor\bin\E3.3DRoutingBridge\Mainline\bin\Release\x64\Config" -mi "c:\appveyor\bin\E3.3DRoutingBridge\Mainline\bin\Release\x64\Config\E3_Harness_Export.ini" -mm "c:\appveyor\bin\E3.3DRoutingBridge\Mainline\bin\Release\x64\Config\E3_Harness_Export.map" -filename "c:\appveyor\bin\E3.3DRoutingBridge\Mainline\E3.BridgeTest\TestFiles\Designer-31227\Results\Designer_31227.xml" -logfilename "c:\appveyor\bin\E3.3DRoutingBridge\Mainline\E3.BridgeTest\TestFiles\Designer-31227\Results\HarnessExport_Designer_31227.log" -processid 16564&#xD;
[12:12:47]  Tool startet: c:\\appveyor\\bin\\E3.3DRoutingBridge\\Mainline\\bin\\Release\\x64\\E3_3DRoutingBridge.exe&#xD;
[12:13:10]  Tool fertig: c:\\appveyor\\bin\\E3.3DRoutingBridge\\Mainline\\bin\\Release\\x64\\E3_3DRoutingBridge.exe : ExitCode 0&#xD;
[12:13:10]  Start CompareXML: xmlExportFileName: c:\appveyor\bin\E3.3DRoutingBridge\Mainline\E3.BridgeTest\TestFiles\Designer-31227\Results\2023-10-10--12-13-10_Designer_31227_temp.xml to xmlRefFileName: c:\appveyor\bin\E3.3DRoutingBridge\Mainline\E3.BridgeTest\TestFiles\Designer-31227\Results\2023-10-10--12-13-10_Designer_31227_ref_temp.xml&#xD;
[12:13:10]  Test Designer_31227 for Tool 3DRoutingBridge equal to Reference!&#xD;
[12:13:10]  Test  3DRoutingBridge is successful!&#xD;
[12:13:10]  TestCleanup</StdOut>
      </Output>
    </UnitTestResult>
    <UnitTestResult executionId="469ab36d-f953-4bd4-94ec-885f280091c6" testId="a8abd5ff-3025-481b-80d8-d2a0fe0aa677" testName="Designer_36546" computerName="774BBDF454A4" duration="00:00:17.4145962" startTime="2023-10-10T12:13:49.2197054+02:00" endTime="2023-10-10T12:14:06.6376232+02:00" testType="13cdc9d9-ddb5-4fa4-a97d-d965ccfc6d4b" outcome="Passed" testListId="8c84fa94-04c1-424b-9868-57a2d4851a1d" relativeResultsDirectory="469ab36d-f953-4bd4-94ec-885f280091c6">
      <Output>
        <StdOut>[12:13:49]  Start Test: Designer_36546&#xD;
[12:13:50]  Defining database with name Standard...
Given paths are: c:\appveyor\bin\E3.3DRoutingBridge\Mainline\E3.BridgeTest\TestFiles\Designer-36546\..\Databases\Standard\Components.mdb	c:\appveyor\bin\E3.3DRoutingBridge\Mainline\E3.BridgeTest\TestFiles\Designer-36546\..\Databases\Standard\symbols.mdb	c:\appveyor\bin\E3.3DRoutingBridge\Mainline\E3.BridgeTest\TestFiles\Designer-36546\..\Databases\Standard\Configuration.mdb&#xD;
[12:13:54]  Setting current database Standard&#xD;
[12:13:55]  E3 OpenJob&#xD;
[12:13:56]  Doing repaircheck...&#xD;
[12:13:57]  Toolstart-Parameter: -b -d Export -HarnessExport -selectionmode E3_PRESELECTED_SHEETS -i "c:\appveyor\bin\E3.3DRoutingBridge\Mainline\E3.BridgeTest\TestFiles\Designer-36546\TestData" -mi "c:\appveyor\bin\E3.3DRoutingBridge\Mainline\E3.BridgeTest\TestFiles\Designer-36546\TestData\E3_Harness_Export.ini" -mm "c:\appveyor\bin\E3.3DRoutingBridge\Mainline\E3.BridgeTest\TestFiles\Designer-36546\TestData\E3_Harness_Export.map" -filename "c:\appveyor\bin\E3.3DRoutingBridge\Mainline\E3.BridgeTest\TestFiles\Designer-36546\Results\Designer_36546.xml" -logfilename "c:\appveyor\bin\E3.3DRoutingBridge\Mainline\E3.BridgeTest\TestFiles\Designer-36546\Results\HarnessExport_Designer_36546.log" -processid 16564&#xD;
[12:13:57]  Tool startet: c:\\appveyor\\bin\\E3.3DRoutingBridge\\Mainline\\bin\\Release\\x64\\E3_3DRoutingBridge.exe&#xD;
[12:14:06]  Tool fertig: c:\\appveyor\\bin\\E3.3DRoutingBridge\\Mainline\\bin\\Release\\x64\\E3_3DRoutingBridge.exe : ExitCode 0&#xD;
[12:14:06]  Start CompareXML: xmlExportFileName: c:\appveyor\bin\E3.3DRoutingBridge\Mainline\E3.BridgeTest\TestFiles\Designer-36546\Results\2023-10-10--12-14-06_Designer_36546_temp.xml to xmlRefFileName: c:\appveyor\bin\E3.3DRoutingBridge\Mainline\E3.BridgeTest\TestFiles\Designer-36546\Results\2023-10-10--12-14-06_Designer_36546_ref_temp.xml&#xD;
[12:14:06]  Test Designer_36546 for Tool 3DRoutingBridge equal to Reference!&#xD;
[12:14:06]  Test  3DRoutingBridge is successful!&#xD;
[12:14:06]  TestCleanup</StdOut>
      </Output>
    </UnitTestResult>
    <UnitTestResult executionId="38f3418a-3602-4e63-869d-bbbb2c85d70c" testId="7ae9a8b8-9e74-45fb-8617-37d98288c8a1" testName="Designer_31097" computerName="774BBDF454A4" duration="00:02:35.7351106" startTime="2023-10-10T12:08:57.4337254+02:00" endTime="2023-10-10T12:11:43.2324330+02:00" testType="13cdc9d9-ddb5-4fa4-a97d-d965ccfc6d4b" outcome="Passed" testListId="8c84fa94-04c1-424b-9868-57a2d4851a1d" relativeResultsDirectory="38f3418a-3602-4e63-869d-bbbb2c85d70c">
      <Output>
        <StdOut>TotalProcessorTime: 00:00:00.0312500&#xD;
ProcessName: E3.series&#xD;
StartTime: 10/10/2023 12:08:57 PM&#xD;
Cnt: 1&#xD;
TotalProcessorTime: 00:00:01.0468750&#xD;
ProcessName: E3.series&#xD;
StartTime: 10/10/2023 12:08:57 PM&#xD;
Cnt: 2&#xD;
TotalProcessorTime: 00:00:02.0156250&#xD;
ProcessName: E3.series&#xD;
StartTime: 10/10/2023 12:08:57 PM&#xD;
Cnt: 3&#xD;
TotalProcessorTime: 00:00:02.9843750&#xD;
ProcessName: E3.series&#xD;
StartTime: 10/10/2023 12:08:57 PM&#xD;
Cnt: 4&#xD;
---Start: 10.10.2023 - 12:09:07---
&#xD;
[12:09:07]  Using E3 2024 (Oct 10 2023 11:15:29 Build 25.00-Develop @264160) 64 Bit, ProcessId 16564&#xD;
[12:09:07]  Start Test: Designer_31097&#xD;
[12:09:08]  Defining database with name Standard...
Given paths are: c:\appveyor\bin\E3.3DRoutingBridge\Mainline\E3.BridgeTest\TestFiles\Designer-31097\..\Databases\Standard\Components.mdb	c:\appveyor\bin\E3.3DRoutingBridge\Mainline\E3.BridgeTest\TestFiles\Designer-31097\..\Databases\Standard\symbols.mdb	c:\appveyor\bin\E3.3DRoutingBridge\Mainline\E3.BridgeTest\TestFiles\Designer-31097\..\Databases\Standard\Configuration.mdb&#xD;
[12:09:12]  Setting current database Standard&#xD;
[12:09:13]  E3 OpenJob&#xD;
[12:10:39]  Doing repaircheck...&#xD;
[12:11:30]  Toolstart-Parameter: -b -d Export -HarnessExport -selectionmode E3_PRESELECTED_SHEETS -i "c:\appveyor\bin\E3.3DRoutingBridge\Mainline\E3.BridgeTest\TestFiles\Designer-31097\TestData" -mi "c:\appveyor\bin\E3.3DRoutingBridge\Mainline\E3.BridgeTest\TestFiles\Designer-31097\TestData\E3_3DRoutingBridge.ini" -mm "c:\appveyor\bin\E3.3DRoutingBridge\Mainline\E3.BridgeTest\TestFiles\Designer-31097\TestData\E3_Harness_Export.map" -filename "c:\appveyor\bin\E3.3DRoutingBridge\Mainline\E3.BridgeTest\TestFiles\Designer-31097\Results\Designer_31097.xml" -logfilename "c:\appveyor\bin\E3.3DRoutingBridge\Mainline\E3.BridgeTest\TestFiles\Designer-31097\Results\HarnessExport_Designer_31097.log" -processid 16564&#xD;
[12:11:30]  Tool startet: c:\\appveyor\\bin\\E3.3DRoutingBridge\\Mainline\\bin\\Release\\x64\\E3_3DRoutingBridge.exe&#xD;
[12:11:42]  Tool fertig: c:\\appveyor\\bin\\E3.3DRoutingBridge\\Mainline\\bin\\Release\\x64\\E3_3DRoutingBridge.exe : ExitCode 0&#xD;
[12:11:42]  Start CompareXML: xmlExportFileName: c:\appveyor\bin\E3.3DRoutingBridge\Mainline\E3.BridgeTest\TestFiles\Designer-31097\Results\2023-10-10--12-11-42_Designer_31097_temp.xml to xmlRefFileName: c:\appveyor\bin\E3.3DRoutingBridge\Mainline\E3.BridgeTest\TestFiles\Designer-31097\Results\2023-10-10--12-11-42_Designer_31097_ref_temp.xml&#xD;
[12:11:42]  Test Designer_31097 for Tool 3DRoutingBridge equal to Reference!&#xD;
[12:11:42]  Test  3DRoutingBridge is successful!&#xD;
[12:11:42]  TestCleanup</StdOut>
      </Output>
    </UnitTestResult>
    <UnitTestResult executionId="a77977d5-5acd-4e45-8d96-1c8d998d4386" testId="e01f69be-e700-4cb5-807a-0721cc1a9e95" testName="Designer_37322" computerName="774BBDF454A4" duration="00:00:18.6798628" startTime="2023-10-10T12:14:29.0944684+02:00" endTime="2023-10-10T12:14:47.7745883+02:00" testType="13cdc9d9-ddb5-4fa4-a97d-d965ccfc6d4b" outcome="Passed" testListId="8c84fa94-04c1-424b-9868-57a2d4851a1d" relativeResultsDirectory="a77977d5-5acd-4e45-8d96-1c8d998d4386">
      <Output>
        <StdOut>[12:14:29]  Start Test: Designer_37322&#xD;
[12:14:30]  Defining database with name Standard...
Given paths are: c:\appveyor\bin\E3.3DRoutingBridge\Mainline\E3.BridgeTest\TestFiles\Designer-37322\..\Databases\Standard\Components.mdb	c:\appveyor\bin\E3.3DRoutingBridge\Mainline\E3.BridgeTest\TestFiles\Designer-37322\..\Databases\Standard\symbols.mdb	c:\appveyor\bin\E3.3DRoutingBridge\Mainline\E3.BridgeTest\TestFiles\Designer-37322\..\Databases\Standard\Configuration.mdb&#xD;
[12:14:34]  Setting current database Standard&#xD;
[12:14:35]  E3 OpenJob&#xD;
[12:14:37]  Doing repaircheck...&#xD;
[12:14:38]  Toolstart-Parameter: -b -d Export -HarnessExport -selectionmode E3_PRESELECTED_SHEETS -i "c:\appveyor\bin\E3.3DRoutingBridge\Mainline\bin\Release\x64\Config" -mi "c:\appveyor\bin\E3.3DRoutingBridge\Mainline\bin\Release\x64\Config\E3_Harness_Export.ini" -mm "c:\appveyor\bin\E3.3DRoutingBridge\Mainline\bin\Release\x64\Config\E3_Harness_Export.map" -filename "c:\appveyor\bin\E3.3DRoutingBridge\Mainline\E3.BridgeTest\TestFiles\Designer-37322\Results\Designer_37322.xml" -logfilename "c:\appveyor\bin\E3.3DRoutingBridge\Mainline\E3.BridgeTest\TestFiles\Designer-37322\Results\HarnessExport_Designer_37322.log" -processid 16564&#xD;
[12:14:38]  Tool startet: c:\\appveyor\\bin\\E3.3DRoutingBridge\\Mainline\\bin\\Release\\x64\\E3_3DRoutingBridge.exe&#xD;
[12:14:47]  Tool fertig: c:\\appveyor\\bin\\E3.3DRoutingBridge\\Mainline\\bin\\Release\\x64\\E3_3DRoutingBridge.exe : ExitCode 0&#xD;
[12:14:47]  Start CompareXML: xmlExportFileName: c:\appveyor\bin\E3.3DRoutingBridge\Mainline\E3.BridgeTest\TestFiles\Designer-37322\Results\2023-10-10--12-14-47_Designer_37322_temp.xml to xmlRefFileName: c:\appveyor\bin\E3.3DRoutingBridge\Mainline\E3.BridgeTest\TestFiles\Designer-37322\Results\2023-10-10--12-14-47_Designer_37322_ref_temp.xml&#xD;
[12:14:47]  Test Designer_37322 for Tool 3DRoutingBridge equal to Reference!&#xD;
[12:14:47]  Test  3DRoutingBridge is successful!&#xD;
[12:14:47]  TestCleanup</StdOut>
      </Output>
    </UnitTestResult>
    <UnitTestResult executionId="d8cf3ae2-55ea-472a-9631-8e5377a95b9e" testId="779261f9-eff0-4caf-a9fe-8916c9dd9785" testName="Designer_31148" computerName="774BBDF454A4" duration="00:00:16.0700033" startTime="2023-10-10T12:11:59.1674778+02:00" endTime="2023-10-10T12:12:15.2375891+02:00" testType="13cdc9d9-ddb5-4fa4-a97d-d965ccfc6d4b" outcome="Passed" testListId="8c84fa94-04c1-424b-9868-57a2d4851a1d" relativeResultsDirectory="d8cf3ae2-55ea-472a-9631-8e5377a95b9e">
      <Output>
        <StdOut>[12:11:59]  Start Test: Designer_31148&#xD;
[12:12:00]  Defining database with name Standard...
Given paths are: c:\appveyor\bin\E3.3DRoutingBridge\Mainline\E3.BridgeTest\TestFiles\Designer-31148\..\Databases\Standard\Components.mdb	c:\appveyor\bin\E3.3DRoutingBridge\Mainline\E3.BridgeTest\TestFiles\Designer-31148\..\Databases\Standard\symbols.mdb	c:\appveyor\bin\E3.3DRoutingBridge\Mainline\E3.BridgeTest\TestFiles\Designer-31148\..\Databases\Standard\Configuration.mdb&#xD;
[12:12:04]  Setting current database Standard&#xD;
[12:12:05]  E3 OpenJob&#xD;
[12:12:06]  Doing repaircheck...&#xD;
[12:12:06]  Toolstart-Parameter: -b -d Export -HarnessExport -selectionmode E3_PRESELECTED_SHEETS -i "c:\appveyor\bin\E3.3DRoutingBridge\Mainline\bin\Release\x64\Config" -mi "c:\appveyor\bin\E3.3DRoutingBridge\Mainline\bin\Release\x64\Config\E3_Harness_Export.ini" -mm "c:\appveyor\bin\E3.3DRoutingBridge\Mainline\bin\Release\x64\Config\E3_Harness_Export.map" -filename "c:\appveyor\bin\E3.3DRoutingBridge\Mainline\E3.BridgeTest\TestFiles\Designer-31148\Results\Designer_31148.xml" -logfilename "c:\appveyor\bin\E3.3DRoutingBridge\Mainline\E3.BridgeTest\TestFiles\Designer-31148\Results\HarnessExport_Designer_31148.log" -processid 16564&#xD;
[12:12:06]  Tool startet: c:\\appveyor\\bin\\E3.3DRoutingBridge\\Mainline\\bin\\Release\\x64\\E3_3DRoutingBridge.exe&#xD;
[12:12:15]  Tool fertig: c:\\appveyor\\bin\\E3.3DRoutingBridge\\Mainline\\bin\\Release\\x64\\E3_3DRoutingBridge.exe : ExitCode 0&#xD;
[12:12:15]  Start CompareXML: xmlExportFileName: c:\appveyor\bin\E3.3DRoutingBridge\Mainline\E3.BridgeTest\TestFiles\Designer-31148\Results\2023-10-10--12-12-15_Designer_31148_temp.xml to xmlRefFileName: c:\appveyor\bin\E3.3DRoutingBridge\Mainline\E3.BridgeTest\TestFiles\Designer-31148\Results\2023-10-10--12-12-15_Designer_31148_ref_temp.xml&#xD;
[12:12:15]  Test Designer_31148 for Tool 3DRoutingBridge equal to Reference!&#xD;
[12:12:15]  Test  3DRoutingBridge is successful!&#xD;
[12:12:15]  TestCleanup</StdOut>
      </Output>
    </UnitTestResult>
  </Results>
  <TestDefinitions>
    <UnitTest name="Export_KundenDB_Test_5_QM840" storage="c:\8f0a8db0-a906-47ba-ac5c-f8a50dcb495c\e3.bridgetest.dll" id="6fd92e70-4718-4793-9f30-fdc5ee595768">
      <Execution id="f4363565-3c25-4bf1-a438-e3d92d56018a" />
      <TestMethod codeBase="C:\8f0a8db0-a906-47ba-ac5c-f8a50dcb495c\E3.BridgeTest.dll" adapterTypeName="executor://mstestadapter/v2" className="E3.BridgeTest.RoutingBridge+HarnessExport" name="Export_KundenDB_Test_5_QM840" />
    </UnitTest>
    <UnitTest name="Designer_38477" storage="c:\8f0a8db0-a906-47ba-ac5c-f8a50dcb495c\e3.bridgetest.dll" id="e52a185c-cfb1-4983-a3c8-7051cb095292">
      <Execution id="c866b568-5500-4c25-971a-3fe22a68f01d" />
      <TestMethod codeBase="C:\8f0a8db0-a906-47ba-ac5c-f8a50dcb495c\E3.BridgeTest.dll" adapterTypeName="executor://mstestadapter/v2" className="E3.BridgeTest.RoutingBridge+HarnessExport" name="Designer_38477" />
    </UnitTest>
    <UnitTest name="Designer_31227" storage="c:\8f0a8db0-a906-47ba-ac5c-f8a50dcb495c\e3.bridgetest.dll" id="04184cad-435f-4fa3-8bdb-dec050fababd">
      <Execution id="2a15522f-23b6-48aa-a74b-8f822ed8bd98" />
      <TestMethod codeBase="C:\8f0a8db0-a906-47ba-ac5c-f8a50dcb495c\E3.BridgeTest.dll" adapterTypeName="executor://mstestadapter/v2" className="E3.BridgeTest.RoutingBridge+HarnessExport" name="Designer_31227" />
    </UnitTest>
    <UnitTest name="Designer_31138" storage="c:\8f0a8db0-a906-47ba-ac5c-f8a50dcb495c\e3.bridgetest.dll" id="3c31a141-18fc-40ee-9c7f-fd728247d147">
      <Execution id="4eb8fe1a-3e56-4d97-ba90-6717e7c20853" />
      <TestMethod codeBase="C:\8f0a8db0-a906-47ba-ac5c-f8a50dcb495c\E3.BridgeTest.dll" adapterTypeName="executor://mstestadapter/v2" className="E3.BridgeTest.RoutingBridge+HarnessExport" name="Designer_31138" />
    </UnitTest>
    <UnitTest name="Export_KundenDB_Test_2_QM840" storage="c:\8f0a8db0-a906-47ba-ac5c-f8a50dcb495c\e3.bridgetest.dll" id="7a5f28ba-4996-4920-ae90-0addcb63c5b6">
      <Execution id="94d9048a-ee60-4286-a08f-e9381056a93f" />
      <TestMethod codeBase="C:\8f0a8db0-a906-47ba-ac5c-f8a50dcb495c\E3.BridgeTest.dll" adapterTypeName="executor://mstestadapter/v2" className="E3.BridgeTest.RoutingBridge+HarnessExport" name="Export_KundenDB_Test_2_QM840" />
    </UnitTest>
    <UnitTest name="Designer_31148" storage="c:\8f0a8db0-a906-47ba-ac5c-f8a50dcb495c\e3.bridgetest.dll" id="779261f9-eff0-4caf-a9fe-8916c9dd9785">
      <Execution id="d8cf3ae2-55ea-472a-9631-8e5377a95b9e" />
      <TestMethod codeBase="C:\8f0a8db0-a906-47ba-ac5c-f8a50dcb495c\E3.BridgeTest.dll" adapterTypeName="executor://mstestadapter/v2" className="E3.BridgeTest.RoutingBridge+HarnessExport" name="Designer_31148" />
    </UnitTest>
    <UnitTest name="Export_KundenDB_Test_1_QM840" storage="c:\8f0a8db0-a906-47ba-ac5c-f8a50dcb495c\e3.bridgetest.dll" id="a5d77a54-c3eb-4f37-9a0f-61ec78247bd6">
      <Execution id="8063f1a8-612f-4809-9658-94e1c1e9bbce" />
      <TestMethod codeBase="C:\8f0a8db0-a906-47ba-ac5c-f8a50dcb495c\E3.BridgeTest.dll" adapterTypeName="executor://mstestadapter/v2" className="E3.BridgeTest.RoutingBridge+HarnessExport" name="Export_KundenDB_Test_1_QM840" />
    </UnitTest>
    <UnitTest name="Designer_36546" storage="c:\8f0a8db0-a906-47ba-ac5c-f8a50dcb495c\e3.bridgetest.dll" id="a8abd5ff-3025-481b-80d8-d2a0fe0aa677">
      <Execution id="469ab36d-f953-4bd4-94ec-885f280091c6" />
      <TestMethod codeBase="C:\8f0a8db0-a906-47ba-ac5c-f8a50dcb495c\E3.BridgeTest.dll" adapterTypeName="executor://mstestadapter/v2" className="E3.BridgeTest.RoutingBridge+HarnessExport" name="Designer_36546" />
    </UnitTest>
    <UnitTest name="Designer_38006" storage="c:\8f0a8db0-a906-47ba-ac5c-f8a50dcb495c\e3.bridgetest.dll" id="44337fad-f447-4dbe-ad09-014a1d9159de">
      <Execution id="b6fcb49f-e066-446c-9c07-1ba7d046743a" />
      <TestMethod codeBase="C:\8f0a8db0-a906-47ba-ac5c-f8a50dcb495c\E3.BridgeTest.dll" adapterTypeName="executor://mstestadapter/v2" className="E3.BridgeTest.RoutingBridge+HarnessExport" name="Designer_38006" />
    </UnitTest>
    <UnitTest name="Export_KundenDB_Test_3_QM840" storage="c:\8f0a8db0-a906-47ba-ac5c-f8a50dcb495c\e3.bridgetest.dll" id="a9fe6f42-9213-47dc-aca5-7a0b577c1238">
      <Execution id="9ab3267d-ef80-43eb-9e34-69478070295d" />
      <TestMethod codeBase="C:\8f0a8db0-a906-47ba-ac5c-f8a50dcb495c\E3.BridgeTest.dll" adapterTypeName="executor://mstestadapter/v2" className="E3.BridgeTest.RoutingBridge+HarnessExport" name="Export_KundenDB_Test_3_QM840" />
    </UnitTest>
    <UnitTest name="Designer_31097" storage="c:\8f0a8db0-a906-47ba-ac5c-f8a50dcb495c\e3.bridgetest.dll" id="7ae9a8b8-9e74-45fb-8617-37d98288c8a1">
      <Execution id="38f3418a-3602-4e63-869d-bbbb2c85d70c" />
      <TestMethod codeBase="C:\8f0a8db0-a906-47ba-ac5c-f8a50dcb495c\E3.BridgeTest.dll" adapterTypeName="executor://mstestadapter/v2" className="E3.BridgeTest.RoutingBridge+HarnessExport" name="Designer_31097" />
    </UnitTest>
    <UnitTest name="Designer_37322" storage="c:\8f0a8db0-a906-47ba-ac5c-f8a50dcb495c\e3.bridgetest.dll" id="e01f69be-e700-4cb5-807a-0721cc1a9e95">
      <Execution id="a77977d5-5acd-4e45-8d96-1c8d998d4386" />
      <TestMethod codeBase="C:\8f0a8db0-a906-47ba-ac5c-f8a50dcb495c\E3.BridgeTest.dll" adapterTypeName="executor://mstestadapter/v2" className="E3.BridgeTest.RoutingBridge+HarnessExport" name="Designer_37322" />
    </UnitTest>
    <UnitTest name="Designer_35934" storage="c:\8f0a8db0-a906-47ba-ac5c-f8a50dcb495c\e3.bridgetest.dll" id="0bd78f90-c7f4-427a-9490-f0def1674b06">
      <Execution id="9d1a72bb-4044-4f7f-afd8-0e6260b15828" />
      <TestMethod codeBase="C:\8f0a8db0-a906-47ba-ac5c-f8a50dcb495c\E3.BridgeTest.dll" adapterTypeName="executor://mstestadapter/v2" className="E3.BridgeTest.RoutingBridge+HarnessExport" name="Designer_35934" />
    </UnitTest>
    <UnitTest name="Designer_33104" storage="c:\8f0a8db0-a906-47ba-ac5c-f8a50dcb495c\e3.bridgetest.dll" id="0a7f6bd7-6211-4147-bb0a-249b9caaacad">
      <Execution id="01a0fdd3-cf58-407b-b3c6-6c0314dd47b0" />
      <TestMethod codeBase="C:\8f0a8db0-a906-47ba-ac5c-f8a50dcb495c\E3.BridgeTest.dll" adapterTypeName="executor://mstestadapter/v2" className="E3.BridgeTest.RoutingBridge+HarnessExport" name="Designer_33104" />
    </UnitTest>
    <UnitTest name="Export_KundenDB_Test_4_QM840" storage="c:\8f0a8db0-a906-47ba-ac5c-f8a50dcb495c\e3.bridgetest.dll" id="5e517c7b-8219-40d7-b384-657b2202631f">
      <Execution id="1e1b8509-56a9-471b-acb5-636ce7d88cf2" />
      <TestMethod codeBase="C:\8f0a8db0-a906-47ba-ac5c-f8a50dcb495c\E3.BridgeTest.dll" adapterTypeName="executor://mstestadapter/v2" className="E3.BridgeTest.RoutingBridge+HarnessExport" name="Export_KundenDB_Test_4_QM840" />
    </UnitTest>
    <UnitTest name="Export_Optionen_QM840" storage="c:\8f0a8db0-a906-47ba-ac5c-f8a50dcb495c\e3.bridgetest.dll" id="c8756888-011c-4c6b-a6a5-360b901a34f2">
      <Execution id="d2210a41-49ec-4e6c-8a64-395266caa6ec" />
      <TestMethod codeBase="C:\8f0a8db0-a906-47ba-ac5c-f8a50dcb495c\E3.BridgeTest.dll" adapterTypeName="executor://mstestadapter/v2" className="E3.BridgeTest.RoutingBridge+HarnessExport" name="Export_Optionen_QM840" />
    </UnitTest>
    <UnitTest name="Designer_42554" storage="c:\8f0a8db0-a906-47ba-ac5c-f8a50dcb495c\e3.bridgetest.dll" id="abe5d0da-0394-4316-b183-cc2c05c27f95">
      <Execution id="1ba241d6-843e-4498-b463-4c2391bfe6b4" />
      <TestMethod codeBase="C:\8f0a8db0-a906-47ba-ac5c-f8a50dcb495c\E3.BridgeTest.dll" adapterTypeName="executor://mstestadapter/v2" className="E3.BridgeTest.RoutingBridge+HarnessExport" name="Designer_42554" />
    </UnitTest>
    <UnitTest name="Designer_36622" storage="c:\8f0a8db0-a906-47ba-ac5c-f8a50dcb495c\e3.bridgetest.dll" id="7c2ee662-47ed-4b09-908b-0ece7e8b6372">
      <Execution id="07584be3-e86c-4fc3-9041-a961ae47d119" />
      <TestMethod codeBase="C:\8f0a8db0-a906-47ba-ac5c-f8a50dcb495c\E3.BridgeTest.dll" adapterTypeName="executor://mstestadapter/v2" className="E3.BridgeTest.RoutingBridge+HarnessExport" name="Designer_36622" />
    </UnitTest>
  </TestDefinitions>
  <TestEntries>
    <TestEntry testId="5e517c7b-8219-40d7-b384-657b2202631f" executionId="1e1b8509-56a9-471b-acb5-636ce7d88cf2" testListId="8c84fa94-04c1-424b-9868-57a2d4851a1d" />
    <TestEntry testId="e52a185c-cfb1-4983-a3c8-7051cb095292" executionId="c866b568-5500-4c25-971a-3fe22a68f01d" testListId="8c84fa94-04c1-424b-9868-57a2d4851a1d" />
    <TestEntry testId="44337fad-f447-4dbe-ad09-014a1d9159de" executionId="b6fcb49f-e066-446c-9c07-1ba7d046743a" testListId="8c84fa94-04c1-424b-9868-57a2d4851a1d" />
    <TestEntry testId="7c2ee662-47ed-4b09-908b-0ece7e8b6372" executionId="07584be3-e86c-4fc3-9041-a961ae47d119" testListId="8c84fa94-04c1-424b-9868-57a2d4851a1d" />
    <TestEntry testId="a9fe6f42-9213-47dc-aca5-7a0b577c1238" executionId="9ab3267d-ef80-43eb-9e34-69478070295d" testListId="8c84fa94-04c1-424b-9868-57a2d4851a1d" />
    <TestEntry testId="0bd78f90-c7f4-427a-9490-f0def1674b06" executionId="9d1a72bb-4044-4f7f-afd8-0e6260b15828" testListId="8c84fa94-04c1-424b-9868-57a2d4851a1d" />
    <TestEntry testId="6fd92e70-4718-4793-9f30-fdc5ee595768" executionId="f4363565-3c25-4bf1-a438-e3d92d56018a" testListId="8c84fa94-04c1-424b-9868-57a2d4851a1d" />
    <TestEntry testId="3c31a141-18fc-40ee-9c7f-fd728247d147" executionId="4eb8fe1a-3e56-4d97-ba90-6717e7c20853" testListId="8c84fa94-04c1-424b-9868-57a2d4851a1d" />
    <TestEntry testId="a5d77a54-c3eb-4f37-9a0f-61ec78247bd6" executionId="8063f1a8-612f-4809-9658-94e1c1e9bbce" testListId="8c84fa94-04c1-424b-9868-57a2d4851a1d" />
    <TestEntry testId="c8756888-011c-4c6b-a6a5-360b901a34f2" executionId="d2210a41-49ec-4e6c-8a64-395266caa6ec" testListId="8c84fa94-04c1-424b-9868-57a2d4851a1d" />
    <TestEntry testId="7a5f28ba-4996-4920-ae90-0addcb63c5b6" executionId="94d9048a-ee60-4286-a08f-e9381056a93f" testListId="8c84fa94-04c1-424b-9868-57a2d4851a1d" />
    <TestEntry testId="0a7f6bd7-6211-4147-bb0a-249b9caaacad" executionId="01a0fdd3-cf58-407b-b3c6-6c0314dd47b0" testListId="8c84fa94-04c1-424b-9868-57a2d4851a1d" />
    <TestEntry testId="abe5d0da-0394-4316-b183-cc2c05c27f95" executionId="1ba241d6-843e-4498-b463-4c2391bfe6b4" testListId="8c84fa94-04c1-424b-9868-57a2d4851a1d" />
    <TestEntry testId="04184cad-435f-4fa3-8bdb-dec050fababd" executionId="2a15522f-23b6-48aa-a74b-8f822ed8bd98" testListId="8c84fa94-04c1-424b-9868-57a2d4851a1d" />
    <TestEntry testId="a8abd5ff-3025-481b-80d8-d2a0fe0aa677" executionId="469ab36d-f953-4bd4-94ec-885f280091c6" testListId="8c84fa94-04c1-424b-9868-57a2d4851a1d" />
    <TestEntry testId="7ae9a8b8-9e74-45fb-8617-37d98288c8a1" executionId="38f3418a-3602-4e63-869d-bbbb2c85d70c" testListId="8c84fa94-04c1-424b-9868-57a2d4851a1d" />
    <TestEntry testId="e01f69be-e700-4cb5-807a-0721cc1a9e95" executionId="a77977d5-5acd-4e45-8d96-1c8d998d4386" testListId="8c84fa94-04c1-424b-9868-57a2d4851a1d" />
    <TestEntry testId="779261f9-eff0-4caf-a9fe-8916c9dd9785" executionId="d8cf3ae2-55ea-472a-9631-8e5377a95b9e" testListId="8c84fa94-04c1-424b-9868-57a2d4851a1d" />
  </TestEntries>
  <TestLists>
    <TestList name="Results Not in a List" id="8c84fa94-04c1-424b-9868-57a2d4851a1d" />
    <TestList name="All Loaded Results" id="19431567-8539-422a-85d7-44ee4e166bda" />
  </TestLists>
  <ResultSummary outcome="Completed">
    <Counters total="18" executed="18" passed="18" failed="0" error="0" timeout="0" aborted="0" inconclusive="0" passedButRunAborted="0" notRunnable="0" notExecuted="0" disconnected="0" warning="0" completed="0" inProgress="0" pending="0" />
    <Output>
      <StdOut>MSTest Executor: Test Parallelization enabled for C:\8f0a8db0-a906-47ba-ac5c-f8a50dcb495c\E3.BridgeTest.dll (Workers: 1, Scope: ClassLevel).&#xD;
</StdOut>
    </Output>
    <CollectorDataEntries>
      <Collector agentName="774BBDF454A4" uri="datacollector://microsoft/CodeCoverage/2.0" collectorDisplayName="Code Coverage">
        <UriAttachments>
          <UriAttachment>
            <A href="774BBDF454A4\ContainerAdministrator_774BBDF454A4_2023-10-10.12_08_54.coverage"></A>
          </UriAttachment>
        </UriAttachments>
      </Collector>
    </CollectorDataEntries>
  </ResultSummary>
</TestRun>