<?xml version="1.0" encoding="utf-8"?>
<TestRun id="5a2d5fe4-c162-4e85-be9e-f2aef21739a2" name="ContainerAdministrator@EF62BDD48EA6 2023-10-10 12:00:23" runUser="User Manager\ContainerAdministrator" xmlns="http://microsoft.com/schemas/VisualStudio/TeamTest/2010">
  <Times creation="2023-10-10T12:00:23.3510570+02:00" queuing="2023-10-10T12:00:23.3510570+02:00" start="2023-10-10T11:59:48.6919086+02:00" finish="2023-10-10T12:28:53.4985736+02:00" />
  <TestSettings name="default" id="a6978ebc-78c8-4d04-b748-f6f839204182">
    <Deployment runDeploymentRoot="2fb4cef87a25ff01e5b3a105ffa1d4da" />
  </TestSettings>
  <Results>
    <UnitTestResult executionId="dac69f61-7577-4186-b838-21df03f168b3" testId="cc5c78f0-0eb8-4bd1-802e-66c6ee98bb58" testName="Designer_31785" computerName="EF62BDD48EA6" duration="00:00:26.1410241" startTime="2023-10-10T12:02:26.6419167+02:00" endTime="2023-10-10T12:02:52.7835833+02:00" testType="13cdc9d9-ddb5-4fa4-a97d-d965ccfc6d4b" outcome="Passed" testListId="8c84fa94-04c1-424b-9868-57a2d4851a1d" relativeResultsDirectory="dac69f61-7577-4186-b838-21df03f168b3">
      <Output>
        <StdOut>[12:02:26]  Start Test: Designer_31785&#xD;
[12:02:28]  Defining database with name Standard...
Given paths are: c:\appveyor\bin\E3.3DRoutingBridge\Mainline\E3.BridgeTest\TestFiles\Designer-31785\..\Databases\Standard\Components.mdb	c:\appveyor\bin\E3.3DRoutingBridge\Mainline\E3.BridgeTest\TestFiles\Designer-31785\..\Databases\Standard\symbols.mdb	c:\appveyor\bin\E3.3DRoutingBridge\Mainline\E3.BridgeTest\TestFiles\Designer-31785\..\Databases\Standard\Configuration.mdb&#xD;
[12:02:32]  Setting current database Standard&#xD;
[12:02:33]  E3 open project&#xD;
[12:02:34]  Doing repaircheck...&#xD;
[12:02:34]  Tool startet: c:\\appveyor\\bin\\E3.3DRoutingBridge\\Mainline\\bin\\Release\\x64\\E3_3DRoutingBridge.exe&#xD;
[12:02:52]  Tool fertig: c:\\appveyor\\bin\\E3.3DRoutingBridge\\Mainline\\bin\\Release\\x64\\E3_3DRoutingBridge.exe : ExitCode 0&#xD;
[12:02:52]  test.NAME: Designer_31785&#xD;
[12:02:52]  preparedOutputFile: c:\appveyor\bin\E3.3DRoutingBridge\Mainline\E3.BridgeTest\TestFiles\Designer-31785\Results\2023-10-10--12-02-52_Designer_31785_temp.xml&#xD;
[12:02:52]  preparedReferenceFile: c:\appveyor\bin\E3.3DRoutingBridge\Mainline\E3.BridgeTest\TestFiles\Designer-31785\Results\2023-10-10--12-02-52_Designer_31785_ref_temp.xml&#xD;
[12:02:52]  Start CompareXML: xmlExportFileName: c:\appveyor\bin\E3.3DRoutingBridge\Mainline\E3.BridgeTest\TestFiles\Designer-31785\Results\2023-10-10--12-02-52_Designer_31785_temp.xml to xmlRefFileName: c:\appveyor\bin\E3.3DRoutingBridge\Mainline\E3.BridgeTest\TestFiles\Designer-31785\Results\2023-10-10--12-02-52_Designer_31785_ref_temp.xml&#xD;
[12:02:52]  Test Designer_31785 for Tool 3DRoutingBridge equal to Reference!&#xD;
[12:02:52]  Der Test  3DRoutingBridge is successful!&#xD;
[12:02:52]  TestCleanup</StdOut>
      </Output>
    </UnitTestResult>
    <UnitTestResult executionId="08c376d9-2d7d-4409-b6fe-ce4e925e76ce" testId="4e942a7e-0b73-4c26-88c6-cfde7c731f52" testName="ProtectionsImport_9_QM850" computerName="EF62BDD48EA6" duration="00:00:43.0597802" startTime="2023-10-10T12:26:53.4906796+02:00" endTime="2023-10-10T12:27:36.5596992+02:00" testType="13cdc9d9-ddb5-4fa4-a97d-d965ccfc6d4b" outcome="Passed" testListId="8c84fa94-04c1-424b-9868-57a2d4851a1d" relativeResultsDirectory="08c376d9-2d7d-4409-b6fe-ce4e925e76ce">
      <Output>
        <StdOut>[12:26:53]  Start Test: ProtectionsImport_9_QM850&#xD;
[12:26:54]  Defining database with name Standard...
Given paths are: c:\appveyor\bin\E3.3DRoutingBridge\Mainline\E3.BridgeTest\TestFiles\Harness_Update_QM850\..\Databases\Standard\Components.mdb	c:\appveyor\bin\E3.3DRoutingBridge\Mainline\E3.BridgeTest\TestFiles\Harness_Update_QM850\..\Databases\Standard\symbols.mdb	c:\appveyor\bin\E3.3DRoutingBridge\Mainline\E3.BridgeTest\TestFiles\Harness_Update_QM850\..\Databases\Standard\Configuration.mdb&#xD;
[12:26:58]  Setting current database Standard&#xD;
[12:26:59]  E3 open project&#xD;
[12:26:59]  Doing repaircheck...&#xD;
[12:26:59]  Tool startet: c:\\appveyor\\bin\\E3.3DRoutingBridge\\Mainline\\bin\\Release\\x64\\E3_3DRoutingBridge.exe&#xD;
[12:27:15]  Tool fertig: c:\\appveyor\\bin\\E3.3DRoutingBridge\\Mainline\\bin\\Release\\x64\\E3_3DRoutingBridge.exe : ExitCode 0&#xD;
[12:27:15]  test.NAME: ProtectionsImport_9_QM850&#xD;
[12:27:15]  preparedOutputFile: c:\appveyor\bin\E3.3DRoutingBridge\Mainline\E3.BridgeTest\TestFiles\Harness_Update_QM850\Results\2023-10-10--12-27-15_ProtectionsImport_9_QM850_temp.xml&#xD;
[12:27:15]  preparedReferenceFile: c:\appveyor\bin\E3.3DRoutingBridge\Mainline\E3.BridgeTest\TestFiles\Harness_Update_QM850\Results\2023-10-10--12-27-15_ProtectionsImport_9_QM850_ref_temp.xml&#xD;
[12:27:15]  Start CompareXML: xmlExportFileName: c:\appveyor\bin\E3.3DRoutingBridge\Mainline\E3.BridgeTest\TestFiles\Harness_Update_QM850\Results\2023-10-10--12-27-15_ProtectionsImport_9_QM850_temp.xml to xmlRefFileName: c:\appveyor\bin\E3.3DRoutingBridge\Mainline\E3.BridgeTest\TestFiles\Harness_Update_QM850\Results\2023-10-10--12-27-15_ProtectionsImport_9_QM850_ref_temp.xml&#xD;
[12:27:15]  Test ProtectionsImport_9_QM850 for Tool 3DRoutingBridge equal to Reference!&#xD;
[12:27:15]  Der Test  3DRoutingBridge is successful!&#xD;
[12:27:15]  Project is successful saved: c:\appveyor\bin\E3.3DRoutingBridge\Mainline\E3.BridgeTest\TestFiles\Harness_Update_QM850\Results\2023-10-10--12-27-15_ProtectionsImport_9_QM850_temp.e3s&#xD;
[12:27:17]  Defining database with name Standard...
Given paths are: c:\appveyor\bin\E3.3DRoutingBridge\Mainline\E3.BridgeTest\TestFiles\Harness_Update_QM850\..\Databases\Standard\Components.mdb	c:\appveyor\bin\E3.3DRoutingBridge\Mainline\E3.BridgeTest\TestFiles\Harness_Update_QM850\..\Databases\Standard\symbols.mdb	c:\appveyor\bin\E3.3DRoutingBridge\Mainline\E3.BridgeTest\TestFiles\Harness_Update_QM850\..\Databases\Standard\Configuration.mdb&#xD;
[12:27:20]  Setting current database Standard&#xD;
[12:27:21]  E3 open project&#xD;
[12:27:22]  Doing repaircheck...&#xD;
[12:27:22]  Tool startet: c:\\appveyor\\bin\\E3.3DRoutingBridge\\Mainline\\bin\\Release\\x64\\E3_3DRoutingBridge.exe&#xD;
[12:27:35]  Tool fertig: c:\\appveyor\\bin\\E3.3DRoutingBridge\\Mainline\\bin\\Release\\x64\\E3_3DRoutingBridge.exe : ExitCode 0&#xD;
[12:27:36]  test.NAME: ProtectionsImport_9_QM850&#xD;
[12:27:36]  preparedOutputFile: c:\appveyor\bin\E3.3DRoutingBridge\Mainline\E3.BridgeTest\TestFiles\Harness_Update_QM850\Results\2023-10-10--12-27-36_ProtectionsImport_9_QM850_temp.xml&#xD;
[12:27:36]  preparedReferenceFile: c:\appveyor\bin\E3.3DRoutingBridge\Mainline\E3.BridgeTest\TestFiles\Harness_Update_QM850\Results\2023-10-10--12-27-36_ProtectionsImport_9_QM850_ref_temp.xml&#xD;
[12:27:36]  Start CompareXML: xmlExportFileName: c:\appveyor\bin\E3.3DRoutingBridge\Mainline\E3.BridgeTest\TestFiles\Harness_Update_QM850\Results\2023-10-10--12-27-36_ProtectionsImport_9_QM850_temp.xml to xmlRefFileName: c:\appveyor\bin\E3.3DRoutingBridge\Mainline\E3.BridgeTest\TestFiles\Harness_Update_QM850\Results\2023-10-10--12-27-36_ProtectionsImport_9_QM850_ref_temp.xml&#xD;
[12:27:36]  Test ProtectionsImport_9_QM850 for Tool 3DRoutingBridge equal to Reference!&#xD;
[12:27:36]  Der Test  3DRoutingBridge is successful!&#xD;
[12:27:36]  TestCleanup</StdOut>
      </Output>
    </UnitTestResult>
    <UnitTestResult executionId="971cbb47-f0da-4368-9016-51e50829164c" testId="182b7748-4a8f-4bd4-953d-7dd165d3d615" testName="SpezialImport_1_QM850" computerName="EF62BDD48EA6" duration="00:00:21.6210495" startTime="2023-10-10T12:14:07.8068460+02:00" endTime="2023-10-10T12:14:29.4269722+02:00" testType="13cdc9d9-ddb5-4fa4-a97d-d965ccfc6d4b" outcome="Passed" testListId="8c84fa94-04c1-424b-9868-57a2d4851a1d" relativeResultsDirectory="971cbb47-f0da-4368-9016-51e50829164c">
      <Output>
        <StdOut>[12:14:07]  Start Test: SpezialImport_1_QM850&#xD;
[12:14:10]  Defining database with name TestDB...
Given paths are: c:\appveyor\bin\E3.3DRoutingBridge\Mainline\E3.BridgeTest\TestFiles\Harness_Update_QM850\..\Databases\TestDB\Components.mdb	c:\appveyor\bin\E3.3DRoutingBridge\Mainline\E3.BridgeTest\TestFiles\Harness_Update_QM850\..\Databases\TestDB\symbols.mdb	c:\appveyor\bin\E3.3DRoutingBridge\Mainline\E3.BridgeTest\TestFiles\Harness_Update_QM850\..\Databases\TestDB\Configuration.mdb&#xD;
[12:14:14]  Setting current database TestDB&#xD;
[12:14:15]  E3 open project&#xD;
[12:14:15]  Doing repaircheck...&#xD;
[12:14:15]  Tool startet: c:\\appveyor\\bin\\E3.3DRoutingBridge\\Mainline\\bin\\Release\\x64\\E3_3DRoutingBridge.exe&#xD;
[12:14:29]  Tool fertig: c:\\appveyor\\bin\\E3.3DRoutingBridge\\Mainline\\bin\\Release\\x64\\E3_3DRoutingBridge.exe : ExitCode 0&#xD;
[12:14:29]  test.NAME: SpezialImport_1_QM850&#xD;
[12:14:29]  preparedOutputFile: c:\appveyor\bin\E3.3DRoutingBridge\Mainline\E3.BridgeTest\TestFiles\Harness_Update_QM850\Results\2023-10-10--12-14-29_SpezialImport_1_QM850_temp.xml&#xD;
[12:14:29]  preparedReferenceFile: c:\appveyor\bin\E3.3DRoutingBridge\Mainline\E3.BridgeTest\TestFiles\Harness_Update_QM850\Results\2023-10-10--12-14-29_SpezialImport_1_QM850_ref_temp.xml&#xD;
[12:14:29]  Start CompareXML: xmlExportFileName: c:\appveyor\bin\E3.3DRoutingBridge\Mainline\E3.BridgeTest\TestFiles\Harness_Update_QM850\Results\2023-10-10--12-14-29_SpezialImport_1_QM850_temp.xml to xmlRefFileName: c:\appveyor\bin\E3.3DRoutingBridge\Mainline\E3.BridgeTest\TestFiles\Harness_Update_QM850\Results\2023-10-10--12-14-29_SpezialImport_1_QM850_ref_temp.xml&#xD;
[12:14:29]  Test SpezialImport_1_QM850 for Tool 3DRoutingBridge equal to Reference!&#xD;
[12:14:29]  Der Test  3DRoutingBridge is successful!&#xD;
[12:14:29]  TestCleanup</StdOut>
      </Output>
    </UnitTestResult>
    <UnitTestResult executionId="ca6d4bd7-1569-4939-9341-935263ebc587" testId="ee3c66ef-2510-47fd-9d97-9cc554da2e98" testName="Template_DynSymbole_2_QM850" computerName="EF62BDD48EA6" duration="00:00:39.4094552" startTime="2023-10-10T12:16:31.6549174+02:00" endTime="2023-10-10T12:17:11.0676947+02:00" testType="13cdc9d9-ddb5-4fa4-a97d-d965ccfc6d4b" outcome="Passed" testListId="8c84fa94-04c1-424b-9868-57a2d4851a1d" relativeResultsDirectory="ca6d4bd7-1569-4939-9341-935263ebc587">
      <Output>
        <StdOut>[12:16:31]  Start Test: Template_DynSymbole_2_QM850&#xD;
[12:16:33]  Defining database with name TestDB...
Given paths are: c:\appveyor\bin\E3.3DRoutingBridge\Mainline\E3.BridgeTest\TestFiles\Harness_Update_QM850\..\Databases\TestDB\Components.mdb	c:\appveyor\bin\E3.3DRoutingBridge\Mainline\E3.BridgeTest\TestFiles\Harness_Update_QM850\..\Databases\TestDB\symbols.mdb	c:\appveyor\bin\E3.3DRoutingBridge\Mainline\E3.BridgeTest\TestFiles\Harness_Update_QM850\..\Databases\TestDB\Configuration.mdb&#xD;
[12:16:38]  Setting current database TestDB&#xD;
[12:16:38]  E3 open project&#xD;
[12:16:39]  Doing repaircheck...&#xD;
[12:16:39]  Tool startet: c:\\appveyor\\bin\\E3.3DRoutingBridge\\Mainline\\bin\\Release\\x64\\E3_3DRoutingBridge.exe&#xD;
[12:16:52]  Tool fertig: c:\\appveyor\\bin\\E3.3DRoutingBridge\\Mainline\\bin\\Release\\x64\\E3_3DRoutingBridge.exe : ExitCode 0&#xD;
[12:16:52]  test.NAME: Template_DynSymbole_2_QM850&#xD;
[12:16:52]  preparedOutputFile: c:\appveyor\bin\E3.3DRoutingBridge\Mainline\E3.BridgeTest\TestFiles\Harness_Update_QM850\Results\2023-10-10--12-16-52_Template_DynSymbole_2_QM850_temp.xml&#xD;
[12:16:52]  preparedReferenceFile: c:\appveyor\bin\E3.3DRoutingBridge\Mainline\E3.BridgeTest\TestFiles\Harness_Update_QM850\Results\2023-10-10--12-16-52_Template_DynSymbole_2_QM850_ref_temp.xml&#xD;
[12:16:52]  Start CompareXML: xmlExportFileName: c:\appveyor\bin\E3.3DRoutingBridge\Mainline\E3.BridgeTest\TestFiles\Harness_Update_QM850\Results\2023-10-10--12-16-52_Template_DynSymbole_2_QM850_temp.xml to xmlRefFileName: c:\appveyor\bin\E3.3DRoutingBridge\Mainline\E3.BridgeTest\TestFiles\Harness_Update_QM850\Results\2023-10-10--12-16-52_Template_DynSymbole_2_QM850_ref_temp.xml&#xD;
[12:16:52]  Test Template_DynSymbole_2_QM850 for Tool 3DRoutingBridge equal to Reference!&#xD;
[12:16:52]  Der Test  3DRoutingBridge is successful!&#xD;
[12:16:52]  Project is successful saved: c:\appveyor\bin\E3.3DRoutingBridge\Mainline\E3.BridgeTest\TestFiles\Harness_Update_QM850\Results\2023-10-10--12-16-52_Template_DynSymbole_2_QM850_temp.e3s&#xD;
[12:16:54]  Defining database with name TestDB...
Given paths are: c:\appveyor\bin\E3.3DRoutingBridge\Mainline\E3.BridgeTest\TestFiles\Harness_Update_QM850\..\Databases\TestDB\Components.mdb	c:\appveyor\bin\E3.3DRoutingBridge\Mainline\E3.BridgeTest\TestFiles\Harness_Update_QM850\..\Databases\TestDB\symbols.mdb	c:\appveyor\bin\E3.3DRoutingBridge\Mainline\E3.BridgeTest\TestFiles\Harness_Update_QM850\..\Databases\TestDB\Configuration.mdb&#xD;
[12:16:58]  Setting current database TestDB&#xD;
[12:16:59]  E3 open project&#xD;
[12:17:00]  Doing repaircheck...&#xD;
[12:17:00]  Tool startet: c:\\appveyor\\bin\\E3.3DRoutingBridge\\Mainline\\bin\\Release\\x64\\E3_3DRoutingBridge.exe&#xD;
[12:17:10]  Tool fertig: c:\\appveyor\\bin\\E3.3DRoutingBridge\\Mainline\\bin\\Release\\x64\\E3_3DRoutingBridge.exe : ExitCode 0&#xD;
[12:17:10]  test.NAME: Template_DynSymbole_2_QM850&#xD;
[12:17:10]  preparedOutputFile: c:\appveyor\bin\E3.3DRoutingBridge\Mainline\E3.BridgeTest\TestFiles\Harness_Update_QM850\Results\2023-10-10--12-17-10_Template_DynSymbole_2_QM850_temp.xml&#xD;
[12:17:10]  preparedReferenceFile: c:\appveyor\bin\E3.3DRoutingBridge\Mainline\E3.BridgeTest\TestFiles\Harness_Update_QM850\Results\2023-10-10--12-17-10_Template_DynSymbole_2_QM850_ref_temp.xml&#xD;
[12:17:10]  Start CompareXML: xmlExportFileName: c:\appveyor\bin\E3.3DRoutingBridge\Mainline\E3.BridgeTest\TestFiles\Harness_Update_QM850\Results\2023-10-10--12-17-10_Template_DynSymbole_2_QM850_temp.xml to xmlRefFileName: c:\appveyor\bin\E3.3DRoutingBridge\Mainline\E3.BridgeTest\TestFiles\Harness_Update_QM850\Results\2023-10-10--12-17-10_Template_DynSymbole_2_QM850_ref_temp.xml&#xD;
[12:17:10]  Test Template_DynSymbole_2_QM850 for Tool 3DRoutingBridge equal to Reference!&#xD;
[12:17:10]  Der Test  3DRoutingBridge is successful!&#xD;
[12:17:10]  TestCleanup</StdOut>
      </Output>
    </UnitTestResult>
    <UnitTestResult executionId="eebcbff8-43a4-4ba8-8ff9-82518aa79ac0" testId="be8405fe-299e-6a43-a0fe-709ccb3816b4" testName="Designer_36162" computerName="EF62BDD48EA6" startTime="2023-10-10T12:05:00.1464243+02:00" endTime="2023-10-10T12:05:00.1464243+02:00" testType="13cdc9d9-ddb5-4fa4-a97d-d965ccfc6d4b" outcome="NotExecuted" testListId="8c84fa94-04c1-424b-9868-57a2d4851a1d" relativeResultsDirectory="eebcbff8-43a4-4ba8-8ff9-82518aa79ac0">
      <Output></Output>
    </UnitTestResult>
    <UnitTestResult executionId="f86516ec-faa0-46f5-900d-82242de9fe23" testId="5809ba0c-a78a-4958-a44c-0cf06cc796a8" testName="Designer_37735" computerName="EF62BDD48EA6" duration="00:00:20.7474931" startTime="2023-10-10T12:10:11.9003686+02:00" endTime="2023-10-10T12:10:32.6530350+02:00" testType="13cdc9d9-ddb5-4fa4-a97d-d965ccfc6d4b" outcome="Passed" testListId="8c84fa94-04c1-424b-9868-57a2d4851a1d" relativeResultsDirectory="f86516ec-faa0-46f5-900d-82242de9fe23">
      <Output>
        <StdOut>[12:10:11]  Start Test: Designer_37735&#xD;
[12:10:12]  Defining database with name Standard...
Given paths are: c:\appveyor\bin\E3.3DRoutingBridge\Mainline\E3.BridgeTest\TestFiles\Designer-37735\..\Databases\Standard\Components.mdb	c:\appveyor\bin\E3.3DRoutingBridge\Mainline\E3.BridgeTest\TestFiles\Designer-37735\..\Databases\Standard\symbols.mdb	c:\appveyor\bin\E3.3DRoutingBridge\Mainline\E3.BridgeTest\TestFiles\Designer-37735\..\Databases\Standard\Configuration.mdb&#xD;
[12:10:16]  Setting current database Standard&#xD;
[12:10:17]  E3 open project&#xD;
[12:10:18]  Doing repaircheck...&#xD;
[12:10:18]  Tool startet: c:\\appveyor\\bin\\E3.3DRoutingBridge\\Mainline\\bin\\Release\\x64\\E3_3DRoutingBridge.exe&#xD;
[12:10:32]  Tool fertig: c:\\appveyor\\bin\\E3.3DRoutingBridge\\Mainline\\bin\\Release\\x64\\E3_3DRoutingBridge.exe : ExitCode 0&#xD;
[12:10:32]  test.NAME: Designer_37735&#xD;
[12:10:32]  preparedOutputFile: c:\appveyor\bin\E3.3DRoutingBridge\Mainline\E3.BridgeTest\TestFiles\Designer-37735\Results\2023-10-10--12-10-32_Designer_37735_temp.xml&#xD;
[12:10:32]  preparedReferenceFile: c:\appveyor\bin\E3.3DRoutingBridge\Mainline\E3.BridgeTest\TestFiles\Designer-37735\Results\2023-10-10--12-10-32_Designer_37735_ref_temp.xml&#xD;
[12:10:32]  Start CompareXML: xmlExportFileName: c:\appveyor\bin\E3.3DRoutingBridge\Mainline\E3.BridgeTest\TestFiles\Designer-37735\Results\2023-10-10--12-10-32_Designer_37735_temp.xml to xmlRefFileName: c:\appveyor\bin\E3.3DRoutingBridge\Mainline\E3.BridgeTest\TestFiles\Designer-37735\Results\2023-10-10--12-10-32_Designer_37735_ref_temp.xml&#xD;
[12:10:32]  Test Designer_37735 for Tool 3DRoutingBridge equal to Reference!&#xD;
[12:10:32]  Der Test  3DRoutingBridge is successful!&#xD;
[12:10:32]  TestCleanup</StdOut>
      </Output>
    </UnitTestResult>
    <UnitTestResult executionId="32c5426c-d3fc-4c8a-8715-df71a4f47794" testId="350002e4-71eb-469d-b42e-3785ed1768ae" testName="Import_12_QM850" computerName="EF62BDD48EA6" duration="00:00:18.1463867" startTime="2023-10-10T12:15:33.7100510+02:00" endTime="2023-10-10T12:15:51.8585227+02:00" testType="13cdc9d9-ddb5-4fa4-a97d-d965ccfc6d4b" outcome="Passed" testListId="8c84fa94-04c1-424b-9868-57a2d4851a1d" relativeResultsDirectory="32c5426c-d3fc-4c8a-8715-df71a4f47794">
      <Output>
        <StdOut>[12:15:33]  Start Test: Import_12_QM850&#xD;
[12:15:34]  Defining database with name Standard...
Given paths are: c:\appveyor\bin\E3.3DRoutingBridge\Mainline\E3.BridgeTest\TestFiles\Harness_Update_QM850\..\Databases\Standard\Components.mdb	c:\appveyor\bin\E3.3DRoutingBridge\Mainline\E3.BridgeTest\TestFiles\Harness_Update_QM850\..\Databases\Standard\symbols.mdb	c:\appveyor\bin\E3.3DRoutingBridge\Mainline\E3.BridgeTest\TestFiles\Harness_Update_QM850\..\Databases\Standard\Configuration.mdb&#xD;
[12:15:38]  Setting current database Standard&#xD;
[12:15:39]  E3 open project&#xD;
[12:15:40]  Doing repaircheck...&#xD;
[12:15:40]  Tool startet: c:\\appveyor\\bin\\E3.3DRoutingBridge\\Mainline\\bin\\Release\\x64\\E3_3DRoutingBridge.exe&#xD;
[12:15:51]  Tool fertig: c:\\appveyor\\bin\\E3.3DRoutingBridge\\Mainline\\bin\\Release\\x64\\E3_3DRoutingBridge.exe : ExitCode 0&#xD;
[12:15:51]  test.NAME: Import_12_QM850&#xD;
[12:15:51]  preparedOutputFile: c:\appveyor\bin\E3.3DRoutingBridge\Mainline\E3.BridgeTest\TestFiles\Harness_Update_QM850\Results\2023-10-10--12-15-51_Import_12_QM850_temp.xml&#xD;
[12:15:51]  preparedReferenceFile: c:\appveyor\bin\E3.3DRoutingBridge\Mainline\E3.BridgeTest\TestFiles\Harness_Update_QM850\Results\2023-10-10--12-15-51_Import_12_QM850_ref_temp.xml&#xD;
[12:15:51]  Start CompareXML: xmlExportFileName: c:\appveyor\bin\E3.3DRoutingBridge\Mainline\E3.BridgeTest\TestFiles\Harness_Update_QM850\Results\2023-10-10--12-15-51_Import_12_QM850_temp.xml to xmlRefFileName: c:\appveyor\bin\E3.3DRoutingBridge\Mainline\E3.BridgeTest\TestFiles\Harness_Update_QM850\Results\2023-10-10--12-15-51_Import_12_QM850_ref_temp.xml&#xD;
[12:15:51]  Test Import_12_QM850 for Tool 3DRoutingBridge equal to Reference!&#xD;
[12:15:51]  Der Test  3DRoutingBridge is successful!&#xD;
[12:15:51]  TestCleanup</StdOut>
      </Output>
    </UnitTestResult>
    <UnitTestResult executionId="acfc45c9-58b1-40c4-9e7d-7aa59d73361e" testId="6ede9899-a7bc-4ea5-9735-461aaee693d5" testName="Designer_41425_2" computerName="EF62BDD48EA6" duration="00:00:54.3541399" startTime="2023-10-10T12:11:55.4356468+02:00" endTime="2023-10-10T12:12:49.7968781+02:00" testType="13cdc9d9-ddb5-4fa4-a97d-d965ccfc6d4b" outcome="Passed" testListId="8c84fa94-04c1-424b-9868-57a2d4851a1d" relativeResultsDirectory="acfc45c9-58b1-40c4-9e7d-7aa59d73361e">
      <Output>
        <StdOut>[12:11:55]  Start Test: Designer_41425_2&#xD;
[12:11:56]  Defining database with name Standard...
Given paths are: c:\appveyor\bin\E3.3DRoutingBridge\Mainline\E3.BridgeTest\TestFiles\Designer-41425\..\Databases\Standard\Components.mdb	c:\appveyor\bin\E3.3DRoutingBridge\Mainline\E3.BridgeTest\TestFiles\Designer-41425\..\Databases\Standard\symbols.mdb	c:\appveyor\bin\E3.3DRoutingBridge\Mainline\E3.BridgeTest\TestFiles\Designer-41425\..\Databases\Standard\Configuration.mdb&#xD;
[12:12:00]  Setting current database Standard&#xD;
[12:12:01]  E3 open project&#xD;
[12:12:01]  Doing repaircheck...&#xD;
[12:12:02]  Tool startet: c:\\appveyor\\bin\\E3.3DRoutingBridge\\Mainline\\bin\\Release\\x64\\E3_3DRoutingBridge.exe&#xD;
[12:12:49]  Tool fertig: c:\\appveyor\\bin\\E3.3DRoutingBridge\\Mainline\\bin\\Release\\x64\\E3_3DRoutingBridge.exe : ExitCode 0&#xD;
[12:12:49]  test.NAME: Designer_41425_2&#xD;
[12:12:49]  preparedOutputFile: c:\appveyor\bin\E3.3DRoutingBridge\Mainline\E3.BridgeTest\TestFiles\Designer-41425\Results\2023-10-10--12-12-49_Designer_41425_2_temp.xml&#xD;
[12:12:49]  preparedReferenceFile: c:\appveyor\bin\E3.3DRoutingBridge\Mainline\E3.BridgeTest\TestFiles\Designer-41425\Results\2023-10-10--12-12-49_Designer_41425_2_ref_temp.xml&#xD;
[12:12:49]  Start CompareXML: xmlExportFileName: c:\appveyor\bin\E3.3DRoutingBridge\Mainline\E3.BridgeTest\TestFiles\Designer-41425\Results\2023-10-10--12-12-49_Designer_41425_2_temp.xml to xmlRefFileName: c:\appveyor\bin\E3.3DRoutingBridge\Mainline\E3.BridgeTest\TestFiles\Designer-41425\Results\2023-10-10--12-12-49_Designer_41425_2_ref_temp.xml&#xD;
[12:12:49]  Test Designer_41425_2 for Tool 3DRoutingBridge equal to Reference!&#xD;
[12:12:49]  Der Test  3DRoutingBridge is successful!&#xD;
[12:12:49]  TestCleanup</StdOut>
      </Output>
    </UnitTestResult>
    <UnitTestResult executionId="c55cbf02-1b45-4afb-83f6-04c0809c7bd4" testId="5832233b-2617-4abc-80e3-0e63dd3d9819" testName="Designer_42803_HarnessImport_NoSignalConflictOnBranches" computerName="EF62BDD48EA6" duration="00:00:18.3303054" startTime="2023-10-10T12:13:49.4828730+02:00" endTime="2023-10-10T12:14:07.8068460+02:00" testType="13cdc9d9-ddb5-4fa4-a97d-d965ccfc6d4b" outcome="Passed" testListId="8c84fa94-04c1-424b-9868-57a2d4851a1d" relativeResultsDirectory="c55cbf02-1b45-4afb-83f6-04c0809c7bd4">
      <Output>
        <StdOut>[12:13:49]  Start Test: Designer_42803_HarnessImport_NoSignalConflictOnBranches&#xD;
[12:13:50]  Defining database with name Standard...
Given paths are: c:\appveyor\bin\E3.3DRoutingBridge\Mainline\E3.BridgeTest\TestFiles\Designer-42803_HarnessImport\..\Databases\Standard\Components.mdb	c:\appveyor\bin\E3.3DRoutingBridge\Mainline\E3.BridgeTest\TestFiles\Designer-42803_HarnessImport\..\Databases\Standard\symbols.mdb	c:\appveyor\bin\E3.3DRoutingBridge\Mainline\E3.BridgeTest\TestFiles\Designer-42803_HarnessImport\..\Databases\Standard\Configuration.mdb&#xD;
[12:13:54]  Setting current database Standard&#xD;
[12:13:56]  E3 open project&#xD;
[12:13:56]  Doing repaircheck...&#xD;
[12:13:56]  Tool startet: c:\\appveyor\\bin\\E3.3DRoutingBridge\\Mainline\\bin\\Release\\x64\\E3_3DRoutingBridge.exe&#xD;
[12:14:07]  Tool fertig: c:\\appveyor\\bin\\E3.3DRoutingBridge\\Mainline\\bin\\Release\\x64\\E3_3DRoutingBridge.exe : ExitCode 0&#xD;
[12:14:07]  test.NAME: Designer_42803_HarnessImport_NoSignalConflictOnBranches&#xD;
[12:14:07]  preparedOutputFile: c:\appveyor\bin\E3.3DRoutingBridge\Mainline\E3.BridgeTest\TestFiles\Designer-42803_HarnessImport\Results\2023-10-10--12-14-07_Designer_42803_HarnessImport_NoSignalConflictOnBranches_temp.xml&#xD;
[12:14:07]  preparedReferenceFile: c:\appveyor\bin\E3.3DRoutingBridge\Mainline\E3.BridgeTest\TestFiles\Designer-42803_HarnessImport\Results\2023-10-10--12-14-07_Designer_42803_HarnessImport_NoSignalConflictOnBranches_ref_temp.xml&#xD;
[12:14:07]  Start CompareXML: xmlExportFileName: c:\appveyor\bin\E3.3DRoutingBridge\Mainline\E3.BridgeTest\TestFiles\Designer-42803_HarnessImport\Results\2023-10-10--12-14-07_Designer_42803_HarnessImport_NoSignalConflictOnBranches_temp.xml to xmlRefFileName: c:\appveyor\bin\E3.3DRoutingBridge\Mainline\E3.BridgeTest\TestFiles\Designer-42803_HarnessImport\Results\2023-10-10--12-14-07_Designer_42803_HarnessImport_NoSignalConflictOnBranches_ref_temp.xml&#xD;
[12:14:07]  Test Designer_42803_HarnessImport_NoSignalConflictOnBranches for Tool 3DRoutingBridge equal to Reference!&#xD;
[12:14:07]  Der Test  3DRoutingBridge is successful!&#xD;
[12:14:07]  TestCleanup</StdOut>
      </Output>
    </UnitTestResult>
    <UnitTestResult executionId="4c999939-bd48-4bc1-af4e-f750d0167142" testId="70a8c423-5d7a-433f-8676-a1eb064390b1" testName="Designer_37339" computerName="EF62BDD48EA6" duration="00:00:50.3267064" startTime="2023-10-10T12:07:58.8052732+02:00" endTime="2023-10-10T12:08:49.1264976+02:00" testType="13cdc9d9-ddb5-4fa4-a97d-d965ccfc6d4b" outcome="Passed" testListId="8c84fa94-04c1-424b-9868-57a2d4851a1d" relativeResultsDirectory="4c999939-bd48-4bc1-af4e-f750d0167142">
      <Output>
        <StdOut>[12:07:58]  Start Test: Designer_37339&#xD;
[12:07:59]  Defining database with name KundenDB...
Given paths are: c:\appveyor\bin\E3.3DRoutingBridge\Mainline\E3.BridgeTest\TestFiles\Designer-37339\..\Databases\Ford\E3-Exports_MDB_v2018.mdb	c:\appveyor\bin\E3.3DRoutingBridge\Mainline\E3.BridgeTest\TestFiles\Designer-37339\..\Databases\Ford\E3-Exports_MDB_v2018.mdb	c:\appveyor\bin\E3.3DRoutingBridge\Mainline\E3.BridgeTest\TestFiles\Designer-37339\..\Databases\Ford\E3-Exports_MDB_v2018.mdb&#xD;
[12:08:03]  Setting current database KundenDB&#xD;
[12:08:05]  E3 open project&#xD;
[12:08:05]  Doing repaircheck...&#xD;
[12:08:06]  Tool startet: c:\\appveyor\\bin\\E3.3DRoutingBridge\\Mainline\\bin\\Release\\x64\\E3_3DRoutingBridge.exe&#xD;
[12:08:47]  Tool fertig: c:\\appveyor\\bin\\E3.3DRoutingBridge\\Mainline\\bin\\Release\\x64\\E3_3DRoutingBridge.exe : ExitCode 0&#xD;
[12:08:48]  test.NAME: Designer_37339&#xD;
[12:08:48]  preparedOutputFile: c:\appveyor\bin\E3.3DRoutingBridge\Mainline\E3.BridgeTest\TestFiles\Designer-37339\Results\2023-10-10--12-08-48_Designer_37339_temp.xml&#xD;
[12:08:48]  preparedReferenceFile: c:\appveyor\bin\E3.3DRoutingBridge\Mainline\E3.BridgeTest\TestFiles\Designer-37339\Results\2023-10-10--12-08-48_Designer_37339_ref_temp.xml&#xD;
[12:08:48]  Start CompareXML: xmlExportFileName: c:\appveyor\bin\E3.3DRoutingBridge\Mainline\E3.BridgeTest\TestFiles\Designer-37339\Results\2023-10-10--12-08-48_Designer_37339_temp.xml to xmlRefFileName: c:\appveyor\bin\E3.3DRoutingBridge\Mainline\E3.BridgeTest\TestFiles\Designer-37339\Results\2023-10-10--12-08-48_Designer_37339_ref_temp.xml&#xD;
[12:08:48]  Test Designer_37339 for Tool 3DRoutingBridge equal to Reference!&#xD;
[12:08:48]  Der Test  3DRoutingBridge is successful!&#xD;
[12:08:48]  TestCleanup</StdOut>
      </Output>
    </UnitTestResult>
    <UnitTestResult executionId="cc8e3f02-7047-421b-a95a-7137155a68e1" testId="347c3ccb-a226-4a8f-b159-14f9817dbe58" testName="Template_DynSymbole_6_QM850" computerName="EF62BDD48EA6" duration="00:00:40.0759420" startTime="2023-10-10T12:19:08.3592469+02:00" endTime="2023-10-10T12:19:48.4510832+02:00" testType="13cdc9d9-ddb5-4fa4-a97d-d965ccfc6d4b" outcome="Passed" testListId="8c84fa94-04c1-424b-9868-57a2d4851a1d" relativeResultsDirectory="cc8e3f02-7047-421b-a95a-7137155a68e1">
      <Output>
        <StdOut>[12:19:08]  Start Test: Template_DynSymbole_6_QM850&#xD;
[12:19:10]  Defining database with name TestDB...
Given paths are: c:\appveyor\bin\E3.3DRoutingBridge\Mainline\E3.BridgeTest\TestFiles\Harness_Update_QM850\..\Databases\TestDB\Components.mdb	c:\appveyor\bin\E3.3DRoutingBridge\Mainline\E3.BridgeTest\TestFiles\Harness_Update_QM850\..\Databases\TestDB\symbols.mdb	c:\appveyor\bin\E3.3DRoutingBridge\Mainline\E3.BridgeTest\TestFiles\Harness_Update_QM850\..\Databases\TestDB\Configuration.mdb&#xD;
[12:19:14]  Setting current database TestDB&#xD;
[12:19:15]  E3 open project&#xD;
[12:19:16]  Doing repaircheck...&#xD;
[12:19:16]  Tool startet: c:\\appveyor\\bin\\E3.3DRoutingBridge\\Mainline\\bin\\Release\\x64\\E3_3DRoutingBridge.exe&#xD;
[12:19:29]  Tool fertig: c:\\appveyor\\bin\\E3.3DRoutingBridge\\Mainline\\bin\\Release\\x64\\E3_3DRoutingBridge.exe : ExitCode 0&#xD;
[12:19:29]  test.NAME: Template_DynSymbole_6_QM850&#xD;
[12:19:29]  preparedOutputFile: c:\appveyor\bin\E3.3DRoutingBridge\Mainline\E3.BridgeTest\TestFiles\Harness_Update_QM850\Results\2023-10-10--12-19-29_Template_DynSymbole_6_QM850_temp.xml&#xD;
[12:19:29]  preparedReferenceFile: c:\appveyor\bin\E3.3DRoutingBridge\Mainline\E3.BridgeTest\TestFiles\Harness_Update_QM850\Results\2023-10-10--12-19-29_Template_DynSymbole_6_QM850_ref_temp.xml&#xD;
[12:19:29]  Start CompareXML: xmlExportFileName: c:\appveyor\bin\E3.3DRoutingBridge\Mainline\E3.BridgeTest\TestFiles\Harness_Update_QM850\Results\2023-10-10--12-19-29_Template_DynSymbole_6_QM850_temp.xml to xmlRefFileName: c:\appveyor\bin\E3.3DRoutingBridge\Mainline\E3.BridgeTest\TestFiles\Harness_Update_QM850\Results\2023-10-10--12-19-29_Template_DynSymbole_6_QM850_ref_temp.xml&#xD;
[12:19:29]  Test Template_DynSymbole_6_QM850 for Tool 3DRoutingBridge equal to Reference!&#xD;
[12:19:29]  Der Test  3DRoutingBridge is successful!&#xD;
[12:19:29]  Project is successful saved: c:\appveyor\bin\E3.3DRoutingBridge\Mainline\E3.BridgeTest\TestFiles\Harness_Update_QM850\Results\2023-10-10--12-19-29_Template_DynSymbole_6_QM850_temp.e3s&#xD;
[12:19:31]  Defining database with name TestDB...
Given paths are: c:\appveyor\bin\E3.3DRoutingBridge\Mainline\E3.BridgeTest\TestFiles\Harness_Update_QM850\..\Databases\TestDB\Components.mdb	c:\appveyor\bin\E3.3DRoutingBridge\Mainline\E3.BridgeTest\TestFiles\Harness_Update_QM850\..\Databases\TestDB\symbols.mdb	c:\appveyor\bin\E3.3DRoutingBridge\Mainline\E3.BridgeTest\TestFiles\Harness_Update_QM850\..\Databases\TestDB\Configuration.mdb&#xD;
[12:19:35]  Setting current database TestDB&#xD;
[12:19:36]  E3 open project&#xD;
[12:19:37]  Doing repaircheck...&#xD;
[12:19:37]  Tool startet: c:\\appveyor\\bin\\E3.3DRoutingBridge\\Mainline\\bin\\Release\\x64\\E3_3DRoutingBridge.exe&#xD;
[12:19:48]  Tool fertig: c:\\appveyor\\bin\\E3.3DRoutingBridge\\Mainline\\bin\\Release\\x64\\E3_3DRoutingBridge.exe : ExitCode 0&#xD;
[12:19:48]  test.NAME: Template_DynSymbole_6_QM850&#xD;
[12:19:48]  preparedOutputFile: c:\appveyor\bin\E3.3DRoutingBridge\Mainline\E3.BridgeTest\TestFiles\Harness_Update_QM850\Results\2023-10-10--12-19-48_Template_DynSymbole_6_QM850_temp.xml&#xD;
[12:19:48]  preparedReferenceFile: c:\appveyor\bin\E3.3DRoutingBridge\Mainline\E3.BridgeTest\TestFiles\Harness_Update_QM850\Results\2023-10-10--12-19-48_Template_DynSymbole_6_QM850_ref_temp.xml&#xD;
[12:19:48]  Start CompareXML: xmlExportFileName: c:\appveyor\bin\E3.3DRoutingBridge\Mainline\E3.BridgeTest\TestFiles\Harness_Update_QM850\Results\2023-10-10--12-19-48_Template_DynSymbole_6_QM850_temp.xml to xmlRefFileName: c:\appveyor\bin\E3.3DRoutingBridge\Mainline\E3.BridgeTest\TestFiles\Harness_Update_QM850\Results\2023-10-10--12-19-48_Template_DynSymbole_6_QM850_ref_temp.xml&#xD;
[12:19:48]  Test Template_DynSymbole_6_QM850 for Tool 3DRoutingBridge equal to Reference!&#xD;
[12:19:48]  Der Test  3DRoutingBridge is successful!&#xD;
[12:19:48]  TestCleanup</StdOut>
      </Output>
    </UnitTestResult>
    <UnitTestResult executionId="bd90700a-217f-4106-a5b9-16617a8fc50f" testId="c03bdce1-2234-47f4-89d5-bcd8ba2edbaf" testName="Update_12_QM850" computerName="EF62BDD48EA6" duration="00:00:19.6254037" startTime="2023-10-10T12:28:14.7491975+02:00" endTime="2023-10-10T12:28:34.3648961+02:00" testType="13cdc9d9-ddb5-4fa4-a97d-d965ccfc6d4b" outcome="Passed" testListId="8c84fa94-04c1-424b-9868-57a2d4851a1d" relativeResultsDirectory="bd90700a-217f-4106-a5b9-16617a8fc50f">
      <Output>
        <StdOut>[12:28:14]  Start Test: Update_12_QM850&#xD;
[12:28:16]  Defining database with name TestDB...
Given paths are: c:\appveyor\bin\E3.3DRoutingBridge\Mainline\E3.BridgeTest\TestFiles\Harness_Update_QM850\..\Databases\TestDB\Components.mdb	c:\appveyor\bin\E3.3DRoutingBridge\Mainline\E3.BridgeTest\TestFiles\Harness_Update_QM850\..\Databases\TestDB\symbols.mdb	c:\appveyor\bin\E3.3DRoutingBridge\Mainline\E3.BridgeTest\TestFiles\Harness_Update_QM850\..\Databases\TestDB\Configuration.mdb&#xD;
[12:28:20]  Setting current database TestDB&#xD;
[12:28:21]  E3 open project&#xD;
[12:28:22]  Doing repaircheck...&#xD;
[12:28:22]  Tool startet: c:\\appveyor\\bin\\E3.3DRoutingBridge\\Mainline\\bin\\Release\\x64\\E3_3DRoutingBridge.exe&#xD;
[12:28:34]  Tool fertig: c:\\appveyor\\bin\\E3.3DRoutingBridge\\Mainline\\bin\\Release\\x64\\E3_3DRoutingBridge.exe : ExitCode 0&#xD;
[12:28:34]  test.NAME: Update_12_QM850&#xD;
[12:28:34]  preparedOutputFile: c:\appveyor\bin\E3.3DRoutingBridge\Mainline\E3.BridgeTest\TestFiles\Harness_Update_QM850\Results\2023-10-10--12-28-34_Update_12_QM850_temp.xml&#xD;
[12:28:34]  preparedReferenceFile: c:\appveyor\bin\E3.3DRoutingBridge\Mainline\E3.BridgeTest\TestFiles\Harness_Update_QM850\Results\2023-10-10--12-28-34_Update_12_QM850_ref_temp.xml&#xD;
[12:28:34]  Start CompareXML: xmlExportFileName: c:\appveyor\bin\E3.3DRoutingBridge\Mainline\E3.BridgeTest\TestFiles\Harness_Update_QM850\Results\2023-10-10--12-28-34_Update_12_QM850_temp.xml to xmlRefFileName: c:\appveyor\bin\E3.3DRoutingBridge\Mainline\E3.BridgeTest\TestFiles\Harness_Update_QM850\Results\2023-10-10--12-28-34_Update_12_QM850_ref_temp.xml&#xD;
[12:28:34]  Test Update_12_QM850 for Tool 3DRoutingBridge equal to Reference!&#xD;
[12:28:34]  Der Test  3DRoutingBridge is successful!&#xD;
[12:28:34]  TestCleanup</StdOut>
      </Output>
    </UnitTestResult>
    <UnitTestResult executionId="1634ac66-9424-4f52-bd64-4b7b4450e35b" testId="d1f744d2-46a0-41a0-aac1-fd4c45ce2cf3" testName="Template_DynSymbole_7_QM850" computerName="EF62BDD48EA6" duration="00:00:40.0160404" startTime="2023-10-10T12:19:48.4520828+02:00" endTime="2023-10-10T12:20:28.4543830+02:00" testType="13cdc9d9-ddb5-4fa4-a97d-d965ccfc6d4b" outcome="Passed" testListId="8c84fa94-04c1-424b-9868-57a2d4851a1d" relativeResultsDirectory="1634ac66-9424-4f52-bd64-4b7b4450e35b">
      <Output>
        <StdOut>[12:19:48]  Start Test: Template_DynSymbole_7_QM850&#xD;
[12:19:50]  Defining database with name TestDB...
Given paths are: c:\appveyor\bin\E3.3DRoutingBridge\Mainline\E3.BridgeTest\TestFiles\Harness_Update_QM850\..\Databases\TestDB\Components.mdb	c:\appveyor\bin\E3.3DRoutingBridge\Mainline\E3.BridgeTest\TestFiles\Harness_Update_QM850\..\Databases\TestDB\symbols.mdb	c:\appveyor\bin\E3.3DRoutingBridge\Mainline\E3.BridgeTest\TestFiles\Harness_Update_QM850\..\Databases\TestDB\Configuration.mdb&#xD;
[12:19:54]  Setting current database TestDB&#xD;
[12:19:55]  E3 open project&#xD;
[12:19:55]  Doing repaircheck...&#xD;
[12:19:55]  Tool startet: c:\\appveyor\\bin\\E3.3DRoutingBridge\\Mainline\\bin\\Release\\x64\\E3_3DRoutingBridge.exe&#xD;
[12:20:08]  Tool fertig: c:\\appveyor\\bin\\E3.3DRoutingBridge\\Mainline\\bin\\Release\\x64\\E3_3DRoutingBridge.exe : ExitCode 0&#xD;
[12:20:08]  test.NAME: Template_DynSymbole_7_QM850&#xD;
[12:20:08]  preparedOutputFile: c:\appveyor\bin\E3.3DRoutingBridge\Mainline\E3.BridgeTest\TestFiles\Harness_Update_QM850\Results\2023-10-10--12-20-08_Template_DynSymbole_7_QM850_temp.xml&#xD;
[12:20:08]  preparedReferenceFile: c:\appveyor\bin\E3.3DRoutingBridge\Mainline\E3.BridgeTest\TestFiles\Harness_Update_QM850\Results\2023-10-10--12-20-08_Template_DynSymbole_7_QM850_ref_temp.xml&#xD;
[12:20:08]  Start CompareXML: xmlExportFileName: c:\appveyor\bin\E3.3DRoutingBridge\Mainline\E3.BridgeTest\TestFiles\Harness_Update_QM850\Results\2023-10-10--12-20-08_Template_DynSymbole_7_QM850_temp.xml to xmlRefFileName: c:\appveyor\bin\E3.3DRoutingBridge\Mainline\E3.BridgeTest\TestFiles\Harness_Update_QM850\Results\2023-10-10--12-20-08_Template_DynSymbole_7_QM850_ref_temp.xml&#xD;
[12:20:08]  Test Template_DynSymbole_7_QM850 for Tool 3DRoutingBridge equal to Reference!&#xD;
[12:20:08]  Der Test  3DRoutingBridge is successful!&#xD;
[12:20:09]  Project is successful saved: c:\appveyor\bin\E3.3DRoutingBridge\Mainline\E3.BridgeTest\TestFiles\Harness_Update_QM850\Results\2023-10-10--12-20-08_Template_DynSymbole_7_QM850_temp.e3s&#xD;
[12:20:11]  Defining database with name TestDB...
Given paths are: c:\appveyor\bin\E3.3DRoutingBridge\Mainline\E3.BridgeTest\TestFiles\Harness_Update_QM850\..\Databases\TestDB\Components.mdb	c:\appveyor\bin\E3.3DRoutingBridge\Mainline\E3.BridgeTest\TestFiles\Harness_Update_QM850\..\Databases\TestDB\symbols.mdb	c:\appveyor\bin\E3.3DRoutingBridge\Mainline\E3.BridgeTest\TestFiles\Harness_Update_QM850\..\Databases\TestDB\Configuration.mdb&#xD;
[12:20:15]  Setting current database TestDB&#xD;
[12:20:16]  E3 open project&#xD;
[12:20:16]  Doing repaircheck...&#xD;
[12:20:16]  Tool startet: c:\\appveyor\\bin\\E3.3DRoutingBridge\\Mainline\\bin\\Release\\x64\\E3_3DRoutingBridge.exe&#xD;
[12:20:28]  Tool fertig: c:\\appveyor\\bin\\E3.3DRoutingBridge\\Mainline\\bin\\Release\\x64\\E3_3DRoutingBridge.exe : ExitCode 0&#xD;
[12:20:28]  test.NAME: Template_DynSymbole_7_QM850&#xD;
[12:20:28]  preparedOutputFile: c:\appveyor\bin\E3.3DRoutingBridge\Mainline\E3.BridgeTest\TestFiles\Harness_Update_QM850\Results\2023-10-10--12-20-28_Template_DynSymbole_7_QM850_temp.xml&#xD;
[12:20:28]  preparedReferenceFile: c:\appveyor\bin\E3.3DRoutingBridge\Mainline\E3.BridgeTest\TestFiles\Harness_Update_QM850\Results\2023-10-10--12-20-28_Template_DynSymbole_7_QM850_ref_temp.xml&#xD;
[12:20:28]  Start CompareXML: xmlExportFileName: c:\appveyor\bin\E3.3DRoutingBridge\Mainline\E3.BridgeTest\TestFiles\Harness_Update_QM850\Results\2023-10-10--12-20-28_Template_DynSymbole_7_QM850_temp.xml to xmlRefFileName: c:\appveyor\bin\E3.3DRoutingBridge\Mainline\E3.BridgeTest\TestFiles\Harness_Update_QM850\Results\2023-10-10--12-20-28_Template_DynSymbole_7_QM850_ref_temp.xml&#xD;
[12:20:28]  Test Template_DynSymbole_7_QM850 for Tool 3DRoutingBridge equal to Reference!&#xD;
[12:20:28]  Der Test  3DRoutingBridge is successful!&#xD;
[12:20:28]  TestCleanup</StdOut>
      </Output>
    </UnitTestResult>
    <UnitTestResult executionId="be0078af-58ec-4985-9814-92e02e7955a7" testId="c0b2047d-f4ed-44fa-b375-d3fd65e16986" testName="Designer_35915" computerName="EF62BDD48EA6" duration="00:00:19.4094739" startTime="2023-10-10T12:04:40.7351365+02:00" endTime="2023-10-10T12:05:00.1464243+02:00" testType="13cdc9d9-ddb5-4fa4-a97d-d965ccfc6d4b" outcome="Passed" testListId="8c84fa94-04c1-424b-9868-57a2d4851a1d" relativeResultsDirectory="be0078af-58ec-4985-9814-92e02e7955a7">
      <Output>
        <StdOut>[12:04:40]  Start Test: Designer_35915&#xD;
[12:04:43]  Defining database with name Standard...
Given paths are: c:\appveyor\bin\E3.3DRoutingBridge\Mainline\E3.BridgeTest\TestFiles\Designer-35915\..\Databases\Standard\Components.mdb	c:\appveyor\bin\E3.3DRoutingBridge\Mainline\E3.BridgeTest\TestFiles\Designer-35915\..\Databases\Standard\symbols.mdb	c:\appveyor\bin\E3.3DRoutingBridge\Mainline\E3.BridgeTest\TestFiles\Designer-35915\..\Databases\Standard\Configuration.mdb&#xD;
[12:04:47]  Setting current database Standard&#xD;
[12:04:48]  E3 open project&#xD;
[12:04:48]  Doing repaircheck...&#xD;
[12:04:48]  Tool startet: c:\\appveyor\\bin\\E3.3DRoutingBridge\\Mainline\\bin\\Release\\x64\\E3_3DRoutingBridge.exe&#xD;
[12:04:59]  Tool fertig: c:\\appveyor\\bin\\E3.3DRoutingBridge\\Mainline\\bin\\Release\\x64\\E3_3DRoutingBridge.exe : ExitCode 0&#xD;
[12:04:59]  test.NAME: Designer_35915&#xD;
[12:04:59]  preparedOutputFile: c:\appveyor\bin\E3.3DRoutingBridge\Mainline\E3.BridgeTest\TestFiles\Designer-35915\Results\2023-10-10--12-04-59_Designer_35915_temp.xml&#xD;
[12:04:59]  preparedReferenceFile: c:\appveyor\bin\E3.3DRoutingBridge\Mainline\E3.BridgeTest\TestFiles\Designer-35915\Results\2023-10-10--12-04-59_Designer_35915_ref_temp.xml&#xD;
[12:04:59]  Start CompareXML: xmlExportFileName: c:\appveyor\bin\E3.3DRoutingBridge\Mainline\E3.BridgeTest\TestFiles\Designer-35915\Results\2023-10-10--12-04-59_Designer_35915_temp.xml to xmlRefFileName: c:\appveyor\bin\E3.3DRoutingBridge\Mainline\E3.BridgeTest\TestFiles\Designer-35915\Results\2023-10-10--12-04-59_Designer_35915_ref_temp.xml&#xD;
[12:04:59]  Test Designer_35915 for Tool 3DRoutingBridge equal to Reference!&#xD;
[12:04:59]  Der Test  3DRoutingBridge is successful!&#xD;
[12:04:59]  TestCleanup</StdOut>
      </Output>
    </UnitTestResult>
    <UnitTestResult executionId="4ff38651-81d9-4e03-a665-4df043317d5e" testId="9cbca25a-acab-a3a0-4a42-d680f5ae0b1e" testName="Designer_39086" computerName="EF62BDD48EA6" startTime="2023-10-10T12:11:12.0797326+02:00" endTime="2023-10-10T12:11:12.0797326+02:00" testType="13cdc9d9-ddb5-4fa4-a97d-d965ccfc6d4b" outcome="NotExecuted" testListId="8c84fa94-04c1-424b-9868-57a2d4851a1d" relativeResultsDirectory="4ff38651-81d9-4e03-a665-4df043317d5e">
      <Output></Output>
    </UnitTestResult>
    <UnitTestResult executionId="934cb485-9729-4467-9315-079ed9ae2119" testId="b85e2e67-aed9-4a51-9f59-6ac7fb2390c0" testName="Template_DynSymbole_5_QM850" computerName="EF62BDD48EA6" duration="00:00:40.1512006" startTime="2023-10-10T12:18:28.2181183+02:00" endTime="2023-10-10T12:19:08.3592469+02:00" testType="13cdc9d9-ddb5-4fa4-a97d-d965ccfc6d4b" outcome="Passed" testListId="8c84fa94-04c1-424b-9868-57a2d4851a1d" relativeResultsDirectory="934cb485-9729-4467-9315-079ed9ae2119">
      <Output>
        <StdOut>[12:18:28]  Start Test: Template_DynSymbole_5_QM850&#xD;
[12:18:30]  Defining database with name TestDB...
Given paths are: c:\appveyor\bin\E3.3DRoutingBridge\Mainline\E3.BridgeTest\TestFiles\Harness_Update_QM850\..\Databases\TestDB\Components.mdb	c:\appveyor\bin\E3.3DRoutingBridge\Mainline\E3.BridgeTest\TestFiles\Harness_Update_QM850\..\Databases\TestDB\symbols.mdb	c:\appveyor\bin\E3.3DRoutingBridge\Mainline\E3.BridgeTest\TestFiles\Harness_Update_QM850\..\Databases\TestDB\Configuration.mdb&#xD;
[12:18:34]  Setting current database TestDB&#xD;
[12:18:35]  E3 open project&#xD;
[12:18:35]  Doing repaircheck...&#xD;
[12:18:36]  Tool startet: c:\\appveyor\\bin\\E3.3DRoutingBridge\\Mainline\\bin\\Release\\x64\\E3_3DRoutingBridge.exe&#xD;
[12:18:48]  Tool fertig: c:\\appveyor\\bin\\E3.3DRoutingBridge\\Mainline\\bin\\Release\\x64\\E3_3DRoutingBridge.exe : ExitCode 0&#xD;
[12:18:48]  test.NAME: Template_DynSymbole_5_QM850&#xD;
[12:18:48]  preparedOutputFile: c:\appveyor\bin\E3.3DRoutingBridge\Mainline\E3.BridgeTest\TestFiles\Harness_Update_QM850\Results\2023-10-10--12-18-48_Template_DynSymbole_5_QM850_temp.xml&#xD;
[12:18:48]  preparedReferenceFile: c:\appveyor\bin\E3.3DRoutingBridge\Mainline\E3.BridgeTest\TestFiles\Harness_Update_QM850\Results\2023-10-10--12-18-48_Template_DynSymbole_5_QM850_ref_temp.xml&#xD;
[12:18:48]  Start CompareXML: xmlExportFileName: c:\appveyor\bin\E3.3DRoutingBridge\Mainline\E3.BridgeTest\TestFiles\Harness_Update_QM850\Results\2023-10-10--12-18-48_Template_DynSymbole_5_QM850_temp.xml to xmlRefFileName: c:\appveyor\bin\E3.3DRoutingBridge\Mainline\E3.BridgeTest\TestFiles\Harness_Update_QM850\Results\2023-10-10--12-18-48_Template_DynSymbole_5_QM850_ref_temp.xml&#xD;
[12:18:49]  Test Template_DynSymbole_5_QM850 for Tool 3DRoutingBridge equal to Reference!&#xD;
[12:18:49]  Der Test  3DRoutingBridge is successful!&#xD;
[12:18:49]  Project is successful saved: c:\appveyor\bin\E3.3DRoutingBridge\Mainline\E3.BridgeTest\TestFiles\Harness_Update_QM850\Results\2023-10-10--12-18-49_Template_DynSymbole_5_QM850_temp.e3s&#xD;
[12:18:51]  Defining database with name TestDB...
Given paths are: c:\appveyor\bin\E3.3DRoutingBridge\Mainline\E3.BridgeTest\TestFiles\Harness_Update_QM850\..\Databases\TestDB\Components.mdb	c:\appveyor\bin\E3.3DRoutingBridge\Mainline\E3.BridgeTest\TestFiles\Harness_Update_QM850\..\Databases\TestDB\symbols.mdb	c:\appveyor\bin\E3.3DRoutingBridge\Mainline\E3.BridgeTest\TestFiles\Harness_Update_QM850\..\Databases\TestDB\Configuration.mdb&#xD;
[12:18:55]  Setting current database TestDB&#xD;
[12:18:56]  E3 open project&#xD;
[12:18:57]  Doing repaircheck...&#xD;
[12:18:57]  Tool startet: c:\\appveyor\\bin\\E3.3DRoutingBridge\\Mainline\\bin\\Release\\x64\\E3_3DRoutingBridge.exe&#xD;
[12:19:07]  Tool fertig: c:\\appveyor\\bin\\E3.3DRoutingBridge\\Mainline\\bin\\Release\\x64\\E3_3DRoutingBridge.exe : ExitCode 0&#xD;
[12:19:08]  test.NAME: Template_DynSymbole_5_QM850&#xD;
[12:19:08]  preparedOutputFile: c:\appveyor\bin\E3.3DRoutingBridge\Mainline\E3.BridgeTest\TestFiles\Harness_Update_QM850\Results\2023-10-10--12-19-08_Template_DynSymbole_5_QM850_temp.xml&#xD;
[12:19:08]  preparedReferenceFile: c:\appveyor\bin\E3.3DRoutingBridge\Mainline\E3.BridgeTest\TestFiles\Harness_Update_QM850\Results\2023-10-10--12-19-08_Template_DynSymbole_5_QM850_ref_temp.xml&#xD;
[12:19:08]  Start CompareXML: xmlExportFileName: c:\appveyor\bin\E3.3DRoutingBridge\Mainline\E3.BridgeTest\TestFiles\Harness_Update_QM850\Results\2023-10-10--12-19-08_Template_DynSymbole_5_QM850_temp.xml to xmlRefFileName: c:\appveyor\bin\E3.3DRoutingBridge\Mainline\E3.BridgeTest\TestFiles\Harness_Update_QM850\Results\2023-10-10--12-19-08_Template_DynSymbole_5_QM850_ref_temp.xml&#xD;
[12:19:08]  Test Template_DynSymbole_5_QM850 for Tool 3DRoutingBridge equal to Reference!&#xD;
[12:19:08]  Der Test  3DRoutingBridge is successful!&#xD;
[12:19:08]  TestCleanup</StdOut>
      </Output>
    </UnitTestResult>
    <UnitTestResult executionId="fe29368d-d2bd-4dc4-8cd7-7dbabb7fe51f" testId="e1d5cca8-dc41-47c4-b0a3-3719f9026b51" testName="Designer_32394" computerName="EF62BDD48EA6" duration="00:00:19.4916958" startTime="2023-10-10T12:04:21.2428986+02:00" endTime="2023-10-10T12:04:40.7351365+02:00" testType="13cdc9d9-ddb5-4fa4-a97d-d965ccfc6d4b" outcome="Passed" testListId="8c84fa94-04c1-424b-9868-57a2d4851a1d" relativeResultsDirectory="fe29368d-d2bd-4dc4-8cd7-7dbabb7fe51f">
      <Output>
        <StdOut>[12:04:21]  Start Test: Designer_32394&#xD;
[12:04:23]  Defining database with name KundenDB...
Given paths are: c:\appveyor\bin\E3.3DRoutingBridge\Mainline\E3.BridgeTest\TestFiles\Designer-32394\..\Databases\LAM\QA_SQL_ACCESS_26Jun.mdb	c:\appveyor\bin\E3.3DRoutingBridge\Mainline\E3.BridgeTest\TestFiles\Designer-32394\..\Databases\LAM\QA_SQL_ACCESS_26Jun.mdb	c:\appveyor\bin\E3.3DRoutingBridge\Mainline\E3.BridgeTest\TestFiles\Designer-32394\..\Databases\LAM\QA_SQL_ACCESS_26Jun.mdb&#xD;
[12:04:27]  Setting current database KundenDB&#xD;
[12:04:28]  E3 open project&#xD;
[12:04:29]  Doing repaircheck...&#xD;
[12:04:29]  Tool startet: c:\\appveyor\\bin\\E3.3DRoutingBridge\\Mainline\\bin\\Release\\x64\\E3_3DRoutingBridge.exe&#xD;
[12:04:40]  Tool fertig: c:\\appveyor\\bin\\E3.3DRoutingBridge\\Mainline\\bin\\Release\\x64\\E3_3DRoutingBridge.exe : ExitCode 0&#xD;
[12:04:40]  test.NAME: Designer_32394&#xD;
[12:04:40]  preparedOutputFile: c:\appveyor\bin\E3.3DRoutingBridge\Mainline\E3.BridgeTest\TestFiles\Designer-32394\Results\2023-10-10--12-04-40_Designer_32394_temp.xml&#xD;
[12:04:40]  preparedReferenceFile: c:\appveyor\bin\E3.3DRoutingBridge\Mainline\E3.BridgeTest\TestFiles\Designer-32394\Results\2023-10-10--12-04-40_Designer_32394_ref_temp.xml&#xD;
[12:04:40]  Start CompareXML: xmlExportFileName: c:\appveyor\bin\E3.3DRoutingBridge\Mainline\E3.BridgeTest\TestFiles\Designer-32394\Results\2023-10-10--12-04-40_Designer_32394_temp.xml to xmlRefFileName: c:\appveyor\bin\E3.3DRoutingBridge\Mainline\E3.BridgeTest\TestFiles\Designer-32394\Results\2023-10-10--12-04-40_Designer_32394_ref_temp.xml&#xD;
[12:04:40]  Test Designer_32394 for Tool 3DRoutingBridge equal to Reference!&#xD;
[12:04:40]  Der Test  3DRoutingBridge is successful!&#xD;
[12:04:40]  TestCleanup</StdOut>
      </Output>
    </UnitTestResult>
    <UnitTestResult executionId="b6ff72b8-5979-4166-ab52-42cd5b1b9942" testId="ebde3011-8346-450b-8939-64557cf636bf" testName="Import_11_QM850" computerName="EF62BDD48EA6" duration="00:00:17.6910817" startTime="2023-10-10T12:15:16.0195701+02:00" endTime="2023-10-10T12:15:33.7100510+02:00" testType="13cdc9d9-ddb5-4fa4-a97d-d965ccfc6d4b" outcome="Passed" testListId="8c84fa94-04c1-424b-9868-57a2d4851a1d" relativeResultsDirectory="b6ff72b8-5979-4166-ab52-42cd5b1b9942">
      <Output>
        <StdOut>[12:15:16]  Start Test: Import_11_QM850&#xD;
[12:15:16]  Defining database with name Standard...
Given paths are: c:\appveyor\bin\E3.3DRoutingBridge\Mainline\E3.BridgeTest\TestFiles\Harness_Update_QM850\..\Databases\Standard\Components.mdb	c:\appveyor\bin\E3.3DRoutingBridge\Mainline\E3.BridgeTest\TestFiles\Harness_Update_QM850\..\Databases\Standard\symbols.mdb	c:\appveyor\bin\E3.3DRoutingBridge\Mainline\E3.BridgeTest\TestFiles\Harness_Update_QM850\..\Databases\Standard\Configuration.mdb&#xD;
[12:15:20]  Setting current database Standard&#xD;
[12:15:21]  E3 open project&#xD;
[12:15:22]  Doing repaircheck...&#xD;
[12:15:22]  Tool startet: c:\\appveyor\\bin\\E3.3DRoutingBridge\\Mainline\\bin\\Release\\x64\\E3_3DRoutingBridge.exe&#xD;
[12:15:33]  Tool fertig: c:\\appveyor\\bin\\E3.3DRoutingBridge\\Mainline\\bin\\Release\\x64\\E3_3DRoutingBridge.exe : ExitCode 0&#xD;
[12:15:33]  test.NAME: Import_11_QM850&#xD;
[12:15:33]  preparedOutputFile: c:\appveyor\bin\E3.3DRoutingBridge\Mainline\E3.BridgeTest\TestFiles\Harness_Update_QM850\Results\2023-10-10--12-15-33_Import_11_QM850_temp.xml&#xD;
[12:15:33]  preparedReferenceFile: c:\appveyor\bin\E3.3DRoutingBridge\Mainline\E3.BridgeTest\TestFiles\Harness_Update_QM850\Results\2023-10-10--12-15-33_Import_11_QM850_ref_temp.xml&#xD;
[12:15:33]  Start CompareXML: xmlExportFileName: c:\appveyor\bin\E3.3DRoutingBridge\Mainline\E3.BridgeTest\TestFiles\Harness_Update_QM850\Results\2023-10-10--12-15-33_Import_11_QM850_temp.xml to xmlRefFileName: c:\appveyor\bin\E3.3DRoutingBridge\Mainline\E3.BridgeTest\TestFiles\Harness_Update_QM850\Results\2023-10-10--12-15-33_Import_11_QM850_ref_temp.xml&#xD;
[12:15:33]  Test Import_11_QM850 for Tool 3DRoutingBridge equal to Reference!&#xD;
[12:15:33]  Der Test  3DRoutingBridge is successful!&#xD;
[12:15:33]  TestCleanup</StdOut>
      </Output>
    </UnitTestResult>
    <UnitTestResult executionId="52ffc97b-730e-41e9-8a37-57329fcd1b90" testId="bc207ec4-a9c7-4ef5-a2fc-8a960f3dcc87" testName="Designer_41425_1" computerName="EF62BDD48EA6" duration="00:00:19.1751210" startTime="2023-10-10T12:11:36.2722626+02:00" endTime="2023-10-10T12:11:55.4356468+02:00" testType="13cdc9d9-ddb5-4fa4-a97d-d965ccfc6d4b" outcome="Passed" testListId="8c84fa94-04c1-424b-9868-57a2d4851a1d" relativeResultsDirectory="52ffc97b-730e-41e9-8a37-57329fcd1b90">
      <Output>
        <StdOut>[12:11:36]  Start Test: Designer_41425_1&#xD;
[12:11:37]  Defining database with name Standard...
Given paths are: c:\appveyor\bin\E3.3DRoutingBridge\Mainline\E3.BridgeTest\TestFiles\Designer-41425\..\Databases\Standard\Components.mdb	c:\appveyor\bin\E3.3DRoutingBridge\Mainline\E3.BridgeTest\TestFiles\Designer-41425\..\Databases\Standard\symbols.mdb	c:\appveyor\bin\E3.3DRoutingBridge\Mainline\E3.BridgeTest\TestFiles\Designer-41425\..\Databases\Standard\Configuration.mdb&#xD;
[12:11:41]  Setting current database Standard&#xD;
[12:11:42]  E3 open project&#xD;
[12:11:42]  Doing repaircheck...&#xD;
[12:11:43]  Tool startet: c:\\appveyor\\bin\\E3.3DRoutingBridge\\Mainline\\bin\\Release\\x64\\E3_3DRoutingBridge.exe&#xD;
[12:11:55]  Tool fertig: c:\\appveyor\\bin\\E3.3DRoutingBridge\\Mainline\\bin\\Release\\x64\\E3_3DRoutingBridge.exe : ExitCode 0&#xD;
[12:11:55]  test.NAME: Designer_41425_1&#xD;
[12:11:55]  preparedOutputFile: c:\appveyor\bin\E3.3DRoutingBridge\Mainline\E3.BridgeTest\TestFiles\Designer-41425\Results\2023-10-10--12-11-55_Designer_41425_1_temp.xml&#xD;
[12:11:55]  preparedReferenceFile: c:\appveyor\bin\E3.3DRoutingBridge\Mainline\E3.BridgeTest\TestFiles\Designer-41425\Results\2023-10-10--12-11-55_Designer_41425_1_ref_temp.xml&#xD;
[12:11:55]  Start CompareXML: xmlExportFileName: c:\appveyor\bin\E3.3DRoutingBridge\Mainline\E3.BridgeTest\TestFiles\Designer-41425\Results\2023-10-10--12-11-55_Designer_41425_1_temp.xml to xmlRefFileName: c:\appveyor\bin\E3.3DRoutingBridge\Mainline\E3.BridgeTest\TestFiles\Designer-41425\Results\2023-10-10--12-11-55_Designer_41425_1_ref_temp.xml&#xD;
[12:11:55]  Test Designer_41425_1 for Tool 3DRoutingBridge equal to Reference!&#xD;
[12:11:55]  Der Test  3DRoutingBridge is successful!&#xD;
[12:11:55]  TestCleanup</StdOut>
      </Output>
    </UnitTestResult>
    <UnitTestResult executionId="2c68ff41-dcfc-4fbc-8860-1e5a57dcd563" testId="4d130565-c344-4ef0-afa9-d856f257701f" testName="Designer_37636" computerName="EF62BDD48EA6" duration="00:00:17.1779294" startTime="2023-10-10T12:08:49.1264976+02:00" endTime="2023-10-10T12:09:06.3185161+02:00" testType="13cdc9d9-ddb5-4fa4-a97d-d965ccfc6d4b" outcome="Passed" testListId="8c84fa94-04c1-424b-9868-57a2d4851a1d" relativeResultsDirectory="2c68ff41-dcfc-4fbc-8860-1e5a57dcd563">
      <Output>
        <StdOut>[12:08:49]  Start Test: Designer_37636&#xD;
[12:08:50]  Defining database with name Standard...
Given paths are: c:\appveyor\bin\E3.3DRoutingBridge\Mainline\E3.BridgeTest\TestFiles\Designer-37636\..\Databases\Standard\Components.mdb	c:\appveyor\bin\E3.3DRoutingBridge\Mainline\E3.BridgeTest\TestFiles\Designer-37636\..\Databases\Standard\symbols.mdb	c:\appveyor\bin\E3.3DRoutingBridge\Mainline\E3.BridgeTest\TestFiles\Designer-37636\..\Databases\Standard\Configuration.mdb&#xD;
[12:08:54]  Setting current database Standard&#xD;
[12:08:55]  E3 open project&#xD;
[12:08:55]  Doing repaircheck...&#xD;
[12:08:55]  Tool startet: c:\\appveyor\\bin\\E3.3DRoutingBridge\\Mainline\\bin\\Release\\x64\\E3_3DRoutingBridge.exe&#xD;
[12:09:06]  Tool fertig: c:\\appveyor\\bin\\E3.3DRoutingBridge\\Mainline\\bin\\Release\\x64\\E3_3DRoutingBridge.exe : ExitCode 0&#xD;
[12:09:06]  test.NAME: Designer_37636&#xD;
[12:09:06]  preparedOutputFile: c:\appveyor\bin\E3.3DRoutingBridge\Mainline\E3.BridgeTest\TestFiles\Designer-37636\Results\2023-10-10--12-09-06_Designer_37636_temp.xml&#xD;
[12:09:06]  preparedReferenceFile: c:\appveyor\bin\E3.3DRoutingBridge\Mainline\E3.BridgeTest\TestFiles\Designer-37636\Results\2023-10-10--12-09-06_Designer_37636_ref_temp.xml&#xD;
[12:09:06]  Start CompareXML: xmlExportFileName: c:\appveyor\bin\E3.3DRoutingBridge\Mainline\E3.BridgeTest\TestFiles\Designer-37636\Results\2023-10-10--12-09-06_Designer_37636_temp.xml to xmlRefFileName: c:\appveyor\bin\E3.3DRoutingBridge\Mainline\E3.BridgeTest\TestFiles\Designer-37636\Results\2023-10-10--12-09-06_Designer_37636_ref_temp.xml&#xD;
[12:09:06]  Test Designer_37636 for Tool 3DRoutingBridge equal to Reference!&#xD;
[12:09:06]  Der Test  3DRoutingBridge is successful!&#xD;
[12:09:06]  TestCleanup</StdOut>
      </Output>
    </UnitTestResult>
    <UnitTestResult executionId="c3f5396e-5041-4f92-8fc9-1a3d79fae479" testId="31a74908-feff-4fff-9ccf-f020bc811879" testName="Designer_41384" computerName="EF62BDD48EA6" duration="00:00:24.1812506" startTime="2023-10-10T12:11:12.0797326+02:00" endTime="2023-10-10T12:11:36.2712630+02:00" testType="13cdc9d9-ddb5-4fa4-a97d-d965ccfc6d4b" outcome="Passed" testListId="8c84fa94-04c1-424b-9868-57a2d4851a1d" relativeResultsDirectory="c3f5396e-5041-4f92-8fc9-1a3d79fae479">
      <Output>
        <StdOut>[12:11:12]  Start Test: Designer_41384&#xD;
[12:11:14]  Defining database with name TestDB...
Given paths are: c:\appveyor\bin\E3.3DRoutingBridge\Mainline\E3.BridgeTest\TestFiles\Designer-41384_Harness_Update\..\Databases\TestDB\Components.mdb	c:\appveyor\bin\E3.3DRoutingBridge\Mainline\E3.BridgeTest\TestFiles\Designer-41384_Harness_Update\..\Databases\TestDB\symbols.mdb	c:\appveyor\bin\E3.3DRoutingBridge\Mainline\E3.BridgeTest\TestFiles\Designer-41384_Harness_Update\..\Databases\TestDB\Configuration.mdb&#xD;
[12:11:18]  Setting current database TestDB&#xD;
[12:11:19]  E3 open project&#xD;
[12:11:20]  Doing repaircheck...&#xD;
[12:11:20]  Tool startet: c:\\appveyor\\bin\\E3.3DRoutingBridge\\Mainline\\bin\\Release\\x64\\E3_3DRoutingBridge.exe&#xD;
[12:11:35]  Tool fertig: c:\\appveyor\\bin\\E3.3DRoutingBridge\\Mainline\\bin\\Release\\x64\\E3_3DRoutingBridge.exe : ExitCode 0&#xD;
[12:11:35]  test.NAME: Designer_41384&#xD;
[12:11:35]  preparedOutputFile: c:\appveyor\bin\E3.3DRoutingBridge\Mainline\E3.BridgeTest\TestFiles\Designer-41384_Harness_Update\Results\2023-10-10--12-11-35_Designer_41384_temp.xml&#xD;
[12:11:35]  preparedReferenceFile: c:\appveyor\bin\E3.3DRoutingBridge\Mainline\E3.BridgeTest\TestFiles\Designer-41384_Harness_Update\Results\2023-10-10--12-11-35_Designer_41384_ref_temp.xml&#xD;
[12:11:35]  Start CompareXML: xmlExportFileName: c:\appveyor\bin\E3.3DRoutingBridge\Mainline\E3.BridgeTest\TestFiles\Designer-41384_Harness_Update\Results\2023-10-10--12-11-35_Designer_41384_temp.xml to xmlRefFileName: c:\appveyor\bin\E3.3DRoutingBridge\Mainline\E3.BridgeTest\TestFiles\Designer-41384_Harness_Update\Results\2023-10-10--12-11-35_Designer_41384_ref_temp.xml&#xD;
[12:11:36]  Test Designer_41384 for Tool 3DRoutingBridge equal to Reference!&#xD;
[12:11:36]  Der Test  3DRoutingBridge is successful!&#xD;
[12:11:36]  TestCleanup</StdOut>
      </Output>
    </UnitTestResult>
    <UnitTestResult executionId="bd7c73e0-0818-4e55-b334-a373d629dc0e" testId="dae34efe-92e8-47d5-adcc-d647cb59abab" testName="ProtectionsImport_1_QM850" computerName="EF62BDD48EA6" duration="00:00:36.8905531" startTime="2023-10-10T12:21:54.9228839+02:00" endTime="2023-10-10T12:22:31.8157578+02:00" testType="13cdc9d9-ddb5-4fa4-a97d-d965ccfc6d4b" outcome="Passed" testListId="8c84fa94-04c1-424b-9868-57a2d4851a1d" relativeResultsDirectory="bd7c73e0-0818-4e55-b334-a373d629dc0e">
      <Output>
        <StdOut>[12:21:54]  Start Test: ProtectionsImport_1_QM850&#xD;
[12:21:55]  Defining database with name Standard...
Given paths are: c:\appveyor\bin\E3.3DRoutingBridge\Mainline\E3.BridgeTest\TestFiles\Harness_Update_QM850\..\Databases\Standard\Components.mdb	c:\appveyor\bin\E3.3DRoutingBridge\Mainline\E3.BridgeTest\TestFiles\Harness_Update_QM850\..\Databases\Standard\symbols.mdb	c:\appveyor\bin\E3.3DRoutingBridge\Mainline\E3.BridgeTest\TestFiles\Harness_Update_QM850\..\Databases\Standard\Configuration.mdb&#xD;
[12:21:59]  Setting current database Standard&#xD;
[12:22:00]  E3 open project&#xD;
[12:22:01]  Doing repaircheck...&#xD;
[12:22:01]  Tool startet: c:\\appveyor\\bin\\E3.3DRoutingBridge\\Mainline\\bin\\Release\\x64\\E3_3DRoutingBridge.exe&#xD;
[12:22:13]  Tool fertig: c:\\appveyor\\bin\\E3.3DRoutingBridge\\Mainline\\bin\\Release\\x64\\E3_3DRoutingBridge.exe : ExitCode 0&#xD;
[12:22:13]  test.NAME: ProtectionsImport_1_QM850&#xD;
[12:22:13]  preparedOutputFile: c:\appveyor\bin\E3.3DRoutingBridge\Mainline\E3.BridgeTest\TestFiles\Harness_Update_QM850\Results\2023-10-10--12-22-13_ProtectionsImport_1_QM850_temp.xml&#xD;
[12:22:13]  preparedReferenceFile: c:\appveyor\bin\E3.3DRoutingBridge\Mainline\E3.BridgeTest\TestFiles\Harness_Update_QM850\Results\2023-10-10--12-22-13_ProtectionsImport_1_QM850_ref_temp.xml&#xD;
[12:22:13]  Start CompareXML: xmlExportFileName: c:\appveyor\bin\E3.3DRoutingBridge\Mainline\E3.BridgeTest\TestFiles\Harness_Update_QM850\Results\2023-10-10--12-22-13_ProtectionsImport_1_QM850_temp.xml to xmlRefFileName: c:\appveyor\bin\E3.3DRoutingBridge\Mainline\E3.BridgeTest\TestFiles\Harness_Update_QM850\Results\2023-10-10--12-22-13_ProtectionsImport_1_QM850_ref_temp.xml&#xD;
[12:22:13]  Test ProtectionsImport_1_QM850 for Tool 3DRoutingBridge equal to Reference!&#xD;
[12:22:13]  Der Test  3DRoutingBridge is successful!&#xD;
[12:22:14]  Project is successful saved: c:\appveyor\bin\E3.3DRoutingBridge\Mainline\E3.BridgeTest\TestFiles\Harness_Update_QM850\Results\2023-10-10--12-22-13_ProtectionsImport_1_QM850_temp.e3s&#xD;
[12:22:15]  Defining database with name Standard...
Given paths are: c:\appveyor\bin\E3.3DRoutingBridge\Mainline\E3.BridgeTest\TestFiles\Harness_Update_QM850\..\Databases\Standard\Components.mdb	c:\appveyor\bin\E3.3DRoutingBridge\Mainline\E3.BridgeTest\TestFiles\Harness_Update_QM850\..\Databases\Standard\symbols.mdb	c:\appveyor\bin\E3.3DRoutingBridge\Mainline\E3.BridgeTest\TestFiles\Harness_Update_QM850\..\Databases\Standard\Configuration.mdb&#xD;
[12:22:19]  Setting current database Standard&#xD;
[12:22:20]  E3 open project&#xD;
[12:22:20]  Doing repaircheck...&#xD;
[12:22:20]  Tool startet: c:\\appveyor\\bin\\E3.3DRoutingBridge\\Mainline\\bin\\Release\\x64\\E3_3DRoutingBridge.exe&#xD;
[12:22:31]  Tool fertig: c:\\appveyor\\bin\\E3.3DRoutingBridge\\Mainline\\bin\\Release\\x64\\E3_3DRoutingBridge.exe : ExitCode 0&#xD;
[12:22:31]  test.NAME: ProtectionsImport_1_QM850&#xD;
[12:22:31]  preparedOutputFile: c:\appveyor\bin\E3.3DRoutingBridge\Mainline\E3.BridgeTest\TestFiles\Harness_Update_QM850\Results\2023-10-10--12-22-31_ProtectionsImport_1_QM850_temp.xml&#xD;
[12:22:31]  preparedReferenceFile: c:\appveyor\bin\E3.3DRoutingBridge\Mainline\E3.BridgeTest\TestFiles\Harness_Update_QM850\Results\2023-10-10--12-22-31_ProtectionsImport_1_QM850_ref_temp.xml&#xD;
[12:22:31]  Start CompareXML: xmlExportFileName: c:\appveyor\bin\E3.3DRoutingBridge\Mainline\E3.BridgeTest\TestFiles\Harness_Update_QM850\Results\2023-10-10--12-22-31_ProtectionsImport_1_QM850_temp.xml to xmlRefFileName: c:\appveyor\bin\E3.3DRoutingBridge\Mainline\E3.BridgeTest\TestFiles\Harness_Update_QM850\Results\2023-10-10--12-22-31_ProtectionsImport_1_QM850_ref_temp.xml&#xD;
[12:22:31]  Test ProtectionsImport_1_QM850 for Tool 3DRoutingBridge equal to Reference!&#xD;
[12:22:31]  Der Test  3DRoutingBridge is successful!&#xD;
[12:22:31]  TestCleanup</StdOut>
      </Output>
    </UnitTestResult>
    <UnitTestResult executionId="584d5085-0d24-4dbc-ade6-e2108df9d92d" testId="2453c1e3-c8bb-4f0f-9d80-9760792c05c7" testName="Designer_42795_HarnessImport_NoBundleStructInXML" computerName="EF62BDD48EA6" duration="00:00:19.5642902" startTime="2023-10-10T12:13:29.9213897+02:00" endTime="2023-10-10T12:13:49.4828730+02:00" testType="13cdc9d9-ddb5-4fa4-a97d-d965ccfc6d4b" outcome="Passed" testListId="8c84fa94-04c1-424b-9868-57a2d4851a1d" relativeResultsDirectory="584d5085-0d24-4dbc-ade6-e2108df9d92d">
      <Output>
        <StdOut>[12:13:29]  Start Test: Designer_42795_HarnessImport_NoBundleStructInXML&#xD;
[12:13:30]  Defining database with name Standard...
Given paths are: c:\appveyor\bin\E3.3DRoutingBridge\Mainline\E3.BridgeTest\TestFiles\Designer-42795_HarnessImport\..\Databases\Standard\Components.mdb	c:\appveyor\bin\E3.3DRoutingBridge\Mainline\E3.BridgeTest\TestFiles\Designer-42795_HarnessImport\..\Databases\Standard\symbols.mdb	c:\appveyor\bin\E3.3DRoutingBridge\Mainline\E3.BridgeTest\TestFiles\Designer-42795_HarnessImport\..\Databases\Standard\Configuration.mdb&#xD;
[12:13:35]  Setting current database Standard&#xD;
[12:13:36]  E3 open project&#xD;
[12:13:36]  Doing repaircheck...&#xD;
[12:13:37]  Tool startet: c:\\appveyor\\bin\\E3.3DRoutingBridge\\Mainline\\bin\\Release\\x64\\E3_3DRoutingBridge.exe&#xD;
[12:13:48]  Tool fertig: c:\\appveyor\\bin\\E3.3DRoutingBridge\\Mainline\\bin\\Release\\x64\\E3_3DRoutingBridge.exe : ExitCode 0&#xD;
[12:13:49]  test.NAME: Designer_42795_HarnessImport_NoBundleStructInXML&#xD;
[12:13:49]  preparedOutputFile: c:\appveyor\bin\E3.3DRoutingBridge\Mainline\E3.BridgeTest\TestFiles\Designer-42795_HarnessImport\Results3\2023-10-10--12-13-48_Designer_42795_HarnessImport_NoBundleStructInXML_temp.xml&#xD;
[12:13:49]  preparedReferenceFile: c:\appveyor\bin\E3.3DRoutingBridge\Mainline\E3.BridgeTest\TestFiles\Designer-42795_HarnessImport\Results3\2023-10-10--12-13-48_Designer_42795_HarnessImport_NoBundleStructInXML_ref_temp.xml&#xD;
[12:13:49]  Start CompareXML: xmlExportFileName: c:\appveyor\bin\E3.3DRoutingBridge\Mainline\E3.BridgeTest\TestFiles\Designer-42795_HarnessImport\Results3\2023-10-10--12-13-48_Designer_42795_HarnessImport_NoBundleStructInXML_temp.xml to xmlRefFileName: c:\appveyor\bin\E3.3DRoutingBridge\Mainline\E3.BridgeTest\TestFiles\Designer-42795_HarnessImport\Results3\2023-10-10--12-13-48_Designer_42795_HarnessImport_NoBundleStructInXML_ref_temp.xml&#xD;
[12:13:49]  Test Designer_42795_HarnessImport_NoBundleStructInXML for Tool 3DRoutingBridge equal to Reference!&#xD;
[12:13:49]  Der Test  3DRoutingBridge is successful!&#xD;
[12:13:49]  TestCleanup</StdOut>
      </Output>
    </UnitTestResult>
    <UnitTestResult executionId="b9011371-35c6-464f-909f-ec014cf6d738" testId="caf29760-15d9-4076-a4cd-53e743aa3f60" testName="AttributeUpdateTest_A_B_weg_QM829" computerName="EF62BDD48EA6" duration="00:00:17.3957530" startTime="2023-10-10T12:00:23.3080771+02:00" endTime="2023-10-10T12:00:40.6997249+02:00" testType="13cdc9d9-ddb5-4fa4-a97d-d965ccfc6d4b" outcome="Passed" testListId="8c84fa94-04c1-424b-9868-57a2d4851a1d" relativeResultsDirectory="b9011371-35c6-464f-909f-ec014cf6d738">
      <Output>
        <StdOut>[12:00:23]  Start Test: AttributeUpdateTest_A_B_weg_QM829&#xD;
[12:00:24]  Defining database with name Standard...
Given paths are: c:\appveyor\bin\E3.3DRoutingBridge\Mainline\E3.BridgeTest\TestFiles\AttributeUpdateTest_A_B_weg_QM829\..\Databases\Standard\Components.mdb	c:\appveyor\bin\E3.3DRoutingBridge\Mainline\E3.BridgeTest\TestFiles\AttributeUpdateTest_A_B_weg_QM829\..\Databases\Standard\symbols.mdb	c:\appveyor\bin\E3.3DRoutingBridge\Mainline\E3.BridgeTest\TestFiles\AttributeUpdateTest_A_B_weg_QM829\..\Databases\Standard\Configuration.mdb&#xD;
[12:00:28]  Setting current database Standard&#xD;
[12:00:29]  E3 open project&#xD;
[12:00:29]  Doing repaircheck...&#xD;
[12:00:30]  Tool startet: c:\\appveyor\\bin\\E3.3DRoutingBridge\\Mainline\\bin\\Release\\x64\\E3_3DRoutingBridge.exe&#xD;
[12:00:40]  Tool fertig: c:\\appveyor\\bin\\E3.3DRoutingBridge\\Mainline\\bin\\Release\\x64\\E3_3DRoutingBridge.exe : ExitCode 0&#xD;
[12:00:40]  test.NAME: AttributeUpdateTest_A_B_weg_QM829&#xD;
[12:00:40]  preparedOutputFile: c:\appveyor\bin\E3.3DRoutingBridge\Mainline\E3.BridgeTest\TestFiles\AttributeUpdateTest_A_B_weg_QM829\Results\2023-10-10--12-00-40_AttributeUpdateTest_A_B_weg_QM829_temp.xml&#xD;
[12:00:40]  preparedReferenceFile: c:\appveyor\bin\E3.3DRoutingBridge\Mainline\E3.BridgeTest\TestFiles\AttributeUpdateTest_A_B_weg_QM829\Results\2023-10-10--12-00-40_AttributeUpdateTest_A_B_weg_QM829_ref_temp.xml&#xD;
[12:00:40]  Start CompareXML: xmlExportFileName: c:\appveyor\bin\E3.3DRoutingBridge\Mainline\E3.BridgeTest\TestFiles\AttributeUpdateTest_A_B_weg_QM829\Results\2023-10-10--12-00-40_AttributeUpdateTest_A_B_weg_QM829_temp.xml to xmlRefFileName: c:\appveyor\bin\E3.3DRoutingBridge\Mainline\E3.BridgeTest\TestFiles\AttributeUpdateTest_A_B_weg_QM829\Results\2023-10-10--12-00-40_AttributeUpdateTest_A_B_weg_QM829_ref_temp.xml&#xD;
[12:00:40]  Test AttributeUpdateTest_A_B_weg_QM829 for Tool 3DRoutingBridge equal to Reference!&#xD;
[12:00:40]  Der Test  3DRoutingBridge is successful!&#xD;
[12:00:40]  TestCleanup</StdOut>
      </Output>
    </UnitTestResult>
    <UnitTestResult executionId="3fdd331f-3cde-4843-b258-a26f16e75215" testId="adbbc35a-13ee-45e1-9e2c-9abd49caa7a9" testName="Designer_31172" computerName="EF62BDD48EA6" duration="00:00:23.6807003" startTime="2023-10-10T12:01:32.9791336+02:00" endTime="2023-10-10T12:01:56.6549267+02:00" testType="13cdc9d9-ddb5-4fa4-a97d-d965ccfc6d4b" outcome="Passed" testListId="8c84fa94-04c1-424b-9868-57a2d4851a1d" relativeResultsDirectory="3fdd331f-3cde-4843-b258-a26f16e75215">
      <Output>
        <StdOut>[12:01:32]  Start Test: Designer_31172&#xD;
[12:01:33]  Defining database with name Standard...
Given paths are: c:\appveyor\bin\E3.3DRoutingBridge\Mainline\E3.BridgeTest\TestFiles\Designer-31172\..\Databases\Standard\Components.mdb	c:\appveyor\bin\E3.3DRoutingBridge\Mainline\E3.BridgeTest\TestFiles\Designer-31172\..\Databases\Standard\symbols.mdb	c:\appveyor\bin\E3.3DRoutingBridge\Mainline\E3.BridgeTest\TestFiles\Designer-31172\..\Databases\Standard\Configuration.mdb&#xD;
[12:01:37]  Setting current database Standard&#xD;
[12:01:38]  E3 open project&#xD;
[12:01:39]  Doing repaircheck...&#xD;
[12:01:39]  Tool startet: c:\\appveyor\\bin\\E3.3DRoutingBridge\\Mainline\\bin\\Release\\x64\\E3_3DRoutingBridge.exe&#xD;
[12:01:56]  Tool fertig: c:\\appveyor\\bin\\E3.3DRoutingBridge\\Mainline\\bin\\Release\\x64\\E3_3DRoutingBridge.exe : ExitCode 0&#xD;
[12:01:56]  test.NAME: Designer_31172&#xD;
[12:01:56]  preparedOutputFile: c:\appveyor\bin\E3.3DRoutingBridge\Mainline\E3.BridgeTest\TestFiles\Designer-31172\Results\2023-10-10--12-01-56_Designer_31172_temp.xml&#xD;
[12:01:56]  preparedReferenceFile: c:\appveyor\bin\E3.3DRoutingBridge\Mainline\E3.BridgeTest\TestFiles\Designer-31172\Results\2023-10-10--12-01-56_Designer_31172_ref_temp.xml&#xD;
[12:01:56]  Start CompareXML: xmlExportFileName: c:\appveyor\bin\E3.3DRoutingBridge\Mainline\E3.BridgeTest\TestFiles\Designer-31172\Results\2023-10-10--12-01-56_Designer_31172_temp.xml to xmlRefFileName: c:\appveyor\bin\E3.3DRoutingBridge\Mainline\E3.BridgeTest\TestFiles\Designer-31172\Results\2023-10-10--12-01-56_Designer_31172_ref_temp.xml&#xD;
[12:01:56]  Test Designer_31172 for Tool 3DRoutingBridge equal to Reference!&#xD;
[12:01:56]  Der Test  3DRoutingBridge is successful!&#xD;
[12:01:56]  TestCleanup</StdOut>
      </Output>
    </UnitTestResult>
    <UnitTestResult executionId="d70a9e60-5a6a-4161-ac8f-2c3b8b4baab3" testId="f200ebdc-12f7-4b44-9a41-cada8a96aa6f" testName="ProtectionsImport_5_QM850" computerName="EF62BDD48EA6" duration="00:00:36.7488604" startTime="2023-10-10T12:24:20.1114853+02:00" endTime="2023-10-10T12:24:56.8497325+02:00" testType="13cdc9d9-ddb5-4fa4-a97d-d965ccfc6d4b" outcome="Passed" testListId="8c84fa94-04c1-424b-9868-57a2d4851a1d" relativeResultsDirectory="d70a9e60-5a6a-4161-ac8f-2c3b8b4baab3">
      <Output>
        <StdOut>[12:24:20]  Start Test: ProtectionsImport_5_QM850&#xD;
[12:24:20]  Defining database with name Standard...
Given paths are: c:\appveyor\bin\E3.3DRoutingBridge\Mainline\E3.BridgeTest\TestFiles\Harness_Update_QM850\..\Databases\Standard\Components.mdb	c:\appveyor\bin\E3.3DRoutingBridge\Mainline\E3.BridgeTest\TestFiles\Harness_Update_QM850\..\Databases\Standard\symbols.mdb	c:\appveyor\bin\E3.3DRoutingBridge\Mainline\E3.BridgeTest\TestFiles\Harness_Update_QM850\..\Databases\Standard\Configuration.mdb&#xD;
[12:24:24]  Setting current database Standard&#xD;
[12:24:25]  E3 open project&#xD;
[12:24:26]  Doing repaircheck...&#xD;
[12:24:26]  Tool startet: c:\\appveyor\\bin\\E3.3DRoutingBridge\\Mainline\\bin\\Release\\x64\\E3_3DRoutingBridge.exe&#xD;
[12:24:39]  Tool fertig: c:\\appveyor\\bin\\E3.3DRoutingBridge\\Mainline\\bin\\Release\\x64\\E3_3DRoutingBridge.exe : ExitCode 0&#xD;
[12:24:39]  test.NAME: ProtectionsImport_5_QM850&#xD;
[12:24:39]  preparedOutputFile: c:\appveyor\bin\E3.3DRoutingBridge\Mainline\E3.BridgeTest\TestFiles\Harness_Update_QM850\Results\2023-10-10--12-24-39_ProtectionsImport_5_QM850_temp.xml&#xD;
[12:24:39]  preparedReferenceFile: c:\appveyor\bin\E3.3DRoutingBridge\Mainline\E3.BridgeTest\TestFiles\Harness_Update_QM850\Results\2023-10-10--12-24-39_ProtectionsImport_5_QM850_ref_temp.xml&#xD;
[12:24:39]  Start CompareXML: xmlExportFileName: c:\appveyor\bin\E3.3DRoutingBridge\Mainline\E3.BridgeTest\TestFiles\Harness_Update_QM850\Results\2023-10-10--12-24-39_ProtectionsImport_5_QM850_temp.xml to xmlRefFileName: c:\appveyor\bin\E3.3DRoutingBridge\Mainline\E3.BridgeTest\TestFiles\Harness_Update_QM850\Results\2023-10-10--12-24-39_ProtectionsImport_5_QM850_ref_temp.xml&#xD;
[12:24:39]  Test ProtectionsImport_5_QM850 for Tool 3DRoutingBridge equal to Reference!&#xD;
[12:24:39]  Der Test  3DRoutingBridge is successful!&#xD;
[12:24:39]  Project is successful saved: c:\appveyor\bin\E3.3DRoutingBridge\Mainline\E3.BridgeTest\TestFiles\Harness_Update_QM850\Results\2023-10-10--12-24-39_ProtectionsImport_5_QM850_temp.e3s&#xD;
[12:24:40]  Defining database with name Standard...
Given paths are: c:\appveyor\bin\E3.3DRoutingBridge\Mainline\E3.BridgeTest\TestFiles\Harness_Update_QM850\..\Databases\Standard\Components.mdb	c:\appveyor\bin\E3.3DRoutingBridge\Mainline\E3.BridgeTest\TestFiles\Harness_Update_QM850\..\Databases\Standard\symbols.mdb	c:\appveyor\bin\E3.3DRoutingBridge\Mainline\E3.BridgeTest\TestFiles\Harness_Update_QM850\..\Databases\Standard\Configuration.mdb&#xD;
[12:24:44]  Setting current database Standard&#xD;
[12:24:45]  E3 open project&#xD;
[12:24:45]  Doing repaircheck...&#xD;
[12:24:45]  Tool startet: c:\\appveyor\\bin\\E3.3DRoutingBridge\\Mainline\\bin\\Release\\x64\\E3_3DRoutingBridge.exe&#xD;
[12:24:56]  Tool fertig: c:\\appveyor\\bin\\E3.3DRoutingBridge\\Mainline\\bin\\Release\\x64\\E3_3DRoutingBridge.exe : ExitCode 0&#xD;
[12:24:56]  test.NAME: ProtectionsImport_5_QM850&#xD;
[12:24:56]  preparedOutputFile: c:\appveyor\bin\E3.3DRoutingBridge\Mainline\E3.BridgeTest\TestFiles\Harness_Update_QM850\Results\2023-10-10--12-24-56_ProtectionsImport_5_QM850_temp.xml&#xD;
[12:24:56]  preparedReferenceFile: c:\appveyor\bin\E3.3DRoutingBridge\Mainline\E3.BridgeTest\TestFiles\Harness_Update_QM850\Results\2023-10-10--12-24-56_ProtectionsImport_5_QM850_ref_temp.xml&#xD;
[12:24:56]  Start CompareXML: xmlExportFileName: c:\appveyor\bin\E3.3DRoutingBridge\Mainline\E3.BridgeTest\TestFiles\Harness_Update_QM850\Results\2023-10-10--12-24-56_ProtectionsImport_5_QM850_temp.xml to xmlRefFileName: c:\appveyor\bin\E3.3DRoutingBridge\Mainline\E3.BridgeTest\TestFiles\Harness_Update_QM850\Results\2023-10-10--12-24-56_ProtectionsImport_5_QM850_ref_temp.xml&#xD;
[12:24:56]  Test ProtectionsImport_5_QM850 for Tool 3DRoutingBridge equal to Reference!&#xD;
[12:24:56]  Der Test  3DRoutingBridge is successful!&#xD;
[12:24:56]  TestCleanup</StdOut>
      </Output>
    </UnitTestResult>
    <UnitTestResult executionId="14613887-2828-4a0e-9b53-9a40d4186f61" testId="be92a248-a27a-485b-b83d-f61fca0fbc78" testName="Import_10_QM850" computerName="EF62BDD48EA6" duration="00:00:18.6231329" startTime="2023-10-10T12:14:57.3872001+02:00" endTime="2023-10-10T12:15:16.0184946+02:00" testType="13cdc9d9-ddb5-4fa4-a97d-d965ccfc6d4b" outcome="Passed" testListId="8c84fa94-04c1-424b-9868-57a2d4851a1d" relativeResultsDirectory="14613887-2828-4a0e-9b53-9a40d4186f61">
      <Output>
        <StdOut>[12:14:57]  Start Test: Import_10_QM850&#xD;
[12:14:58]  Defining database with name Standard...
Given paths are: c:\appveyor\bin\E3.3DRoutingBridge\Mainline\E3.BridgeTest\TestFiles\Harness_Update_QM850\..\Databases\Standard\Components.mdb	c:\appveyor\bin\E3.3DRoutingBridge\Mainline\E3.BridgeTest\TestFiles\Harness_Update_QM850\..\Databases\Standard\symbols.mdb	c:\appveyor\bin\E3.3DRoutingBridge\Mainline\E3.BridgeTest\TestFiles\Harness_Update_QM850\..\Databases\Standard\Configuration.mdb&#xD;
[12:15:02]  Setting current database Standard&#xD;
[12:15:03]  E3 open project&#xD;
[12:15:03]  Doing repaircheck...&#xD;
[12:15:04]  Tool startet: c:\\appveyor\\bin\\E3.3DRoutingBridge\\Mainline\\bin\\Release\\x64\\E3_3DRoutingBridge.exe&#xD;
[12:15:15]  Tool fertig: c:\\appveyor\\bin\\E3.3DRoutingBridge\\Mainline\\bin\\Release\\x64\\E3_3DRoutingBridge.exe : ExitCode 0&#xD;
[12:15:15]  test.NAME: Import_10_QM850&#xD;
[12:15:15]  preparedOutputFile: c:\appveyor\bin\E3.3DRoutingBridge\Mainline\E3.BridgeTest\TestFiles\Harness_Update_QM850\Results\2023-10-10--12-15-15_Import_10_QM850_temp.xml&#xD;
[12:15:15]  preparedReferenceFile: c:\appveyor\bin\E3.3DRoutingBridge\Mainline\E3.BridgeTest\TestFiles\Harness_Update_QM850\Results\2023-10-10--12-15-15_Import_10_QM850_ref_temp.xml&#xD;
[12:15:15]  Start CompareXML: xmlExportFileName: c:\appveyor\bin\E3.3DRoutingBridge\Mainline\E3.BridgeTest\TestFiles\Harness_Update_QM850\Results\2023-10-10--12-15-15_Import_10_QM850_temp.xml to xmlRefFileName: c:\appveyor\bin\E3.3DRoutingBridge\Mainline\E3.BridgeTest\TestFiles\Harness_Update_QM850\Results\2023-10-10--12-15-15_Import_10_QM850_ref_temp.xml&#xD;
[12:15:15]  Test Import_10_QM850 for Tool 3DRoutingBridge equal to Reference!&#xD;
[12:15:15]  Der Test  3DRoutingBridge is successful!&#xD;
[12:15:15]  TestCleanup</StdOut>
      </Output>
    </UnitTestResult>
    <UnitTestResult executionId="af93711a-07bc-45f7-8eea-d06661f8b140" testId="3dbf2562-ad57-434b-a0f8-33e698f27898" testName="Designer_31705" computerName="EF62BDD48EA6" duration="00:00:29.9824130" startTime="2023-10-10T12:01:56.6549267+02:00" endTime="2023-10-10T12:02:26.6419167+02:00" testType="13cdc9d9-ddb5-4fa4-a97d-d965ccfc6d4b" outcome="Passed" testListId="8c84fa94-04c1-424b-9868-57a2d4851a1d" relativeResultsDirectory="af93711a-07bc-45f7-8eea-d06661f8b140">
      <Output>
        <StdOut>[12:01:56]  Start Test: Designer_31705&#xD;
[12:01:57]  Defining database with name KundenDB...
Given paths are: c:\appveyor\bin\E3.3DRoutingBridge\Mainline\E3.BridgeTest\TestFiles\Designer-31705\..\Databases\LAM\QA_SQL_ACCESS_26Jun.mdb	c:\appveyor\bin\E3.3DRoutingBridge\Mainline\E3.BridgeTest\TestFiles\Designer-31705\..\Databases\LAM\QA_SQL_ACCESS_26Jun.mdb	c:\appveyor\bin\E3.3DRoutingBridge\Mainline\E3.BridgeTest\TestFiles\Designer-31705\..\Databases\LAM\QA_SQL_ACCESS_26Jun.mdb&#xD;
[12:02:01]  Setting current database KundenDB&#xD;
[12:02:02]  E3 open project&#xD;
[12:02:02]  Doing repaircheck...&#xD;
[12:02:04]  Tool startet: c:\\appveyor\\bin\\E3.3DRoutingBridge\\Mainline\\bin\\Release\\x64\\E3_3DRoutingBridge.exe&#xD;
[12:02:25]  Tool fertig: c:\\appveyor\\bin\\E3.3DRoutingBridge\\Mainline\\bin\\Release\\x64\\E3_3DRoutingBridge.exe : ExitCode 0&#xD;
[12:02:26]  test.NAME: Designer_31705&#xD;
[12:02:26]  preparedOutputFile: c:\appveyor\bin\E3.3DRoutingBridge\Mainline\E3.BridgeTest\TestFiles\Designer-31705\Results\2023-10-10--12-02-26_Designer_31705_temp.xml&#xD;
[12:02:26]  preparedReferenceFile: c:\appveyor\bin\E3.3DRoutingBridge\Mainline\E3.BridgeTest\TestFiles\Designer-31705\Results\2023-10-10--12-02-26_Designer_31705_ref_temp.xml&#xD;
[12:02:26]  Start CompareXML: xmlExportFileName: c:\appveyor\bin\E3.3DRoutingBridge\Mainline\E3.BridgeTest\TestFiles\Designer-31705\Results\2023-10-10--12-02-26_Designer_31705_temp.xml to xmlRefFileName: c:\appveyor\bin\E3.3DRoutingBridge\Mainline\E3.BridgeTest\TestFiles\Designer-31705\Results\2023-10-10--12-02-26_Designer_31705_ref_temp.xml&#xD;
[12:02:26]  Test Designer_31705 for Tool 3DRoutingBridge equal to Reference!&#xD;
[12:02:26]  Der Test  3DRoutingBridge is successful!&#xD;
[12:02:26]  TestCleanup</StdOut>
      </Output>
    </UnitTestResult>
    <UnitTestResult executionId="d4aa7a4f-a290-424d-8d9f-bc82cbacefd4" testId="9546deca-80f9-4ff3-9327-369bd6c03a7b" testName="AttributeUpdateTest_A_B_initial_QM829" computerName="EF62BDD48EA6" duration="00:00:19.6063297" startTime="2023-10-10T11:59:53.5406960+02:00" endTime="2023-10-10T12:00:23.2536986+02:00" testType="13cdc9d9-ddb5-4fa4-a97d-d965ccfc6d4b" outcome="Passed" testListId="8c84fa94-04c1-424b-9868-57a2d4851a1d" relativeResultsDirectory="d4aa7a4f-a290-424d-8d9f-bc82cbacefd4">
      <Output>
        <StdOut>TotalProcessorTime: 00:00:00.0625000&#xD;
ProcessName: E3.series&#xD;
StartTime: 10/10/2023 11:59:54 AM&#xD;
Cnt: 1&#xD;
TotalProcessorTime: 00:00:01.1562500&#xD;
ProcessName: E3.series&#xD;
StartTime: 10/10/2023 11:59:54 AM&#xD;
Cnt: 2&#xD;
TotalProcessorTime: 00:00:02.1093750&#xD;
ProcessName: E3.series&#xD;
StartTime: 10/10/2023 11:59:54 AM&#xD;
Cnt: 3&#xD;
TotalProcessorTime: 00:00:03.0468750&#xD;
ProcessName: E3.series&#xD;
StartTime: 10/10/2023 11:59:54 AM&#xD;
Cnt: 4&#xD;
---Start: 10.10.2023 - 12:00:03---
&#xD;
[12:00:03]  Using E3 2024 (Oct 10 2023 11:15:29 Build 25.00-Develop @264160) 64 Bit, ProcessId 32864&#xD;
[12:00:03]  Start Test: AttributeUpdateTest_A_B_initial_QM829&#xD;
[12:00:04]  Defining database with name Standard...
Given paths are: c:\appveyor\bin\E3.3DRoutingBridge\Mainline\E3.BridgeTest\TestFiles\AttributeUpdateTest_A_B_initial_QM829\..\Databases\Standard\Components.mdb	c:\appveyor\bin\E3.3DRoutingBridge\Mainline\E3.BridgeTest\TestFiles\AttributeUpdateTest_A_B_initial_QM829\..\Databases\Standard\symbols.mdb	c:\appveyor\bin\E3.3DRoutingBridge\Mainline\E3.BridgeTest\TestFiles\AttributeUpdateTest_A_B_initial_QM829\..\Databases\Standard\Configuration.mdb&#xD;
[12:00:08]  Setting current database Standard&#xD;
[12:00:09]  E3 open project&#xD;
[12:00:09]  Doing repaircheck...&#xD;
[12:00:10]  Tool startet: c:\\appveyor\\bin\\E3.3DRoutingBridge\\Mainline\\bin\\Release\\x64\\E3_3DRoutingBridge.exe&#xD;
[12:00:22]  Tool fertig: c:\\appveyor\\bin\\E3.3DRoutingBridge\\Mainline\\bin\\Release\\x64\\E3_3DRoutingBridge.exe : ExitCode 0&#xD;
[12:00:22]  test.NAME: AttributeUpdateTest_A_B_initial_QM829&#xD;
[12:00:22]  preparedOutputFile: c:\appveyor\bin\E3.3DRoutingBridge\Mainline\E3.BridgeTest\TestFiles\AttributeUpdateTest_A_B_initial_QM829\Results\2023-10-10--12-00-22_AttributeUpdateTest_A_B_initial_QM829_temp.xml&#xD;
[12:00:22]  preparedReferenceFile: c:\appveyor\bin\E3.3DRoutingBridge\Mainline\E3.BridgeTest\TestFiles\AttributeUpdateTest_A_B_initial_QM829\Results\2023-10-10--12-00-22_AttributeUpdateTest_A_B_initial_QM829_ref_temp.xml&#xD;
[12:00:22]  Start CompareXML: xmlExportFileName: c:\appveyor\bin\E3.3DRoutingBridge\Mainline\E3.BridgeTest\TestFiles\AttributeUpdateTest_A_B_initial_QM829\Results\2023-10-10--12-00-22_AttributeUpdateTest_A_B_initial_QM829_temp.xml to xmlRefFileName: c:\appveyor\bin\E3.3DRoutingBridge\Mainline\E3.BridgeTest\TestFiles\AttributeUpdateTest_A_B_initial_QM829\Results\2023-10-10--12-00-22_AttributeUpdateTest_A_B_initial_QM829_ref_temp.xml&#xD;
[12:00:23]  Test AttributeUpdateTest_A_B_initial_QM829 for Tool 3DRoutingBridge equal to Reference!&#xD;
[12:00:23]  Der Test  3DRoutingBridge is successful!&#xD;
[12:00:23]  TestCleanup</StdOut>
      </Output>
    </UnitTestResult>
    <UnitTestResult executionId="4a3758da-4a93-4f96-b27d-a4e775ce6207" testId="f11714b3-d191-4d5c-9b24-90a5f886d549" testName="Designer_42795_HarnessImport_BundleStructInXML_SameCoreNames" computerName="EF62BDD48EA6" duration="00:00:00.1426238" startTime="2023-10-10T12:13:29.7750242+02:00" endTime="2023-10-10T12:13:29.9203879+02:00" testType="13cdc9d9-ddb5-4fa4-a97d-d965ccfc6d4b" outcome="Failed" testListId="8c84fa94-04c1-424b-9868-57a2d4851a1d" relativeResultsDirectory="4a3758da-4a93-4f96-b27d-a4e775ce6207">
      <Output>
        <StdOut>[12:13:29]  Start Test: Designer_42795_HarnessImport_BundleStructInXML_SameCoreNames&#xD;
[12:13:29]  TestCleanup</StdOut>
        <ErrorInfo>
          <Message>Assert.IsTrue failed. lockfile already there: Designer_42795_HarnessImport_BundleStructInXML_SameCoreNames</Message>
          <StackTrace>   at E3.BridgeTest.RoutingBridge.HarnessImport.Designer_42795_HarnessImport_BundleStructInXML_SameCoreNames() in C:\appveyor\bin\E3.3DRoutingBridge\Mainline\E3.BridgeTest\Generate_Tests_From_Definition.cs:line 1332&#xD;
</StackTrace>
        </ErrorInfo>
      </Output>
    </UnitTestResult>
    <UnitTestResult executionId="f8eb755c-8488-4bb0-8c33-665b2598bbf4" testId="2d80274b-64e6-4775-a592-80f09837c11b" testName="Update_11_QM850" computerName="EF62BDD48EA6" duration="00:00:19.0056163" startTime="2023-10-10T12:27:55.7408957+02:00" endTime="2023-10-10T12:28:14.7480926+02:00" testType="13cdc9d9-ddb5-4fa4-a97d-d965ccfc6d4b" outcome="Passed" testListId="8c84fa94-04c1-424b-9868-57a2d4851a1d" relativeResultsDirectory="f8eb755c-8488-4bb0-8c33-665b2598bbf4">
      <Output>
        <StdOut>[12:27:55]  Start Test: Update_11_QM850&#xD;
[12:27:57]  Defining database with name TestDB...
Given paths are: c:\appveyor\bin\E3.3DRoutingBridge\Mainline\E3.BridgeTest\TestFiles\Harness_Update_QM850\..\Databases\TestDB\Components.mdb	c:\appveyor\bin\E3.3DRoutingBridge\Mainline\E3.BridgeTest\TestFiles\Harness_Update_QM850\..\Databases\TestDB\symbols.mdb	c:\appveyor\bin\E3.3DRoutingBridge\Mainline\E3.BridgeTest\TestFiles\Harness_Update_QM850\..\Databases\TestDB\Configuration.mdb&#xD;
[12:28:01]  Setting current database TestDB&#xD;
[12:28:02]  E3 open project&#xD;
[12:28:03]  Doing repaircheck...&#xD;
[12:28:03]  Tool startet: c:\\appveyor\\bin\\E3.3DRoutingBridge\\Mainline\\bin\\Release\\x64\\E3_3DRoutingBridge.exe&#xD;
[12:28:14]  Tool fertig: c:\\appveyor\\bin\\E3.3DRoutingBridge\\Mainline\\bin\\Release\\x64\\E3_3DRoutingBridge.exe : ExitCode 0&#xD;
[12:28:14]  test.NAME: Update_11_QM850&#xD;
[12:28:14]  preparedOutputFile: c:\appveyor\bin\E3.3DRoutingBridge\Mainline\E3.BridgeTest\TestFiles\Harness_Update_QM850\Results\2023-10-10--12-28-14_Update_11_QM850_temp.xml&#xD;
[12:28:14]  preparedReferenceFile: c:\appveyor\bin\E3.3DRoutingBridge\Mainline\E3.BridgeTest\TestFiles\Harness_Update_QM850\Results\2023-10-10--12-28-14_Update_11_QM850_ref_temp.xml&#xD;
[12:28:14]  Start CompareXML: xmlExportFileName: c:\appveyor\bin\E3.3DRoutingBridge\Mainline\E3.BridgeTest\TestFiles\Harness_Update_QM850\Results\2023-10-10--12-28-14_Update_11_QM850_temp.xml to xmlRefFileName: c:\appveyor\bin\E3.3DRoutingBridge\Mainline\E3.BridgeTest\TestFiles\Harness_Update_QM850\Results\2023-10-10--12-28-14_Update_11_QM850_ref_temp.xml&#xD;
[12:28:14]  Test Update_11_QM850 for Tool 3DRoutingBridge equal to Reference!&#xD;
[12:28:14]  Der Test  3DRoutingBridge is successful!&#xD;
[12:28:14]  TestCleanup</StdOut>
      </Output>
    </UnitTestResult>
    <UnitTestResult executionId="b6842736-46f8-4a0f-9311-73c26eec8bcc" testId="e9ffe55b-c25c-4216-bdec-0040afd98fd7" testName="Template_DynSymbole_1_QM850" computerName="EF62BDD48EA6" duration="00:00:39.7943764" startTime="2023-10-10T12:15:51.8585227+02:00" endTime="2023-10-10T12:16:31.6549174+02:00" testType="13cdc9d9-ddb5-4fa4-a97d-d965ccfc6d4b" outcome="Passed" testListId="8c84fa94-04c1-424b-9868-57a2d4851a1d" relativeResultsDirectory="b6842736-46f8-4a0f-9311-73c26eec8bcc">
      <Output>
        <StdOut>[12:15:51]  Start Test: Template_DynSymbole_1_QM850&#xD;
[12:15:54]  Defining database with name TestDB...
Given paths are: c:\appveyor\bin\E3.3DRoutingBridge\Mainline\E3.BridgeTest\TestFiles\Harness_Update_QM850\..\Databases\TestDB\Components.mdb	c:\appveyor\bin\E3.3DRoutingBridge\Mainline\E3.BridgeTest\TestFiles\Harness_Update_QM850\..\Databases\TestDB\symbols.mdb	c:\appveyor\bin\E3.3DRoutingBridge\Mainline\E3.BridgeTest\TestFiles\Harness_Update_QM850\..\Databases\TestDB\Configuration.mdb&#xD;
[12:15:58]  Setting current database TestDB&#xD;
[12:15:59]  E3 open project&#xD;
[12:15:59]  Doing repaircheck...&#xD;
[12:15:59]  Tool startet: c:\\appveyor\\bin\\E3.3DRoutingBridge\\Mainline\\bin\\Release\\x64\\E3_3DRoutingBridge.exe&#xD;
[12:16:12]  Tool fertig: c:\\appveyor\\bin\\E3.3DRoutingBridge\\Mainline\\bin\\Release\\x64\\E3_3DRoutingBridge.exe : ExitCode 0&#xD;
[12:16:12]  test.NAME: Template_DynSymbole_1_QM850&#xD;
[12:16:12]  preparedOutputFile: c:\appveyor\bin\E3.3DRoutingBridge\Mainline\E3.BridgeTest\TestFiles\Harness_Update_QM850\Results\2023-10-10--12-16-12_Template_DynSymbole_1_QM850_temp.xml&#xD;
[12:16:12]  preparedReferenceFile: c:\appveyor\bin\E3.3DRoutingBridge\Mainline\E3.BridgeTest\TestFiles\Harness_Update_QM850\Results\2023-10-10--12-16-12_Template_DynSymbole_1_QM850_ref_temp.xml&#xD;
[12:16:12]  Start CompareXML: xmlExportFileName: c:\appveyor\bin\E3.3DRoutingBridge\Mainline\E3.BridgeTest\TestFiles\Harness_Update_QM850\Results\2023-10-10--12-16-12_Template_DynSymbole_1_QM850_temp.xml to xmlRefFileName: c:\appveyor\bin\E3.3DRoutingBridge\Mainline\E3.BridgeTest\TestFiles\Harness_Update_QM850\Results\2023-10-10--12-16-12_Template_DynSymbole_1_QM850_ref_temp.xml&#xD;
[12:16:12]  Test Template_DynSymbole_1_QM850 for Tool 3DRoutingBridge equal to Reference!&#xD;
[12:16:12]  Der Test  3DRoutingBridge is successful!&#xD;
[12:16:12]  Project is successful saved: c:\appveyor\bin\E3.3DRoutingBridge\Mainline\E3.BridgeTest\TestFiles\Harness_Update_QM850\Results\2023-10-10--12-16-12_Template_DynSymbole_1_QM850_temp.e3s&#xD;
[12:16:15]  Defining database with name TestDB...
Given paths are: c:\appveyor\bin\E3.3DRoutingBridge\Mainline\E3.BridgeTest\TestFiles\Harness_Update_QM850\..\Databases\TestDB\Components.mdb	c:\appveyor\bin\E3.3DRoutingBridge\Mainline\E3.BridgeTest\TestFiles\Harness_Update_QM850\..\Databases\TestDB\symbols.mdb	c:\appveyor\bin\E3.3DRoutingBridge\Mainline\E3.BridgeTest\TestFiles\Harness_Update_QM850\..\Databases\TestDB\Configuration.mdb&#xD;
[12:16:19]  Setting current database TestDB&#xD;
[12:16:19]  E3 open project&#xD;
[12:16:20]  Doing repaircheck...&#xD;
[12:16:20]  Tool startet: c:\\appveyor\\bin\\E3.3DRoutingBridge\\Mainline\\bin\\Release\\x64\\E3_3DRoutingBridge.exe&#xD;
[12:16:31]  Tool fertig: c:\\appveyor\\bin\\E3.3DRoutingBridge\\Mainline\\bin\\Release\\x64\\E3_3DRoutingBridge.exe : ExitCode 0&#xD;
[12:16:31]  test.NAME: Template_DynSymbole_1_QM850&#xD;
[12:16:31]  preparedOutputFile: c:\appveyor\bin\E3.3DRoutingBridge\Mainline\E3.BridgeTest\TestFiles\Harness_Update_QM850\Results\2023-10-10--12-16-31_Template_DynSymbole_1_QM850_temp.xml&#xD;
[12:16:31]  preparedReferenceFile: c:\appveyor\bin\E3.3DRoutingBridge\Mainline\E3.BridgeTest\TestFiles\Harness_Update_QM850\Results\2023-10-10--12-16-31_Template_DynSymbole_1_QM850_ref_temp.xml&#xD;
[12:16:31]  Start CompareXML: xmlExportFileName: c:\appveyor\bin\E3.3DRoutingBridge\Mainline\E3.BridgeTest\TestFiles\Harness_Update_QM850\Results\2023-10-10--12-16-31_Template_DynSymbole_1_QM850_temp.xml to xmlRefFileName: c:\appveyor\bin\E3.3DRoutingBridge\Mainline\E3.BridgeTest\TestFiles\Harness_Update_QM850\Results\2023-10-10--12-16-31_Template_DynSymbole_1_QM850_ref_temp.xml&#xD;
[12:16:31]  Test Template_DynSymbole_1_QM850 for Tool 3DRoutingBridge equal to Reference!&#xD;
[12:16:31]  Der Test  3DRoutingBridge is successful!&#xD;
[12:16:31]  TestCleanup</StdOut>
      </Output>
    </UnitTestResult>
    <UnitTestResult executionId="c845a239-bb7c-4d7a-8184-0a33db992915" testId="75354e3e-f2c7-4084-acbe-fcdd12141c7b" testName="Template_DynSymbole_4_QM850" computerName="EF62BDD48EA6" duration="00:00:38.1030907" startTime="2023-10-10T12:17:50.1138865+02:00" endTime="2023-10-10T12:18:28.2181183+02:00" testType="13cdc9d9-ddb5-4fa4-a97d-d965ccfc6d4b" outcome="Passed" testListId="8c84fa94-04c1-424b-9868-57a2d4851a1d" relativeResultsDirectory="c845a239-bb7c-4d7a-8184-0a33db992915">
      <Output>
        <StdOut>[12:17:50]  Start Test: Template_DynSymbole_4_QM850&#xD;
[12:17:52]  Defining database with name TestDB...
Given paths are: c:\appveyor\bin\E3.3DRoutingBridge\Mainline\E3.BridgeTest\TestFiles\Harness_Update_QM850\..\Databases\TestDB\Components.mdb	c:\appveyor\bin\E3.3DRoutingBridge\Mainline\E3.BridgeTest\TestFiles\Harness_Update_QM850\..\Databases\TestDB\symbols.mdb	c:\appveyor\bin\E3.3DRoutingBridge\Mainline\E3.BridgeTest\TestFiles\Harness_Update_QM850\..\Databases\TestDB\Configuration.mdb&#xD;
[12:17:56]  Setting current database TestDB&#xD;
[12:17:56]  E3 open project&#xD;
[12:17:57]  Doing repaircheck...&#xD;
[12:17:57]  Tool startet: c:\\appveyor\\bin\\E3.3DRoutingBridge\\Mainline\\bin\\Release\\x64\\E3_3DRoutingBridge.exe&#xD;
[12:18:09]  Tool fertig: c:\\appveyor\\bin\\E3.3DRoutingBridge\\Mainline\\bin\\Release\\x64\\E3_3DRoutingBridge.exe : ExitCode 0&#xD;
[12:18:09]  test.NAME: Template_DynSymbole_4_QM850&#xD;
[12:18:09]  preparedOutputFile: c:\appveyor\bin\E3.3DRoutingBridge\Mainline\E3.BridgeTest\TestFiles\Harness_Update_QM850\Results\2023-10-10--12-18-09_Template_DynSymbole_4_QM850_temp.xml&#xD;
[12:18:09]  preparedReferenceFile: c:\appveyor\bin\E3.3DRoutingBridge\Mainline\E3.BridgeTest\TestFiles\Harness_Update_QM850\Results\2023-10-10--12-18-09_Template_DynSymbole_4_QM850_ref_temp.xml&#xD;
[12:18:09]  Start CompareXML: xmlExportFileName: c:\appveyor\bin\E3.3DRoutingBridge\Mainline\E3.BridgeTest\TestFiles\Harness_Update_QM850\Results\2023-10-10--12-18-09_Template_DynSymbole_4_QM850_temp.xml to xmlRefFileName: c:\appveyor\bin\E3.3DRoutingBridge\Mainline\E3.BridgeTest\TestFiles\Harness_Update_QM850\Results\2023-10-10--12-18-09_Template_DynSymbole_4_QM850_ref_temp.xml&#xD;
[12:18:09]  Test Template_DynSymbole_4_QM850 for Tool 3DRoutingBridge equal to Reference!&#xD;
[12:18:09]  Der Test  3DRoutingBridge is successful!&#xD;
[12:18:09]  Project is successful saved: c:\appveyor\bin\E3.3DRoutingBridge\Mainline\E3.BridgeTest\TestFiles\Harness_Update_QM850\Results\2023-10-10--12-18-09_Template_DynSymbole_4_QM850_temp.e3s&#xD;
[12:18:12]  Defining database with name TestDB...
Given paths are: c:\appveyor\bin\E3.3DRoutingBridge\Mainline\E3.BridgeTest\TestFiles\Harness_Update_QM850\..\Databases\TestDB\Components.mdb	c:\appveyor\bin\E3.3DRoutingBridge\Mainline\E3.BridgeTest\TestFiles\Harness_Update_QM850\..\Databases\TestDB\symbols.mdb	c:\appveyor\bin\E3.3DRoutingBridge\Mainline\E3.BridgeTest\TestFiles\Harness_Update_QM850\..\Databases\TestDB\Configuration.mdb&#xD;
[12:18:16]  Setting current database TestDB&#xD;
[12:18:17]  E3 open project&#xD;
[12:18:17]  Doing repaircheck...&#xD;
[12:18:17]  Tool startet: c:\\appveyor\\bin\\E3.3DRoutingBridge\\Mainline\\bin\\Release\\x64\\E3_3DRoutingBridge.exe&#xD;
[12:18:27]  Tool fertig: c:\\appveyor\\bin\\E3.3DRoutingBridge\\Mainline\\bin\\Release\\x64\\E3_3DRoutingBridge.exe : ExitCode 0&#xD;
[12:18:27]  test.NAME: Template_DynSymbole_4_QM850&#xD;
[12:18:27]  preparedOutputFile: c:\appveyor\bin\E3.3DRoutingBridge\Mainline\E3.BridgeTest\TestFiles\Harness_Update_QM850\Results\2023-10-10--12-18-27_Template_DynSymbole_4_QM850_temp.xml&#xD;
[12:18:27]  preparedReferenceFile: c:\appveyor\bin\E3.3DRoutingBridge\Mainline\E3.BridgeTest\TestFiles\Harness_Update_QM850\Results\2023-10-10--12-18-27_Template_DynSymbole_4_QM850_ref_temp.xml&#xD;
[12:18:27]  Start CompareXML: xmlExportFileName: c:\appveyor\bin\E3.3DRoutingBridge\Mainline\E3.BridgeTest\TestFiles\Harness_Update_QM850\Results\2023-10-10--12-18-27_Template_DynSymbole_4_QM850_temp.xml to xmlRefFileName: c:\appveyor\bin\E3.3DRoutingBridge\Mainline\E3.BridgeTest\TestFiles\Harness_Update_QM850\Results\2023-10-10--12-18-27_Template_DynSymbole_4_QM850_ref_temp.xml&#xD;
[12:18:27]  Test Template_DynSymbole_4_QM850 for Tool 3DRoutingBridge equal to Reference!&#xD;
[12:18:27]  Der Test  3DRoutingBridge is successful!&#xD;
[12:18:28]  TestCleanup</StdOut>
      </Output>
    </UnitTestResult>
    <UnitTestResult executionId="aae14fc9-2271-43ad-ac25-0dee5c79659f" testId="ae8f0ff5-dc78-49f5-b8b9-f70e8a8c6173" testName="Designer_31894" computerName="EF62BDD48EA6" duration="00:00:38.1937448" startTime="2023-10-10T12:02:52.7835833+02:00" endTime="2023-10-10T12:03:30.9759909+02:00" testType="13cdc9d9-ddb5-4fa4-a97d-d965ccfc6d4b" outcome="Passed" testListId="8c84fa94-04c1-424b-9868-57a2d4851a1d" relativeResultsDirectory="aae14fc9-2271-43ad-ac25-0dee5c79659f">
      <Output>
        <StdOut>[12:02:52]  Start Test: Designer_31894&#xD;
[12:02:53]  Defining database with name Standard...
Given paths are: c:\appveyor\bin\E3.3DRoutingBridge\Mainline\E3.BridgeTest\TestFiles\Designer-31894\..\Databases\Standard\Components.mdb	c:\appveyor\bin\E3.3DRoutingBridge\Mainline\E3.BridgeTest\TestFiles\Designer-31894\..\Databases\Standard\symbols.mdb	c:\appveyor\bin\E3.3DRoutingBridge\Mainline\E3.BridgeTest\TestFiles\Designer-31894\..\Databases\Standard\Configuration.mdb&#xD;
[12:02:58]  Setting current database Standard&#xD;
[12:02:59]  E3 open project&#xD;
[12:02:59]  Doing repaircheck...&#xD;
[12:03:00]  Tool startet: c:\\appveyor\\bin\\E3.3DRoutingBridge\\Mainline\\bin\\Release\\x64\\E3_3DRoutingBridge.exe&#xD;
[12:03:30]  Tool fertig: c:\\appveyor\\bin\\E3.3DRoutingBridge\\Mainline\\bin\\Release\\x64\\E3_3DRoutingBridge.exe : ExitCode 0&#xD;
[12:03:30]  test.NAME: Designer_31894&#xD;
[12:03:30]  preparedOutputFile: c:\appveyor\bin\E3.3DRoutingBridge\Mainline\E3.BridgeTest\TestFiles\Designer-31894\Results\2023-10-10--12-03-30_Designer_31894_temp.xml&#xD;
[12:03:30]  preparedReferenceFile: c:\appveyor\bin\E3.3DRoutingBridge\Mainline\E3.BridgeTest\TestFiles\Designer-31894\Results\2023-10-10--12-03-30_Designer_31894_ref_temp.xml&#xD;
[12:03:30]  Start CompareXML: xmlExportFileName: c:\appveyor\bin\E3.3DRoutingBridge\Mainline\E3.BridgeTest\TestFiles\Designer-31894\Results\2023-10-10--12-03-30_Designer_31894_temp.xml to xmlRefFileName: c:\appveyor\bin\E3.3DRoutingBridge\Mainline\E3.BridgeTest\TestFiles\Designer-31894\Results\2023-10-10--12-03-30_Designer_31894_ref_temp.xml&#xD;
[12:03:30]  Test Designer_31894 for Tool 3DRoutingBridge equal to Reference!&#xD;
[12:03:30]  Der Test  3DRoutingBridge is successful!&#xD;
[12:03:30]  TestCleanup</StdOut>
      </Output>
    </UnitTestResult>
    <UnitTestResult executionId="b72d47d7-d51c-4dce-b48a-94c8205c98dc" testId="7281308e-6a22-46bd-a355-e9c30182ad73" testName="Template_DynSymbole_3_QM850" computerName="EF62BDD48EA6" duration="00:00:39.0424910" startTime="2023-10-10T12:17:11.0676947+02:00" endTime="2023-10-10T12:17:50.1128986+02:00" testType="13cdc9d9-ddb5-4fa4-a97d-d965ccfc6d4b" outcome="Passed" testListId="8c84fa94-04c1-424b-9868-57a2d4851a1d" relativeResultsDirectory="b72d47d7-d51c-4dce-b48a-94c8205c98dc">
      <Output>
        <StdOut>[12:17:11]  Start Test: Template_DynSymbole_3_QM850&#xD;
[12:17:13]  Defining database with name TestDB...
Given paths are: c:\appveyor\bin\E3.3DRoutingBridge\Mainline\E3.BridgeTest\TestFiles\Harness_Update_QM850\..\Databases\TestDB\Components.mdb	c:\appveyor\bin\E3.3DRoutingBridge\Mainline\E3.BridgeTest\TestFiles\Harness_Update_QM850\..\Databases\TestDB\symbols.mdb	c:\appveyor\bin\E3.3DRoutingBridge\Mainline\E3.BridgeTest\TestFiles\Harness_Update_QM850\..\Databases\TestDB\Configuration.mdb&#xD;
[12:17:17]  Setting current database TestDB&#xD;
[12:17:17]  E3 open project&#xD;
[12:17:18]  Doing repaircheck...&#xD;
[12:17:18]  Tool startet: c:\\appveyor\\bin\\E3.3DRoutingBridge\\Mainline\\bin\\Release\\x64\\E3_3DRoutingBridge.exe&#xD;
[12:17:30]  Tool fertig: c:\\appveyor\\bin\\E3.3DRoutingBridge\\Mainline\\bin\\Release\\x64\\E3_3DRoutingBridge.exe : ExitCode 0&#xD;
[12:17:31]  test.NAME: Template_DynSymbole_3_QM850&#xD;
[12:17:31]  preparedOutputFile: c:\appveyor\bin\E3.3DRoutingBridge\Mainline\E3.BridgeTest\TestFiles\Harness_Update_QM850\Results\2023-10-10--12-17-30_Template_DynSymbole_3_QM850_temp.xml&#xD;
[12:17:31]  preparedReferenceFile: c:\appveyor\bin\E3.3DRoutingBridge\Mainline\E3.BridgeTest\TestFiles\Harness_Update_QM850\Results\2023-10-10--12-17-30_Template_DynSymbole_3_QM850_ref_temp.xml&#xD;
[12:17:31]  Start CompareXML: xmlExportFileName: c:\appveyor\bin\E3.3DRoutingBridge\Mainline\E3.BridgeTest\TestFiles\Harness_Update_QM850\Results\2023-10-10--12-17-30_Template_DynSymbole_3_QM850_temp.xml to xmlRefFileName: c:\appveyor\bin\E3.3DRoutingBridge\Mainline\E3.BridgeTest\TestFiles\Harness_Update_QM850\Results\2023-10-10--12-17-30_Template_DynSymbole_3_QM850_ref_temp.xml&#xD;
[12:17:31]  Test Template_DynSymbole_3_QM850 for Tool 3DRoutingBridge equal to Reference!&#xD;
[12:17:31]  Der Test  3DRoutingBridge is successful!&#xD;
[12:17:31]  Project is successful saved: c:\appveyor\bin\E3.3DRoutingBridge\Mainline\E3.BridgeTest\TestFiles\Harness_Update_QM850\Results\2023-10-10--12-17-31_Template_DynSymbole_3_QM850_temp.e3s&#xD;
[12:17:33]  Defining database with name TestDB...
Given paths are: c:\appveyor\bin\E3.3DRoutingBridge\Mainline\E3.BridgeTest\TestFiles\Harness_Update_QM850\..\Databases\TestDB\Components.mdb	c:\appveyor\bin\E3.3DRoutingBridge\Mainline\E3.BridgeTest\TestFiles\Harness_Update_QM850\..\Databases\TestDB\symbols.mdb	c:\appveyor\bin\E3.3DRoutingBridge\Mainline\E3.BridgeTest\TestFiles\Harness_Update_QM850\..\Databases\TestDB\Configuration.mdb&#xD;
[12:17:37]  Setting current database TestDB&#xD;
[12:17:38]  E3 open project&#xD;
[12:17:38]  Doing repaircheck...&#xD;
[12:17:38]  Tool startet: c:\\appveyor\\bin\\E3.3DRoutingBridge\\Mainline\\bin\\Release\\x64\\E3_3DRoutingBridge.exe&#xD;
[12:17:49]  Tool fertig: c:\\appveyor\\bin\\E3.3DRoutingBridge\\Mainline\\bin\\Release\\x64\\E3_3DRoutingBridge.exe : ExitCode 0&#xD;
[12:17:49]  test.NAME: Template_DynSymbole_3_QM850&#xD;
[12:17:49]  preparedOutputFile: c:\appveyor\bin\E3.3DRoutingBridge\Mainline\E3.BridgeTest\TestFiles\Harness_Update_QM850\Results\2023-10-10--12-17-49_Template_DynSymbole_3_QM850_temp.xml&#xD;
[12:17:49]  preparedReferenceFile: c:\appveyor\bin\E3.3DRoutingBridge\Mainline\E3.BridgeTest\TestFiles\Harness_Update_QM850\Results\2023-10-10--12-17-49_Template_DynSymbole_3_QM850_ref_temp.xml&#xD;
[12:17:49]  Start CompareXML: xmlExportFileName: c:\appveyor\bin\E3.3DRoutingBridge\Mainline\E3.BridgeTest\TestFiles\Harness_Update_QM850\Results\2023-10-10--12-17-49_Template_DynSymbole_3_QM850_temp.xml to xmlRefFileName: c:\appveyor\bin\E3.3DRoutingBridge\Mainline\E3.BridgeTest\TestFiles\Harness_Update_QM850\Results\2023-10-10--12-17-49_Template_DynSymbole_3_QM850_ref_temp.xml&#xD;
[12:17:49]  Test Template_DynSymbole_3_QM850 for Tool 3DRoutingBridge equal to Reference!&#xD;
[12:17:49]  Der Test  3DRoutingBridge is successful!&#xD;
[12:17:49]  TestCleanup</StdOut>
      </Output>
    </UnitTestResult>
    <UnitTestResult executionId="5863e281-407e-4fb7-976f-4bf9fb0020c4" testId="5fb08932-2603-4f06-9731-d524a7cf13cb" testName="Template_DynSymbole_9_QM850" computerName="EF62BDD48EA6" duration="00:00:43.3851722" startTime="2023-10-10T12:21:11.5387350+02:00" endTime="2023-10-10T12:21:54.9228839+02:00" testType="13cdc9d9-ddb5-4fa4-a97d-d965ccfc6d4b" outcome="Passed" testListId="8c84fa94-04c1-424b-9868-57a2d4851a1d" relativeResultsDirectory="5863e281-407e-4fb7-976f-4bf9fb0020c4">
      <Output>
        <StdOut>[12:21:11]  Start Test: Template_DynSymbole_9_QM850&#xD;
[12:21:13]  Defining database with name TestDB...
Given paths are: c:\appveyor\bin\E3.3DRoutingBridge\Mainline\E3.BridgeTest\TestFiles\Harness_Update_QM850\..\Databases\TestDB\Components.mdb	c:\appveyor\bin\E3.3DRoutingBridge\Mainline\E3.BridgeTest\TestFiles\Harness_Update_QM850\..\Databases\TestDB\symbols.mdb	c:\appveyor\bin\E3.3DRoutingBridge\Mainline\E3.BridgeTest\TestFiles\Harness_Update_QM850\..\Databases\TestDB\Configuration.mdb&#xD;
[12:21:17]  Setting current database TestDB&#xD;
[12:21:18]  E3 open project&#xD;
[12:21:18]  Doing repaircheck...&#xD;
[12:21:19]  Tool startet: c:\\appveyor\\bin\\E3.3DRoutingBridge\\Mainline\\bin\\Release\\x64\\E3_3DRoutingBridge.exe&#xD;
[12:21:33]  Tool fertig: c:\\appveyor\\bin\\E3.3DRoutingBridge\\Mainline\\bin\\Release\\x64\\E3_3DRoutingBridge.exe : ExitCode 0&#xD;
[12:21:33]  test.NAME: Template_DynSymbole_9_QM850&#xD;
[12:21:33]  preparedOutputFile: c:\appveyor\bin\E3.3DRoutingBridge\Mainline\E3.BridgeTest\TestFiles\Harness_Update_QM850\Results\2023-10-10--12-21-33_Template_DynSymbole_9_QM850_temp.xml&#xD;
[12:21:33]  preparedReferenceFile: c:\appveyor\bin\E3.3DRoutingBridge\Mainline\E3.BridgeTest\TestFiles\Harness_Update_QM850\Results\2023-10-10--12-21-33_Template_DynSymbole_9_QM850_ref_temp.xml&#xD;
[12:21:33]  Start CompareXML: xmlExportFileName: c:\appveyor\bin\E3.3DRoutingBridge\Mainline\E3.BridgeTest\TestFiles\Harness_Update_QM850\Results\2023-10-10--12-21-33_Template_DynSymbole_9_QM850_temp.xml to xmlRefFileName: c:\appveyor\bin\E3.3DRoutingBridge\Mainline\E3.BridgeTest\TestFiles\Harness_Update_QM850\Results\2023-10-10--12-21-33_Template_DynSymbole_9_QM850_ref_temp.xml&#xD;
[12:21:33]  Test Template_DynSymbole_9_QM850 for Tool 3DRoutingBridge equal to Reference!&#xD;
[12:21:33]  Der Test  3DRoutingBridge is successful!&#xD;
[12:21:34]  Project is successful saved: c:\appveyor\bin\E3.3DRoutingBridge\Mainline\E3.BridgeTest\TestFiles\Harness_Update_QM850\Results\2023-10-10--12-21-33_Template_DynSymbole_9_QM850_temp.e3s&#xD;
[12:21:36]  Defining database with name TestDB...
Given paths are: c:\appveyor\bin\E3.3DRoutingBridge\Mainline\E3.BridgeTest\TestFiles\Harness_Update_QM850\..\Databases\TestDB\Components.mdb	c:\appveyor\bin\E3.3DRoutingBridge\Mainline\E3.BridgeTest\TestFiles\Harness_Update_QM850\..\Databases\TestDB\symbols.mdb	c:\appveyor\bin\E3.3DRoutingBridge\Mainline\E3.BridgeTest\TestFiles\Harness_Update_QM850\..\Databases\TestDB\Configuration.mdb&#xD;
[12:21:40]  Setting current database TestDB&#xD;
[12:21:41]  E3 open project&#xD;
[12:21:41]  Doing repaircheck...&#xD;
[12:21:41]  Tool startet: c:\\appveyor\\bin\\E3.3DRoutingBridge\\Mainline\\bin\\Release\\x64\\E3_3DRoutingBridge.exe&#xD;
[12:21:54]  Tool fertig: c:\\appveyor\\bin\\E3.3DRoutingBridge\\Mainline\\bin\\Release\\x64\\E3_3DRoutingBridge.exe : ExitCode 0&#xD;
[12:21:54]  test.NAME: Template_DynSymbole_9_QM850&#xD;
[12:21:54]  preparedOutputFile: c:\appveyor\bin\E3.3DRoutingBridge\Mainline\E3.BridgeTest\TestFiles\Harness_Update_QM850\Results\2023-10-10--12-21-54_Template_DynSymbole_9_QM850_temp.xml&#xD;
[12:21:54]  preparedReferenceFile: c:\appveyor\bin\E3.3DRoutingBridge\Mainline\E3.BridgeTest\TestFiles\Harness_Update_QM850\Results\2023-10-10--12-21-54_Template_DynSymbole_9_QM850_ref_temp.xml&#xD;
[12:21:54]  Start CompareXML: xmlExportFileName: c:\appveyor\bin\E3.3DRoutingBridge\Mainline\E3.BridgeTest\TestFiles\Harness_Update_QM850\Results\2023-10-10--12-21-54_Template_DynSymbole_9_QM850_temp.xml to xmlRefFileName: c:\appveyor\bin\E3.3DRoutingBridge\Mainline\E3.BridgeTest\TestFiles\Harness_Update_QM850\Results\2023-10-10--12-21-54_Template_DynSymbole_9_QM850_ref_temp.xml&#xD;
[12:21:54]  Test Template_DynSymbole_9_QM850 for Tool 3DRoutingBridge equal to Reference!&#xD;
[12:21:54]  Der Test  3DRoutingBridge is successful!&#xD;
[12:21:54]  TestCleanup</StdOut>
      </Output>
    </UnitTestResult>
    <UnitTestResult executionId="fdb71621-58e8-4eaf-a009-f77f4abbd1ff" testId="bfd69151-a4dc-44f4-a07a-2ca7adb3b0f8" testName="AttributeUpdateTest_C_dazu_QM829" computerName="EF62BDD48EA6" duration="00:00:17.1782468" startTime="2023-10-10T12:00:57.8457984+02:00" endTime="2023-10-10T12:01:15.0399035+02:00" testType="13cdc9d9-ddb5-4fa4-a97d-d965ccfc6d4b" outcome="Passed" testListId="8c84fa94-04c1-424b-9868-57a2d4851a1d" relativeResultsDirectory="fdb71621-58e8-4eaf-a009-f77f4abbd1ff">
      <Output>
        <StdOut>[12:00:57]  Start Test: AttributeUpdateTest_C_dazu_QM829&#xD;
[12:00:58]  Defining database with name Standard...
Given paths are: c:\appveyor\bin\E3.3DRoutingBridge\Mainline\E3.BridgeTest\TestFiles\AttributeUpdateTest_C_dazu_QM829\..\Databases\Standard\Components.mdb	c:\appveyor\bin\E3.3DRoutingBridge\Mainline\E3.BridgeTest\TestFiles\AttributeUpdateTest_C_dazu_QM829\..\Databases\Standard\symbols.mdb	c:\appveyor\bin\E3.3DRoutingBridge\Mainline\E3.BridgeTest\TestFiles\AttributeUpdateTest_C_dazu_QM829\..\Databases\Standard\Configuration.mdb&#xD;
[12:01:02]  Setting current database Standard&#xD;
[12:01:03]  E3 open project&#xD;
[12:01:04]  Doing repaircheck...&#xD;
[12:01:04]  Tool startet: c:\\appveyor\\bin\\E3.3DRoutingBridge\\Mainline\\bin\\Release\\x64\\E3_3DRoutingBridge.exe&#xD;
[12:01:14]  Tool fertig: c:\\appveyor\\bin\\E3.3DRoutingBridge\\Mainline\\bin\\Release\\x64\\E3_3DRoutingBridge.exe : ExitCode 0&#xD;
[12:01:14]  test.NAME: AttributeUpdateTest_C_dazu_QM829&#xD;
[12:01:14]  preparedOutputFile: c:\appveyor\bin\E3.3DRoutingBridge\Mainline\E3.BridgeTest\TestFiles\AttributeUpdateTest_C_dazu_QM829\Results\2023-10-10--12-01-14_AttributeUpdateTest_C_dazu_QM829_temp.xml&#xD;
[12:01:14]  preparedReferenceFile: c:\appveyor\bin\E3.3DRoutingBridge\Mainline\E3.BridgeTest\TestFiles\AttributeUpdateTest_C_dazu_QM829\Results\2023-10-10--12-01-14_AttributeUpdateTest_C_dazu_QM829_ref_temp.xml&#xD;
[12:01:14]  Start CompareXML: xmlExportFileName: c:\appveyor\bin\E3.3DRoutingBridge\Mainline\E3.BridgeTest\TestFiles\AttributeUpdateTest_C_dazu_QM829\Results\2023-10-10--12-01-14_AttributeUpdateTest_C_dazu_QM829_temp.xml to xmlRefFileName: c:\appveyor\bin\E3.3DRoutingBridge\Mainline\E3.BridgeTest\TestFiles\AttributeUpdateTest_C_dazu_QM829\Results\2023-10-10--12-01-14_AttributeUpdateTest_C_dazu_QM829_ref_temp.xml&#xD;
[12:01:14]  Test AttributeUpdateTest_C_dazu_QM829 for Tool 3DRoutingBridge equal to Reference!&#xD;
[12:01:14]  Der Test  3DRoutingBridge is successful!&#xD;
[12:01:14]  TestCleanup</StdOut>
      </Output>
    </UnitTestResult>
    <UnitTestResult executionId="14509781-2822-4879-a5d6-7f520cb6ff17" testId="e73065c7-1dd7-4b17-afdc-4b70137bbcb9" testName="Designer_36701" computerName="EF62BDD48EA6" duration="00:00:39.6722039" startTime="2023-10-10T12:05:19.1095566+02:00" endTime="2023-10-10T12:05:58.7764062+02:00" testType="13cdc9d9-ddb5-4fa4-a97d-d965ccfc6d4b" outcome="Passed" testListId="8c84fa94-04c1-424b-9868-57a2d4851a1d" relativeResultsDirectory="14509781-2822-4879-a5d6-7f520cb6ff17">
      <Output>
        <StdOut>[12:05:19]  Start Test: Designer_36701&#xD;
[12:05:20]  Defining database with name Standard...
Given paths are: c:\appveyor\bin\E3.3DRoutingBridge\Mainline\E3.BridgeTest\TestFiles\Designer-36701\..\Databases\Standard\Components.mdb	c:\appveyor\bin\E3.3DRoutingBridge\Mainline\E3.BridgeTest\TestFiles\Designer-36701\..\Databases\Standard\symbols.mdb	c:\appveyor\bin\E3.3DRoutingBridge\Mainline\E3.BridgeTest\TestFiles\Designer-36701\..\Databases\Standard\Configuration.mdb&#xD;
[12:05:24]  Setting current database Standard&#xD;
[12:05:25]  E3 open project&#xD;
[12:05:26]  Doing repaircheck...&#xD;
[12:05:26]  Tool startet: c:\\appveyor\\bin\\E3.3DRoutingBridge\\Mainline\\bin\\Release\\x64\\E3_3DRoutingBridge.exe&#xD;
[12:05:56]  Tool fertig: c:\\appveyor\\bin\\E3.3DRoutingBridge\\Mainline\\bin\\Release\\x64\\E3_3DRoutingBridge.exe : ExitCode 0&#xD;
[12:05:58]  test.NAME: Designer_36701&#xD;
[12:05:58]  preparedOutputFile: c:\appveyor\bin\E3.3DRoutingBridge\Mainline\E3.BridgeTest\TestFiles\Designer-36701\Results\2023-10-10--12-05-57_Designer_36701_temp.xml&#xD;
[12:05:58]  preparedReferenceFile: c:\appveyor\bin\E3.3DRoutingBridge\Mainline\E3.BridgeTest\TestFiles\Designer-36701\Results\2023-10-10--12-05-57_Designer_36701_ref_temp.xml&#xD;
[12:05:58]  Start CompareXML: xmlExportFileName: c:\appveyor\bin\E3.3DRoutingBridge\Mainline\E3.BridgeTest\TestFiles\Designer-36701\Results\2023-10-10--12-05-57_Designer_36701_temp.xml to xmlRefFileName: c:\appveyor\bin\E3.3DRoutingBridge\Mainline\E3.BridgeTest\TestFiles\Designer-36701\Results\2023-10-10--12-05-57_Designer_36701_ref_temp.xml&#xD;
[12:05:58]  Test Designer_36701 for Tool 3DRoutingBridge equal to Reference!&#xD;
[12:05:58]  Der Test  3DRoutingBridge is successful!&#xD;
[12:05:58]  TestCleanup</StdOut>
      </Output>
    </UnitTestResult>
    <UnitTestResult executionId="be361a84-6721-4e0c-b92b-f214ea84d8a7" testId="b1f3ec32-fdda-4852-ab42-4402576fe947" testName="Designer_42554_Import" computerName="EF62BDD48EA6" duration="00:00:20.2100609" startTime="2023-10-10T12:12:49.7968781+02:00" endTime="2023-10-10T12:13:10.0162257+02:00" testType="13cdc9d9-ddb5-4fa4-a97d-d965ccfc6d4b" outcome="Passed" testListId="8c84fa94-04c1-424b-9868-57a2d4851a1d" relativeResultsDirectory="be361a84-6721-4e0c-b92b-f214ea84d8a7">
      <Output>
        <StdOut>[12:12:49]  Start Test: Designer_42554_Import&#xD;
[12:12:50]  Defining database with name Standard...
Given paths are: c:\appveyor\bin\E3.3DRoutingBridge\Mainline\E3.BridgeTest\TestFiles\Designer-42554_Import\..\Databases\Standard\Components.mdb	c:\appveyor\bin\E3.3DRoutingBridge\Mainline\E3.BridgeTest\TestFiles\Designer-42554_Import\..\Databases\Standard\symbols.mdb	c:\appveyor\bin\E3.3DRoutingBridge\Mainline\E3.BridgeTest\TestFiles\Designer-42554_Import\..\Databases\Standard\Configuration.mdb&#xD;
[12:12:54]  Setting current database Standard&#xD;
[12:12:55]  E3 open project&#xD;
[12:12:56]  Doing repaircheck...&#xD;
[12:12:56]  Tool startet: c:\\appveyor\\bin\\E3.3DRoutingBridge\\Mainline\\bin\\Release\\x64\\E3_3DRoutingBridge.exe&#xD;
[12:13:09]  Tool fertig: c:\\appveyor\\bin\\E3.3DRoutingBridge\\Mainline\\bin\\Release\\x64\\E3_3DRoutingBridge.exe : ExitCode 0&#xD;
[12:13:09]  test.NAME: Designer_42554_Import&#xD;
[12:13:09]  preparedOutputFile: c:\appveyor\bin\E3.3DRoutingBridge\Mainline\E3.BridgeTest\TestFiles\Designer-42554_Import\Results\2023-10-10--12-13-09_Designer_42554_Import_temp.xml&#xD;
[12:13:09]  preparedReferenceFile: c:\appveyor\bin\E3.3DRoutingBridge\Mainline\E3.BridgeTest\TestFiles\Designer-42554_Import\Results\2023-10-10--12-13-09_Designer_42554_Import_ref_temp.xml&#xD;
[12:13:09]  Start CompareXML: xmlExportFileName: c:\appveyor\bin\E3.3DRoutingBridge\Mainline\E3.BridgeTest\TestFiles\Designer-42554_Import\Results\2023-10-10--12-13-09_Designer_42554_Import_temp.xml to xmlRefFileName: c:\appveyor\bin\E3.3DRoutingBridge\Mainline\E3.BridgeTest\TestFiles\Designer-42554_Import\Results\2023-10-10--12-13-09_Designer_42554_Import_ref_temp.xml&#xD;
[12:13:09]  Test Designer_42554_Import for Tool 3DRoutingBridge equal to Reference!&#xD;
[12:13:09]  Der Test  3DRoutingBridge is successful!&#xD;
[12:13:09]  TestCleanup</StdOut>
      </Output>
    </UnitTestResult>
    <UnitTestResult executionId="750b6b4a-3d54-4140-86da-2f0bbceb375f" testId="3b8a2844-aebd-454b-9edc-0aaf99fbd663" testName="ProtectionsImport_7_QM850" computerName="EF62BDD48EA6" duration="00:00:37.2779640" startTime="2023-10-10T12:25:34.3268969+02:00" endTime="2023-10-10T12:26:11.6001504+02:00" testType="13cdc9d9-ddb5-4fa4-a97d-d965ccfc6d4b" outcome="Passed" testListId="8c84fa94-04c1-424b-9868-57a2d4851a1d" relativeResultsDirectory="750b6b4a-3d54-4140-86da-2f0bbceb375f">
      <Output>
        <StdOut>[12:25:34]  Start Test: ProtectionsImport_7_QM850&#xD;
[12:25:35]  Defining database with name Standard...
Given paths are: c:\appveyor\bin\E3.3DRoutingBridge\Mainline\E3.BridgeTest\TestFiles\Harness_Update_QM850\..\Databases\Standard\Components.mdb	c:\appveyor\bin\E3.3DRoutingBridge\Mainline\E3.BridgeTest\TestFiles\Harness_Update_QM850\..\Databases\Standard\symbols.mdb	c:\appveyor\bin\E3.3DRoutingBridge\Mainline\E3.BridgeTest\TestFiles\Harness_Update_QM850\..\Databases\Standard\Configuration.mdb&#xD;
[12:25:39]  Setting current database Standard&#xD;
[12:25:40]  E3 open project&#xD;
[12:25:40]  Doing repaircheck...&#xD;
[12:25:40]  Tool startet: c:\\appveyor\\bin\\E3.3DRoutingBridge\\Mainline\\bin\\Release\\x64\\E3_3DRoutingBridge.exe&#xD;
[12:25:53]  Tool fertig: c:\\appveyor\\bin\\E3.3DRoutingBridge\\Mainline\\bin\\Release\\x64\\E3_3DRoutingBridge.exe : ExitCode 0&#xD;
[12:25:53]  test.NAME: ProtectionsImport_7_QM850&#xD;
[12:25:53]  preparedOutputFile: c:\appveyor\bin\E3.3DRoutingBridge\Mainline\E3.BridgeTest\TestFiles\Harness_Update_QM850\Results\2023-10-10--12-25-53_ProtectionsImport_7_QM850_temp.xml&#xD;
[12:25:53]  preparedReferenceFile: c:\appveyor\bin\E3.3DRoutingBridge\Mainline\E3.BridgeTest\TestFiles\Harness_Update_QM850\Results\2023-10-10--12-25-53_ProtectionsImport_7_QM850_ref_temp.xml&#xD;
[12:25:53]  Start CompareXML: xmlExportFileName: c:\appveyor\bin\E3.3DRoutingBridge\Mainline\E3.BridgeTest\TestFiles\Harness_Update_QM850\Results\2023-10-10--12-25-53_ProtectionsImport_7_QM850_temp.xml to xmlRefFileName: c:\appveyor\bin\E3.3DRoutingBridge\Mainline\E3.BridgeTest\TestFiles\Harness_Update_QM850\Results\2023-10-10--12-25-53_ProtectionsImport_7_QM850_ref_temp.xml&#xD;
[12:25:53]  Test ProtectionsImport_7_QM850 for Tool 3DRoutingBridge equal to Reference!&#xD;
[12:25:53]  Der Test  3DRoutingBridge is successful!&#xD;
[12:25:54]  Project is successful saved: c:\appveyor\bin\E3.3DRoutingBridge\Mainline\E3.BridgeTest\TestFiles\Harness_Update_QM850\Results\2023-10-10--12-25-53_ProtectionsImport_7_QM850_temp.e3s&#xD;
[12:25:55]  Defining database with name Standard...
Given paths are: c:\appveyor\bin\E3.3DRoutingBridge\Mainline\E3.BridgeTest\TestFiles\Harness_Update_QM850\..\Databases\Standard\Components.mdb	c:\appveyor\bin\E3.3DRoutingBridge\Mainline\E3.BridgeTest\TestFiles\Harness_Update_QM850\..\Databases\Standard\symbols.mdb	c:\appveyor\bin\E3.3DRoutingBridge\Mainline\E3.BridgeTest\TestFiles\Harness_Update_QM850\..\Databases\Standard\Configuration.mdb&#xD;
[12:25:58]  Setting current database Standard&#xD;
[12:25:59]  E3 open project&#xD;
[12:26:00]  Doing repaircheck...&#xD;
[12:26:00]  Tool startet: c:\\appveyor\\bin\\E3.3DRoutingBridge\\Mainline\\bin\\Release\\x64\\E3_3DRoutingBridge.exe&#xD;
[12:26:11]  Tool fertig: c:\\appveyor\\bin\\E3.3DRoutingBridge\\Mainline\\bin\\Release\\x64\\E3_3DRoutingBridge.exe : ExitCode 0&#xD;
[12:26:11]  test.NAME: ProtectionsImport_7_QM850&#xD;
[12:26:11]  preparedOutputFile: c:\appveyor\bin\E3.3DRoutingBridge\Mainline\E3.BridgeTest\TestFiles\Harness_Update_QM850\Results\2023-10-10--12-26-11_ProtectionsImport_7_QM850_temp.xml&#xD;
[12:26:11]  preparedReferenceFile: c:\appveyor\bin\E3.3DRoutingBridge\Mainline\E3.BridgeTest\TestFiles\Harness_Update_QM850\Results\2023-10-10--12-26-11_ProtectionsImport_7_QM850_ref_temp.xml&#xD;
[12:26:11]  Start CompareXML: xmlExportFileName: c:\appveyor\bin\E3.3DRoutingBridge\Mainline\E3.BridgeTest\TestFiles\Harness_Update_QM850\Results\2023-10-10--12-26-11_ProtectionsImport_7_QM850_temp.xml to xmlRefFileName: c:\appveyor\bin\E3.3DRoutingBridge\Mainline\E3.BridgeTest\TestFiles\Harness_Update_QM850\Results\2023-10-10--12-26-11_ProtectionsImport_7_QM850_ref_temp.xml&#xD;
[12:26:11]  Test ProtectionsImport_7_QM850 for Tool 3DRoutingBridge equal to Reference!&#xD;
[12:26:11]  Der Test  3DRoutingBridge is successful!&#xD;
[12:26:11]  TestCleanup</StdOut>
      </Output>
    </UnitTestResult>
    <UnitTestResult executionId="279c90c5-37b3-41d8-af5e-7b61fcee6286" testId="1949c49b-a87f-466e-8572-d2a7135f2600" testName="ProtectionsImport_8_QM850" computerName="EF62BDD48EA6" duration="00:00:41.8895626" startTime="2023-10-10T12:26:11.6001504+02:00" endTime="2023-10-10T12:26:53.4906796+02:00" testType="13cdc9d9-ddb5-4fa4-a97d-d965ccfc6d4b" outcome="Passed" testListId="8c84fa94-04c1-424b-9868-57a2d4851a1d" relativeResultsDirectory="279c90c5-37b3-41d8-af5e-7b61fcee6286">
      <Output>
        <StdOut>[12:26:11]  Start Test: ProtectionsImport_8_QM850&#xD;
[12:26:12]  Defining database with name Standard...
Given paths are: c:\appveyor\bin\E3.3DRoutingBridge\Mainline\E3.BridgeTest\TestFiles\Harness_Update_QM850\..\Databases\Standard\Components.mdb	c:\appveyor\bin\E3.3DRoutingBridge\Mainline\E3.BridgeTest\TestFiles\Harness_Update_QM850\..\Databases\Standard\symbols.mdb	c:\appveyor\bin\E3.3DRoutingBridge\Mainline\E3.BridgeTest\TestFiles\Harness_Update_QM850\..\Databases\Standard\Configuration.mdb&#xD;
[12:26:16]  Setting current database Standard&#xD;
[12:26:17]  E3 open project&#xD;
[12:26:17]  Doing repaircheck...&#xD;
[12:26:17]  Tool startet: c:\\appveyor\\bin\\E3.3DRoutingBridge\\Mainline\\bin\\Release\\x64\\E3_3DRoutingBridge.exe&#xD;
[12:26:32]  Tool fertig: c:\\appveyor\\bin\\E3.3DRoutingBridge\\Mainline\\bin\\Release\\x64\\E3_3DRoutingBridge.exe : ExitCode 0&#xD;
[12:26:33]  test.NAME: ProtectionsImport_8_QM850&#xD;
[12:26:33]  preparedOutputFile: c:\appveyor\bin\E3.3DRoutingBridge\Mainline\E3.BridgeTest\TestFiles\Harness_Update_QM850\Results\2023-10-10--12-26-33_ProtectionsImport_8_QM850_temp.xml&#xD;
[12:26:33]  preparedReferenceFile: c:\appveyor\bin\E3.3DRoutingBridge\Mainline\E3.BridgeTest\TestFiles\Harness_Update_QM850\Results\2023-10-10--12-26-33_ProtectionsImport_8_QM850_ref_temp.xml&#xD;
[12:26:33]  Start CompareXML: xmlExportFileName: c:\appveyor\bin\E3.3DRoutingBridge\Mainline\E3.BridgeTest\TestFiles\Harness_Update_QM850\Results\2023-10-10--12-26-33_ProtectionsImport_8_QM850_temp.xml to xmlRefFileName: c:\appveyor\bin\E3.3DRoutingBridge\Mainline\E3.BridgeTest\TestFiles\Harness_Update_QM850\Results\2023-10-10--12-26-33_ProtectionsImport_8_QM850_ref_temp.xml&#xD;
[12:26:33]  Test ProtectionsImport_8_QM850 for Tool 3DRoutingBridge equal to Reference!&#xD;
[12:26:33]  Der Test  3DRoutingBridge is successful!&#xD;
[12:26:33]  Project is successful saved: c:\appveyor\bin\E3.3DRoutingBridge\Mainline\E3.BridgeTest\TestFiles\Harness_Update_QM850\Results\2023-10-10--12-26-33_ProtectionsImport_8_QM850_temp.e3s&#xD;
[12:26:34]  Defining database with name Standard...
Given paths are: c:\appveyor\bin\E3.3DRoutingBridge\Mainline\E3.BridgeTest\TestFiles\Harness_Update_QM850\..\Databases\Standard\Components.mdb	c:\appveyor\bin\E3.3DRoutingBridge\Mainline\E3.BridgeTest\TestFiles\Harness_Update_QM850\..\Databases\Standard\symbols.mdb	c:\appveyor\bin\E3.3DRoutingBridge\Mainline\E3.BridgeTest\TestFiles\Harness_Update_QM850\..\Databases\Standard\Configuration.mdb&#xD;
[12:26:38]  Setting current database Standard&#xD;
[12:26:39]  E3 open project&#xD;
[12:26:39]  Doing repaircheck...&#xD;
[12:26:40]  Tool startet: c:\\appveyor\\bin\\E3.3DRoutingBridge\\Mainline\\bin\\Release\\x64\\E3_3DRoutingBridge.exe&#xD;
[12:26:52]  Tool fertig: c:\\appveyor\\bin\\E3.3DRoutingBridge\\Mainline\\bin\\Release\\x64\\E3_3DRoutingBridge.exe : ExitCode 0&#xD;
[12:26:53]  test.NAME: ProtectionsImport_8_QM850&#xD;
[12:26:53]  preparedOutputFile: c:\appveyor\bin\E3.3DRoutingBridge\Mainline\E3.BridgeTest\TestFiles\Harness_Update_QM850\Results\2023-10-10--12-26-53_ProtectionsImport_8_QM850_temp.xml&#xD;
[12:26:53]  preparedReferenceFile: c:\appveyor\bin\E3.3DRoutingBridge\Mainline\E3.BridgeTest\TestFiles\Harness_Update_QM850\Results\2023-10-10--12-26-53_ProtectionsImport_8_QM850_ref_temp.xml&#xD;
[12:26:53]  Start CompareXML: xmlExportFileName: c:\appveyor\bin\E3.3DRoutingBridge\Mainline\E3.BridgeTest\TestFiles\Harness_Update_QM850\Results\2023-10-10--12-26-53_ProtectionsImport_8_QM850_temp.xml to xmlRefFileName: c:\appveyor\bin\E3.3DRoutingBridge\Mainline\E3.BridgeTest\TestFiles\Harness_Update_QM850\Results\2023-10-10--12-26-53_ProtectionsImport_8_QM850_ref_temp.xml&#xD;
[12:26:53]  Test ProtectionsImport_8_QM850 for Tool 3DRoutingBridge equal to Reference!&#xD;
[12:26:53]  Der Test  3DRoutingBridge is successful!&#xD;
[12:26:53]  TestCleanup</StdOut>
      </Output>
    </UnitTestResult>
    <UnitTestResult executionId="ab584684-7245-4131-b932-c660e0a43ec6" testId="efdf0b15-95ed-4926-9ff0-5e162d2dbdb8" testName="Designer_42795_HarnessImport_BundleStructInXML" computerName="EF62BDD48EA6" duration="00:00:19.7553956" startTime="2023-10-10T12:13:10.0162257+02:00" endTime="2023-10-10T12:13:29.7750242+02:00" testType="13cdc9d9-ddb5-4fa4-a97d-d965ccfc6d4b" outcome="Passed" testListId="8c84fa94-04c1-424b-9868-57a2d4851a1d" relativeResultsDirectory="ab584684-7245-4131-b932-c660e0a43ec6">
      <Output>
        <StdOut>[12:13:10]  Start Test: Designer_42795_HarnessImport_BundleStructInXML&#xD;
[12:13:10]  Defining database with name Standard...
Given paths are: c:\appveyor\bin\E3.3DRoutingBridge\Mainline\E3.BridgeTest\TestFiles\Designer-42795_HarnessImport\..\Databases\Standard\Components.mdb	c:\appveyor\bin\E3.3DRoutingBridge\Mainline\E3.BridgeTest\TestFiles\Designer-42795_HarnessImport\..\Databases\Standard\symbols.mdb	c:\appveyor\bin\E3.3DRoutingBridge\Mainline\E3.BridgeTest\TestFiles\Designer-42795_HarnessImport\..\Databases\Standard\Configuration.mdb&#xD;
[12:13:15]  Setting current database Standard&#xD;
[12:13:16]  E3 open project&#xD;
[12:13:17]  Doing repaircheck...&#xD;
[12:13:17]  Tool startet: c:\\appveyor\\bin\\E3.3DRoutingBridge\\Mainline\\bin\\Release\\x64\\E3_3DRoutingBridge.exe&#xD;
[12:13:28]  Tool fertig: c:\\appveyor\\bin\\E3.3DRoutingBridge\\Mainline\\bin\\Release\\x64\\E3_3DRoutingBridge.exe : ExitCode 0&#xD;
[12:13:29]  test.NAME: Designer_42795_HarnessImport_BundleStructInXML&#xD;
[12:13:29]  preparedOutputFile: c:\appveyor\bin\E3.3DRoutingBridge\Mainline\E3.BridgeTest\TestFiles\Designer-42795_HarnessImport\Results1\2023-10-10--12-13-29_Designer_42795_HarnessImport_BundleStructInXML_temp.xml&#xD;
[12:13:29]  preparedReferenceFile: c:\appveyor\bin\E3.3DRoutingBridge\Mainline\E3.BridgeTest\TestFiles\Designer-42795_HarnessImport\Results1\2023-10-10--12-13-29_Designer_42795_HarnessImport_BundleStructInXML_ref_temp.xml&#xD;
[12:13:29]  Start CompareXML: xmlExportFileName: c:\appveyor\bin\E3.3DRoutingBridge\Mainline\E3.BridgeTest\TestFiles\Designer-42795_HarnessImport\Results1\2023-10-10--12-13-29_Designer_42795_HarnessImport_BundleStructInXML_temp.xml to xmlRefFileName: c:\appveyor\bin\E3.3DRoutingBridge\Mainline\E3.BridgeTest\TestFiles\Designer-42795_HarnessImport\Results1\2023-10-10--12-13-29_Designer_42795_HarnessImport_BundleStructInXML_ref_temp.xml&#xD;
[12:13:29]  Test Designer_42795_HarnessImport_BundleStructInXML for Tool 3DRoutingBridge equal to Reference!&#xD;
[12:13:29]  Der Test  3DRoutingBridge is successful!&#xD;
[12:13:29]  TestCleanup</StdOut>
      </Output>
    </UnitTestResult>
    <UnitTestResult executionId="95f5d2fd-4f57-4839-bbd0-ce557f7c68c6" testId="c463ef65-9c74-4d0b-8e28-4b518be6b331" testName="ProtectionsImport_2_QM850" computerName="EF62BDD48EA6" duration="00:00:35.7684331" startTime="2023-10-10T12:22:31.8157578+02:00" endTime="2023-10-10T12:23:07.5882077+02:00" testType="13cdc9d9-ddb5-4fa4-a97d-d965ccfc6d4b" outcome="Passed" testListId="8c84fa94-04c1-424b-9868-57a2d4851a1d" relativeResultsDirectory="95f5d2fd-4f57-4839-bbd0-ce557f7c68c6">
      <Output>
        <StdOut>[12:22:31]  Start Test: ProtectionsImport_2_QM850&#xD;
[12:22:32]  Defining database with name Standard...
Given paths are: c:\appveyor\bin\E3.3DRoutingBridge\Mainline\E3.BridgeTest\TestFiles\Harness_Update_QM850\..\Databases\Standard\Components.mdb	c:\appveyor\bin\E3.3DRoutingBridge\Mainline\E3.BridgeTest\TestFiles\Harness_Update_QM850\..\Databases\Standard\symbols.mdb	c:\appveyor\bin\E3.3DRoutingBridge\Mainline\E3.BridgeTest\TestFiles\Harness_Update_QM850\..\Databases\Standard\Configuration.mdb&#xD;
[12:22:36]  Setting current database Standard&#xD;
[12:22:37]  E3 open project&#xD;
[12:22:37]  Doing repaircheck...&#xD;
[12:22:37]  Tool startet: c:\\appveyor\\bin\\E3.3DRoutingBridge\\Mainline\\bin\\Release\\x64\\E3_3DRoutingBridge.exe&#xD;
[12:22:50]  Tool fertig: c:\\appveyor\\bin\\E3.3DRoutingBridge\\Mainline\\bin\\Release\\x64\\E3_3DRoutingBridge.exe : ExitCode 0&#xD;
[12:22:50]  test.NAME: ProtectionsImport_2_QM850&#xD;
[12:22:50]  preparedOutputFile: c:\appveyor\bin\E3.3DRoutingBridge\Mainline\E3.BridgeTest\TestFiles\Harness_Update_QM850\Results\2023-10-10--12-22-50_ProtectionsImport_2_QM850_temp.xml&#xD;
[12:22:50]  preparedReferenceFile: c:\appveyor\bin\E3.3DRoutingBridge\Mainline\E3.BridgeTest\TestFiles\Harness_Update_QM850\Results\2023-10-10--12-22-50_ProtectionsImport_2_QM850_ref_temp.xml&#xD;
[12:22:50]  Start CompareXML: xmlExportFileName: c:\appveyor\bin\E3.3DRoutingBridge\Mainline\E3.BridgeTest\TestFiles\Harness_Update_QM850\Results\2023-10-10--12-22-50_ProtectionsImport_2_QM850_temp.xml to xmlRefFileName: c:\appveyor\bin\E3.3DRoutingBridge\Mainline\E3.BridgeTest\TestFiles\Harness_Update_QM850\Results\2023-10-10--12-22-50_ProtectionsImport_2_QM850_ref_temp.xml&#xD;
[12:22:50]  Test ProtectionsImport_2_QM850 for Tool 3DRoutingBridge equal to Reference!&#xD;
[12:22:50]  Der Test  3DRoutingBridge is successful!&#xD;
[12:22:50]  Project is successful saved: c:\appveyor\bin\E3.3DRoutingBridge\Mainline\E3.BridgeTest\TestFiles\Harness_Update_QM850\Results\2023-10-10--12-22-50_ProtectionsImport_2_QM850_temp.e3s&#xD;
[12:22:51]  Defining database with name Standard...
Given paths are: c:\appveyor\bin\E3.3DRoutingBridge\Mainline\E3.BridgeTest\TestFiles\Harness_Update_QM850\..\Databases\Standard\Components.mdb	c:\appveyor\bin\E3.3DRoutingBridge\Mainline\E3.BridgeTest\TestFiles\Harness_Update_QM850\..\Databases\Standard\symbols.mdb	c:\appveyor\bin\E3.3DRoutingBridge\Mainline\E3.BridgeTest\TestFiles\Harness_Update_QM850\..\Databases\Standard\Configuration.mdb&#xD;
[12:22:55]  Setting current database Standard&#xD;
[12:22:56]  E3 open project&#xD;
[12:22:56]  Doing repaircheck...&#xD;
[12:22:56]  Tool startet: c:\\appveyor\\bin\\E3.3DRoutingBridge\\Mainline\\bin\\Release\\x64\\E3_3DRoutingBridge.exe&#xD;
[12:23:07]  Tool fertig: c:\\appveyor\\bin\\E3.3DRoutingBridge\\Mainline\\bin\\Release\\x64\\E3_3DRoutingBridge.exe : ExitCode 0&#xD;
[12:23:07]  test.NAME: ProtectionsImport_2_QM850&#xD;
[12:23:07]  preparedOutputFile: c:\appveyor\bin\E3.3DRoutingBridge\Mainline\E3.BridgeTest\TestFiles\Harness_Update_QM850\Results\2023-10-10--12-23-07_ProtectionsImport_2_QM850_temp.xml&#xD;
[12:23:07]  preparedReferenceFile: c:\appveyor\bin\E3.3DRoutingBridge\Mainline\E3.BridgeTest\TestFiles\Harness_Update_QM850\Results\2023-10-10--12-23-07_ProtectionsImport_2_QM850_ref_temp.xml&#xD;
[12:23:07]  Start CompareXML: xmlExportFileName: c:\appveyor\bin\E3.3DRoutingBridge\Mainline\E3.BridgeTest\TestFiles\Harness_Update_QM850\Results\2023-10-10--12-23-07_ProtectionsImport_2_QM850_temp.xml to xmlRefFileName: c:\appveyor\bin\E3.3DRoutingBridge\Mainline\E3.BridgeTest\TestFiles\Harness_Update_QM850\Results\2023-10-10--12-23-07_ProtectionsImport_2_QM850_ref_temp.xml&#xD;
[12:23:07]  Test ProtectionsImport_2_QM850 for Tool 3DRoutingBridge equal to Reference!&#xD;
[12:23:07]  Der Test  3DRoutingBridge is successful!&#xD;
[12:23:07]  TestCleanup</StdOut>
      </Output>
    </UnitTestResult>
    <UnitTestResult executionId="4edd4a1a-9d6a-4a89-80d1-6bc54c97489e" testId="1c7df266-8b51-4d2c-bab9-521698e3adfb" testName="Designer_36705" computerName="EF62BDD48EA6" duration="00:00:40.3972925" startTime="2023-10-10T12:05:58.7764062+02:00" endTime="2023-10-10T12:06:39.1683690+02:00" testType="13cdc9d9-ddb5-4fa4-a97d-d965ccfc6d4b" outcome="Passed" testListId="8c84fa94-04c1-424b-9868-57a2d4851a1d" relativeResultsDirectory="4edd4a1a-9d6a-4a89-80d1-6bc54c97489e">
      <Output>
        <StdOut>[12:05:58]  Start Test: Designer_36705&#xD;
[12:05:59]  Defining database with name Standard...
Given paths are: c:\appveyor\bin\E3.3DRoutingBridge\Mainline\E3.BridgeTest\TestFiles\Designer-36705\..\Databases\Standard\Components.mdb	c:\appveyor\bin\E3.3DRoutingBridge\Mainline\E3.BridgeTest\TestFiles\Designer-36705\..\Databases\Standard\symbols.mdb	c:\appveyor\bin\E3.3DRoutingBridge\Mainline\E3.BridgeTest\TestFiles\Designer-36705\..\Databases\Standard\Configuration.mdb&#xD;
[12:06:04]  Setting current database Standard&#xD;
[12:06:05]  E3 open project&#xD;
[12:06:07]  Doing repaircheck...&#xD;
[12:06:07]  Tool startet: c:\\appveyor\\bin\\E3.3DRoutingBridge\\Mainline\\bin\\Release\\x64\\E3_3DRoutingBridge.exe&#xD;
[12:06:37]  Tool fertig: c:\\appveyor\\bin\\E3.3DRoutingBridge\\Mainline\\bin\\Release\\x64\\E3_3DRoutingBridge.exe : ExitCode 0&#xD;
[12:06:38]  test.NAME: Designer_36705&#xD;
[12:06:38]  preparedOutputFile: c:\appveyor\bin\E3.3DRoutingBridge\Mainline\E3.BridgeTest\TestFiles\Designer-36705\Results\2023-10-10--12-06-37_Designer_36705_temp.xml&#xD;
[12:06:38]  preparedReferenceFile: c:\appveyor\bin\E3.3DRoutingBridge\Mainline\E3.BridgeTest\TestFiles\Designer-36705\Results\2023-10-10--12-06-37_Designer_36705_ref_temp.xml&#xD;
[12:06:38]  Start CompareXML: xmlExportFileName: c:\appveyor\bin\E3.3DRoutingBridge\Mainline\E3.BridgeTest\TestFiles\Designer-36705\Results\2023-10-10--12-06-37_Designer_36705_temp.xml to xmlRefFileName: c:\appveyor\bin\E3.3DRoutingBridge\Mainline\E3.BridgeTest\TestFiles\Designer-36705\Results\2023-10-10--12-06-37_Designer_36705_ref_temp.xml&#xD;
[12:06:38]  Test Designer_36705 for Tool 3DRoutingBridge equal to Reference!&#xD;
[12:06:38]  Der Test  3DRoutingBridge is successful!&#xD;
[12:06:38]  TestCleanup</StdOut>
      </Output>
    </UnitTestResult>
    <UnitTestResult executionId="1b9780e9-e9c2-43fe-87f3-abe931b5e278" testId="454d220a-4daf-4614-8e27-15b05263c14d" testName="SpezialImport_2_QM850" computerName="EF62BDD48EA6" duration="00:00:27.9501215" startTime="2023-10-10T12:14:29.4425998+02:00" endTime="2023-10-10T12:14:57.3872001+02:00" testType="13cdc9d9-ddb5-4fa4-a97d-d965ccfc6d4b" outcome="Passed" testListId="8c84fa94-04c1-424b-9868-57a2d4851a1d" relativeResultsDirectory="1b9780e9-e9c2-43fe-87f3-abe931b5e278">
      <Output>
        <StdOut>[12:14:29]  Start Test: SpezialImport_2_QM850&#xD;
[12:14:31]  Defining database with name TestDB...
Given paths are: c:\appveyor\bin\E3.3DRoutingBridge\Mainline\E3.BridgeTest\TestFiles\Harness_Update_QM850\..\Databases\TestDB\Components.mdb	c:\appveyor\bin\E3.3DRoutingBridge\Mainline\E3.BridgeTest\TestFiles\Harness_Update_QM850\..\Databases\TestDB\symbols.mdb	c:\appveyor\bin\E3.3DRoutingBridge\Mainline\E3.BridgeTest\TestFiles\Harness_Update_QM850\..\Databases\TestDB\Configuration.mdb&#xD;
[12:14:36]  Setting current database TestDB&#xD;
[12:14:37]  E3 open project&#xD;
[12:14:37]  Doing repaircheck...&#xD;
[12:14:37]  Tool startet: c:\\appveyor\\bin\\E3.3DRoutingBridge\\Mainline\\bin\\Release\\x64\\E3_3DRoutingBridge.exe&#xD;
[12:14:57]  Tool fertig: c:\\appveyor\\bin\\E3.3DRoutingBridge\\Mainline\\bin\\Release\\x64\\E3_3DRoutingBridge.exe : ExitCode 0&#xD;
[12:14:57]  test.NAME: SpezialImport_2_QM850&#xD;
[12:14:57]  preparedOutputFile: c:\appveyor\bin\E3.3DRoutingBridge\Mainline\E3.BridgeTest\TestFiles\Harness_Update_QM850\Results\2023-10-10--12-14-57_SpezialImport_2_QM850_temp.xml&#xD;
[12:14:57]  preparedReferenceFile: c:\appveyor\bin\E3.3DRoutingBridge\Mainline\E3.BridgeTest\TestFiles\Harness_Update_QM850\Results\2023-10-10--12-14-57_SpezialImport_2_QM850_ref_temp.xml&#xD;
[12:14:57]  Start CompareXML: xmlExportFileName: c:\appveyor\bin\E3.3DRoutingBridge\Mainline\E3.BridgeTest\TestFiles\Harness_Update_QM850\Results\2023-10-10--12-14-57_SpezialImport_2_QM850_temp.xml to xmlRefFileName: c:\appveyor\bin\E3.3DRoutingBridge\Mainline\E3.BridgeTest\TestFiles\Harness_Update_QM850\Results\2023-10-10--12-14-57_SpezialImport_2_QM850_ref_temp.xml&#xD;
[12:14:57]  Test SpezialImport_2_QM850 for Tool 3DRoutingBridge equal to Reference!&#xD;
[12:14:57]  Der Test  3DRoutingBridge is successful!&#xD;
[12:14:57]  TestCleanup</StdOut>
      </Output>
    </UnitTestResult>
    <UnitTestResult executionId="affc8a9e-4a1f-4f7c-81f9-e142821d4df1" testId="aed7a9fc-19b5-41df-b738-1f3f98e2e671" testName="Designer_36808" computerName="EF62BDD48EA6" duration="00:00:16.5403512" startTime="2023-10-10T12:06:55.7038192+02:00" endTime="2023-10-10T12:07:12.2325824+02:00" testType="13cdc9d9-ddb5-4fa4-a97d-d965ccfc6d4b" outcome="Passed" testListId="8c84fa94-04c1-424b-9868-57a2d4851a1d" relativeResultsDirectory="affc8a9e-4a1f-4f7c-81f9-e142821d4df1">
      <Output>
        <StdOut>[12:06:55]  Start Test: Designer_36808&#xD;
[12:06:56]  Defining database with name Standard...
Given paths are: c:\appveyor\bin\E3.3DRoutingBridge\Mainline\E3.BridgeTest\TestFiles\Designer-36808\..\Databases\Standard\Components.mdb	c:\appveyor\bin\E3.3DRoutingBridge\Mainline\E3.BridgeTest\TestFiles\Designer-36808\..\Databases\Standard\symbols.mdb	c:\appveyor\bin\E3.3DRoutingBridge\Mainline\E3.BridgeTest\TestFiles\Designer-36808\..\Databases\Standard\Configuration.mdb&#xD;
[12:07:00]  Setting current database Standard&#xD;
[12:07:01]  E3 open project&#xD;
[12:07:01]  Doing repaircheck...&#xD;
[12:07:01]  Tool startet: c:\\appveyor\\bin\\E3.3DRoutingBridge\\Mainline\\bin\\Release\\x64\\E3_3DRoutingBridge.exe&#xD;
[12:07:11]  Tool fertig: c:\\appveyor\\bin\\E3.3DRoutingBridge\\Mainline\\bin\\Release\\x64\\E3_3DRoutingBridge.exe : ExitCode 0&#xD;
[12:07:12]  test.NAME: Designer_36808&#xD;
[12:07:12]  preparedOutputFile: c:\appveyor\bin\E3.3DRoutingBridge\Mainline\E3.BridgeTest\TestFiles\Designer-36808\Results\2023-10-10--12-07-12_Designer_36808_temp.xml&#xD;
[12:07:12]  preparedReferenceFile: c:\appveyor\bin\E3.3DRoutingBridge\Mainline\E3.BridgeTest\TestFiles\Designer-36808\Results\2023-10-10--12-07-12_Designer_36808_ref_temp.xml&#xD;
[12:07:12]  Start CompareXML: xmlExportFileName: c:\appveyor\bin\E3.3DRoutingBridge\Mainline\E3.BridgeTest\TestFiles\Designer-36808\Results\2023-10-10--12-07-12_Designer_36808_temp.xml to xmlRefFileName: c:\appveyor\bin\E3.3DRoutingBridge\Mainline\E3.BridgeTest\TestFiles\Designer-36808\Results\2023-10-10--12-07-12_Designer_36808_ref_temp.xml&#xD;
[12:07:12]  Test Designer_36808 for Tool 3DRoutingBridge equal to Reference!&#xD;
[12:07:12]  Der Test  3DRoutingBridge is successful!&#xD;
[12:07:12]  TestCleanup</StdOut>
      </Output>
    </UnitTestResult>
    <UnitTestResult executionId="2a1ad73b-c1cb-47f2-bca2-baf924b3dd63" testId="a0805fa2-3c00-4e6a-87a7-ef58bd17fac8" testName="ProtectionsImport_4_QM850" computerName="EF62BDD48EA6" duration="00:00:36.3589107" startTime="2023-10-10T12:23:43.7482760+02:00" endTime="2023-10-10T12:24:20.1104860+02:00" testType="13cdc9d9-ddb5-4fa4-a97d-d965ccfc6d4b" outcome="Passed" testListId="8c84fa94-04c1-424b-9868-57a2d4851a1d" relativeResultsDirectory="2a1ad73b-c1cb-47f2-bca2-baf924b3dd63">
      <Output>
        <StdOut>[12:23:43]  Start Test: ProtectionsImport_4_QM850&#xD;
[12:23:44]  Defining database with name Standard...
Given paths are: c:\appveyor\bin\E3.3DRoutingBridge\Mainline\E3.BridgeTest\TestFiles\Harness_Update_QM850\..\Databases\Standard\Components.mdb	c:\appveyor\bin\E3.3DRoutingBridge\Mainline\E3.BridgeTest\TestFiles\Harness_Update_QM850\..\Databases\Standard\symbols.mdb	c:\appveyor\bin\E3.3DRoutingBridge\Mainline\E3.BridgeTest\TestFiles\Harness_Update_QM850\..\Databases\Standard\Configuration.mdb&#xD;
[12:23:48]  Setting current database Standard&#xD;
[12:23:49]  E3 open project&#xD;
[12:23:49]  Doing repaircheck...&#xD;
[12:23:50]  Tool startet: c:\\appveyor\\bin\\E3.3DRoutingBridge\\Mainline\\bin\\Release\\x64\\E3_3DRoutingBridge.exe&#xD;
[12:24:02]  Tool fertig: c:\\appveyor\\bin\\E3.3DRoutingBridge\\Mainline\\bin\\Release\\x64\\E3_3DRoutingBridge.exe : ExitCode 0&#xD;
[12:24:02]  test.NAME: ProtectionsImport_4_QM850&#xD;
[12:24:02]  preparedOutputFile: c:\appveyor\bin\E3.3DRoutingBridge\Mainline\E3.BridgeTest\TestFiles\Harness_Update_QM850\Results\2023-10-10--12-24-02_ProtectionsImport_4_QM850_temp.xml&#xD;
[12:24:02]  preparedReferenceFile: c:\appveyor\bin\E3.3DRoutingBridge\Mainline\E3.BridgeTest\TestFiles\Harness_Update_QM850\Results\2023-10-10--12-24-02_ProtectionsImport_4_QM850_ref_temp.xml&#xD;
[12:24:02]  Start CompareXML: xmlExportFileName: c:\appveyor\bin\E3.3DRoutingBridge\Mainline\E3.BridgeTest\TestFiles\Harness_Update_QM850\Results\2023-10-10--12-24-02_ProtectionsImport_4_QM850_temp.xml to xmlRefFileName: c:\appveyor\bin\E3.3DRoutingBridge\Mainline\E3.BridgeTest\TestFiles\Harness_Update_QM850\Results\2023-10-10--12-24-02_ProtectionsImport_4_QM850_ref_temp.xml&#xD;
[12:24:02]  Test ProtectionsImport_4_QM850 for Tool 3DRoutingBridge equal to Reference!&#xD;
[12:24:02]  Der Test  3DRoutingBridge is successful!&#xD;
[12:24:02]  Project is successful saved: c:\appveyor\bin\E3.3DRoutingBridge\Mainline\E3.BridgeTest\TestFiles\Harness_Update_QM850\Results\2023-10-10--12-24-02_ProtectionsImport_4_QM850_temp.e3s&#xD;
[12:24:03]  Defining database with name Standard...
Given paths are: c:\appveyor\bin\E3.3DRoutingBridge\Mainline\E3.BridgeTest\TestFiles\Harness_Update_QM850\..\Databases\Standard\Components.mdb	c:\appveyor\bin\E3.3DRoutingBridge\Mainline\E3.BridgeTest\TestFiles\Harness_Update_QM850\..\Databases\Standard\symbols.mdb	c:\appveyor\bin\E3.3DRoutingBridge\Mainline\E3.BridgeTest\TestFiles\Harness_Update_QM850\..\Databases\Standard\Configuration.mdb&#xD;
[12:24:07]  Setting current database Standard&#xD;
[12:24:08]  E3 open project&#xD;
[12:24:09]  Doing repaircheck...&#xD;
[12:24:09]  Tool startet: c:\\appveyor\\bin\\E3.3DRoutingBridge\\Mainline\\bin\\Release\\x64\\E3_3DRoutingBridge.exe&#xD;
[12:24:19]  Tool fertig: c:\\appveyor\\bin\\E3.3DRoutingBridge\\Mainline\\bin\\Release\\x64\\E3_3DRoutingBridge.exe : ExitCode 0&#xD;
[12:24:19]  test.NAME: ProtectionsImport_4_QM850&#xD;
[12:24:19]  preparedOutputFile: c:\appveyor\bin\E3.3DRoutingBridge\Mainline\E3.BridgeTest\TestFiles\Harness_Update_QM850\Results\2023-10-10--12-24-19_ProtectionsImport_4_QM850_temp.xml&#xD;
[12:24:19]  preparedReferenceFile: c:\appveyor\bin\E3.3DRoutingBridge\Mainline\E3.BridgeTest\TestFiles\Harness_Update_QM850\Results\2023-10-10--12-24-19_ProtectionsImport_4_QM850_ref_temp.xml&#xD;
[12:24:19]  Start CompareXML: xmlExportFileName: c:\appveyor\bin\E3.3DRoutingBridge\Mainline\E3.BridgeTest\TestFiles\Harness_Update_QM850\Results\2023-10-10--12-24-19_ProtectionsImport_4_QM850_temp.xml to xmlRefFileName: c:\appveyor\bin\E3.3DRoutingBridge\Mainline\E3.BridgeTest\TestFiles\Harness_Update_QM850\Results\2023-10-10--12-24-19_ProtectionsImport_4_QM850_ref_temp.xml&#xD;
[12:24:19]  Test ProtectionsImport_4_QM850 for Tool 3DRoutingBridge equal to Reference!&#xD;
[12:24:19]  Der Test  3DRoutingBridge is successful!&#xD;
[12:24:19]  TestCleanup</StdOut>
      </Output>
    </UnitTestResult>
    <UnitTestResult executionId="f33b38e5-2dfe-4316-abd6-32cbf87c00ba" testId="2cfd3846-925e-47e5-97dd-f3019fa1637a" testName="Designer_38202" computerName="EF62BDD48EA6" duration="00:00:39.4324810" startTime="2023-10-10T12:10:32.6540345+02:00" endTime="2023-10-10T12:11:12.0797326+02:00" testType="13cdc9d9-ddb5-4fa4-a97d-d965ccfc6d4b" outcome="Passed" testListId="8c84fa94-04c1-424b-9868-57a2d4851a1d" relativeResultsDirectory="f33b38e5-2dfe-4316-abd6-32cbf87c00ba">
      <Output>
        <StdOut>[12:10:32]  Start Test: Designer_38202&#xD;
[12:10:33]  Defining database with name Standard...
Given paths are: c:\appveyor\bin\E3.3DRoutingBridge\Mainline\E3.BridgeTest\TestFiles\Designer-38202\..\Databases\Standard\Components.mdb	c:\appveyor\bin\E3.3DRoutingBridge\Mainline\E3.BridgeTest\TestFiles\Designer-38202\..\Databases\Standard\symbols.mdb	c:\appveyor\bin\E3.3DRoutingBridge\Mainline\E3.BridgeTest\TestFiles\Designer-38202\..\Databases\Standard\Configuration.mdb&#xD;
[12:10:37]  Setting current database Standard&#xD;
[12:10:38]  E3 open project&#xD;
[12:10:55]  Doing repaircheck...&#xD;
[12:10:59]  Tool startet: c:\\appveyor\\bin\\E3.3DRoutingBridge\\Mainline\\bin\\Release\\x64\\E3_3DRoutingBridge.exe&#xD;
[12:10:59]  Tool fertig: c:\\appveyor\\bin\\E3.3DRoutingBridge\\Mainline\\bin\\Release\\x64\\E3_3DRoutingBridge.exe : ExitCode 12&#xD;
[12:11:06]  test.NAME: Designer_38202&#xD;
[12:11:06]  preparedOutputFile: c:\appveyor\bin\E3.3DRoutingBridge\Mainline\E3.BridgeTest\TestFiles\Designer-38202\Results\2023-10-10--12-11-04_Designer_38202_temp.xml&#xD;
[12:11:06]  preparedReferenceFile: c:\appveyor\bin\E3.3DRoutingBridge\Mainline\E3.BridgeTest\TestFiles\Designer-38202\Results\2023-10-10--12-11-04_Designer_38202_ref_temp.xml&#xD;
[12:11:06]  Start CompareXML: xmlExportFileName: c:\appveyor\bin\E3.3DRoutingBridge\Mainline\E3.BridgeTest\TestFiles\Designer-38202\Results\2023-10-10--12-11-04_Designer_38202_temp.xml to xmlRefFileName: c:\appveyor\bin\E3.3DRoutingBridge\Mainline\E3.BridgeTest\TestFiles\Designer-38202\Results\2023-10-10--12-11-04_Designer_38202_ref_temp.xml&#xD;
[12:11:11]  Test Designer_38202 for Tool 3DRoutingBridge equal to Reference!&#xD;
[12:11:11]  Der Test  3DRoutingBridge is successful!&#xD;
[12:11:11]  TestCleanup</StdOut>
      </Output>
    </UnitTestResult>
    <UnitTestResult executionId="6be77e71-3fb4-475d-8539-0232ee3f9d85" testId="d436643b-f588-4154-9dc6-13b218d62615" testName="Designer_37681" computerName="EF62BDD48EA6" duration="00:00:42.0036449" startTime="2023-10-10T12:09:06.3185161+02:00" endTime="2023-10-10T12:09:48.3186163+02:00" testType="13cdc9d9-ddb5-4fa4-a97d-d965ccfc6d4b" outcome="Passed" testListId="8c84fa94-04c1-424b-9868-57a2d4851a1d" relativeResultsDirectory="6be77e71-3fb4-475d-8539-0232ee3f9d85">
      <Output>
        <StdOut>[12:09:06]  Start Test: Designer_37681&#xD;
[12:09:07]  Defining database with name Standard...
Given paths are: c:\appveyor\bin\E3.3DRoutingBridge\Mainline\E3.BridgeTest\TestFiles\Designer-37681\..\Databases\Standard\Components.mdb	c:\appveyor\bin\E3.3DRoutingBridge\Mainline\E3.BridgeTest\TestFiles\Designer-37681\..\Databases\Standard\symbols.mdb	c:\appveyor\bin\E3.3DRoutingBridge\Mainline\E3.BridgeTest\TestFiles\Designer-37681\..\Databases\Standard\Configuration.mdb&#xD;
[12:09:11]  Setting current database Standard&#xD;
[12:09:12]  E3 open project&#xD;
[12:09:13]  Doing repaircheck...&#xD;
[12:09:13]  Tool startet: c:\\appveyor\\bin\\E3.3DRoutingBridge\\Mainline\\bin\\Release\\x64\\E3_3DRoutingBridge.exe&#xD;
[12:09:46]  Tool fertig: c:\\appveyor\\bin\\E3.3DRoutingBridge\\Mainline\\bin\\Release\\x64\\E3_3DRoutingBridge.exe : ExitCode 0&#xD;
[12:09:47]  test.NAME: Designer_37681&#xD;
[12:09:47]  preparedOutputFile: c:\appveyor\bin\E3.3DRoutingBridge\Mainline\E3.BridgeTest\TestFiles\Designer-37681\Results\2023-10-10--12-09-47_Designer_37681_temp.xml&#xD;
[12:09:47]  preparedReferenceFile: c:\appveyor\bin\E3.3DRoutingBridge\Mainline\E3.BridgeTest\TestFiles\Designer-37681\Results\2023-10-10--12-09-47_Designer_37681_ref_temp.xml&#xD;
[12:09:47]  Start CompareXML: xmlExportFileName: c:\appveyor\bin\E3.3DRoutingBridge\Mainline\E3.BridgeTest\TestFiles\Designer-37681\Results\2023-10-10--12-09-47_Designer_37681_temp.xml to xmlRefFileName: c:\appveyor\bin\E3.3DRoutingBridge\Mainline\E3.BridgeTest\TestFiles\Designer-37681\Results\2023-10-10--12-09-47_Designer_37681_ref_temp.xml&#xD;
[12:09:48]  Test Designer_37681 for Tool 3DRoutingBridge equal to Reference!&#xD;
[12:09:48]  Der Test  3DRoutingBridge is successful!&#xD;
[12:09:48]  TestCleanup</StdOut>
      </Output>
    </UnitTestResult>
    <UnitTestResult executionId="cb8b543a-f474-4381-8c1d-24feeeae183d" testId="e155ac08-ceee-4b01-a34c-9121368ea8a6" testName="Designer_31159" computerName="EF62BDD48EA6" duration="00:00:17.9366783" startTime="2023-10-10T12:01:15.0409030+02:00" endTime="2023-10-10T12:01:32.9781338+02:00" testType="13cdc9d9-ddb5-4fa4-a97d-d965ccfc6d4b" outcome="Passed" testListId="8c84fa94-04c1-424b-9868-57a2d4851a1d" relativeResultsDirectory="cb8b543a-f474-4381-8c1d-24feeeae183d">
      <Output>
        <StdOut>[12:01:15]  Start Test: Designer_31159&#xD;
[12:01:15]  Defining database with name Standard...
Given paths are: c:\appveyor\bin\E3.3DRoutingBridge\Mainline\E3.BridgeTest\TestFiles\Designer-31159\..\Databases\Standard\Components.mdb	c:\appveyor\bin\E3.3DRoutingBridge\Mainline\E3.BridgeTest\TestFiles\Designer-31159\..\Databases\Standard\symbols.mdb	c:\appveyor\bin\E3.3DRoutingBridge\Mainline\E3.BridgeTest\TestFiles\Designer-31159\..\Databases\Standard\Configuration.mdb&#xD;
[12:01:20]  Setting current database Standard&#xD;
[12:01:21]  E3 open project&#xD;
[12:01:21]  Doing repaircheck...&#xD;
[12:01:21]  Tool startet: c:\\appveyor\\bin\\E3.3DRoutingBridge\\Mainline\\bin\\Release\\x64\\E3_3DRoutingBridge.exe&#xD;
[12:01:32]  Tool fertig: c:\\appveyor\\bin\\E3.3DRoutingBridge\\Mainline\\bin\\Release\\x64\\E3_3DRoutingBridge.exe : ExitCode 0&#xD;
[12:01:32]  test.NAME: Designer_31159&#xD;
[12:01:32]  preparedOutputFile: c:\appveyor\bin\E3.3DRoutingBridge\Mainline\E3.BridgeTest\TestFiles\Designer-31159\Results\2023-10-10--12-01-32_Designer_31159_temp.xml&#xD;
[12:01:32]  preparedReferenceFile: c:\appveyor\bin\E3.3DRoutingBridge\Mainline\E3.BridgeTest\TestFiles\Designer-31159\Results\2023-10-10--12-01-32_Designer_31159_ref_temp.xml&#xD;
[12:01:32]  Start CompareXML: xmlExportFileName: c:\appveyor\bin\E3.3DRoutingBridge\Mainline\E3.BridgeTest\TestFiles\Designer-31159\Results\2023-10-10--12-01-32_Designer_31159_temp.xml to xmlRefFileName: c:\appveyor\bin\E3.3DRoutingBridge\Mainline\E3.BridgeTest\TestFiles\Designer-31159\Results\2023-10-10--12-01-32_Designer_31159_ref_temp.xml&#xD;
[12:01:32]  Test Designer_31159 for Tool 3DRoutingBridge equal to Reference!&#xD;
[12:01:32]  Der Test  3DRoutingBridge is successful!&#xD;
[12:01:32]  TestCleanup</StdOut>
      </Output>
    </UnitTestResult>
    <UnitTestResult executionId="ba9b7c91-ecbf-4806-807d-07748e1f8ae7" testId="5f218240-3bd1-4d7b-a8d4-0222a1f6617e" testName="Template_DynSymbole_8_QM850" computerName="EF62BDD48EA6" duration="00:00:43.0663675" startTime="2023-10-10T12:20:28.4705780+02:00" endTime="2023-10-10T12:21:11.5230531+02:00" testType="13cdc9d9-ddb5-4fa4-a97d-d965ccfc6d4b" outcome="Passed" testListId="8c84fa94-04c1-424b-9868-57a2d4851a1d" relativeResultsDirectory="ba9b7c91-ecbf-4806-807d-07748e1f8ae7">
      <Output>
        <StdOut>[12:20:28]  Start Test: Template_DynSymbole_8_QM850&#xD;
[12:20:30]  Defining database with name TestDB...
Given paths are: c:\appveyor\bin\E3.3DRoutingBridge\Mainline\E3.BridgeTest\TestFiles\Harness_Update_QM850\..\Databases\TestDB\Components.mdb	c:\appveyor\bin\E3.3DRoutingBridge\Mainline\E3.BridgeTest\TestFiles\Harness_Update_QM850\..\Databases\TestDB\symbols.mdb	c:\appveyor\bin\E3.3DRoutingBridge\Mainline\E3.BridgeTest\TestFiles\Harness_Update_QM850\..\Databases\TestDB\Configuration.mdb&#xD;
[12:20:34]  Setting current database TestDB&#xD;
[12:20:35]  E3 open project&#xD;
[12:20:35]  Doing repaircheck...&#xD;
[12:20:36]  Tool startet: c:\\appveyor\\bin\\E3.3DRoutingBridge\\Mainline\\bin\\Release\\x64\\E3_3DRoutingBridge.exe&#xD;
[12:20:50]  Tool fertig: c:\\appveyor\\bin\\E3.3DRoutingBridge\\Mainline\\bin\\Release\\x64\\E3_3DRoutingBridge.exe : ExitCode 0&#xD;
[12:20:51]  test.NAME: Template_DynSymbole_8_QM850&#xD;
[12:20:51]  preparedOutputFile: c:\appveyor\bin\E3.3DRoutingBridge\Mainline\E3.BridgeTest\TestFiles\Harness_Update_QM850\Results\2023-10-10--12-20-50_Template_DynSymbole_8_QM850_temp.xml&#xD;
[12:20:51]  preparedReferenceFile: c:\appveyor\bin\E3.3DRoutingBridge\Mainline\E3.BridgeTest\TestFiles\Harness_Update_QM850\Results\2023-10-10--12-20-50_Template_DynSymbole_8_QM850_ref_temp.xml&#xD;
[12:20:51]  Start CompareXML: xmlExportFileName: c:\appveyor\bin\E3.3DRoutingBridge\Mainline\E3.BridgeTest\TestFiles\Harness_Update_QM850\Results\2023-10-10--12-20-50_Template_DynSymbole_8_QM850_temp.xml to xmlRefFileName: c:\appveyor\bin\E3.3DRoutingBridge\Mainline\E3.BridgeTest\TestFiles\Harness_Update_QM850\Results\2023-10-10--12-20-50_Template_DynSymbole_8_QM850_ref_temp.xml&#xD;
[12:20:51]  Test Template_DynSymbole_8_QM850 for Tool 3DRoutingBridge equal to Reference!&#xD;
[12:20:51]  Der Test  3DRoutingBridge is successful!&#xD;
[12:20:51]  Project is successful saved: c:\appveyor\bin\E3.3DRoutingBridge\Mainline\E3.BridgeTest\TestFiles\Harness_Update_QM850\Results\2023-10-10--12-20-51_Template_DynSymbole_8_QM850_temp.e3s&#xD;
[12:20:53]  Defining database with name TestDB...
Given paths are: c:\appveyor\bin\E3.3DRoutingBridge\Mainline\E3.BridgeTest\TestFiles\Harness_Update_QM850\..\Databases\TestDB\Components.mdb	c:\appveyor\bin\E3.3DRoutingBridge\Mainline\E3.BridgeTest\TestFiles\Harness_Update_QM850\..\Databases\TestDB\symbols.mdb	c:\appveyor\bin\E3.3DRoutingBridge\Mainline\E3.BridgeTest\TestFiles\Harness_Update_QM850\..\Databases\TestDB\Configuration.mdb&#xD;
[12:20:57]  Setting current database TestDB&#xD;
[12:20:58]  E3 open project&#xD;
[12:20:58]  Doing repaircheck...&#xD;
[12:20:58]  Tool startet: c:\\appveyor\\bin\\E3.3DRoutingBridge\\Mainline\\bin\\Release\\x64\\E3_3DRoutingBridge.exe&#xD;
[12:21:10]  Tool fertig: c:\\appveyor\\bin\\E3.3DRoutingBridge\\Mainline\\bin\\Release\\x64\\E3_3DRoutingBridge.exe : ExitCode 0&#xD;
[12:21:11]  test.NAME: Template_DynSymbole_8_QM850&#xD;
[12:21:11]  preparedOutputFile: c:\appveyor\bin\E3.3DRoutingBridge\Mainline\E3.BridgeTest\TestFiles\Harness_Update_QM850\Results\2023-10-10--12-21-11_Template_DynSymbole_8_QM850_temp.xml&#xD;
[12:21:11]  preparedReferenceFile: c:\appveyor\bin\E3.3DRoutingBridge\Mainline\E3.BridgeTest\TestFiles\Harness_Update_QM850\Results\2023-10-10--12-21-11_Template_DynSymbole_8_QM850_ref_temp.xml&#xD;
[12:21:11]  Start CompareXML: xmlExportFileName: c:\appveyor\bin\E3.3DRoutingBridge\Mainline\E3.BridgeTest\TestFiles\Harness_Update_QM850\Results\2023-10-10--12-21-11_Template_DynSymbole_8_QM850_temp.xml to xmlRefFileName: c:\appveyor\bin\E3.3DRoutingBridge\Mainline\E3.BridgeTest\TestFiles\Harness_Update_QM850\Results\2023-10-10--12-21-11_Template_DynSymbole_8_QM850_ref_temp.xml&#xD;
[12:21:11]  Test Template_DynSymbole_8_QM850 for Tool 3DRoutingBridge equal to Reference!&#xD;
[12:21:11]  Der Test  3DRoutingBridge is successful!&#xD;
[12:21:11]  TestCleanup</StdOut>
      </Output>
    </UnitTestResult>
    <UnitTestResult executionId="701fae45-2d6e-4666-98f5-a98840a6c4fd" testId="65517d05-ef79-4ef4-a2f2-7e1304aa4f8e" testName="ProtectionsImport_6_QM850" computerName="EF62BDD48EA6" duration="00:00:37.4621339" startTime="2023-10-10T12:24:56.8497325+02:00" endTime="2023-10-10T12:25:34.3258972+02:00" testType="13cdc9d9-ddb5-4fa4-a97d-d965ccfc6d4b" outcome="Passed" testListId="8c84fa94-04c1-424b-9868-57a2d4851a1d" relativeResultsDirectory="701fae45-2d6e-4666-98f5-a98840a6c4fd">
      <Output>
        <StdOut>[12:24:56]  Start Test: ProtectionsImport_6_QM850&#xD;
[12:24:57]  Defining database with name Standard...
Given paths are: c:\appveyor\bin\E3.3DRoutingBridge\Mainline\E3.BridgeTest\TestFiles\Harness_Update_QM850\..\Databases\Standard\Components.mdb	c:\appveyor\bin\E3.3DRoutingBridge\Mainline\E3.BridgeTest\TestFiles\Harness_Update_QM850\..\Databases\Standard\symbols.mdb	c:\appveyor\bin\E3.3DRoutingBridge\Mainline\E3.BridgeTest\TestFiles\Harness_Update_QM850\..\Databases\Standard\Configuration.mdb&#xD;
[12:25:01]  Setting current database Standard&#xD;
[12:25:02]  E3 open project&#xD;
[12:25:03]  Doing repaircheck...&#xD;
[12:25:03]  Tool startet: c:\\appveyor\\bin\\E3.3DRoutingBridge\\Mainline\\bin\\Release\\x64\\E3_3DRoutingBridge.exe&#xD;
[12:25:16]  Tool fertig: c:\\appveyor\\bin\\E3.3DRoutingBridge\\Mainline\\bin\\Release\\x64\\E3_3DRoutingBridge.exe : ExitCode 0&#xD;
[12:25:16]  test.NAME: ProtectionsImport_6_QM850&#xD;
[12:25:16]  preparedOutputFile: c:\appveyor\bin\E3.3DRoutingBridge\Mainline\E3.BridgeTest\TestFiles\Harness_Update_QM850\Results\2023-10-10--12-25-16_ProtectionsImport_6_QM850_temp.xml&#xD;
[12:25:16]  preparedReferenceFile: c:\appveyor\bin\E3.3DRoutingBridge\Mainline\E3.BridgeTest\TestFiles\Harness_Update_QM850\Results\2023-10-10--12-25-16_ProtectionsImport_6_QM850_ref_temp.xml&#xD;
[12:25:16]  Start CompareXML: xmlExportFileName: c:\appveyor\bin\E3.3DRoutingBridge\Mainline\E3.BridgeTest\TestFiles\Harness_Update_QM850\Results\2023-10-10--12-25-16_ProtectionsImport_6_QM850_temp.xml to xmlRefFileName: c:\appveyor\bin\E3.3DRoutingBridge\Mainline\E3.BridgeTest\TestFiles\Harness_Update_QM850\Results\2023-10-10--12-25-16_ProtectionsImport_6_QM850_ref_temp.xml&#xD;
[12:25:16]  Test ProtectionsImport_6_QM850 for Tool 3DRoutingBridge equal to Reference!&#xD;
[12:25:16]  Der Test  3DRoutingBridge is successful!&#xD;
[12:25:16]  Project is successful saved: c:\appveyor\bin\E3.3DRoutingBridge\Mainline\E3.BridgeTest\TestFiles\Harness_Update_QM850\Results\2023-10-10--12-25-16_ProtectionsImport_6_QM850_temp.e3s&#xD;
[12:25:17]  Defining database with name Standard...
Given paths are: c:\appveyor\bin\E3.3DRoutingBridge\Mainline\E3.BridgeTest\TestFiles\Harness_Update_QM850\..\Databases\Standard\Components.mdb	c:\appveyor\bin\E3.3DRoutingBridge\Mainline\E3.BridgeTest\TestFiles\Harness_Update_QM850\..\Databases\Standard\symbols.mdb	c:\appveyor\bin\E3.3DRoutingBridge\Mainline\E3.BridgeTest\TestFiles\Harness_Update_QM850\..\Databases\Standard\Configuration.mdb&#xD;
[12:25:21]  Setting current database Standard&#xD;
[12:25:22]  E3 open project&#xD;
[12:25:22]  Doing repaircheck...&#xD;
[12:25:22]  Tool startet: c:\\appveyor\\bin\\E3.3DRoutingBridge\\Mainline\\bin\\Release\\x64\\E3_3DRoutingBridge.exe&#xD;
[12:25:33]  Tool fertig: c:\\appveyor\\bin\\E3.3DRoutingBridge\\Mainline\\bin\\Release\\x64\\E3_3DRoutingBridge.exe : ExitCode 0&#xD;
[12:25:34]  test.NAME: ProtectionsImport_6_QM850&#xD;
[12:25:34]  preparedOutputFile: c:\appveyor\bin\E3.3DRoutingBridge\Mainline\E3.BridgeTest\TestFiles\Harness_Update_QM850\Results\2023-10-10--12-25-34_ProtectionsImport_6_QM850_temp.xml&#xD;
[12:25:34]  preparedReferenceFile: c:\appveyor\bin\E3.3DRoutingBridge\Mainline\E3.BridgeTest\TestFiles\Harness_Update_QM850\Results\2023-10-10--12-25-34_ProtectionsImport_6_QM850_ref_temp.xml&#xD;
[12:25:34]  Start CompareXML: xmlExportFileName: c:\appveyor\bin\E3.3DRoutingBridge\Mainline\E3.BridgeTest\TestFiles\Harness_Update_QM850\Results\2023-10-10--12-25-34_ProtectionsImport_6_QM850_temp.xml to xmlRefFileName: c:\appveyor\bin\E3.3DRoutingBridge\Mainline\E3.BridgeTest\TestFiles\Harness_Update_QM850\Results\2023-10-10--12-25-34_ProtectionsImport_6_QM850_ref_temp.xml&#xD;
[12:25:34]  Test ProtectionsImport_6_QM850 for Tool 3DRoutingBridge equal to Reference!&#xD;
[12:25:34]  Der Test  3DRoutingBridge is successful!&#xD;
[12:25:34]  TestCleanup</StdOut>
      </Output>
    </UnitTestResult>
    <UnitTestResult executionId="b85121c2-376e-4fb5-b17a-bc6161ae0eb6" testId="9d54da5b-c7fe-40d6-a7e8-d402de157945" testName="Update_10_QM850" computerName="EF62BDD48EA6" duration="00:00:19.1774307" startTime="2023-10-10T12:27:36.5616971+02:00" endTime="2023-10-10T12:27:55.7398980+02:00" testType="13cdc9d9-ddb5-4fa4-a97d-d965ccfc6d4b" outcome="Passed" testListId="8c84fa94-04c1-424b-9868-57a2d4851a1d" relativeResultsDirectory="b85121c2-376e-4fb5-b17a-bc6161ae0eb6">
      <Output>
        <StdOut>[12:27:36]  Start Test: Update_10_QM850&#xD;
[12:27:38]  Defining database with name TestDB...
Given paths are: c:\appveyor\bin\E3.3DRoutingBridge\Mainline\E3.BridgeTest\TestFiles\Harness_Update_QM850\..\Databases\TestDB\Components.mdb	c:\appveyor\bin\E3.3DRoutingBridge\Mainline\E3.BridgeTest\TestFiles\Harness_Update_QM850\..\Databases\TestDB\symbols.mdb	c:\appveyor\bin\E3.3DRoutingBridge\Mainline\E3.BridgeTest\TestFiles\Harness_Update_QM850\..\Databases\TestDB\Configuration.mdb&#xD;
[12:27:42]  Setting current database TestDB&#xD;
[12:27:43]  E3 open project&#xD;
[12:27:43]  Doing repaircheck...&#xD;
[12:27:44]  Tool startet: c:\\appveyor\\bin\\E3.3DRoutingBridge\\Mainline\\bin\\Release\\x64\\E3_3DRoutingBridge.exe&#xD;
[12:27:55]  Tool fertig: c:\\appveyor\\bin\\E3.3DRoutingBridge\\Mainline\\bin\\Release\\x64\\E3_3DRoutingBridge.exe : ExitCode 0&#xD;
[12:27:55]  test.NAME: Update_10_QM850&#xD;
[12:27:55]  preparedOutputFile: c:\appveyor\bin\E3.3DRoutingBridge\Mainline\E3.BridgeTest\TestFiles\Harness_Update_QM850\Results\2023-10-10--12-27-55_Update_10_QM850_temp.xml&#xD;
[12:27:55]  preparedReferenceFile: c:\appveyor\bin\E3.3DRoutingBridge\Mainline\E3.BridgeTest\TestFiles\Harness_Update_QM850\Results\2023-10-10--12-27-55_Update_10_QM850_ref_temp.xml&#xD;
[12:27:55]  Start CompareXML: xmlExportFileName: c:\appveyor\bin\E3.3DRoutingBridge\Mainline\E3.BridgeTest\TestFiles\Harness_Update_QM850\Results\2023-10-10--12-27-55_Update_10_QM850_temp.xml to xmlRefFileName: c:\appveyor\bin\E3.3DRoutingBridge\Mainline\E3.BridgeTest\TestFiles\Harness_Update_QM850\Results\2023-10-10--12-27-55_Update_10_QM850_ref_temp.xml&#xD;
[12:27:55]  Test Update_10_QM850 for Tool 3DRoutingBridge equal to Reference!&#xD;
[12:27:55]  Der Test  3DRoutingBridge is successful!&#xD;
[12:27:55]  TestCleanup</StdOut>
      </Output>
    </UnitTestResult>
    <UnitTestResult executionId="ecff0765-4b5e-462c-9721-ae79943877e4" testId="eb3e5315-2dea-42dc-b033-aae3ebaabd8f" testName="Designer_36808_2" computerName="EF62BDD48EA6" duration="00:00:16.5186005" startTime="2023-10-10T12:06:39.1683690+02:00" endTime="2023-10-10T12:06:55.6898540+02:00" testType="13cdc9d9-ddb5-4fa4-a97d-d965ccfc6d4b" outcome="Passed" testListId="8c84fa94-04c1-424b-9868-57a2d4851a1d" relativeResultsDirectory="ecff0765-4b5e-462c-9721-ae79943877e4">
      <Output>
        <StdOut>[12:06:39]  Start Test: Designer_36808_2&#xD;
[12:06:39]  Defining database with name Standard...
Given paths are: c:\appveyor\bin\E3.3DRoutingBridge\Mainline\E3.BridgeTest\TestFiles\Designer-36808\..\Databases\Standard\Components.mdb	c:\appveyor\bin\E3.3DRoutingBridge\Mainline\E3.BridgeTest\TestFiles\Designer-36808\..\Databases\Standard\symbols.mdb	c:\appveyor\bin\E3.3DRoutingBridge\Mainline\E3.BridgeTest\TestFiles\Designer-36808\..\Databases\Standard\Configuration.mdb&#xD;
[12:06:44]  Setting current database Standard&#xD;
[12:06:45]  E3 open project&#xD;
[12:06:45]  Doing repaircheck...&#xD;
[12:06:45]  Tool startet: c:\\appveyor\\bin\\E3.3DRoutingBridge\\Mainline\\bin\\Release\\x64\\E3_3DRoutingBridge.exe&#xD;
[12:06:55]  Tool fertig: c:\\appveyor\\bin\\E3.3DRoutingBridge\\Mainline\\bin\\Release\\x64\\E3_3DRoutingBridge.exe : ExitCode 0&#xD;
[12:06:55]  test.NAME: Designer_36808_2&#xD;
[12:06:55]  preparedOutputFile: c:\appveyor\bin\E3.3DRoutingBridge\Mainline\E3.BridgeTest\TestFiles\Designer-36808\Results\2023-10-10--12-06-55_Designer_36808_2_temp.xml&#xD;
[12:06:55]  preparedReferenceFile: c:\appveyor\bin\E3.3DRoutingBridge\Mainline\E3.BridgeTest\TestFiles\Designer-36808\Results\2023-10-10--12-06-55_Designer_36808_2_ref_temp.xml&#xD;
[12:06:55]  Start CompareXML: xmlExportFileName: c:\appveyor\bin\E3.3DRoutingBridge\Mainline\E3.BridgeTest\TestFiles\Designer-36808\Results\2023-10-10--12-06-55_Designer_36808_2_temp.xml to xmlRefFileName: c:\appveyor\bin\E3.3DRoutingBridge\Mainline\E3.BridgeTest\TestFiles\Designer-36808\Results\2023-10-10--12-06-55_Designer_36808_2_ref_temp.xml&#xD;
[12:06:55]  Test Designer_36808_2 for Tool 3DRoutingBridge equal to Reference!&#xD;
[12:06:55]  Der Test  3DRoutingBridge is successful!&#xD;
[12:06:55]  TestCleanup</StdOut>
      </Output>
    </UnitTestResult>
    <UnitTestResult executionId="2a08200b-0ec8-4e5e-a8e0-34c72e152c48" testId="671be04a-1b78-4fcc-8b75-ed729f34b698" testName="ProtectionsImport_3_QM850" computerName="EF62BDD48EA6" duration="00:00:36.1585446" startTime="2023-10-10T12:23:07.5892074+02:00" endTime="2023-10-10T12:23:43.7482760+02:00" testType="13cdc9d9-ddb5-4fa4-a97d-d965ccfc6d4b" outcome="Passed" testListId="8c84fa94-04c1-424b-9868-57a2d4851a1d" relativeResultsDirectory="2a08200b-0ec8-4e5e-a8e0-34c72e152c48">
      <Output>
        <StdOut>[12:23:07]  Start Test: ProtectionsImport_3_QM850&#xD;
[12:23:08]  Defining database with name Standard...
Given paths are: c:\appveyor\bin\E3.3DRoutingBridge\Mainline\E3.BridgeTest\TestFiles\Harness_Update_QM850\..\Databases\Standard\Components.mdb	c:\appveyor\bin\E3.3DRoutingBridge\Mainline\E3.BridgeTest\TestFiles\Harness_Update_QM850\..\Databases\Standard\symbols.mdb	c:\appveyor\bin\E3.3DRoutingBridge\Mainline\E3.BridgeTest\TestFiles\Harness_Update_QM850\..\Databases\Standard\Configuration.mdb&#xD;
[12:23:12]  Setting current database Standard&#xD;
[12:23:13]  E3 open project&#xD;
[12:23:13]  Doing repaircheck...&#xD;
[12:23:13]  Tool startet: c:\\appveyor\\bin\\E3.3DRoutingBridge\\Mainline\\bin\\Release\\x64\\E3_3DRoutingBridge.exe&#xD;
[12:23:26]  Tool fertig: c:\\appveyor\\bin\\E3.3DRoutingBridge\\Mainline\\bin\\Release\\x64\\E3_3DRoutingBridge.exe : ExitCode 0&#xD;
[12:23:26]  test.NAME: ProtectionsImport_3_QM850&#xD;
[12:23:26]  preparedOutputFile: c:\appveyor\bin\E3.3DRoutingBridge\Mainline\E3.BridgeTest\TestFiles\Harness_Update_QM850\Results\2023-10-10--12-23-26_ProtectionsImport_3_QM850_temp.xml&#xD;
[12:23:26]  preparedReferenceFile: c:\appveyor\bin\E3.3DRoutingBridge\Mainline\E3.BridgeTest\TestFiles\Harness_Update_QM850\Results\2023-10-10--12-23-26_ProtectionsImport_3_QM850_ref_temp.xml&#xD;
[12:23:26]  Start CompareXML: xmlExportFileName: c:\appveyor\bin\E3.3DRoutingBridge\Mainline\E3.BridgeTest\TestFiles\Harness_Update_QM850\Results\2023-10-10--12-23-26_ProtectionsImport_3_QM850_temp.xml to xmlRefFileName: c:\appveyor\bin\E3.3DRoutingBridge\Mainline\E3.BridgeTest\TestFiles\Harness_Update_QM850\Results\2023-10-10--12-23-26_ProtectionsImport_3_QM850_ref_temp.xml&#xD;
[12:23:26]  Test ProtectionsImport_3_QM850 for Tool 3DRoutingBridge equal to Reference!&#xD;
[12:23:26]  Der Test  3DRoutingBridge is successful!&#xD;
[12:23:26]  Project is successful saved: c:\appveyor\bin\E3.3DRoutingBridge\Mainline\E3.BridgeTest\TestFiles\Harness_Update_QM850\Results\2023-10-10--12-23-26_ProtectionsImport_3_QM850_temp.e3s&#xD;
[12:23:27]  Defining database with name Standard...
Given paths are: c:\appveyor\bin\E3.3DRoutingBridge\Mainline\E3.BridgeTest\TestFiles\Harness_Update_QM850\..\Databases\Standard\Components.mdb	c:\appveyor\bin\E3.3DRoutingBridge\Mainline\E3.BridgeTest\TestFiles\Harness_Update_QM850\..\Databases\Standard\symbols.mdb	c:\appveyor\bin\E3.3DRoutingBridge\Mainline\E3.BridgeTest\TestFiles\Harness_Update_QM850\..\Databases\Standard\Configuration.mdb&#xD;
[12:23:31]  Setting current database Standard&#xD;
[12:23:32]  E3 open project&#xD;
[12:23:32]  Doing repaircheck...&#xD;
[12:23:32]  Tool startet: c:\\appveyor\\bin\\E3.3DRoutingBridge\\Mainline\\bin\\Release\\x64\\E3_3DRoutingBridge.exe&#xD;
[12:23:43]  Tool fertig: c:\\appveyor\\bin\\E3.3DRoutingBridge\\Mainline\\bin\\Release\\x64\\E3_3DRoutingBridge.exe : ExitCode 0&#xD;
[12:23:43]  test.NAME: ProtectionsImport_3_QM850&#xD;
[12:23:43]  preparedOutputFile: c:\appveyor\bin\E3.3DRoutingBridge\Mainline\E3.BridgeTest\TestFiles\Harness_Update_QM850\Results\2023-10-10--12-23-43_ProtectionsImport_3_QM850_temp.xml&#xD;
[12:23:43]  preparedReferenceFile: c:\appveyor\bin\E3.3DRoutingBridge\Mainline\E3.BridgeTest\TestFiles\Harness_Update_QM850\Results\2023-10-10--12-23-43_ProtectionsImport_3_QM850_ref_temp.xml&#xD;
[12:23:43]  Start CompareXML: xmlExportFileName: c:\appveyor\bin\E3.3DRoutingBridge\Mainline\E3.BridgeTest\TestFiles\Harness_Update_QM850\Results\2023-10-10--12-23-43_ProtectionsImport_3_QM850_temp.xml to xmlRefFileName: c:\appveyor\bin\E3.3DRoutingBridge\Mainline\E3.BridgeTest\TestFiles\Harness_Update_QM850\Results\2023-10-10--12-23-43_ProtectionsImport_3_QM850_ref_temp.xml&#xD;
[12:23:43]  Test ProtectionsImport_3_QM850 for Tool 3DRoutingBridge equal to Reference!&#xD;
[12:23:43]  Der Test  3DRoutingBridge is successful!&#xD;
[12:23:43]  TestCleanup</StdOut>
      </Output>
    </UnitTestResult>
    <UnitTestResult executionId="f91ecb0b-8c5a-4b40-bb2c-5aa5b3d35b8e" testId="caf4d8da-e35b-4084-a0b1-26c55a253483" testName="AttributeUpdateTest_B_weg_QM829" computerName="EF62BDD48EA6" duration="00:00:17.1524610" startTime="2023-10-10T12:00:40.6997249+02:00" endTime="2023-10-10T12:00:57.8457984+02:00" testType="13cdc9d9-ddb5-4fa4-a97d-d965ccfc6d4b" outcome="Passed" testListId="8c84fa94-04c1-424b-9868-57a2d4851a1d" relativeResultsDirectory="f91ecb0b-8c5a-4b40-bb2c-5aa5b3d35b8e">
      <Output>
        <StdOut>[12:00:40]  Start Test: AttributeUpdateTest_B_weg_QM829&#xD;
[12:00:41]  Defining database with name Standard...
Given paths are: c:\appveyor\bin\E3.3DRoutingBridge\Mainline\E3.BridgeTest\TestFiles\AttributeUpdateTest_B_weg_QM829\..\Databases\Standard\Components.mdb	c:\appveyor\bin\E3.3DRoutingBridge\Mainline\E3.BridgeTest\TestFiles\AttributeUpdateTest_B_weg_QM829\..\Databases\Standard\symbols.mdb	c:\appveyor\bin\E3.3DRoutingBridge\Mainline\E3.BridgeTest\TestFiles\AttributeUpdateTest_B_weg_QM829\..\Databases\Standard\Configuration.mdb&#xD;
[12:00:45]  Setting current database Standard&#xD;
[12:00:46]  E3 open project&#xD;
[12:00:47]  Doing repaircheck...&#xD;
[12:00:47]  Tool startet: c:\\appveyor\\bin\\E3.3DRoutingBridge\\Mainline\\bin\\Release\\x64\\E3_3DRoutingBridge.exe&#xD;
[12:00:57]  Tool fertig: c:\\appveyor\\bin\\E3.3DRoutingBridge\\Mainline\\bin\\Release\\x64\\E3_3DRoutingBridge.exe : ExitCode 0&#xD;
[12:00:57]  test.NAME: AttributeUpdateTest_B_weg_QM829&#xD;
[12:00:57]  preparedOutputFile: c:\appveyor\bin\E3.3DRoutingBridge\Mainline\E3.BridgeTest\TestFiles\AttributeUpdateTest_B_weg_QM829\Results\2023-10-10--12-00-57_AttributeUpdateTest_B_weg_QM829_temp.xml&#xD;
[12:00:57]  preparedReferenceFile: c:\appveyor\bin\E3.3DRoutingBridge\Mainline\E3.BridgeTest\TestFiles\AttributeUpdateTest_B_weg_QM829\Results\2023-10-10--12-00-57_AttributeUpdateTest_B_weg_QM829_ref_temp.xml&#xD;
[12:00:57]  Start CompareXML: xmlExportFileName: c:\appveyor\bin\E3.3DRoutingBridge\Mainline\E3.BridgeTest\TestFiles\AttributeUpdateTest_B_weg_QM829\Results\2023-10-10--12-00-57_AttributeUpdateTest_B_weg_QM829_temp.xml to xmlRefFileName: c:\appveyor\bin\E3.3DRoutingBridge\Mainline\E3.BridgeTest\TestFiles\AttributeUpdateTest_B_weg_QM829\Results\2023-10-10--12-00-57_AttributeUpdateTest_B_weg_QM829_ref_temp.xml&#xD;
[12:00:57]  Test AttributeUpdateTest_B_weg_QM829 for Tool 3DRoutingBridge equal to Reference!&#xD;
[12:00:57]  Der Test  3DRoutingBridge is successful!&#xD;
[12:00:57]  TestCleanup</StdOut>
      </Output>
    </UnitTestResult>
    <UnitTestResult executionId="cc83b1bc-135d-4efc-9ddc-a3a7b3e2d3d1" testId="6ba96d6b-0520-49b9-ae1b-18dc81422320" testName="Designer_37724" computerName="EF62BDD48EA6" duration="00:00:23.5764373" startTime="2023-10-10T12:09:48.3186163+02:00" endTime="2023-10-10T12:10:11.9003686+02:00" testType="13cdc9d9-ddb5-4fa4-a97d-d965ccfc6d4b" outcome="Passed" testListId="8c84fa94-04c1-424b-9868-57a2d4851a1d" relativeResultsDirectory="cc83b1bc-135d-4efc-9ddc-a3a7b3e2d3d1">
      <Output>
        <StdOut>[12:09:48]  Start Test: Designer_37724&#xD;
[12:09:49]  Defining database with name Standard...
Given paths are: c:\appveyor\bin\E3.3DRoutingBridge\Mainline\E3.BridgeTest\TestFiles\Designer-37724\..\Databases\Standard\Components.mdb	c:\appveyor\bin\E3.3DRoutingBridge\Mainline\E3.BridgeTest\TestFiles\Designer-37724\..\Databases\Standard\symbols.mdb	c:\appveyor\bin\E3.3DRoutingBridge\Mainline\E3.BridgeTest\TestFiles\Designer-37724\..\Databases\Standard\Configuration.mdb&#xD;
[12:09:53]  Setting current database Standard&#xD;
[12:09:54]  E3 open project&#xD;
[12:09:54]  Doing repaircheck...&#xD;
[12:09:55]  Tool startet: c:\\appveyor\\bin\\E3.3DRoutingBridge\\Mainline\\bin\\Release\\x64\\E3_3DRoutingBridge.exe&#xD;
[12:10:11]  Tool fertig: c:\\appveyor\\bin\\E3.3DRoutingBridge\\Mainline\\bin\\Release\\x64\\E3_3DRoutingBridge.exe : ExitCode 0&#xD;
[12:10:11]  test.NAME: Designer_37724&#xD;
[12:10:11]  preparedOutputFile: c:\appveyor\bin\E3.3DRoutingBridge\Mainline\E3.BridgeTest\TestFiles\Designer-37724\Results\2023-10-10--12-10-11_Designer_37724_temp.xml&#xD;
[12:10:11]  preparedReferenceFile: c:\appveyor\bin\E3.3DRoutingBridge\Mainline\E3.BridgeTest\TestFiles\Designer-37724\Results\2023-10-10--12-10-11_Designer_37724_ref_temp.xml&#xD;
[12:10:11]  Start CompareXML: xmlExportFileName: c:\appveyor\bin\E3.3DRoutingBridge\Mainline\E3.BridgeTest\TestFiles\Designer-37724\Results\2023-10-10--12-10-11_Designer_37724_temp.xml to xmlRefFileName: c:\appveyor\bin\E3.3DRoutingBridge\Mainline\E3.BridgeTest\TestFiles\Designer-37724\Results\2023-10-10--12-10-11_Designer_37724_ref_temp.xml&#xD;
[12:10:11]  Test Designer_37724 for Tool 3DRoutingBridge equal to Reference!&#xD;
[12:10:11]  Der Test  3DRoutingBridge is successful!&#xD;
[12:10:11]  TestCleanup</StdOut>
      </Output>
    </UnitTestResult>
    <UnitTestResult executionId="14e35c95-e95a-4562-8509-e8ec40f8b92e" testId="b0b7eabe-9229-4835-aa2d-920e31c17561" testName="Designer_36924" computerName="EF62BDD48EA6" duration="00:00:46.5628779" startTime="2023-10-10T12:07:12.2325824+02:00" endTime="2023-10-10T12:07:58.8052732+02:00" testType="13cdc9d9-ddb5-4fa4-a97d-d965ccfc6d4b" outcome="Passed" testListId="8c84fa94-04c1-424b-9868-57a2d4851a1d" relativeResultsDirectory="14e35c95-e95a-4562-8509-e8ec40f8b92e">
      <Output>
        <StdOut>[12:07:12]  Start Test: Designer_36924&#xD;
[12:07:12]  Defining database with name Standard...
Given paths are: c:\appveyor\bin\E3.3DRoutingBridge\Mainline\E3.BridgeTest\TestFiles\Designer-36924\..\Databases\Standard\Components.mdb	c:\appveyor\bin\E3.3DRoutingBridge\Mainline\E3.BridgeTest\TestFiles\Designer-36924\..\Databases\Standard\symbols.mdb	c:\appveyor\bin\E3.3DRoutingBridge\Mainline\E3.BridgeTest\TestFiles\Designer-36924\..\Databases\Standard\Configuration.mdb&#xD;
[12:07:16]  Setting current database Standard&#xD;
[12:07:17]  E3 open project&#xD;
[12:07:18]  Doing repaircheck...&#xD;
[12:07:18]  Tool startet: c:\\appveyor\\bin\\E3.3DRoutingBridge\\Mainline\\bin\\Release\\x64\\E3_3DRoutingBridge.exe&#xD;
[12:07:54]  Tool fertig: c:\\appveyor\\bin\\E3.3DRoutingBridge\\Mainline\\bin\\Release\\x64\\E3_3DRoutingBridge.exe : ExitCode 0&#xD;
[12:07:56]  test.NAME: Designer_36924&#xD;
[12:07:56]  preparedOutputFile: c:\appveyor\bin\E3.3DRoutingBridge\Mainline\E3.BridgeTest\TestFiles\Designer-36924\Results\2023-10-10--12-07-55_Designer_36924_temp.xml&#xD;
[12:07:56]  preparedReferenceFile: c:\appveyor\bin\E3.3DRoutingBridge\Mainline\E3.BridgeTest\TestFiles\Designer-36924\Results\2023-10-10--12-07-55_Designer_36924_ref_temp.xml&#xD;
[12:07:56]  Start CompareXML: xmlExportFileName: c:\appveyor\bin\E3.3DRoutingBridge\Mainline\E3.BridgeTest\TestFiles\Designer-36924\Results\2023-10-10--12-07-55_Designer_36924_temp.xml to xmlRefFileName: c:\appveyor\bin\E3.3DRoutingBridge\Mainline\E3.BridgeTest\TestFiles\Designer-36924\Results\2023-10-10--12-07-55_Designer_36924_ref_temp.xml&#xD;
[12:07:58]  Test Designer_36924 for Tool 3DRoutingBridge equal to Reference!&#xD;
[12:07:58]  Der Test  3DRoutingBridge is successful!&#xD;
[12:07:58]  TestCleanup</StdOut>
      </Output>
    </UnitTestResult>
    <UnitTestResult executionId="384866fc-c67f-46a6-a554-748fa78f7e79" testId="44af5f27-6975-4ab9-9960-1f9976835b8d" testName="Designer_32375" computerName="EF62BDD48EA6" duration="00:00:50.2662408" startTime="2023-10-10T12:03:30.9759909+02:00" endTime="2023-10-10T12:04:21.2428986+02:00" testType="13cdc9d9-ddb5-4fa4-a97d-d965ccfc6d4b" outcome="Passed" testListId="8c84fa94-04c1-424b-9868-57a2d4851a1d" relativeResultsDirectory="384866fc-c67f-46a6-a554-748fa78f7e79">
      <Output>
        <StdOut>[12:03:30]  Start Test: Designer_32375&#xD;
[12:03:31]  Defining database with name KundenDB...
Given paths are: c:\appveyor\bin\E3.3DRoutingBridge\Mainline\E3.BridgeTest\TestFiles\Designer-32375\..\Databases\LAM\QA_SQL_ACCESS_26Jun.mdb	c:\appveyor\bin\E3.3DRoutingBridge\Mainline\E3.BridgeTest\TestFiles\Designer-32375\..\Databases\LAM\QA_SQL_ACCESS_26Jun.mdb	c:\appveyor\bin\E3.3DRoutingBridge\Mainline\E3.BridgeTest\TestFiles\Designer-32375\..\Databases\LAM\QA_SQL_ACCESS_26Jun.mdb&#xD;
[12:03:35]  Setting current database KundenDB&#xD;
[12:03:36]  E3 open project&#xD;
[12:03:37]  Doing repaircheck...&#xD;
[12:03:39]  Tool startet: c:\\appveyor\\bin\\E3.3DRoutingBridge\\Mainline\\bin\\Release\\x64\\E3_3DRoutingBridge.exe&#xD;
[12:04:19]  Tool fertig: c:\\appveyor\\bin\\E3.3DRoutingBridge\\Mainline\\bin\\Release\\x64\\E3_3DRoutingBridge.exe : ExitCode 0&#xD;
[12:04:20]  test.NAME: Designer_32375&#xD;
[12:04:20]  preparedOutputFile: c:\appveyor\bin\E3.3DRoutingBridge\Mainline\E3.BridgeTest\TestFiles\Designer-32375\Results\2023-10-10--12-04-20_Designer_32375_temp.xml&#xD;
[12:04:20]  preparedReferenceFile: c:\appveyor\bin\E3.3DRoutingBridge\Mainline\E3.BridgeTest\TestFiles\Designer-32375\Results\2023-10-10--12-04-20_Designer_32375_ref_temp.xml&#xD;
[12:04:20]  Start CompareXML: xmlExportFileName: c:\appveyor\bin\E3.3DRoutingBridge\Mainline\E3.BridgeTest\TestFiles\Designer-32375\Results\2023-10-10--12-04-20_Designer_32375_temp.xml to xmlRefFileName: c:\appveyor\bin\E3.3DRoutingBridge\Mainline\E3.BridgeTest\TestFiles\Designer-32375\Results\2023-10-10--12-04-20_Designer_32375_ref_temp.xml&#xD;
[12:04:20]  Test Designer_32375 for Tool 3DRoutingBridge equal to Reference!&#xD;
[12:04:20]  Der Test  3DRoutingBridge is successful!&#xD;
[12:04:20]  TestCleanup</StdOut>
      </Output>
    </UnitTestResult>
    <UnitTestResult executionId="2683d1fd-1ffe-4e65-88a2-61d1da484748" testId="ea9f1e91-d1be-42ec-a5a0-62e87005a3a6" testName="Import_Optionen_QM836" computerName="EF62BDD48EA6" duration="00:00:18.4061111" startTime="2023-10-10T12:28:34.3648961+02:00" endTime="2023-10-10T12:28:52.8973298+02:00" testType="13cdc9d9-ddb5-4fa4-a97d-d965ccfc6d4b" outcome="Passed" testListId="8c84fa94-04c1-424b-9868-57a2d4851a1d" relativeResultsDirectory="2683d1fd-1ffe-4e65-88a2-61d1da484748">
      <Output>
        <StdOut>[12:28:34]  Start Test: Import_Optionen_QM836&#xD;
[12:28:35]  Defining database with name Standard...
Given paths are: c:\appveyor\bin\E3.3DRoutingBridge\Mainline\E3.BridgeTest\TestFiles\Import_Optionen_QM836\..\Databases\Standard\Components.mdb	c:\appveyor\bin\E3.3DRoutingBridge\Mainline\E3.BridgeTest\TestFiles\Import_Optionen_QM836\..\Databases\Standard\symbols.mdb	c:\appveyor\bin\E3.3DRoutingBridge\Mainline\E3.BridgeTest\TestFiles\Import_Optionen_QM836\..\Databases\Standard\Configuration.mdb&#xD;
[12:28:39]  Setting current database Standard&#xD;
[12:28:39]  E3 open project&#xD;
[12:28:40]  Doing repaircheck...&#xD;
[12:28:40]  Tool startet: c:\\appveyor\\bin\\E3.3DRoutingBridge\\Mainline\\bin\\Release\\x64\\E3_3DRoutingBridge.exe&#xD;
[12:28:52]  Tool fertig: c:\\appveyor\\bin\\E3.3DRoutingBridge\\Mainline\\bin\\Release\\x64\\E3_3DRoutingBridge.exe : ExitCode 0&#xD;
[12:28:52]  test.NAME: Import_Optionen_QM836&#xD;
[12:28:52]  preparedOutputFile: c:\appveyor\bin\E3.3DRoutingBridge\Mainline\E3.BridgeTest\TestFiles\Import_Optionen_QM836\Results\2023-10-10--12-28-52_Import_Optionen_QM836_temp.xml&#xD;
[12:28:52]  preparedReferenceFile: c:\appveyor\bin\E3.3DRoutingBridge\Mainline\E3.BridgeTest\TestFiles\Import_Optionen_QM836\Results\2023-10-10--12-28-52_Import_Optionen_QM836_ref_temp.xml&#xD;
[12:28:52]  Start CompareXML: xmlExportFileName: c:\appveyor\bin\E3.3DRoutingBridge\Mainline\E3.BridgeTest\TestFiles\Import_Optionen_QM836\Results\2023-10-10--12-28-52_Import_Optionen_QM836_temp.xml to xmlRefFileName: c:\appveyor\bin\E3.3DRoutingBridge\Mainline\E3.BridgeTest\TestFiles\Import_Optionen_QM836\Results\2023-10-10--12-28-52_Import_Optionen_QM836_ref_temp.xml&#xD;
[12:28:52]  Test Import_Optionen_QM836 for Tool 3DRoutingBridge equal to Reference!&#xD;
[12:28:52]  Der Test  3DRoutingBridge is successful!&#xD;
[12:28:52]  TestCleanup&#xD;

_____________________E3 output below_____________________
&#xD;
 E3: E³.series 2024 (Oct 10 2023 11:15:29 Build 25.00-Develop @264160) 64 Bit&#xD;
 E3: Workspace 'C:\Users\ContainerAdministrator\AppData\Roaming\Zuken\E3.series\25.0\workspace-cable-44.xml' could not be found. Workspace could not be opened!&#xD;
 E3: Project C:\b5b4a108-6b54-44cb-9ba3-2f6deb52c48e\temp.e3s created.&#xD;
 E3: I - Item Validation enabled&#xD;
 E3: I - Validating project&#xD;
 E3: I - Validation enabled for this project&#xD;
 E3: I - Closing project 'temp' without saving modifications...&#xD;
 E3: I - Opening Project  c:\appveyor\bin\E3.3DRoutingBridge\Mainline\E3.BridgeTest\TestFiles\AttributeUpdateTest_A_B_initial_QM829\TestData\AttributeUpdateTest_leer.e3s&#xD;
 E3: I - Updating internal structures: 200 cycles up to version 2505...&#xD;
 E3: 2305 &#xD;
 E3: 2306 &#xD;
 E3: 2307 &#xD;
 E3: 2308 &#xD;
 E3: 2309 &#xD;
 E3: 2310 &#xD;
 E3: 2311 &#xD;
 E3: 2312 &#xD;
 E3: 2399 &#xD;
 E3: 2400 &#xD;
 E3: 2401 &#xD;
 E3: 2402 &#xD;
 E3: 2403 &#xD;
 E3: 2404 &#xD;
 E3: 2405 &#xD;
 E3: 2406 &#xD;
 E3: 2407 &#xD;
 E3: 2408 &#xD;
 E3: 2499 &#xD;
 E3: 2500 &#xD;
 E3: 2501 &#xD;
 E3: 2502 &#xD;
 E3: 2503 &#xD;
 E3: 2504 &#xD;
 E3: OK.&#xD;
 E3: Project c:\appveyor\bin\E3.3DRoutingBridge\Mainline\E3.BridgeTest\TestFiles\AttributeUpdateTest_A_B_initial_QM829\TestData\AttributeUpdateTest_leer.e3s opened.&#xD;
 E3: W - Project has been opened in READ ONLY mode, you can't save any changes to the existing project!&#xD;
 E3: I - Item Validation enabled&#xD;
 E3: I - Validating project&#xD;
 E3: I - Validation enabled for this project&#xD;
 E3: repair_check_extended(0)&#xD;
 E3: --------------------------------------------------------------------------&#xD;
 E3: consistency check (17)....
&#xD;
 E3: ....
&#xD;
 E3: dump lost....
&#xD;
 E3: ....
&#xD;
 E3: new consistency check (45) and dump lost items (46)....
&#xD;
 E3: ....
&#xD;
 E3: - done -------------------------------------------------------------------
&#xD;
 E3: I - No known issues found&#xD;
 E3: Starting Harness Import import&#xD;
 E3:     Attribute BranchNodeID    : default DISPLAY parameters changed.&#xD;
 E3:     Attribute .AppRef         : default OWNER types changed&#xD;
 E3:     Attribute .AppRef         : default DISPLAY parameters changed.&#xD;
 E3: I - Formboard sheet '1' was created.&#xD;
 E3: I - Closing project 'AttributeUpdateTest_leer' without saving modifications...&#xD;
 E3: Project c:\appveyor\bin\E3.3DRoutingBridge\Mainline\E3.BridgeTest\TestFiles\AttributeUpdateTest_A_B_initial_QM829\TestData\temp.e3s created.&#xD;
 E3: I - Item Validation enabled&#xD;
 E3: I - Validating project&#xD;
 E3: I - Validation enabled for this project&#xD;
 E3: I - Closing project 'temp' without saving modifications...&#xD;
 E3: I - Opening Project  c:\appveyor\bin\E3.3DRoutingBridge\Mainline\E3.BridgeTest\TestFiles\AttributeUpdateTest_A_B_weg_QM829\TestData\AttributeUpdateTest.e3s&#xD;
 E3: I - Updating internal structures: 200 cycles up to version 2505...&#xD;
 E3: 2305 &#xD;
 E3: 2306 &#xD;
 E3: 2307 &#xD;
 E3: 2308 &#xD;
 E3: 2309 &#xD;
 E3: 2310 &#xD;
 E3: 2311 &#xD;
 E3: 2312 &#xD;
 E3: 2399 &#xD;
 E3: 2400 &#xD;
 E3: 2401 &#xD;
 E3: 2402 &#xD;
 E3: 2403 &#xD;
 E3: 2404 &#xD;
 E3: 2405 &#xD;
 E3: 2406 &#xD;
 E3: 2407 &#xD;
 E3: 2408 &#xD;
 E3: 2499 &#xD;
 E3: 2500 &#xD;
 E3: 2501 &#xD;
 E3: 2502 &#xD;
 E3: 2503 &#xD;
 E3: 2504 &#xD;
 E3: OK.&#xD;
 E3: Project c:\appveyor\bin\E3.3DRoutingBridge\Mainline\E3.BridgeTest\TestFiles\AttributeUpdateTest_A_B_weg_QM829\TestData\AttributeUpdateTest.e3s opened.&#xD;
 E3: W - Project has been opened in READ ONLY mode, you can't save any changes to the existing project!&#xD;
 E3: I - Item Validation enabled&#xD;
 E3: I - Validating project&#xD;
 E3: I - Validation enabled for this project&#xD;
 E3: repair_check_extended(0)&#xD;
 E3: --------------------------------------------------------------------------&#xD;
 E3: consistency check (17)....
&#xD;
 E3: ....
&#xD;
 E3: dump lost....
&#xD;
 E3: ....
&#xD;
 E3: new consistency check (45) and dump lost items (46)....
&#xD;
 E3: ....
&#xD;
 E3: - done -------------------------------------------------------------------
&#xD;
 E3: I - No known issues found&#xD;
 E3: Starting Harness Import import&#xD;
 E3:     Attribute BranchNodeID    : default DISPLAY parameters changed.&#xD;
 E3:     Attribute .AppRef         : default OWNER types changed&#xD;
 E3:     Attribute .AppRef         : default DISPLAY parameters changed.&#xD;
 E3: I - Formboard sheet '1' was created.&#xD;
 E3: I - Closing project 'AttributeUpdateTest' without saving modifications...&#xD;
 E3: Project c:\appveyor\bin\E3.3DRoutingBridge\Mainline\E3.BridgeTest\TestFiles\AttributeUpdateTest_A_B_weg_QM829\TestData\temp.e3s created.&#xD;
 E3: I - Item Validation enabled&#xD;
 E3: I - Validating project&#xD;
 E3: I - Validation enabled for this project&#xD;
 E3: I - Closing project 'temp' without saving modifications...&#xD;
 E3: I - Opening Project  c:\appveyor\bin\E3.3DRoutingBridge\Mainline\E3.BridgeTest\TestFiles\AttributeUpdateTest_B_weg_QM829\TestData\AttributeUpdateTest.e3s&#xD;
 E3: I - Updating internal structures: 200 cycles up to version 2505...&#xD;
 E3: 2305 &#xD;
 E3: 2306 &#xD;
 E3: 2307 &#xD;
 E3: 2308 &#xD;
 E3: 2309 &#xD;
 E3: 2310 &#xD;
 E3: 2311 &#xD;
 E3: 2312 &#xD;
 E3: 2399 &#xD;
 E3: 2400 &#xD;
 E3: 2401 &#xD;
 E3: 2402 &#xD;
 E3: 2403 &#xD;
 E3: 2404 &#xD;
 E3: 2405 &#xD;
 E3: 2406 &#xD;
 E3: 2407 &#xD;
 E3: 2408 &#xD;
 E3: 2499 &#xD;
 E3: 2500 &#xD;
 E3: 2501 &#xD;
 E3: 2502 &#xD;
 E3: 2503 &#xD;
 E3: 2504 &#xD;
 E3: OK.&#xD;
 E3: Project c:\appveyor\bin\E3.3DRoutingBridge\Mainline\E3.BridgeTest\TestFiles\AttributeUpdateTest_B_weg_QM829\TestData\AttributeUpdateTest.e3s opened.&#xD;
 E3: W - Project has been opened in READ ONLY mode, you can't save any changes to the existing project!&#xD;
 E3: I - Item Validation enabled&#xD;
 E3: I - Validating project&#xD;
 E3: I - Validation enabled for this project&#xD;
 E3: repair_check_extended(0)&#xD;
 E3: --------------------------------------------------------------------------&#xD;
 E3: consistency check (17)....
&#xD;
 E3: ....
&#xD;
 E3: dump lost....
&#xD;
 E3: ....
&#xD;
 E3: new consistency check (45) and dump lost items (46)....
&#xD;
 E3: ....
&#xD;
 E3: - done -------------------------------------------------------------------
&#xD;
 E3: I - No known issues found&#xD;
 E3: Starting Harness Import import&#xD;
 E3:     Attribute BranchNodeID    : default DISPLAY parameters changed.&#xD;
 E3:     Attribute .AppRef         : default OWNER types changed&#xD;
 E3:     Attribute .AppRef         : default DISPLAY parameters changed.&#xD;
 E3: I - Formboard sheet '1' was created.&#xD;
 E3: I - Closing project 'AttributeUpdateTest' without saving modifications...&#xD;
 E3: Project c:\appveyor\bin\E3.3DRoutingBridge\Mainline\E3.BridgeTest\TestFiles\AttributeUpdateTest_B_weg_QM829\TestData\temp.e3s created.&#xD;
 E3: I - Item Validation enabled&#xD;
 E3: I - Validating project&#xD;
 E3: I - Validation enabled for this project&#xD;
 E3: I - Closing project 'temp' without saving modifications...&#xD;
 E3: I - Opening Project  c:\appveyor\bin\E3.3DRoutingBridge\Mainline\E3.BridgeTest\TestFiles\AttributeUpdateTest_C_dazu_QM829\TestData\AttributeUpdateTest.e3s&#xD;
 E3: I - Updating internal structures: 200 cycles up to version 2505...&#xD;
 E3: 2305 &#xD;
 E3: 2306 &#xD;
 E3: 2307 &#xD;
 E3: 2308 &#xD;
 E3: 2309 &#xD;
 E3: 2310 &#xD;
 E3: 2311 &#xD;
 E3: 2312 &#xD;
 E3: 2399 &#xD;
 E3: 2400 &#xD;
 E3: 2401 &#xD;
 E3: 2402 &#xD;
 E3: 2403 &#xD;
 E3: 2404 &#xD;
 E3: 2405 &#xD;
 E3: 2406 &#xD;
 E3: 2407 &#xD;
 E3: 2408 &#xD;
 E3: 2499 &#xD;
 E3: 2500 &#xD;
 E3: 2501 &#xD;
 E3: 2502 &#xD;
 E3: 2503 &#xD;
 E3: 2504 &#xD;
 E3: OK.&#xD;
 E3: Project c:\appveyor\bin\E3.3DRoutingBridge\Mainline\E3.BridgeTest\TestFiles\AttributeUpdateTest_C_dazu_QM829\TestData\AttributeUpdateTest.e3s opened.&#xD;
 E3: W - Project has been opened in READ ONLY mode, you can't save any changes to the existing project!&#xD;
 E3: I - Item Validation enabled&#xD;
 E3: I - Validating project&#xD;
 E3: I - Validation enabled for this project&#xD;
 E3: repair_check_extended(0)&#xD;
 E3: --------------------------------------------------------------------------&#xD;
 E3: consistency check (17)....
&#xD;
 E3: ....
&#xD;
 E3: dump lost....
&#xD;
 E3: ....
&#xD;
 E3: new consistency check (45) and dump lost items (46)....
&#xD;
 E3: ....
&#xD;
 E3: - done -------------------------------------------------------------------
&#xD;
 E3: I - No known issues found&#xD;
 E3: Starting Harness Import import&#xD;
 E3:     Attribute BranchNodeID    : default DISPLAY parameters changed.&#xD;
 E3:     Attribute .AppRef         : default OWNER types changed&#xD;
 E3:     Attribute .AppRef         : default DISPLAY parameters changed.&#xD;
 E3: I - Formboard sheet '1' was created.&#xD;
 E3: I - Closing project 'AttributeUpdateTest' without saving modifications...&#xD;
 E3: Project c:\appveyor\bin\E3.3DRoutingBridge\Mainline\E3.BridgeTest\TestFiles\AttributeUpdateTest_C_dazu_QM829\TestData\temp.e3s created.&#xD;
 E3: I - Item Validation enabled&#xD;
 E3: I - Validating project&#xD;
 E3: I - Validation enabled for this project&#xD;
 E3: I - Closing project 'temp' without saving modifications...&#xD;
 E3: I - Opening Project  c:\appveyor\bin\E3.3DRoutingBridge\Mainline\E3.BridgeTest\TestFiles\Designer-31159\TestData\Siemens_3_connectors - Copy (2).e3s&#xD;
 E3: I - Updating internal structures: 200 cycles up to version 2505...&#xD;
 E3: 2305 &#xD;
 E3: 2306 &#xD;
 E3: 2307 &#xD;
 E3: 2308 &#xD;
 E3: 2309 &#xD;
 E3: 2310 &#xD;
 E3: 2311 &#xD;
 E3: 2312 &#xD;
 E3: 2399 &#xD;
 E3: 2400 &#xD;
 E3: 2401 &#xD;
 E3: 2402 &#xD;
 E3: 2403 &#xD;
 E3: 2404 &#xD;
 E3: 2405 &#xD;
 E3: 2406 &#xD;
 E3: 2407 &#xD;
 E3: 2408 &#xD;
 E3: 2499 &#xD;
 E3: 2500 &#xD;
 E3: 2501 &#xD;
 E3: 2502 &#xD;
 E3: 2503 &#xD;
 E3: 2504 &#xD;
 E3: OK.&#xD;
 E3: Project c:\appveyor\bin\E3.3DRoutingBridge\Mainline\E3.BridgeTest\TestFiles\Designer-31159\TestData\Siemens_3_connectors - Copy (2).e3s opened.&#xD;
 E3: W - Project has been opened in READ ONLY mode, you can't save any changes to the existing project!&#xD;
 E3: I - Item Validation enabled&#xD;
 E3: I - Validating project&#xD;
 E3: I - Validation enabled for this project&#xD;
 E3: repair_check_extended(0)&#xD;
 E3: --------------------------------------------------------------------------&#xD;
 E3: consistency check (17)....
&#xD;
 E3: ....
&#xD;
 E3: dump lost....
&#xD;
 E3: ....
&#xD;
 E3: new consistency check (45) and dump lost items (46)....
&#xD;
 E3: ....
&#xD;
 E3: - done -------------------------------------------------------------------
&#xD;
 E3: summary:
       check id   count                    (message) - info 
--------------------------------------------------------------------&#xD;
 E3: I - CCID:002578:      1                    (check_symbol_references: symbol '%s' not found in project, referenced by %s) - activate TE_85 to list each info in the report list!&#xD;
 E3: --------------------------------------------------------------------&#xD;
 E3: I -      1 total messages with 1 different check ids&#xD;
 E3: Starting Harness Import import&#xD;
 E3:     Attribute BranchNodeID    : default DISPLAY parameters changed.&#xD;
 E3:     Attribute .AppRef         : default OWNER types changed&#xD;
 E3:     Attribute .AppRef         : default DISPLAY parameters changed.&#xD;
 E3: W - Device designation 3_pin_green_square already exists for another device! &#xD;
 E3: I - Formboard sheet 'simple_example_flatten_new' was created.&#xD;
 E3: I - Closing project 'Siemens_3_connectors - Copy (2)' without saving modifications...&#xD;
 E3: Project c:\appveyor\bin\E3.3DRoutingBridge\Mainline\E3.BridgeTest\TestFiles\Designer-31159\TestData\temp.e3s created.&#xD;
 E3: I - Item Validation enabled&#xD;
 E3: I - Validating project&#xD;
 E3: I - Validation enabled for this project&#xD;
 E3: I - Closing project 'temp' without saving modifications...&#xD;
 E3: I - Opening Project  c:\appveyor\bin\E3.3DRoutingBridge\Mainline\E3.BridgeTest\TestFiles\Templates\Empty.e3s&#xD;
 E3: I - Updating internal structures: 200 cycles up to version 2505...&#xD;
 E3: 2305 &#xD;
 E3: 2306 &#xD;
 E3: 2307 &#xD;
 E3: 2308 &#xD;
 E3: 2309 &#xD;
 E3: 2310 &#xD;
 E3: 2311 &#xD;
 E3: 2312 &#xD;
 E3: 2399 &#xD;
 E3: 2400 &#xD;
 E3: 2401 &#xD;
 E3: 2402 &#xD;
 E3: 2403 &#xD;
 E3: 2404 &#xD;
 E3: 2405 &#xD;
 E3: 2406 &#xD;
 E3: 2407 &#xD;
 E3: 2408 &#xD;
 E3: 2499 &#xD;
 E3: 2500 &#xD;
 E3: 2501 &#xD;
 E3: 2502 &#xD;
 E3: 2503 &#xD;
 E3: 2504 &#xD;
 E3: OK.&#xD;
 E3: Project c:\appveyor\bin\E3.3DRoutingBridge\Mainline\E3.BridgeTest\TestFiles\Templates\Empty.e3s opened.&#xD;
 E3: W - Project has been opened in READ ONLY mode, you can't save any changes to the existing project!&#xD;
 E3: I - Item Validation enabled&#xD;
 E3: I - Validating project&#xD;
 E3: I - Validation enabled for this project&#xD;
 E3: repair_check_extended(0)&#xD;
 E3: --------------------------------------------------------------------------&#xD;
 E3: consistency check (17)....
&#xD;
 E3: ....
&#xD;
 E3: dump lost....
&#xD;
 E3: ....
&#xD;
 E3: new consistency check (45) and dump lost items (46)....
&#xD;
 E3: ....
&#xD;
 E3: - done -------------------------------------------------------------------
&#xD;
 E3: I - No known issues found&#xD;
 E3: Starting Harness Import import&#xD;
 E3: W - The sheet name must not contain following character: ; , &lt; &gt; ' space. Therefore, this characters are replaced by '_'.&#xD;
 E3: I - Loading DT04-12P as mating connector of DT06-12S... &#xD;
 E3: I - Loading DT-C-B-AWG14-16 as crimp contact of DT06-12S... &#xD;
 E3: I - Loading DT-C-B-AWG16-18 as crimp contact of DT06-12S... &#xD;
 E3: I - Loading DT-C-S-AWG14-16 as crimp contact of DT04-12P... &#xD;
 E3: I - Loading DT-C-S-AWG16-18 as crimp contact of DT04-12P... &#xD;
 E3: Fixing 'SP428a' can not be imported. It has no component code and no default component for fixings is defined!&#xD;
 E3: Fixing 'SP429a' can not be imported. It has no component code and no default component for fixings is defined!&#xD;
 E3: Fixing 'SP426a' can not be imported. It has no component code and no default component for fixings is defined!&#xD;
 E3: Fixing 'SP427a' can not be imported. It has no component code and no default component for fixings is defined!&#xD;
 E3: Fixing 'SP431a' can not be imported. It has no component code and no default component for fixings is defined!&#xD;
 E3: Fixing 'SP430a' can not be imported. It has no component code and no default component for fixings is defined!&#xD;
 E3: Fixing 'SP152a' can not be imported. It has no component code and no default component for fixings is defined!&#xD;
 E3: Fixing 'SP205a' can not be imported. It has no component code and no default component for fixings is defined!&#xD;
 E3: W - Component 17A0085 not found in database !&#xD;
 E3: W - Cannot load Component '17A0085' from database - look in output window for details... &#xD;
 E3: E - Cannot create new device 'W1141' with component '17A0085'&#xD;
 E3: W - Component 17A0085 not found in database !&#xD;
 E3: W - Cannot load Component '17A0085' from database - look in output window for details... &#xD;
 E3: E - Cannot create new device 'W455' with component '17A0085'&#xD;
 E3: W - Component 17A0085 not found in database !&#xD;
 E3: W - Cannot load Component '17A0085' from database - look in output window for details... &#xD;
 E3: E - Cannot create new device 'W1137' with component '17A0085'&#xD;
 E3: W - Component 17A0085 not found in database !&#xD;
 E3: W - Cannot load Component '17A0085' from database - look in output window for details... &#xD;
 E3: E - Cannot create new device 'W1136' with component '17A0085'&#xD;
 E3: W - Component 17A0085 not found in database !&#xD;
 E3: W - Cannot load Component '17A0085' from database - look in output window for details... &#xD;
 E3: E - Cannot create new device 'W1140' with component '17A0085'&#xD;
 E3: W - Component 17A0085 not found in database !&#xD;
 E3: W - Cannot load Component '17A0085' from database - look in output window for details... &#xD;
 E3: E - Cannot create new device 'W1138' with component '17A0085'&#xD;
 E3: W - Component 17A0085 not found in database !&#xD;
 E3: W - Cannot load Component '17A0085' from database - look in output window for details... &#xD;
 E3: E - Cannot create new device 'W1139' with component '17A0085'&#xD;
 E3: I - Formboard sheet 'trend_A_new_new_-_Copy' was created.&#xD;
 E3: I - Closing project 'Empty' without saving modifications...&#xD;
 E3: Project c:\appveyor\bin\E3.3DRoutingBridge\Mainline\E3.BridgeTest\TestFiles\Templates\temp.e3s created.&#xD;
 E3: I - Item Validation enabled&#xD;
 E3: I - Validating project&#xD;
 E3: I - Validation enabled for this project&#xD;
 E3: I - Closing project 'temp' without saving modifications...&#xD;
 E3: I - Opening Project  c:\appveyor\bin\E3.3DRoutingBridge\Mainline\E3.BridgeTest\TestFiles\Templates\Empty.e3s&#xD;
 E3: I - Updating internal structures: 200 cycles up to version 2505...&#xD;
 E3: 2305 &#xD;
 E3: 2306 &#xD;
 E3: 2307 &#xD;
 E3: 2308 &#xD;
 E3: 2309 &#xD;
 E3: 2310 &#xD;
 E3: 2311 &#xD;
 E3: 2312 &#xD;
 E3: 2399 &#xD;
 E3: 2400 &#xD;
 E3: 2401 &#xD;
 E3: 2402 &#xD;
 E3: 2403 &#xD;
 E3: 2404 &#xD;
 E3: 2405 &#xD;
 E3: 2406 &#xD;
 E3: 2407 &#xD;
 E3: 2408 &#xD;
 E3: 2499 &#xD;
 E3: 2500 &#xD;
 E3: 2501 &#xD;
 E3: 2502 &#xD;
 E3: 2503 &#xD;
 E3: 2504 &#xD;
 E3: OK.&#xD;
 E3: Project c:\appveyor\bin\E3.3DRoutingBridge\Mainline\E3.BridgeTest\TestFiles\Templates\Empty.e3s opened.&#xD;
 E3: W - Project has been opened in READ ONLY mode, you can't save any changes to the existing project!&#xD;
 E3: I - Item Validation enabled&#xD;
 E3: I - Validating project&#xD;
 E3: I - Validation enabled for this project&#xD;
 E3: repair_check_extended(0)&#xD;
 E3: --------------------------------------------------------------------------&#xD;
 E3: consistency check (17)....
&#xD;
 E3: ....
&#xD;
 E3: dump lost....
&#xD;
 E3: ....
&#xD;
 E3: new consistency check (45) and dump lost items (46)....
&#xD;
 E3: ....
&#xD;
 E3: - done -------------------------------------------------------------------
&#xD;
 E3: I - No known issues found&#xD;
 E3: I - Text type 23 now assigned to attribute LAM_SHEET_DRAWING_NUMBER.&#xD;
 E3: I - Assignment for text type 412 changed from attribute WireNumber_Wire to LAM_NGP_QTY.&#xD;
 E3: I - Assignment for text type 413 changed from attribute WireNumber_Add to LAM_NGP_NUMBER.&#xD;
 E3: I - Text type 100 now assigned to attribute LAM_CURRENT_RATING.&#xD;
 E3: I - Text type 102 now assigned to attribute LAM_COIL_VOLTAGE.&#xD;
 E3: I - Text type 501 now assigned to attribute LAM_SHEET_DRAWING_TITLE.&#xD;
 E3: I - Text type 513 now assigned to attribute LAM_SHEET_SITE_LOCATION.&#xD;
 E3: I - Text type 514 now assigned to attribute LAM_Sheet_Revision.&#xD;
 E3: I - Text type 522 now assigned to attribute LAM_BLOCK_DESCRIPTION.&#xD;
 E3: I - Text type 523 now assigned to attribute LAM_BLOCK_PN.&#xD;
 E3: I - Text type 526 now assigned to attribute LAM_SHEET_CATEGORY_TYPE.&#xD;
 E3: I - Text type 529 now assigned to attribute LAM_SYMBOL_TEXT.&#xD;
 E3: I - Text type 531 now assigned to attribute LAM_TAB_SYMBOL_1.&#xD;
 E3: I - Text type 532 now assigned to attribute LAM_TAB_SYMBOL_2.&#xD;
 E3: I - Text type 533 now assigned to attribute LAM_TAB_SYMBOL_3.&#xD;
 E3: I - Text type 534 now assigned to attribute LAM_TAB_SYMBOL_4.&#xD;
 E3: I - Text type 535 now assigned to attribute LAM_TAB_SYMBOL_5.&#xD;
 E3: I - Text type 536 now assigned to attribute LAM_TAB_SYMBOL_6.&#xD;
 E3: I - Text type 541 now assigned to attribute LAM_NOTE_NUMBER.&#xD;
 E3: I - Text type 542 now assigned to attribute LAM_NOTE_TEXT_CUSTOM.&#xD;
 E3: I - Text type 543 now assigned to attribute LAM_PARENT_CONNECTOR.&#xD;
 E3: I - Text type 544 now assigned to attribute BOMposContact.&#xD;
 E3: I - Text type 545 now assigned to attribute BOMposContact2.&#xD;
 E3: I - Text type 546 now assigned to attribute BOMposContact3.&#xD;
 E3: I - Text type 547 now assigned to attribute LAM_CONTACT_QUANTITY.&#xD;
 E3: I - Text type 548 now assigned to attribute LAM_CONTACT_QUANTITY2.&#xD;
 E3: I - Text type 549 now assigned to attribute LAM_CONTACT_QUANTITY3.&#xD;
 E3: I - Text type 550 now assigned to attribute bomPosWire.&#xD;
 E3: I - Text type 551 now assigned to attribute LAM_LABEL_TEXT.&#xD;
 E3: I - Text type 552 now assigned to attribute LAM_CABLE_ASSEMBLY_PN.&#xD;
 E3: I - Text type 553 now assigned to attribute LAM_TITLE_TOL_XX.&#xD;
 E3: I - Text type 554 now assigned to attribute LAM_TITLE_TOL_XXX.&#xD;
 E3: I - Text type 555 now assigned to attribute LAM_TITLE_TOL_ANGLE.&#xD;
 E3: I - Text type 556 now assigned to attribute LAM_TITLE_TOL_SURFACE.&#xD;
 E3: I - Text type 557 now assigned to attribute .CONNECTOR_NAME.&#xD;
 E3: I - Text type 558 now assigned to attribute LAM_TAB_SYMBOL_7.&#xD;
 E3: I - Text type 559 now assigned to attribute TWISTED_PAIR.&#xD;
 E3: I - Text type 561 now assigned to attribute bomPosWire(2).&#xD;
 E3: I - Text type 562 now assigned to attribute LAM_VALUE.&#xD;
 E3: I - Text type 600 now assigned to attribute BranchNodeID.&#xD;
 E3: I - Text type 563 now assigned to attribute CuttingLength.&#xD;
 E3: W - Attribute MinBendRadius:&#xD;
 E3:     User name Minimum Bend Radius already used for LAM_MIN_BEND_RADIUS; ignored&#xD;
 E3: Starting Harness Import import&#xD;
 E3:     Attribute BranchNodeID    : default RESTRICTion parameters changed.&#xD;
 E3:     Attribute BranchNodeID    : default DISPLAY parameters changed.&#xD;
 E3:     Attribute .AppRef         : default OWNER types changed&#xD;
 E3:     Attribute .AppRef         : default DISPLAY parameters changed.&#xD;
 E3: I - Loading 235157/122357/235158/211214/235164/234154_STUD1/4_18-2AWG as mating connector of 673-143291-001... &#xD;
 E3: I - Loading 672-235157-005 as crimp contact of 235157/122357/235158/211214/235164/234154_STUD1/4_18-2AWG... &#xD;
 E3: I - Loading 672-122357-004 as crimp contact of 235157/122357/235158/211214/235164/234154_STUD1/4_18-2AWG... &#xD;
 E3: I - Loading 672-235158-003 as crimp contact of 235157/122357/235158/211214/235164/234154_STUD1/4_18-2AWG... &#xD;
 E3: I - Loading 672-211214-003 as crimp contact of 235157/122357/235158/211214/235164/234154_STUD1/4_18-2AWG... &#xD;
 E3: I - Loading 672-235164-002 as crimp contact of 235157/122357/235158/211214/235164/234154_STUD1/4_18-2AWG... &#xD;
 E3: I - Loading 672-234154-002 as crimp contact of 235157/122357/235158/211214/235164/234154_STUD1/4_18-2AWG... &#xD;
 E3: E - Value 'NO-P/N' for attribute 'E3 DB STATUS' not found in list of values 'E3 DB STATUS'.&#xD;
 E3: I - Loading 122357/235158/211214/235164/234154/249567_STUD10_16-2AWG as mating connector of 670-246843-009... &#xD;
 E3: I - Loading 672-211214-002 as crimp contact of 122357/235158/211214/235164/234154/249567_STUD10_16-2AWG... &#xD;
 E3: I - Loading 672-234154-001 as crimp contact of 122357/235158/211214/235164/234154/249567_STUD10_16-2AWG... &#xD;
 E3: I - Loading 672-122357-003 as crimp contact of 122357/235158/211214/235164/234154/249567_STUD10_16-2AWG... &#xD;
 E3: I - Loading 672-235158-002 as crimp contact of 122357/235158/211214/235164/234154/249567_STUD10_16-2AWG... &#xD;
 E3: I - Loading 672-235164-001 as crimp contact of 122357/235158/211214/235164/234154/249567_STUD10_16-2AWG... &#xD;
 E3: I - Loading 672-249567-001 as crimp contact of 122357/235158/211214/235164/234154/249567_STUD10_16-2AWG... &#xD;
 E3: E - Value 'NO-P/N' for attribute 'E3 DB STATUS' not found in list of values 'E3 DB STATUS'.&#xD;
 E3: I - Loading 236556/237253/237254/237246/237247/237248/237249_STUD10_22-2AWG as mating connector of 670-246843-012... &#xD;
 E3: I - Loading 672-236556-004 as crimp contact of 236556/237253/237254/237246/237247/237248/237249_STUD10_22-2AWG... &#xD;
 E3: I - Loading 672-237253-004 as crimp contact of 236556/237253/237254/237246/237247/237248/237249_STUD10_22-2AWG... &#xD;
 E3: I - Loading 672-237254-003 as crimp contact of 236556/237253/237254/237246/237247/237248/237249_STUD10_22-2AWG... &#xD;
 E3: I - Loading 672-237246-002 as crimp contact of 236556/237253/237254/237246/237247/237248/237249_STUD10_22-2AWG... &#xD;
 E3: I - Loading 672-237247-002 as crimp contact of 236556/237253/237254/237246/237247/237248/237249_STUD10_22-2AWG... &#xD;
 E3: I - Loading 672-237248-001 as crimp contact of 236556/237253/237254/237246/237247/237248/237249_STUD10_22-2AWG... &#xD;
 E3: I - Loading 672-237249-001 as crimp contact of 236556/237253/237254/237246/237247/237248/237249_STUD10_22-2AWG... &#xD;
 E3: Protection '686-121195-001' can not be imported. It has no component code and no default component for protections is defined!&#xD;
 E3: Protection '686-121195-001' can not be imported. It has no component code and no default component for protections is defined!&#xD;
 E3: Protection '686-121195-001' can not be imported. It has no component code and no default component for protections is defined!&#xD;
 E3: Protection '686-121195-001' can not be imported. It has no component code and no default component for protections is defined!&#xD;
 E3: Protection '686-121195-001' can not be imported. It has no component code and no default component for protections is defined!&#xD;
 E3: Protection '686-121195-001' can not be imported. It has no component code and no default component for protections is defined!&#xD;
 E3: Protection '686-121195-001' can not be imported. It has no component code and no default component for protections is defined!&#xD;
 E3: Protection '686-121195-001' can not be imported. It has no component code and no default component for protections is defined!&#xD;
 E3: Protection '686-121195-001' can not be imported. It has no component code and no default component for protections is defined!&#xD;
 E3: Protection '686-121195-001' can not be imported. It has no component code and no default component for protections is defined!&#xD;
 E3: Protection '686-121195-001' can not be imported. It has no component code and no default component for protections is defined!&#xD;
 E3: I - Wire 'W824' has been created with default wire group 'DefaultWireGroup' and wire 'DefaultWire'.&#xD;
 E3: I - Wire 'W951' has been created with default wire group 'DefaultWireGroup' and wire 'DefaultWire'.&#xD;
 E3: I - Wire 'W950' has been created with default wire group 'DefaultWireGroup' and wire 'DefaultWire'.&#xD;
 E3: I - Wire 'W828' has been created with default wire group 'DefaultWireGroup' and wire 'DefaultWire'.&#xD;
 E3: I - Wire 'W880' has been created with default wire group 'DefaultWireGroup' and wire 'DefaultWire'.&#xD;
 E3: I - Wire 'W1218' has been created with default wire group 'DefaultWireGroup' and wire 'DefaultWire'.&#xD;
 E3: I - Wire 'W831' has been created with default wire group 'DefaultWireGroup' and wire 'DefaultWire'.&#xD;
 E3: I - Wire 'W937' has been created with default wire group 'DefaultWireGroup' and wire 'DefaultWire'.&#xD;
 E3: I - Wire 'W1221' has been created with default wire group 'DefaultWireGroup' and wire 'DefaultWire'.&#xD;
 E3: I - Wire 'W823' has been created with default wire group 'DefaultWireGroup' and wire 'DefaultWire'.&#xD;
 E3: I - Wire 'W1220' has been created with default wire group 'DefaultWireGroup' and wire 'DefaultWire'.&#xD;
 E3: I - Wire 'W938' has been created with default wire group 'DefaultWireGroup' and wire 'DefaultWire'.&#xD;
 E3: I - Wire 'W852' has been created with default wire group 'DefaultWireGroup' and wire 'DefaultWire'.&#xD;
 E3: I - Wire 'W1219' has been created with default wire group 'DefaultWireGroup' and wire 'DefaultWire'.&#xD;
 E3: W - Device designation -672-235157-005_RQ already exists for another device! &#xD;
 E3: W - Device designation -672-249567-001 already exists for another device! &#xD;
 E3: I - Formboard sheet 'LRQA' was created.&#xD;
 E3: I - Closing project 'Empty' without saving modifications...&#xD;
 E3: Project c:\appveyor\bin\E3.3DRoutingBridge\Mainline\E3.BridgeTest\TestFiles\Templates\temp.e3s created.&#xD;
 E3: I - Item Validation enabled&#xD;
 E3: I - Validating project&#xD;
 E3: I - Validation enabled for this project&#xD;
 E3: I - Closing project 'temp' without saving modifications...&#xD;
 E3: I - Opening Project  c:\appveyor\bin\E3.3DRoutingBridge\Mainline\E3.BridgeTest\TestFiles\Designer-31785\TestData\V1_Bernd.e3s&#xD;
 E3: I - Updating internal structures: 200 cycles up to version 2505...&#xD;
 E3: 2305 &#xD;
 E3: 2306 &#xD;
 E3: 2307 &#xD;
 E3: 2308 &#xD;
 E3: 2309 &#xD;
 E3: 2310 &#xD;
 E3: 2311 &#xD;
 E3: 2312 &#xD;
 E3: 2399 &#xD;
 E3: 2400 &#xD;
 E3: 2401 &#xD;
 E3: 2402 &#xD;
 E3: 2403 &#xD;
 E3: 2404 &#xD;
 E3: 2405 &#xD;
 E3: 2406 &#xD;
 E3: 2407 &#xD;
 E3: 2408 &#xD;
 E3: 2499 &#xD;
 E3: 2500 &#xD;
 E3: 2501 &#xD;
 E3: 2502 &#xD;
 E3: 2503 &#xD;
 E3: 2504 &#xD;
 E3: OK.&#xD;
 E3: Project c:\appveyor\bin\E3.3DRoutingBridge\Mainline\E3.BridgeTest\TestFiles\Designer-31785\TestData\V1_Bernd.e3s opened.&#xD;
 E3: W - Project has been opened in READ ONLY mode, you can't save any changes to the existing project!&#xD;
 E3: I - Item Validation enabled&#xD;
 E3: I - Validating project&#xD;
 E3: I - Validation enabled for this project&#xD;
 E3: repair_check_extended(0)&#xD;
 E3: --------------------------------------------------------------------------&#xD;
 E3: consistency check (17)....
&#xD;
 E3: ....
&#xD;
 E3: dump lost....
&#xD;
 E3: ....
&#xD;
 E3: new consistency check (45) and dump lost items (46)....
&#xD;
 E3: ....
&#xD;
 E3: - done -------------------------------------------------------------------
&#xD;
 E3: summary:
       check id   count                    (message) - info 
--------------------------------------------------------------------&#xD;
 E3: I - CCID:002578:      1                    (check_symbol_references: symbol '%s' not found in project, referenced by %s) - activate TE_85 to list each info in the report list!&#xD;
 E3: --------------------------------------------------------------------&#xD;
 E3: I -      1 total messages with 1 different check ids&#xD;
 E3: Starting Harness Import import&#xD;
 E3: W - Harness may not fit to sheet region. Some objects can remain out of the visible region. To locate the objects resize the sheet region or adjust the scale of the sheet region.&#xD;
 E3:     Attribute BranchNodeID    : default DISPLAY parameters changed.&#xD;
 E3:     Attribute .AppRef         : default OWNER types changed&#xD;
 E3:     Attribute .AppRef         : default DISPLAY parameters changed.&#xD;
 E3: Protection 'Wrap_0125_mm' can not be imported. It has no component code and no default component for protections is defined!&#xD;
 E3: Protection 'Wrap_0145_mm' can not be imported. It has no component code and no default component for protections is defined!&#xD;
 E3: I - Formboard sheet 'V1_bernd' was created.&#xD;
 E3: I - Closing project 'V1_Bernd' without saving modifications...&#xD;
 E3: Project c:\appveyor\bin\E3.3DRoutingBridge\Mainline\E3.BridgeTest\TestFiles\Designer-31785\TestData\temp.e3s created.&#xD;
 E3: I - Item Validation enabled&#xD;
 E3: I - Validating project&#xD;
 E3: I - Validation enabled for this project&#xD;
 E3: I - Closing project 'temp' without saving modifications...&#xD;
 E3: I - Opening Project  c:\appveyor\bin\E3.3DRoutingBridge\Mainline\E3.BridgeTest\TestFiles\Templates\Empty.e3s&#xD;
 E3: I - Updating internal structures: 200 cycles up to version 2505...&#xD;
 E3: 2305 &#xD;
 E3: 2306 &#xD;
 E3: 2307 &#xD;
 E3: 2308 &#xD;
 E3: 2309 &#xD;
 E3: 2310 &#xD;
 E3: 2311 &#xD;
 E3: 2312 &#xD;
 E3: 2399 &#xD;
 E3: 2400 &#xD;
 E3: 2401 &#xD;
 E3: 2402 &#xD;
 E3: 2403 &#xD;
 E3: 2404 &#xD;
 E3: 2405 &#xD;
 E3: 2406 &#xD;
 E3: 2407 &#xD;
 E3: 2408 &#xD;
 E3: 2499 &#xD;
 E3: 2500 &#xD;
 E3: 2501 &#xD;
 E3: 2502 &#xD;
 E3: 2503 &#xD;
 E3: 2504 &#xD;
 E3: OK.&#xD;
 E3: Project c:\appveyor\bin\E3.3DRoutingBridge\Mainline\E3.BridgeTest\TestFiles\Templates\Empty.e3s opened.&#xD;
 E3: W - Project has been opened in READ ONLY mode, you can't save any changes to the existing project!&#xD;
 E3: I - Item Validation enabled&#xD;
 E3: I - Validating project&#xD;
 E3: I - Validation enabled for this project&#xD;
 E3: repair_check_extended(0)&#xD;
 E3: --------------------------------------------------------------------------&#xD;
 E3: consistency check (17)....
&#xD;
 E3: ....
&#xD;
 E3: dump lost....
&#xD;
 E3: ....
&#xD;
 E3: new consistency check (45) and dump lost items (46)....
&#xD;
 E3: ....
&#xD;
 E3: - done -------------------------------------------------------------------
&#xD;
 E3: I - No known issues found&#xD;
 E3: Starting Harness Import import&#xD;
 E3: W - Component KU5T-14463-JA not found in database !&#xD;
 E3: W - Cannot load Component 'KU5T-14463-JA' from database - look in output window for details... &#xD;
 E3: E - Cannot create new device 'KU5T-14463-J_4.1' with component 'KU5T-14463-JA'&#xD;
 E3: W - Component GU5T-14A464-RC not found in database !&#xD;
 E3: W - Cannot load Component 'GU5T-14A464-RC' from database - look in output window for details... &#xD;
 E3: E - Cannot create new device 'C1DC14-GAAB.1' with component 'GU5T-14A464-RC'&#xD;
 E3: W - Component 5F2T-14A464-DA not found in database !&#xD;
 E3: W - Cannot load Component '5F2T-14A464-DA' from database - look in output window for details... &#xD;
 E3: E - Cannot create new device '5F2T-14A464-DA.1' with component '5F2T-14A464-DA'&#xD;
 E3: W - Component GU5T-14A464-RC not found in database !&#xD;
 E3: W - Cannot load Component 'GU5T-14A464-RC' from database - look in output window for details... &#xD;
 E3: E - Cannot create new device 'C1DC14-GAAB.2' with component 'GU5T-14A464-RC'&#xD;
 E3: W - Component 4W7T-14A464-CB not found in database !&#xD;
 E3: W - Cannot load Component '4W7T-14A464-CB' from database - look in output window for details... &#xD;
 E3: E - Cannot create new device 'C1H302-C - COMPRESSOR' with component '4W7T-14A464-CB'&#xD;
 E3: W - Component EU5T-14A464-AEA not found in database !&#xD;
 E3: W - Cannot load Component 'EU5T-14A464-AEA' from database - look in output window for details... &#xD;
 E3: E - Cannot create new device 'C1H302-D - COMPRESSOR' with component 'EU5T-14A464-AEA'&#xD;
 E3: W - Component EU5T-14A464-AEA not found in database !&#xD;
 E3: W - Cannot load Component 'EU5T-14A464-AEA' from database - look in output window for details... &#xD;
 E3: E - Cannot create new device 'C1H302-B - COMPRESSOR' with component 'EU5T-14A464-AEA'&#xD;
 E3: W - Component 4W7T-14A464-CB not found in database !&#xD;
 E3: W - Cannot load Component '4W7T-14A464-CB' from database - look in output window for details... &#xD;
 E3: E - Cannot create new device 'C1H302-A - COMPRESSOR' with component '4W7T-14A464-CB'&#xD;
 E3: W - Component JU5T-14A464-FB not found in database !&#xD;
 E3: W - Cannot load Component 'JU5T-14A464-FB' from database - look in output window for details... &#xD;
 E3: E - Cannot create new device 'C11-FLF     - INLINE 14290' with component 'JU5T-14A464-FB'&#xD;
 E3: W - Component 6L2T-14A464-AD not found in database !&#xD;
 E3: W - Cannot load Component '6L2T-14A464-AD' from database - look in output window for details... &#xD;
 E3: E - Cannot create new device 'C1E175 - ENG COOL SHUTOFF VALVE' with component '6L2T-14A464-AD'&#xD;
 E3: W - Component TBD-104 not found in database !&#xD;
 E3: W - Cannot load Component 'TBD-104' from database - look in output window for details... &#xD;
 E3: E - Cannot create new device 'C1E740 - IAT' with component 'TBD-104'&#xD;
 E3: W - Component DU5T-14A464-BBA not found in database !&#xD;
 E3: W - Cannot load Component 'DU5T-14A464-BBA' from database - look in output window for details... &#xD;
 E3: E - Cannot create new device 'C1ET99 - THASC' with component 'DU5T-14A464-BBA'&#xD;
 E3: W - Component EU5T-14A464-AFA not found in database !&#xD;
 E3: W - Cannot load Component 'EU5T-14A464-AFA' from database - look in output window for details... &#xD;
 E3: E - Cannot create new device 'C1E530 - AUX WATER PUMP' with component 'EU5T-14A464-AFA'&#xD;
 E3: W - Component EU5T-14A464-EAB not found in database !&#xD;
 E3: W - Cannot load Component 'EU5T-14A464-EAB' from database - look in output window for details... &#xD;
 E3: E - Cannot create new device 'C1E150 - BOOST PRESSURE SN' with component 'EU5T-14A464-EAB'&#xD;
 E3: W - Component FU5T-14A464-AYA not found in database !&#xD;
 E3: W - Cannot load Component 'FU5T-14A464-AYA' from database - look in output window for details... &#xD;
 E3: E - Cannot create new device 'C1DC35-B - STARTER' with component 'FU5T-14A464-AYA'&#xD;
 E3: W - Component JU5T-14463-PA not found in database !&#xD;
 E3: W - Cannot load Component 'JU5T-14463-PA' from database - look in output window for details... &#xD;
 E3: E - Cannot create new device 'C1DF10-GAA' with component 'JU5T-14463-PA'&#xD;
 E3: W - Component GU5T-14A464-RC not found in database !&#xD;
 E3: W - Cannot load Component 'GU5T-14A464-RC' from database - look in output window for details... &#xD;
 E3: E - Cannot create new device 'C1DC14-GAAB.2__1' with component 'GU5T-14A464-RC'&#xD;
 E3: W - Component JU5T-14463-TAA not found in database !&#xD;
 E3: W - Cannot load Component 'JU5T-14463-TAA' from database - look in output window for details... &#xD;
 E3: E - Cannot create new device 'C1DC14-GAAC.2_~~~TEMP259ac0ec-a6ae-4a08-97cc-2d2f3548abde' with component 'JU5T-14463-TAA'&#xD;
 E3: W - Component JU5T-14463-TAA not found in database !&#xD;
 E3: W - Cannot load Component 'JU5T-14463-TAA' from database - look in output window for details... &#xD;
 E3: E - Cannot create new device 'C1DC14-GAAC.1_~~~TEMP2b028d07-58e4-4e3f-9d52-3e3076883df6' with component 'JU5T-14463-TAA'&#xD;
 E3: Splice 'NODE-BaseNoN01' can not be imported. It has no component code and no default component for splices is defined!&#xD;
 E3: Splice 'NODE-BaseNoR03_8U5T-14E047-JA' can not be imported. It has no component code and no default component for splices is defined!&#xD;
 E3: Splice 'NODE-BaseNoR02_DU5T-14E047-L' can not be imported. It has no component code and no default component for splices is defined!&#xD;
 E3: Splice 'NODE-BaseNoN02' can not be imported. It has no component code and no default component for splices is defined!&#xD;
 E3: Splice 'NODE-BaseNoR30_BU5T-14E047-E' can not be imported. It has no component code and no default component for splices is defined!&#xD;
 E3: Splice 'NODE-BaseNoR06_8U5T-14E047-JA' can not be imported. It has no component code and no default component for splices is defined!&#xD;
 E3: Splice 'NODE-BaseNoN03' can not be imported. It has no component code and no default component for splices is defined!&#xD;
 E3: Splice 'NODE-BaseNoN04' can not be imported. It has no component code and no default component for splices is defined!&#xD;
 E3: Splice 'NODE-BaseNoN05' can not be imported. It has no component code and no default component for splices is defined!&#xD;
 E3: Splice 'NODE-BaseNoJX6T-14A390-K' can not be imported. It has no component code and no default component for splices is defined!&#xD;
 E3: Splice 'NODE-BaseNoLX6T-14A390-CW' can not be imported. It has no component code and no default component for splices is defined!&#xD;
 E3: Splice 'NODE-BaseNoN08' can not be imported. It has no component code and no default component for splices is defined!&#xD;
 E3: Splice 'NODE-BaseNoN09' can not be imported. It has no component code and no default component for splices is defined!&#xD;
 E3: Splice 'NODE-BaseNoN10' can not be imported. It has no component code and no default component for splices is defined!&#xD;
 E3: Splice 'NODE-BaseNoN11' can not be imported. It has no component code and no default component for splices is defined!&#xD;
 E3: Splice 'NODE-BaseNoN12' can not be imported. It has no component code and no default component for splices is defined!&#xD;
 E3: Splice 'NODE-BaseNoN13' can not be imported. It has no component code and no default component for splices is defined!&#xD;
 E3: Splice 'NODE-BaseNoN14' can not be imported. It has no component code and no default component for splices is defined!&#xD;
 E3: W - You digitised the same point again (728,816) !&#xD;
 E3: W - Due to colliding objects a connection line from position (728|816) to (728|816) could not be generated.&#xD;
 E3: Splice 'NODE-BaseNoN01' can not be imported. It has no component code and no default component for splices is defined!&#xD;
 E3: Splice 'NODE-BaseNoR03_8U5T-14E047-JA' can not be imported. It has no component code and no default component for splices is defined!&#xD;
 E3: Splice 'NODE-BaseNoR02_DU5T-14E047-L' can not be imported. It has no component code and no default component for splices is defined!&#xD;
 E3: Splice 'NODE-BaseNoN02' can not be imported. It has no component code and no default component for splices is defined!&#xD;
 E3: Splice 'NODE-BaseNoR30_BU5T-14E047-E' can not be imported. It has no component code and no default component for splices is defined!&#xD;
 E3: Splice 'NODE-BaseNoR06_8U5T-14E047-JA' can not be imported. It has no component code and no default component for splices is defined!&#xD;
 E3: Splice 'NODE-BaseNoN03' can not be imported. It has no component code and no default component for splices is defined!&#xD;
 E3: Splice 'NODE-BaseNoN04' can not be imported. It has no component code and no default component for splices is defined!&#xD;
 E3: Splice 'NODE-BaseNoN05' can not be imported. It has no component code and no default component for splices is defined!&#xD;
 E3: Splice 'NODE-BaseNoJX6T-14A390-K' can not be imported. It has no component code and no default component for splices is defined!&#xD;
 E3: Splice 'NODE-BaseNoLX6T-14A390-CW' can not be imported. It has no component code and no default component for splices is defined!&#xD;
 E3: Splice 'NODE-BaseNoN08' can not be imported. It has no component code and no default component for splices is defined!&#xD;
 E3: Splice 'NODE-BaseNoN09' can not be imported. It has no component code and no default component for splices is defined!&#xD;
 E3: Splice 'NODE-BaseNoN10' can not be imported. It has no component code and no default component for splices is defined!&#xD;
 E3: Splice 'NODE-BaseNoN11' can not be imported. It has no component code and no default component for splices is defined!&#xD;
 E3: Splice 'NODE-BaseNoN12' can not be imported. It has no component code and no default component for splices is defined!&#xD;
 E3: Splice 'NODE-BaseNoN13' can not be imported. It has no component code and no default component for splices is defined!&#xD;
 E3: Splice 'NODE-BaseNoN14' can not be imported. It has no component code and no default component for splices is defined!&#xD;
 E3: Fixing 'HRN-14305BU5T-14E047-D_PIA1' can not be imported. It has no component code and no default component for fixings is defined!&#xD;
 E3: Fixing 'HRN-14305BU5T-14E047-D_PIA2' can not be imported. It has no component code and no default component for fixings is defined!&#xD;
 E3: Fixing 'HRN-14305R05' can not be imported. It has no component code and no default component for fixings is defined!&#xD;
 E3: Fixing 'HRN-14305R07' can not be imported. It has no component code and no default component for fixings is defined!&#xD;
 E3: Fixing 'HRN-14305R08' can not be imported. It has no component code and no default component for fixings is defined!&#xD;
 E3: Fixing 'HRN-14305R09' can not be imported. It has no component code and no default component for fixings is defined!&#xD;
 E3: Fixing 'HRN-14305R10' can not be imported. It has no component code and no default component for fixings is defined!&#xD;
 E3: Fixing 'HRN-14305R11' can not be imported. It has no component code and no default component for fixings is defined!&#xD;
 E3: Fixing 'HRN-14305R12' can not be imported. It has no component code and no default component for fixings is defined!&#xD;
 E3: Fixing 'HRN-14305R13' can not be imported. It has no component code and no default component for fixings is defined!&#xD;
 E3: Fixing 'HRN-14305R14' can not be imported. It has no component code and no default component for fixings is defined!&#xD;
 E3: Fixing 'HRN-14305R15' can not be imported. It has no component code and no default component for fixings is defined!&#xD;
 E3: Fixing 'HRN-14305R16' can not be imported. It has no component code and no default component for fixings is defined!&#xD;
 E3: Fixing 'HRN-14305R17' can not be imported. It has no component code and no default component for fixings is defined!&#xD;
 E3: Fixing 'HRN-14305R18' can not be imported. It has no component code and no default component for fixings is defined!&#xD;
 E3: Fixing 'HRN-14305R19' can not be imported. It has no component code and no default component for fixings is defined!&#xD;
 E3: Fixing 'HRN-14305R20' can not be imported. It has no component code and no default component for fixings is defined!&#xD;
 E3: Fixing 'HRN-14305R21' can not be imported. It has no component code and no default component for fixings is defined!&#xD;
 E3: Fixing 'HRN-14305R22' can not be imported. It has no component code and no default component for fixings is defined!&#xD;
 E3: Fixing 'HRN-14305R23' can not be imported. It has no component code and no default component for fixings is defined!&#xD;
 E3: Fixing 'HRN-14305R24' can not be imported. It has no component code and no default component for fixings is defined!&#xD;
 E3: Fixing 'HRN-14305R25' can not be imported. It has no component code and no default component for fixings is defined!&#xD;
 E3: Fixing 'HRN-14305R26' can not be imported. It has no component code and no default component for fixings is defined!&#xD;
 E3: Fixing 'HRN-14305BU5T-14E047-D_PIA1__1' can not be imported. It has no component code and no default component for fixings is defined!&#xD;
 E3: Fixing 'HRN-14305BU5T-14E047-D_PIA2__1' can not be imported. It has no component code and no default component for fixings is defined!&#xD;
 E3: Fixing 'HRN-14305BU5T-14E047-D_PIA1__2' can not be imported. It has no component code and no default component for fixings is defined!&#xD;
 E3: Fixing 'HRN-14305BU5T-14E047-D_PIA2__2' can not be imported. It has no component code and no default component for fixings is defined!&#xD;
 E3: Fixing 'HRN-14305BU5T-14E047-C_PIA1' can not be imported. It has no component code and no default component for fixings is defined!&#xD;
 E3: Fixing 'HRN-14305BU5T-14E047-C_PIA2' can not be imported. It has no component code and no default component for fixings is defined!&#xD;
 E3: Fixing 'HRN-14305R31' can not be imported. It has no component code and no default component for fixings is defined!&#xD;
 E3: Fixing 'HRN-14305BU5T-14E047-B_PIA1' can not be imported. It has no component code and no default component for fixings is defined!&#xD;
 E3: Fixing 'HRN-14305BU5T-14E047-B_PIA2' can not be imported. It has no component code and no default component for fixings is defined!&#xD;
 E3: Fixing 'HRN-14305R34' can not be imported. It has no component code and no default component for fixings is defined!&#xD;
 E3: Fixing 'HRN-14305R35' can not be imported. It has no component code and no default component for fixings is defined!&#xD;
 E3: I - Formboard sheet 'LX6T-14305-XB_30' was created.&#xD;
 E3: I - Closing project 'Empty' without saving modifications...&#xD;
 E3: Project c:\appveyor\bin\E3.3DRoutingBridge\Mainline\E3.BridgeTest\TestFiles\Templates\temp.e3s created.&#xD;
 E3: I - Item Validation enabled&#xD;
 E3: I - Validating project&#xD;
 E3: I - Validation enabled for this project&#xD;
 E3: I - Closing project 'temp' without saving modifications...&#xD;
 E3: I - Opening Project  c:\appveyor\bin\E3.3DRoutingBridge\Mainline\E3.BridgeTest\TestFiles\Templates\Empty.e3s&#xD;
 E3: I - Updating internal structures: 200 cycles up to version 2505...&#xD;
 E3: 2305 &#xD;
 E3: 2306 &#xD;
 E3: 2307 &#xD;
 E3: 2308 &#xD;
 E3: 2309 &#xD;
 E3: 2310 &#xD;
 E3: 2311 &#xD;
 E3: 2312 &#xD;
 E3: 2399 &#xD;
 E3: 2400 &#xD;
 E3: 2401 &#xD;
 E3: 2402 &#xD;
 E3: 2403 &#xD;
 E3: 2404 &#xD;
 E3: 2405 &#xD;
 E3: 2406 &#xD;
 E3: 2407 &#xD;
 E3: 2408 &#xD;
 E3: 2499 &#xD;
 E3: 2500 &#xD;
 E3: 2501 &#xD;
 E3: 2502 &#xD;
 E3: 2503 &#xD;
 E3: 2504 &#xD;
 E3: OK.&#xD;
 E3: Project c:\appveyor\bin\E3.3DRoutingBridge\Mainline\E3.BridgeTest\TestFiles\Templates\Empty.e3s opened.&#xD;
 E3: W - Project has been opened in READ ONLY mode, you can't save any changes to the existing project!&#xD;
 E3: I - Item Validation enabled&#xD;
 E3: I - Validating project&#xD;
 E3: I - Validation enabled for this project&#xD;
 E3: repair_check_extended(0)&#xD;
 E3: --------------------------------------------------------------------------&#xD;
 E3: consistency check (17)....
&#xD;
 E3: ....
&#xD;
 E3: dump lost....
&#xD;
 E3: ....
&#xD;
 E3: new consistency check (45) and dump lost items (46)....
&#xD;
 E3: ....
&#xD;
 E3: - done -------------------------------------------------------------------
&#xD;
 E3: I - No known issues found&#xD;
 E3: I - Text type 23 now assigned to attribute LAM_SHEET_DRAWING_NUMBER.&#xD;
 E3: I - Assignment for text type 412 changed from attribute WireNumber_Wire to LAM_NGP_QTY.&#xD;
 E3: I - Assignment for text type 413 changed from attribute WireNumber_Add to LAM_NGP_NUMBER.&#xD;
 E3: I - Text type 100 now assigned to attribute LAM_CURRENT_RATING.&#xD;
 E3: I - Text type 102 now assigned to attribute LAM_COIL_VOLTAGE.&#xD;
 E3: I - Text type 501 now assigned to attribute LAM_SHEET_DRAWING_TITLE.&#xD;
 E3: I - Text type 513 now assigned to attribute LAM_SHEET_SITE_LOCATION.&#xD;
 E3: I - Text type 514 now assigned to attribute LAM_Sheet_Revision.&#xD;
 E3: I - Text type 522 now assigned to attribute LAM_BLOCK_DESCRIPTION.&#xD;
 E3: I - Text type 523 now assigned to attribute LAM_BLOCK_PN.&#xD;
 E3: I - Text type 526 now assigned to attribute LAM_SHEET_CATEGORY_TYPE.&#xD;
 E3: I - Text type 529 now assigned to attribute LAM_SYMBOL_TEXT.&#xD;
 E3: I - Text type 531 now assigned to attribute LAM_TAB_SYMBOL_1.&#xD;
 E3: I - Text type 532 now assigned to attribute LAM_TAB_SYMBOL_2.&#xD;
 E3: I - Text type 533 now assigned to attribute LAM_TAB_SYMBOL_3.&#xD;
 E3: I - Text type 534 now assigned to attribute LAM_TAB_SYMBOL_4.&#xD;
 E3: I - Text type 535 now assigned to attribute LAM_TAB_SYMBOL_5.&#xD;
 E3: I - Text type 536 now assigned to attribute LAM_TAB_SYMBOL_6.&#xD;
 E3: I - Text type 541 now assigned to attribute LAM_NOTE_NUMBER.&#xD;
 E3: I - Text type 542 now assigned to attribute LAM_NOTE_TEXT_CUSTOM.&#xD;
 E3: I - Text type 543 now assigned to attribute LAM_PARENT_CONNECTOR.&#xD;
 E3: I - Text type 544 now assigned to attribute BOMposContact.&#xD;
 E3: I - Text type 545 now assigned to attribute BOMposContact2.&#xD;
 E3: I - Text type 546 now assigned to attribute BOMposContact3.&#xD;
 E3: I - Text type 547 now assigned to attribute LAM_CONTACT_QUANTITY.&#xD;
 E3: I - Text type 548 now assigned to attribute LAM_CONTACT_QUANTITY2.&#xD;
 E3: I - Text type 549 now assigned to attribute LAM_CONTACT_QUANTITY3.&#xD;
 E3: I - Text type 550 now assigned to attribute bomPosWire.&#xD;
 E3: I - Text type 551 now assigned to attribute LAM_LABEL_TEXT.&#xD;
 E3: I - Text type 552 now assigned to attribute LAM_CABLE_ASSEMBLY_PN.&#xD;
 E3: I - Text type 553 now assigned to attribute LAM_TITLE_TOL_XX.&#xD;
 E3: I - Text type 554 now assigned to attribute LAM_TITLE_TOL_XXX.&#xD;
 E3: I - Text type 555 now assigned to attribute LAM_TITLE_TOL_ANGLE.&#xD;
 E3: I - Text type 556 now assigned to attribute LAM_TITLE_TOL_SURFACE.&#xD;
 E3: I - Text type 557 now assigned to attribute .CONNECTOR_NAME.&#xD;
 E3: I - Text type 558 now assigned to attribute LAM_TAB_SYMBOL_7.&#xD;
 E3: I - Text type 559 now assigned to attribute TWISTED_PAIR.&#xD;
 E3: I - Text type 561 now assigned to attribute bomPosWire(2).&#xD;
 E3: I - Text type 562 now assigned to attribute LAM_VALUE.&#xD;
 E3: I - Text type 600 now assigned to attribute BranchNodeID.&#xD;
 E3: I - Text type 563 now assigned to attribute CuttingLength.&#xD;
 E3: W - Attribute MinBendRadius:&#xD;
 E3:     User name Minimum Bend Radius already used for LAM_MIN_BEND_RADIUS; ignored&#xD;
 E3: Starting Harness Import import&#xD;
 E3:     Attribute BranchNodeID    : default RESTRICTion parameters changed.&#xD;
 E3:     Attribute BranchNodeID    : default DISPLAY parameters changed.&#xD;
 E3:     Attribute .AppRef         : default OWNER types changed&#xD;
 E3:     Attribute .AppRef         : default DISPLAY parameters changed.&#xD;
 E3: I - Loading 668-061786-004 as mating connector of 668-098919-004... &#xD;
 E3: I - Loading 669-098920-001 as crimp contact of 668-098919-004... &#xD;
 E3: I - Loading 668-098496-004 as mating connector of 668-098919-004... &#xD;
 E3: I - Loading 669-098920-002 as crimp contact of 668-098919-004... &#xD;
 E3: I - Loading 669-061797-001 as crimp contact of 668-061786-004... &#xD;
 E3: E - Value 'IN-CHK' for attribute 'E3 DB STATUS' not found in list of values 'E3 DB STATUS'.&#xD;
 E3: I - Loading 668-062730-005 as mating connector of 668-061261-002... &#xD;
 E3: I - Loading 669-061269-001 as crimp contact of 668-061261-002... &#xD;
 E3: I - Loading 668-061260-002 as mating connector of 668-061261-002... &#xD;
 E3: I - Loading 669-061269-002 as crimp contact of 668-061261-002... &#xD;
 E3: I - Loading 669-061269-003 as crimp contact of 668-061261-002... &#xD;
 E3: I - Loading 669-061268-001 as crimp contact of 668-061261-002... &#xD;
 E3: I - Loading 669-061268-002 as crimp contact of 668-061261-002... &#xD;
 E3: I - Loading 669-061268-003 as crimp contact of 668-061261-002... &#xD;
 E3: I - Loading 39-123083-00 as crimp contact of 668-061261-002... &#xD;
 E3: I - Loading 668-062730-004 as mating connector of 668-061261-004... &#xD;
 E3: I - Loading 668-061260-004 as mating connector of 668-061261-004... &#xD;
 E3: I - Loading 668-062730-006 as mating connector of 668-061261-006... &#xD;
 E3: I - Loading 668-061260-006 as mating connector of 668-061261-006... &#xD;
 E3: I - Loading 39-252871-00 as crimp contact of 668-061261-006... &#xD;
 E3: I - Loading 669-070800-001 as crimp contact of 668-062730-006... &#xD;
 E3: I - Loading 668-120496-001 as mating connector of 668-120495-001... &#xD;
 E3: I - Loading 669-116372-001 as crimp contact of 668-120495-001... &#xD;
 E3: I - Loading 668-136656-001 as mating connector of 668-120495-001... &#xD;
 E3: I - Loading 669-116372-002 as crimp contact of 668-120495-001... &#xD;
 E3: I - Loading 669-116372-003 as crimp contact of 668-120495-001... &#xD;
 E3: I - Loading 669-116373-001 as crimp contact of 668-120496-001... &#xD;
 E3: I - Loading 669-116373-002 as crimp contact of 668-120496-001... &#xD;
 E3: I - Loading 669-116373-003 as crimp contact of 668-120496-001... &#xD;
 E3: I - Loading 39-10021-00 as mating connector of 668-136656-001... &#xD;
 E3: I - Loading 39-427606-00 as crimp contact of 668-136656-001... &#xD;
 E3: I - Loading 668-070799-008 as mating connector of 668-061261-008... &#xD;
 E3: I - Loading 39-352321-00 as crimp contact of 668-061261-008... &#xD;
 E3: I - Loading 668-098496-012 as mating connector of 668-098919-012... &#xD;
 E3: I - Loading 668-138184-001 as mating connector of 668-138183-001... &#xD;
 E3: I - Loading 669-145499-001 as crimp contact of 668-138183-001... &#xD;
 E3: I - Loading 669-099053-003 as crimp contact of 668-138183-001.1... &#xD;
 E3: I - Loading 669-099053-004 as crimp contact of 668-138183-001.1... &#xD;
 E3: I - Loading 669-099053-006 as crimp contact of 668-138183-001.1... &#xD;
 E3: I - Loading 669-099053-008 as crimp contact of 668-138183-001.1... &#xD;
 E3: I - Loading 669-125204-001 as crimp contact of 668-138183-001.1... &#xD;
 E3: I - Loading 669-099053-001 as crimp contact of 668-138184-001.1... &#xD;
 E3: I - Loading 669-099053-002 as crimp contact of 668-138184-001.1... &#xD;
 E3: I - Loading 669-099053-005 as crimp contact of 668-138184-001.1... &#xD;
 E3: I - Loading 669-099053-007 as crimp contact of 668-138184-001.1... &#xD;
 E3: I - Loading 668-007671-001 as mating connector of 669-145499-001... &#xD;
 E3: I - Loading 669-007085-001 as crimp contact of 669-145499-001... &#xD;
 E3: I - Loading 669-007085-002 as crimp contact of 669-145499-001... &#xD;
 E3: I - Loading 669-007085-003 as crimp contact of 669-145499-001... &#xD;
 E3: I - Loading 669-007085-004 as crimp contact of 669-145499-001... &#xD;
 E3: I - Loading 669-007085-005 as crimp contact of 669-145499-001... &#xD;
 E3: I - Loading 669-007085-006 as crimp contact of 669-145499-001... &#xD;
 E3: I - Loading 669-007085-007 as crimp contact of 669-145499-001... &#xD;
 E3: I - Loading 668-007083-001 as mating connector of 668-007671-001... &#xD;
 E3: I - Loading 669-007084-001 as crimp contact of 668-007671-001... &#xD;
 E3: I - Loading 669-007084-002 as crimp contact of 668-007671-001... &#xD;
 E3: I - Loading 669-007084-003 as crimp contact of 668-007671-001... &#xD;
 E3: I - Loading 669-007084-004 as crimp contact of 668-007671-001... &#xD;
 E3: I - Loading 669-007084-005 as crimp contact of 668-007671-001... &#xD;
 E3: I - Loading 669-007084-006 as crimp contact of 668-007671-001... &#xD;
 E3: I - Loading 669-007084-007 as crimp contact of 668-007671-001... &#xD;
 E3: I - Loading 669-008285-001 as crimp contact of 668-007671-001... &#xD;
 E3: W - Component  not found in database !&#xD;
 E3: W - Cannot load Component '' from database - look in output window for details... &#xD;
 E3: E - Cannot create new device 'S3-NC' with component ''&#xD;
 E3: I - Loading 668-233191-004 as mating connector of 668-234747-004... &#xD;
 E3: I - Loading 669-234746-001 as crimp contact of 668-234747-004... &#xD;
 E3: I - Loading 669-233192-001 as crimp contact of 668-233191-004... &#xD;
 E3: Protection '686-249233-005' can not be imported. It has no component code and no default component for protections is defined!&#xD;
 E3: Protection '686-121195-001' can not be imported. It has no component code and no default component for protections is defined!&#xD;
 E3: Protection '686-121195-001' can not be imported. It has no component code and no default component for protections is defined!&#xD;
 E3: Protection '686-121195-001' can not be imported. It has no component code and no default component for protections is defined!&#xD;
 E3: Protection '686-121195-001' can not be imported. It has no component code and no default component for protections is defined!&#xD;
 E3: Protection '686-121195-001' can not be imported. It has no component code and no default component for protections is defined!&#xD;
 E3: Protection '686-121195-001' can not be imported. It has no component code and no default component for protections is defined!&#xD;
 E3: Protection '686-121195-001' can not be imported. It has no component code and no default component for protections is defined!&#xD;
 E3: Protection '686-121195-001' can not be imported. It has no component code and no default component for protections is defined!&#xD;
 E3: Protection '686-121195-001' can not be imported. It has no component code and no default component for protections is defined!&#xD;
 E3: Protection '686-249233-004' can not be imported. It has no component code and no default component for protections is defined!&#xD;
 E3: Protection '686-249233-004' can not be imported. It has no component code and no default component for protections is defined!&#xD;
 E3: Protection '686-121195-001' can not be imported. It has no component code and no default component for protections is defined!&#xD;
 E3: Protection '686-121195-001' can not be imported. It has no component code and no default component for protections is defined!&#xD;
 E3: Protection '686-121195-001' can not be imported. It has no component code and no default component for protections is defined!&#xD;
 E3: Protection '686-121195-001' can not be imported. It has no component code and no default component for protections is defined!&#xD;
 E3: Protection '785-009716-001' can not be imported. It has no component code and no default component for protections is defined!&#xD;
 E3: Protection '686-121195-001' can not be imported. It has no component code and no default component for protections is defined!&#xD;
 E3: Protection '686-121195-001' can not be imported. It has no component code and no default component for protections is defined!&#xD;
 E3: Protection '686-121195-001' can not be imported. It has no component code and no default component for protections is defined!&#xD;
 E3: Protection '686-121195-001' can not be imported. It has no component code and no default component for protections is defined!&#xD;
 E3: Protection '686-121195-001' can not be imported. It has no component code and no default component for protections is defined!&#xD;
 E3: Protection '686-249233-003' can not be imported. It has no component code and no default component for protections is defined!&#xD;
 E3: Protection '686-249233-003' can not be imported. It has no component code and no default component for protections is defined!&#xD;
 E3: Protection '686-121195-001' can not be imported. It has no component code and no default component for protections is defined!&#xD;
 E3: Protection '686-121195-001' can not be imported. It has no component code and no default component for protections is defined!&#xD;
 E3: Protection '686-121195-001' can not be imported. It has no component code and no default component for protections is defined!&#xD;
 E3: Protection '686-121195-001' can not be imported. It has no component code and no default component for protections is defined!&#xD;
 E3: Protection '686-121195-001' can not be imported. It has no component code and no default component for protections is defined!&#xD;
 E3: Protection '686-121195-001' can not be imported. It has no component code and no default component for protections is defined!&#xD;
 E3: Protection '686-249233-003' can not be imported. It has no component code and no default component for protections is defined!&#xD;
 E3: Protection '686-249233-003' can not be imported. It has no component code and no default component for protections is defined!&#xD;
 E3: Protection '686-249233-003' can not be imported. It has no component code and no default component for protections is defined!&#xD;
 E3: Protection '686-249233-005' can not be imported. It has no component code and no default component for protections is defined!&#xD;
 E3: Protection '686-121195-001' can not be imported. It has no component code and no default component for protections is defined!&#xD;
 E3: Protection '686-121195-001' can not be imported. It has no component code and no default component for protections is defined!&#xD;
 E3: Protection '686-121195-001' can not be imported. It has no component code and no default component for protections is defined!&#xD;
 E3: Protection '686-121195-001' can not be imported. It has no component code and no default component for protections is defined!&#xD;
 E3: Protection '686-121195-001' can not be imported. It has no component code and no default component for protections is defined!&#xD;
 E3: Protection '686-249233-004' can not be imported. It has no component code and no default component for protections is defined!&#xD;
 E3: Protection '686-249233-003' can not be imported. It has no component code and no default component for protections is defined!&#xD;
 E3: Protection '686-249233-003' can not be imported. It has no component code and no default component for protections is defined!&#xD;
 E3: Protection '680-130495-005' can not be imported. It has no component code and no default component for protections is defined!&#xD;
 E3: Protection '680-130495-005' can not be imported. It has no component code and no default component for protections is defined!&#xD;
 E3: Protection '686-249233-003' can not be imported. It has no component code and no default component for protections is defined!&#xD;
 E3: Protection '686-249233-003' can not be imported. It has no component code and no default component for protections is defined!&#xD;
 E3: Protection '686-249233-004' can not be imported. It has no component code and no default component for protections is defined!&#xD;
 E3: Protection '686-249233-004' can not be imported. It has no component code and no default component for protections is defined!&#xD;
 E3: Protection '686-249233-004' can not be imported. It has no component code and no default component for protections is defined!&#xD;
 E3: Protection '686-121195-001' can not be imported. It has no component code and no default component for protections is defined!&#xD;
 E3: Protection '686-249233-003' can not be imported. It has no component code and no default component for protections is defined!&#xD;
 E3: Protection '680-130495-005' can not be imported. It has no component code and no default component for protections is defined!&#xD;
 E3: Protection '680-130495-005' can not be imported. It has no component code and no default component for protections is defined!&#xD;
 E3: Protection '686-249233-003' can not be imported. It has no component code and no default component for protections is defined!&#xD;
 E3: Protection '686-249233-004' can not be imported. It has no component code and no default component for protections is defined!&#xD;
 E3: Protection '686-249233-003' can not be imported. It has no component code and no default component for protections is defined!&#xD;
 E3: Protection '680-130495-005' can not be imported. It has no component code and no default component for protections is defined!&#xD;
 E3: Protection '680-130495-005' can not be imported. It has no component code and no default component for protections is defined!&#xD;
 E3: Protection '686-249233-003' can not be imported. It has no component code and no default component for protections is defined!&#xD;
 E3: Protection '686-249233-004' can not be imported. It has no component code and no default component for protections is defined!&#xD;
 E3: Protection '686-249233-004' can not be imported. It has no component code and no default component for protections is defined!&#xD;
 E3: Protection '686-249233-003' can not be imported. It has no component code and no default component for protections is defined!&#xD;
 E3: Protection '686-249233-004' can not be imported. It has no component code and no default component for protections is defined!&#xD;
 E3: Protection '686-249233-003' can not be imported. It has no component code and no default component for protections is defined!&#xD;
 E3: Protection '686-249233-004' can not be imported. It has no component code and no default component for protections is defined!&#xD;
 E3: Protection '686-249233-004' can not be imported. It has no component code and no default component for protections is defined!&#xD;
 E3: Protection '686-249233-004' can not be imported. It has no component code and no default component for protections is defined!&#xD;
 E3: Protection '686-249233-004' can not be imported. It has no component code and no default component for protections is defined!&#xD;
 E3: Protection '686-249233-003' can not be imported. It has no component code and no default component for protections is defined!&#xD;
 E3: Protection '686-249233-004' can not be imported. It has no component code and no default component for protections is defined!&#xD;
 E3: Protection '680-130495-005' can not be imported. It has no component code and no default component for protections is defined!&#xD;
 E3: Protection '680-130495-005' can not be imported. It has no component code and no default component for protections is defined!&#xD;
 E3: Protection '686-249233-003' can not be imported. It has no component code and no default component for protections is defined!&#xD;
 E3: Protection '686-249233-004' can not be imported. It has no component code and no default component for protections is defined!&#xD;
 E3: Protection '686-249233-004' can not be imported. It has no component code and no default component for protections is defined!&#xD;
 E3: Protection '686-249233-003' can not be imported. It has no component code and no default component for protections is defined!&#xD;
 E3: Protection '686-249233-003' can not be imported. It has no component code and no default component for protections is defined!&#xD;
 E3: Protection '686-249233-003' can not be imported. It has no component code and no default component for protections is defined!&#xD;
 E3: Protection '686-249233-003' can not be imported. It has no component code and no default component for protections is defined!&#xD;
 E3: Protection '680-130495-005' can not be imported. It has no component code and no default component for protections is defined!&#xD;
 E3: Protection '680-130495-005' can not be imported. It has no component code and no default component for protections is defined!&#xD;
 E3: Protection '686-249233-003' can not be imported. It has no component code and no default component for protections is defined!&#xD;
 E3: Protection '686-249233-003' can not be imported. It has no component code and no default component for protections is defined!&#xD;
 E3: Protection '686-249233-003' can not be imported. It has no component code and no default component for protections is defined!&#xD;
 E3: Protection '680-130495-005' can not be imported. It has no component code and no default component for protections is defined!&#xD;
 E3: Protection '680-130495-005' can not be imported. It has no component code and no default component for protections is defined!&#xD;
 E3: Protection '686-249233-003' can not be imported. It has no component code and no default component for protections is defined!&#xD;
 E3: Protection '686-249233-003' can not be imported. It has no component code and no default component for protections is defined!&#xD;
 E3: Protection '686-249233-003' can not be imported. It has no component code and no default component for protections is defined!&#xD;
 E3: I - Formboard sheet '853-247148-001_G_new' was created.&#xD;
 E3: I - Closing project 'Empty' without saving modifications...&#xD;
 E3: Project c:\appveyor\bin\E3.3DRoutingBridge\Mainline\E3.BridgeTest\TestFiles\Templates\temp.e3s created.&#xD;
 E3: I - Item Validation enabled&#xD;
 E3: I - Validating project&#xD;
 E3: I - Validation enabled for this project&#xD;
 E3: I - Closing project 'temp' without saving modifications...&#xD;
 E3: I - Opening Project  c:\appveyor\bin\E3.3DRoutingBridge\Mainline\E3.BridgeTest\TestFiles\Designer-32394\TestData\225-307564-001Wiring_TEST.e3s&#xD;
 E3: I - Updating internal structures: 200 cycles up to version 2505...&#xD;
 E3: 2305 &#xD;
 E3: 2306 &#xD;
 E3: 2307 &#xD;
 E3: 2308 &#xD;
 E3: 2309 &#xD;
 E3: 2310 &#xD;
 E3: 2311 &#xD;
 E3: 2312 &#xD;
 E3: 2399 &#xD;
 E3: 2400 &#xD;
 E3: 2401 &#xD;
 E3: 2402 &#xD;
 E3: 2403 &#xD;
 E3: 2404 &#xD;
 E3: 2405 &#xD;
 E3: 2406 &#xD;
 E3: 2407 &#xD;
 E3: 2408 &#xD;
 E3: 2499 &#xD;
 E3: 2500 &#xD;
 E3: 2501 &#xD;
 E3: 2502 &#xD;
 E3: 2503 &#xD;
 E3: 2504 &#xD;
 E3: OK.&#xD;
 E3: Project c:\appveyor\bin\E3.3DRoutingBridge\Mainline\E3.BridgeTest\TestFiles\Designer-32394\TestData\225-307564-001Wiring_TEST.e3s opened.&#xD;
 E3: W - Project has been opened in READ ONLY mode, you can't save any changes to the existing project!&#xD;
 E3: I - Item Validation enabled&#xD;
 E3: I - Validating project&#xD;
 E3: I - Validation enabled for this project&#xD;
 E3: repair_check_extended(0)&#xD;
 E3: --------------------------------------------------------------------------&#xD;
 E3: consistency check (17)....
&#xD;
 E3: E - CCID:002434:  check_poly_from_zeroboard( 51104 ): invalid Poly-coordinates found in 'ZEROBORD' (213 (0-3a-0-2))&#xD;
 E3: E - CCID:002434:  check_poly_from_zeroboard( 51105 ): invalid Poly-coordinates found in 'ZEROBORD' (213 (0-3a-0-2))&#xD;
 E3: E - CCID:002563:  check_attnam_AppRef( 963 (0-2-0-b7) ): AppRef 'Trm/Occ/26c3a612-6452-4697-bbba-016c6ab2a021' is not unique check attvals '53330, 53305'&#xD;
 E3: E - CCID:002563:  check_attnam_AppRef( 963 (0-2-0-b7) ): AppRef 'Trm/Occ/2acc40bc-44f0-4c13-9ea1-6bace135ffe5' is not unique check attvals '53030, 53005'&#xD;
 E3: E - CCID:002563:  check_attnam_AppRef( 963 (0-2-0-b7) ): AppRef 'Trm/Occ/416c324f-132b-4454-9b8e-53c01cc2ac75' is not unique check attvals '52930, 52889'&#xD;
 E3: E - CCID:002563:  check_attnam_AppRef( 963 (0-2-0-b7) ): AppRef 'Trm/Occ/492e2e12-563e-4028-bd1e-4242193394c4' is not unique check attvals '53130, 53105'&#xD;
 E3: E - CCID:002563:  check_attnam_AppRef( 963 (0-2-0-b7) ): AppRef 'Trm/Occ/92d817d3-2580-43da-92d8-774c2029c376' is not unique check attvals '53230, 53205'&#xD;
 E3: E - CCID:002563:  check_attnam_AppRef( 963 (0-2-0-b7) ): AppRef 'Trm/Occ/de2e6b91-2d82-4fc1-8dbb-945d402387e0' is not unique check attvals '53430, 53405'&#xD;
 E3: ....
&#xD;
 E3: dump lost....
&#xD;
 E3: ....
&#xD;
 E3: new consistency check (45) and dump lost items (46)....
&#xD;
 E3: ....
&#xD;
 E3: - done -------------------------------------------------------------------
&#xD;
 E3: summary:
       check id   count                    (message) - info 
--------------------------------------------------------------------&#xD;
 E3: I - CCID:002434:      2  TRY REPAIR 015: - (check_poly_from_zeroboard( %s ): invalid Poly-coordinates found in 'ZEROBORD' (%s))&#xD;
 E3: I - CCID:002563:      6  TRY REPAIR 048: - (check_attnam_AppRef( %s ): AppRef '%s' is not unique check attvals '%s')&#xD;
 E3: --------------------------------------------------------------------&#xD;
 E3: I -      8 total messages with 2 different check ids&#xD;
 E3: Starting Harness Import import&#xD;
 E3:     Attribute BranchNodeID    : default RESTRICTion parameters changed.&#xD;
 E3:     Attribute BranchNodeID    : default DISPLAY parameters changed.&#xD;
 E3:     Attribute .AppRef         : default OWNER types changed&#xD;
 E3:     Attribute .AppRef         : default DISPLAY parameters changed.&#xD;
 E3: I - Formboard sheet '853-307564-001_A_FLATNESS_PILOT_OP2_mod_noQF' was created.&#xD;
 E3: I - Closing project '225-307564-001Wiring_TEST' without saving modifications...&#xD;
 E3: Project c:\appveyor\bin\E3.3DRoutingBridge\Mainline\E3.BridgeTest\TestFiles\Designer-32394\TestData\temp.e3s created.&#xD;
 E3: I - Item Validation enabled&#xD;
 E3: I - Validating project&#xD;
 E3: I - Validation enabled for this project&#xD;
 E3: I - Closing project 'temp' without saving modifications...&#xD;
 E3: I - Opening Project  c:\appveyor\bin\E3.3DRoutingBridge\Mainline\E3.BridgeTest\TestFiles\Designer-35915\TestData\2019.e3s&#xD;
 E3: I - Updating internal structures: 200 cycles up to version 2505...&#xD;
 E3: 2305 &#xD;
 E3: 2306 &#xD;
 E3: 2307 &#xD;
 E3: 2308 &#xD;
 E3: 2309 &#xD;
 E3: 2310 &#xD;
 E3: 2311 &#xD;
 E3: 2312 &#xD;
 E3: 2399 &#xD;
 E3: 2400 &#xD;
 E3: 2401 &#xD;
 E3: 2402 &#xD;
 E3: 2403 &#xD;
 E3: 2404 &#xD;
 E3: 2405 &#xD;
 E3: 2406 &#xD;
 E3: 2407 &#xD;
 E3: 2408 &#xD;
 E3: 2499 &#xD;
 E3: 2500 &#xD;
 E3: 2501 &#xD;
 E3: 2502 &#xD;
 E3: 2503 &#xD;
 E3: 2504 &#xD;
 E3: OK.&#xD;
 E3: Project c:\appveyor\bin\E3.3DRoutingBridge\Mainline\E3.BridgeTest\TestFiles\Designer-35915\TestData\2019.e3s opened.&#xD;
 E3: W - Project has been opened in READ ONLY mode, you can't save any changes to the existing project!&#xD;
 E3: I - Item Validation enabled&#xD;
 E3: I - Validating project&#xD;
 E3: I - Validation enabled for this project&#xD;
 E3: repair_check_extended(0)&#xD;
 E3: --------------------------------------------------------------------------&#xD;
 E3: consistency check (17)....
&#xD;
 E3: ....
&#xD;
 E3: dump lost....
&#xD;
 E3: ....
&#xD;
 E3: new consistency check (45) and dump lost items (46)....
&#xD;
 E3: ....
&#xD;
 E3: - done -------------------------------------------------------------------
&#xD;
 E3: I - No known issues found&#xD;
 E3: Starting Harness Import import&#xD;
 E3:     Attribute BranchNodeID    : default DISPLAY parameters changed.&#xD;
 E3:     Attribute .AppRef         : default OWNER types changed&#xD;
 E3:     Attribute .AppRef         : default DISPLAY parameters changed.&#xD;
 E3: I - Formboard sheet '1' was created.&#xD;
 E3: I - Closing project '2019' without saving modifications...&#xD;
 E3: Project c:\appveyor\bin\E3.3DRoutingBridge\Mainline\E3.BridgeTest\TestFiles\Designer-35915\TestData\temp.e3s created.&#xD;
 E3: I - Item Validation enabled&#xD;
 E3: I - Validating project&#xD;
 E3: I - Validation enabled for this project&#xD;
 E3: I - Closing project 'temp' without saving modifications...&#xD;
 E3: I - Opening Project  c:\appveyor\bin\E3.3DRoutingBridge\Mainline\E3.BridgeTest\TestFiles\Designer-36659\TestData\Version1_FB.e3s&#xD;
 E3: I - Updating internal structures: 200 cycles up to version 2505...&#xD;
 E3: 2305 &#xD;
 E3: 2306 &#xD;
 E3: 2307 &#xD;
 E3: 2308 &#xD;
 E3: 2309 &#xD;
 E3: 2310 &#xD;
 E3: 2311 &#xD;
 E3: 2312 &#xD;
 E3: 2399 &#xD;
 E3: 2400 &#xD;
 E3: 2401 &#xD;
 E3: 2402 &#xD;
 E3: 2403 &#xD;
 E3: 2404 &#xD;
 E3: 2405 &#xD;
 E3: 2406 &#xD;
 E3: 2407 &#xD;
 E3: 2408 &#xD;
 E3: 2499 &#xD;
 E3: 2500 &#xD;
 E3: 2501 &#xD;
 E3: 2502 &#xD;
 E3: 2503 &#xD;
 E3: 2504 &#xD;
 E3: OK.&#xD;
 E3: Project c:\appveyor\bin\E3.3DRoutingBridge\Mainline\E3.BridgeTest\TestFiles\Designer-36659\TestData\Version1_FB.e3s opened.&#xD;
 E3: W - Project has been opened in READ ONLY mode, you can't save any changes to the existing project!&#xD;
 E3: I - Item Validation enabled&#xD;
 E3: I - Validating project&#xD;
 E3: I - Validation enabled for this project&#xD;
 E3: repair_check_extended(0)&#xD;
 E3: --------------------------------------------------------------------------&#xD;
 E3: consistency check (17)....
&#xD;
 E3: E - CCID:002563:  check_attnam_AppRef( 2093 (0-2-0-1e3) ): AppRef 'Trm/Occ/1448ff78-6a87-4e9a-8c49-70fdd1dd2c55' is not unique check attvals '30717, 16137'&#xD;
 E3: E - CCID:002563:  check_attnam_AppRef( 2093 (0-2-0-1e3) ): AppRef 'Trm/Occ/165378f7-0c24-4f2d-a731-03d8f4738d16' is not unique check attvals '48288, 52018'&#xD;
 E3: E - CCID:002563:  check_attnam_AppRef( 2093 (0-2-0-1e3) ): AppRef 'Trm/Occ/4ada9690-faf1-4660-bbca-a98bdd86164d' is not unique check attvals '48535, 45139'&#xD;
 E3: E - CCID:002563:  check_attnam_AppRef( 2093 (0-2-0-1e3) ): AppRef 'Trm/Occ/69e25b38-5b59-4411-ba56-c8958dd59df2' is not unique check attvals '50761, 50055'&#xD;
 E3: E - CCID:002563:  check_attnam_AppRef( 2093 (0-2-0-1e3) ): AppRef 'Trm/Occ/6a086a15-600c-4731-861f-9455d03225be' is not unique check attvals '44038, 46218'&#xD;
 E3: E - CCID:002563:  check_attnam_AppRef( 2093 (0-2-0-1e3) ): AppRef 'Trm/Occ/94ab06f8-6420-47f1-9e5d-5d022d37c6d7' is not unique check attvals '49866, 51009'&#xD;
 E3: E - CCID:002563:  check_attnam_AppRef( 2093 (0-2-0-1e3) ): AppRef 'Trm/Occ/94d0af5d-ca0b-49e3-a9fe-7b169409f864' is not unique check attvals '44818, 16246'&#xD;
 E3: E - CCID:002563:  check_attnam_AppRef( 2093 (0-2-0-1e3) ): AppRef 'Trm/Occ/f2ce878b-2d75-476d-84c9-d55960354312' is not unique check attvals '40359, 47140'&#xD;
 E3: E - CCID:002563:  check_attnam_AppRef( 2093 (0-2-0-1e3) ): AppRef 'Trm/Occ/fddd6e4b-1ea5-454f-a936-1b12304979e9' is not unique check attvals '52218, 49081'&#xD;
 E3: ....
&#xD;
 E3: dump lost....
&#xD;
 E3: ....
&#xD;
 E3: new consistency check (45) and dump lost items (46)....
&#xD;
 E3: ....
&#xD;
 E3: - done -------------------------------------------------------------------
&#xD;
 E3: summary:
       check id   count                    (message) - info 
--------------------------------------------------------------------&#xD;
 E3: I - CCID:002563:      9  TRY REPAIR 048: - (check_attnam_AppRef( %s ): AppRef '%s' is not unique check attvals '%s')&#xD;
 E3: --------------------------------------------------------------------&#xD;
 E3: I -      9 total messages with 1 different check ids&#xD;
 E3: Starting Harness Import import&#xD;
 E3:     Attribute BranchNodeID    : default DISPLAY parameters changed.&#xD;
 E3:     Attribute .AppRef         : default OWNER types changed&#xD;
 E3:     Attribute .AppRef         : default DISPLAY parameters changed.&#xD;
 E3: Fixing 'WIRE_RETAINER_1_MM' can not be imported. It has no component code and no default component for fixings is defined!&#xD;
 E3: Fixing 'WIRE_RETAINER_1_MM' can not be imported. It has no component code and no default component for fixings is defined!&#xD;
 E3: Fixing 'WIRE_RETAINER_1_MM' can not be imported. It has no component code and no default component for fixings is defined!&#xD;
 E3: Fixing 'WIRE_RETAINER_1_MM' can not be imported. It has no component code and no default component for fixings is defined!&#xD;
 E3: Fixing 'WIRE_RETAINER_1_MM' can not be imported. It has no component code and no default component for fixings is defined!&#xD;
 E3: I - Formboard sheet 'JNä_V1-2D_correctedPin' was created.&#xD;
 E3: I - Closing project 'Version1_FB' without saving modifications...&#xD;
 E3: Project c:\appveyor\bin\E3.3DRoutingBridge\Mainline\E3.BridgeTest\TestFiles\Designer-36659\TestData\temp.e3s created.&#xD;
 E3: I - Item Validation enabled&#xD;
 E3: I - Validating project&#xD;
 E3: I - Validation enabled for this project&#xD;
 E3: I - Closing project 'temp' without saving modifications...&#xD;
 E3: I - Opening Project  c:\appveyor\bin\E3.3DRoutingBridge\Mainline\E3.BridgeTest\TestFiles\Designer-36701\TestData\10-400-000944-A2_Harness.e3s&#xD;
 E3: I - Updating internal structures: 200 cycles up to version 2505...&#xD;
 E3: 2305 &#xD;
 E3: 2306 &#xD;
 E3: 2307 &#xD;
 E3: 2308 &#xD;
 E3: 2309 &#xD;
 E3: 2310 &#xD;
 E3: 2311 &#xD;
 E3: 2312 &#xD;
 E3: 2399 &#xD;
 E3: 2400 &#xD;
 E3: 2401 &#xD;
 E3: 2402 &#xD;
 E3: 2403 &#xD;
 E3: 2404 &#xD;
 E3: 2405 &#xD;
 E3: 2406 &#xD;
 E3: 2407 &#xD;
 E3: 2408 &#xD;
 E3: 2499 &#xD;
 E3: 2500 &#xD;
 E3: 2501 &#xD;
 E3: 2502 &#xD;
 E3: 2503 &#xD;
 E3: 2504 &#xD;
 E3: OK.&#xD;
 E3: Project c:\appveyor\bin\E3.3DRoutingBridge\Mainline\E3.BridgeTest\TestFiles\Designer-36701\TestData\10-400-000944-A2_Harness.e3s opened.&#xD;
 E3: W - Project has been opened in READ ONLY mode, you can't save any changes to the existing project!&#xD;
 E3: I - Item Validation enabled&#xD;
 E3: I - Validating project&#xD;
 E3: I - Validation enabled for this project&#xD;
 E3: repair_check_extended(0)&#xD;
 E3: --------------------------------------------------------------------------&#xD;
 E3: consistency check (17)....
&#xD;
 E3: E - CCID:002493:  check_attributes( JOBDAT_ITEM/128 (0-20-0-1) ): Single instance attribute '.HISTORY_PRJGUID' found 2 times (15055 (0-4-0-747), 24607 (0-4-0-788))&#xD;
 E3: ....
&#xD;
 E3: dump lost....
&#xD;
 E3: ....
&#xD;
 E3: new consistency check (45) and dump lost items (46)....
&#xD;
 E3: ....
&#xD;
 E3: - done -------------------------------------------------------------------
&#xD;
 E3: summary:
       check id   count                    (message) - info 
--------------------------------------------------------------------&#xD;
 E3: I - CCID:002493:      1  TRY REPAIR 010: - (check_attributes( %s ): Single instance attribute '%s' found %d times (%s))&#xD;
 E3: --------------------------------------------------------------------&#xD;
 E3: I -      1 total messages with 1 different check ids&#xD;
 E3: Starting Harness Import import&#xD;
 E3: W - Harness may not fit to sheet region. Some objects can remain out of the visible region. To locate the objects resize the sheet region or adjust the scale of the sheet region.&#xD;
 E3:     Attribute BranchNodeID    : default DISPLAY parameters changed.&#xD;
 E3:     Attribute .AppRef         : default OWNER types changed&#xD;
 E3:     Attribute .AppRef         : default DISPLAY parameters changed.&#xD;
 E3: I - Formboard sheet '10-400-000944-A2\1' was created.&#xD;
 E3: I - Closing project '10-400-000944-A2_Harness' without saving modifications...&#xD;
 E3: Project c:\appveyor\bin\E3.3DRoutingBridge\Mainline\E3.BridgeTest\TestFiles\Designer-36701\TestData\temp.e3s created.&#xD;
 E3: I - Item Validation enabled&#xD;
 E3: I - Validating project&#xD;
 E3: I - Validation enabled for this project&#xD;
 E3: I - Closing project 'temp' without saving modifications...&#xD;
 E3: I - Opening Project  c:\appveyor\bin\E3.3DRoutingBridge\Mainline\E3.BridgeTest\TestFiles\Designer-36705\TestData\10-400-000944-A2_Harness.e3s&#xD;
 E3: I - Updating internal structures: 200 cycles up to version 2505...&#xD;
 E3: 2305 &#xD;
 E3: 2306 &#xD;
 E3: 2307 &#xD;
 E3: 2308 &#xD;
 E3: 2309 &#xD;
 E3: 2310 &#xD;
 E3: 2311 &#xD;
 E3: 2312 &#xD;
 E3: 2399 &#xD;
 E3: 2400 &#xD;
 E3: 2401 &#xD;
 E3: 2402 &#xD;
 E3: 2403 &#xD;
 E3: 2404 &#xD;
 E3: 2405 &#xD;
 E3: 2406 &#xD;
 E3: 2407 &#xD;
 E3: 2408 &#xD;
 E3: 2499 &#xD;
 E3: 2500 &#xD;
 E3: 2501 &#xD;
 E3: 2502 &#xD;
 E3: 2503 &#xD;
 E3: 2504 &#xD;
 E3: OK.&#xD;
 E3: Project c:\appveyor\bin\E3.3DRoutingBridge\Mainline\E3.BridgeTest\TestFiles\Designer-36705\TestData\10-400-000944-A2_Harness.e3s opened.&#xD;
 E3: W - Project has been opened in READ ONLY mode, you can't save any changes to the existing project!&#xD;
 E3: I - Item Validation enabled&#xD;
 E3: I - Validating project&#xD;
 E3: I - Validation enabled for this project&#xD;
 E3: repair_check_extended(0)&#xD;
 E3: --------------------------------------------------------------------------&#xD;
 E3: consistency check (17)....
&#xD;
 E3: E - CCID:002493:  check_attributes( JOBDAT_ITEM/128 (0-20-0-1) ): Single instance attribute '.HISTORY_PRJGUID' found 2 times (15055 (0-4-0-747), 24607 (0-4-0-788))&#xD;
 E3: ....
&#xD;
 E3: dump lost....
&#xD;
 E3: ....
&#xD;
 E3: new consistency check (45) and dump lost items (46)....
&#xD;
 E3: ....
&#xD;
 E3: - done -------------------------------------------------------------------
&#xD;
 E3: summary:
       check id   count                    (message) - info 
--------------------------------------------------------------------&#xD;
 E3: I - CCID:002493:      1  TRY REPAIR 010: - (check_attributes( %s ): Single instance attribute '%s' found %d times (%s))&#xD;
 E3: --------------------------------------------------------------------&#xD;
 E3: I -      1 total messages with 1 different check ids&#xD;
 E3: Starting Harness Import import&#xD;
 E3: W - Harness may not fit to sheet region. Some objects can remain out of the visible region. To locate the objects resize the sheet region or adjust the scale of the sheet region.&#xD;
 E3:     Attribute BranchNodeID    : default DISPLAY parameters changed.&#xD;
 E3:     Attribute .AppRef         : default OWNER types changed&#xD;
 E3:     Attribute .AppRef         : default DISPLAY parameters changed.&#xD;
 E3: I - Formboard sheet '10-400-000944-A2\1' was created.&#xD;
 E3: I - Closing project '10-400-000944-A2_Harness' without saving modifications...&#xD;
 E3: Project c:\appveyor\bin\E3.3DRoutingBridge\Mainline\E3.BridgeTest\TestFiles\Designer-36705\TestData\temp.e3s created.&#xD;
 E3: I - Item Validation enabled&#xD;
 E3: I - Validating project&#xD;
 E3: I - Validation enabled for this project&#xD;
 E3: I - Closing project 'temp' without saving modifications...&#xD;
 E3: I - Opening Project  c:\appveyor\bin\E3.3DRoutingBridge\Mainline\E3.BridgeTest\TestFiles\Designer-36808\TestData\sampleImport_17817.2.e3s&#xD;
 E3: I - Updating internal structures: 200 cycles up to version 2505...&#xD;
 E3: 2305 &#xD;
 E3: 2306 &#xD;
 E3: 2307 &#xD;
 E3: 2308 &#xD;
 E3: 2309 &#xD;
 E3: 2310 &#xD;
 E3: 2311 &#xD;
 E3: 2312 &#xD;
 E3: 2399 &#xD;
 E3: 2400 &#xD;
 E3: 2401 &#xD;
 E3: 2402 &#xD;
 E3: 2403 &#xD;
 E3: 2404 &#xD;
 E3: 2405 &#xD;
 E3: 2406 &#xD;
 E3: 2407 &#xD;
 E3: 2408 &#xD;
 E3: 2499 &#xD;
 E3: 2500 &#xD;
 E3: 2501 &#xD;
 E3: 2502 &#xD;
 E3: 2503 &#xD;
 E3: 2504 &#xD;
 E3: OK.&#xD;
 E3: Project c:\appveyor\bin\E3.3DRoutingBridge\Mainline\E3.BridgeTest\TestFiles\Designer-36808\TestData\sampleImport_17817.2.e3s opened.&#xD;
 E3: W - Project has been opened in READ ONLY mode, you can't save any changes to the existing project!&#xD;
 E3: I - Item Validation enabled&#xD;
 E3: I - Validating project&#xD;
 E3: I - Validation enabled for this project&#xD;
 E3: repair_check_extended(0)&#xD;
 E3: --------------------------------------------------------------------------&#xD;
 E3: consistency check (17)....
&#xD;
 E3: ....
&#xD;
 E3: dump lost....
&#xD;
 E3: ....
&#xD;
 E3: new consistency check (45) and dump lost items (46)....
&#xD;
 E3: ....
&#xD;
 E3: - done -------------------------------------------------------------------
&#xD;
 E3: I - No known issues found&#xD;
 E3: Starting Harness Import import&#xD;
 E3:     Attribute BranchNodeID    : default DISPLAY parameters changed.&#xD;
 E3:     Attribute .AppRef         : default OWNER types changed&#xD;
 E3:     Attribute .AppRef         : default DISPLAY parameters changed.&#xD;
 E3: W - All values for '.AppRef' have to be unique in project - the value 'E3.Series_temp|1.0.0.0|NODE9_1|74dbe0c7-9107-4e50-8d5f-42b12e958ccd' already exists.&#xD;
 E3: W - All values for '.AppRef' have to be unique in project - the value 'E3.Series_temp|1.0.0.0|NODE8_1|c64f88f8-ef49-41ef-b70d-a31f305c27fc' already exists.&#xD;
 E3: W - All values for '.AppRef' have to be unique in project - the value 'E3.Series_temp|1.0.0.0|RTS7_FIXND_1_1|b4cd5eeb-86bb-4961-9d78-5521d170aa6b' already exists.&#xD;
 E3: I - Formboard sheet 'sampleImport_17817.2' was created.&#xD;
 E3: I - Closing project 'sampleImport_17817.2' without saving modifications...&#xD;
 E3: Project c:\appveyor\bin\E3.3DRoutingBridge\Mainline\E3.BridgeTest\TestFiles\Designer-36808\TestData\temp.e3s created.&#xD;
 E3: I - Item Validation enabled&#xD;
 E3: I - Validating project&#xD;
 E3: I - Validation enabled for this project&#xD;
 E3: I - Closing project 'temp' without saving modifications...&#xD;
 E3: I - Opening Project  c:\appveyor\bin\E3.3DRoutingBridge\Mainline\E3.BridgeTest\TestFiles\Designer-36808\TestData\sampleImport_17817.1.e3s&#xD;
 E3: I - Updating internal structures: 200 cycles up to version 2505...&#xD;
 E3: 2305 &#xD;
 E3: 2306 &#xD;
 E3: 2307 &#xD;
 E3: 2308 &#xD;
 E3: 2309 &#xD;
 E3: 2310 &#xD;
 E3: 2311 &#xD;
 E3: 2312 &#xD;
 E3: 2399 &#xD;
 E3: 2400 &#xD;
 E3: 2401 &#xD;
 E3: 2402 &#xD;
 E3: 2403 &#xD;
 E3: 2404 &#xD;
 E3: 2405 &#xD;
 E3: 2406 &#xD;
 E3: 2407 &#xD;
 E3: 2408 &#xD;
 E3: 2499 &#xD;
 E3: 2500 &#xD;
 E3: 2501 &#xD;
 E3: 2502 &#xD;
 E3: 2503 &#xD;
 E3: 2504 &#xD;
 E3: OK.&#xD;
 E3: Project c:\appveyor\bin\E3.3DRoutingBridge\Mainline\E3.BridgeTest\TestFiles\Designer-36808\TestData\sampleImport_17817.1.e3s opened.&#xD;
 E3: W - Project has been opened in READ ONLY mode, you can't save any changes to the existing project!&#xD;
 E3: I - Item Validation enabled&#xD;
 E3: I - Validating project&#xD;
 E3: I - Validation enabled for this project&#xD;
 E3: repair_check_extended(0)&#xD;
 E3: --------------------------------------------------------------------------&#xD;
 E3: consistency check (17)....
&#xD;
 E3: ....
&#xD;
 E3: dump lost....
&#xD;
 E3: ....
&#xD;
 E3: new consistency check (45) and dump lost items (46)....
&#xD;
 E3: ....
&#xD;
 E3: - done -------------------------------------------------------------------
&#xD;
 E3: I - No known issues found&#xD;
 E3: Starting Harness Import import&#xD;
 E3:     Attribute BranchNodeID    : default DISPLAY parameters changed.&#xD;
 E3:     Attribute .AppRef         : default OWNER types changed&#xD;
 E3:     Attribute .AppRef         : default DISPLAY parameters changed.&#xD;
 E3: W - All values for '.AppRef' have to be unique in project - the value 'E3.Series_temp|1.0.0.0|NODE9_1|26073f75-fbb8-4ad2-a54b-77946dbb9069' already exists.&#xD;
 E3: W - All values for '.AppRef' have to be unique in project - the value 'E3.Series_temp|1.0.0.0|NODE8_1|40fd10d6-36e4-4338-b82f-81e11ba9ad7d' already exists.&#xD;
 E3: W - All values for '.AppRef' have to be unique in project - the value 'E3.Series_temp|1.0.0.0|RTS7_FIXND_1_1|456786b9-ff87-4774-9cee-82e9b15d99f2' already exists.&#xD;
 E3: I - Formboard sheet 'sampleImport_17817.1' was created.&#xD;
 E3: I - Closing project 'sampleImport_17817.1' without saving modifications...&#xD;
 E3: Project c:\appveyor\bin\E3.3DRoutingBridge\Mainline\E3.BridgeTest\TestFiles\Designer-36808\TestData\temp.e3s created.&#xD;
 E3: I - Item Validation enabled&#xD;
 E3: I - Validating project&#xD;
 E3: I - Validation enabled for this project&#xD;
 E3: I - Closing project 'temp' without saving modifications...&#xD;
 E3: I - Opening Project  c:\appveyor\bin\E3.3DRoutingBridge\Mainline\E3.BridgeTest\TestFiles\Designer-36924\TestData\PG_Unibom1.1_20181009_20200802.e3s&#xD;
 E3: I - Updating internal structures: 200 cycles up to version 2505...&#xD;
 E3: 2305 &#xD;
 E3: 2306 &#xD;
 E3: 2307 &#xD;
 E3: 2308 &#xD;
 E3: 2309 &#xD;
 E3: 2310 &#xD;
 E3: 2311 &#xD;
 E3: 2312 &#xD;
 E3: 2399 &#xD;
 E3: 2400 &#xD;
 E3: 2401 &#xD;
 E3: 2402 &#xD;
 E3: 2403 &#xD;
 E3: 2404 &#xD;
 E3: 2405 &#xD;
 E3: 2406 &#xD;
 E3: 2407 &#xD;
 E3: 2408 &#xD;
 E3: 2499 &#xD;
 E3: 2500 &#xD;
 E3: 2501 &#xD;
 E3: 2502 &#xD;
 E3: 2503 &#xD;
 E3: 2504 &#xD;
 E3: OK.&#xD;
 E3: Project c:\appveyor\bin\E3.3DRoutingBridge\Mainline\E3.BridgeTest\TestFiles\Designer-36924\TestData\PG_Unibom1.1_20181009_20200802.e3s opened.&#xD;
 E3: W - Project has been opened in READ ONLY mode, you can't save any changes to the existing project!&#xD;
 E3: I - Item Validation enabled&#xD;
 E3: I - Validating project&#xD;
 E3: I - Validation enabled for this project&#xD;
 E3: repair_check_extended(0)&#xD;
 E3: --------------------------------------------------------------------------&#xD;
 E3: consistency check (17)....
&#xD;
 E3: ....
&#xD;
 E3: dump lost....
&#xD;
 E3: ....
&#xD;
 E3: new consistency check (45) and dump lost items (46)....
&#xD;
 E3: ....
&#xD;
 E3: - done -------------------------------------------------------------------
&#xD;
 E3: I - No known issues found&#xD;
 E3: Starting Harness Import import&#xD;
 E3: E - Unknown attributes found in mapping file 'c:\appveyor\bin\E3.3DRoutingBridge\Mainline\E3.BridgeTest\TestFiles\Designer-36924\TestData\E3_Harness_Import.map':&#xD;
 E3:     &#xD;
 E3:     	- F-ActiveTG&#xD;
 E3:     	- F-wireLevel&#xD;
 E3:     	- F-HarnBaseNo&#xD;
 E3:     	- F-RoutePath&#xD;
 E3:     	- F-RoutePath2&#xD;
 E3:     	- F-RoutePath3&#xD;
 E3:     	- F-RoutePath4&#xD;
 E3:     	- F-RoutePath5&#xD;
 E3:     	- F-WireEnd2&#xD;
 E3:     	- F-WireEndCavSeal&#xD;
 E3:     	- F-WireEndTermMaterial&#xD;
 E3:     	- F-WireEndTerminal&#xD;
 E3:     	- F-WireEndCavSeal&#xD;
 E3:     	- F-WireEndTermMaterial&#xD;
 E3:     	- F-WireEndTerminal&#xD;
 E3:     	- F-wireLength&#xD;
 E3:     	- F-wireLevel&#xD;
 E3:     	- F-TapeFoil&#xD;
 E3:     	- F-TapeWrap&#xD;
 E3:     	- F-TapeSpot&#xD;
 E3:     	- F-wireMulticore&#xD;
 E3:     	- F-wireNote&#xD;
 E3:     	- F-OptText&#xD;
 E3:     	- F-wireSpec&#xD;
 E3:     	- F-AddedPartMandatory&#xD;
 E3:     	- F-bundCoverLayer&#xD;
 E3:     	- F-CoveringEndPoint&#xD;
 E3:     	- F-CoveringLength&#xD;
 E3:     	- F-CoveringStartPoint&#xD;
 E3:     	- F-Color&#xD;
 E3:     	- F-LocationXY&#xD;
 E3:     	- F-CompType&#xD;
 E3:     	- F-ConnTermSealReq&#xD;
 E3:     	- noBOM&#xD;
 E3:     	- F-MCAD_NODE&#xD;
 E3:     	- F-HarnBaseNo&#xD;
 E3:     	- F-harnessLevel&#xD;
 E3:     	- F-IDC-Terminal&#xD;
 E3:     	- F-MaxOD&#xD;
 E3:     	- F-MinOD&#xD;
 E3:     	- F-PDBConnPosCnt&#xD;
 E3:     	- F-PDBDeviceDes&#xD;
 E3:     	- F-PDBDevicePos&#xD;
 E3:     	- F-Submergible&#xD;
 E3:     	- F-SymbolName&#xD;
 E3:     	- F-symbolType&#xD;
 E3:     	- F-tapeThickness&#xD;
 E3:     	- F-tapeWidth&#xD;
 E3:     	- F-TubeBore&#xD;
 E3:     	- F-TubeConv&#xD;
 E3:     	- F-TubeSlit&#xD;
 E3:     	- F-OptText&#xD;
 E3:     	- F-CompType&#xD;
 E3:     	- noBOM&#xD;
 E3:     	- F-HarnBaseNo&#xD;
 E3:     	- F-AddedPartMandatory&#xD;
 E3:     	- F-CompType&#xD;
 E3:     	- F-BCONN_Config&#xD;
 E3:     	- F-ConnTermSealReq&#xD;
 E3:     	- F-ConnectToDescription&#xD;
 E3:     	- noBOM&#xD;
 E3:     	- F-MCAD_NODE&#xD;
 E3:     	- F-HarnBaseNo&#xD;
 E3:     	- F-harnessLevel&#xD;
 E3:     	- F-IDC-Terminal&#xD;
 E3:     	- F-PDBConnPosCnt&#xD;
 E3:     	- F-PDBDeviceDes&#xD;
 E3:     	- F-PDBDevicePos&#xD;
 E3:     	- F-Submergible&#xD;
 E3:     	- noBOM&#xD;
 E3:     	- F-HarnBaseNo&#xD;
 E3:     	- F-RoutePath&#xD;
 E3:     	- F-RoutePath2&#xD;
 E3:     	- F-RoutePath3&#xD;
 E3:     	- F-RoutePath4&#xD;
 E3:     	- F-RoutePath5&#xD;
 E3:     	- F-WireEnd2&#xD;
 E3:     	- F-WireEndCavSeal&#xD;
 E3:     	- F-WireEndTermMaterial&#xD;
 E3:     	- F-WireEndTerminal&#xD;
 E3:     	- F-WireEndCavSeal&#xD;
 E3:     	- F-WireEndTermMaterial&#xD;
 E3:     	- F-WireEndTerminal&#xD;
 E3:     	- F-wireLength&#xD;
 E3:     	- F-wireLevel&#xD;
 E3:     	- F-TapeFoil&#xD;
 E3:     	- F-TapeWrap&#xD;
 E3:     	- F-TapeSpot&#xD;
 E3:     	- F-wireMulticore&#xD;
 E3:     	- F-wireNote&#xD;
 E3:     	- F-OptText&#xD;
 E3:     	- CATPart&#xD;
 E3:     	- F-MCAD_Bundle_Dia&#xD;
 E3:     	- F-MCAD_Bundle_Len&#xD;
 E3:     	- F-MCAD_NODE&#xD;
 E3:     	- F-RoutePath&#xD;
 E3:     	- F-RoutePath2&#xD;
 E3:     	- F-RoutePath3&#xD;
 E3:     	- F-RoutePath4&#xD;
 E3:     	- F-RoutePath5&#xD;
 E3:     	- F-HarnBaseNo&#xD;
 E3:     	- F-shtHL_FPN_Opt&#xD;
 E3:     	- F-harnessLevelAlias&#xD;
 E3:     	- F-harnessLevel&#xD;
 E3:     	- F-ProjectMilestone&#xD;
 E3:     Attribute .AppRef         : default OWNER types changed&#xD;
 E3:     Attribute .AppRef         : default DISPLAY parameters changed.&#xD;
 E3: I - Formboard sheet 'COAX_TEST' was created.&#xD;
 E3: I - Closing project 'PG_Unibom1.1_20181009_20200802' without saving modifications...&#xD;
 E3: Project c:\appveyor\bin\E3.3DRoutingBridge\Mainline\E3.BridgeTest\TestFiles\Designer-36924\TestData\temp.e3s created.&#xD;
 E3: I - Item Validation enabled&#xD;
 E3: I - Validating project&#xD;
 E3: I - Validation enabled for this project&#xD;
 E3: I - Closing project 'temp' without saving modifications...&#xD;
 E3: I - Opening Project  c:\appveyor\bin\E3.3DRoutingBridge\Mainline\E3.BridgeTest\TestFiles\Templates\Empty.e3s&#xD;
 E3: I - Updating internal structures: 200 cycles up to version 2505...&#xD;
 E3: 2305 &#xD;
 E3: 2306 &#xD;
 E3: 2307 &#xD;
 E3: 2308 &#xD;
 E3: 2309 &#xD;
 E3: 2310 &#xD;
 E3: 2311 &#xD;
 E3: 2312 &#xD;
 E3: 2399 &#xD;
 E3: 2400 &#xD;
 E3: 2401 &#xD;
 E3: 2402 &#xD;
 E3: 2403 &#xD;
 E3: 2404 &#xD;
 E3: 2405 &#xD;
 E3: 2406 &#xD;
 E3: 2407 &#xD;
 E3: 2408 &#xD;
 E3: 2499 &#xD;
 E3: 2500 &#xD;
 E3: 2501 &#xD;
 E3: 2502 &#xD;
 E3: 2503 &#xD;
 E3: 2504 &#xD;
 E3: OK.&#xD;
 E3: Project c:\appveyor\bin\E3.3DRoutingBridge\Mainline\E3.BridgeTest\TestFiles\Templates\Empty.e3s opened.&#xD;
 E3: W - Project has been opened in READ ONLY mode, you can't save any changes to the existing project!&#xD;
 E3: I - Item Validation enabled&#xD;
 E3: I - Validating project&#xD;
 E3: I - Validation enabled for this project&#xD;
 E3: repair_check_extended(0)&#xD;
 E3: --------------------------------------------------------------------------&#xD;
 E3: consistency check (17)....
&#xD;
 E3: ....
&#xD;
 E3: dump lost....
&#xD;
 E3: ....
&#xD;
 E3: new consistency check (45) and dump lost items (46)....
&#xD;
 E3: ....
&#xD;
 E3: - done -------------------------------------------------------------------
&#xD;
 E3: I - No known issues found&#xD;
 E3: I - Text type 33 now assigned to attribute Function.&#xD;
 E3: I - Text type 55 now assigned to attribute F-devConnPocket.&#xD;
 E3: I - Text type 83 now assigned to attribute noOfConnections.&#xD;
 E3: I - Text type 84 now assigned to attribute connStyle.&#xD;
 E3: I - Text type 101 now assigned to attribute F-wireSpec.&#xD;
 E3: I - Text type 103 now assigned to attribute F-wireName.&#xD;
 E3: I - Text type 104 now assigned to attribute F-harnBaseNo.&#xD;
 E3: I - Text type 105 now assigned to attribute F-optContentTable.&#xD;
 E3: I - Text type 106 now assigned to attribute F-optContent.&#xD;
 E3: I - Text type 107 now assigned to attribute F-Plating.&#xD;
 E3: I - Text type 110 now assigned to attribute Description.&#xD;
 E3: I - Text type 111 now assigned to attribute F-ConnectToDescription.&#xD;
 E3: I - Text type 112 now assigned to attribute F-NodeIdent.&#xD;
 E3: I - Text type 113 now assigned to attribute F-conductorType.&#xD;
 E3: I - Text type 114 now assigned to attribute F-partStatus.&#xD;
 E3: I - Text type 115 now assigned to attribute F-resistance.&#xD;
 E3: I - Text type 116 now assigned to attribute F-maxVoltage.&#xD;
 E3: I - Text type 117 now assigned to attribute F-maxTemp.&#xD;
 E3: I - Text type 118 now assigned to attribute F-minWireOD.&#xD;
 E3: I - Text type 422 now assigned to attribute Value.&#xD;
 E3: I - Text type 423 now assigned to attribute Type.&#xD;
 E3: I - Text type 601 now assigned to attribute F-wireLength.&#xD;
 E3: I - Text type 602 now assigned to attribute F-RoutePath.&#xD;
 E3: I - Text type 655 now assigned to attribute F-intDevName.&#xD;
 E3: I - Text type 656 now assigned to attribute F-multiName.&#xD;
 E3: I - Text type 657 now assigned to attribute F-SignalColor.&#xD;
 E3: I - Text type 658 now assigned to attribute F-SignalNotePSF.&#xD;
 E3: I - Text type 659 now assigned to attribute F-SignalStatusPSF.&#xD;
 E3: I - Text type 672 now assigned to attribute F-DeviceNameRlyFuse.&#xD;
 E3: I - Text type 673 now assigned to attribute F-DeviceNameGFS.&#xD;
 E3: I - Text type 674 now assigned to attribute F-DeviceBusbar.&#xD;
 E3: I - Text type 675 now assigned to attribute F-DeviceNM.&#xD;
 E3: I - Text type 676 now assigned to attribute F-DeviceDesc.&#xD;
 E3: I - Text type 677 now assigned to attribute F-SymbolText.&#xD;
 E3: I - Text type 678 now assigned to attribute F-fixedPN.&#xD;
 E3: I - Text type 679 now assigned to attribute F-fixedPPIN.&#xD;
 E3: I - Text type 680 now assigned to attribute F-SaberStringKey.&#xD;
 E3: I - Text type 681 now assigned to attribute F-Saber_ConnectorFlag.&#xD;
 E3: I - Text type 682 now assigned to attribute F-Saber_ConnectorPaired.&#xD;
 E3: I - Text type 683 now assigned to attribute F-Saber_ConnectorType.&#xD;
 E3: I - Text type 694 now assigned to attribute Option.&#xD;
 E3: I - Text type 695 now assigned to attribute F-OptText.&#xD;
 E3: I - Text type 700 now assigned to attribute F-harnessLevel.&#xD;
 E3: I - Text type 701 now assigned to attribute F-wireLevel.&#xD;
 E3: I - Text type 702 now assigned to attribute F-wireNote.&#xD;
 E3: I - Text type 711 now assigned to attribute F-shtWERS.&#xD;
 E3: I - Text type 777 now assigned to attribute F-CKT_TYPE.&#xD;
 E3: I - Text type 778 now assigned to attribute F-CKT_TYPE(2).&#xD;
 E3: I - Text type 779 now assigned to attribute F-CONNECTOR_DESC.&#xD;
 E3: I - Text type 801 now assigned to attribute F-shtDivision.&#xD;
 E3: I - Text type 802 now assigned to attribute F-shtPlant.&#xD;
 E3: I - Text type 803 now assigned to attribute F-shtUnit.&#xD;
 E3: I - Text type 804 now assigned to attribute F-shtSafety.&#xD;
 E3: I - Text type 805 now assigned to attribute F-shtDetailer.&#xD;
 E3: I - Text type 806 now assigned to attribute F-shtTitle.&#xD;
 E3: I - Text type 809 now assigned to attribute F-shtOperNo.&#xD;
 E3: I - Text type 810 now assigned to attribute F-shtChecked.&#xD;
 E3: I - Text type 811 now assigned to attribute F-shtStdVer.&#xD;
 E3: I - Text type 812 now assigned to attribute F-shtCadType.&#xD;
 E3: I - Text type 813 now assigned to attribute F-shtDesigner.&#xD;
 E3: I - Text type 814 now assigned to attribute F-shtDate.&#xD;
 E3: I - Text type 815 now assigned to attribute F-shtSheetPage.&#xD;
 E3: I - Text type 816 now assigned to attribute F-shtSheetPageOf.&#xD;
 E3: I - Text type 817 now assigned to attribute F-shtScale.&#xD;
 E3: I - Text type 818 now assigned to attribute F-shtRevCol.&#xD;
 E3: I - Text type 819 now assigned to attribute F-shtCadLoc.&#xD;
 E3: I - Text type 820 now assigned to attribute F-shtFPN.&#xD;
 E3: I - Text type 821 now assigned to attribute F-shtBaseNo.&#xD;
 E3: I - Text type 822 now assigned to attribute F-shtBaseDesc.&#xD;
 E3: I - Text type 823 now assigned to attribute F-shtReference.&#xD;
 E3: I - Text type 824 now assigned to attribute F-shtLH_RH.&#xD;
 E3: I - Text type 825 now assigned to attribute F-shtPlantCode.&#xD;
 E3: I - Text type 826 now assigned to attribute F-shtLineCode.&#xD;
 E3: I - Text type 827 now assigned to attribute F-shtDept_No.&#xD;
 E3: I - Text type 828 now assigned to attribute F-shtBT_No.&#xD;
 E3: I - Text type 829 now assigned to attribute F-shtStation.&#xD;
 E3: I - Text type 830 now assigned to attribute F-shtInvertedDelta.&#xD;
 E3: I - Text type 831 now assigned to attribute F-shtMediaMaster.&#xD;
 E3: I - Text type 832 now assigned to attribute F-shtStdVersion.&#xD;
 E3: I - Text type 852 now assigned to attribute saberParam2.&#xD;
 E3: I - Text type 853 now assigned to attribute saberParam3.&#xD;
 E3: I - Text type 854 now assigned to attribute saberParam4.&#xD;
 E3: I - Text type 855 now assigned to attribute saberParam5.&#xD;
 E3: I - Text type 856 now assigned to attribute saberParam6.&#xD;
 E3: I - Text type 857 now assigned to attribute saberParam7.&#xD;
 E3: I - Text type 858 now assigned to attribute saberParam8.&#xD;
 E3: I - Text type 859 now assigned to attribute saberParam9.&#xD;
 E3: I - Text type 860 now assigned to attribute saberParam10.&#xD;
 E3: I - Text type 861 now assigned to attribute saberParam11.&#xD;
 E3: I - Text type 890 now assigned to attribute F-DT-PART_NUMBER.&#xD;
 E3: I - Text type 891 now assigned to attribute F-DT-COMPONENT_FPN.&#xD;
 E3: Starting Harness Import import&#xD;
 E3:     Attribute .AppRef         : default OWNER types changed&#xD;
 E3:     Attribute .AppRef         : default DISPLAY parameters changed.&#xD;
 E3: I - Loading CG-B491 as crimp contact of 2R8T-14489-CB... &#xD;
 E3: W - Cannot load Component 'ESHU5T-1289-AA' from database - look in output window for details... &#xD;
 E3: E - Cannot create new device 'TA53-ID' with component 'ESHU5T-1289-AA'&#xD;
 E3: I - Loading CG-G112 as crimp contact of 4S7T-14A459-VGA... &#xD;
 E3: Protection 'TA12-FW-NH-D06.3' can not be imported. It has no component code and no default component for protections is defined!&#xD;
 E3: Protection 'TA22-SW-NH-D06.3' can not be imported. It has no component code and no default component for protections is defined!&#xD;
 E3: Protection 'TA32-SP-NH-D06.3' can not be imported. It has no component code and no default component for protections is defined!&#xD;
 E3: W - Protection 'TA40-DW-AH-D06.3' could not be placed.&#xD;
 E3: Protection 'TA42-DW-NH-D06.3' can not be imported. It has no component code and no default component for protections is defined!&#xD;
 E3: I - Formboard sheet 'COAX_TEST' was created.&#xD;
 E3: I - Closing project 'Empty' without saving modifications...&#xD;
 E3: Project c:\appveyor\bin\E3.3DRoutingBridge\Mainline\E3.BridgeTest\TestFiles\Templates\temp.e3s created.&#xD;
 E3: I - Item Validation enabled&#xD;
 E3: I - Validating project&#xD;
 E3: I - Validation enabled for this project&#xD;
 E3: I - Closing project 'temp' without saving modifications...&#xD;
 E3: I - Opening Project  c:\appveyor\bin\E3.3DRoutingBridge\Mainline\E3.BridgeTest\TestFiles\Designer-37636\TestData\test_JNae.e3s&#xD;
 E3: I - Updating internal structures: 200 cycles up to version 2505...&#xD;
 E3: 2305 &#xD;
 E3: 2306 &#xD;
 E3: 2307 &#xD;
 E3: 2308 &#xD;
 E3: 2309 &#xD;
 E3: 2310 &#xD;
 E3: 2311 &#xD;
 E3: 2312 &#xD;
 E3: 2399 &#xD;
 E3: 2400 &#xD;
 E3: 2401 &#xD;
 E3: 2402 &#xD;
 E3: 2403 &#xD;
 E3: 2404 &#xD;
 E3: 2405 &#xD;
 E3: 2406 &#xD;
 E3: 2407 &#xD;
 E3: 2408 &#xD;
 E3: 2499 &#xD;
 E3: 2500 &#xD;
 E3: 2501 &#xD;
 E3: 2502 &#xD;
 E3: 2503 &#xD;
 E3: 2504 &#xD;
 E3: OK.&#xD;
 E3: Project c:\appveyor\bin\E3.3DRoutingBridge\Mainline\E3.BridgeTest\TestFiles\Designer-37636\TestData\test_JNae.e3s opened.&#xD;
 E3: W - Project has been opened in READ ONLY mode, you can't save any changes to the existing project!&#xD;
 E3: I - Item Validation enabled&#xD;
 E3: I - Validating project&#xD;
 E3: I - Validation enabled for this project&#xD;
 E3: repair_check_extended(0)&#xD;
 E3: --------------------------------------------------------------------------&#xD;
 E3: consistency check (17)....
&#xD;
 E3: ....
&#xD;
 E3: dump lost....
&#xD;
 E3: ....
&#xD;
 E3: new consistency check (45) and dump lost items (46)....
&#xD;
 E3: ....
&#xD;
 E3: - done -------------------------------------------------------------------
&#xD;
 E3: I - No known issues found&#xD;
 E3: Starting Harness Import import&#xD;
 E3: I - Formboard sheet '1' was created.&#xD;
 E3: I - Closing project 'test_JNae' without saving modifications...&#xD;
 E3: Project c:\appveyor\bin\E3.3DRoutingBridge\Mainline\E3.BridgeTest\TestFiles\Designer-37636\TestData\temp.e3s created.&#xD;
 E3: I - Item Validation enabled&#xD;
 E3: I - Validating project&#xD;
 E3: I - Validation enabled for this project&#xD;
 E3: I - Closing project 'temp' without saving modifications...&#xD;
 E3: I - Opening Project  c:\appveyor\bin\E3.3DRoutingBridge\Mainline\E3.BridgeTest\TestFiles\Designer-37681\TestData\10-400-000944-A0-REV2_Fresh_Layout_Assembly_ConLabel_Protection_Dimensions_ConMaster.e3s&#xD;
 E3: I - Updating internal structures: 200 cycles up to version 2505...&#xD;
 E3: 2305 &#xD;
 E3: 2306 &#xD;
 E3: 2307 &#xD;
 E3: 2308 &#xD;
 E3: 2309 &#xD;
 E3: 2310 &#xD;
 E3: 2311 &#xD;
 E3: 2312 &#xD;
 E3: 2399 &#xD;
 E3: 2400 &#xD;
 E3: 2401 &#xD;
 E3: 2402 &#xD;
 E3: 2403 &#xD;
 E3: 2404 &#xD;
 E3: 2405 &#xD;
 E3: 2406 &#xD;
 E3: 2407 &#xD;
 E3: 2408 &#xD;
 E3: 2499 &#xD;
 E3: 2500 &#xD;
 E3: 2501 &#xD;
 E3: 2502 &#xD;
 E3: 2503 &#xD;
 E3: 2504 &#xD;
 E3: OK.&#xD;
 E3: Project c:\appveyor\bin\E3.3DRoutingBridge\Mainline\E3.BridgeTest\TestFiles\Designer-37681\TestData\10-400-000944-A0-REV2_Fresh_Layout_Assembly_ConLabel_Protection_Dimensions_ConMaster.e3s opened.&#xD;
 E3: W - Project has been opened in READ ONLY mode, you can't save any changes to the existing project!&#xD;
 E3: I - Item Validation enabled&#xD;
 E3: I - Validating project&#xD;
 E3: I - Validation enabled for this project&#xD;
 E3: repair_check_extended(0)&#xD;
 E3: --------------------------------------------------------------------------&#xD;
 E3: consistency check (17)....
&#xD;
 E3: ....
&#xD;
 E3: dump lost....
&#xD;
 E3: ....
&#xD;
 E3: new consistency check (45) and dump lost items (46)....
&#xD;
 E3: ....
&#xD;
 E3: - done -------------------------------------------------------------------
&#xD;
 E3: I - No known issues found&#xD;
 E3: Starting Harness Import import&#xD;
 E3: W - The sheet name must be a string with no more than 53 characters. Therefore, the value is truncated to 53 characters.&#xD;
 E3:     Attribute BranchNodeID    : default DISPLAY parameters changed.&#xD;
 E3:     Attribute .AppRef         : default OWNER types changed&#xD;
 E3:     Attribute .AppRef         : default DISPLAY parameters changed.&#xD;
 E3: I - Formboard sheet '1' was created.&#xD;
 E3: I - Closing project '10-400-000944-A0-REV2_Fresh_Layout_Assembly_ConLabel_Protection_Dimensions_ConMaster' without saving modifications...&#xD;
 E3: Project c:\appveyor\bin\E3.3DRoutingBridge\Mainline\E3.BridgeTest\TestFiles\Designer-37681\TestData\temp.e3s created.&#xD;
 E3: I - Item Validation enabled&#xD;
 E3: I - Validating project&#xD;
 E3: I - Validation enabled for this project&#xD;
 E3: I - Closing project 'temp' without saving modifications...&#xD;
 E3: I - Opening Project  c:\appveyor\bin\E3.3DRoutingBridge\Mainline\E3.BridgeTest\TestFiles\Templates\Empty.e3s&#xD;
 E3: I - Updating internal structures: 200 cycles up to version 2505...&#xD;
 E3: 2305 &#xD;
 E3: 2306 &#xD;
 E3: 2307 &#xD;
 E3: 2308 &#xD;
 E3: 2309 &#xD;
 E3: 2310 &#xD;
 E3: 2311 &#xD;
 E3: 2312 &#xD;
 E3: 2399 &#xD;
 E3: 2400 &#xD;
 E3: 2401 &#xD;
 E3: 2402 &#xD;
 E3: 2403 &#xD;
 E3: 2404 &#xD;
 E3: 2405 &#xD;
 E3: 2406 &#xD;
 E3: 2407 &#xD;
 E3: 2408 &#xD;
 E3: 2499 &#xD;
 E3: 2500 &#xD;
 E3: 2501 &#xD;
 E3: 2502 &#xD;
 E3: 2503 &#xD;
 E3: 2504 &#xD;
 E3: OK.&#xD;
 E3: Project c:\appveyor\bin\E3.3DRoutingBridge\Mainline\E3.BridgeTest\TestFiles\Templates\Empty.e3s opened.&#xD;
 E3: W - Project has been opened in READ ONLY mode, you can't save any changes to the existing project!&#xD;
 E3: I - Item Validation enabled&#xD;
 E3: I - Validating project&#xD;
 E3: I - Validation enabled for this project&#xD;
 E3: repair_check_extended(0)&#xD;
 E3: --------------------------------------------------------------------------&#xD;
 E3: consistency check (17)....
&#xD;
 E3: ....
&#xD;
 E3: dump lost....
&#xD;
 E3: ....
&#xD;
 E3: new consistency check (45) and dump lost items (46)....
&#xD;
 E3: ....
&#xD;
 E3: - done -------------------------------------------------------------------
&#xD;
 E3: I - No known issues found&#xD;
 E3: Starting Harness Import import&#xD;
 E3: I - Loading DTM06-4S as mating connector of DTM04-4P... &#xD;
 E3: I - Loading DTM-C-S-AWG20-24 as crimp contact of DTM04-4P... &#xD;
 E3: I - Loading DTM-C-B-AWG20-24 as crimp contact of DTM06-4S... &#xD;
 E3: I - Loading DTM06-6S as mating connector of DTM04-6P... &#xD;
 E3: I - Loading DTM06-8S as mating connector of DTM04-8P... &#xD;
 E3: Splice 'SP_001' can not be imported. It has no component code and no default component for splices is defined!&#xD;
 E3: Splice 'SP_002' can not be imported. It has no component code and no default component for splices is defined!&#xD;
 E3: Splice 'SP_003' can not be imported. It has no component code and no default component for splices is defined!&#xD;
 E3: Splice 'SP_004' can not be imported. It has no component code and no default component for splices is defined!&#xD;
 E3: Splice 'SP_005' can not be imported. It has no component code and no default component for splices is defined!&#xD;
 E3: Splice 'SP_001' can not be imported. It has no component code and no default component for splices is defined!&#xD;
 E3: Splice 'SP_002' can not be imported. It has no component code and no default component for splices is defined!&#xD;
 E3: Splice 'SP_003' can not be imported. It has no component code and no default component for splices is defined!&#xD;
 E3: Splice 'SP_004' can not be imported. It has no component code and no default component for splices is defined!&#xD;
 E3: Splice 'SP_005' can not be imported. It has no component code and no default component for splices is defined!&#xD;
 E3: I - Wire 'W_001' has been created with default wire group 'DefaultWireGroup' and wire 'DefaultWire'.&#xD;
 E3: I - Wire 'W_008' has been created with default wire group 'DefaultWireGroup' and wire 'DefaultWire'.&#xD;
 E3: I - Wire 'W_009' has been created with default wire group 'DefaultWireGroup' and wire 'DefaultWire'.&#xD;
 E3: I - Wire 'W_010' has been created with default wire group 'DefaultWireGroup' and wire 'DefaultWire'.&#xD;
 E3: I - Wire 'W_011' has been created with default wire group 'DefaultWireGroup' and wire 'DefaultWire'.&#xD;
 E3: I - Wire 'W_012' has been created with default wire group 'DefaultWireGroup' and wire 'DefaultWire'.&#xD;
 E3: I - Wire 'W_015' has been created with default wire group 'DefaultWireGroup' and wire 'DefaultWire'.&#xD;
 E3: I - Wire 'W_016' has been created with default wire group 'DefaultWireGroup' and wire 'DefaultWire'.&#xD;
 E3: I - Wire 'W_017' has been created with default wire group 'DefaultWireGroup' and wire 'DefaultWire'.&#xD;
 E3: I - Wire 'W_019' has been created with default wire group 'DefaultWireGroup' and wire 'DefaultWire'.&#xD;
 E3: I - Wire 'W_020' has been created with default wire group 'DefaultWireGroup' and wire 'DefaultWire'.&#xD;
 E3: I - Wire 'W_021' has been created with default wire group 'DefaultWireGroup' and wire 'DefaultWire'.&#xD;
 E3: I - Wire 'W_022' has been created with default wire group 'DefaultWireGroup' and wire 'DefaultWire'.&#xD;
 E3: I - Wire 'W_023' has been created with default wire group 'DefaultWireGroup' and wire 'DefaultWire'.&#xD;
 E3: I - Wire 'W_024' has been created with default wire group 'DefaultWireGroup' and wire 'DefaultWire'.&#xD;
 E3: I - Wire 'W_025' has been created with default wire group 'DefaultWireGroup' and wire 'DefaultWire'.&#xD;
 E3: I - Wire 'W_026' has been created with default wire group 'DefaultWireGroup' and wire 'DefaultWire'.&#xD;
 E3: I - Wire 'W_027' has been created with default wire group 'DefaultWireGroup' and wire 'DefaultWire'.&#xD;
 E3: I - Wire 'W_028' has been created with default wire group 'DefaultWireGroup' and wire 'DefaultWire'.&#xD;
 E3: I - Wire 'W_029' has been created with default wire group 'DefaultWireGroup' and wire 'DefaultWire'.&#xD;
 E3: I - Wire 'W_018' has been created with default wire group 'DefaultWireGroup' and wire 'DefaultWire'.&#xD;
 E3: I - Wire 'W_014' has been created with default wire group 'DefaultWireGroup' and wire 'DefaultWire'.&#xD;
 E3: I - Wire 'W_013' has been created with default wire group 'DefaultWireGroup' and wire 'DefaultWire'.&#xD;
 E3: I - Formboard sheet 'Sample' was created.&#xD;
 E3: I - Closing project 'Empty' without saving modifications...&#xD;
 E3: Project c:\appveyor\bin\E3.3DRoutingBridge\Mainline\E3.BridgeTest\TestFiles\Templates\temp.e3s created.&#xD;
 E3: I - Item Validation enabled&#xD;
 E3: I - Validating project&#xD;
 E3: I - Validation enabled for this project&#xD;
 E3: I - Closing project 'temp' without saving modifications...&#xD;
 E3: I - Opening Project  c:\appveyor\bin\E3.3DRoutingBridge\Mainline\E3.BridgeTest\TestFiles\Designer-37735\TestData\FB-result.e3s&#xD;
 E3: I - Updating internal structures: 200 cycles up to version 2505...&#xD;
 E3: 2305 &#xD;
 E3: 2306 &#xD;
 E3: 2307 &#xD;
 E3: 2308 &#xD;
 E3: 2309 &#xD;
 E3: 2310 &#xD;
 E3: 2311 &#xD;
 E3: 2312 &#xD;
 E3: 2399 &#xD;
 E3: 2400 &#xD;
 E3: 2401 &#xD;
 E3: 2402 &#xD;
 E3: 2403 &#xD;
 E3: 2404 &#xD;
 E3: 2405 &#xD;
 E3: 2406 &#xD;
 E3: 2407 &#xD;
 E3: 2408 &#xD;
 E3: 2499 &#xD;
 E3: 2500 &#xD;
 E3: 2501 &#xD;
 E3: 2502 &#xD;
 E3: 2503 &#xD;
 E3: 2504 &#xD;
 E3: OK.&#xD;
 E3: Project c:\appveyor\bin\E3.3DRoutingBridge\Mainline\E3.BridgeTest\TestFiles\Designer-37735\TestData\FB-result.e3s opened.&#xD;
 E3: W - Project has been opened in READ ONLY mode, you can't save any changes to the existing project!&#xD;
 E3: I - Item Validation enabled&#xD;
 E3: I - Validating project&#xD;
 E3: I - Validation enabled for this project&#xD;
 E3: repair_check_extended(0)&#xD;
 E3: --------------------------------------------------------------------------&#xD;
 E3: consistency check (17)....
&#xD;
 E3: ....
&#xD;
 E3: dump lost....
&#xD;
 E3: ....
&#xD;
 E3: new consistency check (45) and dump lost items (46)....
&#xD;
 E3: ....
&#xD;
 E3: - done -------------------------------------------------------------------
&#xD;
 E3: summary:
       check id   count                    (message) - info 
--------------------------------------------------------------------&#xD;
 E3: I - CCID:002578:      1                    (check_symbol_references: symbol '%s' not found in project, referenced by %s) - activate TE_85 to list each info in the report list!&#xD;
 E3: --------------------------------------------------------------------&#xD;
 E3: I -      1 total messages with 1 different check ids&#xD;
 E3: Starting Harness Import import&#xD;
 E3:     Attribute BranchNodeID    : default DISPLAY parameters changed.&#xD;
 E3:     Attribute .AppRef         : default RESTRICTion parameters changed.&#xD;
 E3:     Attribute .AppRef         : default OWNER types changed&#xD;
 E3:     Attribute .AppRef         : default DISPLAY parameters changed.&#xD;
 E3: I - Formboard sheet 'Sample' was created.&#xD;
 E3: I - Closing project 'FB-result' without saving modifications...&#xD;
 E3: Project c:\appveyor\bin\E3.3DRoutingBridge\Mainline\E3.BridgeTest\TestFiles\Designer-37735\TestData\temp.e3s created.&#xD;
 E3: I - Item Validation enabled&#xD;
 E3: I - Validating project&#xD;
 E3: I - Validation enabled for this project&#xD;
 E3: I - Closing project 'temp' without saving modifications...&#xD;
 E3: I - Opening Project  c:\appveyor\bin\E3.3DRoutingBridge\Mainline\E3.BridgeTest\TestFiles\Designer-38202\TestData\EMPTY.e3s&#xD;
 E3: I - Updating internal structures: 200 cycles up to version 2505...&#xD;
 E3: 2305 &#xD;
 E3: 2306 &#xD;
 E3: 2307 &#xD;
 E3: 2308 &#xD;
 E3: 2309 &#xD;
 E3: 2310 &#xD;
 E3: 2311 &#xD;
 E3: 2312 &#xD;
 E3: 2399 &#xD;
 E3: 2400 &#xD;
 E3: 2401 &#xD;
 E3: 2402 &#xD;
 E3: 2403 &#xD;
 E3: 2404 &#xD;
 E3: 2405 &#xD;
 E3: 2406 &#xD;
 E3: 2407 &#xD;
 E3: 2408 &#xD;
 E3: 2499 &#xD;
 E3: 2500 &#xD;
 E3: 2501 &#xD;
 E3: 2502 &#xD;
 E3: 2503 &#xD;
 E3: 2504 &#xD;
 E3: OK.&#xD;
 E3: Project c:\appveyor\bin\E3.3DRoutingBridge\Mainline\E3.BridgeTest\TestFiles\Designer-38202\TestData\EMPTY.e3s opened.&#xD;
 E3: W - Project has been opened in READ ONLY mode, you can't save any changes to the existing project!&#xD;
 E3: I - Item Validation enabled&#xD;
 E3: I - Validating project&#xD;
 E3: I - Validation enabled for this project&#xD;
 E3: repair_check_extended(0)&#xD;
 E3: --------------------------------------------------------------------------&#xD;
 E3: consistency check (17)....
&#xD;
 E3: E - CCID:002382:  check_transform( 334486 (5b-7e-0-30cdba) ): TRANSFORM_REC with invalid scaling&#xD;
 E3: E - CCID:002503:  check_component( 'COMP_ITEM/724760 (3d-12-0-76140)' ): ValidConnpart 'CG-B768' found for all pins! Should be stored at the component.&#xD;
 E3: E - CCID:002503:  check_component( 'COMP_ITEM/726408 (ad-12-0-3030c4)' ): ValidConnpart 'CG-B768' found for all pins! Should be stored at the component.&#xD;
 E3: E - CCID:002503:  check_component( 'COMP_ITEM/726420 (ad-12-0-32161a)' ): ValidConnpart 'CG-B798' found for all pins! Should be stored at the component.&#xD;
 E3: E - CCID:002503:  check_component( 'COMP_ITEM/726712 (ad-12-0-4afdcb)' ): ValidConnpart 'CG-B796' found for all pins! Should be stored at the component.&#xD;
 E3: E - CCID:002503:  check_component( 'COMP_ITEM/726922 (f1-12-0-135e90)' ): ValidConnpart 'CG-B821' found for all pins! Should be stored at the component.&#xD;
 E3: ....
&#xD;
 E3: dump lost....
&#xD;
 E3: ....
&#xD;
 E3: new consistency check (45) and dump lost items (46)....
&#xD;
 E3: ....
&#xD;
 E3: - done -------------------------------------------------------------------
&#xD;
 E3: summary:
       check id   count                    (message) - info 
--------------------------------------------------------------------&#xD;
 E3: I - CCID:002382:      1  TRY REPAIR 026: - (check_transform( %s ): TRANSFORM_REC with invalid scaling)&#xD;
 E3: I - CCID:002503:      5  TRY REPAIR 046: - (check_component( '%s' ): ValidConnpart '%s' found for all pins! Should be stored at the component.)&#xD;
 E3: --------------------------------------------------------------------&#xD;
 E3: I -      6 total messages with 2 different check ids&#xD;
 E3: I - Closing project 'EMPTY' without saving modifications...&#xD;
 E3: Project c:\appveyor\bin\E3.3DRoutingBridge\Mainline\E3.BridgeTest\TestFiles\Designer-38202\TestData\temp.e3s created.&#xD;
 E3: I - Item Validation enabled&#xD;
 E3: I - Validating project&#xD;
 E3: I - Validation enabled for this project&#xD;
 E3: I - Closing project 'temp' without saving modifications...&#xD;
 E3: I - Opening Project  c:\appveyor\bin\E3.3DRoutingBridge\Mainline\E3.BridgeTest\TestFiles\Designer-41384_Harness_Update\TestData\1000494196-DPF-Verlängerung-2022-11-08_START.e3s&#xD;
 E3: I - Updating internal structures: 98 cycles up to version 2505...&#xD;
 E3: 2407 &#xD;
 E3: 2408 &#xD;
 E3: 2499 &#xD;
 E3: 2500 &#xD;
 E3: 2501 &#xD;
 E3: 2502 &#xD;
 E3: 2503 &#xD;
 E3: 2504 &#xD;
 E3: OK.&#xD;
 E3: Project c:\appveyor\bin\E3.3DRoutingBridge\Mainline\E3.BridgeTest\TestFiles\Designer-41384_Harness_Update\TestData\1000494196-DPF-Verlängerung-2022-11-08_START.e3s opened.&#xD;
 E3: W - Project has been opened in READ ONLY mode, you can't save any changes to the existing project!&#xD;
 E3: I - Item Validation enabled&#xD;
 E3: I - Validating project&#xD;
 E3: I - Validation enabled for this project&#xD;
 E3: repair_check_extended(0)&#xD;
 E3: --------------------------------------------------------------------------&#xD;
 E3: consistency check (17)....
&#xD;
 E3: The following items have not been found via gatptr/gatnxt, pgrptr/pgrnxt, wirptr/wirnxt, wirlst, graptr/granxt, txtptr/txtnxt, pinptr/pinnxt, ...&#xD;
 E3: E - CCID:001892:  351611 (DEVGAT_ITEM, FF079BC9-9367-4F18-B97E-8F24C65311E1, 0-1a-0-158ce1, STRING_ITEM, Valeo-Switch 533750_01)&#xD;
 E3: E - CCID:001892:  356336 (ATTVAL_ITEM, 0-4-0-158ce2, ATTNAM_ITEM, 0-2-0-68, STRING_ITEM, .UNIQUE_GATE_ID, 0-1a-0-23e87)&#xD;
 E3: E - CCID:001892:  356337 (ATTVAL_ITEM, 0-4-0-158ce3, ATTNAM_ITEM, 0-2-0-21, STRING_ITEM, .TEXT_DEPENDENCIES, 18,1,2)&#xD;
 E3: E - CCID:001892:  356338 (ATTVAL_ITEM, 0-4-0-158ce4, ATTNAM_ITEM, 0-2-0-21, STRING_ITEM, .TEXT_DEPENDENCIES, 18,2,3)&#xD;
 E3: E - CCID:001892:  356339 (ATTVAL_ITEM, 0-4-0-158ce5, ATTNAM_ITEM, 0-2-0-21, STRING_ITEM, .TEXT_DEPENDENCIES, 18,3,4)&#xD;
 E3: E - CCID:001892:  356340 (ATTVAL_ITEM, 0-4-0-158ce6, ATTNAM_ITEM, 0-2-0-21, STRING_ITEM, .TEXT_DEPENDENCIES, 1070,1,4,2)&#xD;
 E3: E - CCID:001892:  356341 (ATTVAL_ITEM, 0-4-0-158ce7, ATTNAM_ITEM, 0-2-0-21, STRING_ITEM, .TEXT_DEPENDENCIES, 1070,2,4,1)&#xD;
 E3: E - CCID:001892:  356342 (ATTVAL_ITEM, 0-4-0-158ce8, ATTNAM_ITEM, 0-2-0-21, STRING_ITEM, .TEXT_DEPENDENCIES, 1070,3,4,3)&#xD;
 E3: E - CCID:001892:  356343 (ATTVAL_ITEM, 0-4-0-158ce9, ATTNAM_ITEM, 0-2-0-21, STRING_ITEM, .TEXT_DEPENDENCIES, 1070,4,2,1)&#xD;
 E3: E - CCID:001892:  356344 (ATTVAL_ITEM, 0-4-0-158cea, ATTNAM_ITEM, 0-2-0-21, STRING_ITEM, .TEXT_DEPENDENCIES, 1070,5,2,2)&#xD;
 E3: E - CCID:001892:  356345 (ATTVAL_ITEM, 0-4-0-158ceb, ATTNAM_ITEM, 0-2-0-21, STRING_ITEM, .TEXT_DEPENDENCIES, 1070,6,3,2)&#xD;
 E3: E - CCID:001892:  356346 (ATTVAL_ITEM, 0-4-0-158cec, ATTNAM_ITEM, 0-2-0-21, STRING_ITEM, .TEXT_DEPENDENCIES, 1070,7,3,1)&#xD;
 E3: ....
&#xD;
 E3: dump lost....
&#xD;
 E3: ....
&#xD;
 E3: new consistency check (45) and dump lost items (46)....
&#xD;
 E3: ....
&#xD;
 E3: - done -------------------------------------------------------------------
&#xD;
 E3: summary:
       check id   count                    (message) - info 
--------------------------------------------------------------------&#xD;
 E3: I - CCID:001892:     12                    (%s)&#xD;
 E3: I - CCID:002578:      1                    (check_symbol_references: symbol '%s' not found in project, referenced by %s) - activate TE_85 to list each info in the report list!&#xD;
 E3: --------------------------------------------------------------------&#xD;
 E3: I -     13 total messages with 2 different check ids&#xD;
 E3: Starting Harness Import import&#xD;
 E3: W - The sheet name must not contain following character: ; , &lt; &gt; ' space. Therefore, this characters are replaced by '_'.&#xD;
 E3: W - Unknown attribute name 'Class_castellano'&#xD;
 E3: W - Unknown attribute name 'Class_chinese'&#xD;
 E3: W - Unknown attribute name 'Class_francais'&#xD;
 E3: W - Unknown attribute name 'Class_italiano'&#xD;
 E3: W - Unknown attribute name 'Class_japanese'&#xD;
 E3: W - Unknown attribute name 'Class_nederlands'&#xD;
 E3: W - Unknown attribute name 'Class_portugues'&#xD;
 E3: W - Unknown attribute name 'Class_russian'&#xD;
 E3: W - Unknown attribute name 'Class_turkce'&#xD;
 E3: W - Unknown attribute name 'Description_castellano'&#xD;
 E3: W - Unknown attribute name 'Description_chinese'&#xD;
 E3: W - Unknown attribute name 'Description_francais'&#xD;
 E3: W - Unknown attribute name 'Description_italiano'&#xD;
 E3: W - Unknown attribute name 'Description_japanese'&#xD;
 E3: W - Unknown attribute name 'Description_nederlands'&#xD;
 E3: W - Unknown attribute name 'Description_portugues'&#xD;
 E3: W - Unknown attribute name 'Description_russian'&#xD;
 E3: W - Unknown attribute name 'Description_turkce'&#xD;
 E3: Protection 'sicherungskopie routingbridge_680995' can not be imported. It has no component code and no default component for protections is defined!&#xD;
 E3: Protection 'sicherungskopie routingbridge_701939' can not be imported. It has no component code and no default component for protections is defined!&#xD;
 E3: I - Formboard sheet 'sicherungskopie_routingbridge' was created.&#xD;
 E3: I - Closing project '1000494196-DPF-Verlängerung-2022-11-08_START' without saving modifications...&#xD;
 E3: Project c:\appveyor\bin\E3.3DRoutingBridge\Mainline\E3.BridgeTest\TestFiles\Designer-41384_Harness_Update\TestData\temp.e3s created.&#xD;
 E3: I - Item Validation enabled&#xD;
 E3: I - Validating project&#xD;
 E3: I - Validation enabled for this project&#xD;
 E3: I - Closing project 'temp' without saving modifications...&#xD;
 E3: I - Opening Project  c:\appveyor\bin\E3.3DRoutingBridge\Mainline\E3.BridgeTest\TestFiles\Templates\Empty.e3s&#xD;
 E3: I - Updating internal structures: 200 cycles up to version 2505...&#xD;
 E3: 2305 &#xD;
 E3: 2306 &#xD;
 E3: 2307 &#xD;
 E3: 2308 &#xD;
 E3: 2309 &#xD;
 E3: 2310 &#xD;
 E3: 2311 &#xD;
 E3: 2312 &#xD;
 E3: 2399 &#xD;
 E3: 2400 &#xD;
 E3: 2401 &#xD;
 E3: 2402 &#xD;
 E3: 2403 &#xD;
 E3: 2404 &#xD;
 E3: 2405 &#xD;
 E3: 2406 &#xD;
 E3: 2407 &#xD;
 E3: 2408 &#xD;
 E3: 2499 &#xD;
 E3: 2500 &#xD;
 E3: 2501 &#xD;
 E3: 2502 &#xD;
 E3: 2503 &#xD;
 E3: 2504 &#xD;
 E3: OK.&#xD;
 E3: Project c:\appveyor\bin\E3.3DRoutingBridge\Mainline\E3.BridgeTest\TestFiles\Templates\Empty.e3s opened.&#xD;
 E3: W - Project has been opened in READ ONLY mode, you can't save any changes to the existing project!&#xD;
 E3: I - Item Validation enabled&#xD;
 E3: I - Validating project&#xD;
 E3: I - Validation enabled for this project&#xD;
 E3: repair_check_extended(0)&#xD;
 E3: --------------------------------------------------------------------------&#xD;
 E3: consistency check (17)....
&#xD;
 E3: ....
&#xD;
 E3: dump lost....
&#xD;
 E3: ....
&#xD;
 E3: new consistency check (45) and dump lost items (46)....
&#xD;
 E3: ....
&#xD;
 E3: - done -------------------------------------------------------------------
&#xD;
 E3: I - No known issues found&#xD;
 E3: Starting Harness Import import&#xD;
 E3: I - Loading DT06-4S as mating connector of DT04-4P... &#xD;
 E3: I - Loading DT-C-S-AWG14-16 as crimp contact of DT04-4P... &#xD;
 E3: I - Loading DT-C-S-AWG16-18 as crimp contact of DT04-4P... &#xD;
 E3: I - Loading DT-C-B-AWG14-16 as crimp contact of DT06-4S... &#xD;
 E3: I - Loading DT-C-B-AWG16-18 as crimp contact of DT06-4S... &#xD;
 E3: I - Formboard sheet '352A970-1_REF-ONLY.ASM' was created.&#xD;
 E3: I - Closing project 'Empty' without saving modifications...&#xD;
 E3: Project c:\appveyor\bin\E3.3DRoutingBridge\Mainline\E3.BridgeTest\TestFiles\Templates\temp.e3s created.&#xD;
 E3: I - Item Validation enabled&#xD;
 E3: I - Validating project&#xD;
 E3: I - Validation enabled for this project&#xD;
 E3: I - Closing project 'temp' without saving modifications...&#xD;
 E3: I - Opening Project  c:\appveyor\bin\E3.3DRoutingBridge\Mainline\E3.BridgeTest\TestFiles\Templates\Empty.e3s&#xD;
 E3: I - Updating internal structures: 200 cycles up to version 2505...&#xD;
 E3: 2305 &#xD;
 E3: 2306 &#xD;
 E3: 2307 &#xD;
 E3: 2308 &#xD;
 E3: 2309 &#xD;
 E3: 2310 &#xD;
 E3: 2311 &#xD;
 E3: 2312 &#xD;
 E3: 2399 &#xD;
 E3: 2400 &#xD;
 E3: 2401 &#xD;
 E3: 2402 &#xD;
 E3: 2403 &#xD;
 E3: 2404 &#xD;
 E3: 2405 &#xD;
 E3: 2406 &#xD;
 E3: 2407 &#xD;
 E3: 2408 &#xD;
 E3: 2499 &#xD;
 E3: 2500 &#xD;
 E3: 2501 &#xD;
 E3: 2502 &#xD;
 E3: 2503 &#xD;
 E3: 2504 &#xD;
 E3: OK.&#xD;
 E3: Project c:\appveyor\bin\E3.3DRoutingBridge\Mainline\E3.BridgeTest\TestFiles\Templates\Empty.e3s opened.&#xD;
 E3: W - Project has been opened in READ ONLY mode, you can't save any changes to the existing project!&#xD;
 E3: I - Item Validation enabled&#xD;
 E3: I - Validating project&#xD;
 E3: I - Validation enabled for this project&#xD;
 E3: repair_check_extended(0)&#xD;
 E3: --------------------------------------------------------------------------&#xD;
 E3: consistency check (17)....
&#xD;
 E3: ....
&#xD;
 E3: dump lost....
&#xD;
 E3: ....
&#xD;
 E3: new consistency check (45) and dump lost items (46)....
&#xD;
 E3: ....
&#xD;
 E3: - done -------------------------------------------------------------------
&#xD;
 E3: I - No known issues found&#xD;
 E3: Starting Harness Import import&#xD;
 E3: I - Loading DT06-4S as mating connector of DT04-4P... &#xD;
 E3: I - Loading DT-C-S-AWG14-16 as crimp contact of DT04-4P... &#xD;
 E3: I - Loading DT-C-S-AWG16-18 as crimp contact of DT04-4P... &#xD;
 E3: I - Loading DT-C-B-AWG14-16 as crimp contact of DT06-4S... &#xD;
 E3: I - Loading DT-C-B-AWG16-18 as crimp contact of DT06-4S... &#xD;
 E3: I - Formboard sheet '853-A72336-850.ASM' was created.&#xD;
 E3: I - Closing project 'Empty' without saving modifications...&#xD;
 E3: Project c:\appveyor\bin\E3.3DRoutingBridge\Mainline\E3.BridgeTest\TestFiles\Templates\temp.e3s created.&#xD;
 E3: I - Item Validation enabled&#xD;
 E3: I - Validating project&#xD;
 E3: I - Validation enabled for this project&#xD;
 E3: I - Closing project 'temp' without saving modifications...&#xD;
 E3: I - Opening Project  c:\appveyor\bin\E3.3DRoutingBridge\Mainline\E3.BridgeTest\TestFiles\Designer-42554_Import\TestData\Empty.e3s&#xD;
 E3: I - Updating internal structures: 5 cycles up to version 2505...&#xD;
 E3: 2500 &#xD;
 E3: 2501 &#xD;
 E3: 2502 &#xD;
 E3: 2503 &#xD;
 E3: 2504 &#xD;
 E3: OK.&#xD;
 E3: Project c:\appveyor\bin\E3.3DRoutingBridge\Mainline\E3.BridgeTest\TestFiles\Designer-42554_Import\TestData\Empty.e3s opened.&#xD;
 E3: W - Project has been opened in READ ONLY mode, you can't save any changes to the existing project!&#xD;
 E3: I - Item Validation enabled&#xD;
 E3: I - Validating project&#xD;
 E3: I - Validation enabled for this project&#xD;
 E3: repair_check_extended(0)&#xD;
 E3: --------------------------------------------------------------------------&#xD;
 E3: consistency check (17)....
&#xD;
 E3: ....
&#xD;
 E3: dump lost....
&#xD;
 E3: ....
&#xD;
 E3: new consistency check (45) and dump lost items (46)....
&#xD;
 E3: ....
&#xD;
 E3: - done -------------------------------------------------------------------
&#xD;
 E3: I - No known issues found&#xD;
 E3: Starting Harness Import import&#xD;
 E3:     Attribute BranchNodeID    : default DISPLAY parameters changed.&#xD;
 E3:     Attribute .AppRef         : default DISPLAY parameters changed.&#xD;
 E3: W - It is not possible to place an 'attribute template symbol' at this position!&#xD;
 E3: W - It is not possible to place an 'attribute template symbol' at this position!&#xD;
 E3: W - It is not possible to place an 'attribute template symbol' at this position!&#xD;
 E3: I - Formboard sheet 'Designer-42554' was created.&#xD;
 E3: I - Closing project 'Empty' without saving modifications...&#xD;
 E3: Project c:\appveyor\bin\E3.3DRoutingBridge\Mainline\E3.BridgeTest\TestFiles\Designer-42554_Import\TestData\temp.e3s created.&#xD;
 E3: I - Item Validation enabled&#xD;
 E3: I - Validating project&#xD;
 E3: I - Validation enabled for this project&#xD;
 E3: I - Closing project 'temp' without saving modifications...&#xD;
 E3: I - Opening Project  c:\appveyor\bin\E3.3DRoutingBridge\Mainline\E3.BridgeTest\TestFiles\Designer-42795_HarnessImport\TestData\Empty.e3s&#xD;
 E3: I - Updating internal structures: 5 cycles up to version 2505...&#xD;
 E3: 2500 &#xD;
 E3: 2501 &#xD;
 E3: 2502 &#xD;
 E3: 2503 &#xD;
 E3: 2504 &#xD;
 E3: OK.&#xD;
 E3: Project c:\appveyor\bin\E3.3DRoutingBridge\Mainline\E3.BridgeTest\TestFiles\Designer-42795_HarnessImport\TestData\Empty.e3s opened.&#xD;
 E3: W - Project has been opened in READ ONLY mode, you can't save any changes to the existing project!&#xD;
 E3: I - Item Validation enabled&#xD;
 E3: I - Validating project&#xD;
 E3: I - Validation enabled for this project&#xD;
 E3: repair_check_extended(0)&#xD;
 E3: --------------------------------------------------------------------------&#xD;
 E3: consistency check (17)....
&#xD;
 E3: ....
&#xD;
 E3: dump lost....
&#xD;
 E3: ....
&#xD;
 E3: new consistency check (45) and dump lost items (46)....
&#xD;
 E3: ....
&#xD;
 E3: - done -------------------------------------------------------------------
&#xD;
 E3: I - No known issues found&#xD;
 E3: Starting Harness Import import&#xD;
 E3:     Attribute BranchNodeID    : default DISPLAY parameters changed.&#xD;
 E3:     Attribute .AppRef         : default DISPLAY parameters changed.&#xD;
 E3: I - Loading DT06-2S as mating connector of DT04-2P... &#xD;
 E3: I - Loading DT-C-S-AWG14-16 as crimp contact of DT04-2P... &#xD;
 E3: I - Loading DT-C-S-AWG16-18 as crimp contact of DT04-2P... &#xD;
 E3: I - Loading DT-C-B-AWG14-16 as crimp contact of DT06-2S... &#xD;
 E3: I - Loading DT-C-B-AWG16-18 as crimp contact of DT06-2S... &#xD;
 E3: W - Unknown attribute name 'CompClass_CoreIdent'&#xD;
 E3: W - Unknown attribute name 'CompClass_Diameter'&#xD;
 E3: W - Unknown attribute name 'CompClass_NumOfCores'&#xD;
 E3: W - Unknown attribute name 'CompClass_Shield'&#xD;
 E3: I - Formboard sheet 'Untitled' was created.&#xD;
 E3: I - Closing project 'Empty' without saving modifications...&#xD;
 E3: Project c:\appveyor\bin\E3.3DRoutingBridge\Mainline\E3.BridgeTest\TestFiles\Designer-42795_HarnessImport\TestData\temp.e3s created.&#xD;
 E3: I - Item Validation enabled&#xD;
 E3: I - Validating project&#xD;
 E3: I - Validation enabled for this project&#xD;
 E3: I - Closing project 'temp' without saving modifications...&#xD;
 E3: I - Opening Project  c:\appveyor\bin\E3.3DRoutingBridge\Mainline\E3.BridgeTest\TestFiles\Designer-42795_HarnessImport\TestData\Empty.e3s&#xD;
 E3: I - Updating internal structures: 5 cycles up to version 2505...&#xD;
 E3: 2500 &#xD;
 E3: 2501 &#xD;
 E3: 2502 &#xD;
 E3: 2503 &#xD;
 E3: 2504 &#xD;
 E3: OK.&#xD;
 E3: Project c:\appveyor\bin\E3.3DRoutingBridge\Mainline\E3.BridgeTest\TestFiles\Designer-42795_HarnessImport\TestData\Empty.e3s opened.&#xD;
 E3: W - Project has been opened in READ ONLY mode, you can't save any changes to the existing project!&#xD;
 E3: I - Item Validation enabled&#xD;
 E3: I - Validating project&#xD;
 E3: I - Validation enabled for this project&#xD;
 E3: repair_check_extended(0)&#xD;
 E3: --------------------------------------------------------------------------&#xD;
 E3: consistency check (17)....
&#xD;
 E3: ....
&#xD;
 E3: dump lost....
&#xD;
 E3: ....
&#xD;
 E3: new consistency check (45) and dump lost items (46)....
&#xD;
 E3: ....
&#xD;
 E3: - done -------------------------------------------------------------------
&#xD;
 E3: I - No known issues found&#xD;
 E3: Starting Harness Import import&#xD;
 E3:     Attribute BranchNodeID    : default DISPLAY parameters changed.&#xD;
 E3:     Attribute .AppRef         : default DISPLAY parameters changed.&#xD;
 E3: I - Loading DT06-2S as mating connector of DT04-2P... &#xD;
 E3: I - Loading DT-C-S-AWG14-16 as crimp contact of DT04-2P... &#xD;
 E3: I - Loading DT-C-S-AWG16-18 as crimp contact of DT04-2P... &#xD;
 E3: I - Loading DT-C-B-AWG14-16 as crimp contact of DT06-2S... &#xD;
 E3: I - Loading DT-C-B-AWG16-18 as crimp contact of DT06-2S... &#xD;
 E3: W - Unknown attribute name 'CompClass_CoreIdent'&#xD;
 E3: W - Unknown attribute name 'CompClass_Diameter'&#xD;
 E3: W - Unknown attribute name 'CompClass_NumOfCores'&#xD;
 E3: W - Unknown attribute name 'CompClass_Shield'&#xD;
 E3: I - Formboard sheet 'Untitled' was created.&#xD;
 E3: I - Closing project 'Empty' without saving modifications...&#xD;
 E3: Project c:\appveyor\bin\E3.3DRoutingBridge\Mainline\E3.BridgeTest\TestFiles\Designer-42795_HarnessImport\TestData\temp.e3s created.&#xD;
 E3: I - Item Validation enabled&#xD;
 E3: I - Validating project&#xD;
 E3: I - Validation enabled for this project&#xD;
 E3: I - Closing project 'temp' without saving modifications...&#xD;
 E3: I - Opening Project  c:\appveyor\bin\E3.3DRoutingBridge\Mainline\E3.BridgeTest\TestFiles\Designer-42803_HarnessImport\TestData\AlreadyContainsSplicesWithCollidingSignals.e3s&#xD;
 E3: I - Updating internal structures: 5 cycles up to version 2505...&#xD;
 E3: 2500 &#xD;
 E3: 2501 &#xD;
 E3: 2502 &#xD;
 E3: 2503 &#xD;
 E3: 2504 &#xD;
 E3: OK.&#xD;
 E3: Project c:\appveyor\bin\E3.3DRoutingBridge\Mainline\E3.BridgeTest\TestFiles\Designer-42803_HarnessImport\TestData\AlreadyContainsSplicesWithCollidingSignals.e3s opened.&#xD;
 E3: W - Project has been opened in READ ONLY mode, you can't save any changes to the existing project!&#xD;
 E3: I - Item Validation enabled&#xD;
 E3: I - Validating project&#xD;
 E3: I - Validation enabled for this project&#xD;
 E3: repair_check_extended(0)&#xD;
 E3: --------------------------------------------------------------------------&#xD;
 E3: consistency check (17)....
&#xD;
 E3: ....
&#xD;
 E3: dump lost....
&#xD;
 E3: ....
&#xD;
 E3: new consistency check (45) and dump lost items (46)....
&#xD;
 E3: ....
&#xD;
 E3: - done -------------------------------------------------------------------
&#xD;
 E3: I - No known issues found&#xD;
 E3: Starting Harness Import import&#xD;
 E3: I - Formboard sheet 'Untitled' was created.&#xD;
 E3: I - Closing project 'AlreadyContainsSplicesWithCollidingSignals' without saving modifications...&#xD;
 E3: Project c:\appveyor\bin\E3.3DRoutingBridge\Mainline\E3.BridgeTest\TestFiles\Designer-42803_HarnessImport\TestData\temp.e3s created.&#xD;
 E3: I - Item Validation enabled&#xD;
 E3: I - Validating project&#xD;
 E3: I - Validation enabled for this project&#xD;
 E3: I - Closing project 'temp' without saving modifications...&#xD;
 E3: I - Opening Project  c:\appveyor\bin\E3.3DRoutingBridge\Mainline\E3.BridgeTest\TestFiles\Harness_Update_QM850\TestData\TestTemplateProjekt2.e3s&#xD;
 E3: I - Updating internal structures: 200 cycles up to version 2505...&#xD;
 E3: 2305 &#xD;
 E3: 2306 &#xD;
 E3: 2307 &#xD;
 E3: 2308 &#xD;
 E3: 2309 &#xD;
 E3: 2310 &#xD;
 E3: 2311 &#xD;
 E3: 2312 &#xD;
 E3: 2399 &#xD;
 E3: 2400 &#xD;
 E3: 2401 &#xD;
 E3: 2402 &#xD;
 E3: 2403 &#xD;
 E3: 2404 &#xD;
 E3: 2405 &#xD;
 E3: 2406 &#xD;
 E3: 2407 &#xD;
 E3: 2408 &#xD;
 E3: 2499 &#xD;
 E3: 2500 &#xD;
 E3: 2501 &#xD;
 E3: 2502 &#xD;
 E3: 2503 &#xD;
 E3: 2504 &#xD;
 E3: OK.&#xD;
 E3: Project c:\appveyor\bin\E3.3DRoutingBridge\Mainline\E3.BridgeTest\TestFiles\Harness_Update_QM850\TestData\TestTemplateProjekt2.e3s opened.&#xD;
 E3: W - Project has been opened in READ ONLY mode, you can't save any changes to the existing project!&#xD;
 E3: I - Item Validation enabled&#xD;
 E3: I - Validating project&#xD;
 E3: I - Validation enabled for this project&#xD;
 E3: repair_check_extended(0)&#xD;
 E3: --------------------------------------------------------------------------&#xD;
 E3: consistency check (17)....
&#xD;
 E3: ....
&#xD;
 E3: dump lost....
&#xD;
 E3: ....
&#xD;
 E3: new consistency check (45) and dump lost items (46)....
&#xD;
 E3: ....
&#xD;
 E3: - done -------------------------------------------------------------------
&#xD;
 E3: I - No known issues found&#xD;
 E3: Starting Harness Import import&#xD;
 E3:     Attribute BranchNodeID    : default RESTRICTion parameters changed.&#xD;
 E3:     Attribute BranchNodeID    : default DISPLAY parameters changed.&#xD;
 E3:     Attribute .AppRef         : default OWNER types changed&#xD;
 E3:     Attribute .AppRef         : default DISPLAY parameters changed.&#xD;
 E3: I - Loading DT06-4S as mating connector of DT04-4P... &#xD;
 E3: I - Loading DT-C-S-AWG14-16 as crimp contact of DT04-4P... &#xD;
 E3: I - Loading DT-C-S-AWG16-18 as crimp contact of DT04-4P... &#xD;
 E3: I - Loading DT-C-B-AWG14-16 as crimp contact of DT06-4S... &#xD;
 E3: I - Loading DT-C-B-AWG16-18 as crimp contact of DT06-4S... &#xD;
 E3: I - Formboard sheet 'BugWrongBranchConnections' was created.&#xD;
 E3: I - Closing project 'TestTemplateProjekt2' without saving modifications...&#xD;
 E3: Project c:\appveyor\bin\E3.3DRoutingBridge\Mainline\E3.BridgeTest\TestFiles\Harness_Update_QM850\TestData\temp.e3s created.&#xD;
 E3: I - Item Validation enabled&#xD;
 E3: I - Validating project&#xD;
 E3: I - Validation enabled for this project&#xD;
 E3: I - Closing project 'temp' without saving modifications...&#xD;
 E3: I - Opening Project  c:\appveyor\bin\E3.3DRoutingBridge\Mainline\E3.BridgeTest\TestFiles\Harness_Update_QM850\TestData\Scratch_TestTemplate.e3s&#xD;
 E3: I - Updating internal structures: 200 cycles up to version 2505...&#xD;
 E3: 2305 &#xD;
 E3: 2306 &#xD;
 E3: 2307 &#xD;
 E3: 2308 &#xD;
 E3: 2309 &#xD;
 E3: 2310 &#xD;
 E3: 2311 &#xD;
 E3: 2312 &#xD;
 E3: 2399 &#xD;
 E3: 2400 &#xD;
 E3: 2401 &#xD;
 E3: 2402 &#xD;
 E3: 2403 &#xD;
 E3: 2404 &#xD;
 E3: 2405 &#xD;
 E3: 2406 &#xD;
 E3: 2407 &#xD;
 E3: 2408 &#xD;
 E3: 2499 &#xD;
 E3: 2500 &#xD;
 E3: 2501 &#xD;
 E3: 2502 &#xD;
 E3: 2503 &#xD;
 E3: 2504 &#xD;
 E3: OK.&#xD;
 E3: Project c:\appveyor\bin\E3.3DRoutingBridge\Mainline\E3.BridgeTest\TestFiles\Harness_Update_QM850\TestData\Scratch_TestTemplate.e3s opened.&#xD;
 E3: W - Project has been opened in READ ONLY mode, you can't save any changes to the existing project!&#xD;
 E3: I - Item Validation enabled&#xD;
 E3: I - Validating project&#xD;
 E3: I - Validation enabled for this project&#xD;
 E3: repair_check_extended(0)&#xD;
 E3: --------------------------------------------------------------------------&#xD;
 E3: consistency check (17)....
&#xD;
 E3: ....
&#xD;
 E3: dump lost....
&#xD;
 E3: ....
&#xD;
 E3: new consistency check (45) and dump lost items (46)....
&#xD;
 E3: ....
&#xD;
 E3: - done -------------------------------------------------------------------
&#xD;
 E3: I - No known issues found&#xD;
 E3: Starting Harness Import import&#xD;
 E3:     Attribute BranchNodeID    : default DISPLAY parameters changed.&#xD;
 E3:     Attribute .AppRef         : default OWNER types changed&#xD;
 E3:     Attribute .AppRef         : default DISPLAY parameters changed.&#xD;
 E3: W - Component 4L3T-14A464-WA not found in database !&#xD;
 E3: W - Cannot load Component '4L3T-14A464-WA' from database - look in output window for details... &#xD;
 E3: E - Cannot create new device 'C11-B' with component '4L3T-14A464-WA'&#xD;
 E3: W - Component 5L3T-14A464-BC not found in database !&#xD;
 E3: W - Cannot load Component '5L3T-14A464-BC' from database - look in output window for details... &#xD;
 E3: E - Cannot create new device 'C1LF08' with component '5L3T-14A464-BC'&#xD;
 E3: W - Component 5L3T-14A464-BC not found in database !&#xD;
 E3: W - Cannot load Component '5L3T-14A464-BC' from database - look in output window for details... &#xD;
 E3: E - Cannot create new device 'C1LF09' with component '5L3T-14A464-BC'&#xD;
 E3: W - Component 8U5T-14A464-TA not found in database !&#xD;
 E3: W - Cannot load Component '8U5T-14A464-TA' from database - look in output window for details... &#xD;
 E3: E - Cannot create new device 'C1LS13' with component '8U5T-14A464-TA'&#xD;
 E3: W - Component 8U5T-14A464-XA not found in database !&#xD;
 E3: W - Cannot load Component '8U5T-14A464-XA' from database - look in output window for details... &#xD;
 E3: E - Cannot create new device 'C1LS21' with component '8U5T-14A464-XA'&#xD;
 E3: W - Component 8U5T-14A464-XA not found in database !&#xD;
 E3: W - Cannot load Component '8U5T-14A464-XA' from database - look in output window for details... &#xD;
 E3: E - Cannot create new device 'C1LS25' with component '8U5T-14A464-XA'&#xD;
 E3: W - Component 8U5T-14A464-TA not found in database !&#xD;
 E3: W - Cannot load Component '8U5T-14A464-TA' from database - look in output window for details... &#xD;
 E3: E - Cannot create new device 'C1LS14' with component '8U5T-14A464-TA'&#xD;
 E3: W - Component EU5T-14A464-ADA not found in database !&#xD;
 E3: W - Cannot load Component 'EU5T-14A464-ADA' from database - look in output window for details... &#xD;
 E3: E - Cannot create new device 'C1R213' with component 'EU5T-14A464-ADA'&#xD;
 E3: W - Component XW43-14A464-AAA not found in database !&#xD;
 E3: W - Cannot load Component 'XW43-14A464-AAA' from database - look in output window for details... &#xD;
 E3: E - Cannot create new device 'C1RH02' with component 'XW43-14A464-AAA'&#xD;
 E3: W - Component FU5T-14463-LA not found in database !&#xD;
 E3: W - Cannot load Component 'FU5T-14463-LA' from database - look in output window for details... &#xD;
 E3: E - Cannot create new device 'G1D129' with component 'FU5T-14463-LA'&#xD;
 E3: W - Component FU5T-14463-LA not found in database !&#xD;
 E3: W - Cannot load Component 'FU5T-14463-LA' from database - look in output window for details... &#xD;
 E3: E - Cannot create new device 'G1D131' with component 'FU5T-14463-LA'&#xD;
 E3: W - Component 5W7T-14A624-BB not found in database !&#xD;
 E3: W - Cannot load Component '5W7T-14A624-BB' from database - look in output window for details... &#xD;
 E3: E - Cannot create new device 'C11-K' with component '5W7T-14A624-BB'&#xD;
 E3: Splice 'NODE-BaseNoBB' can not be imported. It has no component code and no default component for splices is defined!&#xD;
 E3: Splice 'NODE-BaseNoDD' can not be imported. It has no component code and no default component for splices is defined!&#xD;
 E3: Splice 'NODE-BaseNoCC' can not be imported. It has no component code and no default component for splices is defined!&#xD;
 E3: Splice 'NODE-BaseNoFF' can not be imported. It has no component code and no default component for splices is defined!&#xD;
 E3: Splice 'NODE-BaseNoGG' can not be imported. It has no component code and no default component for splices is defined!&#xD;
 E3: Splice 'NODE-BaseNoHH' can not be imported. It has no component code and no default component for splices is defined!&#xD;
 E3: Splice 'NODE-BaseNoBB' can not be imported. It has no component code and no default component for splices is defined!&#xD;
 E3: Splice 'NODE-BaseNoDD' can not be imported. It has no component code and no default component for splices is defined!&#xD;
 E3: Splice 'NODE-BaseNoCC' can not be imported. It has no component code and no default component for splices is defined!&#xD;
 E3: Splice 'NODE-BaseNoFF' can not be imported. It has no component code and no default component for splices is defined!&#xD;
 E3: Splice 'NODE-BaseNoGG' can not be imported. It has no component code and no default component for splices is defined!&#xD;
 E3: Splice 'NODE-BaseNoHH' can not be imported. It has no component code and no default component for splices is defined!&#xD;
 E3: Fixing 'HRN-142908U5T-14E047-HA.1' can not be imported. It has no component code and no default component for fixings is defined!&#xD;
 E3: Fixing 'HRN-14290~RET' can not be imported. It has no component code and no default component for fixings is defined!&#xD;
 E3: Fixing 'HRN-14290AU5T-14E044-E.1' can not be imported. It has no component code and no default component for fixings is defined!&#xD;
 E3: Fixing 'HRN-14290AU5T-14E044-E.2' can not be imported. It has no component code and no default component for fixings is defined!&#xD;
 E3: Fixing 'HRN-14290AU5T-14E044-E.3' can not be imported. It has no component code and no default component for fixings is defined!&#xD;
 E3: Fixing 'HRN-14290AU5T-14E044-E.4' can not be imported. It has no component code and no default component for fixings is defined!&#xD;
 E3: Fixing 'HRN-14290AU5T-14E044-E.5' can not be imported. It has no component code and no default component for fixings is defined!&#xD;
 E3: Fixing 'HRN-14290AU5T-14E044-E.6' can not be imported. It has no component code and no default component for fixings is defined!&#xD;
 E3: Fixing 'HRN-14290AU5T-14E044-E.7' can not be imported. It has no component code and no default component for fixings is defined!&#xD;
 E3: Fixing 'HRN-14290AU5T-14E044-E.8' can not be imported. It has no component code and no default component for fixings is defined!&#xD;
 E3: Fixing 'HRN-142909S65-14197-AA.1' can not be imported. It has no component code and no default component for fixings is defined!&#xD;
 E3: I - Formboard sheet 'LC24-14290-J_10' was created.&#xD;
 E3: I - Closing project 'Scratch_TestTemplate' without saving modifications...&#xD;
 E3: Project c:\appveyor\bin\E3.3DRoutingBridge\Mainline\E3.BridgeTest\TestFiles\Harness_Update_QM850\TestData\temp.e3s created.&#xD;
 E3: I - Item Validation enabled&#xD;
 E3: I - Validating project&#xD;
 E3: I - Validation enabled for this project&#xD;
 E3: I - Closing project 'temp' without saving modifications...&#xD;
 E3: I - Opening Project  c:\appveyor\bin\E3.3DRoutingBridge\Mainline\E3.BridgeTest\TestFiles\Harness_Update_QM850\TestData\TestTemplateProjekt.e3s&#xD;
 E3: I - Updating internal structures: 200 cycles up to version 2505...&#xD;
 E3: 2305 &#xD;
 E3: 2306 &#xD;
 E3: 2307 &#xD;
 E3: 2308 &#xD;
 E3: 2309 &#xD;
 E3: 2310 &#xD;
 E3: 2311 &#xD;
 E3: 2312 &#xD;
 E3: 2399 &#xD;
 E3: 2400 &#xD;
 E3: 2401 &#xD;
 E3: 2402 &#xD;
 E3: 2403 &#xD;
 E3: 2404 &#xD;
 E3: 2405 &#xD;
 E3: 2406 &#xD;
 E3: 2407 &#xD;
 E3: 2408 &#xD;
 E3: 2499 &#xD;
 E3: 2500 &#xD;
 E3: 2501 &#xD;
 E3: 2502 &#xD;
 E3: 2503 &#xD;
 E3: 2504 &#xD;
 E3: OK.&#xD;
 E3: Project c:\appveyor\bin\E3.3DRoutingBridge\Mainline\E3.BridgeTest\TestFiles\Harness_Update_QM850\TestData\TestTemplateProjekt.e3s opened.&#xD;
 E3: W - Project has been opened in READ ONLY mode, you can't save any changes to the existing project!&#xD;
 E3: I - Item Validation enabled&#xD;
 E3: I - Validating project&#xD;
 E3: I - Validation enabled for this project&#xD;
 E3: repair_check_extended(0)&#xD;
 E3: --------------------------------------------------------------------------&#xD;
 E3: consistency check (17)....
&#xD;
 E3: ....
&#xD;
 E3: dump lost....
&#xD;
 E3: ....
&#xD;
 E3: new consistency check (45) and dump lost items (46)....
&#xD;
 E3: ....
&#xD;
 E3: - done -------------------------------------------------------------------
&#xD;
 E3: I - No known issues found&#xD;
 E3: Starting Harness Import import&#xD;
 E3:     Attribute BranchNodeID    : default DISPLAY parameters changed.&#xD;
 E3:     Attribute .AppRef         : default OWNER types changed&#xD;
 E3:     Attribute .AppRef         : default DISPLAY parameters changed.&#xD;
 E3: I - Loading DT06-3S as mating connector of DT04-3P... &#xD;
 E3: I - Loading DT-C-S-AWG14-16 as crimp contact of DT04-3P... &#xD;
 E3: I - Loading DT-C-S-AWG16-18 as crimp contact of DT04-3P... &#xD;
 E3: I - Loading DT-C-B-AWG14-16 as crimp contact of DT06-3S... &#xD;
 E3: I - Loading DT-C-B-AWG16-18 as crimp contact of DT06-3S... &#xD;
 E3: I - Formboard sheet 'TestTF2' was created.&#xD;
 E3: I - Closing project 'TestTemplateProjekt' without saving modifications...&#xD;
 E3: Project c:\appveyor\bin\E3.3DRoutingBridge\Mainline\E3.BridgeTest\TestFiles\Harness_Update_QM850\TestData\temp.e3s created.&#xD;
 E3: I - Item Validation enabled&#xD;
 E3: I - Validating project&#xD;
 E3: I - Validation enabled for this project&#xD;
 E3: I - Closing project 'temp' without saving modifications...&#xD;
 E3: I - Opening Project  c:\appveyor\bin\E3.3DRoutingBridge\Mainline\E3.BridgeTest\TestFiles\Harness_Update_QM850\TestData\TestTemplateProjekt.e3s&#xD;
 E3: I - Updating internal structures: 200 cycles up to version 2505...&#xD;
 E3: 2305 &#xD;
 E3: 2306 &#xD;
 E3: 2307 &#xD;
 E3: 2308 &#xD;
 E3: 2309 &#xD;
 E3: 2310 &#xD;
 E3: 2311 &#xD;
 E3: 2312 &#xD;
 E3: 2399 &#xD;
 E3: 2400 &#xD;
 E3: 2401 &#xD;
 E3: 2402 &#xD;
 E3: 2403 &#xD;
 E3: 2404 &#xD;
 E3: 2405 &#xD;
 E3: 2406 &#xD;
 E3: 2407 &#xD;
 E3: 2408 &#xD;
 E3: 2499 &#xD;
 E3: 2500 &#xD;
 E3: 2501 &#xD;
 E3: 2502 &#xD;
 E3: 2503 &#xD;
 E3: 2504 &#xD;
 E3: OK.&#xD;
 E3: Project c:\appveyor\bin\E3.3DRoutingBridge\Mainline\E3.BridgeTest\TestFiles\Harness_Update_QM850\TestData\TestTemplateProjekt.e3s opened.&#xD;
 E3: W - Project has been opened in READ ONLY mode, you can't save any changes to the existing project!&#xD;
 E3: I - Item Validation enabled&#xD;
 E3: I - Validating project&#xD;
 E3: I - Validation enabled for this project&#xD;
 E3: repair_check_extended(0)&#xD;
 E3: --------------------------------------------------------------------------&#xD;
 E3: consistency check (17)....
&#xD;
 E3: ....
&#xD;
 E3: dump lost....
&#xD;
 E3: ....
&#xD;
 E3: new consistency check (45) and dump lost items (46)....
&#xD;
 E3: ....
&#xD;
 E3: - done -------------------------------------------------------------------
&#xD;
 E3: I - No known issues found&#xD;
 E3: Starting Harness Import import&#xD;
 E3:     Attribute BranchNodeID    : default DISPLAY parameters changed.&#xD;
 E3:     Attribute .AppRef         : default OWNER types changed&#xD;
 E3:     Attribute .AppRef         : default DISPLAY parameters changed.&#xD;
 E3: I - Loading DT06-3S as mating connector of DT04-3P... &#xD;
 E3: I - Loading DT-C-S-AWG14-16 as crimp contact of DT04-3P... &#xD;
 E3: I - Loading DT-C-S-AWG16-18 as crimp contact of DT04-3P... &#xD;
 E3: I - Loading DT-C-B-AWG14-16 as crimp contact of DT06-3S... &#xD;
 E3: I - Loading DT-C-B-AWG16-18 as crimp contact of DT06-3S... &#xD;
 E3: I - Formboard sheet 'TestNM1' was created.&#xD;
 E3: I - Closing project 'TestTemplateProjekt' without saving modifications...&#xD;
 E3: Project c:\appveyor\bin\E3.3DRoutingBridge\Mainline\E3.BridgeTest\TestFiles\Harness_Update_QM850\TestData\temp.e3s created.&#xD;
 E3: I - Item Validation enabled&#xD;
 E3: I - Validating project&#xD;
 E3: I - Validation enabled for this project&#xD;
 E3: I - Closing project 'temp' without saving modifications...&#xD;
 E3: I - Opening Project  c:\appveyor\bin\E3.3DRoutingBridge\Mainline\E3.BridgeTest\TestFiles\Harness_Update_QM850\TestData\TestTemplateProjekt.e3s&#xD;
 E3: I - Updating internal structures: 200 cycles up to version 2505...&#xD;
 E3: 2305 &#xD;
 E3: 2306 &#xD;
 E3: 2307 &#xD;
 E3: 2308 &#xD;
 E3: 2309 &#xD;
 E3: 2310 &#xD;
 E3: 2311 &#xD;
 E3: 2312 &#xD;
 E3: 2399 &#xD;
 E3: 2400 &#xD;
 E3: 2401 &#xD;
 E3: 2402 &#xD;
 E3: 2403 &#xD;
 E3: 2404 &#xD;
 E3: 2405 &#xD;
 E3: 2406 &#xD;
 E3: 2407 &#xD;
 E3: 2408 &#xD;
 E3: 2499 &#xD;
 E3: 2500 &#xD;
 E3: 2501 &#xD;
 E3: 2502 &#xD;
 E3: 2503 &#xD;
 E3: 2504 &#xD;
 E3: OK.&#xD;
 E3: Project c:\appveyor\bin\E3.3DRoutingBridge\Mainline\E3.BridgeTest\TestFiles\Harness_Update_QM850\TestData\TestTemplateProjekt.e3s opened.&#xD;
 E3: W - Project has been opened in READ ONLY mode, you can't save any changes to the existing project!&#xD;
 E3: I - Item Validation enabled&#xD;
 E3: I - Validating project&#xD;
 E3: I - Validation enabled for this project&#xD;
 E3: repair_check_extended(0)&#xD;
 E3: --------------------------------------------------------------------------&#xD;
 E3: consistency check (17)....
&#xD;
 E3: ....
&#xD;
 E3: dump lost....
&#xD;
 E3: ....
&#xD;
 E3: new consistency check (45) and dump lost items (46)....
&#xD;
 E3: ....
&#xD;
 E3: - done -------------------------------------------------------------------
&#xD;
 E3: I - No known issues found&#xD;
 E3: Starting Harness Import import&#xD;
 E3:     Attribute BranchNodeID    : default DISPLAY parameters changed.&#xD;
 E3:     Attribute .AppRef         : default OWNER types changed&#xD;
 E3:     Attribute .AppRef         : default DISPLAY parameters changed.&#xD;
 E3: I - Loading DT06-3S as mating connector of DT04-3P... &#xD;
 E3: I - Loading DT-C-S-AWG14-16 as crimp contact of DT04-3P... &#xD;
 E3: I - Loading DT-C-S-AWG16-18 as crimp contact of DT04-3P... &#xD;
 E3: I - Loading DT-C-B-AWG14-16 as crimp contact of DT06-3S... &#xD;
 E3: I - Loading DT-C-B-AWG16-18 as crimp contact of DT06-3S... &#xD;
 E3: I - Formboard sheet 'TestNM1' was created.&#xD;
 E3: I - Closing project 'TestTemplateProjekt' without saving modifications...&#xD;
 E3: Project c:\appveyor\bin\E3.3DRoutingBridge\Mainline\E3.BridgeTest\TestFiles\Harness_Update_QM850\TestData\temp.e3s created.&#xD;
 E3: I - Item Validation enabled&#xD;
 E3: I - Validating project&#xD;
 E3: I - Validation enabled for this project&#xD;
 E3: I - Closing project 'temp' without saving modifications...&#xD;
 E3: I - Opening Project  c:\appveyor\bin\E3.3DRoutingBridge\Mainline\E3.BridgeTest\TestFiles\Harness_Update_QM850\TestData\TestTemplateProjekt.e3s&#xD;
 E3: I - Updating internal structures: 200 cycles up to version 2505...&#xD;
 E3: 2305 &#xD;
 E3: 2306 &#xD;
 E3: 2307 &#xD;
 E3: 2308 &#xD;
 E3: 2309 &#xD;
 E3: 2310 &#xD;
 E3: 2311 &#xD;
 E3: 2312 &#xD;
 E3: 2399 &#xD;
 E3: 2400 &#xD;
 E3: 2401 &#xD;
 E3: 2402 &#xD;
 E3: 2403 &#xD;
 E3: 2404 &#xD;
 E3: 2405 &#xD;
 E3: 2406 &#xD;
 E3: 2407 &#xD;
 E3: 2408 &#xD;
 E3: 2499 &#xD;
 E3: 2500 &#xD;
 E3: 2501 &#xD;
 E3: 2502 &#xD;
 E3: 2503 &#xD;
 E3: 2504 &#xD;
 E3: OK.&#xD;
 E3: Project c:\appveyor\bin\E3.3DRoutingBridge\Mainline\E3.BridgeTest\TestFiles\Harness_Update_QM850\TestData\TestTemplateProjekt.e3s opened.&#xD;
 E3: W - Project has been opened in READ ONLY mode, you can't save any changes to the existing project!&#xD;
 E3: I - Item Validation enabled&#xD;
 E3: I - Validating project&#xD;
 E3: I - Validation enabled for this project&#xD;
 E3: repair_check_extended(0)&#xD;
 E3: --------------------------------------------------------------------------&#xD;
 E3: consistency check (17)....
&#xD;
 E3: ....
&#xD;
 E3: dump lost....
&#xD;
 E3: ....
&#xD;
 E3: new consistency check (45) and dump lost items (46)....
&#xD;
 E3: ....
&#xD;
 E3: - done -------------------------------------------------------------------
&#xD;
 E3: I - No known issues found&#xD;
 E3: Starting Harness Import import&#xD;
 E3:     Attribute BranchNodeID    : default DISPLAY parameters changed.&#xD;
 E3:     Attribute .AppRef         : default OWNER types changed&#xD;
 E3:     Attribute .AppRef         : default DISPLAY parameters changed.&#xD;
 E3: I - Loading DT06-4S as mating connector of DT04-4P... &#xD;
 E3: I - Loading DT-C-S-AWG14-16 as crimp contact of DT04-4P... &#xD;
 E3: I - Loading DT-C-S-AWG16-18 as crimp contact of DT04-4P... &#xD;
 E3: I - Loading DT-C-B-AWG14-16 as crimp contact of DT06-4S... &#xD;
 E3: I - Loading DT-C-B-AWG16-18 as crimp contact of DT06-4S... &#xD;
 E3: I - Formboard sheet 'ProtectionsImportTemplate_DynSymbole1' was created.&#xD;
 E3: I - File c:\appveyor\bin\E3.3DRoutingBridge\Mainline\E3.BridgeTest\TestFiles\Harness_Update_QM850\Results\2023-10-10--12-16-12_Template_DynSymbole_1_QM850_temp.e3s saved  - ready to continue...&#xD;
 E3: I - Project '2023-10-10--12-16-12_Template_DynSymbole_1_QM850_temp' closed.&#xD;
 E3: Project c:\appveyor\bin\E3.3DRoutingBridge\Mainline\E3.BridgeTest\TestFiles\Harness_Update_QM850\TestData\temp.e3s created.&#xD;
 E3: I - Item Validation enabled&#xD;
 E3: I - Validating project&#xD;
 E3: I - Validation enabled for this project&#xD;
 E3: I - Closing project 'temp' without saving modifications...&#xD;
 E3: I - Opening Project  c:\appveyor\bin\E3.3DRoutingBridge\Mainline\E3.BridgeTest\TestFiles\Harness_Update_QM850\Results\2023-10-10--12-16-12_Template_DynSymbole_1_QM850_temp.e3s&#xD;
 E3: Project c:\appveyor\bin\E3.3DRoutingBridge\Mainline\E3.BridgeTest\TestFiles\Harness_Update_QM850\Results\2023-10-10--12-16-12_Template_DynSymbole_1_QM850_temp.e3s opened.&#xD;
 E3: I - Item Validation enabled&#xD;
 E3: I - Validating project&#xD;
 E3: I - Validation enabled for this project&#xD;
 E3: repair_check_extended(0)&#xD;
 E3: --------------------------------------------------------------------------&#xD;
 E3: consistency check (17)....
&#xD;
 E3: ....
&#xD;
 E3: dump lost....
&#xD;
 E3: ....
&#xD;
 E3: new consistency check (45) and dump lost items (46)....
&#xD;
 E3: ....
&#xD;
 E3: - done -------------------------------------------------------------------
&#xD;
 E3: I - No known issues found&#xD;
 E3: Starting Harness Import import&#xD;
 E3: I - Formboard sheet 'ProtectionsImportTemplate_DynSymbole1' was created.&#xD;
 E3: I - Closing project '2023-10-10--12-16-12_Template_DynSymbole_1_QM850_temp' without saving modifications...&#xD;
 E3: Project c:\appveyor\bin\E3.3DRoutingBridge\Mainline\E3.BridgeTest\TestFiles\Harness_Update_QM850\Results\temp.e3s created.&#xD;
 E3: I - Item Validation enabled&#xD;
 E3: I - Validating project&#xD;
 E3: I - Validation enabled for this project&#xD;
 E3: I - Closing project 'temp' without saving modifications...&#xD;
 E3: I - Opening Project  c:\appveyor\bin\E3.3DRoutingBridge\Mainline\E3.BridgeTest\TestFiles\Harness_Update_QM850\TestData\TestTemplateProjekt.e3s&#xD;
 E3: I - Updating internal structures: 200 cycles up to version 2505...&#xD;
 E3: 2305 &#xD;
 E3: 2306 &#xD;
 E3: 2307 &#xD;
 E3: 2308 &#xD;
 E3: 2309 &#xD;
 E3: 2310 &#xD;
 E3: 2311 &#xD;
 E3: 2312 &#xD;
 E3: 2399 &#xD;
 E3: 2400 &#xD;
 E3: 2401 &#xD;
 E3: 2402 &#xD;
 E3: 2403 &#xD;
 E3: 2404 &#xD;
 E3: 2405 &#xD;
 E3: 2406 &#xD;
 E3: 2407 &#xD;
 E3: 2408 &#xD;
 E3: 2499 &#xD;
 E3: 2500 &#xD;
 E3: 2501 &#xD;
 E3: 2502 &#xD;
 E3: 2503 &#xD;
 E3: 2504 &#xD;
 E3: OK.&#xD;
 E3: Project c:\appveyor\bin\E3.3DRoutingBridge\Mainline\E3.BridgeTest\TestFiles\Harness_Update_QM850\TestData\TestTemplateProjekt.e3s opened.&#xD;
 E3: W - Project has been opened in READ ONLY mode, you can't save any changes to the existing project!&#xD;
 E3: I - Item Validation enabled&#xD;
 E3: I - Validating project&#xD;
 E3: I - Validation enabled for this project&#xD;
 E3: repair_check_extended(0)&#xD;
 E3: --------------------------------------------------------------------------&#xD;
 E3: consistency check (17)....
&#xD;
 E3: ....
&#xD;
 E3: dump lost....
&#xD;
 E3: ....
&#xD;
 E3: new consistency check (45) and dump lost items (46)....
&#xD;
 E3: ....
&#xD;
 E3: - done -------------------------------------------------------------------
&#xD;
 E3: I - No known issues found&#xD;
 E3: Starting Harness Import import&#xD;
 E3:     Attribute BranchNodeID    : default DISPLAY parameters changed.&#xD;
 E3:     Attribute .AppRef         : default OWNER types changed&#xD;
 E3:     Attribute .AppRef         : default DISPLAY parameters changed.&#xD;
 E3: I - Loading DT06-4S as mating connector of DT04-4P... &#xD;
 E3: I - Loading DT-C-S-AWG14-16 as crimp contact of DT04-4P... &#xD;
 E3: I - Loading DT-C-S-AWG16-18 as crimp contact of DT04-4P... &#xD;
 E3: I - Loading DT-C-B-AWG14-16 as crimp contact of DT06-4S... &#xD;
 E3: I - Loading DT-C-B-AWG16-18 as crimp contact of DT06-4S... &#xD;
 E3: I - Formboard sheet 'ProtectionsImportTemplate_DynSymbole2' was created.&#xD;
 E3: I - File c:\appveyor\bin\E3.3DRoutingBridge\Mainline\E3.BridgeTest\TestFiles\Harness_Update_QM850\Results\2023-10-10--12-16-52_Template_DynSymbole_2_QM850_temp.e3s saved  - ready to continue...&#xD;
 E3: I - Project '2023-10-10--12-16-52_Template_DynSymbole_2_QM850_temp' closed.&#xD;
 E3: Project c:\appveyor\bin\E3.3DRoutingBridge\Mainline\E3.BridgeTest\TestFiles\Harness_Update_QM850\TestData\temp.e3s created.&#xD;
 E3: I - Item Validation enabled&#xD;
 E3: I - Validating project&#xD;
 E3: I - Validation enabled for this project&#xD;
 E3: I - Closing project 'temp' without saving modifications...&#xD;
 E3: I - Opening Project  c:\appveyor\bin\E3.3DRoutingBridge\Mainline\E3.BridgeTest\TestFiles\Harness_Update_QM850\Results\2023-10-10--12-16-52_Template_DynSymbole_2_QM850_temp.e3s&#xD;
 E3: Project c:\appveyor\bin\E3.3DRoutingBridge\Mainline\E3.BridgeTest\TestFiles\Harness_Update_QM850\Results\2023-10-10--12-16-52_Template_DynSymbole_2_QM850_temp.e3s opened.&#xD;
 E3: I - Item Validation enabled&#xD;
 E3: I - Validating project&#xD;
 E3: I - Validation enabled for this project&#xD;
 E3: repair_check_extended(0)&#xD;
 E3: --------------------------------------------------------------------------&#xD;
 E3: consistency check (17)....
&#xD;
 E3: ....
&#xD;
 E3: dump lost....
&#xD;
 E3: ....
&#xD;
 E3: new consistency check (45) and dump lost items (46)....
&#xD;
 E3: ....
&#xD;
 E3: - done -------------------------------------------------------------------
&#xD;
 E3: I - No known issues found&#xD;
 E3: Starting Harness Import import&#xD;
 E3: I - Formboard sheet 'ProtectionsImportTemplate_DynSymbole2' was created.&#xD;
 E3: I - Closing project '2023-10-10--12-16-52_Template_DynSymbole_2_QM850_temp' without saving modifications...&#xD;
 E3: Project c:\appveyor\bin\E3.3DRoutingBridge\Mainline\E3.BridgeTest\TestFiles\Harness_Update_QM850\Results\temp.e3s created.&#xD;
 E3: I - Item Validation enabled&#xD;
 E3: I - Validating project&#xD;
 E3: I - Validation enabled for this project&#xD;
 E3: I - Closing project 'temp' without saving modifications...&#xD;
 E3: I - Opening Project  c:\appveyor\bin\E3.3DRoutingBridge\Mainline\E3.BridgeTest\TestFiles\Harness_Update_QM850\TestData\TestTemplateProjekt.e3s&#xD;
 E3: I - Updating internal structures: 200 cycles up to version 2505...&#xD;
 E3: 2305 &#xD;
 E3: 2306 &#xD;
 E3: 2307 &#xD;
 E3: 2308 &#xD;
 E3: 2309 &#xD;
 E3: 2310 &#xD;
 E3: 2311 &#xD;
 E3: 2312 &#xD;
 E3: 2399 &#xD;
 E3: 2400 &#xD;
 E3: 2401 &#xD;
 E3: 2402 &#xD;
 E3: 2403 &#xD;
 E3: 2404 &#xD;
 E3: 2405 &#xD;
 E3: 2406 &#xD;
 E3: 2407 &#xD;
 E3: 2408 &#xD;
 E3: 2499 &#xD;
 E3: 2500 &#xD;
 E3: 2501 &#xD;
 E3: 2502 &#xD;
 E3: 2503 &#xD;
 E3: 2504 &#xD;
 E3: OK.&#xD;
 E3: Project c:\appveyor\bin\E3.3DRoutingBridge\Mainline\E3.BridgeTest\TestFiles\Harness_Update_QM850\TestData\TestTemplateProjekt.e3s opened.&#xD;
 E3: W - Project has been opened in READ ONLY mode, you can't save any changes to the existing project!&#xD;
 E3: I - Item Validation enabled&#xD;
 E3: I - Validating project&#xD;
 E3: I - Validation enabled for this project&#xD;
 E3: repair_check_extended(0)&#xD;
 E3: --------------------------------------------------------------------------&#xD;
 E3: consistency check (17)....
&#xD;
 E3: ....
&#xD;
 E3: dump lost....
&#xD;
 E3: ....
&#xD;
 E3: new consistency check (45) and dump lost items (46)....
&#xD;
 E3: ....
&#xD;
 E3: - done -------------------------------------------------------------------
&#xD;
 E3: I - No known issues found&#xD;
 E3: Starting Harness Import import&#xD;
 E3:     Attribute BranchNodeID    : default DISPLAY parameters changed.&#xD;
 E3:     Attribute .AppRef         : default OWNER types changed&#xD;
 E3:     Attribute .AppRef         : default DISPLAY parameters changed.&#xD;
 E3: I - Loading DT06-4S as mating connector of DT04-4P... &#xD;
 E3: I - Loading DT-C-S-AWG14-16 as crimp contact of DT04-4P... &#xD;
 E3: I - Loading DT-C-S-AWG16-18 as crimp contact of DT04-4P... &#xD;
 E3: I - Loading DT-C-B-AWG14-16 as crimp contact of DT06-4S... &#xD;
 E3: I - Loading DT-C-B-AWG16-18 as crimp contact of DT06-4S... &#xD;
 E3: I - Formboard sheet 'ProtectionsImportTemplate_DynSymbole3' was created.&#xD;
 E3: I - File c:\appveyor\bin\E3.3DRoutingBridge\Mainline\E3.BridgeTest\TestFiles\Harness_Update_QM850\Results\2023-10-10--12-17-31_Template_DynSymbole_3_QM850_temp.e3s saved  - ready to continue...&#xD;
 E3: I - Project '2023-10-10--12-17-31_Template_DynSymbole_3_QM850_temp' closed.&#xD;
 E3: Project c:\appveyor\bin\E3.3DRoutingBridge\Mainline\E3.BridgeTest\TestFiles\Harness_Update_QM850\TestData\temp.e3s created.&#xD;
 E3: I - Item Validation enabled&#xD;
 E3: I - Validating project&#xD;
 E3: I - Validation enabled for this project&#xD;
 E3: I - Closing project 'temp' without saving modifications...&#xD;
 E3: I - Opening Project  c:\appveyor\bin\E3.3DRoutingBridge\Mainline\E3.BridgeTest\TestFiles\Harness_Update_QM850\Results\2023-10-10--12-17-31_Template_DynSymbole_3_QM850_temp.e3s&#xD;
 E3: Project c:\appveyor\bin\E3.3DRoutingBridge\Mainline\E3.BridgeTest\TestFiles\Harness_Update_QM850\Results\2023-10-10--12-17-31_Template_DynSymbole_3_QM850_temp.e3s opened.&#xD;
 E3: I - Item Validation enabled&#xD;
 E3: I - Validating project&#xD;
 E3: I - Validation enabled for this project&#xD;
 E3: repair_check_extended(0)&#xD;
 E3: --------------------------------------------------------------------------&#xD;
 E3: consistency check (17)....
&#xD;
 E3: ....
&#xD;
 E3: dump lost....
&#xD;
 E3: ....
&#xD;
 E3: new consistency check (45) and dump lost items (46)....
&#xD;
 E3: ....
&#xD;
 E3: - done -------------------------------------------------------------------
&#xD;
 E3: I - No known issues found&#xD;
 E3: Starting Harness Import import&#xD;
 E3: I - Formboard sheet 'ProtectionsImportTemplate_DynSymbole3' was created.&#xD;
 E3: I - Closing project '2023-10-10--12-17-31_Template_DynSymbole_3_QM850_temp' without saving modifications...&#xD;
 E3: Project c:\appveyor\bin\E3.3DRoutingBridge\Mainline\E3.BridgeTest\TestFiles\Harness_Update_QM850\Results\temp.e3s created.&#xD;
 E3: I - Item Validation enabled&#xD;
 E3: I - Validating project&#xD;
 E3: I - Validation enabled for this project&#xD;
 E3: I - Closing project 'temp' without saving modifications...&#xD;
 E3: I - Opening Project  c:\appveyor\bin\E3.3DRoutingBridge\Mainline\E3.BridgeTest\TestFiles\Harness_Update_QM850\TestData\TestTemplateProjekt.e3s&#xD;
 E3: I - Updating internal structures: 200 cycles up to version 2505...&#xD;
 E3: 2305 &#xD;
 E3: 2306 &#xD;
 E3: 2307 &#xD;
 E3: 2308 &#xD;
 E3: 2309 &#xD;
 E3: 2310 &#xD;
 E3: 2311 &#xD;
 E3: 2312 &#xD;
 E3: 2399 &#xD;
 E3: 2400 &#xD;
 E3: 2401 &#xD;
 E3: 2402 &#xD;
 E3: 2403 &#xD;
 E3: 2404 &#xD;
 E3: 2405 &#xD;
 E3: 2406 &#xD;
 E3: 2407 &#xD;
 E3: 2408 &#xD;
 E3: 2499 &#xD;
 E3: 2500 &#xD;
 E3: 2501 &#xD;
 E3: 2502 &#xD;
 E3: 2503 &#xD;
 E3: 2504 &#xD;
 E3: OK.&#xD;
 E3: Project c:\appveyor\bin\E3.3DRoutingBridge\Mainline\E3.BridgeTest\TestFiles\Harness_Update_QM850\TestData\TestTemplateProjekt.e3s opened.&#xD;
 E3: W - Project has been opened in READ ONLY mode, you can't save any changes to the existing project!&#xD;
 E3: I - Item Validation enabled&#xD;
 E3: I - Validating project&#xD;
 E3: I - Validation enabled for this project&#xD;
 E3: repair_check_extended(0)&#xD;
 E3: --------------------------------------------------------------------------&#xD;
 E3: consistency check (17)....
&#xD;
 E3: ....
&#xD;
 E3: dump lost....
&#xD;
 E3: ....
&#xD;
 E3: new consistency check (45) and dump lost items (46)....
&#xD;
 E3: ....
&#xD;
 E3: - done -------------------------------------------------------------------
&#xD;
 E3: I - No known issues found&#xD;
 E3: Starting Harness Import import&#xD;
 E3:     Attribute BranchNodeID    : default DISPLAY parameters changed.&#xD;
 E3:     Attribute .AppRef         : default OWNER types changed&#xD;
 E3:     Attribute .AppRef         : default DISPLAY parameters changed.&#xD;
 E3: I - Loading DT04-2P as mating connector of DT06-2S... &#xD;
 E3: I - Loading DT-C-B-AWG14-16 as crimp contact of DT06-2S... &#xD;
 E3: I - Loading DT-C-B-AWG16-18 as crimp contact of DT06-2S... &#xD;
 E3: I - Loading DT-C-S-AWG14-16 as crimp contact of DT04-2P... &#xD;
 E3: I - Loading DT-C-S-AWG16-18 as crimp contact of DT04-2P... &#xD;
 E3: I - Loading DT06-6S as mating connector of DT04-6P... &#xD;
 E3: I - Formboard sheet 'ProtectionsImportTemplate_DynSymbole4' was created.&#xD;
 E3: I - File c:\appveyor\bin\E3.3DRoutingBridge\Mainline\E3.BridgeTest\TestFiles\Harness_Update_QM850\Results\2023-10-10--12-18-09_Template_DynSymbole_4_QM850_temp.e3s saved  - ready to continue...&#xD;
 E3: I - Project '2023-10-10--12-18-09_Template_DynSymbole_4_QM850_temp' closed.&#xD;
 E3: Project c:\appveyor\bin\E3.3DRoutingBridge\Mainline\E3.BridgeTest\TestFiles\Harness_Update_QM850\TestData\temp.e3s created.&#xD;
 E3: I - Item Validation enabled&#xD;
 E3: I - Validating project&#xD;
 E3: I - Validation enabled for this project&#xD;
 E3: I - Closing project 'temp' without saving modifications...&#xD;
 E3: I - Opening Project  c:\appveyor\bin\E3.3DRoutingBridge\Mainline\E3.BridgeTest\TestFiles\Harness_Update_QM850\Results\2023-10-10--12-18-09_Template_DynSymbole_4_QM850_temp.e3s&#xD;
 E3: Project c:\appveyor\bin\E3.3DRoutingBridge\Mainline\E3.BridgeTest\TestFiles\Harness_Update_QM850\Results\2023-10-10--12-18-09_Template_DynSymbole_4_QM850_temp.e3s opened.&#xD;
 E3: I - Item Validation enabled&#xD;
 E3: I - Validating project&#xD;
 E3: I - Validation enabled for this project&#xD;
 E3: repair_check_extended(0)&#xD;
 E3: --------------------------------------------------------------------------&#xD;
 E3: consistency check (17)....
&#xD;
 E3: ....
&#xD;
 E3: dump lost....
&#xD;
 E3: ....
&#xD;
 E3: new consistency check (45) and dump lost items (46)....
&#xD;
 E3: ....
&#xD;
 E3: - done -------------------------------------------------------------------
&#xD;
 E3: I - No known issues found&#xD;
 E3: Starting Harness Import import&#xD;
 E3: I - Formboard sheet 'ProtectionsImportTemplate_DynSymbole4' was created.&#xD;
 E3: I - Closing project '2023-10-10--12-18-09_Template_DynSymbole_4_QM850_temp' without saving modifications...&#xD;
 E3: Project c:\appveyor\bin\E3.3DRoutingBridge\Mainline\E3.BridgeTest\TestFiles\Harness_Update_QM850\Results\temp.e3s created.&#xD;
 E3: I - Item Validation enabled&#xD;
 E3: I - Validating project&#xD;
 E3: I - Validation enabled for this project&#xD;
 E3: I - Closing project 'temp' without saving modifications...&#xD;
 E3: I - Opening Project  c:\appveyor\bin\E3.3DRoutingBridge\Mainline\E3.BridgeTest\TestFiles\Harness_Update_QM850\TestData\TestTemplateProjekt.e3s&#xD;
 E3: I - Updating internal structures: 200 cycles up to version 2505...&#xD;
 E3: 2305 &#xD;
 E3: 2306 &#xD;
 E3: 2307 &#xD;
 E3: 2308 &#xD;
 E3: 2309 &#xD;
 E3: 2310 &#xD;
 E3: 2311 &#xD;
 E3: 2312 &#xD;
 E3: 2399 &#xD;
 E3: 2400 &#xD;
 E3: 2401 &#xD;
 E3: 2402 &#xD;
 E3: 2403 &#xD;
 E3: 2404 &#xD;
 E3: 2405 &#xD;
 E3: 2406 &#xD;
 E3: 2407 &#xD;
 E3: 2408 &#xD;
 E3: 2499 &#xD;
 E3: 2500 &#xD;
 E3: 2501 &#xD;
 E3: 2502 &#xD;
 E3: 2503 &#xD;
 E3: 2504 &#xD;
 E3: OK.&#xD;
 E3: Project c:\appveyor\bin\E3.3DRoutingBridge\Mainline\E3.BridgeTest\TestFiles\Harness_Update_QM850\TestData\TestTemplateProjekt.e3s opened.&#xD;
 E3: W - Project has been opened in READ ONLY mode, you can't save any changes to the existing project!&#xD;
 E3: I - Item Validation enabled&#xD;
 E3: I - Validating project&#xD;
 E3: I - Validation enabled for this project&#xD;
 E3: repair_check_extended(0)&#xD;
 E3: --------------------------------------------------------------------------&#xD;
 E3: consistency check (17)....
&#xD;
 E3: ....
&#xD;
 E3: dump lost....
&#xD;
 E3: ....
&#xD;
 E3: new consistency check (45) and dump lost items (46)....
&#xD;
 E3: ....
&#xD;
 E3: - done -------------------------------------------------------------------
&#xD;
 E3: I - No known issues found&#xD;
 E3: Starting Harness Import import&#xD;
 E3:     Attribute BranchNodeID    : default DISPLAY parameters changed.&#xD;
 E3:     Attribute .AppRef         : default OWNER types changed&#xD;
 E3:     Attribute .AppRef         : default DISPLAY parameters changed.&#xD;
 E3: I - Loading DT06-4S as mating connector of DT04-4P... &#xD;
 E3: I - Loading DT-C-S-AWG14-16 as crimp contact of DT04-4P... &#xD;
 E3: I - Loading DT-C-S-AWG16-18 as crimp contact of DT04-4P... &#xD;
 E3: I - Loading DT-C-B-AWG14-16 as crimp contact of DT06-4S... &#xD;
 E3: I - Loading DT-C-B-AWG16-18 as crimp contact of DT06-4S... &#xD;
 E3: I - Formboard sheet 'ProtectionsImportTemplate_DynSymbole5' was created.&#xD;
 E3: I - File c:\appveyor\bin\E3.3DRoutingBridge\Mainline\E3.BridgeTest\TestFiles\Harness_Update_QM850\Results\2023-10-10--12-18-49_Template_DynSymbole_5_QM850_temp.e3s saved  - ready to continue...&#xD;
 E3: I - Project '2023-10-10--12-18-49_Template_DynSymbole_5_QM850_temp' closed.&#xD;
 E3: Project c:\appveyor\bin\E3.3DRoutingBridge\Mainline\E3.BridgeTest\TestFiles\Harness_Update_QM850\TestData\temp.e3s created.&#xD;
 E3: I - Item Validation enabled&#xD;
 E3: I - Validating project&#xD;
 E3: I - Validation enabled for this project&#xD;
 E3: I - Closing project 'temp' without saving modifications...&#xD;
 E3: I - Opening Project  c:\appveyor\bin\E3.3DRoutingBridge\Mainline\E3.BridgeTest\TestFiles\Harness_Update_QM850\Results\2023-10-10--12-18-49_Template_DynSymbole_5_QM850_temp.e3s&#xD;
 E3: Project c:\appveyor\bin\E3.3DRoutingBridge\Mainline\E3.BridgeTest\TestFiles\Harness_Update_QM850\Results\2023-10-10--12-18-49_Template_DynSymbole_5_QM850_temp.e3s opened.&#xD;
 E3: I - Item Validation enabled&#xD;
 E3: I - Validating project&#xD;
 E3: I - Validation enabled for this project&#xD;
 E3: repair_check_extended(0)&#xD;
 E3: --------------------------------------------------------------------------&#xD;
 E3: consistency check (17)....
&#xD;
 E3: ....
&#xD;
 E3: dump lost....
&#xD;
 E3: ....
&#xD;
 E3: new consistency check (45) and dump lost items (46)....
&#xD;
 E3: ....
&#xD;
 E3: - done -------------------------------------------------------------------
&#xD;
 E3: I - No known issues found&#xD;
 E3: Starting Harness Import import&#xD;
 E3: I - Formboard sheet 'ProtectionsImportTemplate_DynSymbole5' was created.&#xD;
 E3: I - Closing project '2023-10-10--12-18-49_Template_DynSymbole_5_QM850_temp' without saving modifications...&#xD;
 E3: Project c:\appveyor\bin\E3.3DRoutingBridge\Mainline\E3.BridgeTest\TestFiles\Harness_Update_QM850\Results\temp.e3s created.&#xD;
 E3: I - Item Validation enabled&#xD;
 E3: I - Validating project&#xD;
 E3: I - Validation enabled for this project&#xD;
 E3: I - Closing project 'temp' without saving modifications...&#xD;
 E3: I - Opening Project  c:\appveyor\bin\E3.3DRoutingBridge\Mainline\E3.BridgeTest\TestFiles\Harness_Update_QM850\TestData\TestTemplateProjekt.e3s&#xD;
 E3: I - Updating internal structures: 200 cycles up to version 2505...&#xD;
 E3: 2305 &#xD;
 E3: 2306 &#xD;
 E3: 2307 &#xD;
 E3: 2308 &#xD;
 E3: 2309 &#xD;
 E3: 2310 &#xD;
 E3: 2311 &#xD;
 E3: 2312 &#xD;
 E3: 2399 &#xD;
 E3: 2400 &#xD;
 E3: 2401 &#xD;
 E3: 2402 &#xD;
 E3: 2403 &#xD;
 E3: 2404 &#xD;
 E3: 2405 &#xD;
 E3: 2406 &#xD;
 E3: 2407 &#xD;
 E3: 2408 &#xD;
 E3: 2499 &#xD;
 E3: 2500 &#xD;
 E3: 2501 &#xD;
 E3: 2502 &#xD;
 E3: 2503 &#xD;
 E3: 2504 &#xD;
 E3: OK.&#xD;
 E3: Project c:\appveyor\bin\E3.3DRoutingBridge\Mainline\E3.BridgeTest\TestFiles\Harness_Update_QM850\TestData\TestTemplateProjekt.e3s opened.&#xD;
 E3: W - Project has been opened in READ ONLY mode, you can't save any changes to the existing project!&#xD;
 E3: I - Item Validation enabled&#xD;
 E3: I - Validating project&#xD;
 E3: I - Validation enabled for this project&#xD;
 E3: repair_check_extended(0)&#xD;
 E3: --------------------------------------------------------------------------&#xD;
 E3: consistency check (17)....
&#xD;
 E3: ....
&#xD;
 E3: dump lost....
&#xD;
 E3: ....
&#xD;
 E3: new consistency check (45) and dump lost items (46)....
&#xD;
 E3: ....
&#xD;
 E3: - done -------------------------------------------------------------------
&#xD;
 E3: I - No known issues found&#xD;
 E3: Starting Harness Import import&#xD;
 E3:     Attribute BranchNodeID    : default DISPLAY parameters changed.&#xD;
 E3:     Attribute .AppRef         : default OWNER types changed&#xD;
 E3:     Attribute .AppRef         : default DISPLAY parameters changed.&#xD;
 E3: I - Loading DT06-4S as mating connector of DT04-4P... &#xD;
 E3: I - Loading DT-C-S-AWG14-16 as crimp contact of DT04-4P... &#xD;
 E3: I - Loading DT-C-S-AWG16-18 as crimp contact of DT04-4P... &#xD;
 E3: I - Loading DT-C-B-AWG14-16 as crimp contact of DT06-4S... &#xD;
 E3: I - Loading DT-C-B-AWG16-18 as crimp contact of DT06-4S... &#xD;
 E3: I - Formboard sheet 'ProtectionsImportTemplate_DynSymbole6' was created.&#xD;
 E3: I - File c:\appveyor\bin\E3.3DRoutingBridge\Mainline\E3.BridgeTest\TestFiles\Harness_Update_QM850\Results\2023-10-10--12-19-29_Template_DynSymbole_6_QM850_temp.e3s saved  - ready to continue...&#xD;
 E3: I - Project '2023-10-10--12-19-29_Template_DynSymbole_6_QM850_temp' closed.&#xD;
 E3: Project c:\appveyor\bin\E3.3DRoutingBridge\Mainline\E3.BridgeTest\TestFiles\Harness_Update_QM850\TestData\temp.e3s created.&#xD;
 E3: I - Item Validation enabled&#xD;
 E3: I - Validating project&#xD;
 E3: I - Validation enabled for this project&#xD;
 E3: I - Closing project 'temp' without saving modifications...&#xD;
 E3: I - Opening Project  c:\appveyor\bin\E3.3DRoutingBridge\Mainline\E3.BridgeTest\TestFiles\Harness_Update_QM850\Results\2023-10-10--12-19-29_Template_DynSymbole_6_QM850_temp.e3s&#xD;
 E3: Project c:\appveyor\bin\E3.3DRoutingBridge\Mainline\E3.BridgeTest\TestFiles\Harness_Update_QM850\Results\2023-10-10--12-19-29_Template_DynSymbole_6_QM850_temp.e3s opened.&#xD;
 E3: I - Item Validation enabled&#xD;
 E3: I - Validating project&#xD;
 E3: I - Validation enabled for this project&#xD;
 E3: repair_check_extended(0)&#xD;
 E3: --------------------------------------------------------------------------&#xD;
 E3: consistency check (17)....
&#xD;
 E3: ....
&#xD;
 E3: dump lost....
&#xD;
 E3: ....
&#xD;
 E3: new consistency check (45) and dump lost items (46)....
&#xD;
 E3: ....
&#xD;
 E3: - done -------------------------------------------------------------------
&#xD;
 E3: I - No known issues found&#xD;
 E3: Starting Harness Import import&#xD;
 E3: I - Formboard sheet 'ProtectionsImportTemplate_DynSymbole6' was created.&#xD;
 E3: I - Closing project '2023-10-10--12-19-29_Template_DynSymbole_6_QM850_temp' without saving modifications...&#xD;
 E3: Project c:\appveyor\bin\E3.3DRoutingBridge\Mainline\E3.BridgeTest\TestFiles\Harness_Update_QM850\Results\temp.e3s created.&#xD;
 E3: I - Item Validation enabled&#xD;
 E3: I - Validating project&#xD;
 E3: I - Validation enabled for this project&#xD;
 E3: I - Closing project 'temp' without saving modifications...&#xD;
 E3: I - Opening Project  c:\appveyor\bin\E3.3DRoutingBridge\Mainline\E3.BridgeTest\TestFiles\Harness_Update_QM850\TestData\TestTemplateProjekt.e3s&#xD;
 E3: I - Updating internal structures: 200 cycles up to version 2505...&#xD;
 E3: 2305 &#xD;
 E3: 2306 &#xD;
 E3: 2307 &#xD;
 E3: 2308 &#xD;
 E3: 2309 &#xD;
 E3: 2310 &#xD;
 E3: 2311 &#xD;
 E3: 2312 &#xD;
 E3: 2399 &#xD;
 E3: 2400 &#xD;
 E3: 2401 &#xD;
 E3: 2402 &#xD;
 E3: 2403 &#xD;
 E3: 2404 &#xD;
 E3: 2405 &#xD;
 E3: 2406 &#xD;
 E3: 2407 &#xD;
 E3: 2408 &#xD;
 E3: 2499 &#xD;
 E3: 2500 &#xD;
 E3: 2501 &#xD;
 E3: 2502 &#xD;
 E3: 2503 &#xD;
 E3: 2504 &#xD;
 E3: OK.&#xD;
 E3: Project c:\appveyor\bin\E3.3DRoutingBridge\Mainline\E3.BridgeTest\TestFiles\Harness_Update_QM850\TestData\TestTemplateProjekt.e3s opened.&#xD;
 E3: W - Project has been opened in READ ONLY mode, you can't save any changes to the existing project!&#xD;
 E3: I - Item Validation enabled&#xD;
 E3: I - Validating project&#xD;
 E3: I - Validation enabled for this project&#xD;
 E3: repair_check_extended(0)&#xD;
 E3: --------------------------------------------------------------------------&#xD;
 E3: consistency check (17)....
&#xD;
 E3: ....
&#xD;
 E3: dump lost....
&#xD;
 E3: ....
&#xD;
 E3: new consistency check (45) and dump lost items (46)....
&#xD;
 E3: ....
&#xD;
 E3: - done -------------------------------------------------------------------
&#xD;
 E3: I - No known issues found&#xD;
 E3: Starting Harness Import import&#xD;
 E3:     Attribute BranchNodeID    : default DISPLAY parameters changed.&#xD;
 E3:     Attribute .AppRef         : default OWNER types changed&#xD;
 E3:     Attribute .AppRef         : default DISPLAY parameters changed.&#xD;
 E3: I - Loading DT06-2S as mating connector of DT04-2P... &#xD;
 E3: I - Loading DT-C-S-AWG14-16 as crimp contact of DT04-2P... &#xD;
 E3: I - Loading DT-C-S-AWG16-18 as crimp contact of DT04-2P... &#xD;
 E3: I - Loading DT-C-B-AWG14-16 as crimp contact of DT06-2S... &#xD;
 E3: I - Loading DT-C-B-AWG16-18 as crimp contact of DT06-2S... &#xD;
 E3: I - Formboard sheet 'TestTemplateProjekt' was created.&#xD;
 E3: I - File c:\appveyor\bin\E3.3DRoutingBridge\Mainline\E3.BridgeTest\TestFiles\Harness_Update_QM850\Results\2023-10-10--12-20-08_Template_DynSymbole_7_QM850_temp.e3s saved  - ready to continue...&#xD;
 E3: I - Project '2023-10-10--12-20-08_Template_DynSymbole_7_QM850_temp' closed.&#xD;
 E3: Project c:\appveyor\bin\E3.3DRoutingBridge\Mainline\E3.BridgeTest\TestFiles\Harness_Update_QM850\TestData\temp.e3s created.&#xD;
 E3: I - Item Validation enabled&#xD;
 E3: I - Validating project&#xD;
 E3: I - Validation enabled for this project&#xD;
 E3: I - Closing project 'temp' without saving modifications...&#xD;
 E3: I - Opening Project  c:\appveyor\bin\E3.3DRoutingBridge\Mainline\E3.BridgeTest\TestFiles\Harness_Update_QM850\Results\2023-10-10--12-20-08_Template_DynSymbole_7_QM850_temp.e3s&#xD;
 E3: Project c:\appveyor\bin\E3.3DRoutingBridge\Mainline\E3.BridgeTest\TestFiles\Harness_Update_QM850\Results\2023-10-10--12-20-08_Template_DynSymbole_7_QM850_temp.e3s opened.&#xD;
 E3: I - Item Validation enabled&#xD;
 E3: I - Validating project&#xD;
 E3: I - Validation enabled for this project&#xD;
 E3: repair_check_extended(0)&#xD;
 E3: --------------------------------------------------------------------------&#xD;
 E3: consistency check (17)....
&#xD;
 E3: ....
&#xD;
 E3: dump lost....
&#xD;
 E3: ....
&#xD;
 E3: new consistency check (45) and dump lost items (46)....
&#xD;
 E3: ....
&#xD;
 E3: - done -------------------------------------------------------------------
&#xD;
 E3: I - No known issues found&#xD;
 E3: Starting Harness Import import&#xD;
 E3: I - Formboard sheet 'TestTemplateProjekt' was created.&#xD;
 E3: I - Closing project '2023-10-10--12-20-08_Template_DynSymbole_7_QM850_temp' without saving modifications...&#xD;
 E3: Project c:\appveyor\bin\E3.3DRoutingBridge\Mainline\E3.BridgeTest\TestFiles\Harness_Update_QM850\Results\temp.e3s created.&#xD;
 E3: I - Item Validation enabled&#xD;
 E3: I - Validating project&#xD;
 E3: I - Validation enabled for this project&#xD;
 E3: I - Closing project 'temp' without saving modifications...&#xD;
 E3: I - Opening Project  c:\appveyor\bin\E3.3DRoutingBridge\Mainline\E3.BridgeTest\TestFiles\Harness_Update_QM850\TestData\TestTemplateProjekt.e3s&#xD;
 E3: I - Updating internal structures: 200 cycles up to version 2505...&#xD;
 E3: 2305 &#xD;
 E3: 2306 &#xD;
 E3: 2307 &#xD;
 E3: 2308 &#xD;
 E3: 2309 &#xD;
 E3: 2310 &#xD;
 E3: 2311 &#xD;
 E3: 2312 &#xD;
 E3: 2399 &#xD;
 E3: 2400 &#xD;
 E3: 2401 &#xD;
 E3: 2402 &#xD;
 E3: 2403 &#xD;
 E3: 2404 &#xD;
 E3: 2405 &#xD;
 E3: 2406 &#xD;
 E3: 2407 &#xD;
 E3: 2408 &#xD;
 E3: 2499 &#xD;
 E3: 2500 &#xD;
 E3: 2501 &#xD;
 E3: 2502 &#xD;
 E3: 2503 &#xD;
 E3: 2504 &#xD;
 E3: OK.&#xD;
 E3: Project c:\appveyor\bin\E3.3DRoutingBridge\Mainline\E3.BridgeTest\TestFiles\Harness_Update_QM850\TestData\TestTemplateProjekt.e3s opened.&#xD;
 E3: W - Project has been opened in READ ONLY mode, you can't save any changes to the existing project!&#xD;
 E3: I - Item Validation enabled&#xD;
 E3: I - Validating project&#xD;
 E3: I - Validation enabled for this project&#xD;
 E3: repair_check_extended(0)&#xD;
 E3: --------------------------------------------------------------------------&#xD;
 E3: consistency check (17)....
&#xD;
 E3: ....
&#xD;
 E3: dump lost....
&#xD;
 E3: ....
&#xD;
 E3: new consistency check (45) and dump lost items (46)....
&#xD;
 E3: ....
&#xD;
 E3: - done -------------------------------------------------------------------
&#xD;
 E3: I - No known issues found&#xD;
 E3: Starting Harness Import import&#xD;
 E3:     Attribute BranchNodeID    : default DISPLAY parameters changed.&#xD;
 E3:     Attribute .AppRef         : default OWNER types changed&#xD;
 E3:     Attribute .AppRef         : default DISPLAY parameters changed.&#xD;
 E3: I - Loading DT06-2S as mating connector of DT04-2P... &#xD;
 E3: I - Loading DT-C-S-AWG14-16 as crimp contact of DT04-2P... &#xD;
 E3: I - Loading DT-C-S-AWG16-18 as crimp contact of DT04-2P... &#xD;
 E3: I - Loading DT-C-B-AWG14-16 as crimp contact of DT06-2S... &#xD;
 E3: I - Loading DT-C-B-AWG16-18 as crimp contact of DT06-2S... &#xD;
 E3: I - Formboard sheet 'ProtectionsImportTemplate_DynSymbole8' was created.&#xD;
 E3: I - File c:\appveyor\bin\E3.3DRoutingBridge\Mainline\E3.BridgeTest\TestFiles\Harness_Update_QM850\Results\2023-10-10--12-20-51_Template_DynSymbole_8_QM850_temp.e3s saved  - ready to continue...&#xD;
 E3: I - Project '2023-10-10--12-20-51_Template_DynSymbole_8_QM850_temp' closed.&#xD;
 E3: Project c:\appveyor\bin\E3.3DRoutingBridge\Mainline\E3.BridgeTest\TestFiles\Harness_Update_QM850\TestData\temp.e3s created.&#xD;
 E3: I - Item Validation enabled&#xD;
 E3: I - Validating project&#xD;
 E3: I - Validation enabled for this project&#xD;
 E3: I - Closing project 'temp' without saving modifications...&#xD;
 E3: I - Opening Project  c:\appveyor\bin\E3.3DRoutingBridge\Mainline\E3.BridgeTest\TestFiles\Harness_Update_QM850\Results\2023-10-10--12-20-51_Template_DynSymbole_8_QM850_temp.e3s&#xD;
 E3: Project c:\appveyor\bin\E3.3DRoutingBridge\Mainline\E3.BridgeTest\TestFiles\Harness_Update_QM850\Results\2023-10-10--12-20-51_Template_DynSymbole_8_QM850_temp.e3s opened.&#xD;
 E3: I - Item Validation enabled&#xD;
 E3: I - Validating project&#xD;
 E3: I - Validation enabled for this project&#xD;
 E3: repair_check_extended(0)&#xD;
 E3: --------------------------------------------------------------------------&#xD;
 E3: consistency check (17)....
&#xD;
 E3: ....
&#xD;
 E3: dump lost....
&#xD;
 E3: ....
&#xD;
 E3: new consistency check (45) and dump lost items (46)....
&#xD;
 E3: ....
&#xD;
 E3: - done -------------------------------------------------------------------
&#xD;
 E3: I - No known issues found&#xD;
 E3: Starting Harness Import import&#xD;
 E3: I - Formboard sheet 'ProtectionsImportTemplate_DynSymbole8' was created.&#xD;
 E3: I - Closing project '2023-10-10--12-20-51_Template_DynSymbole_8_QM850_temp' without saving modifications...&#xD;
 E3: Project c:\appveyor\bin\E3.3DRoutingBridge\Mainline\E3.BridgeTest\TestFiles\Harness_Update_QM850\Results\temp.e3s created.&#xD;
 E3: I - Item Validation enabled&#xD;
 E3: I - Validating project&#xD;
 E3: I - Validation enabled for this project&#xD;
 E3: I - Closing project 'temp' without saving modifications...&#xD;
 E3: I - Opening Project  c:\appveyor\bin\E3.3DRoutingBridge\Mainline\E3.BridgeTest\TestFiles\Harness_Update_QM850\TestData\TestTemplateProjekt.e3s&#xD;
 E3: I - Updating internal structures: 200 cycles up to version 2505...&#xD;
 E3: 2305 &#xD;
 E3: 2306 &#xD;
 E3: 2307 &#xD;
 E3: 2308 &#xD;
 E3: 2309 &#xD;
 E3: 2310 &#xD;
 E3: 2311 &#xD;
 E3: 2312 &#xD;
 E3: 2399 &#xD;
 E3: 2400 &#xD;
 E3: 2401 &#xD;
 E3: 2402 &#xD;
 E3: 2403 &#xD;
 E3: 2404 &#xD;
 E3: 2405 &#xD;
 E3: 2406 &#xD;
 E3: 2407 &#xD;
 E3: 2408 &#xD;
 E3: 2499 &#xD;
 E3: 2500 &#xD;
 E3: 2501 &#xD;
 E3: 2502 &#xD;
 E3: 2503 &#xD;
 E3: 2504 &#xD;
 E3: OK.&#xD;
 E3: Project c:\appveyor\bin\E3.3DRoutingBridge\Mainline\E3.BridgeTest\TestFiles\Harness_Update_QM850\TestData\TestTemplateProjekt.e3s opened.&#xD;
 E3: W - Project has been opened in READ ONLY mode, you can't save any changes to the existing project!&#xD;
 E3: I - Item Validation enabled&#xD;
 E3: I - Validating project&#xD;
 E3: I - Validation enabled for this project&#xD;
 E3: repair_check_extended(0)&#xD;
 E3: --------------------------------------------------------------------------&#xD;
 E3: consistency check (17)....
&#xD;
 E3: ....
&#xD;
 E3: dump lost....
&#xD;
 E3: ....
&#xD;
 E3: new consistency check (45) and dump lost items (46)....
&#xD;
 E3: ....
&#xD;
 E3: - done -------------------------------------------------------------------
&#xD;
 E3: I - No known issues found&#xD;
 E3: Starting Harness Import import&#xD;
 E3:     Attribute BranchNodeID    : default DISPLAY parameters changed.&#xD;
 E3:     Attribute .AppRef         : default OWNER types changed&#xD;
 E3:     Attribute .AppRef         : default DISPLAY parameters changed.&#xD;
 E3: I - Loading DT06-2S as mating connector of DT04-2P... &#xD;
 E3: I - Loading DT-C-S-AWG14-16 as crimp contact of DT04-2P... &#xD;
 E3: I - Loading DT-C-S-AWG16-18 as crimp contact of DT04-2P... &#xD;
 E3: I - Loading DT-C-B-AWG14-16 as crimp contact of DT06-2S... &#xD;
 E3: I - Loading DT-C-B-AWG16-18 as crimp contact of DT06-2S... &#xD;
 E3: I - Formboard sheet 'ProtectionsImportTemplate_DynSymbole9' was created.&#xD;
 E3: I - File c:\appveyor\bin\E3.3DRoutingBridge\Mainline\E3.BridgeTest\TestFiles\Harness_Update_QM850\Results\2023-10-10--12-21-33_Template_DynSymbole_9_QM850_temp.e3s saved  - ready to continue...&#xD;
 E3: I - Project '2023-10-10--12-21-33_Template_DynSymbole_9_QM850_temp' closed.&#xD;
 E3: Project c:\appveyor\bin\E3.3DRoutingBridge\Mainline\E3.BridgeTest\TestFiles\Harness_Update_QM850\TestData\temp.e3s created.&#xD;
 E3: I - Item Validation enabled&#xD;
 E3: I - Validating project&#xD;
 E3: I - Validation enabled for this project&#xD;
 E3: I - Closing project 'temp' without saving modifications...&#xD;
 E3: I - Opening Project  c:\appveyor\bin\E3.3DRoutingBridge\Mainline\E3.BridgeTest\TestFiles\Harness_Update_QM850\Results\2023-10-10--12-21-33_Template_DynSymbole_9_QM850_temp.e3s&#xD;
 E3: Project c:\appveyor\bin\E3.3DRoutingBridge\Mainline\E3.BridgeTest\TestFiles\Harness_Update_QM850\Results\2023-10-10--12-21-33_Template_DynSymbole_9_QM850_temp.e3s opened.&#xD;
 E3: I - Item Validation enabled&#xD;
 E3: I - Validating project&#xD;
 E3: I - Validation enabled for this project&#xD;
 E3: repair_check_extended(0)&#xD;
 E3: --------------------------------------------------------------------------&#xD;
 E3: consistency check (17)....
&#xD;
 E3: ....
&#xD;
 E3: dump lost....
&#xD;
 E3: ....
&#xD;
 E3: new consistency check (45) and dump lost items (46)....
&#xD;
 E3: ....
&#xD;
 E3: - done -------------------------------------------------------------------
&#xD;
 E3: I - No known issues found&#xD;
 E3: Starting Harness Import import&#xD;
 E3: I - Formboard sheet 'ProtectionsImportTemplate_DynSymbole9' was created.&#xD;
 E3: I - Closing project '2023-10-10--12-21-33_Template_DynSymbole_9_QM850_temp' without saving modifications...&#xD;
 E3: Project c:\appveyor\bin\E3.3DRoutingBridge\Mainline\E3.BridgeTest\TestFiles\Harness_Update_QM850\Results\temp.e3s created.&#xD;
 E3: I - Item Validation enabled&#xD;
 E3: I - Validating project&#xD;
 E3: I - Validation enabled for this project&#xD;
 E3: I - Closing project 'temp' without saving modifications...&#xD;
 E3: I - Opening Project  c:\appveyor\bin\E3.3DRoutingBridge\Mainline\E3.BridgeTest\TestFiles\Harness_Update_QM850\TestData\TestTemplateProjekt.e3s&#xD;
 E3: I - Updating internal structures: 200 cycles up to version 2505...&#xD;
 E3: 2305 &#xD;
 E3: 2306 &#xD;
 E3: 2307 &#xD;
 E3: 2308 &#xD;
 E3: 2309 &#xD;
 E3: 2310 &#xD;
 E3: 2311 &#xD;
 E3: 2312 &#xD;
 E3: 2399 &#xD;
 E3: 2400 &#xD;
 E3: 2401 &#xD;
 E3: 2402 &#xD;
 E3: 2403 &#xD;
 E3: 2404 &#xD;
 E3: 2405 &#xD;
 E3: 2406 &#xD;
 E3: 2407 &#xD;
 E3: 2408 &#xD;
 E3: 2499 &#xD;
 E3: 2500 &#xD;
 E3: 2501 &#xD;
 E3: 2502 &#xD;
 E3: 2503 &#xD;
 E3: 2504 &#xD;
 E3: OK.&#xD;
 E3: Project c:\appveyor\bin\E3.3DRoutingBridge\Mainline\E3.BridgeTest\TestFiles\Harness_Update_QM850\TestData\TestTemplateProjekt.e3s opened.&#xD;
 E3: W - Project has been opened in READ ONLY mode, you can't save any changes to the existing project!&#xD;
 E3: I - Item Validation enabled&#xD;
 E3: I - Validating project&#xD;
 E3: I - Validation enabled for this project&#xD;
 E3: repair_check_extended(0)&#xD;
 E3: --------------------------------------------------------------------------&#xD;
 E3: consistency check (17)....
&#xD;
 E3: ....
&#xD;
 E3: dump lost....
&#xD;
 E3: ....
&#xD;
 E3: new consistency check (45) and dump lost items (46)....
&#xD;
 E3: ....
&#xD;
 E3: - done -------------------------------------------------------------------
&#xD;
 E3: I - No known issues found&#xD;
 E3: Starting Harness Import import&#xD;
 E3:     Attribute BranchNodeID    : default DISPLAY parameters changed.&#xD;
 E3:     Attribute .AppRef         : default OWNER types changed&#xD;
 E3:     Attribute .AppRef         : default DISPLAY parameters changed.&#xD;
 E3: I - Loading DT06-4S as mating connector of DT04-4P... &#xD;
 E3: I - Loading DT-C-S-AWG14-16 as crimp contact of DT04-4P... &#xD;
 E3: I - Loading DT-C-S-AWG16-18 as crimp contact of DT04-4P... &#xD;
 E3: I - Loading DT-C-B-AWG14-16 as crimp contact of DT06-4S... &#xD;
 E3: I - Loading DT-C-B-AWG16-18 as crimp contact of DT06-4S... &#xD;
 E3: I - Formboard sheet 'EndTestExport' was created.&#xD;
 E3: I - File c:\appveyor\bin\E3.3DRoutingBridge\Mainline\E3.BridgeTest\TestFiles\Harness_Update_QM850\Results\2023-10-10--12-22-13_ProtectionsImport_1_QM850_temp.e3s saved  - ready to continue...&#xD;
 E3: I - Project '2023-10-10--12-22-13_ProtectionsImport_1_QM850_temp' closed.&#xD;
 E3: Project c:\appveyor\bin\E3.3DRoutingBridge\Mainline\E3.BridgeTest\TestFiles\Harness_Update_QM850\TestData\temp.e3s created.&#xD;
 E3: I - Item Validation enabled&#xD;
 E3: I - Validating project&#xD;
 E3: I - Validation enabled for this project&#xD;
 E3: I - Closing project 'temp' without saving modifications...&#xD;
 E3: I - Opening Project  c:\appveyor\bin\E3.3DRoutingBridge\Mainline\E3.BridgeTest\TestFiles\Harness_Update_QM850\Results\2023-10-10--12-22-13_ProtectionsImport_1_QM850_temp.e3s&#xD;
 E3: Project c:\appveyor\bin\E3.3DRoutingBridge\Mainline\E3.BridgeTest\TestFiles\Harness_Update_QM850\Results\2023-10-10--12-22-13_ProtectionsImport_1_QM850_temp.e3s opened.&#xD;
 E3: I - Item Validation enabled&#xD;
 E3: I - Validating project&#xD;
 E3: I - Validation enabled for this project&#xD;
 E3: repair_check_extended(0)&#xD;
 E3: --------------------------------------------------------------------------&#xD;
 E3: consistency check (17)....
&#xD;
 E3: ....
&#xD;
 E3: dump lost....
&#xD;
 E3: ....
&#xD;
 E3: new consistency check (45) and dump lost items (46)....
&#xD;
 E3: ....
&#xD;
 E3: - done -------------------------------------------------------------------
&#xD;
 E3: I - No known issues found&#xD;
 E3: Starting Harness Import import&#xD;
 E3: I - Formboard sheet 'EndTestExport' was created.&#xD;
 E3: I - Closing project '2023-10-10--12-22-13_ProtectionsImport_1_QM850_temp' without saving modifications...&#xD;
 E3: Project c:\appveyor\bin\E3.3DRoutingBridge\Mainline\E3.BridgeTest\TestFiles\Harness_Update_QM850\Results\temp.e3s created.&#xD;
 E3: I - Item Validation enabled&#xD;
 E3: I - Validating project&#xD;
 E3: I - Validation enabled for this project&#xD;
 E3: I - Closing project 'temp' without saving modifications...&#xD;
 E3: I - Opening Project  c:\appveyor\bin\E3.3DRoutingBridge\Mainline\E3.BridgeTest\TestFiles\Harness_Update_QM850\TestData\TestTemplateProjekt.e3s&#xD;
 E3: I - Updating internal structures: 200 cycles up to version 2505...&#xD;
 E3: 2305 &#xD;
 E3: 2306 &#xD;
 E3: 2307 &#xD;
 E3: 2308 &#xD;
 E3: 2309 &#xD;
 E3: 2310 &#xD;
 E3: 2311 &#xD;
 E3: 2312 &#xD;
 E3: 2399 &#xD;
 E3: 2400 &#xD;
 E3: 2401 &#xD;
 E3: 2402 &#xD;
 E3: 2403 &#xD;
 E3: 2404 &#xD;
 E3: 2405 &#xD;
 E3: 2406 &#xD;
 E3: 2407 &#xD;
 E3: 2408 &#xD;
 E3: 2499 &#xD;
 E3: 2500 &#xD;
 E3: 2501 &#xD;
 E3: 2502 &#xD;
 E3: 2503 &#xD;
 E3: 2504 &#xD;
 E3: OK.&#xD;
 E3: Project c:\appveyor\bin\E3.3DRoutingBridge\Mainline\E3.BridgeTest\TestFiles\Harness_Update_QM850\TestData\TestTemplateProjekt.e3s opened.&#xD;
 E3: W - Project has been opened in READ ONLY mode, you can't save any changes to the existing project!&#xD;
 E3: I - Item Validation enabled&#xD;
 E3: I - Validating project&#xD;
 E3: I - Validation enabled for this project&#xD;
 E3: repair_check_extended(0)&#xD;
 E3: --------------------------------------------------------------------------&#xD;
 E3: consistency check (17)....
&#xD;
 E3: ....
&#xD;
 E3: dump lost....
&#xD;
 E3: ....
&#xD;
 E3: new consistency check (45) and dump lost items (46)....
&#xD;
 E3: ....
&#xD;
 E3: - done -------------------------------------------------------------------
&#xD;
 E3: I - No known issues found&#xD;
 E3: Starting Harness Import import&#xD;
 E3:     Attribute BranchNodeID    : default DISPLAY parameters changed.&#xD;
 E3:     Attribute .AppRef         : default OWNER types changed&#xD;
 E3:     Attribute .AppRef         : default DISPLAY parameters changed.&#xD;
 E3: I - Loading DT06-4S as mating connector of DT04-4P... &#xD;
 E3: I - Loading DT-C-S-AWG14-16 as crimp contact of DT04-4P... &#xD;
 E3: I - Loading DT-C-S-AWG16-18 as crimp contact of DT04-4P... &#xD;
 E3: I - Loading DT-C-B-AWG14-16 as crimp contact of DT06-4S... &#xD;
 E3: I - Loading DT-C-B-AWG16-18 as crimp contact of DT06-4S... &#xD;
 E3: I - Formboard sheet 'EndTestExport' was created.&#xD;
 E3: I - File c:\appveyor\bin\E3.3DRoutingBridge\Mainline\E3.BridgeTest\TestFiles\Harness_Update_QM850\Results\2023-10-10--12-22-50_ProtectionsImport_2_QM850_temp.e3s saved  - ready to continue...&#xD;
 E3: I - Project '2023-10-10--12-22-50_ProtectionsImport_2_QM850_temp' closed.&#xD;
 E3: Project c:\appveyor\bin\E3.3DRoutingBridge\Mainline\E3.BridgeTest\TestFiles\Harness_Update_QM850\TestData\temp.e3s created.&#xD;
 E3: I - Item Validation enabled&#xD;
 E3: I - Validating project&#xD;
 E3: I - Validation enabled for this project&#xD;
 E3: I - Closing project 'temp' without saving modifications...&#xD;
 E3: I - Opening Project  c:\appveyor\bin\E3.3DRoutingBridge\Mainline\E3.BridgeTest\TestFiles\Harness_Update_QM850\Results\2023-10-10--12-22-50_ProtectionsImport_2_QM850_temp.e3s&#xD;
 E3: Project c:\appveyor\bin\E3.3DRoutingBridge\Mainline\E3.BridgeTest\TestFiles\Harness_Update_QM850\Results\2023-10-10--12-22-50_ProtectionsImport_2_QM850_temp.e3s opened.&#xD;
 E3: I - Item Validation enabled&#xD;
 E3: I - Validating project&#xD;
 E3: I - Validation enabled for this project&#xD;
 E3: repair_check_extended(0)&#xD;
 E3: --------------------------------------------------------------------------&#xD;
 E3: consistency check (17)....
&#xD;
 E3: ....
&#xD;
 E3: dump lost....
&#xD;
 E3: ....
&#xD;
 E3: new consistency check (45) and dump lost items (46)....
&#xD;
 E3: ....
&#xD;
 E3: - done -------------------------------------------------------------------
&#xD;
 E3: I - No known issues found&#xD;
 E3: Starting Harness Import import&#xD;
 E3: I - Formboard sheet 'EndTestExport' was created.&#xD;
 E3: I - Closing project '2023-10-10--12-22-50_ProtectionsImport_2_QM850_temp' without saving modifications...&#xD;
 E3: Project c:\appveyor\bin\E3.3DRoutingBridge\Mainline\E3.BridgeTest\TestFiles\Harness_Update_QM850\Results\temp.e3s created.&#xD;
 E3: I - Item Validation enabled&#xD;
 E3: I - Validating project&#xD;
 E3: I - Validation enabled for this project&#xD;
 E3: I - Closing project 'temp' without saving modifications...&#xD;
 E3: I - Opening Project  c:\appveyor\bin\E3.3DRoutingBridge\Mainline\E3.BridgeTest\TestFiles\Harness_Update_QM850\TestData\TestTemplateProjekt.e3s&#xD;
 E3: I - Updating internal structures: 200 cycles up to version 2505...&#xD;
 E3: 2305 &#xD;
 E3: 2306 &#xD;
 E3: 2307 &#xD;
 E3: 2308 &#xD;
 E3: 2309 &#xD;
 E3: 2310 &#xD;
 E3: 2311 &#xD;
 E3: 2312 &#xD;
 E3: 2399 &#xD;
 E3: 2400 &#xD;
 E3: 2401 &#xD;
 E3: 2402 &#xD;
 E3: 2403 &#xD;
 E3: 2404 &#xD;
 E3: 2405 &#xD;
 E3: 2406 &#xD;
 E3: 2407 &#xD;
 E3: 2408 &#xD;
 E3: 2499 &#xD;
 E3: 2500 &#xD;
 E3: 2501 &#xD;
 E3: 2502 &#xD;
 E3: 2503 &#xD;
 E3: 2504 &#xD;
 E3: OK.&#xD;
 E3: Project c:\appveyor\bin\E3.3DRoutingBridge\Mainline\E3.BridgeTest\TestFiles\Harness_Update_QM850\TestData\TestTemplateProjekt.e3s opened.&#xD;
 E3: W - Project has been opened in READ ONLY mode, you can't save any changes to the existing project!&#xD;
 E3: I - Item Validation enabled&#xD;
 E3: I - Validating project&#xD;
 E3: I - Validation enabled for this project&#xD;
 E3: repair_check_extended(0)&#xD;
 E3: --------------------------------------------------------------------------&#xD;
 E3: consistency check (17)....
&#xD;
 E3: ....
&#xD;
 E3: dump lost....
&#xD;
 E3: ....
&#xD;
 E3: new consistency check (45) and dump lost items (46)....
&#xD;
 E3: ....
&#xD;
 E3: - done -------------------------------------------------------------------
&#xD;
 E3: I - No known issues found&#xD;
 E3: Starting Harness Import import&#xD;
 E3:     Attribute BranchNodeID    : default DISPLAY parameters changed.&#xD;
 E3:     Attribute .AppRef         : default OWNER types changed&#xD;
 E3:     Attribute .AppRef         : default DISPLAY parameters changed.&#xD;
 E3: I - Loading DT06-4S as mating connector of DT04-4P... &#xD;
 E3: I - Loading DT-C-S-AWG14-16 as crimp contact of DT04-4P... &#xD;
 E3: I - Loading DT-C-S-AWG16-18 as crimp contact of DT04-4P... &#xD;
 E3: I - Loading DT-C-B-AWG14-16 as crimp contact of DT06-4S... &#xD;
 E3: I - Loading DT-C-B-AWG16-18 as crimp contact of DT06-4S... &#xD;
 E3: I - Formboard sheet 'EndTestExport' was created.&#xD;
 E3: I - File c:\appveyor\bin\E3.3DRoutingBridge\Mainline\E3.BridgeTest\TestFiles\Harness_Update_QM850\Results\2023-10-10--12-23-26_ProtectionsImport_3_QM850_temp.e3s saved  - ready to continue...&#xD;
 E3: I - Project '2023-10-10--12-23-26_ProtectionsImport_3_QM850_temp' closed.&#xD;
 E3: Project c:\appveyor\bin\E3.3DRoutingBridge\Mainline\E3.BridgeTest\TestFiles\Harness_Update_QM850\TestData\temp.e3s created.&#xD;
 E3: I - Item Validation enabled&#xD;
 E3: I - Validating project&#xD;
 E3: I - Validation enabled for this project&#xD;
 E3: I - Closing project 'temp' without saving modifications...&#xD;
 E3: I - Opening Project  c:\appveyor\bin\E3.3DRoutingBridge\Mainline\E3.BridgeTest\TestFiles\Harness_Update_QM850\Results\2023-10-10--12-23-26_ProtectionsImport_3_QM850_temp.e3s&#xD;
 E3: Project c:\appveyor\bin\E3.3DRoutingBridge\Mainline\E3.BridgeTest\TestFiles\Harness_Update_QM850\Results\2023-10-10--12-23-26_ProtectionsImport_3_QM850_temp.e3s opened.&#xD;
 E3: I - Item Validation enabled&#xD;
 E3: I - Validating project&#xD;
 E3: I - Validation enabled for this project&#xD;
 E3: repair_check_extended(0)&#xD;
 E3: --------------------------------------------------------------------------&#xD;
 E3: consistency check (17)....
&#xD;
 E3: ....
&#xD;
 E3: dump lost....
&#xD;
 E3: ....
&#xD;
 E3: new consistency check (45) and dump lost items (46)....
&#xD;
 E3: ....
&#xD;
 E3: - done -------------------------------------------------------------------
&#xD;
 E3: I - No known issues found&#xD;
 E3: Starting Harness Import import&#xD;
 E3: I - Formboard sheet 'EndTestExport' was created.&#xD;
 E3: I - Closing project '2023-10-10--12-23-26_ProtectionsImport_3_QM850_temp' without saving modifications...&#xD;
 E3: Project c:\appveyor\bin\E3.3DRoutingBridge\Mainline\E3.BridgeTest\TestFiles\Harness_Update_QM850\Results\temp.e3s created.&#xD;
 E3: I - Item Validation enabled&#xD;
 E3: I - Validating project&#xD;
 E3: I - Validation enabled for this project&#xD;
 E3: I - Closing project 'temp' without saving modifications...&#xD;
 E3: I - Opening Project  c:\appveyor\bin\E3.3DRoutingBridge\Mainline\E3.BridgeTest\TestFiles\Harness_Update_QM850\TestData\TestTemplateProjekt.e3s&#xD;
 E3: I - Updating internal structures: 200 cycles up to version 2505...&#xD;
 E3: 2305 &#xD;
 E3: 2306 &#xD;
 E3: 2307 &#xD;
 E3: 2308 &#xD;
 E3: 2309 &#xD;
 E3: 2310 &#xD;
 E3: 2311 &#xD;
 E3: 2312 &#xD;
 E3: 2399 &#xD;
 E3: 2400 &#xD;
 E3: 2401 &#xD;
 E3: 2402 &#xD;
 E3: 2403 &#xD;
 E3: 2404 &#xD;
 E3: 2405 &#xD;
 E3: 2406 &#xD;
 E3: 2407 &#xD;
 E3: 2408 &#xD;
 E3: 2499 &#xD;
 E3: 2500 &#xD;
 E3: 2501 &#xD;
 E3: 2502 &#xD;
 E3: 2503 &#xD;
 E3: 2504 &#xD;
 E3: OK.&#xD;
 E3: Project c:\appveyor\bin\E3.3DRoutingBridge\Mainline\E3.BridgeTest\TestFiles\Harness_Update_QM850\TestData\TestTemplateProjekt.e3s opened.&#xD;
 E3: W - Project has been opened in READ ONLY mode, you can't save any changes to the existing project!&#xD;
 E3: I - Item Validation enabled&#xD;
 E3: I - Validating project&#xD;
 E3: I - Validation enabled for this project&#xD;
 E3: repair_check_extended(0)&#xD;
 E3: --------------------------------------------------------------------------&#xD;
 E3: consistency check (17)....
&#xD;
 E3: ....
&#xD;
 E3: dump lost....
&#xD;
 E3: ....
&#xD;
 E3: new consistency check (45) and dump lost items (46)....
&#xD;
 E3: ....
&#xD;
 E3: - done -------------------------------------------------------------------
&#xD;
 E3: I - No known issues found&#xD;
 E3: Starting Harness Import import&#xD;
 E3:     Attribute BranchNodeID    : default DISPLAY parameters changed.&#xD;
 E3:     Attribute .AppRef         : default OWNER types changed&#xD;
 E3:     Attribute .AppRef         : default DISPLAY parameters changed.&#xD;
 E3: I - Loading DT04-2P as mating connector of DT06-2S... &#xD;
 E3: I - Loading DT-C-B-AWG14-16 as crimp contact of DT06-2S... &#xD;
 E3: I - Loading DT-C-B-AWG16-18 as crimp contact of DT06-2S... &#xD;
 E3: I - Loading DT-C-S-AWG14-16 as crimp contact of DT04-2P... &#xD;
 E3: I - Loading DT-C-S-AWG16-18 as crimp contact of DT04-2P... &#xD;
 E3: I - Loading DT06-6S as mating connector of DT04-6P... &#xD;
 E3: I - Formboard sheet 'EndTestExport' was created.&#xD;
 E3: I - File c:\appveyor\bin\E3.3DRoutingBridge\Mainline\E3.BridgeTest\TestFiles\Harness_Update_QM850\Results\2023-10-10--12-24-02_ProtectionsImport_4_QM850_temp.e3s saved  - ready to continue...&#xD;
 E3: I - Project '2023-10-10--12-24-02_ProtectionsImport_4_QM850_temp' closed.&#xD;
 E3: Project c:\appveyor\bin\E3.3DRoutingBridge\Mainline\E3.BridgeTest\TestFiles\Harness_Update_QM850\TestData\temp.e3s created.&#xD;
 E3: I - Item Validation enabled&#xD;
 E3: I - Validating project&#xD;
 E3: I - Validation enabled for this project&#xD;
 E3: I - Closing project 'temp' without saving modifications...&#xD;
 E3: I - Opening Project  c:\appveyor\bin\E3.3DRoutingBridge\Mainline\E3.BridgeTest\TestFiles\Harness_Update_QM850\Results\2023-10-10--12-24-02_ProtectionsImport_4_QM850_temp.e3s&#xD;
 E3: Project c:\appveyor\bin\E3.3DRoutingBridge\Mainline\E3.BridgeTest\TestFiles\Harness_Update_QM850\Results\2023-10-10--12-24-02_ProtectionsImport_4_QM850_temp.e3s opened.&#xD;
 E3: I - Item Validation enabled&#xD;
 E3: I - Validating project&#xD;
 E3: I - Validation enabled for this project&#xD;
 E3: repair_check_extended(0)&#xD;
 E3: --------------------------------------------------------------------------&#xD;
 E3: consistency check (17)....
&#xD;
 E3: ....
&#xD;
 E3: dump lost....
&#xD;
 E3: ....
&#xD;
 E3: new consistency check (45) and dump lost items (46)....
&#xD;
 E3: ....
&#xD;
 E3: - done -------------------------------------------------------------------
&#xD;
 E3: I - No known issues found&#xD;
 E3: Starting Harness Import import&#xD;
 E3: I - Formboard sheet 'EndTestExport' was created.&#xD;
 E3: I - Closing project '2023-10-10--12-24-02_ProtectionsImport_4_QM850_temp' without saving modifications...&#xD;
 E3: Project c:\appveyor\bin\E3.3DRoutingBridge\Mainline\E3.BridgeTest\TestFiles\Harness_Update_QM850\Results\temp.e3s created.&#xD;
 E3: I - Item Validation enabled&#xD;
 E3: I - Validating project&#xD;
 E3: I - Validation enabled for this project&#xD;
 E3: I - Closing project 'temp' without saving modifications...&#xD;
 E3: I - Opening Project  c:\appveyor\bin\E3.3DRoutingBridge\Mainline\E3.BridgeTest\TestFiles\Harness_Update_QM850\TestData\TestTemplateProjekt.e3s&#xD;
 E3: I - Updating internal structures: 200 cycles up to version 2505...&#xD;
 E3: 2305 &#xD;
 E3: 2306 &#xD;
 E3: 2307 &#xD;
 E3: 2308 &#xD;
 E3: 2309 &#xD;
 E3: 2310 &#xD;
 E3: 2311 &#xD;
 E3: 2312 &#xD;
 E3: 2399 &#xD;
 E3: 2400 &#xD;
 E3: 2401 &#xD;
 E3: 2402 &#xD;
 E3: 2403 &#xD;
 E3: 2404 &#xD;
 E3: 2405 &#xD;
 E3: 2406 &#xD;
 E3: 2407 &#xD;
 E3: 2408 &#xD;
 E3: 2499 &#xD;
 E3: 2500 &#xD;
 E3: 2501 &#xD;
 E3: 2502 &#xD;
 E3: 2503 &#xD;
 E3: 2504 &#xD;
 E3: OK.&#xD;
 E3: Project c:\appveyor\bin\E3.3DRoutingBridge\Mainline\E3.BridgeTest\TestFiles\Harness_Update_QM850\TestData\TestTemplateProjekt.e3s opened.&#xD;
 E3: W - Project has been opened in READ ONLY mode, you can't save any changes to the existing project!&#xD;
 E3: I - Item Validation enabled&#xD;
 E3: I - Validating project&#xD;
 E3: I - Validation enabled for this project&#xD;
 E3: repair_check_extended(0)&#xD;
 E3: --------------------------------------------------------------------------&#xD;
 E3: consistency check (17)....
&#xD;
 E3: ....
&#xD;
 E3: dump lost....
&#xD;
 E3: ....
&#xD;
 E3: new consistency check (45) and dump lost items (46)....
&#xD;
 E3: ....
&#xD;
 E3: - done -------------------------------------------------------------------
&#xD;
 E3: I - No known issues found&#xD;
 E3: Starting Harness Import import&#xD;
 E3:     Attribute BranchNodeID    : default DISPLAY parameters changed.&#xD;
 E3:     Attribute .AppRef         : default OWNER types changed&#xD;
 E3:     Attribute .AppRef         : default DISPLAY parameters changed.&#xD;
 E3: I - Loading DT06-4S as mating connector of DT04-4P... &#xD;
 E3: I - Loading DT-C-S-AWG14-16 as crimp contact of DT04-4P... &#xD;
 E3: I - Loading DT-C-S-AWG16-18 as crimp contact of DT04-4P... &#xD;
 E3: I - Loading DT-C-B-AWG14-16 as crimp contact of DT06-4S... &#xD;
 E3: I - Loading DT-C-B-AWG16-18 as crimp contact of DT06-4S... &#xD;
 E3: I - Formboard sheet 'EndTestExport' was created.&#xD;
 E3: I - File c:\appveyor\bin\E3.3DRoutingBridge\Mainline\E3.BridgeTest\TestFiles\Harness_Update_QM850\Results\2023-10-10--12-24-39_ProtectionsImport_5_QM850_temp.e3s saved  - ready to continue...&#xD;
 E3: I - Project '2023-10-10--12-24-39_ProtectionsImport_5_QM850_temp' closed.&#xD;
 E3: Project c:\appveyor\bin\E3.3DRoutingBridge\Mainline\E3.BridgeTest\TestFiles\Harness_Update_QM850\TestData\temp.e3s created.&#xD;
 E3: I - Item Validation enabled&#xD;
 E3: I - Validating project&#xD;
 E3: I - Validation enabled for this project&#xD;
 E3: I - Closing project 'temp' without saving modifications...&#xD;
 E3: I - Opening Project  c:\appveyor\bin\E3.3DRoutingBridge\Mainline\E3.BridgeTest\TestFiles\Harness_Update_QM850\Results\2023-10-10--12-24-39_ProtectionsImport_5_QM850_temp.e3s&#xD;
 E3: Project c:\appveyor\bin\E3.3DRoutingBridge\Mainline\E3.BridgeTest\TestFiles\Harness_Update_QM850\Results\2023-10-10--12-24-39_ProtectionsImport_5_QM850_temp.e3s opened.&#xD;
 E3: I - Item Validation enabled&#xD;
 E3: I - Validating project&#xD;
 E3: I - Validation enabled for this project&#xD;
 E3: repair_check_extended(0)&#xD;
 E3: --------------------------------------------------------------------------&#xD;
 E3: consistency check (17)....
&#xD;
 E3: ....
&#xD;
 E3: dump lost....
&#xD;
 E3: ....
&#xD;
 E3: new consistency check (45) and dump lost items (46)....
&#xD;
 E3: ....
&#xD;
 E3: - done -------------------------------------------------------------------
&#xD;
 E3: I - No known issues found&#xD;
 E3: Starting Harness Import import&#xD;
 E3: I - Formboard sheet 'EndTestExport' was created.&#xD;
 E3: I - Closing project '2023-10-10--12-24-39_ProtectionsImport_5_QM850_temp' without saving modifications...&#xD;
 E3: Project c:\appveyor\bin\E3.3DRoutingBridge\Mainline\E3.BridgeTest\TestFiles\Harness_Update_QM850\Results\temp.e3s created.&#xD;
 E3: I - Item Validation enabled&#xD;
 E3: I - Validating project&#xD;
 E3: I - Validation enabled for this project&#xD;
 E3: I - Closing project 'temp' without saving modifications...&#xD;
 E3: I - Opening Project  c:\appveyor\bin\E3.3DRoutingBridge\Mainline\E3.BridgeTest\TestFiles\Harness_Update_QM850\TestData\TestTemplateProjekt.e3s&#xD;
 E3: I - Updating internal structures: 200 cycles up to version 2505...&#xD;
 E3: 2305 &#xD;
 E3: 2306 &#xD;
 E3: 2307 &#xD;
 E3: 2308 &#xD;
 E3: 2309 &#xD;
 E3: 2310 &#xD;
 E3: 2311 &#xD;
 E3: 2312 &#xD;
 E3: 2399 &#xD;
 E3: 2400 &#xD;
 E3: 2401 &#xD;
 E3: 2402 &#xD;
 E3: 2403 &#xD;
 E3: 2404 &#xD;
 E3: 2405 &#xD;
 E3: 2406 &#xD;
 E3: 2407 &#xD;
 E3: 2408 &#xD;
 E3: 2499 &#xD;
 E3: 2500 &#xD;
 E3: 2501 &#xD;
 E3: 2502 &#xD;
 E3: 2503 &#xD;
 E3: 2504 &#xD;
 E3: OK.&#xD;
 E3: Project c:\appveyor\bin\E3.3DRoutingBridge\Mainline\E3.BridgeTest\TestFiles\Harness_Update_QM850\TestData\TestTemplateProjekt.e3s opened.&#xD;
 E3: W - Project has been opened in READ ONLY mode, you can't save any changes to the existing project!&#xD;
 E3: I - Item Validation enabled&#xD;
 E3: I - Validating project&#xD;
 E3: I - Validation enabled for this project&#xD;
 E3: repair_check_extended(0)&#xD;
 E3: --------------------------------------------------------------------------&#xD;
 E3: consistency check (17)....
&#xD;
 E3: ....
&#xD;
 E3: dump lost....
&#xD;
 E3: ....
&#xD;
 E3: new consistency check (45) and dump lost items (46)....
&#xD;
 E3: ....
&#xD;
 E3: - done -------------------------------------------------------------------
&#xD;
 E3: I - No known issues found&#xD;
 E3: Starting Harness Import import&#xD;
 E3:     Attribute BranchNodeID    : default DISPLAY parameters changed.&#xD;
 E3:     Attribute .AppRef         : default OWNER types changed&#xD;
 E3:     Attribute .AppRef         : default DISPLAY parameters changed.&#xD;
 E3: I - Loading DT06-4S as mating connector of DT04-4P... &#xD;
 E3: I - Loading DT-C-S-AWG14-16 as crimp contact of DT04-4P... &#xD;
 E3: I - Loading DT-C-S-AWG16-18 as crimp contact of DT04-4P... &#xD;
 E3: I - Loading DT-C-B-AWG14-16 as crimp contact of DT06-4S... &#xD;
 E3: I - Loading DT-C-B-AWG16-18 as crimp contact of DT06-4S... &#xD;
 E3: I - Formboard sheet 'EndTestExport' was created.&#xD;
 E3: I - File c:\appveyor\bin\E3.3DRoutingBridge\Mainline\E3.BridgeTest\TestFiles\Harness_Update_QM850\Results\2023-10-10--12-25-16_ProtectionsImport_6_QM850_temp.e3s saved  - ready to continue...&#xD;
 E3: I - Project '2023-10-10--12-25-16_ProtectionsImport_6_QM850_temp' closed.&#xD;
 E3: Project c:\appveyor\bin\E3.3DRoutingBridge\Mainline\E3.BridgeTest\TestFiles\Harness_Update_QM850\TestData\temp.e3s created.&#xD;
 E3: I - Item Validation enabled&#xD;
 E3: I - Validating project&#xD;
 E3: I - Validation enabled for this project&#xD;
 E3: I - Closing project 'temp' without saving modifications...&#xD;
 E3: I - Opening Project  c:\appveyor\bin\E3.3DRoutingBridge\Mainline\E3.BridgeTest\TestFiles\Harness_Update_QM850\Results\2023-10-10--12-25-16_ProtectionsImport_6_QM850_temp.e3s&#xD;
 E3: Project c:\appveyor\bin\E3.3DRoutingBridge\Mainline\E3.BridgeTest\TestFiles\Harness_Update_QM850\Results\2023-10-10--12-25-16_ProtectionsImport_6_QM850_temp.e3s opened.&#xD;
 E3: I - Item Validation enabled&#xD;
 E3: I - Validating project&#xD;
 E3: I - Validation enabled for this project&#xD;
 E3: repair_check_extended(0)&#xD;
 E3: --------------------------------------------------------------------------&#xD;
 E3: consistency check (17)....
&#xD;
 E3: ....
&#xD;
 E3: dump lost....
&#xD;
 E3: ....
&#xD;
 E3: new consistency check (45) and dump lost items (46)....
&#xD;
 E3: ....
&#xD;
 E3: - done -------------------------------------------------------------------
&#xD;
 E3: I - No known issues found&#xD;
 E3: Starting Harness Import import&#xD;
 E3: I - Formboard sheet 'EndTestExport' was created.&#xD;
 E3: I - Closing project '2023-10-10--12-25-16_ProtectionsImport_6_QM850_temp' without saving modifications...&#xD;
 E3: Project c:\appveyor\bin\E3.3DRoutingBridge\Mainline\E3.BridgeTest\TestFiles\Harness_Update_QM850\Results\temp.e3s created.&#xD;
 E3: I - Item Validation enabled&#xD;
 E3: I - Validating project&#xD;
 E3: I - Validation enabled for this project&#xD;
 E3: I - Closing project 'temp' without saving modifications...&#xD;
 E3: I - Opening Project  c:\appveyor\bin\E3.3DRoutingBridge\Mainline\E3.BridgeTest\TestFiles\Harness_Update_QM850\TestData\TestTemplateProjekt.e3s&#xD;
 E3: I - Updating internal structures: 200 cycles up to version 2505...&#xD;
 E3: 2305 &#xD;
 E3: 2306 &#xD;
 E3: 2307 &#xD;
 E3: 2308 &#xD;
 E3: 2309 &#xD;
 E3: 2310 &#xD;
 E3: 2311 &#xD;
 E3: 2312 &#xD;
 E3: 2399 &#xD;
 E3: 2400 &#xD;
 E3: 2401 &#xD;
 E3: 2402 &#xD;
 E3: 2403 &#xD;
 E3: 2404 &#xD;
 E3: 2405 &#xD;
 E3: 2406 &#xD;
 E3: 2407 &#xD;
 E3: 2408 &#xD;
 E3: 2499 &#xD;
 E3: 2500 &#xD;
 E3: 2501 &#xD;
 E3: 2502 &#xD;
 E3: 2503 &#xD;
 E3: 2504 &#xD;
 E3: OK.&#xD;
 E3: Project c:\appveyor\bin\E3.3DRoutingBridge\Mainline\E3.BridgeTest\TestFiles\Harness_Update_QM850\TestData\TestTemplateProjekt.e3s opened.&#xD;
 E3: W - Project has been opened in READ ONLY mode, you can't save any changes to the existing project!&#xD;
 E3: I - Item Validation enabled&#xD;
 E3: I - Validating project&#xD;
 E3: I - Validation enabled for this project&#xD;
 E3: repair_check_extended(0)&#xD;
 E3: --------------------------------------------------------------------------&#xD;
 E3: consistency check (17)....
&#xD;
 E3: ....
&#xD;
 E3: dump lost....
&#xD;
 E3: ....
&#xD;
 E3: new consistency check (45) and dump lost items (46)....
&#xD;
 E3: ....
&#xD;
 E3: - done -------------------------------------------------------------------
&#xD;
 E3: I - No known issues found&#xD;
 E3: Starting Harness Import import&#xD;
 E3:     Attribute BranchNodeID    : default DISPLAY parameters changed.&#xD;
 E3:     Attribute .AppRef         : default OWNER types changed&#xD;
 E3:     Attribute .AppRef         : default DISPLAY parameters changed.&#xD;
 E3: I - Loading DT06-2S as mating connector of DT04-2P... &#xD;
 E3: I - Loading DT-C-S-AWG14-16 as crimp contact of DT04-2P... &#xD;
 E3: I - Loading DT-C-S-AWG16-18 as crimp contact of DT04-2P... &#xD;
 E3: I - Loading DT-C-B-AWG14-16 as crimp contact of DT06-2S... &#xD;
 E3: I - Loading DT-C-B-AWG16-18 as crimp contact of DT06-2S... &#xD;
 E3: I - Formboard sheet 'EndTestExport' was created.&#xD;
 E3: I - File c:\appveyor\bin\E3.3DRoutingBridge\Mainline\E3.BridgeTest\TestFiles\Harness_Update_QM850\Results\2023-10-10--12-25-53_ProtectionsImport_7_QM850_temp.e3s saved  - ready to continue...&#xD;
 E3: I - Project '2023-10-10--12-25-53_ProtectionsImport_7_QM850_temp' closed.&#xD;
 E3: Project c:\appveyor\bin\E3.3DRoutingBridge\Mainline\E3.BridgeTest\TestFiles\Harness_Update_QM850\TestData\temp.e3s created.&#xD;
 E3: I - Item Validation enabled&#xD;
 E3: I - Validating project&#xD;
 E3: I - Validation enabled for this project&#xD;
 E3: I - Closing project 'temp' without saving modifications...&#xD;
 E3: I - Opening Project  c:\appveyor\bin\E3.3DRoutingBridge\Mainline\E3.BridgeTest\TestFiles\Harness_Update_QM850\Results\2023-10-10--12-25-53_ProtectionsImport_7_QM850_temp.e3s&#xD;
 E3: Project c:\appveyor\bin\E3.3DRoutingBridge\Mainline\E3.BridgeTest\TestFiles\Harness_Update_QM850\Results\2023-10-10--12-25-53_ProtectionsImport_7_QM850_temp.e3s opened.&#xD;
 E3: I - Item Validation enabled&#xD;
 E3: I - Validating project&#xD;
 E3: I - Validation enabled for this project&#xD;
 E3: repair_check_extended(0)&#xD;
 E3: --------------------------------------------------------------------------&#xD;
 E3: consistency check (17)....
&#xD;
 E3: ....
&#xD;
 E3: dump lost....
&#xD;
 E3: ....
&#xD;
 E3: new consistency check (45) and dump lost items (46)....
&#xD;
 E3: ....
&#xD;
 E3: - done -------------------------------------------------------------------
&#xD;
 E3: I - No known issues found&#xD;
 E3: Starting Harness Import import&#xD;
 E3: I - Formboard sheet 'EndTestExport' was created.&#xD;
 E3: I - Closing project '2023-10-10--12-25-53_ProtectionsImport_7_QM850_temp' without saving modifications...&#xD;
 E3: Project c:\appveyor\bin\E3.3DRoutingBridge\Mainline\E3.BridgeTest\TestFiles\Harness_Update_QM850\Results\temp.e3s created.&#xD;
 E3: I - Item Validation enabled&#xD;
 E3: I - Validating project&#xD;
 E3: I - Validation enabled for this project&#xD;
 E3: I - Closing project 'temp' without saving modifications...&#xD;
 E3: I - Opening Project  c:\appveyor\bin\E3.3DRoutingBridge\Mainline\E3.BridgeTest\TestFiles\Harness_Update_QM850\TestData\TestTemplateProjekt.e3s&#xD;
 E3: I - Updating internal structures: 200 cycles up to version 2505...&#xD;
 E3: 2305 &#xD;
 E3: 2306 &#xD;
 E3: 2307 &#xD;
 E3: 2308 &#xD;
 E3: 2309 &#xD;
 E3: 2310 &#xD;
 E3: 2311 &#xD;
 E3: 2312 &#xD;
 E3: 2399 &#xD;
 E3: 2400 &#xD;
 E3: 2401 &#xD;
 E3: 2402 &#xD;
 E3: 2403 &#xD;
 E3: 2404 &#xD;
 E3: 2405 &#xD;
 E3: 2406 &#xD;
 E3: 2407 &#xD;
 E3: 2408 &#xD;
 E3: 2499 &#xD;
 E3: 2500 &#xD;
 E3: 2501 &#xD;
 E3: 2502 &#xD;
 E3: 2503 &#xD;
 E3: 2504 &#xD;
 E3: OK.&#xD;
 E3: Project c:\appveyor\bin\E3.3DRoutingBridge\Mainline\E3.BridgeTest\TestFiles\Harness_Update_QM850\TestData\TestTemplateProjekt.e3s opened.&#xD;
 E3: W - Project has been opened in READ ONLY mode, you can't save any changes to the existing project!&#xD;
 E3: I - Item Validation enabled&#xD;
 E3: I - Validating project&#xD;
 E3: I - Validation enabled for this project&#xD;
 E3: repair_check_extended(0)&#xD;
 E3: --------------------------------------------------------------------------&#xD;
 E3: consistency check (17)....
&#xD;
 E3: ....
&#xD;
 E3: dump lost....
&#xD;
 E3: ....
&#xD;
 E3: new consistency check (45) and dump lost items (46)....
&#xD;
 E3: ....
&#xD;
 E3: - done -------------------------------------------------------------------
&#xD;
 E3: I - No known issues found&#xD;
 E3: Starting Harness Import import&#xD;
 E3:     Attribute BranchNodeID    : default DISPLAY parameters changed.&#xD;
 E3:     Attribute .AppRef         : default OWNER types changed&#xD;
 E3:     Attribute .AppRef         : default DISPLAY parameters changed.&#xD;
 E3: I - Loading DT06-2S as mating connector of DT04-2P... &#xD;
 E3: I - Loading DT-C-S-AWG14-16 as crimp contact of DT04-2P... &#xD;
 E3: I - Loading DT-C-S-AWG16-18 as crimp contact of DT04-2P... &#xD;
 E3: I - Loading DT-C-B-AWG14-16 as crimp contact of DT06-2S... &#xD;
 E3: I - Loading DT-C-B-AWG16-18 as crimp contact of DT06-2S... &#xD;
 E3: I - Formboard sheet 'EndTestExport' was created.&#xD;
 E3: I - File c:\appveyor\bin\E3.3DRoutingBridge\Mainline\E3.BridgeTest\TestFiles\Harness_Update_QM850\Results\2023-10-10--12-26-33_ProtectionsImport_8_QM850_temp.e3s saved  - ready to continue...&#xD;
 E3: I - Project '2023-10-10--12-26-33_ProtectionsImport_8_QM850_temp' closed.&#xD;
 E3: Project c:\appveyor\bin\E3.3DRoutingBridge\Mainline\E3.BridgeTest\TestFiles\Harness_Update_QM850\TestData\temp.e3s created.&#xD;
 E3: I - Item Validation enabled&#xD;
 E3: I - Validating project&#xD;
 E3: I - Validation enabled for this project&#xD;
 E3: I - Closing project 'temp' without saving modifications...&#xD;
 E3: I - Opening Project  c:\appveyor\bin\E3.3DRoutingBridge\Mainline\E3.BridgeTest\TestFiles\Harness_Update_QM850\Results\2023-10-10--12-26-33_ProtectionsImport_8_QM850_temp.e3s&#xD;
 E3: Project c:\appveyor\bin\E3.3DRoutingBridge\Mainline\E3.BridgeTest\TestFiles\Harness_Update_QM850\Results\2023-10-10--12-26-33_ProtectionsImport_8_QM850_temp.e3s opened.&#xD;
 E3: I - Item Validation enabled&#xD;
 E3: I - Validating project&#xD;
 E3: I - Validation enabled for this project&#xD;
 E3: repair_check_extended(0)&#xD;
 E3: --------------------------------------------------------------------------&#xD;
 E3: consistency check (17)....
&#xD;
 E3: ....
&#xD;
 E3: dump lost....
&#xD;
 E3: ....
&#xD;
 E3: new consistency check (45) and dump lost items (46)....
&#xD;
 E3: ....
&#xD;
 E3: - done -------------------------------------------------------------------
&#xD;
 E3: I - No known issues found&#xD;
 E3: Starting Harness Import import&#xD;
 E3: I - Formboard sheet 'EndTestExport' was created.&#xD;
 E3: I - Closing project '2023-10-10--12-26-33_ProtectionsImport_8_QM850_temp' without saving modifications...&#xD;
 E3: Project c:\appveyor\bin\E3.3DRoutingBridge\Mainline\E3.BridgeTest\TestFiles\Harness_Update_QM850\Results\temp.e3s created.&#xD;
 E3: I - Item Validation enabled&#xD;
 E3: I - Validating project&#xD;
 E3: I - Validation enabled for this project&#xD;
 E3: I - Closing project 'temp' without saving modifications...&#xD;
 E3: I - Opening Project  c:\appveyor\bin\E3.3DRoutingBridge\Mainline\E3.BridgeTest\TestFiles\Harness_Update_QM850\TestData\TestTemplateProjekt.e3s&#xD;
 E3: I - Updating internal structures: 200 cycles up to version 2505...&#xD;
 E3: 2305 &#xD;
 E3: 2306 &#xD;
 E3: 2307 &#xD;
 E3: 2308 &#xD;
 E3: 2309 &#xD;
 E3: 2310 &#xD;
 E3: 2311 &#xD;
 E3: 2312 &#xD;
 E3: 2399 &#xD;
 E3: 2400 &#xD;
 E3: 2401 &#xD;
 E3: 2402 &#xD;
 E3: 2403 &#xD;
 E3: 2404 &#xD;
 E3: 2405 &#xD;
 E3: 2406 &#xD;
 E3: 2407 &#xD;
 E3: 2408 &#xD;
 E3: 2499 &#xD;
 E3: 2500 &#xD;
 E3: 2501 &#xD;
 E3: 2502 &#xD;
 E3: 2503 &#xD;
 E3: 2504 &#xD;
 E3: OK.&#xD;
 E3: Project c:\appveyor\bin\E3.3DRoutingBridge\Mainline\E3.BridgeTest\TestFiles\Harness_Update_QM850\TestData\TestTemplateProjekt.e3s opened.&#xD;
 E3: W - Project has been opened in READ ONLY mode, you can't save any changes to the existing project!&#xD;
 E3: I - Item Validation enabled&#xD;
 E3: I - Validating project&#xD;
 E3: I - Validation enabled for this project&#xD;
 E3: repair_check_extended(0)&#xD;
 E3: --------------------------------------------------------------------------&#xD;
 E3: consistency check (17)....
&#xD;
 E3: ....
&#xD;
 E3: dump lost....
&#xD;
 E3: ....
&#xD;
 E3: new consistency check (45) and dump lost items (46)....
&#xD;
 E3: ....
&#xD;
 E3: - done -------------------------------------------------------------------
&#xD;
 E3: I - No known issues found&#xD;
 E3: Starting Harness Import import&#xD;
 E3:     Attribute BranchNodeID    : default DISPLAY parameters changed.&#xD;
 E3:     Attribute .AppRef         : default OWNER types changed&#xD;
 E3:     Attribute .AppRef         : default DISPLAY parameters changed.&#xD;
 E3: I - Loading DT06-2S as mating connector of DT04-2P... &#xD;
 E3: I - Loading DT-C-S-AWG14-16 as crimp contact of DT04-2P... &#xD;
 E3: I - Loading DT-C-S-AWG16-18 as crimp contact of DT04-2P... &#xD;
 E3: I - Loading DT-C-B-AWG14-16 as crimp contact of DT06-2S... &#xD;
 E3: I - Loading DT-C-B-AWG16-18 as crimp contact of DT06-2S... &#xD;
 E3: I - Formboard sheet 'EndTestExport' was created.&#xD;
 E3: I - File c:\appveyor\bin\E3.3DRoutingBridge\Mainline\E3.BridgeTest\TestFiles\Harness_Update_QM850\Results\2023-10-10--12-27-15_ProtectionsImport_9_QM850_temp.e3s saved  - ready to continue...&#xD;
 E3: I - Project '2023-10-10--12-27-15_ProtectionsImport_9_QM850_temp' closed.&#xD;
 E3: Project c:\appveyor\bin\E3.3DRoutingBridge\Mainline\E3.BridgeTest\TestFiles\Harness_Update_QM850\TestData\temp.e3s created.&#xD;
 E3: I - Item Validation enabled&#xD;
 E3: I - Validating project&#xD;
 E3: I - Validation enabled for this project&#xD;
 E3: I - Closing project 'temp' without saving modifications...&#xD;
 E3: I - Opening Project  c:\appveyor\bin\E3.3DRoutingBridge\Mainline\E3.BridgeTest\TestFiles\Harness_Update_QM850\Results\2023-10-10--12-27-15_ProtectionsImport_9_QM850_temp.e3s&#xD;
 E3: Project c:\appveyor\bin\E3.3DRoutingBridge\Mainline\E3.BridgeTest\TestFiles\Harness_Update_QM850\Results\2023-10-10--12-27-15_ProtectionsImport_9_QM850_temp.e3s opened.&#xD;
 E3: I - Item Validation enabled&#xD;
 E3: I - Validating project&#xD;
 E3: I - Validation enabled for this project&#xD;
 E3: repair_check_extended(0)&#xD;
 E3: --------------------------------------------------------------------------&#xD;
 E3: consistency check (17)....
&#xD;
 E3: ....
&#xD;
 E3: dump lost....
&#xD;
 E3: ....
&#xD;
 E3: new consistency check (45) and dump lost items (46)....
&#xD;
 E3: ....
&#xD;
 E3: - done -------------------------------------------------------------------
&#xD;
 E3: I - No known issues found&#xD;
 E3: Starting Harness Import import&#xD;
 E3: I - Formboard sheet 'EndTestExport' was created.&#xD;
 E3: I - Closing project '2023-10-10--12-27-15_ProtectionsImport_9_QM850_temp' without saving modifications...&#xD;
 E3: Project c:\appveyor\bin\E3.3DRoutingBridge\Mainline\E3.BridgeTest\TestFiles\Harness_Update_QM850\Results\temp.e3s created.&#xD;
 E3: I - Item Validation enabled&#xD;
 E3: I - Validating project&#xD;
 E3: I - Validation enabled for this project&#xD;
 E3: I - Closing project 'temp' without saving modifications...&#xD;
 E3: I - Opening Project  c:\appveyor\bin\E3.3DRoutingBridge\Mainline\E3.BridgeTest\TestFiles\Harness_Update_QM850\TestData\TestTemplateProjekt.e3s&#xD;
 E3: I - Updating internal structures: 200 cycles up to version 2505...&#xD;
 E3: 2305 &#xD;
 E3: 2306 &#xD;
 E3: 2307 &#xD;
 E3: 2308 &#xD;
 E3: 2309 &#xD;
 E3: 2310 &#xD;
 E3: 2311 &#xD;
 E3: 2312 &#xD;
 E3: 2399 &#xD;
 E3: 2400 &#xD;
 E3: 2401 &#xD;
 E3: 2402 &#xD;
 E3: 2403 &#xD;
 E3: 2404 &#xD;
 E3: 2405 &#xD;
 E3: 2406 &#xD;
 E3: 2407 &#xD;
 E3: 2408 &#xD;
 E3: 2499 &#xD;
 E3: 2500 &#xD;
 E3: 2501 &#xD;
 E3: 2502 &#xD;
 E3: 2503 &#xD;
 E3: 2504 &#xD;
 E3: OK.&#xD;
 E3: Project c:\appveyor\bin\E3.3DRoutingBridge\Mainline\E3.BridgeTest\TestFiles\Harness_Update_QM850\TestData\TestTemplateProjekt.e3s opened.&#xD;
 E3: W - Project has been opened in READ ONLY mode, you can't save any changes to the existing project!&#xD;
 E3: I - Item Validation enabled&#xD;
 E3: I - Validating project&#xD;
 E3: I - Validation enabled for this project&#xD;
 E3: repair_check_extended(0)&#xD;
 E3: --------------------------------------------------------------------------&#xD;
 E3: consistency check (17)....
&#xD;
 E3: ....
&#xD;
 E3: dump lost....
&#xD;
 E3: ....
&#xD;
 E3: new consistency check (45) and dump lost items (46)....
&#xD;
 E3: ....
&#xD;
 E3: - done -------------------------------------------------------------------
&#xD;
 E3: I - No known issues found&#xD;
 E3: Starting Harness Import import&#xD;
 E3:     Attribute BranchNodeID    : default DISPLAY parameters changed.&#xD;
 E3:     Attribute .AppRef         : default OWNER types changed&#xD;
 E3:     Attribute .AppRef         : default DISPLAY parameters changed.&#xD;
 E3: I - Loading DT06-3S as mating connector of DT04-3P... &#xD;
 E3: I - Loading DT-C-S-AWG14-16 as crimp contact of DT04-3P... &#xD;
 E3: I - Loading DT-C-S-AWG16-18 as crimp contact of DT04-3P... &#xD;
 E3: I - Loading DT-C-B-AWG14-16 as crimp contact of DT06-3S... &#xD;
 E3: I - Loading DT-C-B-AWG16-18 as crimp contact of DT06-3S... &#xD;
 E3: I - Formboard sheet 'TestTF2' was created.&#xD;
 E3: I - Closing project 'TestTemplateProjekt' without saving modifications...&#xD;
 E3: Project c:\appveyor\bin\E3.3DRoutingBridge\Mainline\E3.BridgeTest\TestFiles\Harness_Update_QM850\TestData\temp.e3s created.&#xD;
 E3: I - Item Validation enabled&#xD;
 E3: I - Validating project&#xD;
 E3: I - Validation enabled for this project&#xD;
 E3: I - Closing project 'temp' without saving modifications...&#xD;
 E3: I - Opening Project  c:\appveyor\bin\E3.3DRoutingBridge\Mainline\E3.BridgeTest\TestFiles\Harness_Update_QM850\TestData\TestTemplateProjekt.e3s&#xD;
 E3: I - Updating internal structures: 200 cycles up to version 2505...&#xD;
 E3: 2305 &#xD;
 E3: 2306 &#xD;
 E3: 2307 &#xD;
 E3: 2308 &#xD;
 E3: 2309 &#xD;
 E3: 2310 &#xD;
 E3: 2311 &#xD;
 E3: 2312 &#xD;
 E3: 2399 &#xD;
 E3: 2400 &#xD;
 E3: 2401 &#xD;
 E3: 2402 &#xD;
 E3: 2403 &#xD;
 E3: 2404 &#xD;
 E3: 2405 &#xD;
 E3: 2406 &#xD;
 E3: 2407 &#xD;
 E3: 2408 &#xD;
 E3: 2499 &#xD;
 E3: 2500 &#xD;
 E3: 2501 &#xD;
 E3: 2502 &#xD;
 E3: 2503 &#xD;
 E3: 2504 &#xD;
 E3: OK.&#xD;
 E3: Project c:\appveyor\bin\E3.3DRoutingBridge\Mainline\E3.BridgeTest\TestFiles\Harness_Update_QM850\TestData\TestTemplateProjekt.e3s opened.&#xD;
 E3: W - Project has been opened in READ ONLY mode, you can't save any changes to the existing project!&#xD;
 E3: I - Item Validation enabled&#xD;
 E3: I - Validating project&#xD;
 E3: I - Validation enabled for this project&#xD;
 E3: repair_check_extended(0)&#xD;
 E3: --------------------------------------------------------------------------&#xD;
 E3: consistency check (17)....
&#xD;
 E3: ....
&#xD;
 E3: dump lost....
&#xD;
 E3: ....
&#xD;
 E3: new consistency check (45) and dump lost items (46)....
&#xD;
 E3: ....
&#xD;
 E3: - done -------------------------------------------------------------------
&#xD;
 E3: I - No known issues found&#xD;
 E3: Starting Harness Import import&#xD;
 E3:     Attribute BranchNodeID    : default DISPLAY parameters changed.&#xD;
 E3:     Attribute .AppRef         : default OWNER types changed&#xD;
 E3:     Attribute .AppRef         : default DISPLAY parameters changed.&#xD;
 E3: I - Loading DT06-3S as mating connector of DT04-3P... &#xD;
 E3: I - Loading DT-C-S-AWG14-16 as crimp contact of DT04-3P... &#xD;
 E3: I - Loading DT-C-S-AWG16-18 as crimp contact of DT04-3P... &#xD;
 E3: I - Loading DT-C-B-AWG14-16 as crimp contact of DT06-3S... &#xD;
 E3: I - Loading DT-C-B-AWG16-18 as crimp contact of DT06-3S... &#xD;
 E3: I - Formboard sheet 'TestNM1' was created.&#xD;
 E3: I - Closing project 'TestTemplateProjekt' without saving modifications...&#xD;
 E3: Project c:\appveyor\bin\E3.3DRoutingBridge\Mainline\E3.BridgeTest\TestFiles\Harness_Update_QM850\TestData\temp.e3s created.&#xD;
 E3: I - Item Validation enabled&#xD;
 E3: I - Validating project&#xD;
 E3: I - Validation enabled for this project&#xD;
 E3: I - Closing project 'temp' without saving modifications...&#xD;
 E3: I - Opening Project  c:\appveyor\bin\E3.3DRoutingBridge\Mainline\E3.BridgeTest\TestFiles\Harness_Update_QM850\TestData\TestTemplateProjekt.e3s&#xD;
 E3: I - Updating internal structures: 200 cycles up to version 2505...&#xD;
 E3: 2305 &#xD;
 E3: 2306 &#xD;
 E3: 2307 &#xD;
 E3: 2308 &#xD;
 E3: 2309 &#xD;
 E3: 2310 &#xD;
 E3: 2311 &#xD;
 E3: 2312 &#xD;
 E3: 2399 &#xD;
 E3: 2400 &#xD;
 E3: 2401 &#xD;
 E3: 2402 &#xD;
 E3: 2403 &#xD;
 E3: 2404 &#xD;
 E3: 2405 &#xD;
 E3: 2406 &#xD;
 E3: 2407 &#xD;
 E3: 2408 &#xD;
 E3: 2499 &#xD;
 E3: 2500 &#xD;
 E3: 2501 &#xD;
 E3: 2502 &#xD;
 E3: 2503 &#xD;
 E3: 2504 &#xD;
 E3: OK.&#xD;
 E3: Project c:\appveyor\bin\E3.3DRoutingBridge\Mainline\E3.BridgeTest\TestFiles\Harness_Update_QM850\TestData\TestTemplateProjekt.e3s opened.&#xD;
 E3: W - Project has been opened in READ ONLY mode, you can't save any changes to the existing project!&#xD;
 E3: I - Item Validation enabled&#xD;
 E3: I - Validating project&#xD;
 E3: I - Validation enabled for this project&#xD;
 E3: repair_check_extended(0)&#xD;
 E3: --------------------------------------------------------------------------&#xD;
 E3: consistency check (17)....
&#xD;
 E3: ....
&#xD;
 E3: dump lost....
&#xD;
 E3: ....
&#xD;
 E3: new consistency check (45) and dump lost items (46)....
&#xD;
 E3: ....
&#xD;
 E3: - done -------------------------------------------------------------------
&#xD;
 E3: I - No known issues found&#xD;
 E3: Starting Harness Import import&#xD;
 E3:     Attribute BranchNodeID    : default DISPLAY parameters changed.&#xD;
 E3:     Attribute .AppRef         : default OWNER types changed&#xD;
 E3:     Attribute .AppRef         : default DISPLAY parameters changed.&#xD;
 E3: I - Loading DT06-3S as mating connector of DT04-3P... &#xD;
 E3: I - Loading DT-C-S-AWG14-16 as crimp contact of DT04-3P... &#xD;
 E3: I - Loading DT-C-S-AWG16-18 as crimp contact of DT04-3P... &#xD;
 E3: I - Loading DT-C-B-AWG14-16 as crimp contact of DT06-3S... &#xD;
 E3: I - Loading DT-C-B-AWG16-18 as crimp contact of DT06-3S... &#xD;
 E3: I - Formboard sheet 'TestNM1' was created.&#xD;
 E3: I - Closing project 'TestTemplateProjekt' without saving modifications...&#xD;
 E3: Project c:\appveyor\bin\E3.3DRoutingBridge\Mainline\E3.BridgeTest\TestFiles\Harness_Update_QM850\TestData\temp.e3s created.&#xD;
 E3: I - Item Validation enabled&#xD;
 E3: I - Validating project&#xD;
 E3: I - Validation enabled for this project&#xD;
 E3: I - Closing project 'temp' without saving modifications...&#xD;
 E3: I - Opening Project  c:\appveyor\bin\E3.3DRoutingBridge\Mainline\E3.BridgeTest\TestFiles\Import_Optionen_QM836\TestData\SubOptions_Test.e3s&#xD;
 E3: I - Updating internal structures: 200 cycles up to version 2505...&#xD;
 E3: 2305 &#xD;
 E3: 2306 &#xD;
 E3: 2307 &#xD;
 E3: 2308 &#xD;
 E3: 2309 &#xD;
 E3: 2310 &#xD;
 E3: 2311 &#xD;
 E3: 2312 &#xD;
 E3: 2399 &#xD;
 E3: 2400 &#xD;
 E3: 2401 &#xD;
 E3: 2402 &#xD;
 E3: 2403 &#xD;
 E3: 2404 &#xD;
 E3: 2405 &#xD;
 E3: 2406 &#xD;
 E3: 2407 &#xD;
 E3: 2408 &#xD;
 E3: 2499 &#xD;
 E3: 2500 &#xD;
 E3: 2501 &#xD;
 E3: 2502 &#xD;
 E3: 2503 &#xD;
 E3: 2504 &#xD;
 E3: OK.&#xD;
 E3: Project c:\appveyor\bin\E3.3DRoutingBridge\Mainline\E3.BridgeTest\TestFiles\Import_Optionen_QM836\TestData\SubOptions_Test.e3s opened.&#xD;
 E3: W - Project has been opened in READ ONLY mode, you can't save any changes to the existing project!&#xD;
 E3: I - Item Validation enabled&#xD;
 E3: I - Validating project&#xD;
 E3: I - Validation enabled for this project&#xD;
 E3: repair_check_extended(0)&#xD;
 E3: --------------------------------------------------------------------------&#xD;
 E3: consistency check (17)....
&#xD;
 E3: ....
&#xD;
 E3: dump lost....
&#xD;
 E3: ....
&#xD;
 E3: new consistency check (45) and dump lost items (46)....
&#xD;
 E3: ....
&#xD;
 E3: - done -------------------------------------------------------------------
&#xD;
 E3: I - No known issues found&#xD;
 E3: Starting Harness Import import&#xD;
 E3:     Attribute BranchNodeID    : default DISPLAY parameters changed.&#xD;
 E3:     Attribute .AppRef         : default OWNER types changed&#xD;
 E3:     Attribute .AppRef         : default DISPLAY parameters changed.&#xD;
 E3: I - Loading DT06-2S as mating connector of DT04-2P... &#xD;
 E3: I - Loading DT-C-S-AWG14-16 as crimp contact of DT04-2P... &#xD;
 E3: I - Loading DT-C-S-AWG16-18 as crimp contact of DT04-2P... &#xD;
 E3: I - Loading DT-C-B-AWG14-16 as crimp contact of DT06-2S... &#xD;
 E3: I - Loading DT-C-B-AWG16-18 as crimp contact of DT06-2S... &#xD;
 E3: I - Formboard sheet 'SubOptions_2018' was created.&#xD;
 E3: I - Closing project 'SubOptions_Test' without saving modifications...&#xD;

---Finish: 10.10.2023 - 12:28:52---</StdOut>
      </Output>
    </UnitTestResult>
    <UnitTestResult executionId="605e046e-c8bd-4aaf-9425-037239475c57" testId="22a08bdf-9efa-4730-bc9f-13d9b78275a0" testName="Designer_36659" computerName="EF62BDD48EA6" duration="00:00:18.9458310" startTime="2023-10-10T12:05:00.1464243+02:00" endTime="2023-10-10T12:05:19.0938716+02:00" testType="13cdc9d9-ddb5-4fa4-a97d-d965ccfc6d4b" outcome="Passed" testListId="8c84fa94-04c1-424b-9868-57a2d4851a1d" relativeResultsDirectory="605e046e-c8bd-4aaf-9425-037239475c57">
      <Output>
        <StdOut>[12:05:00]  Start Test: Designer_36659&#xD;
[12:05:01]  Defining database with name Standard...
Given paths are: c:\appveyor\bin\E3.3DRoutingBridge\Mainline\E3.BridgeTest\TestFiles\Designer-36659\..\Databases\Standard\Components.mdb	c:\appveyor\bin\E3.3DRoutingBridge\Mainline\E3.BridgeTest\TestFiles\Designer-36659\..\Databases\Standard\symbols.mdb	c:\appveyor\bin\E3.3DRoutingBridge\Mainline\E3.BridgeTest\TestFiles\Designer-36659\..\Databases\Standard\Configuration.mdb&#xD;
[12:05:05]  Setting current database Standard&#xD;
[12:05:06]  E3 open project&#xD;
[12:05:06]  Doing repaircheck...&#xD;
[12:05:06]  Tool startet: c:\\appveyor\\bin\\E3.3DRoutingBridge\\Mainline\\bin\\Release\\x64\\E3_3DRoutingBridge.exe&#xD;
[12:05:18]  Tool fertig: c:\\appveyor\\bin\\E3.3DRoutingBridge\\Mainline\\bin\\Release\\x64\\E3_3DRoutingBridge.exe : ExitCode 0&#xD;
[12:05:18]  test.NAME: Designer_36659&#xD;
[12:05:18]  preparedOutputFile: c:\appveyor\bin\E3.3DRoutingBridge\Mainline\E3.BridgeTest\TestFiles\Designer-36659\Results\2023-10-10--12-05-18_Designer_36659_temp.xml&#xD;
[12:05:18]  preparedReferenceFile: c:\appveyor\bin\E3.3DRoutingBridge\Mainline\E3.BridgeTest\TestFiles\Designer-36659\Results\2023-10-10--12-05-18_Designer_36659_ref_temp.xml&#xD;
[12:05:18]  Start CompareXML: xmlExportFileName: c:\appveyor\bin\E3.3DRoutingBridge\Mainline\E3.BridgeTest\TestFiles\Designer-36659\Results\2023-10-10--12-05-18_Designer_36659_temp.xml to xmlRefFileName: c:\appveyor\bin\E3.3DRoutingBridge\Mainline\E3.BridgeTest\TestFiles\Designer-36659\Results\2023-10-10--12-05-18_Designer_36659_ref_temp.xml&#xD;
[12:05:18]  Test Designer_36659 for Tool 3DRoutingBridge equal to Reference!&#xD;
[12:05:18]  Der Test  3DRoutingBridge is successful!&#xD;
[12:05:18]  TestCleanup</StdOut>
      </Output>
    </UnitTestResult>
  </Results>
  <TestDefinitions>
    <UnitTest name="SpezialImport_2_QM850" storage="c:\b5b4a108-6b54-44cb-9ba3-2f6deb52c48e\e3.bridgetest.dll" id="454d220a-4daf-4614-8e27-15b05263c14d">
      <Execution id="1b9780e9-e9c2-43fe-87f3-abe931b5e278" />
      <TestMethod codeBase="C:\b5b4a108-6b54-44cb-9ba3-2f6deb52c48e\E3.BridgeTest.dll" adapterTypeName="executor://mstestadapter/v2" className="E3.BridgeTest.RoutingBridge+HarnessImport" name="SpezialImport_2_QM850" />
    </UnitTest>
    <UnitTest name="Designer_36808" storage="c:\b5b4a108-6b54-44cb-9ba3-2f6deb52c48e\e3.bridgetest.dll" id="aed7a9fc-19b5-41df-b738-1f3f98e2e671">
      <Execution id="affc8a9e-4a1f-4f7c-81f9-e142821d4df1" />
      <TestMethod codeBase="C:\b5b4a108-6b54-44cb-9ba3-2f6deb52c48e\E3.BridgeTest.dll" adapterTypeName="executor://mstestadapter/v2" className="E3.BridgeTest.RoutingBridge+HarnessImport" name="Designer_36808" />
    </UnitTest>
    <UnitTest name="Designer_41425_2" storage="c:\b5b4a108-6b54-44cb-9ba3-2f6deb52c48e\e3.bridgetest.dll" id="6ede9899-a7bc-4ea5-9735-461aaee693d5">
      <Execution id="acfc45c9-58b1-40c4-9e7d-7aa59d73361e" />
      <TestMethod codeBase="C:\b5b4a108-6b54-44cb-9ba3-2f6deb52c48e\E3.BridgeTest.dll" adapterTypeName="executor://mstestadapter/v2" className="E3.BridgeTest.RoutingBridge+HarnessImport" name="Designer_41425_2" />
    </UnitTest>
    <UnitTest name="AttributeUpdateTest_B_weg_QM829" storage="c:\b5b4a108-6b54-44cb-9ba3-2f6deb52c48e\e3.bridgetest.dll" id="caf4d8da-e35b-4084-a0b1-26c55a253483">
      <Execution id="f91ecb0b-8c5a-4b40-bb2c-5aa5b3d35b8e" />
      <TestMethod codeBase="C:\b5b4a108-6b54-44cb-9ba3-2f6deb52c48e\E3.BridgeTest.dll" adapterTypeName="executor://mstestadapter/v2" className="E3.BridgeTest.RoutingBridge+HarnessImport" name="AttributeUpdateTest_B_weg_QM829" />
    </UnitTest>
    <UnitTest name="Designer_32375" storage="c:\b5b4a108-6b54-44cb-9ba3-2f6deb52c48e\e3.bridgetest.dll" id="44af5f27-6975-4ab9-9960-1f9976835b8d">
      <Execution id="384866fc-c67f-46a6-a554-748fa78f7e79" />
      <TestMethod codeBase="C:\b5b4a108-6b54-44cb-9ba3-2f6deb52c48e\E3.BridgeTest.dll" adapterTypeName="executor://mstestadapter/v2" className="E3.BridgeTest.RoutingBridge+HarnessImport" name="Designer_32375" />
    </UnitTest>
    <UnitTest name="Designer_41425_1" storage="c:\b5b4a108-6b54-44cb-9ba3-2f6deb52c48e\e3.bridgetest.dll" id="bc207ec4-a9c7-4ef5-a2fc-8a960f3dcc87">
      <Execution id="52ffc97b-730e-41e9-8a37-57329fcd1b90" />
      <TestMethod codeBase="C:\b5b4a108-6b54-44cb-9ba3-2f6deb52c48e\E3.BridgeTest.dll" adapterTypeName="executor://mstestadapter/v2" className="E3.BridgeTest.RoutingBridge+HarnessImport" name="Designer_41425_1" />
    </UnitTest>
    <UnitTest name="ProtectionsImport_6_QM850" storage="c:\b5b4a108-6b54-44cb-9ba3-2f6deb52c48e\e3.bridgetest.dll" id="65517d05-ef79-4ef4-a2f2-7e1304aa4f8e">
      <Execution id="701fae45-2d6e-4666-98f5-a98840a6c4fd" />
      <TestMethod codeBase="C:\b5b4a108-6b54-44cb-9ba3-2f6deb52c48e\E3.BridgeTest.dll" adapterTypeName="executor://mstestadapter/v2" className="E3.BridgeTest.RoutingBridge+HarnessImport" name="ProtectionsImport_6_QM850" />
    </UnitTest>
    <UnitTest name="Template_DynSymbole_6_QM850" storage="c:\b5b4a108-6b54-44cb-9ba3-2f6deb52c48e\e3.bridgetest.dll" id="347c3ccb-a226-4a8f-b159-14f9817dbe58">
      <Execution id="cc8e3f02-7047-421b-a95a-7137155a68e1" />
      <TestMethod codeBase="C:\b5b4a108-6b54-44cb-9ba3-2f6deb52c48e\E3.BridgeTest.dll" adapterTypeName="executor://mstestadapter/v2" className="E3.BridgeTest.RoutingBridge+HarnessImport" name="Template_DynSymbole_6_QM850" />
    </UnitTest>
    <UnitTest name="Template_DynSymbole_4_QM850" storage="c:\b5b4a108-6b54-44cb-9ba3-2f6deb52c48e\e3.bridgetest.dll" id="75354e3e-f2c7-4084-acbe-fcdd12141c7b">
      <Execution id="c845a239-bb7c-4d7a-8184-0a33db992915" />
      <TestMethod codeBase="C:\b5b4a108-6b54-44cb-9ba3-2f6deb52c48e\E3.BridgeTest.dll" adapterTypeName="executor://mstestadapter/v2" className="E3.BridgeTest.RoutingBridge+HarnessImport" name="Template_DynSymbole_4_QM850" />
    </UnitTest>
    <UnitTest name="AttributeUpdateTest_A_B_weg_QM829" storage="c:\b5b4a108-6b54-44cb-9ba3-2f6deb52c48e\e3.bridgetest.dll" id="caf29760-15d9-4076-a4cd-53e743aa3f60">
      <Execution id="b9011371-35c6-464f-909f-ec014cf6d738" />
      <TestMethod codeBase="C:\b5b4a108-6b54-44cb-9ba3-2f6deb52c48e\E3.BridgeTest.dll" adapterTypeName="executor://mstestadapter/v2" className="E3.BridgeTest.RoutingBridge+HarnessImport" name="AttributeUpdateTest_A_B_weg_QM829" />
    </UnitTest>
    <UnitTest name="Template_DynSymbole_2_QM850" storage="c:\b5b4a108-6b54-44cb-9ba3-2f6deb52c48e\e3.bridgetest.dll" id="ee3c66ef-2510-47fd-9d97-9cc554da2e98">
      <Execution id="ca6d4bd7-1569-4939-9341-935263ebc587" />
      <TestMethod codeBase="C:\b5b4a108-6b54-44cb-9ba3-2f6deb52c48e\E3.BridgeTest.dll" adapterTypeName="executor://mstestadapter/v2" className="E3.BridgeTest.RoutingBridge+HarnessImport" name="Template_DynSymbole_2_QM850" />
    </UnitTest>
    <UnitTest name="Import_10_QM850" storage="c:\b5b4a108-6b54-44cb-9ba3-2f6deb52c48e\e3.bridgetest.dll" id="be92a248-a27a-485b-b83d-f61fca0fbc78">
      <Execution id="14613887-2828-4a0e-9b53-9a40d4186f61" />
      <TestMethod codeBase="C:\b5b4a108-6b54-44cb-9ba3-2f6deb52c48e\E3.BridgeTest.dll" adapterTypeName="executor://mstestadapter/v2" className="E3.BridgeTest.RoutingBridge+HarnessImport" name="Import_10_QM850" />
    </UnitTest>
    <UnitTest name="Update_11_QM850" storage="c:\b5b4a108-6b54-44cb-9ba3-2f6deb52c48e\e3.bridgetest.dll" id="2d80274b-64e6-4775-a592-80f09837c11b">
      <Execution id="f8eb755c-8488-4bb0-8c33-665b2598bbf4" />
      <TestMethod codeBase="C:\b5b4a108-6b54-44cb-9ba3-2f6deb52c48e\E3.BridgeTest.dll" adapterTypeName="executor://mstestadapter/v2" className="E3.BridgeTest.RoutingBridge+HarnessImport" name="Update_11_QM850" />
    </UnitTest>
    <UnitTest name="AttributeUpdateTest_A_B_initial_QM829" storage="c:\b5b4a108-6b54-44cb-9ba3-2f6deb52c48e\e3.bridgetest.dll" id="9546deca-80f9-4ff3-9327-369bd6c03a7b">
      <Execution id="d4aa7a4f-a290-424d-8d9f-bc82cbacefd4" />
      <TestMethod codeBase="C:\b5b4a108-6b54-44cb-9ba3-2f6deb52c48e\E3.BridgeTest.dll" adapterTypeName="executor://mstestadapter/v2" className="E3.BridgeTest.RoutingBridge+HarnessImport" name="AttributeUpdateTest_A_B_initial_QM829" />
    </UnitTest>
    <UnitTest name="Designer_32394" storage="c:\b5b4a108-6b54-44cb-9ba3-2f6deb52c48e\e3.bridgetest.dll" id="e1d5cca8-dc41-47c4-b0a3-3719f9026b51">
      <Execution id="fe29368d-d2bd-4dc4-8cd7-7dbabb7fe51f" />
      <TestMethod codeBase="C:\b5b4a108-6b54-44cb-9ba3-2f6deb52c48e\E3.BridgeTest.dll" adapterTypeName="executor://mstestadapter/v2" className="E3.BridgeTest.RoutingBridge+HarnessImport" name="Designer_32394" />
    </UnitTest>
    <UnitTest name="Template_DynSymbole_7_QM850" storage="c:\b5b4a108-6b54-44cb-9ba3-2f6deb52c48e\e3.bridgetest.dll" id="d1f744d2-46a0-41a0-aac1-fd4c45ce2cf3">
      <Execution id="1634ac66-9424-4f52-bd64-4b7b4450e35b" />
      <TestMethod codeBase="C:\b5b4a108-6b54-44cb-9ba3-2f6deb52c48e\E3.BridgeTest.dll" adapterTypeName="executor://mstestadapter/v2" className="E3.BridgeTest.RoutingBridge+HarnessImport" name="Template_DynSymbole_7_QM850" />
    </UnitTest>
    <UnitTest name="Designer_36659" storage="c:\b5b4a108-6b54-44cb-9ba3-2f6deb52c48e\e3.bridgetest.dll" id="22a08bdf-9efa-4730-bc9f-13d9b78275a0">
      <Execution id="605e046e-c8bd-4aaf-9425-037239475c57" />
      <TestMethod codeBase="C:\b5b4a108-6b54-44cb-9ba3-2f6deb52c48e\E3.BridgeTest.dll" adapterTypeName="executor://mstestadapter/v2" className="E3.BridgeTest.RoutingBridge+HarnessImport" name="Designer_36659" />
    </UnitTest>
    <UnitTest name="ProtectionsImport_2_QM850" storage="c:\b5b4a108-6b54-44cb-9ba3-2f6deb52c48e\e3.bridgetest.dll" id="c463ef65-9c74-4d0b-8e28-4b518be6b331">
      <Execution id="95f5d2fd-4f57-4839-bbd0-ce557f7c68c6" />
      <TestMethod codeBase="C:\b5b4a108-6b54-44cb-9ba3-2f6deb52c48e\E3.BridgeTest.dll" adapterTypeName="executor://mstestadapter/v2" className="E3.BridgeTest.RoutingBridge+HarnessImport" name="ProtectionsImport_2_QM850" />
    </UnitTest>
    <UnitTest name="Designer_37724" storage="c:\b5b4a108-6b54-44cb-9ba3-2f6deb52c48e\e3.bridgetest.dll" id="6ba96d6b-0520-49b9-ae1b-18dc81422320">
      <Execution id="cc83b1bc-135d-4efc-9ddc-a3a7b3e2d3d1" />
      <TestMethod codeBase="C:\b5b4a108-6b54-44cb-9ba3-2f6deb52c48e\E3.BridgeTest.dll" adapterTypeName="executor://mstestadapter/v2" className="E3.BridgeTest.RoutingBridge+HarnessImport" name="Designer_37724" />
    </UnitTest>
    <UnitTest name="Designer_36705" storage="c:\b5b4a108-6b54-44cb-9ba3-2f6deb52c48e\e3.bridgetest.dll" id="1c7df266-8b51-4d2c-bab9-521698e3adfb">
      <Execution id="4edd4a1a-9d6a-4a89-80d1-6bc54c97489e" />
      <TestMethod codeBase="C:\b5b4a108-6b54-44cb-9ba3-2f6deb52c48e\E3.BridgeTest.dll" adapterTypeName="executor://mstestadapter/v2" className="E3.BridgeTest.RoutingBridge+HarnessImport" name="Designer_36705" />
    </UnitTest>
    <UnitTest name="SpezialImport_1_QM850" storage="c:\b5b4a108-6b54-44cb-9ba3-2f6deb52c48e\e3.bridgetest.dll" id="182b7748-4a8f-4bd4-953d-7dd165d3d615">
      <Execution id="971cbb47-f0da-4368-9016-51e50829164c" />
      <TestMethod codeBase="C:\b5b4a108-6b54-44cb-9ba3-2f6deb52c48e\E3.BridgeTest.dll" adapterTypeName="executor://mstestadapter/v2" className="E3.BridgeTest.RoutingBridge+HarnessImport" name="SpezialImport_1_QM850" />
    </UnitTest>
    <UnitTest name="Template_DynSymbole_8_QM850" storage="c:\b5b4a108-6b54-44cb-9ba3-2f6deb52c48e\e3.bridgetest.dll" id="5f218240-3bd1-4d7b-a8d4-0222a1f6617e">
      <Execution id="ba9b7c91-ecbf-4806-807d-07748e1f8ae7" />
      <TestMethod codeBase="C:\b5b4a108-6b54-44cb-9ba3-2f6deb52c48e\E3.BridgeTest.dll" adapterTypeName="executor://mstestadapter/v2" className="E3.BridgeTest.RoutingBridge+HarnessImport" name="Template_DynSymbole_8_QM850" />
    </UnitTest>
    <UnitTest name="Template_DynSymbole_1_QM850" storage="c:\b5b4a108-6b54-44cb-9ba3-2f6deb52c48e\e3.bridgetest.dll" id="e9ffe55b-c25c-4216-bdec-0040afd98fd7">
      <Execution id="b6842736-46f8-4a0f-9311-73c26eec8bcc" />
      <TestMethod codeBase="C:\b5b4a108-6b54-44cb-9ba3-2f6deb52c48e\E3.BridgeTest.dll" adapterTypeName="executor://mstestadapter/v2" className="E3.BridgeTest.RoutingBridge+HarnessImport" name="Template_DynSymbole_1_QM850" />
    </UnitTest>
    <UnitTest name="Designer_31159" storage="c:\b5b4a108-6b54-44cb-9ba3-2f6deb52c48e\e3.bridgetest.dll" id="e155ac08-ceee-4b01-a34c-9121368ea8a6">
      <Execution id="cb8b543a-f474-4381-8c1d-24feeeae183d" />
      <TestMethod codeBase="C:\b5b4a108-6b54-44cb-9ba3-2f6deb52c48e\E3.BridgeTest.dll" adapterTypeName="executor://mstestadapter/v2" className="E3.BridgeTest.RoutingBridge+HarnessImport" name="Designer_31159" />
    </UnitTest>
    <UnitTest name="Designer_38202" storage="c:\b5b4a108-6b54-44cb-9ba3-2f6deb52c48e\e3.bridgetest.dll" id="2cfd3846-925e-47e5-97dd-f3019fa1637a">
      <Execution id="f33b38e5-2dfe-4316-abd6-32cbf87c00ba" />
      <TestMethod codeBase="C:\b5b4a108-6b54-44cb-9ba3-2f6deb52c48e\E3.BridgeTest.dll" adapterTypeName="executor://mstestadapter/v2" className="E3.BridgeTest.RoutingBridge+HarnessImport" name="Designer_38202" />
    </UnitTest>
    <UnitTest name="Template_DynSymbole_5_QM850" storage="c:\b5b4a108-6b54-44cb-9ba3-2f6deb52c48e\e3.bridgetest.dll" id="b85e2e67-aed9-4a51-9f59-6ac7fb2390c0">
      <Execution id="934cb485-9729-4467-9315-079ed9ae2119" />
      <TestMethod codeBase="C:\b5b4a108-6b54-44cb-9ba3-2f6deb52c48e\E3.BridgeTest.dll" adapterTypeName="executor://mstestadapter/v2" className="E3.BridgeTest.RoutingBridge+HarnessImport" name="Template_DynSymbole_5_QM850" />
    </UnitTest>
    <UnitTest name="Designer_37735" storage="c:\b5b4a108-6b54-44cb-9ba3-2f6deb52c48e\e3.bridgetest.dll" id="5809ba0c-a78a-4958-a44c-0cf06cc796a8">
      <Execution id="f86516ec-faa0-46f5-900d-82242de9fe23" />
      <TestMethod codeBase="C:\b5b4a108-6b54-44cb-9ba3-2f6deb52c48e\E3.BridgeTest.dll" adapterTypeName="executor://mstestadapter/v2" className="E3.BridgeTest.RoutingBridge+HarnessImport" name="Designer_37735" />
    </UnitTest>
    <UnitTest name="Designer_42795_HarnessImport_BundleStructInXML" storage="c:\b5b4a108-6b54-44cb-9ba3-2f6deb52c48e\e3.bridgetest.dll" id="efdf0b15-95ed-4926-9ff0-5e162d2dbdb8">
      <Execution id="ab584684-7245-4131-b932-c660e0a43ec6" />
      <TestMethod codeBase="C:\b5b4a108-6b54-44cb-9ba3-2f6deb52c48e\E3.BridgeTest.dll" adapterTypeName="executor://mstestadapter/v2" className="E3.BridgeTest.RoutingBridge+HarnessImport" name="Designer_42795_HarnessImport_BundleStructInXML" />
    </UnitTest>
    <UnitTest name="Designer_41384" storage="c:\b5b4a108-6b54-44cb-9ba3-2f6deb52c48e\e3.bridgetest.dll" id="31a74908-feff-4fff-9ccf-f020bc811879">
      <Execution id="c3f5396e-5041-4f92-8fc9-1a3d79fae479" />
      <TestMethod codeBase="C:\b5b4a108-6b54-44cb-9ba3-2f6deb52c48e\E3.BridgeTest.dll" adapterTypeName="executor://mstestadapter/v2" className="E3.BridgeTest.RoutingBridge+HarnessImport" name="Designer_41384" />
    </UnitTest>
    <UnitTest name="Designer_36701" storage="c:\b5b4a108-6b54-44cb-9ba3-2f6deb52c48e\e3.bridgetest.dll" id="e73065c7-1dd7-4b17-afdc-4b70137bbcb9">
      <Execution id="14509781-2822-4879-a5d6-7f520cb6ff17" />
      <TestMethod codeBase="C:\b5b4a108-6b54-44cb-9ba3-2f6deb52c48e\E3.BridgeTest.dll" adapterTypeName="executor://mstestadapter/v2" className="E3.BridgeTest.RoutingBridge+HarnessImport" name="Designer_36701" />
    </UnitTest>
    <UnitTest name="ProtectionsImport_3_QM850" storage="c:\b5b4a108-6b54-44cb-9ba3-2f6deb52c48e\e3.bridgetest.dll" id="671be04a-1b78-4fcc-8b75-ed729f34b698">
      <Execution id="2a08200b-0ec8-4e5e-a8e0-34c72e152c48" />
      <TestMethod codeBase="C:\b5b4a108-6b54-44cb-9ba3-2f6deb52c48e\E3.BridgeTest.dll" adapterTypeName="executor://mstestadapter/v2" className="E3.BridgeTest.RoutingBridge+HarnessImport" name="ProtectionsImport_3_QM850" />
    </UnitTest>
    <UnitTest name="Designer_37681" storage="c:\b5b4a108-6b54-44cb-9ba3-2f6deb52c48e\e3.bridgetest.dll" id="d436643b-f588-4154-9dc6-13b218d62615">
      <Execution id="6be77e71-3fb4-475d-8539-0232ee3f9d85" />
      <TestMethod codeBase="C:\b5b4a108-6b54-44cb-9ba3-2f6deb52c48e\E3.BridgeTest.dll" adapterTypeName="executor://mstestadapter/v2" className="E3.BridgeTest.RoutingBridge+HarnessImport" name="Designer_37681" />
    </UnitTest>
    <UnitTest name="ProtectionsImport_7_QM850" storage="c:\b5b4a108-6b54-44cb-9ba3-2f6deb52c48e\e3.bridgetest.dll" id="3b8a2844-aebd-454b-9edc-0aaf99fbd663">
      <Execution id="750b6b4a-3d54-4140-86da-2f0bbceb375f" />
      <TestMethod codeBase="C:\b5b4a108-6b54-44cb-9ba3-2f6deb52c48e\E3.BridgeTest.dll" adapterTypeName="executor://mstestadapter/v2" className="E3.BridgeTest.RoutingBridge+HarnessImport" name="ProtectionsImport_7_QM850" />
    </UnitTest>
    <UnitTest name="Designer_42795_HarnessImport_NoBundleStructInXML" storage="c:\b5b4a108-6b54-44cb-9ba3-2f6deb52c48e\e3.bridgetest.dll" id="2453c1e3-c8bb-4f0f-9d80-9760792c05c7">
      <Execution id="584d5085-0d24-4dbc-ade6-e2108df9d92d" />
      <TestMethod codeBase="C:\b5b4a108-6b54-44cb-9ba3-2f6deb52c48e\E3.BridgeTest.dll" adapterTypeName="executor://mstestadapter/v2" className="E3.BridgeTest.RoutingBridge+HarnessImport" name="Designer_42795_HarnessImport_NoBundleStructInXML" />
    </UnitTest>
    <UnitTest name="Import_Optionen_QM836" storage="c:\b5b4a108-6b54-44cb-9ba3-2f6deb52c48e\e3.bridgetest.dll" id="ea9f1e91-d1be-42ec-a5a0-62e87005a3a6">
      <Execution id="2683d1fd-1ffe-4e65-88a2-61d1da484748" />
      <TestMethod codeBase="C:\b5b4a108-6b54-44cb-9ba3-2f6deb52c48e\E3.BridgeTest.dll" adapterTypeName="executor://mstestadapter/v2" className="E3.BridgeTest.RoutingBridge+HarnessImport" name="Import_Optionen_QM836" />
    </UnitTest>
    <UnitTest name="Import_12_QM850" storage="c:\b5b4a108-6b54-44cb-9ba3-2f6deb52c48e\e3.bridgetest.dll" id="350002e4-71eb-469d-b42e-3785ed1768ae">
      <Execution id="32c5426c-d3fc-4c8a-8715-df71a4f47794" />
      <TestMethod codeBase="C:\b5b4a108-6b54-44cb-9ba3-2f6deb52c48e\E3.BridgeTest.dll" adapterTypeName="executor://mstestadapter/v2" className="E3.BridgeTest.RoutingBridge+HarnessImport" name="Import_12_QM850" />
    </UnitTest>
    <UnitTest name="Designer_36162" storage="c:\b5b4a108-6b54-44cb-9ba3-2f6deb52c48e\e3.bridgetest.dll" id="be8405fe-299e-6a43-a0fe-709ccb3816b4">
      <Execution id="eebcbff8-43a4-4ba8-8ff9-82518aa79ac0" />
      <TestMethod codeBase="C:\b5b4a108-6b54-44cb-9ba3-2f6deb52c48e\E3.BridgeTest.dll" adapterTypeName="executor://mstestadapter/v2" className="E3.BridgeTest.RoutingBridge+HarnessImport" name="Designer_36162" />
    </UnitTest>
    <UnitTest name="Designer_36808_2" storage="c:\b5b4a108-6b54-44cb-9ba3-2f6deb52c48e\e3.bridgetest.dll" id="eb3e5315-2dea-42dc-b033-aae3ebaabd8f">
      <Execution id="ecff0765-4b5e-462c-9721-ae79943877e4" />
      <TestMethod codeBase="C:\b5b4a108-6b54-44cb-9ba3-2f6deb52c48e\E3.BridgeTest.dll" adapterTypeName="executor://mstestadapter/v2" className="E3.BridgeTest.RoutingBridge+HarnessImport" name="Designer_36808_2" />
    </UnitTest>
    <UnitTest name="Import_11_QM850" storage="c:\b5b4a108-6b54-44cb-9ba3-2f6deb52c48e\e3.bridgetest.dll" id="ebde3011-8346-450b-8939-64557cf636bf">
      <Execution id="b6ff72b8-5979-4166-ab52-42cd5b1b9942" />
      <TestMethod codeBase="C:\b5b4a108-6b54-44cb-9ba3-2f6deb52c48e\E3.BridgeTest.dll" adapterTypeName="executor://mstestadapter/v2" className="E3.BridgeTest.RoutingBridge+HarnessImport" name="Import_11_QM850" />
    </UnitTest>
    <UnitTest name="Designer_31785" storage="c:\b5b4a108-6b54-44cb-9ba3-2f6deb52c48e\e3.bridgetest.dll" id="cc5c78f0-0eb8-4bd1-802e-66c6ee98bb58">
      <Execution id="dac69f61-7577-4186-b838-21df03f168b3" />
      <TestMethod codeBase="C:\b5b4a108-6b54-44cb-9ba3-2f6deb52c48e\E3.BridgeTest.dll" adapterTypeName="executor://mstestadapter/v2" className="E3.BridgeTest.RoutingBridge+HarnessImport" name="Designer_31785" />
    </UnitTest>
    <UnitTest name="Designer_37636" storage="c:\b5b4a108-6b54-44cb-9ba3-2f6deb52c48e\e3.bridgetest.dll" id="4d130565-c344-4ef0-afa9-d856f257701f">
      <Execution id="2c68ff41-dcfc-4fbc-8860-1e5a57dcd563" />
      <TestMethod codeBase="C:\b5b4a108-6b54-44cb-9ba3-2f6deb52c48e\E3.BridgeTest.dll" adapterTypeName="executor://mstestadapter/v2" className="E3.BridgeTest.RoutingBridge+HarnessImport" name="Designer_37636" />
    </UnitTest>
    <UnitTest name="Update_12_QM850" storage="c:\b5b4a108-6b54-44cb-9ba3-2f6deb52c48e\e3.bridgetest.dll" id="c03bdce1-2234-47f4-89d5-bcd8ba2edbaf">
      <Execution id="bd90700a-217f-4106-a5b9-16617a8fc50f" />
      <TestMethod codeBase="C:\b5b4a108-6b54-44cb-9ba3-2f6deb52c48e\E3.BridgeTest.dll" adapterTypeName="executor://mstestadapter/v2" className="E3.BridgeTest.RoutingBridge+HarnessImport" name="Update_12_QM850" />
    </UnitTest>
    <UnitTest name="Designer_35915" storage="c:\b5b4a108-6b54-44cb-9ba3-2f6deb52c48e\e3.bridgetest.dll" id="c0b2047d-f4ed-44fa-b375-d3fd65e16986">
      <Execution id="be0078af-58ec-4985-9814-92e02e7955a7" />
      <TestMethod codeBase="C:\b5b4a108-6b54-44cb-9ba3-2f6deb52c48e\E3.BridgeTest.dll" adapterTypeName="executor://mstestadapter/v2" className="E3.BridgeTest.RoutingBridge+HarnessImport" name="Designer_35915" />
    </UnitTest>
    <UnitTest name="ProtectionsImport_5_QM850" storage="c:\b5b4a108-6b54-44cb-9ba3-2f6deb52c48e\e3.bridgetest.dll" id="f200ebdc-12f7-4b44-9a41-cada8a96aa6f">
      <Execution id="d70a9e60-5a6a-4161-ac8f-2c3b8b4baab3" />
      <TestMethod codeBase="C:\b5b4a108-6b54-44cb-9ba3-2f6deb52c48e\E3.BridgeTest.dll" adapterTypeName="executor://mstestadapter/v2" className="E3.BridgeTest.RoutingBridge+HarnessImport" name="ProtectionsImport_5_QM850" />
    </UnitTest>
    <UnitTest name="ProtectionsImport_8_QM850" storage="c:\b5b4a108-6b54-44cb-9ba3-2f6deb52c48e\e3.bridgetest.dll" id="1949c49b-a87f-466e-8572-d2a7135f2600">
      <Execution id="279c90c5-37b3-41d8-af5e-7b61fcee6286" />
      <TestMethod codeBase="C:\b5b4a108-6b54-44cb-9ba3-2f6deb52c48e\E3.BridgeTest.dll" adapterTypeName="executor://mstestadapter/v2" className="E3.BridgeTest.RoutingBridge+HarnessImport" name="ProtectionsImport_8_QM850" />
    </UnitTest>
    <UnitTest name="Designer_31894" storage="c:\b5b4a108-6b54-44cb-9ba3-2f6deb52c48e\e3.bridgetest.dll" id="ae8f0ff5-dc78-49f5-b8b9-f70e8a8c6173">
      <Execution id="aae14fc9-2271-43ad-ac25-0dee5c79659f" />
      <TestMethod codeBase="C:\b5b4a108-6b54-44cb-9ba3-2f6deb52c48e\E3.BridgeTest.dll" adapterTypeName="executor://mstestadapter/v2" className="E3.BridgeTest.RoutingBridge+HarnessImport" name="Designer_31894" />
    </UnitTest>
    <UnitTest name="ProtectionsImport_1_QM850" storage="c:\b5b4a108-6b54-44cb-9ba3-2f6deb52c48e\e3.bridgetest.dll" id="dae34efe-92e8-47d5-adcc-d647cb59abab">
      <Execution id="bd7c73e0-0818-4e55-b334-a373d629dc0e" />
      <TestMethod codeBase="C:\b5b4a108-6b54-44cb-9ba3-2f6deb52c48e\E3.BridgeTest.dll" adapterTypeName="executor://mstestadapter/v2" className="E3.BridgeTest.RoutingBridge+HarnessImport" name="ProtectionsImport_1_QM850" />
    </UnitTest>
    <UnitTest name="Designer_31172" storage="c:\b5b4a108-6b54-44cb-9ba3-2f6deb52c48e\e3.bridgetest.dll" id="adbbc35a-13ee-45e1-9e2c-9abd49caa7a9">
      <Execution id="3fdd331f-3cde-4843-b258-a26f16e75215" />
      <TestMethod codeBase="C:\b5b4a108-6b54-44cb-9ba3-2f6deb52c48e\E3.BridgeTest.dll" adapterTypeName="executor://mstestadapter/v2" className="E3.BridgeTest.RoutingBridge+HarnessImport" name="Designer_31172" />
    </UnitTest>
    <UnitTest name="ProtectionsImport_9_QM850" storage="c:\b5b4a108-6b54-44cb-9ba3-2f6deb52c48e\e3.bridgetest.dll" id="4e942a7e-0b73-4c26-88c6-cfde7c731f52">
      <Execution id="08c376d9-2d7d-4409-b6fe-ce4e925e76ce" />
      <TestMethod codeBase="C:\b5b4a108-6b54-44cb-9ba3-2f6deb52c48e\E3.BridgeTest.dll" adapterTypeName="executor://mstestadapter/v2" className="E3.BridgeTest.RoutingBridge+HarnessImport" name="ProtectionsImport_9_QM850" />
    </UnitTest>
    <UnitTest name="Designer_37339" storage="c:\b5b4a108-6b54-44cb-9ba3-2f6deb52c48e\e3.bridgetest.dll" id="70a8c423-5d7a-433f-8676-a1eb064390b1">
      <Execution id="4c999939-bd48-4bc1-af4e-f750d0167142" />
      <TestMethod codeBase="C:\b5b4a108-6b54-44cb-9ba3-2f6deb52c48e\E3.BridgeTest.dll" adapterTypeName="executor://mstestadapter/v2" className="E3.BridgeTest.RoutingBridge+HarnessImport" name="Designer_37339" />
    </UnitTest>
    <UnitTest name="Designer_42795_HarnessImport_BundleStructInXML_SameCoreNames" storage="c:\b5b4a108-6b54-44cb-9ba3-2f6deb52c48e\e3.bridgetest.dll" id="f11714b3-d191-4d5c-9b24-90a5f886d549">
      <Execution id="4a3758da-4a93-4f96-b27d-a4e775ce6207" />
      <TestMethod codeBase="C:\b5b4a108-6b54-44cb-9ba3-2f6deb52c48e\E3.BridgeTest.dll" adapterTypeName="executor://mstestadapter/v2" className="E3.BridgeTest.RoutingBridge+HarnessImport" name="Designer_42795_HarnessImport_BundleStructInXML_SameCoreNames" />
    </UnitTest>
    <UnitTest name="ProtectionsImport_4_QM850" storage="c:\b5b4a108-6b54-44cb-9ba3-2f6deb52c48e\e3.bridgetest.dll" id="a0805fa2-3c00-4e6a-87a7-ef58bd17fac8">
      <Execution id="2a1ad73b-c1cb-47f2-bca2-baf924b3dd63" />
      <TestMethod codeBase="C:\b5b4a108-6b54-44cb-9ba3-2f6deb52c48e\E3.BridgeTest.dll" adapterTypeName="executor://mstestadapter/v2" className="E3.BridgeTest.RoutingBridge+HarnessImport" name="ProtectionsImport_4_QM850" />
    </UnitTest>
    <UnitTest name="AttributeUpdateTest_C_dazu_QM829" storage="c:\b5b4a108-6b54-44cb-9ba3-2f6deb52c48e\e3.bridgetest.dll" id="bfd69151-a4dc-44f4-a07a-2ca7adb3b0f8">
      <Execution id="fdb71621-58e8-4eaf-a009-f77f4abbd1ff" />
      <TestMethod codeBase="C:\b5b4a108-6b54-44cb-9ba3-2f6deb52c48e\E3.BridgeTest.dll" adapterTypeName="executor://mstestadapter/v2" className="E3.BridgeTest.RoutingBridge+HarnessImport" name="AttributeUpdateTest_C_dazu_QM829" />
    </UnitTest>
    <UnitTest name="Template_DynSymbole_3_QM850" storage="c:\b5b4a108-6b54-44cb-9ba3-2f6deb52c48e\e3.bridgetest.dll" id="7281308e-6a22-46bd-a355-e9c30182ad73">
      <Execution id="b72d47d7-d51c-4dce-b48a-94c8205c98dc" />
      <TestMethod codeBase="C:\b5b4a108-6b54-44cb-9ba3-2f6deb52c48e\E3.BridgeTest.dll" adapterTypeName="executor://mstestadapter/v2" className="E3.BridgeTest.RoutingBridge+HarnessImport" name="Template_DynSymbole_3_QM850" />
    </UnitTest>
    <UnitTest name="Template_DynSymbole_9_QM850" storage="c:\b5b4a108-6b54-44cb-9ba3-2f6deb52c48e\e3.bridgetest.dll" id="5fb08932-2603-4f06-9731-d524a7cf13cb">
      <Execution id="5863e281-407e-4fb7-976f-4bf9fb0020c4" />
      <TestMethod codeBase="C:\b5b4a108-6b54-44cb-9ba3-2f6deb52c48e\E3.BridgeTest.dll" adapterTypeName="executor://mstestadapter/v2" className="E3.BridgeTest.RoutingBridge+HarnessImport" name="Template_DynSymbole_9_QM850" />
    </UnitTest>
    <UnitTest name="Designer_42803_HarnessImport_NoSignalConflictOnBranches" storage="c:\b5b4a108-6b54-44cb-9ba3-2f6deb52c48e\e3.bridgetest.dll" id="5832233b-2617-4abc-80e3-0e63dd3d9819">
      <Execution id="c55cbf02-1b45-4afb-83f6-04c0809c7bd4" />
      <TestMethod codeBase="C:\b5b4a108-6b54-44cb-9ba3-2f6deb52c48e\E3.BridgeTest.dll" adapterTypeName="executor://mstestadapter/v2" className="E3.BridgeTest.RoutingBridge+HarnessImport" name="Designer_42803_HarnessImport_NoSignalConflictOnBranches" />
    </UnitTest>
    <UnitTest name="Designer_36924" storage="c:\b5b4a108-6b54-44cb-9ba3-2f6deb52c48e\e3.bridgetest.dll" id="b0b7eabe-9229-4835-aa2d-920e31c17561">
      <Execution id="14e35c95-e95a-4562-8509-e8ec40f8b92e" />
      <TestMethod codeBase="C:\b5b4a108-6b54-44cb-9ba3-2f6deb52c48e\E3.BridgeTest.dll" adapterTypeName="executor://mstestadapter/v2" className="E3.BridgeTest.RoutingBridge+HarnessImport" name="Designer_36924" />
    </UnitTest>
    <UnitTest name="Update_10_QM850" storage="c:\b5b4a108-6b54-44cb-9ba3-2f6deb52c48e\e3.bridgetest.dll" id="9d54da5b-c7fe-40d6-a7e8-d402de157945">
      <Execution id="b85121c2-376e-4fb5-b17a-bc6161ae0eb6" />
      <TestMethod codeBase="C:\b5b4a108-6b54-44cb-9ba3-2f6deb52c48e\E3.BridgeTest.dll" adapterTypeName="executor://mstestadapter/v2" className="E3.BridgeTest.RoutingBridge+HarnessImport" name="Update_10_QM850" />
    </UnitTest>
    <UnitTest name="Designer_42554_Import" storage="c:\b5b4a108-6b54-44cb-9ba3-2f6deb52c48e\e3.bridgetest.dll" id="b1f3ec32-fdda-4852-ab42-4402576fe947">
      <Execution id="be361a84-6721-4e0c-b92b-f214ea84d8a7" />
      <TestMethod codeBase="C:\b5b4a108-6b54-44cb-9ba3-2f6deb52c48e\E3.BridgeTest.dll" adapterTypeName="executor://mstestadapter/v2" className="E3.BridgeTest.RoutingBridge+HarnessImport" name="Designer_42554_Import" />
    </UnitTest>
    <UnitTest name="Designer_31705" storage="c:\b5b4a108-6b54-44cb-9ba3-2f6deb52c48e\e3.bridgetest.dll" id="3dbf2562-ad57-434b-a0f8-33e698f27898">
      <Execution id="af93711a-07bc-45f7-8eea-d06661f8b140" />
      <TestMethod codeBase="C:\b5b4a108-6b54-44cb-9ba3-2f6deb52c48e\E3.BridgeTest.dll" adapterTypeName="executor://mstestadapter/v2" className="E3.BridgeTest.RoutingBridge+HarnessImport" name="Designer_31705" />
    </UnitTest>
    <UnitTest name="Designer_39086" storage="c:\b5b4a108-6b54-44cb-9ba3-2f6deb52c48e\e3.bridgetest.dll" id="9cbca25a-acab-a3a0-4a42-d680f5ae0b1e">
      <Execution id="4ff38651-81d9-4e03-a665-4df043317d5e" />
      <TestMethod codeBase="C:\b5b4a108-6b54-44cb-9ba3-2f6deb52c48e\E3.BridgeTest.dll" adapterTypeName="executor://mstestadapter/v2" className="E3.BridgeTest.RoutingBridge+HarnessImport" name="Designer_39086" />
    </UnitTest>
  </TestDefinitions>
  <TestEntries>
    <TestEntry testId="cc5c78f0-0eb8-4bd1-802e-66c6ee98bb58" executionId="dac69f61-7577-4186-b838-21df03f168b3" testListId="8c84fa94-04c1-424b-9868-57a2d4851a1d" />
    <TestEntry testId="4e942a7e-0b73-4c26-88c6-cfde7c731f52" executionId="08c376d9-2d7d-4409-b6fe-ce4e925e76ce" testListId="8c84fa94-04c1-424b-9868-57a2d4851a1d" />
    <TestEntry testId="182b7748-4a8f-4bd4-953d-7dd165d3d615" executionId="971cbb47-f0da-4368-9016-51e50829164c" testListId="8c84fa94-04c1-424b-9868-57a2d4851a1d" />
    <TestEntry testId="ee3c66ef-2510-47fd-9d97-9cc554da2e98" executionId="ca6d4bd7-1569-4939-9341-935263ebc587" testListId="8c84fa94-04c1-424b-9868-57a2d4851a1d" />
    <TestEntry testId="be8405fe-299e-6a43-a0fe-709ccb3816b4" executionId="eebcbff8-43a4-4ba8-8ff9-82518aa79ac0" testListId="8c84fa94-04c1-424b-9868-57a2d4851a1d" />
    <TestEntry testId="5809ba0c-a78a-4958-a44c-0cf06cc796a8" executionId="f86516ec-faa0-46f5-900d-82242de9fe23" testListId="8c84fa94-04c1-424b-9868-57a2d4851a1d" />
    <TestEntry testId="350002e4-71eb-469d-b42e-3785ed1768ae" executionId="32c5426c-d3fc-4c8a-8715-df71a4f47794" testListId="8c84fa94-04c1-424b-9868-57a2d4851a1d" />
    <TestEntry testId="6ede9899-a7bc-4ea5-9735-461aaee693d5" executionId="acfc45c9-58b1-40c4-9e7d-7aa59d73361e" testListId="8c84fa94-04c1-424b-9868-57a2d4851a1d" />
    <TestEntry testId="5832233b-2617-4abc-80e3-0e63dd3d9819" executionId="c55cbf02-1b45-4afb-83f6-04c0809c7bd4" testListId="8c84fa94-04c1-424b-9868-57a2d4851a1d" />
    <TestEntry testId="70a8c423-5d7a-433f-8676-a1eb064390b1" executionId="4c999939-bd48-4bc1-af4e-f750d0167142" testListId="8c84fa94-04c1-424b-9868-57a2d4851a1d" />
    <TestEntry testId="347c3ccb-a226-4a8f-b159-14f9817dbe58" executionId="cc8e3f02-7047-421b-a95a-7137155a68e1" testListId="8c84fa94-04c1-424b-9868-57a2d4851a1d" />
    <TestEntry testId="c03bdce1-2234-47f4-89d5-bcd8ba2edbaf" executionId="bd90700a-217f-4106-a5b9-16617a8fc50f" testListId="8c84fa94-04c1-424b-9868-57a2d4851a1d" />
    <TestEntry testId="d1f744d2-46a0-41a0-aac1-fd4c45ce2cf3" executionId="1634ac66-9424-4f52-bd64-4b7b4450e35b" testListId="8c84fa94-04c1-424b-9868-57a2d4851a1d" />
    <TestEntry testId="c0b2047d-f4ed-44fa-b375-d3fd65e16986" executionId="be0078af-58ec-4985-9814-92e02e7955a7" testListId="8c84fa94-04c1-424b-9868-57a2d4851a1d" />
    <TestEntry testId="9cbca25a-acab-a3a0-4a42-d680f5ae0b1e" executionId="4ff38651-81d9-4e03-a665-4df043317d5e" testListId="8c84fa94-04c1-424b-9868-57a2d4851a1d" />
    <TestEntry testId="b85e2e67-aed9-4a51-9f59-6ac7fb2390c0" executionId="934cb485-9729-4467-9315-079ed9ae2119" testListId="8c84fa94-04c1-424b-9868-57a2d4851a1d" />
    <TestEntry testId="e1d5cca8-dc41-47c4-b0a3-3719f9026b51" executionId="fe29368d-d2bd-4dc4-8cd7-7dbabb7fe51f" testListId="8c84fa94-04c1-424b-9868-57a2d4851a1d" />
    <TestEntry testId="ebde3011-8346-450b-8939-64557cf636bf" executionId="b6ff72b8-5979-4166-ab52-42cd5b1b9942" testListId="8c84fa94-04c1-424b-9868-57a2d4851a1d" />
    <TestEntry testId="bc207ec4-a9c7-4ef5-a2fc-8a960f3dcc87" executionId="52ffc97b-730e-41e9-8a37-57329fcd1b90" testListId="8c84fa94-04c1-424b-9868-57a2d4851a1d" />
    <TestEntry testId="4d130565-c344-4ef0-afa9-d856f257701f" executionId="2c68ff41-dcfc-4fbc-8860-1e5a57dcd563" testListId="8c84fa94-04c1-424b-9868-57a2d4851a1d" />
    <TestEntry testId="31a74908-feff-4fff-9ccf-f020bc811879" executionId="c3f5396e-5041-4f92-8fc9-1a3d79fae479" testListId="8c84fa94-04c1-424b-9868-57a2d4851a1d" />
    <TestEntry testId="dae34efe-92e8-47d5-adcc-d647cb59abab" executionId="bd7c73e0-0818-4e55-b334-a373d629dc0e" testListId="8c84fa94-04c1-424b-9868-57a2d4851a1d" />
    <TestEntry testId="2453c1e3-c8bb-4f0f-9d80-9760792c05c7" executionId="584d5085-0d24-4dbc-ade6-e2108df9d92d" testListId="8c84fa94-04c1-424b-9868-57a2d4851a1d" />
    <TestEntry testId="caf29760-15d9-4076-a4cd-53e743aa3f60" executionId="b9011371-35c6-464f-909f-ec014cf6d738" testListId="8c84fa94-04c1-424b-9868-57a2d4851a1d" />
    <TestEntry testId="adbbc35a-13ee-45e1-9e2c-9abd49caa7a9" executionId="3fdd331f-3cde-4843-b258-a26f16e75215" testListId="8c84fa94-04c1-424b-9868-57a2d4851a1d" />
    <TestEntry testId="f200ebdc-12f7-4b44-9a41-cada8a96aa6f" executionId="d70a9e60-5a6a-4161-ac8f-2c3b8b4baab3" testListId="8c84fa94-04c1-424b-9868-57a2d4851a1d" />
    <TestEntry testId="be92a248-a27a-485b-b83d-f61fca0fbc78" executionId="14613887-2828-4a0e-9b53-9a40d4186f61" testListId="8c84fa94-04c1-424b-9868-57a2d4851a1d" />
    <TestEntry testId="3dbf2562-ad57-434b-a0f8-33e698f27898" executionId="af93711a-07bc-45f7-8eea-d06661f8b140" testListId="8c84fa94-04c1-424b-9868-57a2d4851a1d" />
    <TestEntry testId="9546deca-80f9-4ff3-9327-369bd6c03a7b" executionId="d4aa7a4f-a290-424d-8d9f-bc82cbacefd4" testListId="8c84fa94-04c1-424b-9868-57a2d4851a1d" />
    <TestEntry testId="f11714b3-d191-4d5c-9b24-90a5f886d549" executionId="4a3758da-4a93-4f96-b27d-a4e775ce6207" testListId="8c84fa94-04c1-424b-9868-57a2d4851a1d" />
    <TestEntry testId="2d80274b-64e6-4775-a592-80f09837c11b" executionId="f8eb755c-8488-4bb0-8c33-665b2598bbf4" testListId="8c84fa94-04c1-424b-9868-57a2d4851a1d" />
    <TestEntry testId="e9ffe55b-c25c-4216-bdec-0040afd98fd7" executionId="b6842736-46f8-4a0f-9311-73c26eec8bcc" testListId="8c84fa94-04c1-424b-9868-57a2d4851a1d" />
    <TestEntry testId="75354e3e-f2c7-4084-acbe-fcdd12141c7b" executionId="c845a239-bb7c-4d7a-8184-0a33db992915" testListId="8c84fa94-04c1-424b-9868-57a2d4851a1d" />
    <TestEntry testId="ae8f0ff5-dc78-49f5-b8b9-f70e8a8c6173" executionId="aae14fc9-2271-43ad-ac25-0dee5c79659f" testListId="8c84fa94-04c1-424b-9868-57a2d4851a1d" />
    <TestEntry testId="7281308e-6a22-46bd-a355-e9c30182ad73" executionId="b72d47d7-d51c-4dce-b48a-94c8205c98dc" testListId="8c84fa94-04c1-424b-9868-57a2d4851a1d" />
    <TestEntry testId="5fb08932-2603-4f06-9731-d524a7cf13cb" executionId="5863e281-407e-4fb7-976f-4bf9fb0020c4" testListId="8c84fa94-04c1-424b-9868-57a2d4851a1d" />
    <TestEntry testId="bfd69151-a4dc-44f4-a07a-2ca7adb3b0f8" executionId="fdb71621-58e8-4eaf-a009-f77f4abbd1ff" testListId="8c84fa94-04c1-424b-9868-57a2d4851a1d" />
    <TestEntry testId="e73065c7-1dd7-4b17-afdc-4b70137bbcb9" executionId="14509781-2822-4879-a5d6-7f520cb6ff17" testListId="8c84fa94-04c1-424b-9868-57a2d4851a1d" />
    <TestEntry testId="b1f3ec32-fdda-4852-ab42-4402576fe947" executionId="be361a84-6721-4e0c-b92b-f214ea84d8a7" testListId="8c84fa94-04c1-424b-9868-57a2d4851a1d" />
    <TestEntry testId="3b8a2844-aebd-454b-9edc-0aaf99fbd663" executionId="750b6b4a-3d54-4140-86da-2f0bbceb375f" testListId="8c84fa94-04c1-424b-9868-57a2d4851a1d" />
    <TestEntry testId="1949c49b-a87f-466e-8572-d2a7135f2600" executionId="279c90c5-37b3-41d8-af5e-7b61fcee6286" testListId="8c84fa94-04c1-424b-9868-57a2d4851a1d" />
    <TestEntry testId="efdf0b15-95ed-4926-9ff0-5e162d2dbdb8" executionId="ab584684-7245-4131-b932-c660e0a43ec6" testListId="8c84fa94-04c1-424b-9868-57a2d4851a1d" />
    <TestEntry testId="c463ef65-9c74-4d0b-8e28-4b518be6b331" executionId="95f5d2fd-4f57-4839-bbd0-ce557f7c68c6" testListId="8c84fa94-04c1-424b-9868-57a2d4851a1d" />
    <TestEntry testId="1c7df266-8b51-4d2c-bab9-521698e3adfb" executionId="4edd4a1a-9d6a-4a89-80d1-6bc54c97489e" testListId="8c84fa94-04c1-424b-9868-57a2d4851a1d" />
    <TestEntry testId="454d220a-4daf-4614-8e27-15b05263c14d" executionId="1b9780e9-e9c2-43fe-87f3-abe931b5e278" testListId="8c84fa94-04c1-424b-9868-57a2d4851a1d" />
    <TestEntry testId="aed7a9fc-19b5-41df-b738-1f3f98e2e671" executionId="affc8a9e-4a1f-4f7c-81f9-e142821d4df1" testListId="8c84fa94-04c1-424b-9868-57a2d4851a1d" />
    <TestEntry testId="a0805fa2-3c00-4e6a-87a7-ef58bd17fac8" executionId="2a1ad73b-c1cb-47f2-bca2-baf924b3dd63" testListId="8c84fa94-04c1-424b-9868-57a2d4851a1d" />
    <TestEntry testId="2cfd3846-925e-47e5-97dd-f3019fa1637a" executionId="f33b38e5-2dfe-4316-abd6-32cbf87c00ba" testListId="8c84fa94-04c1-424b-9868-57a2d4851a1d" />
    <TestEntry testId="d436643b-f588-4154-9dc6-13b218d62615" executionId="6be77e71-3fb4-475d-8539-0232ee3f9d85" testListId="8c84fa94-04c1-424b-9868-57a2d4851a1d" />
    <TestEntry testId="e155ac08-ceee-4b01-a34c-9121368ea8a6" executionId="cb8b543a-f474-4381-8c1d-24feeeae183d" testListId="8c84fa94-04c1-424b-9868-57a2d4851a1d" />
    <TestEntry testId="5f218240-3bd1-4d7b-a8d4-0222a1f6617e" executionId="ba9b7c91-ecbf-4806-807d-07748e1f8ae7" testListId="8c84fa94-04c1-424b-9868-57a2d4851a1d" />
    <TestEntry testId="65517d05-ef79-4ef4-a2f2-7e1304aa4f8e" executionId="701fae45-2d6e-4666-98f5-a98840a6c4fd" testListId="8c84fa94-04c1-424b-9868-57a2d4851a1d" />
    <TestEntry testId="9d54da5b-c7fe-40d6-a7e8-d402de157945" executionId="b85121c2-376e-4fb5-b17a-bc6161ae0eb6" testListId="8c84fa94-04c1-424b-9868-57a2d4851a1d" />
    <TestEntry testId="eb3e5315-2dea-42dc-b033-aae3ebaabd8f" executionId="ecff0765-4b5e-462c-9721-ae79943877e4" testListId="8c84fa94-04c1-424b-9868-57a2d4851a1d" />
    <TestEntry testId="671be04a-1b78-4fcc-8b75-ed729f34b698" executionId="2a08200b-0ec8-4e5e-a8e0-34c72e152c48" testListId="8c84fa94-04c1-424b-9868-57a2d4851a1d" />
    <TestEntry testId="caf4d8da-e35b-4084-a0b1-26c55a253483" executionId="f91ecb0b-8c5a-4b40-bb2c-5aa5b3d35b8e" testListId="8c84fa94-04c1-424b-9868-57a2d4851a1d" />
    <TestEntry testId="6ba96d6b-0520-49b9-ae1b-18dc81422320" executionId="cc83b1bc-135d-4efc-9ddc-a3a7b3e2d3d1" testListId="8c84fa94-04c1-424b-9868-57a2d4851a1d" />
    <TestEntry testId="b0b7eabe-9229-4835-aa2d-920e31c17561" executionId="14e35c95-e95a-4562-8509-e8ec40f8b92e" testListId="8c84fa94-04c1-424b-9868-57a2d4851a1d" />
    <TestEntry testId="44af5f27-6975-4ab9-9960-1f9976835b8d" executionId="384866fc-c67f-46a6-a554-748fa78f7e79" testListId="8c84fa94-04c1-424b-9868-57a2d4851a1d" />
    <TestEntry testId="ea9f1e91-d1be-42ec-a5a0-62e87005a3a6" executionId="2683d1fd-1ffe-4e65-88a2-61d1da484748" testListId="8c84fa94-04c1-424b-9868-57a2d4851a1d" />
    <TestEntry testId="22a08bdf-9efa-4730-bc9f-13d9b78275a0" executionId="605e046e-c8bd-4aaf-9425-037239475c57" testListId="8c84fa94-04c1-424b-9868-57a2d4851a1d" />
  </TestEntries>
  <TestLists>
    <TestList name="Results Not in a List" id="8c84fa94-04c1-424b-9868-57a2d4851a1d" />
    <TestList name="All Loaded Results" id="19431567-8539-422a-85d7-44ee4e166bda" />
  </TestLists>
  <ResultSummary outcome="Failed">
    <Counters total="61" executed="59" passed="58" failed="1" error="0" timeout="0" aborted="0" inconclusive="0" passedButRunAborted="0" notRunnable="0" notExecuted="0" disconnected="0" warning="0" completed="0" inProgress="0" pending="0" />
    <Output>
      <StdOut>MSTest Executor: Test Parallelization enabled for C:\b5b4a108-6b54-44cb-9ba3-2f6deb52c48e\E3.BridgeTest.dll (Workers: 1, Scope: ClassLevel).&#xD;
Test 'Designer_36162' was skipped in the test run.&#xD;
Test 'Designer_39086' was skipped in the test run.&#xD;
</StdOut>
    </Output>
    <CollectorDataEntries>
      <Collector agentName="EF62BDD48EA6" uri="datacollector://microsoft/CodeCoverage/2.0" collectorDisplayName="Code Coverage">
        <UriAttachments>
          <UriAttachment>
            <A href="EF62BDD48EA6\ContainerAdministrator_EF62BDD48EA6_2023-10-10.11_59_50.coverage"></A>
          </UriAttachment>
        </UriAttachments>
      </Collector>
    </CollectorDataEntries>
  </ResultSummary>
</TestRun>