<?xml version="1.0" encoding="utf-8"?>
<TestRun id="adeb8042-6564-40c9-bd1f-829919364957" name="ContainerAdministrator@F27715BE3A7B 2023-10-10 12:00:30" runUser="User Manager\ContainerAdministrator" xmlns="http://microsoft.com/schemas/VisualStudio/TeamTest/2010">
  <Times creation="2023-10-10T12:00:30.9783450+02:00" queuing="2023-10-10T12:00:30.9783450+02:00" start="2023-10-10T11:59:44.4231340+02:00" finish="2023-10-10T12:26:33.2931537+02:00" />
  <TestSettings name="default" id="be86ca13-5c88-41ca-9fa0-f65989423426">
    <Deployment runDeploymentRoot="570b89d098d4b8e44306f10742c83ff8" />
  </TestSettings>
  <Results>
    <UnitTestResult executionId="b2d2ad61-c5bb-4fb5-8a18-35b1e110b9a3" testId="9edab09e-0194-437c-9daf-8552024886f3" testName="KBL_CABLING_CREO7_ASM" computerName="F27715BE3A7B" duration="00:00:32.9431087" startTime="2023-10-10T12:11:28.9828626+02:00" endTime="2023-10-10T12:12:01.9322438+02:00" testType="13cdc9d9-ddb5-4fa4-a97d-d965ccfc6d4b" outcome="Passed" testListId="8c84fa94-04c1-424b-9868-57a2d4851a1d" relativeResultsDirectory="b2d2ad61-c5bb-4fb5-8a18-35b1e110b9a3">
      <Output>
        <StdOut>[12:11:28]  Start Test: KBL_CABLING_CREO7_ASM&#xD;
[12:11:29]  Defining database with name Standard...
Given paths are: c:\appveyor\bin\E3.3DRoutingBridge\Mainline\E3.BridgeTest\TestFiles\KBL_Import_Tests\..\Databases\Standard\Components.mdb	c:\appveyor\bin\E3.3DRoutingBridge\Mainline\E3.BridgeTest\TestFiles\KBL_Import_Tests\..\Databases\Standard\symbols.mdb	c:\appveyor\bin\E3.3DRoutingBridge\Mainline\E3.BridgeTest\TestFiles\KBL_Import_Tests\..\Databases\Standard\Configuration.mdb&#xD;
[12:11:34]  Setting current database Standard&#xD;
[12:11:34]  E3 open project&#xD;
[12:11:35]  Doing repaircheck...&#xD;
[12:11:35]  Tool startet: c:\\appveyor\\bin\\E3.3DRoutingBridge\\Mainline\\bin\\Release\\x64\\E3_3DRoutingBridge.exe&#xD;
[12:12:01]  Tool fertig: c:\\appveyor\\bin\\E3.3DRoutingBridge\\Mainline\\bin\\Release\\x64\\E3_3DRoutingBridge.exe : ExitCode 0&#xD;
[12:12:01]  test.NAME: KBL_CABLING_CREO7_ASM&#xD;
[12:12:01]  preparedOutputFile: c:\appveyor\bin\E3.3DRoutingBridge\Mainline\E3.BridgeTest\TestFiles\KBL_Import_Tests\Results\2023-10-10--12-12-01_KBL_CABLING_CREO7_ASM_temp.xml&#xD;
[12:12:01]  preparedReferenceFile: c:\appveyor\bin\E3.3DRoutingBridge\Mainline\E3.BridgeTest\TestFiles\KBL_Import_Tests\Results\2023-10-10--12-12-01_KBL_CABLING_CREO7_ASM_ref_temp.xml&#xD;
[12:12:01]  Start CompareXML: xmlExportFileName: c:\appveyor\bin\E3.3DRoutingBridge\Mainline\E3.BridgeTest\TestFiles\KBL_Import_Tests\Results\2023-10-10--12-12-01_KBL_CABLING_CREO7_ASM_temp.xml to xmlRefFileName: c:\appveyor\bin\E3.3DRoutingBridge\Mainline\E3.BridgeTest\TestFiles\KBL_Import_Tests\Results\2023-10-10--12-12-01_KBL_CABLING_CREO7_ASM_ref_temp.xml&#xD;
[12:12:01]  Test KBL_CABLING_CREO7_ASM for Tool 3DRoutingBridge equal to Reference!&#xD;
[12:12:01]  Der Test  3DRoutingBridge is successful!&#xD;
[12:12:01]  TestCleanup</StdOut>
      </Output>
    </UnitTestResult>
    <UnitTestResult executionId="5cb5879e-a3ba-414e-8724-52596d9c2443" testId="5eb4b740-f476-46b7-aed9-f9672c9292a5" testName="KBL_10_400_000651_A1_01" computerName="F27715BE3A7B" duration="00:00:27.8072449" startTime="2023-10-10T12:01:13.0649786+02:00" endTime="2023-10-10T12:01:40.8595964+02:00" testType="13cdc9d9-ddb5-4fa4-a97d-d965ccfc6d4b" outcome="Passed" testListId="8c84fa94-04c1-424b-9868-57a2d4851a1d" relativeResultsDirectory="5cb5879e-a3ba-414e-8724-52596d9c2443">
      <Output>
        <StdOut>[12:01:13]  Start Test: KBL_10_400_000651_A1_01&#xD;
[12:01:13]  Defining database with name Standard...
Given paths are: c:\appveyor\bin\E3.3DRoutingBridge\Mainline\E3.BridgeTest\TestFiles\KBL_Import_Tests\..\Databases\Standard\Components.mdb	c:\appveyor\bin\E3.3DRoutingBridge\Mainline\E3.BridgeTest\TestFiles\KBL_Import_Tests\..\Databases\Standard\symbols.mdb	c:\appveyor\bin\E3.3DRoutingBridge\Mainline\E3.BridgeTest\TestFiles\KBL_Import_Tests\..\Databases\Standard\Configuration.mdb&#xD;
[12:01:18]  Setting current database Standard&#xD;
[12:01:19]  E3 open project&#xD;
[12:01:19]  Doing repaircheck...&#xD;
[12:01:20]  Tool startet: c:\\appveyor\\bin\\E3.3DRoutingBridge\\Mainline\\bin\\Release\\x64\\E3_3DRoutingBridge.exe&#xD;
[12:01:40]  Tool fertig: c:\\appveyor\\bin\\E3.3DRoutingBridge\\Mainline\\bin\\Release\\x64\\E3_3DRoutingBridge.exe : ExitCode 0&#xD;
[12:01:40]  test.NAME: KBL_10_400_000651_A1_01&#xD;
[12:01:40]  preparedOutputFile: c:\appveyor\bin\E3.3DRoutingBridge\Mainline\E3.BridgeTest\TestFiles\KBL_Import_Tests\Results\2023-10-10--12-01-40_KBL_10_400_000651_A1_01_temp.xml&#xD;
[12:01:40]  preparedReferenceFile: c:\appveyor\bin\E3.3DRoutingBridge\Mainline\E3.BridgeTest\TestFiles\KBL_Import_Tests\Results\2023-10-10--12-01-40_KBL_10_400_000651_A1_01_ref_temp.xml&#xD;
[12:01:40]  Start CompareXML: xmlExportFileName: c:\appveyor\bin\E3.3DRoutingBridge\Mainline\E3.BridgeTest\TestFiles\KBL_Import_Tests\Results\2023-10-10--12-01-40_KBL_10_400_000651_A1_01_temp.xml to xmlRefFileName: c:\appveyor\bin\E3.3DRoutingBridge\Mainline\E3.BridgeTest\TestFiles\KBL_Import_Tests\Results\2023-10-10--12-01-40_KBL_10_400_000651_A1_01_ref_temp.xml&#xD;
[12:01:40]  Test KBL_10_400_000651_A1_01 for Tool 3DRoutingBridge equal to Reference!&#xD;
[12:01:40]  Der Test  3DRoutingBridge is successful!&#xD;
[12:01:40]  TestCleanup</StdOut>
      </Output>
    </UnitTestResult>
    <UnitTestResult executionId="a7b980dd-6ae6-4b60-9e9c-d2d7c2bf49bd" testId="002503c6-793f-4b54-91e3-4492c80ea246" testName="Designer_41944" computerName="F27715BE3A7B" duration="00:00:31.5320974" startTime="2023-10-10T11:59:49.2506875+02:00" endTime="2023-10-10T12:00:30.8772920+02:00" testType="13cdc9d9-ddb5-4fa4-a97d-d965ccfc6d4b" outcome="Passed" testListId="8c84fa94-04c1-424b-9868-57a2d4851a1d" relativeResultsDirectory="a7b980dd-6ae6-4b60-9e9c-d2d7c2bf49bd">
      <Output>
        <StdOut>TotalProcessorTime: 00:00:00.0937500&#xD;
ProcessName: E3.series&#xD;
StartTime: 10/10/2023 11:59:49 AM&#xD;
Cnt: 1&#xD;
TotalProcessorTime: 00:00:01.1093750&#xD;
ProcessName: E3.series&#xD;
StartTime: 10/10/2023 11:59:49 AM&#xD;
Cnt: 2&#xD;
TotalProcessorTime: 00:00:02.0781250&#xD;
ProcessName: E3.series&#xD;
StartTime: 10/10/2023 11:59:49 AM&#xD;
Cnt: 3&#xD;
TotalProcessorTime: 00:00:03.0781250&#xD;
ProcessName: E3.series&#xD;
StartTime: 10/10/2023 11:59:49 AM&#xD;
Cnt: 4&#xD;
---Start: 10.10.2023 - 11:59:59---
&#xD;
[11:59:59]  Using E3 2024 (Oct 10 2023 11:15:29 Build 25.00-Develop @264160) 64 Bit, ProcessId 37448&#xD;
[11:59:59]  Start Test: Designer_41944&#xD;
[11:59:59]  Defining database with name Standard...
Given paths are: c:\appveyor\bin\E3.3DRoutingBridge\Mainline\E3.BridgeTest\TestFiles\Designer-41944\..\Databases\Standard\Components.mdb	c:\appveyor\bin\E3.3DRoutingBridge\Mainline\E3.BridgeTest\TestFiles\Designer-41944\..\Databases\Standard\symbols.mdb	c:\appveyor\bin\E3.3DRoutingBridge\Mainline\E3.BridgeTest\TestFiles\Designer-41944\..\Databases\Standard\Configuration.mdb&#xD;
[12:00:04]  Setting current database Standard&#xD;
[12:00:05]  E3 open project&#xD;
[12:00:05]  Doing repaircheck...&#xD;
[12:00:06]  Tool startet: c:\\appveyor\\bin\\E3.3DRoutingBridge\\Mainline\\bin\\Release\\x64\\E3_3DRoutingBridge.exe&#xD;
[12:00:29]  Tool fertig: c:\\appveyor\\bin\\E3.3DRoutingBridge\\Mainline\\bin\\Release\\x64\\E3_3DRoutingBridge.exe : ExitCode 0&#xD;
[12:00:30]  test.NAME: Designer_41944&#xD;
[12:00:30]  preparedOutputFile: c:\appveyor\bin\E3.3DRoutingBridge\Mainline\E3.BridgeTest\TestFiles\Designer-41944\Results\2023-10-10--12-00-29_Designer_41944_temp&#xD;
[12:00:30]  preparedReferenceFile: c:\appveyor\bin\E3.3DRoutingBridge\Mainline\E3.BridgeTest\TestFiles\Designer-41944\Results\2023-10-10--12-00-29_Designer_41944_ref_temp&#xD;
[12:00:30]  Start CompareXML: xmlExportFileName: c:\appveyor\bin\E3.3DRoutingBridge\Mainline\E3.BridgeTest\TestFiles\Designer-41944\Results\2023-10-10--12-00-29_Designer_41944_temp to xmlRefFileName: c:\appveyor\bin\E3.3DRoutingBridge\Mainline\E3.BridgeTest\TestFiles\Designer-41944\Results\2023-10-10--12-00-29_Designer_41944_ref_temp&#xD;
[12:00:30]  Test Designer_41944 for Tool 3DRoutingBridge equal to Reference!&#xD;
[12:00:30]  Der Test  3DRoutingBridge is successful!&#xD;
[12:00:30]  TestCleanup</StdOut>
      </Output>
    </UnitTestResult>
    <UnitTestResult executionId="b08244db-d357-4e1c-b8a5-1634a66b640d" testId="7f141627-e3e8-6243-ee5c-f49fd45e1eaf" testName="KBL_document" computerName="F27715BE3A7B" startTime="2023-10-10T12:12:01.9322438+02:00" endTime="2023-10-10T12:12:01.9322438+02:00" testType="13cdc9d9-ddb5-4fa4-a97d-d965ccfc6d4b" outcome="NotExecuted" testListId="8c84fa94-04c1-424b-9868-57a2d4851a1d" relativeResultsDirectory="b08244db-d357-4e1c-b8a5-1634a66b640d">
      <Output></Output>
    </UnitTestResult>
    <UnitTestResult executionId="f01d89a1-255b-48d3-aae0-2e40818cd11e" testId="354668f8-77dd-4512-aa45-a37690fbf304" testName="KBL_FNA4164913_1" computerName="F27715BE3A7B" duration="00:02:13.8135511" startTime="2023-10-10T12:14:16.7532788+02:00" endTime="2023-10-10T12:16:30.5664901+02:00" testType="13cdc9d9-ddb5-4fa4-a97d-d965ccfc6d4b" outcome="Passed" testListId="8c84fa94-04c1-424b-9868-57a2d4851a1d" relativeResultsDirectory="f01d89a1-255b-48d3-aae0-2e40818cd11e">
      <Output>
        <StdOut>[12:14:16]  Start Test: KBL_FNA4164913_1&#xD;
[12:14:17]  Defining database with name Standard...
Given paths are: c:\appveyor\bin\E3.3DRoutingBridge\Mainline\E3.BridgeTest\TestFiles\KBL_Import_Tests\..\Databases\Standard\Components.mdb	c:\appveyor\bin\E3.3DRoutingBridge\Mainline\E3.BridgeTest\TestFiles\KBL_Import_Tests\..\Databases\Standard\symbols.mdb	c:\appveyor\bin\E3.3DRoutingBridge\Mainline\E3.BridgeTest\TestFiles\KBL_Import_Tests\..\Databases\Standard\Configuration.mdb&#xD;
[12:14:22]  Setting current database Standard&#xD;
[12:14:23]  E3 open project&#xD;
[12:14:23]  Doing repaircheck...&#xD;
[12:14:24]  Tool startet: c:\\appveyor\\bin\\E3.3DRoutingBridge\\Mainline\\bin\\Release\\x64\\E3_3DRoutingBridge.exe&#xD;
[12:16:28]  Tool fertig: c:\\appveyor\\bin\\E3.3DRoutingBridge\\Mainline\\bin\\Release\\x64\\E3_3DRoutingBridge.exe : ExitCode 0&#xD;
[12:16:30]  test.NAME: KBL_FNA4164913_1&#xD;
[12:16:30]  preparedOutputFile: c:\appveyor\bin\E3.3DRoutingBridge\Mainline\E3.BridgeTest\TestFiles\KBL_Import_Tests\Results\2023-10-10--12-16-29_KBL_FNA4164913_1_temp.xml&#xD;
[12:16:30]  preparedReferenceFile: c:\appveyor\bin\E3.3DRoutingBridge\Mainline\E3.BridgeTest\TestFiles\KBL_Import_Tests\Results\2023-10-10--12-16-29_KBL_FNA4164913_1_ref_temp.xml&#xD;
[12:16:30]  Start CompareXML: xmlExportFileName: c:\appveyor\bin\E3.3DRoutingBridge\Mainline\E3.BridgeTest\TestFiles\KBL_Import_Tests\Results\2023-10-10--12-16-29_KBL_FNA4164913_1_temp.xml to xmlRefFileName: c:\appveyor\bin\E3.3DRoutingBridge\Mainline\E3.BridgeTest\TestFiles\KBL_Import_Tests\Results\2023-10-10--12-16-29_KBL_FNA4164913_1_ref_temp.xml&#xD;
[12:16:30]  Test KBL_FNA4164913_1 for Tool 3DRoutingBridge equal to Reference!&#xD;
[12:16:30]  Der Test  3DRoutingBridge is successful!&#xD;
[12:16:30]  TestCleanup</StdOut>
      </Output>
    </UnitTestResult>
    <UnitTestResult executionId="cf7e7e49-bb9a-44d9-b1e9-3e692ac0eb09" testId="40db2381-002f-4258-b934-dd3b3affc8e3" testName="KBL_MCAD_KP7_Testdaten_UAT3_31_01_2022_Thy_1" computerName="F27715BE3A7B" duration="00:00:21.3710611" startTime="2023-10-10T12:22:03.6273943+02:00" endTime="2023-10-10T12:22:25.0055161+02:00" testType="13cdc9d9-ddb5-4fa4-a97d-d965ccfc6d4b" outcome="Passed" testListId="8c84fa94-04c1-424b-9868-57a2d4851a1d" relativeResultsDirectory="cf7e7e49-bb9a-44d9-b1e9-3e692ac0eb09">
      <Output>
        <StdOut>[12:22:03]  Start Test: KBL_MCAD_KP7_Testdaten_UAT3_31_01_2022_Thy_1&#xD;
[12:22:04]  Defining database with name Standard...
Given paths are: c:\appveyor\bin\E3.3DRoutingBridge\Mainline\E3.BridgeTest\TestFiles\KBL_Import_Tests\..\Databases\Standard\Components.mdb	c:\appveyor\bin\E3.3DRoutingBridge\Mainline\E3.BridgeTest\TestFiles\KBL_Import_Tests\..\Databases\Standard\symbols.mdb	c:\appveyor\bin\E3.3DRoutingBridge\Mainline\E3.BridgeTest\TestFiles\KBL_Import_Tests\..\Databases\Standard\Configuration.mdb&#xD;
[12:22:08]  Setting current database Standard&#xD;
[12:22:09]  E3 open project&#xD;
[12:22:09]  Doing repaircheck...&#xD;
[12:22:10]  Tool startet: c:\\appveyor\\bin\\E3.3DRoutingBridge\\Mainline\\bin\\Release\\x64\\E3_3DRoutingBridge.exe&#xD;
[12:22:24]  Tool fertig: c:\\appveyor\\bin\\E3.3DRoutingBridge\\Mainline\\bin\\Release\\x64\\E3_3DRoutingBridge.exe : ExitCode 0&#xD;
[12:22:24]  test.NAME: KBL_MCAD_KP7_Testdaten_UAT3_31_01_2022_Thy_1&#xD;
[12:22:24]  preparedOutputFile: c:\appveyor\bin\E3.3DRoutingBridge\Mainline\E3.BridgeTest\TestFiles\KBL_Import_Tests\Results\2023-10-10--12-22-24_KBL_MCAD_KP7_Testdaten_UAT3_31_01_2022_Thy_1_temp.xml&#xD;
[12:22:24]  preparedReferenceFile: c:\appveyor\bin\E3.3DRoutingBridge\Mainline\E3.BridgeTest\TestFiles\KBL_Import_Tests\Results\2023-10-10--12-22-24_KBL_MCAD_KP7_Testdaten_UAT3_31_01_2022_Thy_1_ref_temp.xml&#xD;
[12:22:24]  Start CompareXML: xmlExportFileName: c:\appveyor\bin\E3.3DRoutingBridge\Mainline\E3.BridgeTest\TestFiles\KBL_Import_Tests\Results\2023-10-10--12-22-24_KBL_MCAD_KP7_Testdaten_UAT3_31_01_2022_Thy_1_temp.xml to xmlRefFileName: c:\appveyor\bin\E3.3DRoutingBridge\Mainline\E3.BridgeTest\TestFiles\KBL_Import_Tests\Results\2023-10-10--12-22-24_KBL_MCAD_KP7_Testdaten_UAT3_31_01_2022_Thy_1_ref_temp.xml&#xD;
[12:22:24]  Test KBL_MCAD_KP7_Testdaten_UAT3_31_01_2022_Thy_1 for Tool 3DRoutingBridge equal to Reference!&#xD;
[12:22:24]  Der Test  3DRoutingBridge is successful!&#xD;
[12:22:24]  TestCleanup</StdOut>
      </Output>
    </UnitTestResult>
    <UnitTestResult executionId="49419751-b3a7-4575-b9cd-1b059d311903" testId="00cf9b18-417c-4c7b-baad-0214c83c6198" testName="KBL_8893661179_CM1E_POWERPACK_HARNESS_HCA" computerName="F27715BE3A7B" duration="00:00:59.6583040" startTime="2023-10-10T12:04:27.5561754+02:00" endTime="2023-10-10T12:05:27.2088587+02:00" testType="13cdc9d9-ddb5-4fa4-a97d-d965ccfc6d4b" outcome="Passed" testListId="8c84fa94-04c1-424b-9868-57a2d4851a1d" relativeResultsDirectory="49419751-b3a7-4575-b9cd-1b059d311903">
      <Output>
        <StdOut>[12:04:27]  Start Test: KBL_8893661179_CM1E_POWERPACK_HARNESS_HCA&#xD;
[12:04:28]  Defining database with name Standard...
Given paths are: c:\appveyor\bin\E3.3DRoutingBridge\Mainline\E3.BridgeTest\TestFiles\KBL_Import_Tests\..\Databases\Standard\Components.mdb	c:\appveyor\bin\E3.3DRoutingBridge\Mainline\E3.BridgeTest\TestFiles\KBL_Import_Tests\..\Databases\Standard\symbols.mdb	c:\appveyor\bin\E3.3DRoutingBridge\Mainline\E3.BridgeTest\TestFiles\KBL_Import_Tests\..\Databases\Standard\Configuration.mdb&#xD;
[12:04:32]  Setting current database Standard&#xD;
[12:04:33]  E3 open project&#xD;
[12:04:34]  Doing repaircheck...&#xD;
[12:04:34]  Tool startet: c:\\appveyor\\bin\\E3.3DRoutingBridge\\Mainline\\bin\\Release\\x64\\E3_3DRoutingBridge.exe&#xD;
[12:05:26]  Tool fertig: c:\\appveyor\\bin\\E3.3DRoutingBridge\\Mainline\\bin\\Release\\x64\\E3_3DRoutingBridge.exe : ExitCode 0&#xD;
[12:05:26]  test.NAME: KBL_8893661179_CM1E_POWERPACK_HARNESS_HCA&#xD;
[12:05:26]  preparedOutputFile: c:\appveyor\bin\E3.3DRoutingBridge\Mainline\E3.BridgeTest\TestFiles\KBL_Import_Tests\Results\2023-10-10--12-05-26_KBL_8893661179_CM1E_POWERPACK_HARNESS_HCA_temp.xml&#xD;
[12:05:26]  preparedReferenceFile: c:\appveyor\bin\E3.3DRoutingBridge\Mainline\E3.BridgeTest\TestFiles\KBL_Import_Tests\Results\2023-10-10--12-05-26_KBL_8893661179_CM1E_POWERPACK_HARNESS_HCA_ref_temp.xml&#xD;
[12:05:26]  Start CompareXML: xmlExportFileName: c:\appveyor\bin\E3.3DRoutingBridge\Mainline\E3.BridgeTest\TestFiles\KBL_Import_Tests\Results\2023-10-10--12-05-26_KBL_8893661179_CM1E_POWERPACK_HARNESS_HCA_temp.xml to xmlRefFileName: c:\appveyor\bin\E3.3DRoutingBridge\Mainline\E3.BridgeTest\TestFiles\KBL_Import_Tests\Results\2023-10-10--12-05-26_KBL_8893661179_CM1E_POWERPACK_HARNESS_HCA_ref_temp.xml&#xD;
[12:05:27]  Test KBL_8893661179_CM1E_POWERPACK_HARNESS_HCA for Tool 3DRoutingBridge equal to Reference!&#xD;
[12:05:27]  Der Test  3DRoutingBridge is successful!&#xD;
[12:05:27]  TestCleanup</StdOut>
      </Output>
    </UnitTestResult>
    <UnitTestResult executionId="77fd28c7-9bee-410d-861c-b970b0017f07" testId="acab127d-0081-40c0-8c58-90219192a3e2" testName="KBL_SampleProductA_1" computerName="F27715BE3A7B" duration="00:01:10.5877086" startTime="2023-10-10T12:22:25.0065407+02:00" endTime="2023-10-10T12:23:35.5963925+02:00" testType="13cdc9d9-ddb5-4fa4-a97d-d965ccfc6d4b" outcome="Passed" testListId="8c84fa94-04c1-424b-9868-57a2d4851a1d" relativeResultsDirectory="77fd28c7-9bee-410d-861c-b970b0017f07">
      <Output>
        <StdOut>[12:22:25]  Start Test: KBL_SampleProductA_1&#xD;
[12:22:25]  Defining database with name Standard...
Given paths are: c:\appveyor\bin\E3.3DRoutingBridge\Mainline\E3.BridgeTest\TestFiles\KBL_Import_Tests\..\Databases\Standard\Components.mdb	c:\appveyor\bin\E3.3DRoutingBridge\Mainline\E3.BridgeTest\TestFiles\KBL_Import_Tests\..\Databases\Standard\symbols.mdb	c:\appveyor\bin\E3.3DRoutingBridge\Mainline\E3.BridgeTest\TestFiles\KBL_Import_Tests\..\Databases\Standard\Configuration.mdb&#xD;
[12:22:29]  Setting current database Standard&#xD;
[12:22:30]  E3 open project&#xD;
[12:22:31]  Doing repaircheck...&#xD;
[12:22:31]  Tool startet: c:\\appveyor\\bin\\E3.3DRoutingBridge\\Mainline\\bin\\Release\\x64\\E3_3DRoutingBridge.exe&#xD;
[12:23:35]  Tool fertig: c:\\appveyor\\bin\\E3.3DRoutingBridge\\Mainline\\bin\\Release\\x64\\E3_3DRoutingBridge.exe : ExitCode 0&#xD;
[12:23:35]  test.NAME: KBL_SampleProductA_1&#xD;
[12:23:35]  preparedOutputFile: c:\appveyor\bin\E3.3DRoutingBridge\Mainline\E3.BridgeTest\TestFiles\KBL_Import_Tests\Results\2023-10-10--12-23-35_KBL_SampleProductA_1_temp.xml&#xD;
[12:23:35]  preparedReferenceFile: c:\appveyor\bin\E3.3DRoutingBridge\Mainline\E3.BridgeTest\TestFiles\KBL_Import_Tests\Results\2023-10-10--12-23-35_KBL_SampleProductA_1_ref_temp.xml&#xD;
[12:23:35]  Start CompareXML: xmlExportFileName: c:\appveyor\bin\E3.3DRoutingBridge\Mainline\E3.BridgeTest\TestFiles\KBL_Import_Tests\Results\2023-10-10--12-23-35_KBL_SampleProductA_1_temp.xml to xmlRefFileName: c:\appveyor\bin\E3.3DRoutingBridge\Mainline\E3.BridgeTest\TestFiles\KBL_Import_Tests\Results\2023-10-10--12-23-35_KBL_SampleProductA_1_ref_temp.xml&#xD;
[12:23:35]  Test KBL_SampleProductA_1 for Tool 3DRoutingBridge equal to Reference!&#xD;
[12:23:35]  Der Test  3DRoutingBridge is successful!&#xD;
[12:23:35]  TestCleanup</StdOut>
      </Output>
    </UnitTestResult>
    <UnitTestResult executionId="ad0d3eba-6e08-4b4c-8a22-1d2198a83dd3" testId="38192c66-e749-4677-98b0-f21fd123aa64" testName="KBL_1D001826_CREO7_ASM" computerName="F27715BE3A7B" duration="00:01:12.6816762" startTime="2023-10-10T12:02:54.4607090+02:00" endTime="2023-10-10T12:04:07.1556656+02:00" testType="13cdc9d9-ddb5-4fa4-a97d-d965ccfc6d4b" outcome="Passed" testListId="8c84fa94-04c1-424b-9868-57a2d4851a1d" relativeResultsDirectory="ad0d3eba-6e08-4b4c-8a22-1d2198a83dd3">
      <Output>
        <StdOut>[12:02:54]  Start Test: KBL_1D001826_CREO7_ASM&#xD;
[12:02:55]  Defining database with name Standard...
Given paths are: c:\appveyor\bin\E3.3DRoutingBridge\Mainline\E3.BridgeTest\TestFiles\KBL_Import_Tests\..\Databases\Standard\Components.mdb	c:\appveyor\bin\E3.3DRoutingBridge\Mainline\E3.BridgeTest\TestFiles\KBL_Import_Tests\..\Databases\Standard\symbols.mdb	c:\appveyor\bin\E3.3DRoutingBridge\Mainline\E3.BridgeTest\TestFiles\KBL_Import_Tests\..\Databases\Standard\Configuration.mdb&#xD;
[12:02:59]  Setting current database Standard&#xD;
[12:03:00]  E3 open project&#xD;
[12:03:01]  Doing repaircheck...&#xD;
[12:03:01]  Tool startet: c:\\appveyor\\bin\\E3.3DRoutingBridge\\Mainline\\bin\\Release\\x64\\E3_3DRoutingBridge.exe&#xD;
[12:03:58]  Tool fertig: c:\\appveyor\\bin\\E3.3DRoutingBridge\\Mainline\\bin\\Release\\x64\\E3_3DRoutingBridge.exe : ExitCode 0&#xD;
[12:04:02]  test.NAME: KBL_1D001826_CREO7_ASM&#xD;
[12:04:02]  preparedOutputFile: c:\appveyor\bin\E3.3DRoutingBridge\Mainline\E3.BridgeTest\TestFiles\KBL_Import_Tests\Results\2023-10-10--12-04-01_KBL_1D001826_CREO7_ASM_temp.xml&#xD;
[12:04:02]  preparedReferenceFile: c:\appveyor\bin\E3.3DRoutingBridge\Mainline\E3.BridgeTest\TestFiles\KBL_Import_Tests\Results\2023-10-10--12-04-01_KBL_1D001826_CREO7_ASM_ref_temp.xml&#xD;
[12:04:02]  Start CompareXML: xmlExportFileName: c:\appveyor\bin\E3.3DRoutingBridge\Mainline\E3.BridgeTest\TestFiles\KBL_Import_Tests\Results\2023-10-10--12-04-01_KBL_1D001826_CREO7_ASM_temp.xml to xmlRefFileName: c:\appveyor\bin\E3.3DRoutingBridge\Mainline\E3.BridgeTest\TestFiles\KBL_Import_Tests\Results\2023-10-10--12-04-01_KBL_1D001826_CREO7_ASM_ref_temp.xml&#xD;
[12:04:06]  Test KBL_1D001826_CREO7_ASM for Tool 3DRoutingBridge equal to Reference!&#xD;
[12:04:06]  Der Test  3DRoutingBridge is successful!&#xD;
[12:04:06]  TestCleanup</StdOut>
      </Output>
    </UnitTestResult>
    <UnitTestResult executionId="41813aaf-db5a-4edd-9b72-64ce4d628d3f" testId="067842a7-784e-dd16-4838-cdb2f444dc1a" testName="KBL_A2135405416__________0030_3__a213_540_54_16_028_20161213_hcv_document" computerName="F27715BE3A7B" startTime="2023-10-10T12:09:38.5498792+02:00" endTime="2023-10-10T12:09:38.5498792+02:00" testType="13cdc9d9-ddb5-4fa4-a97d-d965ccfc6d4b" outcome="NotExecuted" testListId="8c84fa94-04c1-424b-9868-57a2d4851a1d" relativeResultsDirectory="41813aaf-db5a-4edd-9b72-64ce4d628d3f">
      <Output></Output>
    </UnitTestResult>
    <UnitTestResult executionId="3a2b3324-319c-4190-b3f8-cdda5b842166" testId="2ced3696-50e8-4967-8305-f20fdca86227" testName="KBL_0000432209_AS_HV_WIRING_EE_UNIT" computerName="F27715BE3A7B" duration="00:00:42.1272436" startTime="2023-10-10T12:00:30.9357927+02:00" endTime="2023-10-10T12:01:13.0639806+02:00" testType="13cdc9d9-ddb5-4fa4-a97d-d965ccfc6d4b" outcome="Passed" testListId="8c84fa94-04c1-424b-9868-57a2d4851a1d" relativeResultsDirectory="3a2b3324-319c-4190-b3f8-cdda5b842166">
      <Output>
        <StdOut>[12:00:30]  Start Test: KBL_0000432209_AS_HV_WIRING_EE_UNIT&#xD;
[12:00:31]  Defining database with name Standard...
Given paths are: c:\appveyor\bin\E3.3DRoutingBridge\Mainline\E3.BridgeTest\TestFiles\KBL_Import_Tests\..\Databases\Standard\Components.mdb	c:\appveyor\bin\E3.3DRoutingBridge\Mainline\E3.BridgeTest\TestFiles\KBL_Import_Tests\..\Databases\Standard\symbols.mdb	c:\appveyor\bin\E3.3DRoutingBridge\Mainline\E3.BridgeTest\TestFiles\KBL_Import_Tests\..\Databases\Standard\Configuration.mdb&#xD;
[12:00:35]  Setting current database Standard&#xD;
[12:00:36]  E3 open project&#xD;
[12:00:37]  Doing repaircheck...&#xD;
[12:00:37]  Tool startet: c:\\appveyor\\bin\\E3.3DRoutingBridge\\Mainline\\bin\\Release\\x64\\E3_3DRoutingBridge.exe&#xD;
[12:01:12]  Tool fertig: c:\\appveyor\\bin\\E3.3DRoutingBridge\\Mainline\\bin\\Release\\x64\\E3_3DRoutingBridge.exe : ExitCode 0&#xD;
[12:01:12]  test.NAME: KBL_0000432209_AS_HV_WIRING_EE_UNIT&#xD;
[12:01:12]  preparedOutputFile: c:\appveyor\bin\E3.3DRoutingBridge\Mainline\E3.BridgeTest\TestFiles\KBL_Import_Tests\Results\2023-10-10--12-01-12_KBL_0000432209_AS_HV_WIRING_EE_UNIT_temp.xml&#xD;
[12:01:12]  preparedReferenceFile: c:\appveyor\bin\E3.3DRoutingBridge\Mainline\E3.BridgeTest\TestFiles\KBL_Import_Tests\Results\2023-10-10--12-01-12_KBL_0000432209_AS_HV_WIRING_EE_UNIT_ref_temp.xml&#xD;
[12:01:12]  Start CompareXML: xmlExportFileName: c:\appveyor\bin\E3.3DRoutingBridge\Mainline\E3.BridgeTest\TestFiles\KBL_Import_Tests\Results\2023-10-10--12-01-12_KBL_0000432209_AS_HV_WIRING_EE_UNIT_temp.xml to xmlRefFileName: c:\appveyor\bin\E3.3DRoutingBridge\Mainline\E3.BridgeTest\TestFiles\KBL_Import_Tests\Results\2023-10-10--12-01-12_KBL_0000432209_AS_HV_WIRING_EE_UNIT_ref_temp.xml&#xD;
[12:01:12]  Test KBL_0000432209_AS_HV_WIRING_EE_UNIT for Tool 3DRoutingBridge equal to Reference!&#xD;
[12:01:12]  Der Test  3DRoutingBridge is successful!&#xD;
[12:01:12]  TestCleanup</StdOut>
      </Output>
    </UnitTestResult>
    <UnitTestResult executionId="0b4ee2f4-ea29-46fc-96c0-146ab9bfec1a" testId="f9e09f0c-b9e0-4f4c-a552-a45e3b24f4b4" testName="KBL_FourthSample" computerName="F27715BE3A7B" duration="00:00:21.2356898" startTime="2023-10-10T12:19:12.3813630+02:00" endTime="2023-10-10T12:19:33.6256668+02:00" testType="13cdc9d9-ddb5-4fa4-a97d-d965ccfc6d4b" outcome="Passed" testListId="8c84fa94-04c1-424b-9868-57a2d4851a1d" relativeResultsDirectory="0b4ee2f4-ea29-46fc-96c0-146ab9bfec1a">
      <Output>
        <StdOut>[12:19:12]  Start Test: KBL_FourthSample&#xD;
[12:19:13]  Defining database with name Standard...
Given paths are: c:\appveyor\bin\E3.3DRoutingBridge\Mainline\E3.BridgeTest\TestFiles\KBL_Import_Tests\..\Databases\Standard\Components.mdb	c:\appveyor\bin\E3.3DRoutingBridge\Mainline\E3.BridgeTest\TestFiles\KBL_Import_Tests\..\Databases\Standard\symbols.mdb	c:\appveyor\bin\E3.3DRoutingBridge\Mainline\E3.BridgeTest\TestFiles\KBL_Import_Tests\..\Databases\Standard\Configuration.mdb&#xD;
[12:19:17]  Setting current database Standard&#xD;
[12:19:18]  E3 open project&#xD;
[12:19:18]  Doing repaircheck...&#xD;
[12:19:19]  Tool startet: c:\\appveyor\\bin\\E3.3DRoutingBridge\\Mainline\\bin\\Release\\x64\\E3_3DRoutingBridge.exe&#xD;
[12:19:33]  Tool fertig: c:\\appveyor\\bin\\E3.3DRoutingBridge\\Mainline\\bin\\Release\\x64\\E3_3DRoutingBridge.exe : ExitCode 0&#xD;
[12:19:33]  test.NAME: KBL_FourthSample&#xD;
[12:19:33]  preparedOutputFile: c:\appveyor\bin\E3.3DRoutingBridge\Mainline\E3.BridgeTest\TestFiles\KBL_Import_Tests\Results\2023-10-10--12-19-33_KBL_FourthSample_temp.xml&#xD;
[12:19:33]  preparedReferenceFile: c:\appveyor\bin\E3.3DRoutingBridge\Mainline\E3.BridgeTest\TestFiles\KBL_Import_Tests\Results\2023-10-10--12-19-33_KBL_FourthSample_ref_temp.xml&#xD;
[12:19:33]  Start CompareXML: xmlExportFileName: c:\appveyor\bin\E3.3DRoutingBridge\Mainline\E3.BridgeTest\TestFiles\KBL_Import_Tests\Results\2023-10-10--12-19-33_KBL_FourthSample_temp.xml to xmlRefFileName: c:\appveyor\bin\E3.3DRoutingBridge\Mainline\E3.BridgeTest\TestFiles\KBL_Import_Tests\Results\2023-10-10--12-19-33_KBL_FourthSample_ref_temp.xml&#xD;
[12:19:33]  Test KBL_FourthSample for Tool 3DRoutingBridge equal to Reference!&#xD;
[12:19:33]  Der Test  3DRoutingBridge is successful!&#xD;
[12:19:33]  TestCleanup</StdOut>
      </Output>
    </UnitTestResult>
    <UnitTestResult executionId="aed3300c-3a2f-4aa7-853b-169708c94f73" testId="36d7e872-e5ea-a3c9-2b20-97e7914bc436" testName="KBL_BMW_77967_MZ_KAROSSERIE_G07_LL_PVL" computerName="F27715BE3A7B" startTime="2023-10-10T12:11:28.9828626+02:00" endTime="2023-10-10T12:11:28.9828626+02:00" testType="13cdc9d9-ddb5-4fa4-a97d-d965ccfc6d4b" outcome="NotExecuted" testListId="8c84fa94-04c1-424b-9868-57a2d4851a1d" relativeResultsDirectory="aed3300c-3a2f-4aa7-853b-169708c94f73">
      <Output></Output>
    </UnitTestResult>
    <UnitTestResult executionId="cbcb0498-93b5-4fb4-bcb4-f219dda3e2ed" testId="01cad006-abeb-4ea0-8293-2c062aaad4b3" testName="KBL_WIRE_HARN_ASSM_FLOOR_STBD_MK1_SAM1_1" computerName="F27715BE3A7B" duration="00:01:48.7771567" startTime="2023-10-10T12:24:43.8148692+02:00" endTime="2023-10-10T12:26:32.7184021+02:00" testType="13cdc9d9-ddb5-4fa4-a97d-d965ccfc6d4b" outcome="Passed" testListId="8c84fa94-04c1-424b-9868-57a2d4851a1d" relativeResultsDirectory="cbcb0498-93b5-4fb4-bcb4-f219dda3e2ed">
      <Output>
        <StdOut>[12:24:43]  Start Test: KBL_WIRE_HARN_ASSM_FLOOR_STBD_MK1_SAM1_1&#xD;
[12:24:44]  Defining database with name Standard...
Given paths are: c:\appveyor\bin\E3.3DRoutingBridge\Mainline\E3.BridgeTest\TestFiles\KBL_Import_Tests\..\Databases\Standard\Components.mdb	c:\appveyor\bin\E3.3DRoutingBridge\Mainline\E3.BridgeTest\TestFiles\KBL_Import_Tests\..\Databases\Standard\symbols.mdb	c:\appveyor\bin\E3.3DRoutingBridge\Mainline\E3.BridgeTest\TestFiles\KBL_Import_Tests\..\Databases\Standard\Configuration.mdb&#xD;
[12:24:48]  Setting current database Standard&#xD;
[12:24:49]  E3 open project&#xD;
[12:24:49]  Doing repaircheck...&#xD;
[12:24:50]  Tool startet: c:\\appveyor\\bin\\E3.3DRoutingBridge\\Mainline\\bin\\Release\\x64\\E3_3DRoutingBridge.exe&#xD;
[12:26:31]  Tool fertig: c:\\appveyor\\bin\\E3.3DRoutingBridge\\Mainline\\bin\\Release\\x64\\E3_3DRoutingBridge.exe : ExitCode 0&#xD;
[12:26:32]  test.NAME: KBL_WIRE_HARN_ASSM_FLOOR_STBD_MK1_SAM1_1&#xD;
[12:26:32]  preparedOutputFile: c:\appveyor\bin\E3.3DRoutingBridge\Mainline\E3.BridgeTest\TestFiles\KBL_Import_Tests\Results\2023-10-10--12-26-31_KBL_WIRE_HARN_ASSM_FLOOR_STBD_MK1_SAM1_1_temp.xml&#xD;
[12:26:32]  preparedReferenceFile: c:\appveyor\bin\E3.3DRoutingBridge\Mainline\E3.BridgeTest\TestFiles\KBL_Import_Tests\Results\2023-10-10--12-26-31_KBL_WIRE_HARN_ASSM_FLOOR_STBD_MK1_SAM1_1_ref_temp.xml&#xD;
[12:26:32]  Start CompareXML: xmlExportFileName: c:\appveyor\bin\E3.3DRoutingBridge\Mainline\E3.BridgeTest\TestFiles\KBL_Import_Tests\Results\2023-10-10--12-26-31_KBL_WIRE_HARN_ASSM_FLOOR_STBD_MK1_SAM1_1_temp.xml to xmlRefFileName: c:\appveyor\bin\E3.3DRoutingBridge\Mainline\E3.BridgeTest\TestFiles\KBL_Import_Tests\Results\2023-10-10--12-26-31_KBL_WIRE_HARN_ASSM_FLOOR_STBD_MK1_SAM1_1_ref_temp.xml&#xD;
[12:26:32]  Test KBL_WIRE_HARN_ASSM_FLOOR_STBD_MK1_SAM1_1 for Tool 3DRoutingBridge equal to Reference!&#xD;
[12:26:32]  Der Test  3DRoutingBridge is successful!&#xD;
[12:26:32]  TestCleanup&#xD;

_____________________E3 output below_____________________
&#xD;
 E3: E³.series 2024 (Oct 10 2023 11:15:29 Build 25.00-Develop @264160) 64 Bit&#xD;
 E3: Workspace 'C:\Users\ContainerAdministrator\AppData\Roaming\Zuken\E3.series\25.0\workspace-cable-44.xml' could not be found. Workspace could not be opened!&#xD;
 E3: Project C:\fe4e93ab-f059-47bd-be8f-ce90468f279e\temp.e3s created.&#xD;
 E3: I - Item Validation enabled&#xD;
 E3: I - Validating project&#xD;
 E3: I - Validation enabled for this project&#xD;
 E3: I - Closing project 'temp' without saving modifications...&#xD;
 E3: I - Opening Project  c:\appveyor\bin\E3.3DRoutingBridge\Mainline\E3.BridgeTest\TestFiles\Templates\Empty.e3s&#xD;
 E3: I - Updating internal structures: 200 cycles up to version 2505...&#xD;
 E3: 2305 &#xD;
 E3: 2306 &#xD;
 E3: 2307 &#xD;
 E3: 2308 &#xD;
 E3: 2309 &#xD;
 E3: 2310 &#xD;
 E3: 2311 &#xD;
 E3: 2312 &#xD;
 E3: 2399 &#xD;
 E3: 2400 &#xD;
 E3: 2401 &#xD;
 E3: 2402 &#xD;
 E3: 2403 &#xD;
 E3: 2404 &#xD;
 E3: 2405 &#xD;
 E3: 2406 &#xD;
 E3: 2407 &#xD;
 E3: 2408 &#xD;
 E3: 2499 &#xD;
 E3: 2500 &#xD;
 E3: 2501 &#xD;
 E3: 2502 &#xD;
 E3: 2503 &#xD;
 E3: 2504 &#xD;
 E3: OK.&#xD;
 E3: Project c:\appveyor\bin\E3.3DRoutingBridge\Mainline\E3.BridgeTest\TestFiles\Templates\Empty.e3s opened.&#xD;
 E3: W - Project has been opened in READ ONLY mode, you can't save any changes to the existing project!&#xD;
 E3: I - Item Validation enabled&#xD;
 E3: I - Validating project&#xD;
 E3: I - Validation enabled for this project&#xD;
 E3: repair_check_extended(0)&#xD;
 E3: --------------------------------------------------------------------------&#xD;
 E3: consistency check (17)....
&#xD;
 E3: ....
&#xD;
 E3: dump lost....
&#xD;
 E3: ....
&#xD;
 E3: new consistency check (45) and dump lost items (46)....
&#xD;
 E3: ....
&#xD;
 E3: - done -------------------------------------------------------------------
&#xD;
 E3: I - No known issues found&#xD;
 E3: Starting Harness Import import&#xD;
 E3: I - Loading HD36-24-18-PN as mating connector of HD34-24-18-SN... &#xD;
 E3: I - Loading COMMON-C-B-AWG16 as crimp contact of HD34-24-18-SN... &#xD;
 E3: I - Loading COMMON-C-B-AWG8 as crimp contact of HD34-24-18-SN.1... &#xD;
 E3: I - Loading COMMON-C-B-AWG12 as crimp contact of HD34-24-18-SN.6... &#xD;
 E3: I - Loading COMMON-C-S-AWG16 as crimp contact of HD36-24-18-PN... &#xD;
 E3: I - Loading COMMON-C-S-AWG8 as crimp contact of HD36-24-18-PN.1... &#xD;
 E3: I - Loading COMMON-C-S-AWG12 as crimp contact of HD36-24-18-PN.6... &#xD;
 E3: I - Loading DT06-6S as mating connector of DT04-6P... &#xD;
 E3: I - Loading DT-C-S-AWG14-16 as crimp contact of DT04-6P... &#xD;
 E3: I - Loading DT-C-S-AWG16-18 as crimp contact of DT04-6P... &#xD;
 E3: I - Loading DT-C-B-AWG14-16 as crimp contact of DT06-6S... &#xD;
 E3: I - Loading DT-C-B-AWG16-18 as crimp contact of DT06-6S... &#xD;
 E3: I - Loading DT06-4S as mating connector of DT04-4P... &#xD;
 E3: I - Loading DT06-3S as mating connector of DT04-3P... &#xD;
 E3: I - Loading DTM06-4S as mating connector of DTM04-4P... &#xD;
 E3: I - Loading DTM-C-S-AWG20-24 as crimp contact of DTM04-4P... &#xD;
 E3: I - Loading DTM-C-B-AWG20-24 as crimp contact of DTM06-4S... &#xD;
 E3: I - Loading DTM06-2S as mating connector of DTM04-2P... &#xD;
 E3: I - Loading DT04-12P as mating connector of DT06-12S... &#xD;
 E3: W - Component BN20372_3442946 not found in database !&#xD;
 E3: W - Cannot load Component 'BN20372_3442946' from database - look in output window for details... &#xD;
 E3: E - Cannot create new device 'X10' with component 'BN20372_3442946'&#xD;
 E3: I - Loading DTM04-6P as mating connector of DTM06-6S... &#xD;
 E3: I - Loading DTM04-3P as mating connector of DTM06-3S... &#xD;
 E3: I - Wire '1' has been created with default wire group 'DefaultWireGroup' and wire 'DefaultWire'.&#xD;
 E3: I - Wire '2' has been created with default wire group 'DefaultWireGroup' and wire 'DefaultWire'.&#xD;
 E3: I - Wire '3' has been created with default wire group 'DefaultWireGroup' and wire 'DefaultWire'.&#xD;
 E3: I - Wire '4' has been created with default wire group 'DefaultWireGroup' and wire 'DefaultWire'.&#xD;
 E3: I - Wire '5' has been created with default wire group 'DefaultWireGroup' and wire 'DefaultWire'.&#xD;
 E3: I - Wire '6' has been created with default wire group 'DefaultWireGroup' and wire 'DefaultWire'.&#xD;
 E3: I - Wire '7' has been created with default wire group 'DefaultWireGroup' and wire 'DefaultWire'.&#xD;
 E3: I - Wire '8' has been created with default wire group 'DefaultWireGroup' and wire 'DefaultWire'.&#xD;
 E3: I - Wire '9' has been created with default wire group 'DefaultWireGroup' and wire 'DefaultWire'.&#xD;
 E3: I - Wire '10' has been created with default wire group 'DefaultWireGroup' and wire 'DefaultWire'.&#xD;
 E3: I - Wire '11' has been created with default wire group 'DefaultWireGroup' and wire 'DefaultWire'.&#xD;
 E3: I - Wire '12' has been created with default wire group 'DefaultWireGroup' and wire 'DefaultWire'.&#xD;
 E3: I - Wire '13' has been created with default wire group 'DefaultWireGroup' and wire 'DefaultWire'.&#xD;
 E3: I - Wire '14' has been created with default wire group 'DefaultWireGroup' and wire 'DefaultWire'.&#xD;
 E3: I - Wire '15' has been created with default wire group 'DefaultWireGroup' and wire 'DefaultWire'.&#xD;
 E3: I - Wire '16' has been created with default wire group 'DefaultWireGroup' and wire 'DefaultWire'.&#xD;
 E3: I - Wire '17' has been created with default wire group 'DefaultWireGroup' and wire 'DefaultWire'.&#xD;
 E3: I - Wire '18' has been created with default wire group 'DefaultWireGroup' and wire 'DefaultWire'.&#xD;
 E3: I - Wire '19' has been created with default wire group 'DefaultWireGroup' and wire 'DefaultWire'.&#xD;
 E3: I - Wire '20' has been created with default wire group 'DefaultWireGroup' and wire 'DefaultWire'.&#xD;
 E3: I - Wire '21' has been created with default wire group 'DefaultWireGroup' and wire 'DefaultWire'.&#xD;
 E3: I - Wire '22' has been created with default wire group 'DefaultWireGroup' and wire 'DefaultWire'.&#xD;
 E3: I - Wire '23' has been created with default wire group 'DefaultWireGroup' and wire 'DefaultWire'.&#xD;
 E3: I - Wire '24' has been created with default wire group 'DefaultWireGroup' and wire 'DefaultWire'.&#xD;
 E3: I - Wire '25' has been created with default wire group 'DefaultWireGroup' and wire 'DefaultWire'.&#xD;
 E3: I - Wire '27' has been created with default wire group 'DefaultWireGroup' and wire 'DefaultWire'.&#xD;
 E3: I - Wire '28' has been created with default wire group 'DefaultWireGroup' and wire 'DefaultWire'.&#xD;
 E3: I - Wire '29' has been created with default wire group 'DefaultWireGroup' and wire 'DefaultWire'.&#xD;
 E3: I - Wire '30' has been created with default wire group 'DefaultWireGroup' and wire 'DefaultWire'.&#xD;
 E3: I - Wire '31' has been created with default wire group 'DefaultWireGroup' and wire 'DefaultWire'.&#xD;
 E3: I - Wire '32' has been created with default wire group 'DefaultWireGroup' and wire 'DefaultWire'.&#xD;
 E3: I - Wire '33' has been created with default wire group 'DefaultWireGroup' and wire 'DefaultWire'.&#xD;
 E3: I - Wire '34' has been created with default wire group 'DefaultWireGroup' and wire 'DefaultWire'.&#xD;
 E3: I - Formboard sheet '__001' was created.&#xD;
 E3: I - Closing project 'Empty' without saving modifications...&#xD;
 E3: Project c:\appveyor\bin\E3.3DRoutingBridge\Mainline\E3.BridgeTest\TestFiles\Templates\temp.e3s created.&#xD;
 E3: I - Item Validation enabled&#xD;
 E3: I - Validating project&#xD;
 E3: I - Validation enabled for this project&#xD;
 E3: I - Closing project 'temp' without saving modifications...&#xD;
 E3: I - Opening Project  c:\appveyor\bin\E3.3DRoutingBridge\Mainline\E3.BridgeTest\TestFiles\Templates\Empty.e3s&#xD;
 E3: I - Updating internal structures: 200 cycles up to version 2505...&#xD;
 E3: 2305 &#xD;
 E3: 2306 &#xD;
 E3: 2307 &#xD;
 E3: 2308 &#xD;
 E3: 2309 &#xD;
 E3: 2310 &#xD;
 E3: 2311 &#xD;
 E3: 2312 &#xD;
 E3: 2399 &#xD;
 E3: 2400 &#xD;
 E3: 2401 &#xD;
 E3: 2402 &#xD;
 E3: 2403 &#xD;
 E3: 2404 &#xD;
 E3: 2405 &#xD;
 E3: 2406 &#xD;
 E3: 2407 &#xD;
 E3: 2408 &#xD;
 E3: 2499 &#xD;
 E3: 2500 &#xD;
 E3: 2501 &#xD;
 E3: 2502 &#xD;
 E3: 2503 &#xD;
 E3: 2504 &#xD;
 E3: OK.&#xD;
 E3: Project c:\appveyor\bin\E3.3DRoutingBridge\Mainline\E3.BridgeTest\TestFiles\Templates\Empty.e3s opened.&#xD;
 E3: W - Project has been opened in READ ONLY mode, you can't save any changes to the existing project!&#xD;
 E3: I - Item Validation enabled&#xD;
 E3: I - Validating project&#xD;
 E3: I - Validation enabled for this project&#xD;
 E3: repair_check_extended(0)&#xD;
 E3: --------------------------------------------------------------------------&#xD;
 E3: consistency check (17)....
&#xD;
 E3: ....
&#xD;
 E3: dump lost....
&#xD;
 E3: ....
&#xD;
 E3: new consistency check (45) and dump lost items (46)....
&#xD;
 E3: ....
&#xD;
 E3: - done -------------------------------------------------------------------
&#xD;
 E3: I - No known issues found&#xD;
 E3: Starting Harness Import import&#xD;
 E3: W - Component 34111 not found in database !&#xD;
 E3: W - Cannot load Component '34111' from database - look in output window for details... &#xD;
 E3: E - Cannot create new device '-X49' with component '34111'&#xD;
 E3: W - Component 130017 not found in database !&#xD;
 E3: W - Cannot load Component '130017' from database - look in output window for details... &#xD;
 E3: E - Cannot create new device '-X36' with component '130017'&#xD;
 E3: W - Component 34111 not found in database !&#xD;
 E3: W - Cannot load Component '34111' from database - look in output window for details... &#xD;
 E3: E - Cannot create new device '-X39' with component '34111'&#xD;
 E3: W - Component 936119-1 not found in database !&#xD;
 E3: W - Cannot load Component '936119-1' from database - look in output window for details... &#xD;
 E3: E - Cannot create new device '-X35' with component '936119-1'&#xD;
 E3: W - Component 936119-1 not found in database !&#xD;
 E3: W - Cannot load Component '936119-1' from database - look in output window for details... &#xD;
 E3: E - Cannot create new device '-X33' with component '936119-1'&#xD;
 E3: W - Component 34111 not found in database !&#xD;
 E3: W - Cannot load Component '34111' from database - look in output window for details... &#xD;
 E3: E - Cannot create new device '-X200' with component '34111'&#xD;
 E3: W - Component 130017 not found in database !&#xD;
 E3: W - Cannot load Component '130017' from database - look in output window for details... &#xD;
 E3: E - Cannot create new device '-X43' with component '130017'&#xD;
 E3: W - Component 34111 not found in database !&#xD;
 E3: W - Cannot load Component '34111' from database - look in output window for details... &#xD;
 E3: E - Cannot create new device '-X38' with component '34111'&#xD;
 E3: W - Component 130017 not found in database !&#xD;
 E3: W - Cannot load Component '130017' from database - look in output window for details... &#xD;
 E3: E - Cannot create new device '-X37' with component '130017'&#xD;
 E3: W - Component 1-917659-6 not found in database !&#xD;
 E3: W - Cannot load Component '1-917659-6' from database - look in output window for details... &#xD;
 E3: E - Cannot create new device '-X24' with component '1-917659-6'&#xD;
 E3: W - Component 936119-1 not found in database !&#xD;
 E3: W - Cannot load Component '936119-1' from database - look in output window for details... &#xD;
 E3: E - Cannot create new device '-X34' with component '936119-1'&#xD;
 E3: W - Component 34111 not found in database !&#xD;
 E3: W - Cannot load Component '34111' from database - look in output window for details... &#xD;
 E3: E - Cannot create new device '-X47' with component '34111'&#xD;
 E3: W - Component 34111 not found in database !&#xD;
 E3: W - Cannot load Component '34111' from database - look in output window for details... &#xD;
 E3: E - Cannot create new device '-X53' with component '34111'&#xD;
 E3: W - Component 1-1355397-3 not found in database !&#xD;
 E3: W - Cannot load Component '1-1355397-3' from database - look in output window for details... &#xD;
 E3: E - Cannot create new device '-X17' with component '1-1355397-3'&#xD;
 E3: W - Component 130017 not found in database !&#xD;
 E3: W - Cannot load Component '130017' from database - look in output window for details... &#xD;
 E3: E - Cannot create new device '-X40' with component '130017'&#xD;
 E3: W - Component 130017 not found in database !&#xD;
 E3: W - Cannot load Component '130017' from database - look in output window for details... &#xD;
 E3: E - Cannot create new device '-X25' with component '130017'&#xD;
 E3: W - Component 34111 not found in database !&#xD;
 E3: W - Cannot load Component '34111' from database - look in output window for details... &#xD;
 E3: E - Cannot create new device '-X27' with component '34111'&#xD;
 E3: W - Component 130017 not found in database !&#xD;
 E3: W - Cannot load Component '130017' from database - look in output window for details... &#xD;
 E3: E - Cannot create new device '-X29' with component '130017'&#xD;
 E3: W - Component 170725-2 not found in database !&#xD;
 E3: W - Cannot load Component '170725-2' from database - look in output window for details... &#xD;
 E3: E - Cannot create new device '-X201' with component '170725-2'&#xD;
 E3: W - Component 34111 not found in database !&#xD;
 E3: W - Cannot load Component '34111' from database - look in output window for details... &#xD;
 E3: E - Cannot create new device '-X32' with component '34111'&#xD;
 E3: W - Component 170725-2 not found in database !&#xD;
 E3: W - Cannot load Component '170725-2' from database - look in output window for details... &#xD;
 E3: E - Cannot create new device '-X202' with component '170725-2'&#xD;
 E3: W - Component 3-350819-2 not found in database !&#xD;
 E3: W - Cannot load Component '3-350819-2' from database - look in output window for details... &#xD;
 E3: E - Cannot create new device '-X51' with component '3-350819-2'&#xD;
 E3: W - Component 3-350819-2 not found in database !&#xD;
 E3: W - Cannot load Component '3-350819-2' from database - look in output window for details... &#xD;
 E3: E - Cannot create new device '-X50' with component '3-350819-2'&#xD;
 E3: W - Component 34111 not found in database !&#xD;
 E3: W - Cannot load Component '34111' from database - look in output window for details... &#xD;
 E3: E - Cannot create new device '-X42' with component '34111'&#xD;
 E3: W - Component 34111 not found in database !&#xD;
 E3: W - Cannot load Component '34111' from database - look in output window for details... &#xD;
 E3: E - Cannot create new device '-X48' with component '34111'&#xD;
 E3: W - Component 34111 not found in database !&#xD;
 E3: W - Cannot load Component '34111' from database - look in output window for details... &#xD;
 E3: E - Cannot create new device '-X46' with component '34111'&#xD;
 E3: W - Component 34111 not found in database !&#xD;
 E3: W - Cannot load Component '34111' from database - look in output window for details... &#xD;
 E3: E - Cannot create new device '-X52' with component '34111'&#xD;
 E3: W - Component 3-520132-2 not found in database !&#xD;
 E3: W - Cannot load Component '3-520132-2' from database - look in output window for details... &#xD;
 E3: E - Cannot create new device '-X44' with component '3-520132-2'&#xD;
 E3: W - Component 3-520132-2 not found in database !&#xD;
 E3: W - Cannot load Component '3-520132-2' from database - look in output window for details... &#xD;
 E3: E - Cannot create new device '-X45' with component '3-520132-2'&#xD;
 E3: Fixing '-FE01' can not be imported. It has no component code and no default component for fixings is defined!&#xD;
 E3: Fixing '-FE02' can not be imported. It has no component code and no default component for fixings is defined!&#xD;
 E3: Fixing '-FE03' can not be imported. It has no component code and no default component for fixings is defined!&#xD;
 E3: Fixing '-FE04' can not be imported. It has no component code and no default component for fixings is defined!&#xD;
 E3: Fixing '-FE05' can not be imported. It has no component code and no default component for fixings is defined!&#xD;
 E3: Fixing '-FE06' can not be imported. It has no component code and no default component for fixings is defined!&#xD;
 E3: Fixing '-FE07' can not be imported. It has no component code and no default component for fixings is defined!&#xD;
 E3: Fixing '-FE08' can not be imported. It has no component code and no default component for fixings is defined!&#xD;
 E3: Fixing '-FE09' can not be imported. It has no component code and no default component for fixings is defined!&#xD;
 E3: Fixing '-FE10' can not be imported. It has no component code and no default component for fixings is defined!&#xD;
 E3: Fixing '-FE11' can not be imported. It has no component code and no default component for fixings is defined!&#xD;
 E3: Fixing '-FE12' can not be imported. It has no component code and no default component for fixings is defined!&#xD;
 E3: Fixing '-FE13' can not be imported. It has no component code and no default component for fixings is defined!&#xD;
 E3: Fixing '-FE14' can not be imported. It has no component code and no default component for fixings is defined!&#xD;
 E3: Fixing '-FE15' can not be imported. It has no component code and no default component for fixings is defined!&#xD;
 E3: Fixing '-FE16' can not be imported. It has no component code and no default component for fixings is defined!&#xD;
 E3: Fixing '-FE17' can not be imported. It has no component code and no default component for fixings is defined!&#xD;
 E3: Fixing '-FE18' can not be imported. It has no component code and no default component for fixings is defined!&#xD;
 E3: Fixing '-FE19' can not be imported. It has no component code and no default component for fixings is defined!&#xD;
 E3: Fixing '-FE20' can not be imported. It has no component code and no default component for fixings is defined!&#xD;
 E3: Fixing '-FE21' can not be imported. It has no component code and no default component for fixings is defined!&#xD;
 E3: Fixing '-FE22' can not be imported. It has no component code and no default component for fixings is defined!&#xD;
 E3: Fixing '-FE23' can not be imported. It has no component code and no default component for fixings is defined!&#xD;
 E3: Fixing '-FE24' can not be imported. It has no component code and no default component for fixings is defined!&#xD;
 E3: Fixing '-FE25' can not be imported. It has no component code and no default component for fixings is defined!&#xD;
 E3: Fixing '-FE26' can not be imported. It has no component code and no default component for fixings is defined!&#xD;
 E3: Fixing '-FE27' can not be imported. It has no component code and no default component for fixings is defined!&#xD;
 E3: Fixing '-FE28' can not be imported. It has no component code and no default component for fixings is defined!&#xD;
 E3: Fixing '-FE29' can not be imported. It has no component code and no default component for fixings is defined!&#xD;
 E3: I - Formboard sheet '0000432209_AS_HV_WIRING_EE_UNIT' was created.&#xD;
 E3: I - Closing project 'Empty' without saving modifications...&#xD;
 E3: Project c:\appveyor\bin\E3.3DRoutingBridge\Mainline\E3.BridgeTest\TestFiles\Templates\temp.e3s created.&#xD;
 E3: I - Item Validation enabled&#xD;
 E3: I - Validating project&#xD;
 E3: I - Validation enabled for this project&#xD;
 E3: I - Closing project 'temp' without saving modifications...&#xD;
 E3: I - Opening Project  c:\appveyor\bin\E3.3DRoutingBridge\Mainline\E3.BridgeTest\TestFiles\Templates\Empty.e3s&#xD;
 E3: I - Updating internal structures: 200 cycles up to version 2505...&#xD;
 E3: 2305 &#xD;
 E3: 2306 &#xD;
 E3: 2307 &#xD;
 E3: 2308 &#xD;
 E3: 2309 &#xD;
 E3: 2310 &#xD;
 E3: 2311 &#xD;
 E3: 2312 &#xD;
 E3: 2399 &#xD;
 E3: 2400 &#xD;
 E3: 2401 &#xD;
 E3: 2402 &#xD;
 E3: 2403 &#xD;
 E3: 2404 &#xD;
 E3: 2405 &#xD;
 E3: 2406 &#xD;
 E3: 2407 &#xD;
 E3: 2408 &#xD;
 E3: 2499 &#xD;
 E3: 2500 &#xD;
 E3: 2501 &#xD;
 E3: 2502 &#xD;
 E3: 2503 &#xD;
 E3: 2504 &#xD;
 E3: OK.&#xD;
 E3: Project c:\appveyor\bin\E3.3DRoutingBridge\Mainline\E3.BridgeTest\TestFiles\Templates\Empty.e3s opened.&#xD;
 E3: W - Project has been opened in READ ONLY mode, you can't save any changes to the existing project!&#xD;
 E3: I - Item Validation enabled&#xD;
 E3: I - Validating project&#xD;
 E3: I - Validation enabled for this project&#xD;
 E3: repair_check_extended(0)&#xD;
 E3: --------------------------------------------------------------------------&#xD;
 E3: consistency check (17)....
&#xD;
 E3: ....
&#xD;
 E3: dump lost....
&#xD;
 E3: ....
&#xD;
 E3: new consistency check (45) and dump lost items (46)....
&#xD;
 E3: ....
&#xD;
 E3: - done -------------------------------------------------------------------
&#xD;
 E3: I - No known issues found&#xD;
 E3: Starting Harness Import import&#xD;
 E3: W - Component CUT-EXTRUDE2 not found in database !&#xD;
 E3: W - Cannot load Component 'CUT-EXTRUDE2' from database - look in output window for details... &#xD;
 E3: E - Cannot create new device 'CUT-EXTRUDE2' with component 'CUT-EXTRUDE2'&#xD;
 E3: W - Component 10-910-000443-A0_01_MODEL not found in database !&#xD;
 E3: W - Cannot load Component '10-910-000443-A0_01_MODEL' from database - look in output window for details... &#xD;
 E3: E - Cannot create new device '10-910-000443-A0_01_MODEL' with component '10-910-000443-A0_01_MODEL'&#xD;
 E3: Fixing '10-900-000100-A0_03_MODEL' can not be imported. It has no component code and no default component for fixings is defined!&#xD;
 E3: Fixing '10-900-000100-A0_03_MODEL' can not be imported. It has no component code and no default component for fixings is defined!&#xD;
 E3: Fixing '10-900-000100-A0_03_MODEL' can not be imported. It has no component code and no default component for fixings is defined!&#xD;
 E3: Fixing '10-810-001227-A0_01_MODEL' can not be imported. It has no component code and no default component for fixings is defined!&#xD;
 E3: Protection 'Overstock (1)' can not be imported. It has no component code and no default component for protections is defined!&#xD;
 E3: Protection 'Overstock (2)' can not be imported. It has no component code and no default component for protections is defined!&#xD;
 E3: Protection 'Overstock (3)' can not be imported. It has no component code and no default component for protections is defined!&#xD;
 E3: Protection 'Overstock (4)' can not be imported. It has no component code and no default component for protections is defined!&#xD;
 E3: Protection 'Overstock (5)' can not be imported. It has no component code and no default component for protections is defined!&#xD;
 E3: Protection 'Overstock (6)' can not be imported. It has no component code and no default component for protections is defined!&#xD;
 E3: Protection 'Overstock (7)' can not be imported. It has no component code and no default component for protections is defined!&#xD;
 E3: Protection 'Overstock (8)' can not be imported. It has no component code and no default component for protections is defined!&#xD;
 E3: Protection 'Overstock (9)' can not be imported. It has no component code and no default component for protections is defined!&#xD;
 E3: Protection 'Overstock (10)' can not be imported. It has no component code and no default component for protections is defined!&#xD;
 E3: Protection 'Overstock (11)' can not be imported. It has no component code and no default component for protections is defined!&#xD;
 E3: Protection 'Overstock (12)' can not be imported. It has no component code and no default component for protections is defined!&#xD;
 E3: Protection 'Overstock (13)' can not be imported. It has no component code and no default component for protections is defined!&#xD;
 E3: Protection 'Overstock (14)' can not be imported. It has no component code and no default component for protections is defined!&#xD;
 E3: I - Formboard sheet '10-400-000651-A1_01' was created.&#xD;
 E3: I - Closing project 'Empty' without saving modifications...&#xD;
 E3: Project c:\appveyor\bin\E3.3DRoutingBridge\Mainline\E3.BridgeTest\TestFiles\Templates\temp.e3s created.&#xD;
 E3: I - Item Validation enabled&#xD;
 E3: I - Validating project&#xD;
 E3: I - Validation enabled for this project&#xD;
 E3: I - Closing project 'temp' without saving modifications...&#xD;
 E3: I - Opening Project  c:\appveyor\bin\E3.3DRoutingBridge\Mainline\E3.BridgeTest\TestFiles\Templates\Empty.e3s&#xD;
 E3: I - Updating internal structures: 200 cycles up to version 2505...&#xD;
 E3: 2305 &#xD;
 E3: 2306 &#xD;
 E3: 2307 &#xD;
 E3: 2308 &#xD;
 E3: 2309 &#xD;
 E3: 2310 &#xD;
 E3: 2311 &#xD;
 E3: 2312 &#xD;
 E3: 2399 &#xD;
 E3: 2400 &#xD;
 E3: 2401 &#xD;
 E3: 2402 &#xD;
 E3: 2403 &#xD;
 E3: 2404 &#xD;
 E3: 2405 &#xD;
 E3: 2406 &#xD;
 E3: 2407 &#xD;
 E3: 2408 &#xD;
 E3: 2499 &#xD;
 E3: 2500 &#xD;
 E3: 2501 &#xD;
 E3: 2502 &#xD;
 E3: 2503 &#xD;
 E3: 2504 &#xD;
 E3: OK.&#xD;
 E3: Project c:\appveyor\bin\E3.3DRoutingBridge\Mainline\E3.BridgeTest\TestFiles\Templates\Empty.e3s opened.&#xD;
 E3: W - Project has been opened in READ ONLY mode, you can't save any changes to the existing project!&#xD;
 E3: I - Item Validation enabled&#xD;
 E3: I - Validating project&#xD;
 E3: I - Validation enabled for this project&#xD;
 E3: repair_check_extended(0)&#xD;
 E3: --------------------------------------------------------------------------&#xD;
 E3: consistency check (17)....
&#xD;
 E3: ....
&#xD;
 E3: dump lost....
&#xD;
 E3: ....
&#xD;
 E3: new consistency check (45) and dump lost items (46)....
&#xD;
 E3: ....
&#xD;
 E3: - done -------------------------------------------------------------------
&#xD;
 E3: I - No known issues found&#xD;
 E3: Starting Harness Import import&#xD;
 E3: W - Component 642325.PRT not found in database !&#xD;
 E3: W - Cannot load Component '642325.PRT' from database - look in output window for details... &#xD;
 E3: E - Cannot create new device '642325.PRT_1' with component '642325.PRT'&#xD;
 E3: W - Component 581766.PRT not found in database !&#xD;
 E3: W - Cannot load Component '581766.PRT' from database - look in output window for details... &#xD;
 E3: E - Cannot create new device '581766.PRT_2' with component '581766.PRT'&#xD;
 E3: W - Component 640015.PRT not found in database !&#xD;
 E3: W - Cannot load Component '640015.PRT' from database - look in output window for details... &#xD;
 E3: E - Cannot create new device '640015.PRT_2' with component '640015.PRT'&#xD;
 E3: W - Component 638861.PRT not found in database !&#xD;
 E3: W - Cannot load Component '638861.PRT' from database - look in output window for details... &#xD;
 E3: E - Cannot create new device '638861.PRT_1' with component '638861.PRT'&#xD;
 E3: W - Component 581766.PRT not found in database !&#xD;
 E3: W - Cannot load Component '581766.PRT' from database - look in output window for details... &#xD;
 E3: E - Cannot create new device '581766.PRT_1' with component '581766.PRT'&#xD;
 E3: W - Component 582253.PRT not found in database !&#xD;
 E3: W - Cannot load Component '582253.PRT' from database - look in output window for details... &#xD;
 E3: E - Cannot create new device '582253.PRT_1' with component '582253.PRT'&#xD;
 E3: W - Component 639085.PRT not found in database !&#xD;
 E3: W - Cannot load Component '639085.PRT' from database - look in output window for details... &#xD;
 E3: E - Cannot create new device '639085.PRT_4' with component '639085.PRT'&#xD;
 E3: W - Component 639085.PRT not found in database !&#xD;
 E3: W - Cannot load Component '639085.PRT' from database - look in output window for details... &#xD;
 E3: E - Cannot create new device '639085.PRT_3' with component '639085.PRT'&#xD;
 E3: W - Component 055725.PRT not found in database !&#xD;
 E3: W - Cannot load Component '055725.PRT' from database - look in output window for details... &#xD;
 E3: E - Cannot create new device '055725.PRT_1' with component '055725.PRT'&#xD;
 E3: W - Component 581345.PRT not found in database !&#xD;
 E3: W - Cannot load Component '581345.PRT' from database - look in output window for details... &#xD;
 E3: E - Cannot create new device '581345.PRT_1' with component '581345.PRT'&#xD;
 E3: W - Component 293548.PRT not found in database !&#xD;
 E3: W - Cannot load Component '293548.PRT' from database - look in output window for details... &#xD;
 E3: E - Cannot create new device '293548.PRT_1' with component '293548.PRT'&#xD;
 E3: W - Component 580653.PRT not found in database !&#xD;
 E3: W - Cannot load Component '580653.PRT' from database - look in output window for details... &#xD;
 E3: E - Cannot create new device '580653.PRT_2' with component '580653.PRT'&#xD;
 E3: W - Component 101906.PRT not found in database !&#xD;
 E3: W - Cannot load Component '101906.PRT' from database - look in output window for details... &#xD;
 E3: E - Cannot create new device '101906.PRT_4' with component '101906.PRT'&#xD;
 E3: W - Component 639085.PRT not found in database !&#xD;
 E3: W - Cannot load Component '639085.PRT' from database - look in output window for details... &#xD;
 E3: E - Cannot create new device '639085.PRT_6' with component '639085.PRT'&#xD;
 E3: W - Component 639085.PRT not found in database !&#xD;
 E3: W - Cannot load Component '639085.PRT' from database - look in output window for details... &#xD;
 E3: E - Cannot create new device '639085.PRT_7' with component '639085.PRT'&#xD;
 E3: W - Component 101906.PRT not found in database !&#xD;
 E3: W - Cannot load Component '101906.PRT' from database - look in output window for details... &#xD;
 E3: E - Cannot create new device '101906.PRT_3' with component '101906.PRT'&#xD;
 E3: W - Component 101906.PRT not found in database !&#xD;
 E3: W - Cannot load Component '101906.PRT' from database - look in output window for details... &#xD;
 E3: E - Cannot create new device '101906.PRT_2' with component '101906.PRT'&#xD;
 E3: W - Component 642268.PRT not found in database !&#xD;
 E3: W - Cannot load Component '642268.PRT' from database - look in output window for details... &#xD;
 E3: E - Cannot create new device '642268.PRT_1' with component '642268.PRT'&#xD;
 E3: W - Component 1D000773.PRT not found in database !&#xD;
 E3: W - Cannot load Component '1D000773.PRT' from database - look in output window for details... &#xD;
 E3: E - Cannot create new device '1D000773.PRT_1' with component '1D000773.PRT'&#xD;
 E3: W - Component 642272.PRT not found in database !&#xD;
 E3: W - Cannot load Component '642272.PRT' from database - look in output window for details... &#xD;
 E3: E - Cannot create new device '642272.PRT_1' with component '642272.PRT'&#xD;
 E3: W - Component 292183.PRT not found in database !&#xD;
 E3: W - Cannot load Component '292183.PRT' from database - look in output window for details... &#xD;
 E3: E - Cannot create new device '292183.PRT_1' with component '292183.PRT'&#xD;
 E3: W - Component 156205.PRT not found in database !&#xD;
 E3: W - Cannot load Component '156205.PRT' from database - look in output window for details... &#xD;
 E3: E - Cannot create new device '156205.PRT_1' with component '156205.PRT'&#xD;
 E3: W - Component 638537.PRT not found in database !&#xD;
 E3: W - Cannot load Component '638537.PRT' from database - look in output window for details... &#xD;
 E3: E - Cannot create new device '638537.PRT_1' with component '638537.PRT'&#xD;
 E3: W - Component 294762.PRT not found in database !&#xD;
 E3: W - Cannot load Component '294762.PRT' from database - look in output window for details... &#xD;
 E3: E - Cannot create new device '294762.PRT_1' with component '294762.PRT'&#xD;
 E3: W - Component 640015.PRT not found in database !&#xD;
 E3: W - Cannot load Component '640015.PRT' from database - look in output window for details... &#xD;
 E3: E - Cannot create new device '640015.PRT_1' with component '640015.PRT'&#xD;
 E3: W - Component 294685.PRT not found in database !&#xD;
 E3: W - Cannot load Component '294685.PRT' from database - look in output window for details... &#xD;
 E3: E - Cannot create new device '294685.PRT_1' with component '294685.PRT'&#xD;
 E3: W - Component 1D001088.PRT not found in database !&#xD;
 E3: W - Cannot load Component '1D001088.PRT' from database - look in output window for details... &#xD;
 E3: E - Cannot create new device '1D001088.PRT_2' with component '1D001088.PRT'&#xD;
 E3: W - Component 584992.PRT not found in database !&#xD;
 E3: W - Cannot load Component '584992.PRT' from database - look in output window for details... &#xD;
 E3: E - Cannot create new device '584992.PRT_1' with component '584992.PRT'&#xD;
 E3: W - Component 641281.PRT not found in database !&#xD;
 E3: W - Cannot load Component '641281.PRT' from database - look in output window for details... &#xD;
 E3: E - Cannot create new device '641281.PRT_1' with component '641281.PRT'&#xD;
 E3: W - Component 252605.PRT not found in database !&#xD;
 E3: W - Cannot load Component '252605.PRT' from database - look in output window for details... &#xD;
 E3: E - Cannot create new device '252605.PRT_1' with component '252605.PRT'&#xD;
 E3: W - Component 580889.PRT not found in database !&#xD;
 E3: W - Cannot load Component '580889.PRT' from database - look in output window for details... &#xD;
 E3: E - Cannot create new device '580889.PRT_1' with component '580889.PRT'&#xD;
 E3: W - Component 580891.PRT not found in database !&#xD;
 E3: W - Cannot load Component '580891.PRT' from database - look in output window for details... &#xD;
 E3: E - Cannot create new device '580891.PRT_1' with component '580891.PRT'&#xD;
 E3: W - Component 580653.PRT not found in database !&#xD;
 E3: W - Cannot load Component '580653.PRT' from database - look in output window for details... &#xD;
 E3: E - Cannot create new device '580653.PRT_3' with component '580653.PRT'&#xD;
 E3: W - Component 642047.PRT not found in database !&#xD;
 E3: W - Cannot load Component '642047.PRT' from database - look in output window for details... &#xD;
 E3: E - Cannot create new device '642047.PRT_1' with component '642047.PRT'&#xD;
 E3: W - Component 583002.PRT not found in database !&#xD;
 E3: W - Cannot load Component '583002.PRT' from database - look in output window for details... &#xD;
 E3: E - Cannot create new device '583002.PRT_1' with component '583002.PRT'&#xD;
 E3: W - Component 639085.PRT not found in database !&#xD;
 E3: W - Cannot load Component '639085.PRT' from database - look in output window for details... &#xD;
 E3: E - Cannot create new device '639085.PRT_8' with component '639085.PRT'&#xD;
 E3: W - Component 639085.PRT not found in database !&#xD;
 E3: W - Cannot load Component '639085.PRT' from database - look in output window for details... &#xD;
 E3: E - Cannot create new device '639085.PRT_5' with component '639085.PRT'&#xD;
 E3: W - Component 293548.PRT not found in database !&#xD;
 E3: W - Cannot load Component '293548.PRT' from database - look in output window for details... &#xD;
 E3: E - Cannot create new device '293548.PRT_2' with component '293548.PRT'&#xD;
 E3: W - Component 580653.PRT not found in database !&#xD;
 E3: W - Cannot load Component '580653.PRT' from database - look in output window for details... &#xD;
 E3: E - Cannot create new device '580653.PRT_1' with component '580653.PRT'&#xD;
 E3: W - Component 643113.PRT not found in database !&#xD;
 E3: W - Cannot load Component '643113.PRT' from database - look in output window for details... &#xD;
 E3: E - Cannot create new device '643113.PRT_1' with component '643113.PRT'&#xD;
 E3: W - Component CM255901.PRT not found in database !&#xD;
 E3: W - Cannot load Component 'CM255901.PRT' from database - look in output window for details... &#xD;
 E3: E - Cannot create new device 'CM255901.PRT_1' with component 'CM255901.PRT'&#xD;
 E3: W - Component 581993.PRT not found in database !&#xD;
 E3: W - Cannot load Component '581993.PRT' from database - look in output window for details... &#xD;
 E3: E - Cannot create new device '581993.PRT_1' with component '581993.PRT'&#xD;
 E3: W - Component 680189.PRT not found in database !&#xD;
 E3: W - Cannot load Component '680189.PRT' from database - look in output window for details... &#xD;
 E3: E - Cannot create new device '680189.PRT_1' with component '680189.PRT'&#xD;
 E3: W - Component 582393.PRT not found in database !&#xD;
 E3: W - Cannot load Component '582393.PRT' from database - look in output window for details... &#xD;
 E3: E - Cannot create new device '582393.PRT_1' with component '582393.PRT'&#xD;
 E3: W - Component 583325.PRT not found in database !&#xD;
 E3: W - Cannot load Component '583325.PRT' from database - look in output window for details... &#xD;
 E3: E - Cannot create new device '583325.PRT_1' with component '583325.PRT'&#xD;
 E3: W - Component 1D000785.PRT not found in database !&#xD;
 E3: W - Cannot load Component '1D000785.PRT' from database - look in output window for details... &#xD;
 E3: E - Cannot create new device '1D000785.PRT_1' with component '1D000785.PRT'&#xD;
 E3: W - Component 639085.PRT not found in database !&#xD;
 E3: W - Cannot load Component '639085.PRT' from database - look in output window for details... &#xD;
 E3: E - Cannot create new device '639085.PRT_2' with component '639085.PRT'&#xD;
 E3: W - Component 583326.PRT not found in database !&#xD;
 E3: W - Cannot load Component '583326.PRT' from database - look in output window for details... &#xD;
 E3: E - Cannot create new device '583326.PRT_1' with component '583326.PRT'&#xD;
 E3: W - Component 639085.PRT not found in database !&#xD;
 E3: W - Cannot load Component '639085.PRT' from database - look in output window for details... &#xD;
 E3: E - Cannot create new device '639085.PRT_1' with component '639085.PRT'&#xD;
 E3: W - Component 101906.PRT not found in database !&#xD;
 E3: W - Cannot load Component '101906.PRT' from database - look in output window for details... &#xD;
 E3: E - Cannot create new device '101906.PRT_1' with component '101906.PRT'&#xD;
 E3: W - Component 642046.PRT not found in database !&#xD;
 E3: W - Cannot load Component '642046.PRT' from database - look in output window for details... &#xD;
 E3: E - Cannot create new device '642046.PRT_1' with component '642046.PRT'&#xD;
 E3: W - Component 293607.PRT not found in database !&#xD;
 E3: W - Cannot load Component '293607.PRT' from database - look in output window for details... &#xD;
 E3: E - Cannot create new device '293607.PRT_1' with component '293607.PRT'&#xD;
 E3: W - Component 638862.PRT not found in database !&#xD;
 E3: W - Cannot load Component '638862.PRT' from database - look in output window for details... &#xD;
 E3: E - Cannot create new device '638862.PRT_1' with component '638862.PRT'&#xD;
 E3: W - Component 1D001088.PRT not found in database !&#xD;
 E3: W - Cannot load Component '1D001088.PRT' from database - look in output window for details... &#xD;
 E3: E - Cannot create new device '1D001088.PRT_1' with component '1D001088.PRT'&#xD;
 E3: W - Component 233656.PRT not found in database !&#xD;
 E3: W - Cannot load Component '233656.PRT' from database - look in output window for details... &#xD;
 E3: E - Cannot create new device '233656.PRT_1' with component '233656.PRT'&#xD;
 E3: W - Component 642326.PRT not found in database !&#xD;
 E3: W - Cannot load Component '642326.PRT' from database - look in output window for details... &#xD;
 E3: E - Cannot create new device '642326.PRT_1' with component '642326.PRT'&#xD;
 E3: W - Component 294084.PRT not found in database !&#xD;
 E3: W - Cannot load Component '294084.PRT' from database - look in output window for details... &#xD;
 E3: E - Cannot create new device '294084.PRT_1' with component '294084.PRT'&#xD;
 E3: W - Component 290404.PRT not found in database !&#xD;
 E3: W - Cannot load Component '290404.PRT' from database - look in output window for details... &#xD;
 E3: E - Cannot create new device '290404.PRT_1' with component '290404.PRT'&#xD;
 E3: W - Component 292577.PRT not found in database !&#xD;
 E3: W - Cannot load Component '292577.PRT' from database - look in output window for details... &#xD;
 E3: E - Cannot create new device '292577.PRT_1' with component '292577.PRT'&#xD;
 E3: W - Component 1D000704.PRT not found in database !&#xD;
 E3: W - Cannot load Component '1D000704.PRT' from database - look in output window for details... &#xD;
 E3: E - Cannot create new device '1D000704.PRT_1' with component '1D000704.PRT'&#xD;
 E3: W - Component 680086.PRT not found in database !&#xD;
 E3: W - Cannot load Component '680086.PRT' from database - look in output window for details... &#xD;
 E3: E - Cannot create new device '680086.PRT_1' with component '680086.PRT'&#xD;
 E3: W - Component 680010.PRT not found in database !&#xD;
 E3: W - Cannot load Component '680010.PRT' from database - look in output window for details... &#xD;
 E3: E - Cannot create new device '680010.PRT_1' with component '680010.PRT'&#xD;
 E3: Fixing '641520.PRT_1' can not be imported. It has no component code and no default component for fixings is defined!&#xD;
 E3: Fixing '641520.PRT_2' can not be imported. It has no component code and no default component for fixings is defined!&#xD;
 E3: Fixing '1D001143_FLEXIBLE.ASM_1' can not be imported. It has no component code and no default component for fixings is defined!&#xD;
 E3: Fixing '640879_D11.PRT_1' can not be imported. It has no component code and no default component for fixings is defined!&#xD;
 E3: Fixing '640879_D4.PRT_1' can not be imported. It has no component code and no default component for fixings is defined!&#xD;
 E3: Fixing '1D001143_FLEXIBLE.ASM_2' can not be imported. It has no component code and no default component for fixings is defined!&#xD;
 E3: Fixing '641518_M5.PRT_1' can not be imported. It has no component code and no default component for fixings is defined!&#xD;
 E3: Fixing '641518_M5.PRT_2' can not be imported. It has no component code and no default component for fixings is defined!&#xD;
 E3: Fixing '641518_M3.PRT_1' can not be imported. It has no component code and no default component for fixings is defined!&#xD;
 E3: Fixing '641518_M3.PRT_2' can not be imported. It has no component code and no default component for fixings is defined!&#xD;
 E3: I - Formboard sheet '1D001826.ASM' was created.&#xD;
 E3: I - Closing project 'Empty' without saving modifications...&#xD;
 E3: Project c:\appveyor\bin\E3.3DRoutingBridge\Mainline\E3.BridgeTest\TestFiles\Templates\temp.e3s created.&#xD;
 E3: I - Item Validation enabled&#xD;
 E3: I - Validating project&#xD;
 E3: I - Validation enabled for this project&#xD;
 E3: I - Closing project 'temp' without saving modifications...&#xD;
 E3: I - Opening Project  c:\appveyor\bin\E3.3DRoutingBridge\Mainline\E3.BridgeTest\TestFiles\Templates\Empty.e3s&#xD;
 E3: I - Updating internal structures: 200 cycles up to version 2505...&#xD;
 E3: 2305 &#xD;
 E3: 2306 &#xD;
 E3: 2307 &#xD;
 E3: 2308 &#xD;
 E3: 2309 &#xD;
 E3: 2310 &#xD;
 E3: 2311 &#xD;
 E3: 2312 &#xD;
 E3: 2399 &#xD;
 E3: 2400 &#xD;
 E3: 2401 &#xD;
 E3: 2402 &#xD;
 E3: 2403 &#xD;
 E3: 2404 &#xD;
 E3: 2405 &#xD;
 E3: 2406 &#xD;
 E3: 2407 &#xD;
 E3: 2408 &#xD;
 E3: 2499 &#xD;
 E3: 2500 &#xD;
 E3: 2501 &#xD;
 E3: 2502 &#xD;
 E3: 2503 &#xD;
 E3: 2504 &#xD;
 E3: OK.&#xD;
 E3: Project c:\appveyor\bin\E3.3DRoutingBridge\Mainline\E3.BridgeTest\TestFiles\Templates\Empty.e3s opened.&#xD;
 E3: W - Project has been opened in READ ONLY mode, you can't save any changes to the existing project!&#xD;
 E3: I - Item Validation enabled&#xD;
 E3: I - Validating project&#xD;
 E3: I - Validation enabled for this project&#xD;
 E3: repair_check_extended(0)&#xD;
 E3: --------------------------------------------------------------------------&#xD;
 E3: consistency check (17)....
&#xD;
 E3: ....
&#xD;
 E3: dump lost....
&#xD;
 E3: ....
&#xD;
 E3: new consistency check (45) and dump lost items (46)....
&#xD;
 E3: ....
&#xD;
 E3: - done -------------------------------------------------------------------
&#xD;
 E3: I - No known issues found&#xD;
 E3: Starting Harness Import import&#xD;
 E3: W - Component 642325_.PRT not found in database !&#xD;
 E3: W - Cannot load Component '642325_.PRT' from database - look in output window for details... &#xD;
 E3: E - Cannot create new device '642325_.PRT_1' with component '642325_.PRT'&#xD;
 E3: W - Component 581766_.PRT not found in database !&#xD;
 E3: W - Cannot load Component '581766_.PRT' from database - look in output window for details... &#xD;
 E3: E - Cannot create new device '581766_.PRT_2' with component '581766_.PRT'&#xD;
 E3: W - Component 640015_.PRT not found in database !&#xD;
 E3: W - Cannot load Component '640015_.PRT' from database - look in output window for details... &#xD;
 E3: E - Cannot create new device '640015_.PRT_2' with component '640015_.PRT'&#xD;
 E3: W - Component 638861_.PRT not found in database !&#xD;
 E3: W - Cannot load Component '638861_.PRT' from database - look in output window for details... &#xD;
 E3: E - Cannot create new device '638861_.PRT_1' with component '638861_.PRT'&#xD;
 E3: W - Component 581766_.PRT not found in database !&#xD;
 E3: W - Cannot load Component '581766_.PRT' from database - look in output window for details... &#xD;
 E3: E - Cannot create new device '581766_.PRT_1' with component '581766_.PRT'&#xD;
 E3: W - Component 582253_.PRT not found in database !&#xD;
 E3: W - Cannot load Component '582253_.PRT' from database - look in output window for details... &#xD;
 E3: E - Cannot create new device '582253_.PRT_1' with component '582253_.PRT'&#xD;
 E3: W - Component 580653_.PRT not found in database !&#xD;
 E3: W - Cannot load Component '580653_.PRT' from database - look in output window for details... &#xD;
 E3: E - Cannot create new device '580653_.PRT_3' with component '580653_.PRT'&#xD;
 E3: W - Component 639085_.PRT not found in database !&#xD;
 E3: W - Cannot load Component '639085_.PRT' from database - look in output window for details... &#xD;
 E3: E - Cannot create new device '639085_.PRT_4' with component '639085_.PRT'&#xD;
 E3: W - Component 639085_.PRT not found in database !&#xD;
 E3: W - Cannot load Component '639085_.PRT' from database - look in output window for details... &#xD;
 E3: E - Cannot create new device '639085_.PRT_3' with component '639085_.PRT'&#xD;
 E3: W - Component 293607_.PRT not found in database !&#xD;
 E3: W - Cannot load Component '293607_.PRT' from database - look in output window for details... &#xD;
 E3: E - Cannot create new device '293607_.PRT_1' with component '293607_.PRT'&#xD;
 E3: W - Component 055725_.PRT not found in database !&#xD;
 E3: W - Cannot load Component '055725_.PRT' from database - look in output window for details... &#xD;
 E3: E - Cannot create new device '055725_.PRT_1' with component '055725_.PRT'&#xD;
 E3: W - Component 294084_.PRT not found in database !&#xD;
 E3: W - Cannot load Component '294084_.PRT' from database - look in output window for details... &#xD;
 E3: E - Cannot create new device '294084_.PRT_1' with component '294084_.PRT'&#xD;
 E3: W - Component 642326_.PRT not found in database !&#xD;
 E3: W - Cannot load Component '642326_.PRT' from database - look in output window for details... &#xD;
 E3: E - Cannot create new device '642326_.PRT_1' with component '642326_.PRT'&#xD;
 E3: W - Component 581345_.PRT not found in database !&#xD;
 E3: W - Cannot load Component '581345_.PRT' from database - look in output window for details... &#xD;
 E3: E - Cannot create new device '581345_.PRT_1' with component '581345_.PRT'&#xD;
 E3: W - Component 293548_.PRT not found in database !&#xD;
 E3: W - Cannot load Component '293548_.PRT' from database - look in output window for details... &#xD;
 E3: E - Cannot create new device '293548_.PRT_1' with component '293548_.PRT'&#xD;
 E3: W - Component 580653_.PRT not found in database !&#xD;
 E3: W - Cannot load Component '580653_.PRT' from database - look in output window for details... &#xD;
 E3: E - Cannot create new device '580653_.PRT_2' with component '580653_.PRT'&#xD;
 E3: W - Component 101906_.PRT not found in database !&#xD;
 E3: W - Cannot load Component '101906_.PRT' from database - look in output window for details... &#xD;
 E3: E - Cannot create new device '101906_.PRT_4' with component '101906_.PRT'&#xD;
 E3: W - Component 639085_.PRT not found in database !&#xD;
 E3: W - Cannot load Component '639085_.PRT' from database - look in output window for details... &#xD;
 E3: E - Cannot create new device '639085_.PRT_6' with component '639085_.PRT'&#xD;
 E3: W - Component 639085_.PRT not found in database !&#xD;
 E3: W - Cannot load Component '639085_.PRT' from database - look in output window for details... &#xD;
 E3: E - Cannot create new device '639085_.PRT_7' with component '639085_.PRT'&#xD;
 E3: W - Component 101906_.PRT not found in database !&#xD;
 E3: W - Cannot load Component '101906_.PRT' from database - look in output window for details... &#xD;
 E3: E - Cannot create new device '101906_.PRT_3' with component '101906_.PRT'&#xD;
 E3: W - Component 101906_.PRT not found in database !&#xD;
 E3: W - Cannot load Component '101906_.PRT' from database - look in output window for details... &#xD;
 E3: E - Cannot create new device '101906_.PRT_2' with component '101906_.PRT'&#xD;
 E3: W - Component 642268_.PRT not found in database !&#xD;
 E3: W - Cannot load Component '642268_.PRT' from database - look in output window for details... &#xD;
 E3: E - Cannot create new device '642268_.PRT_1' with component '642268_.PRT'&#xD;
 E3: W - Component 1D000773_.PRT not found in database !&#xD;
 E3: W - Cannot load Component '1D000773_.PRT' from database - look in output window for details... &#xD;
 E3: E - Cannot create new device '1D000773_.PRT_1' with component '1D000773_.PRT'&#xD;
 E3: W - Component 642272_.PRT not found in database !&#xD;
 E3: W - Cannot load Component '642272_.PRT' from database - look in output window for details... &#xD;
 E3: E - Cannot create new device '642272_.PRT_1' with component '642272_.PRT'&#xD;
 E3: W - Component 292183_.PRT not found in database !&#xD;
 E3: W - Cannot load Component '292183_.PRT' from database - look in output window for details... &#xD;
 E3: E - Cannot create new device '292183_.PRT_1' with component '292183_.PRT'&#xD;
 E3: W - Component 156205_.PRT not found in database !&#xD;
 E3: W - Cannot load Component '156205_.PRT' from database - look in output window for details... &#xD;
 E3: E - Cannot create new device '156205_.PRT_1' with component '156205_.PRT'&#xD;
 E3: W - Component 638537_.PRT not found in database !&#xD;
 E3: W - Cannot load Component '638537_.PRT' from database - look in output window for details... &#xD;
 E3: E - Cannot create new device '638537_.PRT_1' with component '638537_.PRT'&#xD;
 E3: W - Component 294762_.PRT not found in database !&#xD;
 E3: W - Cannot load Component '294762_.PRT' from database - look in output window for details... &#xD;
 E3: E - Cannot create new device '294762_.PRT_1' with component '294762_.PRT'&#xD;
 E3: W - Component 640015_.PRT not found in database !&#xD;
 E3: W - Cannot load Component '640015_.PRT' from database - look in output window for details... &#xD;
 E3: E - Cannot create new device '640015_.PRT_1' with component '640015_.PRT'&#xD;
 E3: W - Component 294685_.PRT not found in database !&#xD;
 E3: W - Cannot load Component '294685_.PRT' from database - look in output window for details... &#xD;
 E3: E - Cannot create new device '294685_.PRT_1' with component '294685_.PRT'&#xD;
 E3: W - Component 638862_.PRT not found in database !&#xD;
 E3: W - Cannot load Component '638862_.PRT' from database - look in output window for details... &#xD;
 E3: E - Cannot create new device '638862_.PRT_1' with component '638862_.PRT'&#xD;
 E3: W - Component 1D001088_.PRT not found in database !&#xD;
 E3: W - Cannot load Component '1D001088_.PRT' from database - look in output window for details... &#xD;
 E3: E - Cannot create new device '1D001088_.PRT_1' with component '1D001088_.PRT'&#xD;
 E3: W - Component 1D001088_.PRT not found in database !&#xD;
 E3: W - Cannot load Component '1D001088_.PRT' from database - look in output window for details... &#xD;
 E3: E - Cannot create new device '1D001088_.PRT_2' with component '1D001088_.PRT'&#xD;
 E3: W - Component 584992_.PRT not found in database !&#xD;
 E3: W - Cannot load Component '584992_.PRT' from database - look in output window for details... &#xD;
 E3: E - Cannot create new device '584992_.PRT_1' with component '584992_.PRT'&#xD;
 E3: W - Component 641281_.PRT not found in database !&#xD;
 E3: W - Cannot load Component '641281_.PRT' from database - look in output window for details... &#xD;
 E3: E - Cannot create new device '641281_.PRT_1' with component '641281_.PRT'&#xD;
 E3: W - Component 252605_.PRT not found in database !&#xD;
 E3: W - Cannot load Component '252605_.PRT' from database - look in output window for details... &#xD;
 E3: E - Cannot create new device '252605_.PRT_1' with component '252605_.PRT'&#xD;
 E3: W - Component 580889_.PRT not found in database !&#xD;
 E3: W - Cannot load Component '580889_.PRT' from database - look in output window for details... &#xD;
 E3: E - Cannot create new device '580889_.PRT_1' with component '580889_.PRT'&#xD;
 E3: W - Component 580891_.PRT not found in database !&#xD;
 E3: W - Cannot load Component '580891_.PRT' from database - look in output window for details... &#xD;
 E3: E - Cannot create new device '580891_.PRT_1' with component '580891_.PRT'&#xD;
 E3: W - Component 642047_.PRT not found in database !&#xD;
 E3: W - Cannot load Component '642047_.PRT' from database - look in output window for details... &#xD;
 E3: E - Cannot create new device '642047_.PRT_1' with component '642047_.PRT'&#xD;
 E3: W - Component 642046_.PRT not found in database !&#xD;
 E3: W - Cannot load Component '642046_.PRT' from database - look in output window for details... &#xD;
 E3: E - Cannot create new device '642046_.PRT_1' with component '642046_.PRT'&#xD;
 E3: W - Component 583002_.PRT not found in database !&#xD;
 E3: W - Cannot load Component '583002_.PRT' from database - look in output window for details... &#xD;
 E3: E - Cannot create new device '583002_.PRT_1' with component '583002_.PRT'&#xD;
 E3: W - Component 639085_.PRT not found in database !&#xD;
 E3: W - Cannot load Component '639085_.PRT' from database - look in output window for details... &#xD;
 E3: E - Cannot create new device '639085_.PRT_8' with component '639085_.PRT'&#xD;
 E3: W - Component 639085_.PRT not found in database !&#xD;
 E3: W - Cannot load Component '639085_.PRT' from database - look in output window for details... &#xD;
 E3: E - Cannot create new device '639085_.PRT_5' with component '639085_.PRT'&#xD;
 E3: W - Component 293548_.PRT not found in database !&#xD;
 E3: W - Cannot load Component '293548_.PRT' from database - look in output window for details... &#xD;
 E3: E - Cannot create new device '293548_.PRT_2' with component '293548_.PRT'&#xD;
 E3: W - Component 643113_.PRT not found in database !&#xD;
 E3: W - Cannot load Component '643113_.PRT' from database - look in output window for details... &#xD;
 E3: E - Cannot create new device '643113_.PRT_1' with component '643113_.PRT'&#xD;
 E3: W - Component CM255901_.PRT not found in database !&#xD;
 E3: W - Cannot load Component 'CM255901_.PRT' from database - look in output window for details... &#xD;
 E3: E - Cannot create new device 'CM255901_.PRT_1' with component 'CM255901_.PRT'&#xD;
 E3: W - Component 581993_.PRT not found in database !&#xD;
 E3: W - Cannot load Component '581993_.PRT' from database - look in output window for details... &#xD;
 E3: E - Cannot create new device '581993_.PRT_1' with component '581993_.PRT'&#xD;
 E3: W - Component 680189_.PRT not found in database !&#xD;
 E3: W - Cannot load Component '680189_.PRT' from database - look in output window for details... &#xD;
 E3: E - Cannot create new device '680189_.PRT_1' with component '680189_.PRT'&#xD;
 E3: W - Component 580653_.PRT not found in database !&#xD;
 E3: W - Cannot load Component '580653_.PRT' from database - look in output window for details... &#xD;
 E3: E - Cannot create new device '580653_.PRT_1' with component '580653_.PRT'&#xD;
 E3: W - Component 581390_.PRT not found in database !&#xD;
 E3: W - Cannot load Component '581390_.PRT' from database - look in output window for details... &#xD;
 E3: E - Cannot create new device '581390_.PRT_2' with component '581390_.PRT'&#xD;
 E3: W - Component 581390_.PRT not found in database !&#xD;
 E3: W - Cannot load Component '581390_.PRT' from database - look in output window for details... &#xD;
 E3: E - Cannot create new device '581390_.PRT_1' with component '581390_.PRT'&#xD;
 E3: W - Component 582393_.PRT not found in database !&#xD;
 E3: W - Cannot load Component '582393_.PRT' from database - look in output window for details... &#xD;
 E3: E - Cannot create new device '582393_.PRT_1' with component '582393_.PRT'&#xD;
 E3: W - Component 583325_.PRT not found in database !&#xD;
 E3: W - Cannot load Component '583325_.PRT' from database - look in output window for details... &#xD;
 E3: E - Cannot create new device '583325_.PRT_1' with component '583325_.PRT'&#xD;
 E3: W - Component 1D000785_.PRT not found in database !&#xD;
 E3: W - Cannot load Component '1D000785_.PRT' from database - look in output window for details... &#xD;
 E3: E - Cannot create new device '1D000785_.PRT_1' with component '1D000785_.PRT'&#xD;
 E3: W - Component 233656_.PRT not found in database !&#xD;
 E3: W - Cannot load Component '233656_.PRT' from database - look in output window for details... &#xD;
 E3: E - Cannot create new device '233656_.PRT_1' with component '233656_.PRT'&#xD;
 E3: W - Component 639085_.PRT not found in database !&#xD;
 E3: W - Cannot load Component '639085_.PRT' from database - look in output window for details... &#xD;
 E3: E - Cannot create new device '639085_.PRT_2' with component '639085_.PRT'&#xD;
 E3: W - Component 583326_.PRT not found in database !&#xD;
 E3: W - Cannot load Component '583326_.PRT' from database - look in output window for details... &#xD;
 E3: E - Cannot create new device '583326_.PRT_1' with component '583326_.PRT'&#xD;
 E3: W - Component 639085_.PRT not found in database !&#xD;
 E3: W - Cannot load Component '639085_.PRT' from database - look in output window for details... &#xD;
 E3: E - Cannot create new device '639085_.PRT_1' with component '639085_.PRT'&#xD;
 E3: W - Component 101906_.PRT not found in database !&#xD;
 E3: W - Cannot load Component '101906_.PRT' from database - look in output window for details... &#xD;
 E3: E - Cannot create new device '101906_.PRT_1' with component '101906_.PRT'&#xD;
 E3: W - Component 290404_.PRT not found in database !&#xD;
 E3: W - Cannot load Component '290404_.PRT' from database - look in output window for details... &#xD;
 E3: E - Cannot create new device '290404_.PRT_1' with component '290404_.PRT'&#xD;
 E3: W - Component 292577_.PRT not found in database !&#xD;
 E3: W - Cannot load Component '292577_.PRT' from database - look in output window for details... &#xD;
 E3: E - Cannot create new device '292577_.PRT_1' with component '292577_.PRT'&#xD;
 E3: W - Component 1D000704_.PRT not found in database !&#xD;
 E3: W - Cannot load Component '1D000704_.PRT' from database - look in output window for details... &#xD;
 E3: E - Cannot create new device '1D000704_.PRT_1' with component '1D000704_.PRT'&#xD;
 E3: W - Component 680086_.PRT not found in database !&#xD;
 E3: W - Cannot load Component '680086_.PRT' from database - look in output window for details... &#xD;
 E3: E - Cannot create new device '680086_.PRT_1' with component '680086_.PRT'&#xD;
 E3: W - Component 680010_.PRT not found in database !&#xD;
 E3: W - Cannot load Component '680010_.PRT' from database - look in output window for details... &#xD;
 E3: E - Cannot create new device '680010_.PRT_1' with component '680010_.PRT'&#xD;
 E3: Fixing '641520_.PRT_1' can not be imported. It has no component code and no default component for fixings is defined!&#xD;
 E3: Fixing '641520_.PRT_2' can not be imported. It has no component code and no default component for fixings is defined!&#xD;
 E3: Fixing '1D001143_FLEXIBLE_.ASM_1' can not be imported. It has no component code and no default component for fixings is defined!&#xD;
 E3: Fixing '640879_D11_.PRT_1' can not be imported. It has no component code and no default component for fixings is defined!&#xD;
 E3: Fixing '640879_D4_.PRT_1' can not be imported. It has no component code and no default component for fixings is defined!&#xD;
 E3: Fixing '1D001143_FLEXIBLE_.ASM_2' can not be imported. It has no component code and no default component for fixings is defined!&#xD;
 E3: Fixing '641518_M5_.PRT_1' can not be imported. It has no component code and no default component for fixings is defined!&#xD;
 E3: Fixing '641518_M5_.PRT_2' can not be imported. It has no component code and no default component for fixings is defined!&#xD;
 E3: Fixing '641518_M3_.PRT_1' can not be imported. It has no component code and no default component for fixings is defined!&#xD;
 E3: Fixing '641518_M3_.PRT_2' can not be imported. It has no component code and no default component for fixings is defined!&#xD;
 E3: I - Formboard sheet '1D001826_CREO7.ASM' was created.&#xD;
 E3: I - Closing project 'Empty' without saving modifications...&#xD;
 E3: Project c:\appveyor\bin\E3.3DRoutingBridge\Mainline\E3.BridgeTest\TestFiles\Templates\temp.e3s created.&#xD;
 E3: I - Item Validation enabled&#xD;
 E3: I - Validating project&#xD;
 E3: I - Validation enabled for this project&#xD;
 E3: I - Closing project 'temp' without saving modifications...&#xD;
 E3: I - Opening Project  c:\appveyor\bin\E3.3DRoutingBridge\Mainline\E3.BridgeTest\TestFiles\Templates\Empty.e3s&#xD;
 E3: I - Updating internal structures: 200 cycles up to version 2505...&#xD;
 E3: 2305 &#xD;
 E3: 2306 &#xD;
 E3: 2307 &#xD;
 E3: 2308 &#xD;
 E3: 2309 &#xD;
 E3: 2310 &#xD;
 E3: 2311 &#xD;
 E3: 2312 &#xD;
 E3: 2399 &#xD;
 E3: 2400 &#xD;
 E3: 2401 &#xD;
 E3: 2402 &#xD;
 E3: 2403 &#xD;
 E3: 2404 &#xD;
 E3: 2405 &#xD;
 E3: 2406 &#xD;
 E3: 2407 &#xD;
 E3: 2408 &#xD;
 E3: 2499 &#xD;
 E3: 2500 &#xD;
 E3: 2501 &#xD;
 E3: 2502 &#xD;
 E3: 2503 &#xD;
 E3: 2504 &#xD;
 E3: OK.&#xD;
 E3: Project c:\appveyor\bin\E3.3DRoutingBridge\Mainline\E3.BridgeTest\TestFiles\Templates\Empty.e3s opened.&#xD;
 E3: W - Project has been opened in READ ONLY mode, you can't save any changes to the existing project!&#xD;
 E3: I - Item Validation enabled&#xD;
 E3: I - Validating project&#xD;
 E3: I - Validation enabled for this project&#xD;
 E3: repair_check_extended(0)&#xD;
 E3: --------------------------------------------------------------------------&#xD;
 E3: consistency check (17)....
&#xD;
 E3: ....
&#xD;
 E3: dump lost....
&#xD;
 E3: ....
&#xD;
 E3: new consistency check (45) and dump lost items (46)....
&#xD;
 E3: ....
&#xD;
 E3: - done -------------------------------------------------------------------
&#xD;
 E3: I - No known issues found&#xD;
 E3: Starting Harness Import import&#xD;
 E3: W - Component 9900004497_SC_CON_WAY_26_F_SEAL.PRT not found in database !&#xD;
 E3: W - Cannot load Component '9900004497_SC_CON_WAY_26_F_SEAL.PRT' from database - look in output window for details... &#xD;
 E3: E - Cannot create new device '9900004497_SC_CON_WAY_26_F_SEAL.PRT_1' with component '9900004497_SC_CON_WAY_26_F_SEAL.PRT'&#xD;
 E3: W - Component 9900003955_SC_LUG_0-26_1-65_M4_.PRT not found in database !&#xD;
 E3: W - Cannot load Component '9900003955_SC_LUG_0-26_1-65_M4_.PRT' from database - look in output window for details... &#xD;
 E3: E - Cannot create new device '9900003955_SC_LUG_0-26_1-65_M4_.PRT_1' with component '9900003955_SC_LUG_0-26_1-65_M4_.PRT'&#xD;
 E3: W - Component 9900003989_SC_CON_WAY_2_M_UNSEA.PRT not found in database !&#xD;
 E3: W - Cannot load Component '9900003989_SC_CON_WAY_2_M_UNSEA.PRT' from database - look in output window for details... &#xD;
 E3: E - Cannot create new device '9900003989_SC_CON_WAY_2_M_UNSEA.PRT_1' with component '9900003989_SC_CON_WAY_2_M_UNSEA.PRT'&#xD;
 E3: W - Component 9900003989_SC_CON_WAY_2_M_UNSEA.PRT not found in database !&#xD;
 E3: W - Cannot load Component '9900003989_SC_CON_WAY_2_M_UNSEA.PRT' from database - look in output window for details... &#xD;
 E3: E - Cannot create new device '9900003989_SC_CON_WAY_2_M_UNSEA.PRT_2' with component '9900003989_SC_CON_WAY_2_M_UNSEA.PRT'&#xD;
 E3: Splice 'BRANCH_SPLICE.PRT_1' can not be imported. It has no component code and no default component for splices is defined!&#xD;
 E3: Splice 'BRANCH_SPLICE.PRT_1' can not be imported. It has no component code and no default component for splices is defined!&#xD;
 E3: Fixing '9900003965_SC_CABLE_CLIP_TIE_HO.PRT_1' can not be imported. It has no component code and no default component for fixings is defined!&#xD;
 E3: I - Formboard sheet '201106_CREO_SPLCE_EXMPL_F_ZUKEN.ASM' was created.&#xD;
 E3: I - Closing project 'Empty' without saving modifications...&#xD;
 E3: Project c:\appveyor\bin\E3.3DRoutingBridge\Mainline\E3.BridgeTest\TestFiles\Templates\temp.e3s created.&#xD;
 E3: I - Item Validation enabled&#xD;
 E3: I - Validating project&#xD;
 E3: I - Validation enabled for this project&#xD;
 E3: I - Closing project 'temp' without saving modifications...&#xD;
 E3: I - Opening Project  c:\appveyor\bin\E3.3DRoutingBridge\Mainline\E3.BridgeTest\TestFiles\Templates\Empty.e3s&#xD;
 E3: I - Updating internal structures: 200 cycles up to version 2505...&#xD;
 E3: 2305 &#xD;
 E3: 2306 &#xD;
 E3: 2307 &#xD;
 E3: 2308 &#xD;
 E3: 2309 &#xD;
 E3: 2310 &#xD;
 E3: 2311 &#xD;
 E3: 2312 &#xD;
 E3: 2399 &#xD;
 E3: 2400 &#xD;
 E3: 2401 &#xD;
 E3: 2402 &#xD;
 E3: 2403 &#xD;
 E3: 2404 &#xD;
 E3: 2405 &#xD;
 E3: 2406 &#xD;
 E3: 2407 &#xD;
 E3: 2408 &#xD;
 E3: 2499 &#xD;
 E3: 2500 &#xD;
 E3: 2501 &#xD;
 E3: 2502 &#xD;
 E3: 2503 &#xD;
 E3: 2504 &#xD;
 E3: OK.&#xD;
 E3: Project c:\appveyor\bin\E3.3DRoutingBridge\Mainline\E3.BridgeTest\TestFiles\Templates\Empty.e3s opened.&#xD;
 E3: W - Project has been opened in READ ONLY mode, you can't save any changes to the existing project!&#xD;
 E3: I - Item Validation enabled&#xD;
 E3: I - Validating project&#xD;
 E3: I - Validation enabled for this project&#xD;
 E3: repair_check_extended(0)&#xD;
 E3: --------------------------------------------------------------------------&#xD;
 E3: consistency check (17)....
&#xD;
 E3: ....
&#xD;
 E3: dump lost....
&#xD;
 E3: ....
&#xD;
 E3: new consistency check (45) and dump lost items (46)....
&#xD;
 E3: ....
&#xD;
 E3: - done -------------------------------------------------------------------
&#xD;
 E3: I - No known issues found&#xD;
 E3: Starting Harness Import import&#xD;
 E3: W - The sheet name must not contain following character: ; , &lt; &gt; ' space. Therefore, this characters are replaced by '_'.&#xD;
 E3: W - Component 31252041 not found in database !&#xD;
 E3: W - Cannot load Component '31252041' from database - look in output window for details... &#xD;
 E3: E - Cannot create new device '4/12.A' with component '31252041'&#xD;
 E3: W - Component 8890226870 not found in database !&#xD;
 E3: W - Cannot load Component '8890226870' from database - look in output window for details... &#xD;
 E3: E - Cannot create new device '6/163.D' with component '8890226870'&#xD;
 E3: W - Component 8890226870 not found in database !&#xD;
 E3: W - Cannot load Component '8890226870' from database - look in output window for details... &#xD;
 E3: E - Cannot create new device '6/163.B' with component '8890226870'&#xD;
 E3: W - Component 8889121096 not found in database !&#xD;
 E3: W - Cannot load Component '8889121096' from database - look in output window for details... &#xD;
 E3: E - Cannot create new device '6/163.C' with component '8889121096'&#xD;
 E3: W - Component 31266849 not found in database !&#xD;
 E3: W - Cannot load Component '31266849' from database - look in output window for details... &#xD;
 E3: E - Cannot create new device '6/163.A' with component '31266849'&#xD;
 E3: W - Component 31409495 not found in database !&#xD;
 E3: W - Cannot load Component '31409495' from database - look in output window for details... &#xD;
 E3: E - Cannot create new device '15/101.D' with component '31409495'&#xD;
 E3: W - Component 31409495 not found in database !&#xD;
 E3: W - Cannot load Component '31409495' from database - look in output window for details... &#xD;
 E3: E - Cannot create new device '15/101.C' with component '31409495'&#xD;
 E3: W - Component 31346261 not found in database !&#xD;
 E3: W - Cannot load Component '31346261' from database - look in output window for details... &#xD;
 E3: E - Cannot create new device '4/178.A' with component '31346261'&#xD;
 E3: W - Component 31475023 not found in database !&#xD;
 E3: W - Cannot load Component '31475023' from database - look in output window for details... &#xD;
 E3: E - Cannot create new device '4/3.A' with component '31475023'&#xD;
 E3: W - Component 31475019 not found in database !&#xD;
 E3: W - Cannot load Component '31475019' from database - look in output window for details... &#xD;
 E3: E - Cannot create new device '7/16.A' with component '31475019'&#xD;
 E3: W - Component 8889741012 not found in database !&#xD;
 E3: W - Cannot load Component '8889741012' from database - look in output window for details... &#xD;
 E3: E - Cannot create new device '4/186.LV' with component '8889741012'&#xD;
 E3: W - Component 31252175 not found in database !&#xD;
 E3: W - Cannot load Component '31252175' from database - look in output window for details... &#xD;
 E3: E - Cannot create new device '4/514.A' with component '31252175'&#xD;
 E3: W - Component 08645532 not found in database !&#xD;
 E3: W - Cannot load Component '08645532' from database - look in output window for details... &#xD;
 E3: E - Cannot create new device '7/488' with component '08645532'&#xD;
 E3: W - Component 30731592 not found in database !&#xD;
 E3: W - Cannot load Component '30731592' from database - look in output window for details... &#xD;
 E3: E - Cannot create new device '15/93.M02' with component '30731592'&#xD;
 E3: W - Component 30731592 not found in database !&#xD;
 E3: W - Cannot load Component '30731592' from database - look in output window for details... &#xD;
 E3: E - Cannot create new device '15/93.M06' with component '30731592'&#xD;
 E3: W - Component 31409743 not found in database !&#xD;
 E3: W - Cannot load Component '31409743' from database - look in output window for details... &#xD;
 E3: E - Cannot create new device '15/93.M05' with component '31409743'&#xD;
 E3: W - Component 31409705 not found in database !&#xD;
 E3: W - Cannot load Component '31409705' from database - look in output window for details... &#xD;
 E3: E - Cannot create new device '94/807' with component '31409705'&#xD;
 E3: W - Component 31475023 not found in database !&#xD;
 E3: W - Cannot load Component '31475023' from database - look in output window for details... &#xD;
 E3: E - Cannot create new device '4/4.A' with component '31475023'&#xD;
 E3: W - Component 8889740725 not found in database !&#xD;
 E3: W - Cannot load Component '8889740725' from database - look in output window for details... &#xD;
 E3: E - Cannot create new device '1/4.LV' with component '8889740725'&#xD;
 E3: W - Component 31475019 not found in database !&#xD;
 E3: W - Cannot load Component '31475019' from database - look in output window for details... &#xD;
 E3: E - Cannot create new device '7/16.C' with component '31475019'&#xD;
 E3: W - Component DUMMY_20 not found in database !&#xD;
 E3: W - Cannot load Component 'DUMMY_20' from database - look in output window for details... &#xD;
 E3: E - Cannot create new device '94/503' with component 'DUMMY_20'&#xD;
 E3: W - Component 8894876793 not found in database !&#xD;
 E3: W - Cannot load Component '8894876793' from database - look in output window for details... &#xD;
 E3: E - Cannot create new device '84/401' with component '8894876793'&#xD;
 E3: W - Component 8888118087 not found in database !&#xD;
 E3: W - Cannot load Component '8888118087' from database - look in output window for details... &#xD;
 E3: E - Cannot create new device '84/402' with component '8888118087'&#xD;
 E3: W - Component 30772678 not found in database !&#xD;
 E3: W - Cannot load Component '30772678' from database - look in output window for details... &#xD;
 E3: E - Cannot create new device '4/186.GROUND' with component '30772678'&#xD;
 E3: W - Component 31475026 not found in database !&#xD;
 E3: W - Cannot load Component '31475026' from database - look in output window for details... &#xD;
 E3: E - Cannot create new device '4/217.LV' with component '31475026'&#xD;
 E3: W - Component 30772679 not found in database !&#xD;
 E3: W - Cannot load Component '30772679' from database - look in output window for details... &#xD;
 E3: E - Cannot create new device '4/217.GROUND' with component '30772679'&#xD;
 E3: W - Component 31475019 not found in database !&#xD;
 E3: W - Cannot load Component '31475019' from database - look in output window for details... &#xD;
 E3: E - Cannot create new device '7/16.B' with component '31475019'&#xD;
 E3: W - Component 31346261 not found in database !&#xD;
 E3: W - Cannot load Component '31346261' from database - look in output window for details... &#xD;
 E3: E - Cannot create new device '6/195.A' with component '31346261'&#xD;
 E3: W - Component 8889188161 not found in database !&#xD;
 E3: W - Cannot load Component '8889188161' from database - look in output window for details... &#xD;
 E3: E - Cannot create new device '94/200.A' with component '8889188161'&#xD;
 E3: W - Component 31252498 not found in database !&#xD;
 E3: W - Cannot load Component '31252498' from database - look in output window for details... &#xD;
 E3: E - Cannot create new device '31/HV006.A' with component '31252498'&#xD;
 E3: W - Component 31252497 not found in database !&#xD;
 E3: W - Cannot load Component '31252497' from database - look in output window for details... &#xD;
 E3: E - Cannot create new device '31/HV002.A' with component '31252497'&#xD;
 E3: W - Component 31252498 not found in database !&#xD;
 E3: W - Cannot load Component '31252498' from database - look in output window for details... &#xD;
 E3: E - Cannot create new device '31/4' with component '31252498'&#xD;
 E3: W - Component 31252497 not found in database !&#xD;
 E3: W - Cannot load Component '31252497' from database - look in output window for details... &#xD;
 E3: E - Cannot create new device '31/3' with component '31252497'&#xD;
 E3: W - Component 31252498 not found in database !&#xD;
 E3: W - Cannot load Component '31252498' from database - look in output window for details... &#xD;
 E3: E - Cannot create new device '31/8' with component '31252498'&#xD;
 E3: W - Component 31409495 not found in database !&#xD;
 E3: W - Cannot load Component '31409495' from database - look in output window for details... &#xD;
 E3: E - Cannot create new device '15/93.M01' with component '31409495'&#xD;
 E3: W - Component 31252499 not found in database !&#xD;
 E3: W - Cannot load Component '31252499' from database - look in output window for details... &#xD;
 E3: E - Cannot create new device '31/16.A' with component '31252499'&#xD;
 E3: W - Component 31252175 not found in database !&#xD;
 E3: W - Cannot load Component '31252175' from database - look in output window for details... &#xD;
 E3: E - Cannot create new device '4/5' with component '31252175'&#xD;
 E3: W - Component 31252175 not found in database !&#xD;
 E3: W - Cannot load Component '31252175' from database - look in output window for details... &#xD;
 E3: E - Cannot create new device '4/515.A' with component '31252175'&#xD;
 E3: W - Component 08645532 not found in database !&#xD;
 E3: W - Cannot load Component '08645532' from database - look in output window for details... &#xD;
 E3: E - Cannot create new device '7/489' with component '08645532'&#xD;
 E3: W - Component 30731592 not found in database !&#xD;
 E3: W - Cannot load Component '30731592' from database - look in output window for details... &#xD;
 E3: E - Cannot create new device '15/93.M07' with component '30731592'&#xD;
 E3: W - Component 30728924 not found in database !&#xD;
 E3: W - Cannot load Component '30728924' from database - look in output window for details... &#xD;
 E3: E - Cannot create new device '94/504' with component '30728924'&#xD;
 E3: W - Component 8889434927 not found in database !&#xD;
 E3: W - Cannot load Component '8889434927' from database - look in output window for details... &#xD;
 E3: E - Cannot create new device '15/101.A' with component '8889434927'&#xD;
 E3: W - Component 31409677 not found in database !&#xD;
 E3: W - Cannot load Component '31409677' from database - look in output window for details... &#xD;
 E3: E - Cannot create new device '4/238.SC' with component '31409677'&#xD;
 E3: W - Component 31409495 not found in database !&#xD;
 E3: W - Cannot load Component '31409495' from database - look in output window for details... &#xD;
 E3: E - Cannot create new device '15/116.M02' with component '31409495'&#xD;
 E3: W - Component 30731592 not found in database !&#xD;
 E3: W - Cannot load Component '30731592' from database - look in output window for details... &#xD;
 E3: E - Cannot create new device '15/116.M03' with component '30731592'&#xD;
 E3: W - Component DUMMY_20 not found in database !&#xD;
 E3: W - Cannot load Component 'DUMMY_20' from database - look in output window for details... &#xD;
 E3: E - Cannot create new device '15/116.A' with component 'DUMMY_20'&#xD;
 E3: W - Component 31252499 not found in database !&#xD;
 E3: W - Cannot load Component '31252499' from database - look in output window for details... &#xD;
 E3: E - Cannot create new device '31/17.A' with component '31252499'&#xD;
 E3: W - Component 8889439587 not found in database !&#xD;
 E3: W - Cannot load Component '8889439587' from database - look in output window for details... &#xD;
 E3: E - Cannot create new device '4/10.SC' with component '8889439587'&#xD;
 E3: W - Component 30731592 not found in database !&#xD;
 E3: W - Cannot load Component '30731592' from database - look in output window for details... &#xD;
 E3: E - Cannot create new device '4/10.I' with component '30731592'&#xD;
 E3: W - Component DUMMY_20 not found in database !&#xD;
 E3: W - Cannot load Component 'DUMMY_20' from database - look in output window for details... &#xD;
 E3: E - Cannot create new device '4/10.J' with component 'DUMMY_20'&#xD;
 E3: Splice '93/1_492' can not be imported. It has no component code and no default component for splices is defined!&#xD;
 E3: Splice '93/1_492.1' can not be imported. It has no component code and no default component for splices is defined!&#xD;
 E3: Splice '93/1_029.1' can not be imported. It has no component code and no default component for splices is defined!&#xD;
 E3: Splice '93/1_095' can not be imported. It has no component code and no default component for splices is defined!&#xD;
 E3: Splice '93/1_101' can not be imported. It has no component code and no default component for splices is defined!&#xD;
 E3: Splice '93/1_457' can not be imported. It has no component code and no default component for splices is defined!&#xD;
 E3: Splice '93/2_457' can not be imported. It has no component code and no default component for splices is defined!&#xD;
 E3: Splice '93/1_436' can not be imported. It has no component code and no default component for splices is defined!&#xD;
 E3: Splice '93/5_457' can not be imported. It has no component code and no default component for splices is defined!&#xD;
 E3: Splice '93/6_457' can not be imported. It has no component code and no default component for splices is defined!&#xD;
 E3: Splice '93/480' can not be imported. It has no component code and no default component for splices is defined!&#xD;
 E3: Splice '93/1_085' can not be imported. It has no component code and no default component for splices is defined!&#xD;
 E3: Splice '93/1_088' can not be imported. It has no component code and no default component for splices is defined!&#xD;
 E3: Splice '93/4_890' can not be imported. It has no component code and no default component for splices is defined!&#xD;
 E3: Splice '93/1_030' can not be imported. It has no component code and no default component for splices is defined!&#xD;
 E3: W - No or invalid way to connect to digitised connect node !&#xD;
 E3: W - Due to colliding objects a connection line from position (1454.14440917969|37.0327110290527) to (1454.79418945313|38.2973365783691) could not be generated.&#xD;
 E3: W - No or invalid way to connect to digitised connect node !&#xD;
 E3: W - Due to colliding objects a connection line from position (1460.349609375|13.5763416290283) to (1458.30053710938|13.2098407745361) could not be generated.&#xD;
 E3: W - No or invalid way to connect to digitised connect node !&#xD;
 E3: W - Due to colliding objects a connection line from position (1456.20776367188|12.8364753723145) to (1458.687|13.279) could not be generated.&#xD;
 E3: Splice '93/1_492' can not be imported. It has no component code and no default component for splices is defined!&#xD;
 E3: Splice '93/1_492.1' can not be imported. It has no component code and no default component for splices is defined!&#xD;
 E3: Splice '93/1_029.1' can not be imported. It has no component code and no default component for splices is defined!&#xD;
 E3: Splice '93/1_095' can not be imported. It has no component code and no default component for splices is defined!&#xD;
 E3: Splice '93/1_101' can not be imported. It has no component code and no default component for splices is defined!&#xD;
 E3: Splice '93/1_457' can not be imported. It has no component code and no default component for splices is defined!&#xD;
 E3: Splice '93/2_457' can not be imported. It has no component code and no default component for splices is defined!&#xD;
 E3: Splice '93/1_436' can not be imported. It has no component code and no default component for splices is defined!&#xD;
 E3: Splice '93/5_457' can not be imported. It has no component code and no default component for splices is defined!&#xD;
 E3: Splice '93/6_457' can not be imported. It has no component code and no default component for splices is defined!&#xD;
 E3: Splice '93/480' can not be imported. It has no component code and no default component for splices is defined!&#xD;
 E3: Splice '93/1_085' can not be imported. It has no component code and no default component for splices is defined!&#xD;
 E3: Splice '93/1_088' can not be imported. It has no component code and no default component for splices is defined!&#xD;
 E3: Splice '93/4_890' can not be imported. It has no component code and no default component for splices is defined!&#xD;
 E3: Splice '93/1_030' can not be imported. It has no component code and no default component for splices is defined!&#xD;
 E3: Fixing '00999440.1' can not be imported. It has no component code and no default component for fixings is defined!&#xD;
 E3: Fixing '00999574.3' can not be imported. It has no component code and no default component for fixings is defined!&#xD;
 E3: Fixing '00999574.11' can not be imported. It has no component code and no default component for fixings is defined!&#xD;
 E3: Fixing '00999574.16' can not be imported. It has no component code and no default component for fixings is defined!&#xD;
 E3: Fixing '00999574.24' can not be imported. It has no component code and no default component for fixings is defined!&#xD;
 E3: Fixing '00999574.27' can not be imported. It has no component code and no default component for fixings is defined!&#xD;
 E3: Fixing '00999560.4' can not be imported. It has no component code and no default component for fixings is defined!&#xD;
 E3: Fixing '00999560.5' can not be imported. It has no component code and no default component for fixings is defined!&#xD;
 E3: Fixing '00999560.6' can not be imported. It has no component code and no default component for fixings is defined!&#xD;
 E3: Fixing '00999560.1' can not be imported. It has no component code and no default component for fixings is defined!&#xD;
 E3: Fixing '00999440.4' can not be imported. It has no component code and no default component for fixings is defined!&#xD;
 E3: Fixing '00999574.12' can not be imported. It has no component code and no default component for fixings is defined!&#xD;
 E3: Fixing '00999574.13' can not be imported. It has no component code and no default component for fixings is defined!&#xD;
 E3: Fixing '00999574.15' can not be imported. It has no component code and no default component for fixings is defined!&#xD;
 E3: Fixing '00999574.26' can not be imported. It has no component code and no default component for fixings is defined!&#xD;
 E3: Fixing '00999574.29' can not be imported. It has no component code and no default component for fixings is defined!&#xD;
 E3: Fixing '30772927.1' can not be imported. It has no component code and no default component for fixings is defined!&#xD;
 E3: Fixing '00999574.2' can not be imported. It has no component code and no default component for fixings is defined!&#xD;
 E3: Fixing '00999574.4' can not be imported. It has no component code and no default component for fixings is defined!&#xD;
 E3: Fixing '00999574.7' can not be imported. It has no component code and no default component for fixings is defined!&#xD;
 E3: Fixing '30772927.3' can not be imported. It has no component code and no default component for fixings is defined!&#xD;
 E3: Fixing '00999574.9' can not be imported. It has no component code and no default component for fixings is defined!&#xD;
 E3: Fixing '00999574.1' can not be imported. It has no component code and no default component for fixings is defined!&#xD;
 E3: Fixing '00999574.10' can not be imported. It has no component code and no default component for fixings is defined!&#xD;
 E3: Fixing '00999574.14' can not be imported. It has no component code and no default component for fixings is defined!&#xD;
 E3: Fixing '00999440.2' can not be imported. It has no component code and no default component for fixings is defined!&#xD;
 E3: Fixing '00983706.1' can not be imported. It has no component code and no default component for fixings is defined!&#xD;
 E3: Fixing '00983706.2' can not be imported. It has no component code and no default component for fixings is defined!&#xD;
 E3: Fixing '30772927.2' can not be imported. It has no component code and no default component for fixings is defined!&#xD;
 E3: Fixing '00999440.2' can not be imported. It has no component code and no default component for fixings is defined!&#xD;
 E3: Fixing '00999440.2' can not be imported. It has no component code and no default component for fixings is defined!&#xD;
 E3: Fixing '00999560.1' can not be imported. It has no component code and no default component for fixings is defined!&#xD;
 E3: Fixing '00999440.3' can not be imported. It has no component code and no default component for fixings is defined!&#xD;
 E3: I - Formboard sheet '8893661179_CM1E_POWERPACK_HARNESS_HCA' was created.&#xD;
 E3: I - Closing project 'Empty' without saving modifications...&#xD;
 E3: Project c:\appveyor\bin\E3.3DRoutingBridge\Mainline\E3.BridgeTest\TestFiles\Templates\temp.e3s created.&#xD;
 E3: I - Item Validation enabled&#xD;
 E3: I - Validating project&#xD;
 E3: I - Validation enabled for this project&#xD;
 E3: I - Closing project 'temp' without saving modifications...&#xD;
 E3: I - Opening Project  c:\appveyor\bin\E3.3DRoutingBridge\Mainline\E3.BridgeTest\TestFiles\Templates\Empty.e3s&#xD;
 E3: I - Updating internal structures: 200 cycles up to version 2505...&#xD;
 E3: 2305 &#xD;
 E3: 2306 &#xD;
 E3: 2307 &#xD;
 E3: 2308 &#xD;
 E3: 2309 &#xD;
 E3: 2310 &#xD;
 E3: 2311 &#xD;
 E3: 2312 &#xD;
 E3: 2399 &#xD;
 E3: 2400 &#xD;
 E3: 2401 &#xD;
 E3: 2402 &#xD;
 E3: 2403 &#xD;
 E3: 2404 &#xD;
 E3: 2405 &#xD;
 E3: 2406 &#xD;
 E3: 2407 &#xD;
 E3: 2408 &#xD;
 E3: 2499 &#xD;
 E3: 2500 &#xD;
 E3: 2501 &#xD;
 E3: 2502 &#xD;
 E3: 2503 &#xD;
 E3: 2504 &#xD;
 E3: OK.&#xD;
 E3: Project c:\appveyor\bin\E3.3DRoutingBridge\Mainline\E3.BridgeTest\TestFiles\Templates\Empty.e3s opened.&#xD;
 E3: W - Project has been opened in READ ONLY mode, you can't save any changes to the existing project!&#xD;
 E3: I - Item Validation enabled&#xD;
 E3: I - Validating project&#xD;
 E3: I - Validation enabled for this project&#xD;
 E3: repair_check_extended(0)&#xD;
 E3: --------------------------------------------------------------------------&#xD;
 E3: consistency check (17)....
&#xD;
 E3: ....
&#xD;
 E3: dump lost....
&#xD;
 E3: ....
&#xD;
 E3: new consistency check (45) and dump lost items (46)....
&#xD;
 E3: ....
&#xD;
 E3: - done -------------------------------------------------------------------
&#xD;
 E3: I - No known issues found&#xD;
 E3: Starting Harness Import import&#xD;
 E3: W - Component 9064890.ASM not found in database !&#xD;
 E3: W - Cannot load Component '9064890.ASM' from database - look in output window for details... &#xD;
 E3: E - Cannot create new device '9064890.ASM_1' with component '9064890.ASM'&#xD;
 E3: W - Component 9596686.ASM not found in database !&#xD;
 E3: W - Cannot load Component '9596686.ASM' from database - look in output window for details... &#xD;
 E3: E - Cannot create new device '9596686.ASM_1' with component '9596686.ASM'&#xD;
 E3: W - Component 94048697.ASM not found in database !&#xD;
 E3: W - Cannot load Component '94048697.ASM' from database - look in output window for details... &#xD;
 E3: E - Cannot create new device '94048697.ASM_1' with component '94048697.ASM'&#xD;
 E3: W - Component 10664317.PRT not found in database !&#xD;
 E3: W - Cannot load Component '10664317.PRT' from database - look in output window for details... &#xD;
 E3: E - Cannot create new device '10664317.PRT_1' with component '10664317.PRT'&#xD;
 E3: W - Component 11600654.PRT not found in database !&#xD;
 E3: W - Cannot load Component '11600654.PRT' from database - look in output window for details... &#xD;
 E3: E - Cannot create new device '11600654.PRT_1' with component '11600654.PRT'&#xD;
 E3: W - Component 11600652.PRT not found in database !&#xD;
 E3: W - Cannot load Component '11600652.PRT' from database - look in output window for details... &#xD;
 E3: E - Cannot create new device '11600652.PRT_1' with component '11600652.PRT'&#xD;
 E3: W - Component 9596769.ASM not found in database !&#xD;
 E3: W - Cannot load Component '9596769.ASM' from database - look in output window for details... &#xD;
 E3: E - Cannot create new device '9596769.ASM_2' with component '9596769.ASM'&#xD;
 E3: W - Component 9596769.ASM not found in database !&#xD;
 E3: W - Cannot load Component '9596769.ASM' from database - look in output window for details... &#xD;
 E3: E - Cannot create new device '9596769.ASM_1' with component '9596769.ASM'&#xD;
 E3: W - Component 9596767.ASM not found in database !&#xD;
 E3: W - Cannot load Component '9596767.ASM' from database - look in output window for details... &#xD;
 E3: E - Cannot create new device '9596767.ASM_1' with component '9596767.ASM'&#xD;
 E3: W - Component 9596767.ASM not found in database !&#xD;
 E3: W - Cannot load Component '9596767.ASM' from database - look in output window for details... &#xD;
 E3: E - Cannot create new device '9596767.ASM_2' with component '9596767.ASM'&#xD;
 E3: W - Component 11067833.PRT not found in database !&#xD;
 E3: W - Cannot load Component '11067833.PRT' from database - look in output window for details... &#xD;
 E3: E - Cannot create new device '11067833.PRT_1' with component '11067833.PRT'&#xD;
 E3: W - Component 10678453.PRT not found in database !&#xD;
 E3: W - Cannot load Component '10678453.PRT' from database - look in output window for details... &#xD;
 E3: E - Cannot create new device '10678453.PRT_1' with component '10678453.PRT'&#xD;
 E3: W - Component 10678452.PRT not found in database !&#xD;
 E3: W - Cannot load Component '10678452.PRT' from database - look in output window for details... &#xD;
 E3: E - Cannot create new device '10678452.PRT_1' with component '10678452.PRT'&#xD;
 E3: W - Component 10800032.PRT not found in database !&#xD;
 E3: W - Cannot load Component '10800032.PRT' from database - look in output window for details... &#xD;
 E3: E - Cannot create new device '10800032.PRT_1' with component '10800032.PRT'&#xD;
 E3: W - Component 9064904.ASM not found in database !&#xD;
 E3: W - Cannot load Component '9064904.ASM' from database - look in output window for details... &#xD;
 E3: E - Cannot create new device '9064904.ASM_24' with component '9064904.ASM'&#xD;
 E3: W - Component 9064904.ASM not found in database !&#xD;
 E3: W - Cannot load Component '9064904.ASM' from database - look in output window for details... &#xD;
 E3: E - Cannot create new device '9064904.ASM_23' with component '9064904.ASM'&#xD;
 E3: W - Component 9064904.ASM not found in database !&#xD;
 E3: W - Cannot load Component '9064904.ASM' from database - look in output window for details... &#xD;
 E3: E - Cannot create new device '9064904.ASM_21' with component '9064904.ASM'&#xD;
 E3: W - Component 9064904.ASM not found in database !&#xD;
 E3: W - Cannot load Component '9064904.ASM' from database - look in output window for details... &#xD;
 E3: E - Cannot create new device '9064904.ASM_20' with component '9064904.ASM'&#xD;
 E3: W - Component 9064904.ASM not found in database !&#xD;
 E3: W - Cannot load Component '9064904.ASM' from database - look in output window for details... &#xD;
 E3: E - Cannot create new device '9064904.ASM_25' with component '9064904.ASM'&#xD;
 E3: W - Component 9064904.ASM not found in database !&#xD;
 E3: W - Cannot load Component '9064904.ASM' from database - look in output window for details... &#xD;
 E3: E - Cannot create new device '9064904.ASM_26' with component '9064904.ASM'&#xD;
 E3: W - Component 9064904.ASM not found in database !&#xD;
 E3: W - Cannot load Component '9064904.ASM' from database - look in output window for details... &#xD;
 E3: E - Cannot create new device '9064904.ASM_27' with component '9064904.ASM'&#xD;
 E3: W - Component 9064904.ASM not found in database !&#xD;
 E3: W - Cannot load Component '9064904.ASM' from database - look in output window for details... &#xD;
 E3: E - Cannot create new device '9064904.ASM_22' with component '9064904.ASM'&#xD;
 E3: W - Component 9064904.ASM not found in database !&#xD;
 E3: W - Cannot load Component '9064904.ASM' from database - look in output window for details... &#xD;
 E3: E - Cannot create new device '9064904.ASM_28' with component '9064904.ASM'&#xD;
 E3: W - Component 9064904.ASM not found in database !&#xD;
 E3: W - Cannot load Component '9064904.ASM' from database - look in output window for details... &#xD;
 E3: E - Cannot create new device '9064904.ASM_16' with component '9064904.ASM'&#xD;
 E3: W - Component 9064904.ASM not found in database !&#xD;
 E3: W - Cannot load Component '9064904.ASM' from database - look in output window for details... &#xD;
 E3: E - Cannot create new device '9064904.ASM_19' with component '9064904.ASM'&#xD;
 E3: W - Component 9064904.ASM not found in database !&#xD;
 E3: W - Cannot load Component '9064904.ASM' from database - look in output window for details... &#xD;
 E3: E - Cannot create new device '9064904.ASM_18' with component '9064904.ASM'&#xD;
 E3: W - Component 9064904.ASM not found in database !&#xD;
 E3: W - Cannot load Component '9064904.ASM' from database - look in output window for details... &#xD;
 E3: E - Cannot create new device '9064904.ASM_17' with component '9064904.ASM'&#xD;
 E3: W - Component 94004509_1.PRT not found in database !&#xD;
 E3: W - Cannot load Component '94004509_1.PRT' from database - look in output window for details... &#xD;
 E3: E - Cannot create new device '94004509_1.PRT_1' with component '94004509_1.PRT'&#xD;
 E3: W - Component 10664282.PRT not found in database !&#xD;
 E3: W - Cannot load Component '10664282.PRT' from database - look in output window for details... &#xD;
 E3: E - Cannot create new device '10664282.PRT_1' with component '10664282.PRT'&#xD;
 E3: W - Component 10664320.PRT not found in database !&#xD;
 E3: W - Cannot load Component '10664320.PRT' from database - look in output window for details... &#xD;
 E3: E - Cannot create new device '10664320.PRT_1' with component '10664320.PRT'&#xD;
 E3: W - Component 9064904.ASM not found in database !&#xD;
 E3: W - Cannot load Component '9064904.ASM' from database - look in output window for details... &#xD;
 E3: E - Cannot create new device '9064904.ASM_31' with component '9064904.ASM'&#xD;
 E3: W - Component 9064904.ASM not found in database !&#xD;
 E3: W - Cannot load Component '9064904.ASM' from database - look in output window for details... &#xD;
 E3: E - Cannot create new device '9064904.ASM_34' with component '9064904.ASM'&#xD;
 E3: W - Component 9064904.ASM not found in database !&#xD;
 E3: W - Cannot load Component '9064904.ASM' from database - look in output window for details... &#xD;
 E3: E - Cannot create new device '9064904.ASM_37' with component '9064904.ASM'&#xD;
 E3: W - Component 9064904.ASM not found in database !&#xD;
 E3: W - Cannot load Component '9064904.ASM' from database - look in output window for details... &#xD;
 E3: E - Cannot create new device '9064904.ASM_50' with component '9064904.ASM'&#xD;
 E3: W - Component 9064904.ASM not found in database !&#xD;
 E3: W - Cannot load Component '9064904.ASM' from database - look in output window for details... &#xD;
 E3: E - Cannot create new device '9064904.ASM_51' with component '9064904.ASM'&#xD;
 E3: W - Component 9064904.ASM not found in database !&#xD;
 E3: W - Cannot load Component '9064904.ASM' from database - look in output window for details... &#xD;
 E3: E - Cannot create new device '9064904.ASM_53' with component '9064904.ASM'&#xD;
 E3: W - Component 9064904.ASM not found in database !&#xD;
 E3: W - Cannot load Component '9064904.ASM' from database - look in output window for details... &#xD;
 E3: E - Cannot create new device '9064904.ASM_54' with component '9064904.ASM'&#xD;
 E3: W - Component 9064904.ASM not found in database !&#xD;
 E3: W - Cannot load Component '9064904.ASM' from database - look in output window for details... &#xD;
 E3: E - Cannot create new device '9064904.ASM_43' with component '9064904.ASM'&#xD;
 E3: W - Component 9064904.ASM not found in database !&#xD;
 E3: W - Cannot load Component '9064904.ASM' from database - look in output window for details... &#xD;
 E3: E - Cannot create new device '9064904.ASM_46' with component '9064904.ASM'&#xD;
 E3: W - Component 9064904.ASM not found in database !&#xD;
 E3: W - Cannot load Component '9064904.ASM' from database - look in output window for details... &#xD;
 E3: E - Cannot create new device '9064904.ASM_49' with component '9064904.ASM'&#xD;
 E3: W - Component 10424622.PRT not found in database !&#xD;
 E3: W - Cannot load Component '10424622.PRT' from database - look in output window for details... &#xD;
 E3: E - Cannot create new device '10424622.PRT_1' with component '10424622.PRT'&#xD;
 E3: W - Component 6001790.PRT not found in database !&#xD;
 E3: W - Cannot load Component '6001790.PRT' from database - look in output window for details... &#xD;
 E3: E - Cannot create new device '6001790.PRT_2' with component '6001790.PRT'&#xD;
 E3: W - Component 10017754.PRT not found in database !&#xD;
 E3: W - Cannot load Component '10017754.PRT' from database - look in output window for details... &#xD;
 E3: E - Cannot create new device '10017754.PRT_1' with component '10017754.PRT'&#xD;
 E3: W - Component 6004458.PRT not found in database !&#xD;
 E3: W - Cannot load Component '6004458.PRT' from database - look in output window for details... &#xD;
 E3: E - Cannot create new device '6004458.PRT_1' with component '6004458.PRT'&#xD;
 E3: W - Component 10035783.PRT not found in database !&#xD;
 E3: W - Cannot load Component '10035783.PRT' from database - look in output window for details... &#xD;
 E3: E - Cannot create new device '10035783.PRT_1' with component '10035783.PRT'&#xD;
 E3: W - Component 9596771.ASM not found in database !&#xD;
 E3: W - Cannot load Component '9596771.ASM' from database - look in output window for details... &#xD;
 E3: E - Cannot create new device '9596771.ASM_1' with component '9596771.ASM'&#xD;
 E3: W - Component 9064904.ASM not found in database !&#xD;
 E3: W - Cannot load Component '9064904.ASM' from database - look in output window for details... &#xD;
 E3: E - Cannot create new device '9064904.ASM_2' with component '9064904.ASM'&#xD;
 E3: W - Component 9064904.ASM not found in database !&#xD;
 E3: W - Cannot load Component '9064904.ASM' from database - look in output window for details... &#xD;
 E3: E - Cannot create new device '9064904.ASM_1' with component '9064904.ASM'&#xD;
 E3: W - Component 9064904.ASM not found in database !&#xD;
 E3: W - Cannot load Component '9064904.ASM' from database - look in output window for details... &#xD;
 E3: E - Cannot create new device '9064904.ASM_4' with component '9064904.ASM'&#xD;
 E3: W - Component 9064904.ASM not found in database !&#xD;
 E3: W - Cannot load Component '9064904.ASM' from database - look in output window for details... &#xD;
 E3: E - Cannot create new device '9064904.ASM_3' with component '9064904.ASM'&#xD;
 E3: W - Component 6001770.PRT not found in database !&#xD;
 E3: W - Cannot load Component '6001770.PRT' from database - look in output window for details... &#xD;
 E3: E - Cannot create new device '6001770.PRT_1' with component '6001770.PRT'&#xD;
 E3: W - Component 9064904.ASM not found in database !&#xD;
 E3: W - Cannot load Component '9064904.ASM' from database - look in output window for details... &#xD;
 E3: E - Cannot create new device '9064904.ASM_15' with component '9064904.ASM'&#xD;
 E3: W - Component 9064904.ASM not found in database !&#xD;
 E3: W - Cannot load Component '9064904.ASM' from database - look in output window for details... &#xD;
 E3: E - Cannot create new device '9064904.ASM_32' with component '9064904.ASM'&#xD;
 E3: W - Component 9064904.ASM not found in database !&#xD;
 E3: W - Cannot load Component '9064904.ASM' from database - look in output window for details... &#xD;
 E3: E - Cannot create new device '9064904.ASM_35' with component '9064904.ASM'&#xD;
 E3: W - Component 9064904.ASM not found in database !&#xD;
 E3: W - Cannot load Component '9064904.ASM' from database - look in output window for details... &#xD;
 E3: E - Cannot create new device '9064904.ASM_36' with component '9064904.ASM'&#xD;
 E3: W - Component 9064904.ASM not found in database !&#xD;
 E3: W - Cannot load Component '9064904.ASM' from database - look in output window for details... &#xD;
 E3: E - Cannot create new device '9064904.ASM_38' with component '9064904.ASM'&#xD;
 E3: W - Component 9064904.ASM not found in database !&#xD;
 E3: W - Cannot load Component '9064904.ASM' from database - look in output window for details... &#xD;
 E3: E - Cannot create new device '9064904.ASM_39' with component '9064904.ASM'&#xD;
 E3: W - Component 9064904.ASM not found in database !&#xD;
 E3: W - Cannot load Component '9064904.ASM' from database - look in output window for details... &#xD;
 E3: E - Cannot create new device '9064904.ASM_7' with component '9064904.ASM'&#xD;
 E3: W - Component 9064904.ASM not found in database !&#xD;
 E3: W - Cannot load Component '9064904.ASM' from database - look in output window for details... &#xD;
 E3: E - Cannot create new device '9064904.ASM_5' with component '9064904.ASM'&#xD;
 E3: W - Component 9064904.ASM not found in database !&#xD;
 E3: W - Cannot load Component '9064904.ASM' from database - look in output window for details... &#xD;
 E3: E - Cannot create new device '9064904.ASM_6' with component '9064904.ASM'&#xD;
 E3: W - Component 9064904.ASM not found in database !&#xD;
 E3: W - Cannot load Component '9064904.ASM' from database - look in output window for details... &#xD;
 E3: E - Cannot create new device '9064904.ASM_9' with component '9064904.ASM'&#xD;
 E3: W - Component 9064904.ASM not found in database !&#xD;
 E3: W - Cannot load Component '9064904.ASM' from database - look in output window for details... &#xD;
 E3: E - Cannot create new device '9064904.ASM_10' with component '9064904.ASM'&#xD;
 E3: W - Component 9064904.ASM not found in database !&#xD;
 E3: W - Cannot load Component '9064904.ASM' from database - look in output window for details... &#xD;
 E3: E - Cannot create new device '9064904.ASM_8' with component '9064904.ASM'&#xD;
 E3: W - Component 9064904.ASM not found in database !&#xD;
 E3: W - Cannot load Component '9064904.ASM' from database - look in output window for details... &#xD;
 E3: E - Cannot create new device '9064904.ASM_11' with component '9064904.ASM'&#xD;
 E3: W - Component 9064904.ASM not found in database !&#xD;
 E3: W - Cannot load Component '9064904.ASM' from database - look in output window for details... &#xD;
 E3: E - Cannot create new device '9064904.ASM_12' with component '9064904.ASM'&#xD;
 E3: W - Component 9064904.ASM not found in database !&#xD;
 E3: W - Cannot load Component '9064904.ASM' from database - look in output window for details... &#xD;
 E3: E - Cannot create new device '9064904.ASM_13' with component '9064904.ASM'&#xD;
 E3: W - Component 9064904.ASM not found in database !&#xD;
 E3: W - Cannot load Component '9064904.ASM' from database - look in output window for details... &#xD;
 E3: E - Cannot create new device '9064904.ASM_14' with component '9064904.ASM'&#xD;
 E3: W - Component 9596769.ASM not found in database !&#xD;
 E3: W - Cannot load Component '9596769.ASM' from database - look in output window for details... &#xD;
 E3: E - Cannot create new device '9596769.ASM_3' with component '9596769.ASM'&#xD;
 E3: W - Component 10800030.PRT not found in database !&#xD;
 E3: W - Cannot load Component '10800030.PRT' from database - look in output window for details... &#xD;
 E3: E - Cannot create new device '10800030.PRT_1' with component '10800030.PRT'&#xD;
 E3: W - Component 10450925.PRT not found in database !&#xD;
 E3: W - Cannot load Component '10450925.PRT' from database - look in output window for details... &#xD;
 E3: E - Cannot create new device '10450925.PRT_6' with component '10450925.PRT'&#xD;
 E3: W - Component 9595878.ASM not found in database !&#xD;
 E3: W - Cannot load Component '9595878.ASM' from database - look in output window for details... &#xD;
 E3: E - Cannot create new device '9595878.ASM_1' with component '9595878.ASM'&#xD;
 E3: W - Component 9595878.ASM not found in database !&#xD;
 E3: W - Cannot load Component '9595878.ASM' from database - look in output window for details... &#xD;
 E3: E - Cannot create new device '9595878.ASM_2' with component '9595878.ASM'&#xD;
 E3: W - Component 9595878.ASM not found in database !&#xD;
 E3: W - Cannot load Component '9595878.ASM' from database - look in output window for details... &#xD;
 E3: E - Cannot create new device '9595878.ASM_3' with component '9595878.ASM'&#xD;
 E3: W - Component 9595878.ASM not found in database !&#xD;
 E3: W - Cannot load Component '9595878.ASM' from database - look in output window for details... &#xD;
 E3: E - Cannot create new device '9595878.ASM_4' with component '9595878.ASM'&#xD;
 E3: W - Component 10035785.PRT not found in database !&#xD;
 E3: W - Cannot load Component '10035785.PRT' from database - look in output window for details... &#xD;
 E3: E - Cannot create new device '10035785.PRT_1' with component '10035785.PRT'&#xD;
 E3: W - Component 11695563.PRT not found in database !&#xD;
 E3: W - Cannot load Component '11695563.PRT' from database - look in output window for details... &#xD;
 E3: E - Cannot create new device '11695563.PRT_1' with component '11695563.PRT'&#xD;
 E3: W - Component 9595878.ASM not found in database !&#xD;
 E3: W - Cannot load Component '9595878.ASM' from database - look in output window for details... &#xD;
 E3: E - Cannot create new device '9595878.ASM_5' with component '9595878.ASM'&#xD;
 E3: W - Component 9595878.ASM not found in database !&#xD;
 E3: W - Cannot load Component '9595878.ASM' from database - look in output window for details... &#xD;
 E3: E - Cannot create new device '9595878.ASM_6' with component '9595878.ASM'&#xD;
 E3: W - Component 10678458_LHB2.PRT not found in database !&#xD;
 E3: W - Cannot load Component '10678458_LHB2.PRT' from database - look in output window for details... &#xD;
 E3: E - Cannot create new device '10678458_LHB2.PRT_1' with component '10678458_LHB2.PRT'&#xD;
 E3: W - Component 10678458_LHB2.PRT not found in database !&#xD;
 E3: W - Cannot load Component '10678458_LHB2.PRT' from database - look in output window for details... &#xD;
 E3: E - Cannot create new device '10678458_LHB2.PRT_2' with component '10678458_LHB2.PRT'&#xD;
 E3: W - Component 9595878.ASM not found in database !&#xD;
 E3: W - Cannot load Component '9595878.ASM' from database - look in output window for details... &#xD;
 E3: E - Cannot create new device '9595878.ASM_7' with component '9595878.ASM'&#xD;
 E3: W - Component 9595878.ASM not found in database !&#xD;
 E3: W - Cannot load Component '9595878.ASM' from database - look in output window for details... &#xD;
 E3: E - Cannot create new device '9595878.ASM_8' with component '9595878.ASM'&#xD;
 E3: W - Component 9595878.ASM not found in database !&#xD;
 E3: W - Cannot load Component '9595878.ASM' from database - look in output window for details... &#xD;
 E3: E - Cannot create new device '9595878.ASM_9' with component '9595878.ASM'&#xD;
 E3: W - Component 9595878.ASM not found in database !&#xD;
 E3: W - Cannot load Component '9595878.ASM' from database - look in output window for details... &#xD;
 E3: E - Cannot create new device '9595878.ASM_10' with component '9595878.ASM'&#xD;
 E3: W - Component 9595878.ASM not found in database !&#xD;
 E3: W - Cannot load Component '9595878.ASM' from database - look in output window for details... &#xD;
 E3: E - Cannot create new device '9595878.ASM_11' with component '9595878.ASM'&#xD;
 E3: W - Component 9595878.ASM not found in database !&#xD;
 E3: W - Cannot load Component '9595878.ASM' from database - look in output window for details... &#xD;
 E3: E - Cannot create new device '9595878.ASM_12' with component '9595878.ASM'&#xD;
 E3: W - Component 9595878.ASM not found in database !&#xD;
 E3: W - Cannot load Component '9595878.ASM' from database - look in output window for details... &#xD;
 E3: E - Cannot create new device '9595878.ASM_13' with component '9595878.ASM'&#xD;
 E3: W - Component 9595878.ASM not found in database !&#xD;
 E3: W - Cannot load Component '9595878.ASM' from database - look in output window for details... &#xD;
 E3: E - Cannot create new device '9595878.ASM_14' with component '9595878.ASM'&#xD;
 E3: W - Component 9595878.ASM not found in database !&#xD;
 E3: W - Cannot load Component '9595878.ASM' from database - look in output window for details... &#xD;
 E3: E - Cannot create new device '9595878.ASM_15' with component '9595878.ASM'&#xD;
 E3: W - Component 9595878.ASM not found in database !&#xD;
 E3: W - Cannot load Component '9595878.ASM' from database - look in output window for details... &#xD;
 E3: E - Cannot create new device '9595878.ASM_16' with component '9595878.ASM'&#xD;
 E3: W - Component 9595878.ASM not found in database !&#xD;
 E3: W - Cannot load Component '9595878.ASM' from database - look in output window for details... &#xD;
 E3: E - Cannot create new device '9595878.ASM_17' with component '9595878.ASM'&#xD;
 E3: W - Component 9595878.ASM not found in database !&#xD;
 E3: W - Cannot load Component '9595878.ASM' from database - look in output window for details... &#xD;
 E3: E - Cannot create new device '9595878.ASM_18' with component '9595878.ASM'&#xD;
 E3: W - Component 9595878.ASM not found in database !&#xD;
 E3: W - Cannot load Component '9595878.ASM' from database - look in output window for details... &#xD;
 E3: E - Cannot create new device '9595878.ASM_19' with component '9595878.ASM'&#xD;
 E3: W - Component 10353014.PRT not found in database !&#xD;
 E3: W - Cannot load Component '10353014.PRT' from database - look in output window for details... &#xD;
 E3: E - Cannot create new device '10353014.PRT_1' with component '10353014.PRT'&#xD;
 E3: W - Component 9595878.ASM not found in database !&#xD;
 E3: W - Cannot load Component '9595878.ASM' from database - look in output window for details... &#xD;
 E3: E - Cannot create new device '9595878.ASM_20' with component '9595878.ASM'&#xD;
 E3: W - Component 9595878.ASM not found in database !&#xD;
 E3: W - Cannot load Component '9595878.ASM' from database - look in output window for details... &#xD;
 E3: E - Cannot create new device '9595878.ASM_21' with component '9595878.ASM'&#xD;
 E3: W - Component 9595878.ASM not found in database !&#xD;
 E3: W - Cannot load Component '9595878.ASM' from database - look in output window for details... &#xD;
 E3: E - Cannot create new device '9595878.ASM_23' with component '9595878.ASM'&#xD;
 E3: W - Component 9595878.ASM not found in database !&#xD;
 E3: W - Cannot load Component '9595878.ASM' from database - look in output window for details... &#xD;
 E3: E - Cannot create new device '9595878.ASM_24' with component '9595878.ASM'&#xD;
 E3: Splice 'BRANCHING_PART.PRT_1' can not be imported. It has no component code and no default component for splices is defined!&#xD;
 E3: Splice 'BRANCHING_PART.PRT_2' can not be imported. It has no component code and no default component for splices is defined!&#xD;
 E3: Splice 'BRANCHING_PART.PRT_7' can not be imported. It has no component code and no default component for splices is defined!&#xD;
 E3: Splice 'BRANCHING_PART.PRT_12' can not be imported. It has no component code and no default component for splices is defined!&#xD;
 E3: Splice 'BRANCHING_PART.PRT_14' can not be imported. It has no component code and no default component for splices is defined!&#xD;
 E3: Splice 'BRANCHING_PART.PRT_19' can not be imported. It has no component code and no default component for splices is defined!&#xD;
 E3: Splice 'BRANCHING_PART.PRT_3' can not be imported. It has no component code and no default component for splices is defined!&#xD;
 E3: Splice 'BRANCHING_PART.PRT_10' can not be imported. It has no component code and no default component for splices is defined!&#xD;
 E3: Splice 'BRANCHING_PART.PRT_15' can not be imported. It has no component code and no default component for splices is defined!&#xD;
 E3: Splice 'BRANCHING_PART.PRT_13' can not be imported. It has no component code and no default component for splices is defined!&#xD;
 E3: Splice 'BRANCHING_PART.PRT_16' can not be imported. It has no component code and no default component for splices is defined!&#xD;
 E3: Splice 'BRANCHING_PART.PRT_4' can not be imported. It has no component code and no default component for splices is defined!&#xD;
 E3: Splice 'BRANCHING_PART.PRT_17' can not be imported. It has no component code and no default component for splices is defined!&#xD;
 E3: Splice 'BRANCHING_PART.PRT_26' can not be imported. It has no component code and no default component for splices is defined!&#xD;
 E3: Splice 'BRANCHING_PART.PRT_5' can not be imported. It has no component code and no default component for splices is defined!&#xD;
 E3: Splice 'BRANCHING_PART.PRT_11' can not be imported. It has no component code and no default component for splices is defined!&#xD;
 E3: Splice 'BRANCHING_PART.PRT_24' can not be imported. It has no component code and no default component for splices is defined!&#xD;
 E3: Splice 'BRANCHING_PART.PRT_21' can not be imported. It has no component code and no default component for splices is defined!&#xD;
 E3: Splice 'BRANCHING_PART.PRT_20' can not be imported. It has no component code and no default component for splices is defined!&#xD;
 E3: Splice 'BRANCHING_PART.PRT_23' can not be imported. It has no component code and no default component for splices is defined!&#xD;
 E3: Splice 'BRANCHING_PART.PRT_22' can not be imported. It has no component code and no default component for splices is defined!&#xD;
 E3: Splice 'BRANCHING_PART.PRT_9' can not be imported. It has no component code and no default component for splices is defined!&#xD;
 E3: Splice 'BRANCHING_PART.PRT_25' can not be imported. It has no component code and no default component for splices is defined!&#xD;
 E3: Splice 'BRANCHING_PART.PRT_6' can not be imported. It has no component code and no default component for splices is defined!&#xD;
 E3: Splice 'BRANCHING_PART.PRT_8' can not be imported. It has no component code and no default component for splices is defined!&#xD;
 E3: Splice 'BRANCHING_PART.PRT_18' can not be imported. It has no component code and no default component for splices is defined!&#xD;
 E3: W - No or invalid way to connect to digitised connect node !&#xD;
 E3: W - Due to colliding objects a connection line from position (1522.54138183594|494.100921630859) to (1522.626851|492.980905) could not be generated.&#xD;
 E3: W - No or invalid way to connect to digitised connect node !&#xD;
 E3: W - Due to colliding objects a connection line from position (0.0222431588917971|1199.19653320313) to (1E-20|1200) could not be generated.&#xD;
 E3: W - No or invalid way to connect to digitised connect node !&#xD;
 E3: W - Due to colliding objects a connection line from position (695.49462890625|35.7313804626465) to (695|35) could not be generated.&#xD;
 E3: W - No or invalid way to connect to digitised connect node !&#xD;
 E3: W - Due to colliding objects a connection line from position (710.989196777344|34.9854049682617) to (725|35) could not be generated.&#xD;
 E3: W - No or invalid way to connect to digitised connect node !&#xD;
 E3: W - Due to colliding objects a connection line from position (1004.49761962891|150.678985595703) to (1004.50000032|150.400000426) could not be generated.&#xD;
 E3: W - No or invalid way to connect to digitised connect node !&#xD;
 E3: W - Due to colliding objects a connection line from position (695.859008789063|34.2795372009277) to (695|35) could not be generated.&#xD;
 E3: W - No or invalid way to connect to digitised connect node !&#xD;
 E3: W - Due to colliding objects a connection line from position (700.074890136719|56.8061599731445) to (700|56.632) could not be generated.&#xD;
 E3: W - No or invalid way to connect to digitised connect node !&#xD;
 E3: W - Due to colliding objects a connection line from position (-1392.08813476563|1111.58142089844) to (-1390|1110) could not be generated.&#xD;
 E3: W - No or invalid way to connect to digitised connect node !&#xD;
 E3: W - Due to colliding objects a connection line from position (434.509033203125|634.671020507813) to (436.217712402344|642.242919921875) could not be generated.&#xD;
 E3: W - No or invalid way to connect to digitised connect node !&#xD;
 E3: W - Due to colliding objects a connection line from position (675.163452148438|35.0226135253906) to (675.017883300781|39.3434982299805) could not be generated.&#xD;
 E3: W - No or invalid way to connect to digitised connect node !&#xD;
 E3: W - Due to colliding objects a connection line from position (976.029907226563|35.3342933654785) to (986.183410644531|36.7842750549316) could not be generated.&#xD;
 E3: I - Segments will be separated after connect. Do you want to continue?&#xD;
 E3: I - Answer: YES&#xD;
 E3: W - No or invalid way to connect to digitised connect node !&#xD;
 E3: W - Due to colliding objects a connection line from position (986.183410644531|36.7842750549316) to (990.557067871094|39.0010604858398) could not be generated.&#xD;
 E3: I - Segments will be separated after connect. Do you want to continue?&#xD;
 E3: I - Answer: YES&#xD;
 E3: W - No or invalid way to connect to digitised connect node !&#xD;
 E3: W - Due to colliding objects a connection line from position (990.557067871094|39.0010604858398) to (997.412414550781|46.9942893981934) could not be generated.&#xD;
 E3: I - Segments will be separated after connect. Do you want to continue?&#xD;
 E3: I - Answer: YES&#xD;
 E3: W - No or invalid way to connect to digitised connect node !&#xD;
 E3: W - Due to colliding objects a connection line from position (997.412414550781|46.9942893981934) to (1003.07000732422|60.6274299621582) could not be generated.&#xD;
 E3: I - Segments will be separated after connect. Do you want to continue?&#xD;
 E3: I - Answer: YES&#xD;
 E3: W - No or invalid way to connect to digitised connect node !&#xD;
 E3: W - Due to colliding objects a connection line from position (1003.07000732422|60.6274299621582) to (1005.49884033203|80.9953384399414) could not be generated.&#xD;
 E3: I - Segments will be separated after connect. Do you want to continue?&#xD;
 E3: I - Answer: YES&#xD;
 E3: W - No or invalid way to connect to digitised connect node !&#xD;
 E3: W - Due to colliding objects a connection line from position (1005.49884033203|80.9953384399414) to (1005.14471435547|103.522094726563) could not be generated.&#xD;
 E3: I - Segments will be separated after connect. Do you want to continue?&#xD;
 E3: I - Answer: YES&#xD;
 E3: W - No or invalid way to connect to digitised connect node !&#xD;
 E3: W - Due to colliding objects a connection line from position (1005.14471435547|103.522094726563) to (1004.79846191406|123.766471862793) could not be generated.&#xD;
 E3: I - Segments will be separated after connect. Do you want to continue?&#xD;
 E3: I - Answer: YES&#xD;
 E3: W - No or invalid way to connect to digitised connect node !&#xD;
 E3: W - Due to colliding objects a connection line from position (1004.79846191406|123.766471862793) to (1004.64654541016|136.649200439453) could not be generated.&#xD;
 E3: I - Segments will be separated after connect. Do you want to continue?&#xD;
 E3: I - Answer: YES&#xD;
 E3: W - No or invalid way to connect to digitised connect node !&#xD;
 E3: W - Due to colliding objects a connection line from position (1004.64654541016|136.649200439453) to (1004.55474853516|144.935317993164) could not be generated.&#xD;
 E3: I - Segments will be separated after connect. Do you want to continue?&#xD;
 E3: I - Answer: YES&#xD;
 E3: W - No or invalid way to connect to digitised connect node !&#xD;
 E3: W - Due to colliding objects a connection line from position (1004.55474853516|144.935317993164) to (1004.50000032027|150.400000426349) could not be generated.&#xD;
 E3: W - No or invalid way to connect to digitised connect node !&#xD;
 E3: W - Due to colliding objects a connection line from position (955.705078125|35.4566764831543) to (986.177673339844|34.6820335388184) could not be generated.&#xD;
 E3: I - Segments will be separated after connect. Do you want to continue?&#xD;
 E3: I - Answer: YES&#xD;
 E3: W - No or invalid way to connect to digitised connect node !&#xD;
 E3: W - Due to colliding objects a connection line from position (986.177673339844|34.6820335388184) to (1011.49090576172|33.8854179382324) could not be generated.&#xD;
 E3: I - Segments will be separated after connect. Do you want to continue?&#xD;
 E3: I - Answer: YES&#xD;
 E3: W - No or invalid way to connect to digitised connect node !&#xD;
 E3: W - Due to colliding objects a connection line from position (1011.49090576172|33.8854179382324) to (1029.92883300781|33.9255599975586) could not be generated.&#xD;
 E3: I - Segments will be separated after connect. Do you want to continue?&#xD;
 E3: I - Answer: YES&#xD;
 E3: W - No or invalid way to connect to digitised connect node !&#xD;
 E3: W - Due to colliding objects a connection line from position (1029.92883300781|33.9255599975586) to (1043.138671875|34.8146667480469) could not be generated.&#xD;
 E3: I - Segments will be separated after connect. Do you want to continue?&#xD;
 E3: I - Answer: YES&#xD;
 E3: W - No or invalid way to connect to digitised connect node !&#xD;
 E3: W - Due to colliding objects a connection line from position (1043.138671875|34.8146667480469) to (1053.25048828125|36.3809776306152) could not be generated.&#xD;
 E3: I - Segments will be separated after connect. Do you want to continue?&#xD;
 E3: I - Answer: YES&#xD;
 E3: W - No or invalid way to connect to digitised connect node !&#xD;
 E3: W - Due to colliding objects a connection line from position (1053.25048828125|36.3809776306152) to (1060.96301269531|38.5633506774902) could not be generated.&#xD;
 E3: I - Segments will be separated after connect. Do you want to continue?&#xD;
 E3: I - Answer: YES&#xD;
 E3: W - No or invalid way to connect to digitised connect node !&#xD;
 E3: W - Due to colliding objects a connection line from position (1060.96301269531|38.5633506774902) to (1066.68298339844|41.3697776794434) could not be generated.&#xD;
 E3: I - Segments will be separated after connect. Do you want to continue?&#xD;
 E3: I - Answer: YES&#xD;
 E3: W - No or invalid way to connect to digitised connect node !&#xD;
 E3: W - Due to colliding objects a connection line from position (1066.68298339844|41.3697776794434) to (1071.08203125|44.9742584228516) could not be generated.&#xD;
 E3: I - Segments will be separated after connect. Do you want to continue?&#xD;
 E3: I - Answer: YES&#xD;
 E3: W - No or invalid way to connect to digitised connect node !&#xD;
 E3: W - Due to colliding objects a connection line from position (1071.08203125|44.9742584228516) to (1074.69787597656|49.6034507751465) could not be generated.&#xD;
 E3: I - Segments will be separated after connect. Do you want to continue?&#xD;
 E3: I - Answer: YES&#xD;
 E3: W - No or invalid way to connect to digitised connect node !&#xD;
 E3: W - Due to colliding objects a connection line from position (1074.69787597656|49.6034507751465) to (1077.26879882813|55.5287322998047) could not be generated.&#xD;
 E3: I - Segments will be separated after connect. Do you want to continue?&#xD;
 E3: I - Answer: YES&#xD;
 E3: W - No or invalid way to connect to digitised connect node !&#xD;
 E3: W - Due to colliding objects a connection line from position (1077.26879882813|55.5287322998047) to (1078.45336914063|62.9953384399414) could not be generated.&#xD;
 E3: I - Segments will be separated after connect. Do you want to continue?&#xD;
 E3: I - Answer: YES&#xD;
 E3: W - No or invalid way to connect to digitised connect node !&#xD;
 E3: W - Due to colliding objects a connection line from position (1078.45336914063|62.9953384399414) to (1078.390625|72.0992660522461) could not be generated.&#xD;
 E3: I - Segments will be separated after connect. Do you want to continue?&#xD;
 E3: I - Answer: YES&#xD;
 E3: W - No or invalid way to connect to digitised connect node !&#xD;
 E3: W - Due to colliding objects a connection line from position (1078.390625|72.0992660522461) to (1076.18041992188|94.4431762695313) could not be generated.&#xD;
 E3: I - Segments will be separated after connect. Do you want to continue?&#xD;
 E3: I - Answer: YES&#xD;
 E3: W - No or invalid way to connect to digitised connect node !&#xD;
 E3: W - Due to colliding objects a connection line from position (1076.18041992188|94.4431762695313) to (1074.86560058594|117.679695129395) could not be generated.&#xD;
 E3: I - Segments will be separated after connect. Do you want to continue?&#xD;
 E3: I - Answer: YES&#xD;
 E3: W - No or invalid way to connect to digitised connect node !&#xD;
 E3: W - Due to colliding objects a connection line from position (1074.86560058594|117.679695129395) to (1075.10278320313|135.460266113281) could not be generated.&#xD;
 E3: I - Segments will be separated after connect. Do you want to continue?&#xD;
 E3: I - Answer: YES&#xD;
 E3: W - No or invalid way to connect to digitised connect node !&#xD;
 E3: W - Due to colliding objects a connection line from position (1075.10278320313|135.460266113281) to (1075.40808105469|145.146392822266) could not be generated.&#xD;
 E3: I - Segments will be separated after connect. Do you want to continue?&#xD;
 E3: I - Answer: YES&#xD;
 E3: W - No or invalid way to connect to digitised connect node !&#xD;
 E3: W - Due to colliding objects a connection line from position (1075.40808105469|145.146392822266) to (1075.50933698424|150.400000426349) could not be generated.&#xD;
 E3: W - No or invalid way to connect to digitised connect node !&#xD;
 E3: W - Due to colliding objects a connection line from position (84.902229309082|610.000732421875) to (75.097412109375|610.000244140625) could not be generated.&#xD;
 E3: W - No or invalid way to connect to digitised connect node !&#xD;
 E3: W - Due to colliding objects a connection line from position (75.097412109375|610.000244140625) to (66.2189788818359|610) could not be generated.&#xD;
 E3: W - No or invalid way to connect to digitised connect node !&#xD;
 E3: W - Due to colliding objects a connection line from position (66.2189788818359|610) to (58.0493507385254|610.000122070313) could not be generated.&#xD;
 E3: W - No or invalid way to connect to digitised connect node !&#xD;
 E3: W - Due to colliding objects a connection line from position (58.0493507385254|610.000122070313) to (42.9976196289063|610) could not be generated.&#xD;
 E3: W - No or invalid way to connect to digitised connect node !&#xD;
 E3: W - Due to colliding objects a connection line from position (42.9976196289063|610) to (35.2959747314453|609.999938964844) could not be generated.&#xD;
 E3: W - No or invalid way to connect to digitised connect node !&#xD;
 E3: W - Due to colliding objects a connection line from position (27.3595104217529|610) to (19.4009819030762|610) could not be generated.&#xD;
 E3: W - No or invalid way to connect to digitised connect node !&#xD;
 E3: W - Due to colliding objects a connection line from position (19.4009819030762|610) to (12.0201406478882|610) could not be generated.&#xD;
 E3: W - No or invalid way to connect to digitised connect node !&#xD;
 E3: W - Due to colliding objects a connection line from position (12.0201406478882|610) to (-7.16482099960558E-06|610) could not be generated.&#xD;
 E3: W - No or invalid way to connect to digitised connect node !&#xD;
 E3: W - Due to colliding objects a connection line from position (-7.16482099960558E-06|610) to (-11.6464309692383|610) could not be generated.&#xD;
 E3: W - No or invalid way to connect to digitised connect node !&#xD;
 E3: W - Due to colliding objects a connection line from position (-11.6464309692383|610) to (-18.3104972839355|610) could not be generated.&#xD;
 E3: W - No or invalid way to connect to digitised connect node !&#xD;
 E3: W - Due to colliding objects a connection line from position (-25.7184467315674|610) to (-41.7212562561035|610) could not be generated.&#xD;
 E3: W - No or invalid way to connect to digitised connect node !&#xD;
 E3: W - Due to colliding objects a connection line from position (-41.7212562561035|610) to (-56.7545318603516|610) could not be generated.&#xD;
 E3: W - No or invalid way to connect to digitised connect node !&#xD;
 E3: W - Due to colliding objects a connection line from position (-56.7545318603516|610) to (-65.6774215698242|610) could not be generated.&#xD;
 E3: W - No or invalid way to connect to digitised connect node !&#xD;
 E3: W - Due to colliding objects a connection line from position (-65.6774215698242|610) to (-76.5134887695313|610) could not be generated.&#xD;
 E3: W - No or invalid way to connect to digitised connect node !&#xD;
 E3: W - Due to colliding objects a connection line from position (-76.5134887695313|610) to (-90.9416275024414|610) could not be generated.&#xD;
 E3: W - No or invalid way to connect to digitised connect node !&#xD;
 E3: W - Due to colliding objects a connection line from position (-90.9416275024414|610) to (-101.398017883301|609.999877929688) could not be generated.&#xD;
 E3: W - No or invalid way to connect to digitised connect node !&#xD;
 E3: W - Due to colliding objects a connection line from position (-115.257614135742|609.999633789063) to (-154.661056518555|609.999389648438) could not be generated.&#xD;
 E3: W - No or invalid way to connect to digitised connect node !&#xD;
 E3: W - Due to colliding objects a connection line from position (-154.661056518555|609.999389648438) to (-205.349884033203|610.002990722656) could not be generated.&#xD;
 E3: W - No or invalid way to connect to digitised connect node !&#xD;
 E3: W - Due to colliding objects a connection line from position (-588.016906738281|610.301025390625) to (-594.952758789063|610.477478027344) could not be generated.&#xD;
 E3: Splice 'BRANCHING_PART.PRT_1' can not be imported. It has no component code and no default component for splices is defined!&#xD;
 E3: Splice 'BRANCHING_PART.PRT_2' can not be imported. It has no component code and no default component for splices is defined!&#xD;
 E3: Splice 'BRANCHING_PART.PRT_7' can not be imported. It has no component code and no default component for splices is defined!&#xD;
 E3: Splice 'BRANCHING_PART.PRT_12' can not be imported. It has no component code and no default component for splices is defined!&#xD;
 E3: Splice 'BRANCHING_PART.PRT_14' can not be imported. It has no component code and no default component for splices is defined!&#xD;
 E3: Splice 'BRANCHING_PART.PRT_19' can not be imported. It has no component code and no default component for splices is defined!&#xD;
 E3: Splice 'BRANCHING_PART.PRT_3' can not be imported. It has no component code and no default component for splices is defined!&#xD;
 E3: Splice 'BRANCHING_PART.PRT_10' can not be imported. It has no component code and no default component for splices is defined!&#xD;
 E3: Splice 'BRANCHING_PART.PRT_15' can not be imported. It has no component code and no default component for splices is defined!&#xD;
 E3: Splice 'BRANCHING_PART.PRT_13' can not be imported. It has no component code and no default component for splices is defined!&#xD;
 E3: Splice 'BRANCHING_PART.PRT_16' can not be imported. It has no component code and no default component for splices is defined!&#xD;
 E3: Splice 'BRANCHING_PART.PRT_4' can not be imported. It has no component code and no default component for splices is defined!&#xD;
 E3: Splice 'BRANCHING_PART.PRT_17' can not be imported. It has no component code and no default component for splices is defined!&#xD;
 E3: Splice 'BRANCHING_PART.PRT_26' can not be imported. It has no component code and no default component for splices is defined!&#xD;
 E3: Splice 'BRANCHING_PART.PRT_5' can not be imported. It has no component code and no default component for splices is defined!&#xD;
 E3: Splice 'BRANCHING_PART.PRT_11' can not be imported. It has no component code and no default component for splices is defined!&#xD;
 E3: Splice 'BRANCHING_PART.PRT_24' can not be imported. It has no component code and no default component for splices is defined!&#xD;
 E3: Splice 'BRANCHING_PART.PRT_21' can not be imported. It has no component code and no default component for splices is defined!&#xD;
 E3: Splice 'BRANCHING_PART.PRT_20' can not be imported. It has no component code and no default component for splices is defined!&#xD;
 E3: Splice 'BRANCHING_PART.PRT_23' can not be imported. It has no component code and no default component for splices is defined!&#xD;
 E3: Splice 'BRANCHING_PART.PRT_22' can not be imported. It has no component code and no default component for splices is defined!&#xD;
 E3: Splice 'BRANCHING_PART.PRT_9' can not be imported. It has no component code and no default component for splices is defined!&#xD;
 E3: Splice 'BRANCHING_PART.PRT_25' can not be imported. It has no component code and no default component for splices is defined!&#xD;
 E3: Splice 'BRANCHING_PART.PRT_6' can not be imported. It has no component code and no default component for splices is defined!&#xD;
 E3: Splice 'BRANCHING_PART.PRT_8' can not be imported. It has no component code and no default component for splices is defined!&#xD;
 E3: Splice 'BRANCHING_PART.PRT_18' can not be imported. It has no component code and no default component for splices is defined!&#xD;
 E3: Fixing '6205169.PRT_1' can not be imported. It has no component code and no default component for fixings is defined!&#xD;
 E3: Fixing '11833388.PRT_1' can not be imported. It has no component code and no default component for fixings is defined!&#xD;
 E3: I - Formboard sheet '94096545.ASM' was created.&#xD;
 E3: I - Closing project 'Empty' without saving modifications...&#xD;
 E3: Project c:\appveyor\bin\E3.3DRoutingBridge\Mainline\E3.BridgeTest\TestFiles\Templates\temp.e3s created.&#xD;
 E3: I - Item Validation enabled&#xD;
 E3: I - Validating project&#xD;
 E3: I - Validation enabled for this project&#xD;
 E3: I - Closing project 'temp' without saving modifications...&#xD;
 E3: I - Opening Project  c:\appveyor\bin\E3.3DRoutingBridge\Mainline\E3.BridgeTest\TestFiles\Templates\Empty.e3s&#xD;
 E3: I - Updating internal structures: 200 cycles up to version 2505...&#xD;
 E3: 2305 &#xD;
 E3: 2306 &#xD;
 E3: 2307 &#xD;
 E3: 2308 &#xD;
 E3: 2309 &#xD;
 E3: 2310 &#xD;
 E3: 2311 &#xD;
 E3: 2312 &#xD;
 E3: 2399 &#xD;
 E3: 2400 &#xD;
 E3: 2401 &#xD;
 E3: 2402 &#xD;
 E3: 2403 &#xD;
 E3: 2404 &#xD;
 E3: 2405 &#xD;
 E3: 2406 &#xD;
 E3: 2407 &#xD;
 E3: 2408 &#xD;
 E3: 2499 &#xD;
 E3: 2500 &#xD;
 E3: 2501 &#xD;
 E3: 2502 &#xD;
 E3: 2503 &#xD;
 E3: 2504 &#xD;
 E3: OK.&#xD;
 E3: Project c:\appveyor\bin\E3.3DRoutingBridge\Mainline\E3.BridgeTest\TestFiles\Templates\Empty.e3s opened.&#xD;
 E3: W - Project has been opened in READ ONLY mode, you can't save any changes to the existing project!&#xD;
 E3: I - Item Validation enabled&#xD;
 E3: I - Validating project&#xD;
 E3: I - Validation enabled for this project&#xD;
 E3: repair_check_extended(0)&#xD;
 E3: --------------------------------------------------------------------------&#xD;
 E3: consistency check (17)....
&#xD;
 E3: ....
&#xD;
 E3: dump lost....
&#xD;
 E3: ....
&#xD;
 E3: new consistency check (45) and dump lost items (46)....
&#xD;
 E3: ....
&#xD;
 E3: - done -------------------------------------------------------------------
&#xD;
 E3: I - No known issues found&#xD;
 E3: Starting Harness Import import&#xD;
 E3: W - Component /NULL not found in database !&#xD;
 E3: W - Cannot load Component '/NULL' from database - look in output window for details... &#xD;
 E3: E - Cannot create new device 'F153/1*11' with component '/NULL'&#xD;
 E3: W - Component /NULL not found in database !&#xD;
 E3: W - Cannot load Component '/NULL' from database - look in output window for details... &#xD;
 E3: E - Cannot create new device 'F153/1*10' with component '/NULL'&#xD;
 E3: W - Component /NULL not found in database !&#xD;
 E3: W - Cannot load Component '/NULL' from database - look in output window for details... &#xD;
 E3: E - Cannot create new device 'F153/1*9' with component '/NULL'&#xD;
 E3: W - Component /NULL not found in database !&#xD;
 E3: W - Cannot load Component '/NULL' from database - look in output window for details... &#xD;
 E3: E - Cannot create new device 'F153/1*12' with component '/NULL'&#xD;
 E3: W - Component /NULL not found in database !&#xD;
 E3: W - Cannot load Component '/NULL' from database - look in output window for details... &#xD;
 E3: E - Cannot create new device 'F153/1*8' with component '/NULL'&#xD;
 E3: W - Component A0395453328 not found in database !&#xD;
 E3: W - Cannot load Component 'A0395453328' from database - look in output window for details... &#xD;
 E3: E - Cannot create new device 'H21/24*1' with component 'A0395453328'&#xD;
 E3: W - Component A0395453328 not found in database !&#xD;
 E3: W - Cannot load Component 'A0395453328' from database - look in output window for details... &#xD;
 E3: E - Cannot create new device 'H22/24*1' with component 'A0395453328'&#xD;
 E3: W - Component /NULL not found in database !&#xD;
 E3: W - Cannot load Component '/NULL' from database - look in output window for details... &#xD;
 E3: E - Cannot create new device '#Z339' with component '/NULL'&#xD;
 E3: W - Component A0009826302 not found in database !&#xD;
 E3: W - Cannot load Component 'A0009826302' from database - look in output window for details... &#xD;
 E3: E - Cannot create new device 'W15/5*4' with component 'A0009826302'&#xD;
 E3: W - Component /NULL not found in database !&#xD;
 E3: W - Cannot load Component '/NULL' from database - look in output window for details... &#xD;
 E3: E - Cannot create new device 'F153/1*5' with component '/NULL'&#xD;
 E3: W - Component /NULL not found in database !&#xD;
 E3: W - Cannot load Component '/NULL' from database - look in output window for details... &#xD;
 E3: E - Cannot create new device 'F153/1*7' with component '/NULL'&#xD;
 E3: W - Component /NULL not found in database !&#xD;
 E3: W - Cannot load Component '/NULL' from database - look in output window for details... &#xD;
 E3: E - Cannot create new device 'F153/1*2' with component '/NULL'&#xD;
 E3: W - Component /NULL not found in database !&#xD;
 E3: W - Cannot load Component '/NULL' from database - look in output window for details... &#xD;
 E3: E - Cannot create new device 'F153/1*3' with component '/NULL'&#xD;
 E3: W - Component /NULL not found in database !&#xD;
 E3: W - Cannot load Component '/NULL' from database - look in output window for details... &#xD;
 E3: E - Cannot create new device 'F153/1*6' with component '/NULL'&#xD;
 E3: W - Component /NULL not found in database !&#xD;
 E3: W - Cannot load Component '/NULL' from database - look in output window for details... &#xD;
 E3: E - Cannot create new device 'F153/1*4' with component '/NULL'&#xD;
 E3: W - Component /NULL not found in database !&#xD;
 E3: W - Cannot load Component '/NULL' from database - look in output window for details... &#xD;
 E3: E - Cannot create new device 'F153/1*14' with component '/NULL'&#xD;
 E3: W - Component /NULL not found in database !&#xD;
 E3: W - Cannot load Component '/NULL' from database - look in output window for details... &#xD;
 E3: E - Cannot create new device 'F153/1*1' with component '/NULL'&#xD;
 E3: W - Component A0009826302 not found in database !&#xD;
 E3: W - Cannot load Component 'A0009826302' from database - look in output window for details... &#xD;
 E3: E - Cannot create new device 'W15/5*3' with component 'A0009826302'&#xD;
 E3: W - Component /NULL not found in database !&#xD;
 E3: W - Cannot load Component '/NULL' from database - look in output window for details... &#xD;
 E3: E - Cannot create new device ' Vorbau LL' with component '/NULL'&#xD;
 E3: W - Component /NULL not found in database !&#xD;
 E3: W - Cannot load Component '/NULL' from database - look in output window for details... &#xD;
 E3: E - Cannot create new device 'Vorbau LL' with component '/NULL'&#xD;
 E3: W - Component A0009826302 not found in database !&#xD;
 E3: W - Cannot load Component 'A0009826302' from database - look in output window for details... &#xD;
 E3: E - Cannot create new device 'W15/5*2' with component 'A0009826302'&#xD;
 E3: W - Component A1729821502 not found in database !&#xD;
 E3: W - Cannot load Component 'A1729821502' from database - look in output window for details... &#xD;
 E3: E - Cannot create new device 'W15/5*1' with component 'A1729821502'&#xD;
 E3: W - Component /NULL not found in database !&#xD;
 E3: W - Cannot load Component '/NULL' from database - look in output window for details... &#xD;
 E3: E - Cannot create new device 'Z2/2' with component '/NULL'&#xD;
 E3: W - Component /NULL not found in database !&#xD;
 E3: W - Cannot load Component '/NULL' from database - look in output window for details... &#xD;
 E3: E - Cannot create new device 'S9/1' with component '/NULL'&#xD;
 E3: W - Component /NULL not found in database !&#xD;
 E3: W - Cannot load Component '/NULL' from database - look in output window for details... &#xD;
 E3: E - Cannot create new device '#Z366' with component '/NULL'&#xD;
 E3: W - Component /NULL not found in database !&#xD;
 E3: W - Cannot load Component '/NULL' from database - look in output window for details... &#xD;
 E3: E - Cannot create new device 'N73/3' with component '/NULL'&#xD;
 E3: W - Component A0325459328 not found in database !&#xD;
 E3: W - Cannot load Component 'A0325459328' from database - look in output window for details... &#xD;
 E3: E - Cannot create new device 'P37' with component 'A0325459328'&#xD;
 E3: W - Component A0355457828 not found in database !&#xD;
 E3: W - Cannot load Component 'A0355457828' from database - look in output window for details... &#xD;
 E3: E - Cannot create new device '#345' with component 'A0355457828'&#xD;
 E3: W - Component A0105408081 not found in database !&#xD;
 E3: W - Cannot load Component 'A0105408081' from database - look in output window for details... &#xD;
 E3: E - Cannot create new device 'X35/2*1-B' with component 'A0105408081'&#xD;
 E3: W - Component A0105408081 not found in database !&#xD;
 E3: W - Cannot load Component 'A0105408081' from database - look in output window for details... &#xD;
 E3: E - Cannot create new device 'X35/1*1-B' with component 'A0105408081'&#xD;
 E3: W - Component /NULL not found in database !&#xD;
 E3: W - Cannot load Component '/NULL' from database - look in output window for details... &#xD;
 E3: E - Cannot create new device 'X25/7*2' with component '/NULL'&#xD;
 E3: W - Component A0105406981 not found in database !&#xD;
 E3: W - Cannot load Component 'A0105406981' from database - look in output window for details... &#xD;
 E3: E - Cannot create new device 'X25/7*1' with component 'A0105406981'&#xD;
 E3: W - Component /NULL not found in database !&#xD;
 E3: W - Cannot load Component '/NULL' from database - look in output window for details... &#xD;
 E3: E - Cannot create new device 'F1/6' with component '/NULL'&#xD;
 E3: W - Component A0375453528 not found in database !&#xD;
 E3: W - Cannot load Component 'A0375453528' from database - look in output window for details... &#xD;
 E3: E - Cannot create new device 'F1/6*1' with component 'A0375453528'&#xD;
 E3: W - Component A0375453528 not found in database !&#xD;
 E3: W - Cannot load Component 'A0375453528' from database - look in output window for details... &#xD;
 E3: E - Cannot create new device 'F1/6*2' with component 'A0375453528'&#xD;
 E3: W - Component /NULL not found in database !&#xD;
 E3: W - Cannot load Component '/NULL' from database - look in output window for details... &#xD;
 E3: E - Cannot create new device '#Z396' with component '/NULL'&#xD;
 E3: W - Component A0525457826 not found in database !&#xD;
 E3: W - Cannot load Component 'A0525457826' from database - look in output window for details... &#xD;
 E3: E - Cannot create new device 'A68' with component 'A0525457826'&#xD;
 E3: W - Component A0105406981 not found in database !&#xD;
 E3: W - Cannot load Component 'A0105406981' from database - look in output window for details... &#xD;
 E3: E - Cannot create new device 'X18/53' with component 'A0105406981'&#xD;
 E3: W - Component /NULL not found in database !&#xD;
 E3: W - Cannot load Component '/NULL' from database - look in output window for details... &#xD;
 E3: E - Cannot create new device '#Z401' with component '/NULL'&#xD;
 E3: W - Component /NULL not found in database !&#xD;
 E3: W - Cannot load Component '/NULL' from database - look in output window for details... &#xD;
 E3: E - Cannot create new device 'K40/6*6' with component '/NULL'&#xD;
 E3: W - Component /NULL not found in database !&#xD;
 E3: W - Cannot load Component '/NULL' from database - look in output window for details... &#xD;
 E3: E - Cannot create new device 'K40/6*5' with component '/NULL'&#xD;
 E3: W - Component /NULL not found in database !&#xD;
 E3: W - Cannot load Component '/NULL' from database - look in output window for details... &#xD;
 E3: E - Cannot create new device 'K40/6*4' with component '/NULL'&#xD;
 E3: W - Component /NULL not found in database !&#xD;
 E3: W - Cannot load Component '/NULL' from database - look in output window for details... &#xD;
 E3: E - Cannot create new device 'K40/6*3' with component '/NULL'&#xD;
 E3: W - Component /NULL not found in database !&#xD;
 E3: W - Cannot load Component '/NULL' from database - look in output window for details... &#xD;
 E3: E - Cannot create new device 'K40/6*2' with component '/NULL'&#xD;
 E3: W - Component /NULL not found in database !&#xD;
 E3: W - Cannot load Component '/NULL' from database - look in output window for details... &#xD;
 E3: E - Cannot create new device 'Mitte Konsole' with component '/NULL'&#xD;
 E3: W - Component /NULL not found in database !&#xD;
 E3: W - Cannot load Component '/NULL' from database - look in output window for details... &#xD;
 E3: E - Cannot create new device 'K40/6*1' with component '/NULL'&#xD;
 E3: W - Component /NULL not found in database !&#xD;
 E3: W - Cannot load Component '/NULL' from database - look in output window for details... &#xD;
 E3: E - Cannot create new device 'K40/6*7' with component '/NULL'&#xD;
 E3: W - Component /NULL not found in database !&#xD;
 E3: W - Cannot load Component '/NULL' from database - look in output window for details... &#xD;
 E3: E - Cannot create new device 'K40/6*8' with component '/NULL'&#xD;
 E3: W - Component /NULL not found in database !&#xD;
 E3: W - Cannot load Component '/NULL' from database - look in output window for details... &#xD;
 E3: E - Cannot create new device 'K40/6*13' with component '/NULL'&#xD;
 E3: W - Component /NULL not found in database !&#xD;
 E3: W - Cannot load Component '/NULL' from database - look in output window for details... &#xD;
 E3: E - Cannot create new device 'K40/6*9' with component '/NULL'&#xD;
 E3: W - Component /NULL not found in database !&#xD;
 E3: W - Cannot load Component '/NULL' from database - look in output window for details... &#xD;
 E3: E - Cannot create new device 'K40/6*10' with component '/NULL'&#xD;
 E3: W - Component /NULL not found in database !&#xD;
 E3: W - Cannot load Component '/NULL' from database - look in output window for details... &#xD;
 E3: E - Cannot create new device 'K40/6*11' with component '/NULL'&#xD;
 E3: W - Component /NULL not found in database !&#xD;
 E3: W - Cannot load Component '/NULL' from database - look in output window for details... &#xD;
 E3: E - Cannot create new device 'K40/6*12' with component '/NULL'&#xD;
 E3: W - You digitised the same point again (680.916,-699.3) !&#xD;
 E3: W - Due to colliding objects a connection line from position (680.916|-699.3) to (680.916015625|-699.299987792969) could not be generated.&#xD;
 E3: W - You digitised the same point again (680.916,-699.3) !&#xD;
 E3: W - Due to colliding objects a connection line from position (680.916015625|-699.299987792969) to (680.916015625|-699.299987792969) could not be generated.&#xD;
 E3: W - You digitised the same point again (680.916,-699.3) !&#xD;
 E3: W - Due to colliding objects a connection line from position (680.916015625|-699.299987792969) to (680.916015625|-699.299987792969) could not be generated.&#xD;
 E3: W - You digitised the same point again (772.5,-685.794) !&#xD;
 E3: W - Due to colliding objects a connection line from position (772.5|-685.794006347656) to (772.5|-685.794) could not be generated.&#xD;
 E3: W - You digitised the same point again (772.5,-685.794) !&#xD;
 E3: W - Due to colliding objects a connection line from position (772.5|-685.794006347656) to (772.5|-685.794006347656) could not be generated.&#xD;
 E3: W - You digitised the same point again (772.5,-685.794) !&#xD;
 E3: W - Due to colliding objects a connection line from position (772.5|-685.794006347656) to (772.5|-685.794006347656) could not be generated.&#xD;
 E3: W - You digitised the same point again (680.916,-699.3) !&#xD;
 E3: W - Due to colliding objects a connection line from position (680.916015625|-699.299987792969) to (680.916015625|-699.299987792969) could not be generated.&#xD;
 E3: W - You digitised the same point again (680.916,-699.3) !&#xD;
 E3: W - Due to colliding objects a connection line from position (680.916015625|-699.299987792969) to (680.916015625|-699.299987792969) could not be generated.&#xD;
 E3: W - No or invalid way to connect to digitised connect node !&#xD;
 E3: W - Due to colliding objects a connection line from position (726.914|-752.819) to (730.371643066406|-757.89013671875) could not be generated.&#xD;
 E3: W - You digitised the same point again (680.916,-699.3) !&#xD;
 E3: W - Due to colliding objects a connection line from position (680.916015625|-699.299987792969) to (680.916015625|-699.299987792969) could not be generated.&#xD;
 E3: W - No or invalid way to connect to digitised connect node !&#xD;
 E3: W - Due to colliding objects a connection line from position (605.351|481.909) to (605.351013183594|475.609985351563) could not be generated.&#xD;
 E3: W - No or invalid way to connect to digitised connect node !&#xD;
 E3: W - Due to colliding objects a connection line from position (605.351|481.909) to (605.351013183594|477.957000732422) could not be generated.&#xD;
 E3: W - No or invalid way to connect to digitised connect node !&#xD;
 E3: W - Due to colliding objects a connection line from position (605.351|481.909) to (605.351013183594|478.127319335938) could not be generated.&#xD;
 E3: W - No or invalid way to connect to digitised connect node !&#xD;
 E3: W - Due to colliding objects a connection line from position (557.37|581.805) to (555.437316894531|573.877685546875) could not be generated.&#xD;
 E3: W - No or invalid way to connect to digitised connect node !&#xD;
 E3: W - Due to colliding objects a connection line from position (557.37|581.805) to (555.551330566406|574.345520019531) could not be generated.&#xD;
 E3: W - No valid connect point at position (555.421,573.812)&#xD;
 E3: W - Due to colliding objects a connection line from position (551.7353515625|558.807983398438) to (555.421325683594|573.812316894531) could not be generated.&#xD;
 E3: W - No valid connect point at position (555.421,573.812)&#xD;
 E3: W - Due to colliding objects a connection line from position (555.421325683594|573.812316894531) to (557.37|581.805) could not be generated.&#xD;
 E3: W - No or invalid way to connect to digitised connect node !&#xD;
 E3: W - Due to colliding objects a connection line from position (702.783081054688|-658.733459472656) to (709.526184082031|-658.710510253906) could not be generated.&#xD;
 E3: W - No or invalid way to connect to digitised connect node !&#xD;
 E3: W - Due to colliding objects a connection line from position (709.526184082031|-658.710510253906) to (713.622|-658.693) could not be generated.&#xD;
 E3: W - No valid connect point at position (581.568,707.051)&#xD;
 E3: W - Due to colliding objects a connection line from position (581.532653808594|706.693603515625) to (581.568359375|707.051330566406) could not be generated.&#xD;
 E3: W - No valid connect point at position (581.568,707.051)&#xD;
 E3: W - Due to colliding objects a connection line from position (581.568359375|707.051330566406) to (581.287|707.157) could not be generated.&#xD;
 E3: W - No or invalid way to connect to digitised connect node !&#xD;
 E3: W - Due to colliding objects a connection line from position (557.37|581.805) to (556.098022460938|576.587341308594) could not be generated.&#xD;
 E3: W - No or invalid way to connect to digitised connect node !&#xD;
 E3: W - Due to colliding objects a connection line from position (655.797668457031|-696.731628417969) to (648.693359375|-680.043334960938) could not be generated.&#xD;
 E3: W - No or invalid way to connect to digitised connect node !&#xD;
 E3: W - Due to colliding objects a connection line from position (517.362|-304.891) to (517.003356933594|-301.174011230469) could not be generated.&#xD;
 E3: W - No or invalid way to connect to digitised connect node !&#xD;
 E3: W - Due to colliding objects a connection line from position (662.136|-650.485) to (659.578491210938|-648.867309570313) could not be generated.&#xD;
 E3: I - Segments will be separated after connect. Do you want to continue?&#xD;
 E3: I - Answer: YES&#xD;
 E3: W - No or invalid way to connect to digitised connect node !&#xD;
 E3: W - Due to colliding objects a connection line from position (711.648681640625|740.022338867188) to (706.624|740.561) could not be generated.&#xD;
 E3: W - No or invalid way to connect to digitised connect node !&#xD;
 E3: W - Due to colliding objects a connection line from position (712.640319824219|739.915832519531) to (706.624|740.561) could not be generated.&#xD;
 E3: W - No valid connect point at position (581.336,707.139)&#xD;
 E3: W - Due to colliding objects a connection line from position (581.287|707.157) to (581.336059570313|707.138610839844) could not be generated.&#xD;
 E3: W - No valid connect point at position (581.336,707.139)&#xD;
 E3: W - Due to colliding objects a connection line from position (581.336059570313|707.138610839844) to (582.06884765625|706.863159179688) could not be generated.&#xD;
 E3: W - No or invalid way to connect to digitised connect node !&#xD;
 E3: W - Due to colliding objects a connection line from position (896.464|-683.58) to (900.037353515625|-682.793518066406) could not be generated.&#xD;
 E3: W - No or invalid way to connect to digitised connect node !&#xD;
 E3: W - Due to colliding objects a connection line from position (896.968078613281|-683.468811035156) to (899.567687988281|-682.896850585938) could not be generated.&#xD;
 E3: W - No or invalid way to connect to digitised connect node !&#xD;
 E3: W - Due to colliding objects a connection line from position (605.351013183594|473.619842529297) to (605.351|481.909) could not be generated.&#xD;
 E3: W - No or invalid way to connect to digitised connect node !&#xD;
 E3: W - Due to colliding objects a connection line from position (896.464|-683.58) to (900.2353515625|-682.749816894531) could not be generated.&#xD;
 E3: W - You digitised the same point again (772.5,-685.794) !&#xD;
 E3: W - Due to colliding objects a connection line from position (772.5|-685.794006347656) to (772.5|-685.794006347656) could not be generated.&#xD;
 E3: W - No or invalid way to connect to digitised connect node !&#xD;
 E3: W - Due to colliding objects a connection line from position (689.578|-737.376) to (689.274658203125|-737.414855957031) could not be generated.&#xD;
 E3: W - No or invalid way to connect to digitised connect node !&#xD;
 E3: W - Due to colliding objects a connection line from position (714.278|-697.42) to (716.370361328125|-697.121520996094) could not be generated.&#xD;
 E3: W - No or invalid way to connect to digitised connect node !&#xD;
 E3: W - Due to colliding objects a connection line from position (605.351013183594|475.295166015625) to (605.351|481.909) could not be generated.&#xD;
 E3: W - No or invalid way to connect to digitised connect node !&#xD;
 E3: W - Due to colliding objects a connection line from position (535.065307617188|147.589004516602) to (534.848|159.228) could not be generated.&#xD;
 E3: W - No or invalid way to connect to digitised connect node !&#xD;
 E3: W - Due to colliding objects a connection line from position (662.136|-650.485) to (660.373657226563|-649.370361328125) could not be generated.&#xD;
 E3: W - No or invalid way to connect to digitised connect node !&#xD;
 E3: W - Due to colliding objects a connection line from position (601.603515625|-483.687652587891) to (601.301|-487.928) could not be generated.&#xD;
 E3: W - No or invalid way to connect to digitised connect node !&#xD;
 E3: W - Due to colliding objects a connection line from position (603.336975097656|-475.260681152344) to (601.507019042969|-485.039001464844) could not be generated.&#xD;
 E3: W - No or invalid way to connect to digitised connect node !&#xD;
 E3: W - Due to colliding objects a connection line from position (601.507019042969|-485.039001464844) to (601.301|-487.928) could not be generated.&#xD;
 E3: W - No or invalid way to connect to digitised connect node !&#xD;
 E3: W - Due to colliding objects a connection line from position (601.301|-487.928) to (601.515014648438|-484.926177978516) could not be generated.&#xD;
 E3: W - No or invalid way to connect to digitised connect node !&#xD;
 E3: W - Due to colliding objects a connection line from position (619.26|677.577) to (619.673095703125|678.063842773438) could not be generated.&#xD;
 E3: I - Segments will be separated after connect. Do you want to continue?&#xD;
 E3: I - Answer: YES&#xD;
 E3: W - No or invalid way to connect to digitised connect node !&#xD;
 E3: W - Due to colliding objects a connection line from position (896.464|-683.58) to (896.968078613281|-683.468811035156) could not be generated.&#xD;
 E3: W - No or invalid way to connect to digitised connect node !&#xD;
 E3: W - Due to colliding objects a connection line from position (896.968078613281|-683.468811035156) to (899.648315429688|-682.879028320313) could not be generated.&#xD;
 E3: W - No or invalid way to connect to digitised connect node !&#xD;
 E3: W - Due to colliding objects a connection line from position (896.464|-683.58) to (896.968078613281|-683.468811035156) could not be generated.&#xD;
 E3: W - No or invalid way to connect to digitised connect node !&#xD;
 E3: W - Due to colliding objects a connection line from position (896.968078613281|-683.468811035156) to (899.510009765625|-682.909484863281) could not be generated.&#xD;
 E3: W - No or invalid way to connect to digitised connect node !&#xD;
 E3: W - Due to colliding objects a connection line from position (896.464|-683.58) to (900.489501953125|-682.693969726563) could not be generated.&#xD;
 E3: W - No or invalid way to connect to digitised connect node !&#xD;
 E3: W - Due to colliding objects a connection line from position (896.464|-683.58) to (899.638854980469|-682.881164550781) could not be generated.&#xD;
 E3: W - No or invalid way to connect to digitised connect node !&#xD;
 E3: W - Due to colliding objects a connection line from position (896.464|-683.58) to (900.10986328125|-682.777526855469) could not be generated.&#xD;
 E3: W - No or invalid way to connect to digitised connect node !&#xD;
 E3: W - Due to colliding objects a connection line from position (896.464|-683.58) to (899.906005859375|-682.822326660156) could not be generated.&#xD;
 E3: W - No or invalid way to connect to digitised connect node !&#xD;
 E3: W - Due to colliding objects a connection line from position (896.464|-683.58) to (899.835510253906|-682.837829589844) could not be generated.&#xD;
 E3: W - No or invalid way to connect to digitised connect node !&#xD;
 E3: W - Due to colliding objects a connection line from position (896.464|-683.58) to (899.79150390625|-682.847473144531) could not be generated.&#xD;
 E3: W - No or invalid way to connect to digitised connect node !&#xD;
 E3: W - Due to colliding objects a connection line from position (896.464|-683.58) to (896.968078613281|-683.468811035156) could not be generated.&#xD;
 E3: W - No or invalid way to connect to digitised connect node !&#xD;
 E3: W - Due to colliding objects a connection line from position (896.968078613281|-683.468811035156) to (899.581176757813|-682.893859863281) could not be generated.&#xD;
 E3: Fixing 'ARRHCA223540F012_A0009958390_FP001         4' can not be imported. It has no component code and no default component for fixings is defined!&#xD;
 E3: Fixing 'ARRHCA223540F012_A0009958390_FP001        10' can not be imported. It has no component code and no default component for fixings is defined!&#xD;
 E3: Fixing 'ARRHCA223540F012_A0009958390_FP001         5' can not be imported. It has no component code and no default component for fixings is defined!&#xD;
 E3: Fixing 'ARRHCA223540F012_A0009958390_FP001        16' can not be imported. It has no component code and no default component for fixings is defined!&#xD;
 E3: Fixing 'ARRHCA223540F012_A0009958390_FP001        14' can not be imported. It has no component code and no default component for fixings is defined!&#xD;
 E3: Fixing 'ARRHCA223540F012_A0009951390         1' can not be imported. It has no component code and no default component for fixings is defined!&#xD;
 E3: Fixing 'ARRHCA223540F012_UGP_10' can not be imported. It has no component code and no default component for fixings is defined!&#xD;
 E3: Fixing 'ARRHCA223540F012_A0009958390_FP001        15' can not be imported. It has no component code and no default component for fixings is defined!&#xD;
 E3: Fixing 'ARRHCA223540F012_A0009958390_FP001        18' can not be imported. It has no component code and no default component for fixings is defined!&#xD;
 E3: Fixing 'ARRHCA223540F012_A0009958390_FP001        17' can not be imported. It has no component code and no default component for fixings is defined!&#xD;
 E3: Fixing 'ARRHCA223540F012_A0009958390_FP001         1' can not be imported. It has no component code and no default component for fixings is defined!&#xD;
 E3: Fixing 'ARRHCA223540F012_A0009958390_FP001        13' can not be imported. It has no component code and no default component for fixings is defined!&#xD;
 E3: Fixing 'ARRHCA223540F012_A0009958390_FP001        12' can not be imported. It has no component code and no default component for fixings is defined!&#xD;
 E3: Fixing 'ARRHCA223540F012_A0009958390_FP001        19' can not be imported. It has no component code and no default component for fixings is defined!&#xD;
 E3: Fixing 'ARRHCA223540F012_A0009958390_FP001        23' can not be imported. It has no component code and no default component for fixings is defined!&#xD;
 E3: Fixing 'ARRHCA223540F012_A0009958390_FP001         6' can not be imported. It has no component code and no default component for fixings is defined!&#xD;
 E3: Fixing 'ARRHCA223540F012_A0009958390_FP001         9' can not be imported. It has no component code and no default component for fixings is defined!&#xD;
 E3: Fixing 'ARRHCA223540F012_A0009958390_FP001        11' can not be imported. It has no component code and no default component for fixings is defined!&#xD;
 E3: Fixing 'ARRHCA223540F012_A0009958390_FP001        20' can not be imported. It has no component code and no default component for fixings is defined!&#xD;
 E3: Fixing 'ARRHCA223540F012_A0009958390_FP001        21' can not be imported. It has no component code and no default component for fixings is defined!&#xD;
 E3: Fixing 'ARRHCA223540F012_A0009958390_FP001         8' can not be imported. It has no component code and no default component for fixings is defined!&#xD;
 E3: Fixing 'ARRHCA223540F012_A0009958390_FP001         7' can not be imported. It has no component code and no default component for fixings is defined!&#xD;
 E3: Fixing 'ARRHCA223540F012_A0009958390_FP001        22' can not be imported. It has no component code and no default component for fixings is defined!&#xD;
 E3: Fixing 'ARRHCA223540F012_A0009958390_FP001         2' can not be imported. It has no component code and no default component for fixings is defined!&#xD;
 E3: Fixing 'ARRHCA223540F012_A0009958390_FP001         3' can not be imported. It has no component code and no default component for fixings is defined!&#xD;
 E3: Fixing 'ARRHCA223540F012_UGP_20' can not be imported. It has no component code and no default component for fixings is defined!&#xD;
 E3: Fixing 'ARRHCA223540F012_UGP_19' can not be imported. It has no component code and no default component for fixings is defined!&#xD;
 E3: Fixing 'ARRHCA223540F012_UGP_13' can not be imported. It has no component code and no default component for fixings is defined!&#xD;
 E3: Fixing 'ARRHCA223540F012_UGP_12' can not be imported. It has no component code and no default component for fixings is defined!&#xD;
 E3: Fixing 'ARRHCA223540F012_UGP_09' can not be imported. It has no component code and no default component for fixings is defined!&#xD;
 E3: Fixing 'ARRHCA223540F012_UGP_08' can not be imported. It has no component code and no default component for fixings is defined!&#xD;
 E3: I - Formboard sheet '0001.05' was created.&#xD;
 E3: I - Closing project 'Empty' without saving modifications...&#xD;
 E3: Project c:\appveyor\bin\E3.3DRoutingBridge\Mainline\E3.BridgeTest\TestFiles\Templates\temp.e3s created.&#xD;
 E3: I - Item Validation enabled&#xD;
 E3: I - Validating project&#xD;
 E3: I - Validation enabled for this project&#xD;
 E3: I - Closing project 'temp' without saving modifications...&#xD;
 E3: I - Opening Project  c:\appveyor\bin\E3.3DRoutingBridge\Mainline\E3.BridgeTest\TestFiles\Templates\Empty.e3s&#xD;
 E3: I - Updating internal structures: 200 cycles up to version 2505...&#xD;
 E3: 2305 &#xD;
 E3: 2306 &#xD;
 E3: 2307 &#xD;
 E3: 2308 &#xD;
 E3: 2309 &#xD;
 E3: 2310 &#xD;
 E3: 2311 &#xD;
 E3: 2312 &#xD;
 E3: 2399 &#xD;
 E3: 2400 &#xD;
 E3: 2401 &#xD;
 E3: 2402 &#xD;
 E3: 2403 &#xD;
 E3: 2404 &#xD;
 E3: 2405 &#xD;
 E3: 2406 &#xD;
 E3: 2407 &#xD;
 E3: 2408 &#xD;
 E3: 2499 &#xD;
 E3: 2500 &#xD;
 E3: 2501 &#xD;
 E3: 2502 &#xD;
 E3: 2503 &#xD;
 E3: 2504 &#xD;
 E3: OK.&#xD;
 E3: Project c:\appveyor\bin\E3.3DRoutingBridge\Mainline\E3.BridgeTest\TestFiles\Templates\Empty.e3s opened.&#xD;
 E3: W - Project has been opened in READ ONLY mode, you can't save any changes to the existing project!&#xD;
 E3: I - Item Validation enabled&#xD;
 E3: I - Validating project&#xD;
 E3: I - Validation enabled for this project&#xD;
 E3: repair_check_extended(0)&#xD;
 E3: --------------------------------------------------------------------------&#xD;
 E3: consistency check (17)....
&#xD;
 E3: ....
&#xD;
 E3: dump lost....
&#xD;
 E3: ....
&#xD;
 E3: new consistency check (45) and dump lost items (46)....
&#xD;
 E3: ....
&#xD;
 E3: - done -------------------------------------------------------------------
&#xD;
 E3: I - No known issues found&#xD;
 E3: Starting Harness Import import&#xD;
 E3: W - The sheet name must not contain following character: ; , &lt; &gt; ' space. Therefore, this characters are replaced by '_'.&#xD;
 E3: W - Component 7622806.9 not found in database !&#xD;
 E3: W - Cannot load Component '7622806.9' from database - look in output window for details... &#xD;
 E3: E - Cannot create new device 'B34*1B' with component '7622806.9'&#xD;
 E3: W - Component 7590364.9 not found in database !&#xD;
 E3: W - Cannot load Component '7590364.9' from database - look in output window for details... &#xD;
 E3: E - Cannot create new device 'X148*2S' with component '7590364.9'&#xD;
 E3: W - Component 9231437.9 not found in database !&#xD;
 E3: W - Cannot load Component '9231437.9' from database - look in output window for details... &#xD;
 E3: E - Cannot create new device 'B25*1B' with component '9231437.9'&#xD;
 E3: W - Component 9231437.9 not found in database !&#xD;
 E3: W - Cannot load Component '9231437.9' from database - look in output window for details... &#xD;
 E3: E - Cannot create new device 'B27*1B' with component '9231437.9'&#xD;
 E3: W - Component 8387220.9 not found in database !&#xD;
 E3: W - Cannot load Component '8387220.9' from database - look in output window for details... &#xD;
 E3: E - Cannot create new device 'X149*1S' with component '8387220.9'&#xD;
 E3: W - Component 7622806.9 not found in database !&#xD;
 E3: W - Cannot load Component '7622806.9' from database - look in output window for details... &#xD;
 E3: E - Cannot create new device 'B36*1B' with component '7622806.9'&#xD;
 E3: W - Component 9231438.9 not found in database !&#xD;
 E3: W - Cannot load Component '9231438.9' from database - look in output window for details... &#xD;
 E3: E - Cannot create new device 'B158*1B' with component '9231438.9'&#xD;
 E3: W - Component 9231438.9 not found in database !&#xD;
 E3: W - Cannot load Component '9231438.9' from database - look in output window for details... &#xD;
 E3: E - Cannot create new device 'B159*1B' with component '9231438.9'&#xD;
 E3: W - Component 9231437.9 not found in database !&#xD;
 E3: W - Cannot load Component '9231437.9' from database - look in output window for details... &#xD;
 E3: E - Cannot create new device 'B26*1B' with component '9231437.9'&#xD;
 E3: W - Component 8377188.9 not found in database !&#xD;
 E3: W - Cannot load Component '8377188.9' from database - look in output window for details... &#xD;
 E3: E - Cannot create new device 'B56*1B' with component '8377188.9'&#xD;
 E3: W - Component 9231437.9 not found in database !&#xD;
 E3: W - Cannot load Component '9231437.9' from database - look in output window for details... &#xD;
 E3: E - Cannot create new device 'B24*1B' with component '9231437.9'&#xD;
 E3: W - Component 7543312.9 not found in database !&#xD;
 E3: W - Cannot load Component '7543312.9' from database - look in output window for details... &#xD;
 E3: E - Cannot create new device 'E29*1B' with component '7543312.9'&#xD;
 E3: W - Component 7543312.9 not found in database !&#xD;
 E3: W - Cannot load Component '7543312.9' from database - look in output window for details... &#xD;
 E3: E - Cannot create new device 'E31*1B' with component '7543312.9'&#xD;
 E3: W - Component 7617204.9 not found in database !&#xD;
 E3: W - Cannot load Component '7617204.9' from database - look in output window for details... &#xD;
 E3: E - Cannot create new device 'B163*1B' with component '7617204.9'&#xD;
 E3: W - Component 7617204.9 not found in database !&#xD;
 E3: W - Cannot load Component '7617204.9' from database - look in output window for details... &#xD;
 E3: E - Cannot create new device 'B161*1B' with component '7617204.9'&#xD;
 E3: W - Component 8383139.9 not found in database !&#xD;
 E3: W - Cannot load Component '8383139.9' from database - look in output window for details... &#xD;
 E3: E - Cannot create new device '#T:X63*1V' with component '8383139.9'&#xD;
 E3: W - Component 8383139.9 not found in database !&#xD;
 E3: W - Cannot load Component '8383139.9' from database - look in output window for details... &#xD;
 E3: E - Cannot create new device '#T:X1690*1V' with component '8383139.9'&#xD;
 E3: W - Component 8383139.9 not found in database !&#xD;
 E3: W - Cannot load Component '8383139.9' from database - look in output window for details... &#xD;
 E3: E - Cannot create new device '#T:X64*1V' with component '8383139.9'&#xD;
 E3: W - Component 8383139.9 not found in database !&#xD;
 E3: W - Cannot load Component '8383139.9' from database - look in output window for details... &#xD;
 E3: E - Cannot create new device '#T:X484*1V' with component '8383139.9'&#xD;
 E3: W - Component 8383139.9 not found in database !&#xD;
 E3: W - Cannot load Component '8383139.9' from database - look in output window for details... &#xD;
 E3: E - Cannot create new device '#T:X559*1V' with component '8383139.9'&#xD;
 E3: Splice 'X559*1V' can not be imported. It has no component code and no default component for splices is defined!&#xD;
 E3: Splice 'X64*1V' can not be imported. It has no component code and no default component for splices is defined!&#xD;
 E3: Splice 'X484*1V' can not be imported. It has no component code and no default component for splices is defined!&#xD;
 E3: Splice 'X63*1V' can not be imported. It has no component code and no default component for splices is defined!&#xD;
 E3: Splice 'X1690*1V' can not be imported. It has no component code and no default component for splices is defined!&#xD;
 E3: Splice 'X559*1V' can not be imported. It has no component code and no default component for splices is defined!&#xD;
 E3: Splice 'X64*1V' can not be imported. It has no component code and no default component for splices is defined!&#xD;
 E3: Splice 'X484*1V' can not be imported. It has no component code and no default component for splices is defined!&#xD;
 E3: Splice 'X63*1V' can not be imported. It has no component code and no default component for splices is defined!&#xD;
 E3: Splice 'X1690*1V' can not be imported. It has no component code and no default component for splices is defined!&#xD;
 E3: Fixing '#T:B25*1B_0B/B25*1B_0C:7' can not be imported. It has no component code and no default component for fixings is defined!&#xD;
 E3: Fixing '#T:B25*1B_0B/B25*1B_0C:6' can not be imported. It has no component code and no default component for fixings is defined!&#xD;
 E3: Fixing '#T:B25*1B_0A/B56*1B_1:3' can not be imported. It has no component code and no default component for fixings is defined!&#xD;
 E3: Fixing '#T:B25*1B_0A/B56*1B_1:9' can not be imported. It has no component code and no default component for fixings is defined!&#xD;
 E3: Fixing '#T:B25*1B_0A/B56*1B_1:7' can not be imported. It has no component code and no default component for fixings is defined!&#xD;
 E3: Fixing '#T:B25*1B_0A/B56*1B_1:5' can not be imported. It has no component code and no default component for fixings is defined!&#xD;
 E3: Fixing '#T:B25*1B_0B/B25*1B_0C:10' can not be imported. It has no component code and no default component for fixings is defined!&#xD;
 E3: Fixing '#T:B25*1B_0B/B25*1B_0C:11' can not be imported. It has no component code and no default component for fixings is defined!&#xD;
 E3: Fixing '#T:B36*1B_0/B158*1B_1:2' can not be imported. It has no component code and no default component for fixings is defined!&#xD;
 E3: Fixing '#T:B158*1B_0A/X559*1V_0A:0' can not be imported. It has no component code and no default component for fixings is defined!&#xD;
 E3: Fixing '#T:B25*1B_0A/B25*1B_0B:3' can not be imported. It has no component code and no default component for fixings is defined!&#xD;
 E3: Fixing '#T:B25*1B_0A/B56*1B_1:4' can not be imported. It has no component code and no default component for fixings is defined!&#xD;
 E3: Fixing '#T:B25*1B_0A/B56*1B_1:2' can not be imported. It has no component code and no default component for fixings is defined!&#xD;
 E3: Fixing '#T:B25*1B_0B/B25*1B_0C:2' can not be imported. It has no component code and no default component for fixings is defined!&#xD;
 E3: Fixing '#T:B25*1B_0A/B25*1B_0B:2' can not be imported. It has no component code and no default component for fixings is defined!&#xD;
 E3: Fixing '#T:B25*1B_0A/B25*1B_0B:0' can not be imported. It has no component code and no default component for fixings is defined!&#xD;
 E3: Fixing '#T:B25*1B_0A/B25*1B_0B:1' can not be imported. It has no component code and no default component for fixings is defined!&#xD;
 E3: Fixing '#T:B25*1B_0B/B25*1B_0C:0' can not be imported. It has no component code and no default component for fixings is defined!&#xD;
 E3: Fixing '#T:B25*1B_0B/B25*1B_0C:1' can not be imported. It has no component code and no default component for fixings is defined!&#xD;
 E3: Fixing '#T:B25*1B_0B/B25*1B_0C:4' can not be imported. It has no component code and no default component for fixings is defined!&#xD;
 E3: Fixing '#T:B36*1B_0/B158*1B_1:0' can not be imported. It has no component code and no default component for fixings is defined!&#xD;
 E3: Fixing '#T:B36*1B_0/B158*1B_1:1' can not be imported. It has no component code and no default component for fixings is defined!&#xD;
 E3: Fixing '#T:B159*1B_0B/B56*1B_1:0' can not be imported. It has no component code and no default component for fixings is defined!&#xD;
 E3: Fixing '#T:B25*1B_0A/B25*1B_0B:9' can not be imported. It has no component code and no default component for fixings is defined!&#xD;
 E3: Fixing '#T:B25*1B_0A/B25*1B_0B:7' can not be imported. It has no component code and no default component for fixings is defined!&#xD;
 E3: Fixing '#T:B25*1B_0A/B25*1B_0B:8' can not be imported. It has no component code and no default component for fixings is defined!&#xD;
 E3: Fixing '#T:B25*1B_0A/B25*1B_0B:6' can not be imported. It has no component code and no default component for fixings is defined!&#xD;
 E3: Fixing '#T:B25*1B_0A/B25*1B_0B:4' can not be imported. It has no component code and no default component for fixings is defined!&#xD;
 E3: Fixing '#T:B25*1B_0A/B25*1B_0B:5' can not be imported. It has no component code and no default component for fixings is defined!&#xD;
 E3: Fixing '#T:B158*1B_0A/X559*1V_0A:1' can not be imported. It has no component code and no default component for fixings is defined!&#xD;
 E3: Fixing '#T:B25*1B_0B/B25*1B_0C:12' can not be imported. It has no component code and no default component for fixings is defined!&#xD;
 E3: Fixing '#T:B25*1B_0B/B25*1B_0C:9' can not be imported. It has no component code and no default component for fixings is defined!&#xD;
 E3: Fixing '#T:B25*1B_0B/B25*1B_0C:8' can not be imported. It has no component code and no default component for fixings is defined!&#xD;
 E3: Fixing '#T:B25*1B_0B/B25*1B_0C:5' can not be imported. It has no component code and no default component for fixings is defined!&#xD;
 E3: Fixing '#T:B25*1B_0B/B25*1B_0C:3' can not be imported. It has no component code and no default component for fixings is defined!&#xD;
 E3: Fixing '#T:B25*1B_0A/B56*1B_1:0' can not be imported. It has no component code and no default component for fixings is defined!&#xD;
 E3: Fixing '#T:B25*1B_0A/B56*1B_1:1' can not be imported. It has no component code and no default component for fixings is defined!&#xD;
 E3: Fixing '#T:B25*1B_0A/B56*1B_1:6' can not be imported. It has no component code and no default component for fixings is defined!&#xD;
 E3: Fixing '#T:B25*1B_0A/B56*1B_1:8' can not be imported. It has no component code and no default component for fixings is defined!&#xD;
 E3: Fixing '#T:B25*1B_0A/B56*1B_1:10' can not be imported. It has no component code and no default component for fixings is defined!&#xD;
 E3: Fixing '#T:B159*1B_0B/B56*1B_1:1' can not be imported. It has no component code and no default component for fixings is defined!&#xD;
 E3: Fixing '#T:B159*1B_0/B163*1B_1:0' can not be imported. It has no component code and no default component for fixings is defined!&#xD;
 E3: Fixing '#T:B159*1B_0/B163*1B_1:1' can not be imported. It has no component code and no default component for fixings is defined!&#xD;
 E3: Fixing '#T:E31*1B_1/B163*1B_3a:2' can not be imported. It has no component code and no default component for fixings is defined!&#xD;
 E3: Fixing '#T:E31*1B_1/B163*1B_3a:0' can not be imported. It has no component code and no default component for fixings is defined!&#xD;
 E3: Fixing '#T:E31*1B_1/B163*1B_3a:1' can not be imported. It has no component code and no default component for fixings is defined!&#xD;
 E3: Fixing '#T:B163*1B_1/B163*1B_2b:0' can not be imported. It has no component code and no default component for fixings is defined!&#xD;
 E3: Fixing '#T:B163*1B_1/B163*1B_2b:1' can not be imported. It has no component code and no default component for fixings is defined!&#xD;
 E3: Fixing '#T:B158*1B_0/B158*1B_0A:0' can not be imported. It has no component code and no default component for fixings is defined!&#xD;
 E3: Fixing '#T:B158*1B_0/B158*1B_0A:1' can not be imported. It has no component code and no default component for fixings is defined!&#xD;
 E3: Protection '#L:B25*1B_0D/X559*1V_0A' can not be imported. It has no component code and no default component for protections is defined!&#xD;
 E3: Protection '#L:B25*1B_0C/B25*1B_0D' can not be imported. It has no component code and no default component for protections is defined!&#xD;
 E3: Protection '#L:B25*1B_0B/B25*1B_0C' can not be imported. It has no component code and no default component for protections is defined!&#xD;
 E3: Protection '#L:B34*1B_0/B163*1B_3a' can not be imported. It has no component code and no default component for protections is defined!&#xD;
 E3: Protection '#L:B159*1B_0B/B56*1B_1' can not be imported. It has no component code and no default component for protections is defined!&#xD;
 E3: Protection '#L:B159*1B_0B/B163*1B_3b' can not be imported. It has no component code and no default component for protections is defined!&#xD;
 E3: Protection '#L:B163*1B_2b/B163*1B_3b' can not be imported. It has no component code and no default component for protections is defined!&#xD;
 E3: Protection '#L:B163*1B_1/B163*1B_2b' can not be imported. It has no component code and no default component for protections is defined!&#xD;
 E3: Protection '#L:B163*1B_1/B163*1B_2a' can not be imported. It has no component code and no default component for protections is defined!&#xD;
 E3: Protection '#L:B163*1B_2a/B163*1B_3a' can not be imported. It has no component code and no default component for protections is defined!&#xD;
 E3: Protection '#L:E31*1B_1/B163*1B_3a' can not be imported. It has no component code and no default component for protections is defined!&#xD;
 E3: Protection '#L:B25*1B_0/B25*1B_0A' can not be imported. It has no component code and no default component for protections is defined!&#xD;
 E3: Protection '#L:B25*1B_0A/B25*1B_0B' can not be imported. It has no component code and no default component for protections is defined!&#xD;
 E3: Protection '#L:B25*1B_0A/B56*1B_1' can not be imported. It has no component code and no default component for protections is defined!&#xD;
 E3: Protection '#L:B25*1B_0B/B27*1B_0' can not be imported. It has no component code and no default component for protections is defined!&#xD;
 E3: Protection '#L:B158*1B_0A/X559*1V_0A' can not be imported. It has no component code and no default component for protections is defined!&#xD;
 E3: Protection '#L:X149*1S_0/B158*1B_1' can not be imported. It has no component code and no default component for protections is defined!&#xD;
 E3: Protection '#L:B158*1B_0A/B158*1B_1' can not be imported. It has no component code and no default component for protections is defined!&#xD;
 E3: Protection '#L:B36*1B_0/B158*1B_1' can not be imported. It has no component code and no default component for protections is defined!&#xD;
 E3: Protection '#L:B158*1B_0/B158*1B_0A' can not be imported. It has no component code and no default component for protections is defined!&#xD;
 E3: Protection '#L:B159*1B_0/B163*1B_1' can not be imported. It has no component code and no default component for protections is defined!&#xD;
 E3: Protection '#L:B25*1B_0C/B26*1B_0' can not be imported. It has no component code and no default component for protections is defined!&#xD;
 E3: Protection '#L:B56*1B_0/B56*1B_1' can not be imported. It has no component code and no default component for protections is defined!&#xD;
 E3: Protection '#L:B159*1B_0B/B24*1B.M_0' can not be imported. It has no component code and no default component for protections is defined!&#xD;
 E3: Protection '#L:E29*1B.M_0/B158*1B_1' can not be imported. It has no component code and no default component for protections is defined!&#xD;
 E3: Protection '#L:E31*1B.M_0/B163*1B_3a' can not be imported. It has no component code and no default component for protections is defined!&#xD;
 E3: Protection '#L:B163*1B_0/B163*1B_1' can not be imported. It has no component code and no default component for protections is defined!&#xD;
 E3: Protection '#L:B158*1B_0A/B161*1B_0' can not be imported. It has no component code and no default component for protections is defined!&#xD;
 E3: W - Component FLRY not found in database - nothing changed !&#xD;
 E3: W - Wire/Core '174(1)' could not be created.&#xD;
 E3: W - Component FLRY not found in database - nothing changed !&#xD;
 E3: W - Wire/Core '175(1)' could not be created.&#xD;
 E3: W - Component FLRY not found in database - nothing changed !&#xD;
 E3: W - Wire/Core '172(1)' could not be created.&#xD;
 E3: W - Component FLRY not found in database - nothing changed !&#xD;
 E3: W - Wire/Core '173(1)' could not be created.&#xD;
 E3: W - Component FLRY not found in database - nothing changed !&#xD;
 E3: W - Wire/Core '174(1)' could not be created.&#xD;
 E3: W - Component FLRY not found in database - nothing changed !&#xD;
 E3: W - Wire/Core '175(1)' could not be created.&#xD;
 E3: W - Component FLRY not found in database - nothing changed !&#xD;
 E3: W - Wire/Core '172(1)' could not be created.&#xD;
 E3: W - Component FLRY not found in database - nothing changed !&#xD;
 E3: W - Wire/Core '173(1)' could not be created.&#xD;
 E3: W - Component FLRY not found in database - nothing changed !&#xD;
 E3: W - Wire/Core '171(2)' could not be created.&#xD;
 E3: W - Component FLRY not found in database - nothing changed !&#xD;
 E3: W - Wire/Core '170(2)' could not be created.&#xD;
 E3: W - Component FLRY not found in database - nothing changed !&#xD;
 E3: W - Wire/Core '169(3)' could not be created.&#xD;
 E3: W - Component FLRY not found in database - nothing changed !&#xD;
 E3: W - Wire/Core '168(3)' could not be created.&#xD;
 E3: W - Component FLRY not found in database - nothing changed !&#xD;
 E3: W - Wire/Core '45(1)' could not be created.&#xD;
 E3: W - Component FLRY not found in database - nothing changed !&#xD;
 E3: W - Wire/Core '58(2)' could not be created.&#xD;
 E3: W - Component FLRY not found in database - nothing changed !&#xD;
 E3: W - Wire/Core '50(1)' could not be created.&#xD;
 E3: W - Component FLRY not found in database - nothing changed !&#xD;
 E3: W - Wire/Core '53(1)' could not be created.&#xD;
 E3: W - Component FLRY not found in database - nothing changed !&#xD;
 E3: W - Wire/Core '40(1)' could not be created.&#xD;
 E3: W - Component FLRY not found in database - nothing changed !&#xD;
 E3: W - Wire/Core '52(1)' could not be created.&#xD;
 E3: W - Component FLRY not found in database - nothing changed !&#xD;
 E3: W - Wire/Core '97(1)' could not be created.&#xD;
 E3: W - Component FLRY not found in database - nothing changed !&#xD;
 E3: W - Wire/Core '98(1)' could not be created.&#xD;
 E3: W - Component FLRY not found in database - nothing changed !&#xD;
 E3: W - Wire/Core '61(1)' could not be created.&#xD;
 E3: W - Component FLRY not found in database - nothing changed !&#xD;
 E3: W - Wire/Core '55(1)' could not be created.&#xD;
 E3: W - Component FLRY not found in database - nothing changed !&#xD;
 E3: W - Wire/Core '171(2)' could not be created.&#xD;
 E3: W - Component FLRY not found in database - nothing changed !&#xD;
 E3: W - Wire/Core '170(2)' could not be created.&#xD;
 E3: W - Component FLRY not found in database - nothing changed !&#xD;
 E3: W - Wire/Core '169(3)' could not be created.&#xD;
 E3: W - Component FLRY not found in database - nothing changed !&#xD;
 E3: W - Wire/Core '168(3)' could not be created.&#xD;
 E3: W - Component FLRY not found in database - nothing changed !&#xD;
 E3: W - Wire/Core '45(1)' could not be created.&#xD;
 E3: W - Component FLRY not found in database - nothing changed !&#xD;
 E3: W - Wire/Core '58(2)' could not be created.&#xD;
 E3: W - Component FLRY not found in database - nothing changed !&#xD;
 E3: W - Wire/Core '50(1)' could not be created.&#xD;
 E3: W - Component FLRY not found in database - nothing changed !&#xD;
 E3: W - Wire/Core '53(1)' could not be created.&#xD;
 E3: W - Component FLRY not found in database - nothing changed !&#xD;
 E3: W - Wire/Core '40(1)' could not be created.&#xD;
 E3: W - Component FLRY not found in database - nothing changed !&#xD;
 E3: W - Wire/Core '52(1)' could not be created.&#xD;
 E3: W - Component FLRY not found in database - nothing changed !&#xD;
 E3: W - Wire/Core '97(1)' could not be created.&#xD;
 E3: W - Component FLRY not found in database - nothing changed !&#xD;
 E3: W - Wire/Core '98(1)' could not be created.&#xD;
 E3: W - Component FLRY not found in database - nothing changed !&#xD;
 E3: W - Wire/Core '61(1)' could not be created.&#xD;
 E3: W - Component FLRY not found in database - nothing changed !&#xD;
 E3: W - Wire/Core '55(1)' could not be created.&#xD;
 E3: W - Component FLRY not found in database - nothing changed !&#xD;
 E3: W - Wire/Core '174(1)' could not be created.&#xD;
 E3: W - Component FLRY not found in database - nothing changed !&#xD;
 E3: W - Wire/Core '175(1)' could not be created.&#xD;
 E3: W - Component FLRY not found in database - nothing changed !&#xD;
 E3: W - Wire/Core '172(1)' could not be created.&#xD;
 E3: W - Component FLRY not found in database - nothing changed !&#xD;
 E3: W - Wire/Core '173(1)' could not be created.&#xD;
 E3: W - Component FLRY not found in database - nothing changed !&#xD;
 E3: W - Wire/Core '171(2)' could not be created.&#xD;
 E3: W - Component FLRY not found in database - nothing changed !&#xD;
 E3: W - Wire/Core '170(2)' could not be created.&#xD;
 E3: W - Component FLRY not found in database - nothing changed !&#xD;
 E3: W - Wire/Core '169(3)' could not be created.&#xD;
 E3: W - Component FLRY not found in database - nothing changed !&#xD;
 E3: W - Wire/Core '168(3)' could not be created.&#xD;
 E3: W - Component FLRY not found in database - nothing changed !&#xD;
 E3: W - Wire/Core '45(1)' could not be created.&#xD;
 E3: W - Component FLRY not found in database - nothing changed !&#xD;
 E3: W - Wire/Core '58(2)' could not be created.&#xD;
 E3: W - Component FLRY not found in database - nothing changed !&#xD;
 E3: W - Wire/Core '50(1)' could not be created.&#xD;
 E3: W - Component FLRY not found in database - nothing changed !&#xD;
 E3: W - Wire/Core '53(1)' could not be created.&#xD;
 E3: W - Component FLRY not found in database - nothing changed !&#xD;
 E3: W - Wire/Core '40(1)' could not be created.&#xD;
 E3: W - Component FLRY not found in database - nothing changed !&#xD;
 E3: W - Wire/Core '52(1)' could not be created.&#xD;
 E3: W - Component FLRY not found in database - nothing changed !&#xD;
 E3: W - Wire/Core '97(1)' could not be created.&#xD;
 E3: W - Component FLRY not found in database - nothing changed !&#xD;
 E3: W - Wire/Core '98(1)' could not be created.&#xD;
 E3: W - Component FLRY not found in database - nothing changed !&#xD;
 E3: W - Wire/Core '61(1)' could not be created.&#xD;
 E3: W - Component FLRY not found in database - nothing changed !&#xD;
 E3: W - Wire/Core '55(1)' could not be created.&#xD;
 E3: W - Component FLRY not found in database - nothing changed !&#xD;
 E3: W - Wire/Core '171(2)' could not be created.&#xD;
 E3: W - Component FLRY not found in database - nothing changed !&#xD;
 E3: W - Wire/Core '170(2)' could not be created.&#xD;
 E3: W - Component FLRY not found in database - nothing changed !&#xD;
 E3: W - Wire/Core '169(3)' could not be created.&#xD;
 E3: W - Component FLRY not found in database - nothing changed !&#xD;
 E3: W - Wire/Core '168(3)' could not be created.&#xD;
 E3: W - Component FLRY not found in database - nothing changed !&#xD;
 E3: W - Wire/Core '45(1)' could not be created.&#xD;
 E3: W - Component FLRY not found in database - nothing changed !&#xD;
 E3: W - Wire/Core '58(2)' could not be created.&#xD;
 E3: W - Component FLRY not found in database - nothing changed !&#xD;
 E3: W - Wire/Core '50(1)' could not be created.&#xD;
 E3: W - Component FLRY not found in database - nothing changed !&#xD;
 E3: W - Wire/Core '53(1)' could not be created.&#xD;
 E3: W - Component FLRY not found in database - nothing changed !&#xD;
 E3: W - Wire/Core '40(1)' could not be created.&#xD;
 E3: W - Component FLRY not found in database - nothing changed !&#xD;
 E3: W - Wire/Core '52(1)' could not be created.&#xD;
 E3: W - Component FLRY not found in database - nothing changed !&#xD;
 E3: W - Wire/Core '97(1)' could not be created.&#xD;
 E3: W - Component FLRY not found in database - nothing changed !&#xD;
 E3: W - Wire/Core '98(1)' could not be created.&#xD;
 E3: W - Component FLRY not found in database - nothing changed !&#xD;
 E3: W - Wire/Core '61(1)' could not be created.&#xD;
 E3: W - Component FLRY not found in database - nothing changed !&#xD;
 E3: W - Wire/Core '55(1)' could not be created.&#xD;
 E3: W - Component FLRY not found in database - nothing changed !&#xD;
 E3: W - Wire/Core '174(1)' could not be created.&#xD;
 E3: W - Component FLRY not found in database - nothing changed !&#xD;
 E3: W - Wire/Core '175(1)' could not be created.&#xD;
 E3: W - Component FLRY not found in database - nothing changed !&#xD;
 E3: W - Wire/Core '172(1)' could not be created.&#xD;
 E3: W - Component FLRY not found in database - nothing changed !&#xD;
 E3: W - Wire/Core '173(1)' could not be created.&#xD;
 E3: W - Component FLRY not found in database - nothing changed !&#xD;
 E3: W - Wire/Core '65(4)' could not be created.&#xD;
 E3: W - Component FLRY not found in database - nothing changed !&#xD;
 E3: W - Wire/Core '66(4)' could not be created.&#xD;
 E3: W - Component FLRY not found in database - nothing changed !&#xD;
 E3: W - Wire/Core '67(1)' could not be created.&#xD;
 E3: W - Component FLRY not found in database - nothing changed !&#xD;
 E3: W - Wire/Core '70(1)' could not be created.&#xD;
 E3: W - Component FLRY not found in database - nothing changed !&#xD;
 E3: W - Wire/Core '124(1)' could not be created.&#xD;
 E3: W - Component FLRY not found in database - nothing changed !&#xD;
 E3: W - Wire/Core '126(1)' could not be created.&#xD;
 E3: W - Component FLRY not found in database - nothing changed !&#xD;
 E3: W - Wire/Core '6(1)' could not be created.&#xD;
 E3: W - Component FLRY not found in database - nothing changed !&#xD;
 E3: W - Wire/Core '11(1)' could not be created.&#xD;
 E3: W - Component FLRY not found in database - nothing changed !&#xD;
 E3: W - Wire/Core '14(5)' could not be created.&#xD;
 E3: W - Component FLRY not found in database - nothing changed !&#xD;
 E3: W - Wire/Core '15(6)' could not be created.&#xD;
 E3: W - Component FLRY not found in database - nothing changed !&#xD;
 E3: W - Wire/Core '17(6)' could not be created.&#xD;
 E3: W - Component FLRY not found in database - nothing changed !&#xD;
 E3: W - Wire/Core '7(6)' could not be created.&#xD;
 E3: W - Component FLRY not found in database - nothing changed !&#xD;
 E3: W - Wire/Core '12(5)' could not be created.&#xD;
 E3: W - Component FLRY not found in database - nothing changed !&#xD;
 E3: W - Wire/Core '16(6)' could not be created.&#xD;
 E3: W - Component FLRY not found in database - nothing changed !&#xD;
 E3: W - Wire/Core '18(1)' could not be created.&#xD;
 E3: W - Component FLRY not found in database - nothing changed !&#xD;
 E3: W - Wire/Core '13(1)' could not be created.&#xD;
 E3: W - Component FLRY not found in database - nothing changed !&#xD;
 E3: W - Wire/Core '10(1)' could not be created.&#xD;
 E3: W - Component FLRY not found in database - nothing changed !&#xD;
 E3: W - Wire/Core '8(1)' could not be created.&#xD;
 E3: W - Component FLRY not found in database - nothing changed !&#xD;
 E3: W - Wire/Core '19(1)' could not be created.&#xD;
 E3: W - Component FLRY not found in database - nothing changed !&#xD;
 E3: W - Wire/Core '9(5)' could not be created.&#xD;
 E3: W - Component FLRY not found in database - nothing changed !&#xD;
 E3: W - Wire/Core '125(1)' could not be created.&#xD;
 E3: W - Component FLRY not found in database - nothing changed !&#xD;
 E3: W - Wire/Core '127(1)' could not be created.&#xD;
 E3: W - Component FLRY not found in database - nothing changed !&#xD;
 E3: W - Wire/Core '44(1)' could not be created.&#xD;
 E3: W - Component FLRY not found in database - nothing changed !&#xD;
 E3: W - Wire/Core '51(1)' could not be created.&#xD;
 E3: W - Component FLRY not found in database - nothing changed !&#xD;
 E3: W - Wire/Core '48(1)' could not be created.&#xD;
 E3: W - Component FLRY not found in database - nothing changed !&#xD;
 E3: W - Wire/Core '42(1)' could not be created.&#xD;
 E3: W - Component FLRY not found in database - nothing changed !&#xD;
 E3: W - Wire/Core '56(1)' could not be created.&#xD;
 E3: W - Component FLRY not found in database - nothing changed !&#xD;
 E3: W - Wire/Core '54(1)' could not be created.&#xD;
 E3: W - Component FLRY not found in database - nothing changed !&#xD;
 E3: W - Wire/Core '59(1)' could not be created.&#xD;
 E3: W - Component FLRY not found in database - nothing changed !&#xD;
 E3: W - Wire/Core '43(1)' could not be created.&#xD;
 E3: W - Component FLRY not found in database - nothing changed !&#xD;
 E3: W - Wire/Core '49(1)' could not be created.&#xD;
 E3: W - Component FLRY not found in database - nothing changed !&#xD;
 E3: W - Wire/Core '3(3)' could not be created.&#xD;
 E3: W - Component FLRY not found in database - nothing changed !&#xD;
 E3: W - Wire/Core '4(4)' could not be created.&#xD;
 E3: W - Component FLRY not found in database - nothing changed !&#xD;
 E3: W - Wire/Core '5(2)' could not be created.&#xD;
 E3: W - Component FLRY not found in database - nothing changed !&#xD;
 E3: W - Wire/Core '1(2)' could not be created.&#xD;
 E3: W - Component FLRY not found in database - nothing changed !&#xD;
 E3: W - Wire/Core '2(2)' could not be created.&#xD;
 E3: W - Device designation -W134 already exists for another device! &#xD;
 E3: W - Device designation -W132 already exists for another device! &#xD;
 E3: W - Device designation -W849 already exists for another device! &#xD;
 E3: W - Device designation -W848 already exists for another device! &#xD;
 E3: W - Device designation -W847 already exists for another device! &#xD;
 E3: W - Device designation -W846 already exists for another device! &#xD;
 E3: W - Device designation -W845 already exists for another device! &#xD;
 E3: W - Device designation -W844 already exists for another device! &#xD;
 E3: W - Device designation -W843 already exists for another device! &#xD;
 E3: I - Formboard sheet 'STOSSFAENGER_VORNE_M-SP_G07' was created.&#xD;
 E3: I - Closing project 'Empty' without saving modifications...&#xD;
 E3: Project c:\appveyor\bin\E3.3DRoutingBridge\Mainline\E3.BridgeTest\TestFiles\Templates\temp.e3s created.&#xD;
 E3: I - Item Validation enabled&#xD;
 E3: I - Validating project&#xD;
 E3: I - Validation enabled for this project&#xD;
 E3: I - Closing project 'temp' without saving modifications...&#xD;
 E3: I - Opening Project  c:\appveyor\bin\E3.3DRoutingBridge\Mainline\E3.BridgeTest\TestFiles\Templates\Empty.e3s&#xD;
 E3: I - Updating internal structures: 200 cycles up to version 2505...&#xD;
 E3: 2305 &#xD;
 E3: 2306 &#xD;
 E3: 2307 &#xD;
 E3: 2308 &#xD;
 E3: 2309 &#xD;
 E3: 2310 &#xD;
 E3: 2311 &#xD;
 E3: 2312 &#xD;
 E3: 2399 &#xD;
 E3: 2400 &#xD;
 E3: 2401 &#xD;
 E3: 2402 &#xD;
 E3: 2403 &#xD;
 E3: 2404 &#xD;
 E3: 2405 &#xD;
 E3: 2406 &#xD;
 E3: 2407 &#xD;
 E3: 2408 &#xD;
 E3: 2499 &#xD;
 E3: 2500 &#xD;
 E3: 2501 &#xD;
 E3: 2502 &#xD;
 E3: 2503 &#xD;
 E3: 2504 &#xD;
 E3: OK.&#xD;
 E3: Project c:\appveyor\bin\E3.3DRoutingBridge\Mainline\E3.BridgeTest\TestFiles\Templates\Empty.e3s opened.&#xD;
 E3: W - Project has been opened in READ ONLY mode, you can't save any changes to the existing project!&#xD;
 E3: I - Item Validation enabled&#xD;
 E3: I - Validating project&#xD;
 E3: I - Validation enabled for this project&#xD;
 E3: repair_check_extended(0)&#xD;
 E3: --------------------------------------------------------------------------&#xD;
 E3: consistency check (17)....
&#xD;
 E3: ....
&#xD;
 E3: dump lost....
&#xD;
 E3: ....
&#xD;
 E3: new consistency check (45) and dump lost items (46)....
&#xD;
 E3: ....
&#xD;
 E3: - done -------------------------------------------------------------------
&#xD;
 E3: I - No known issues found&#xD;
 E3: Starting Harness Import import&#xD;
 E3: W - Component CONN_9_CM_.PRT not found in database !&#xD;
 E3: W - Cannot load Component 'CONN_9_CM_.PRT' from database - look in output window for details... &#xD;
 E3: E - Cannot create new device 'CONN_9_CM_.PRT_2' with component 'CONN_9_CM_.PRT'&#xD;
 E3: W - Component CONTACT_POWER_.ASM not found in database !&#xD;
 E3: W - Cannot load Component 'CONTACT_POWER_.ASM' from database - look in output window for details... &#xD;
 E3: E - Cannot create new device 'CONTACT_POWER_.ASM_3' with component 'CONTACT_POWER_.ASM'&#xD;
 E3: W - Component CONTACT_POWER_.ASM not found in database !&#xD;
 E3: W - Cannot load Component 'CONTACT_POWER_.ASM' from database - look in output window for details... &#xD;
 E3: E - Cannot create new device 'CONTACT_POWER_.ASM_1' with component 'CONTACT_POWER_.ASM'&#xD;
 E3: W - Component CONTACT_POWER_.ASM not found in database !&#xD;
 E3: W - Cannot load Component 'CONTACT_POWER_.ASM' from database - look in output window for details... &#xD;
 E3: E - Cannot create new device 'CONTACT_POWER_.ASM_6' with component 'CONTACT_POWER_.ASM'&#xD;
 E3: W - Component CONTACT_POWER_.ASM not found in database !&#xD;
 E3: W - Cannot load Component 'CONTACT_POWER_.ASM' from database - look in output window for details... &#xD;
 E3: E - Cannot create new device 'CONTACT_POWER_.ASM_2' with component 'CONTACT_POWER_.ASM'&#xD;
 E3: W - Component CONTACT_POWER_.ASM not found in database !&#xD;
 E3: W - Cannot load Component 'CONTACT_POWER_.ASM' from database - look in output window for details... &#xD;
 E3: E - Cannot create new device 'CONTACT_POWER_.ASM_4' with component 'CONTACT_POWER_.ASM'&#xD;
 E3: W - Component CONTACT_POWER_.ASM not found in database !&#xD;
 E3: W - Cannot load Component 'CONTACT_POWER_.ASM' from database - look in output window for details... &#xD;
 E3: E - Cannot create new device 'CONTACT_POWER_.ASM_5' with component 'CONTACT_POWER_.ASM'&#xD;
 E3: W - Component D_CONTACT_.PRT not found in database !&#xD;
 E3: W - Cannot load Component 'D_CONTACT_.PRT' from database - look in output window for details... &#xD;
 E3: E - Cannot create new device 'D_CONTACT_.PRT_1' with component 'D_CONTACT_.PRT'&#xD;
 E3: W - Component D_CONTACT_.PRT not found in database !&#xD;
 E3: W - Cannot load Component 'D_CONTACT_.PRT' from database - look in output window for details... &#xD;
 E3: E - Cannot create new device 'D_CONTACT_.PRT_2' with component 'D_CONTACT_.PRT'&#xD;
 E3: W - Component CLIP_.PRT not found in database !&#xD;
 E3: W - Cannot load Component 'CLIP_.PRT' from database - look in output window for details... &#xD;
 E3: E - Cannot create new device 'CLIP_.PRT_1' with component 'CLIP_.PRT'&#xD;
 E3: W - Component CLIP_.PRT not found in database !&#xD;
 E3: W - Cannot load Component 'CLIP_.PRT' from database - look in output window for details... &#xD;
 E3: E - Cannot create new device 'CLIP_.PRT_2' with component 'CLIP_.PRT'&#xD;
 E3: W - Component CLIP_.PRT not found in database !&#xD;
 E3: W - Cannot load Component 'CLIP_.PRT' from database - look in output window for details... &#xD;
 E3: E - Cannot create new device 'CLIP_.PRT_3' with component 'CLIP_.PRT'&#xD;
 E3: W - Component CLIP_.PRT not found in database !&#xD;
 E3: W - Cannot load Component 'CLIP_.PRT' from database - look in output window for details... &#xD;
 E3: E - Cannot create new device 'CLIP_.PRT_4' with component 'CLIP_.PRT'&#xD;
 E3: W - Component CLIP_.PRT not found in database !&#xD;
 E3: W - Cannot load Component 'CLIP_.PRT' from database - look in output window for details... &#xD;
 E3: E - Cannot create new device 'CLIP_.PRT_5' with component 'CLIP_.PRT'&#xD;
 E3: W - Component CLIP_.PRT not found in database !&#xD;
 E3: W - Cannot load Component 'CLIP_.PRT' from database - look in output window for details... &#xD;
 E3: E - Cannot create new device 'CLIP_.PRT_12' with component 'CLIP_.PRT'&#xD;
 E3: W - Component CLIP_.PRT not found in database !&#xD;
 E3: W - Cannot load Component 'CLIP_.PRT' from database - look in output window for details... &#xD;
 E3: E - Cannot create new device 'CLIP_.PRT_13' with component 'CLIP_.PRT'&#xD;
 E3: W - Component CLIP_.PRT not found in database !&#xD;
 E3: W - Cannot load Component 'CLIP_.PRT' from database - look in output window for details... &#xD;
 E3: E - Cannot create new device 'CLIP_.PRT_14' with component 'CLIP_.PRT'&#xD;
 E3: W - Component CLIP_.PRT not found in database !&#xD;
 E3: W - Cannot load Component 'CLIP_.PRT' from database - look in output window for details... &#xD;
 E3: E - Cannot create new device 'CLIP_.PRT_15' with component 'CLIP_.PRT'&#xD;
 E3: W - Component CLIP_.PRT not found in database !&#xD;
 E3: W - Cannot load Component 'CLIP_.PRT' from database - look in output window for details... &#xD;
 E3: E - Cannot create new device 'CLIP_.PRT_16' with component 'CLIP_.PRT'&#xD;
 E3: W - Component CLIP_.PRT not found in database !&#xD;
 E3: W - Cannot load Component 'CLIP_.PRT' from database - look in output window for details... &#xD;
 E3: E - Cannot create new device 'CLIP_.PRT_17' with component 'CLIP_.PRT'&#xD;
 E3: W - Component CLIP_.PRT not found in database !&#xD;
 E3: W - Cannot load Component 'CLIP_.PRT' from database - look in output window for details... &#xD;
 E3: E - Cannot create new device 'CLIP_.PRT_18' with component 'CLIP_.PRT'&#xD;
 E3: W - Component CLIP_.PRT not found in database !&#xD;
 E3: W - Cannot load Component 'CLIP_.PRT' from database - look in output window for details... &#xD;
 E3: E - Cannot create new device 'CLIP_.PRT_19' with component 'CLIP_.PRT'&#xD;
 E3: W - Component CLIP_.PRT not found in database !&#xD;
 E3: W - Cannot load Component 'CLIP_.PRT' from database - look in output window for details... &#xD;
 E3: E - Cannot create new device 'CLIP_.PRT_20' with component 'CLIP_.PRT'&#xD;
 E3: W - Component CLIP_.PRT not found in database !&#xD;
 E3: W - Cannot load Component 'CLIP_.PRT' from database - look in output window for details... &#xD;
 E3: E - Cannot create new device 'CLIP_.PRT_21' with component 'CLIP_.PRT'&#xD;
 E3: W - Component CLIP_.PRT not found in database !&#xD;
 E3: W - Cannot load Component 'CLIP_.PRT' from database - look in output window for details... &#xD;
 E3: E - Cannot create new device 'CLIP_.PRT_22' with component 'CLIP_.PRT'&#xD;
 E3: W - Component CONN_2_L_.PRT not found in database !&#xD;
 E3: W - Cannot load Component 'CONN_2_L_.PRT' from database - look in output window for details... &#xD;
 E3: E - Cannot create new device 'CONN_2_L_.PRT_2' with component 'CONN_2_L_.PRT'&#xD;
 E3: W - Component CONN_2_L_.PRT not found in database !&#xD;
 E3: W - Cannot load Component 'CONN_2_L_.PRT' from database - look in output window for details... &#xD;
 E3: E - Cannot create new device 'CONN_2_L_.PRT_3' with component 'CONN_2_L_.PRT'&#xD;
 E3: W - Component CONN_9_CM_.PRT not found in database !&#xD;
 E3: W - Cannot load Component 'CONN_9_CM_.PRT' from database - look in output window for details... &#xD;
 E3: E - Cannot create new device 'CONN_9_CM_.PRT_1' with component 'CONN_9_CM_.PRT'&#xD;
 E3: W - Component CLIP_.PRT not found in database !&#xD;
 E3: W - Cannot load Component 'CLIP_.PRT' from database - look in output window for details... &#xD;
 E3: E - Cannot create new device 'CLIP_.PRT_6' with component 'CLIP_.PRT'&#xD;
 E3: W - Component CLIP_.PRT not found in database !&#xD;
 E3: W - Cannot load Component 'CLIP_.PRT' from database - look in output window for details... &#xD;
 E3: E - Cannot create new device 'CLIP_.PRT_7' with component 'CLIP_.PRT'&#xD;
 E3: W - Component CLIP_.PRT not found in database !&#xD;
 E3: W - Cannot load Component 'CLIP_.PRT' from database - look in output window for details... &#xD;
 E3: E - Cannot create new device 'CLIP_.PRT_8' with component 'CLIP_.PRT'&#xD;
 E3: W - Component CLIP_.PRT not found in database !&#xD;
 E3: W - Cannot load Component 'CLIP_.PRT' from database - look in output window for details... &#xD;
 E3: E - Cannot create new device 'CLIP_.PRT_9' with component 'CLIP_.PRT'&#xD;
 E3: W - Component CLIP_.PRT not found in database !&#xD;
 E3: W - Cannot load Component 'CLIP_.PRT' from database - look in output window for details... &#xD;
 E3: E - Cannot create new device 'CLIP_.PRT_10' with component 'CLIP_.PRT'&#xD;
 E3: W - Component CLIP_.PRT not found in database !&#xD;
 E3: W - Cannot load Component 'CLIP_.PRT' from database - look in output window for details... &#xD;
 E3: E - Cannot create new device 'CLIP_.PRT_11' with component 'CLIP_.PRT'&#xD;
 E3: W - Component CONN_5_EB_.PRT not found in database !&#xD;
 E3: W - Cannot load Component 'CONN_5_EB_.PRT' from database - look in output window for details... &#xD;
 E3: E - Cannot create new device 'CONN_5_EB_.PRT_1' with component 'CONN_5_EB_.PRT'&#xD;
 E3: W - Component CONN_2_L_.PRT not found in database !&#xD;
 E3: W - Cannot load Component 'CONN_2_L_.PRT' from database - look in output window for details... &#xD;
 E3: E - Cannot create new device 'CONN_2_L_.PRT_1' with component 'CONN_2_L_.PRT'&#xD;
 E3: W - Component CONN_2_MS_.PRT not found in database !&#xD;
 E3: W - Cannot load Component 'CONN_2_MS_.PRT' from database - look in output window for details... &#xD;
 E3: E - Cannot create new device 'CONN_2_MS_.PRT_2' with component 'CONN_2_MS_.PRT'&#xD;
 E3: Splice 'SPLICE_2-1_.PRT_1' can not be imported. It has no component code and no default component for splices is defined!&#xD;
 E3: Splice 'SPLICE_2-1_.PRT_2' can not be imported. It has no component code and no default component for splices is defined!&#xD;
 E3: Splice 'SPLICE_2-1_.PRT_1' can not be imported. It has no component code and no default component for splices is defined!&#xD;
 E3: Splice 'SPLICE_2-1_.PRT_2' can not be imported. It has no component code and no default component for splices is defined!&#xD;
 E3: Fixing 'ZIP_5_.PRT_1' can not be imported. It has no component code and no default component for fixings is defined!&#xD;
 E3: Fixing 'ZIP_5_.PRT_2' can not be imported. It has no component code and no default component for fixings is defined!&#xD;
 E3: Fixing 'ZIP_7-5_.PRT_1' can not be imported. It has no component code and no default component for fixings is defined!&#xD;
 E3: Fixing 'ZIP_7-5_.PRT_2' can not be imported. It has no component code and no default component for fixings is defined!&#xD;
 E3: I - Formboard sheet 'CABLING_CREO7.ASM' was created.&#xD;
 E3: I - Closing project 'Empty' without saving modifications...&#xD;
 E3: Project c:\appveyor\bin\E3.3DRoutingBridge\Mainline\E3.BridgeTest\TestFiles\Templates\temp.e3s created.&#xD;
 E3: I - Item Validation enabled&#xD;
 E3: I - Validating project&#xD;
 E3: I - Validation enabled for this project&#xD;
 E3: I - Closing project 'temp' without saving modifications...&#xD;
 E3: I - Opening Project  c:\appveyor\bin\E3.3DRoutingBridge\Mainline\E3.BridgeTest\TestFiles\Templates\Empty.e3s&#xD;
 E3: I - Updating internal structures: 200 cycles up to version 2505...&#xD;
 E3: 2305 &#xD;
 E3: 2306 &#xD;
 E3: 2307 &#xD;
 E3: 2308 &#xD;
 E3: 2309 &#xD;
 E3: 2310 &#xD;
 E3: 2311 &#xD;
 E3: 2312 &#xD;
 E3: 2399 &#xD;
 E3: 2400 &#xD;
 E3: 2401 &#xD;
 E3: 2402 &#xD;
 E3: 2403 &#xD;
 E3: 2404 &#xD;
 E3: 2405 &#xD;
 E3: 2406 &#xD;
 E3: 2407 &#xD;
 E3: 2408 &#xD;
 E3: 2499 &#xD;
 E3: 2500 &#xD;
 E3: 2501 &#xD;
 E3: 2502 &#xD;
 E3: 2503 &#xD;
 E3: 2504 &#xD;
 E3: OK.&#xD;
 E3: Project c:\appveyor\bin\E3.3DRoutingBridge\Mainline\E3.BridgeTest\TestFiles\Templates\Empty.e3s opened.&#xD;
 E3: W - Project has been opened in READ ONLY mode, you can't save any changes to the existing project!&#xD;
 E3: I - Item Validation enabled&#xD;
 E3: I - Validating project&#xD;
 E3: I - Validation enabled for this project&#xD;
 E3: repair_check_extended(0)&#xD;
 E3: --------------------------------------------------------------------------&#xD;
 E3: consistency check (17)....
&#xD;
 E3: ....
&#xD;
 E3: dump lost....
&#xD;
 E3: ....
&#xD;
 E3: new consistency check (45) and dump lost items (46)....
&#xD;
 E3: ....
&#xD;
 E3: - done -------------------------------------------------------------------
&#xD;
 E3: I - No known issues found&#xD;
 E3: Starting Harness Import import&#xD;
 E3: W - Component DU5T-14489-DA not found in database !&#xD;
 E3: W - Cannot load Component 'DU5T-14489-DA' from database - look in output window for details... &#xD;
 E3: E - Cannot create new device 'C37-A1' with component 'DU5T-14489-DA'&#xD;
 E3: W - Component 6E5T-14489-BA not found in database !&#xD;
 E3: W - Cannot load Component '6E5T-14489-BA' from database - look in output window for details... &#xD;
 E3: E - Cannot create new device 'C3R146' with component '6E5T-14489-BA'&#xD;
 E3: W - Component 4S7T-14489-YRA not found in database !&#xD;
 E3: W - Cannot load Component '4S7T-14489-YRA' from database - look in output window for details... &#xD;
 E3: E - Cannot create new device 'C33-G' with component '4S7T-14489-YRA'&#xD;
 E3: W - Component 9A8T-14A464-DA not found in database !&#xD;
 E3: W - Cannot load Component '9A8T-14A464-DA' from database - look in output window for details... &#xD;
 E3: E - Cannot create new device 'C3R219' with component '9A8T-14A464-DA'&#xD;
 E3: W - Component DU5T-14489-DA not found in database !&#xD;
 E3: W - Cannot load Component 'DU5T-14489-DA' from database - look in output window for details... &#xD;
 E3: E - Cannot create new device 'C36-A1' with component 'DU5T-14489-DA'&#xD;
 E3: W - Component 4S7T-14489-VJA not found in database !&#xD;
 E3: W - Cannot load Component '4S7T-14489-VJA' from database - look in output window for details... &#xD;
 E3: E - Cannot create new device 'C3PR33.1' with component '4S7T-14489-VJA'&#xD;
 E3: W - Component 4S7T-14489-VJA not found in database !&#xD;
 E3: W - Cannot load Component '4S7T-14489-VJA' from database - look in output window for details... &#xD;
 E3: E - Cannot create new device 'C3PR33' with component '4S7T-14489-VJA'&#xD;
 E3: W - Component 9A8T-14A464-DA not found in database !&#xD;
 E3: W - Cannot load Component '9A8T-14A464-DA' from database - look in output window for details... &#xD;
 E3: E - Cannot create new device 'C3R220' with component '9A8T-14A464-DA'&#xD;
 E3: W - Component 6L9T-14489-AA not found in database !&#xD;
 E3: W - Cannot load Component '6L9T-14489-AA' from database - look in output window for details... &#xD;
 E3: E - Cannot create new device 'C4A101' with component '6L9T-14489-AA'&#xD;
 E3: W - Component AU5T-14A464-HDA not found in database !&#xD;
 E3: W - Cannot load Component 'AU5T-14A464-HDA' from database - look in output window for details... &#xD;
 E3: E - Cannot create new device 'C3PW11' with component 'AU5T-14A464-HDA'&#xD;
 E3: W - Component 4S7T-14489-VMA not found in database !&#xD;
 E3: W - Cannot load Component '4S7T-14489-VMA' from database - look in output window for details... &#xD;
 E3: E - Cannot create new device 'C3ME22' with component '4S7T-14489-VMA'&#xD;
 E3: W - Component 5F1T-14489-AA not found in database !&#xD;
 E3: W - Cannot load Component '5F1T-14489-AA' from database - look in output window for details... &#xD;
 E3: E - Cannot create new device 'C3ME21' with component '5F1T-14489-AA'&#xD;
 E3: W - Component 2L1T-14A464-DA not found in database !&#xD;
 E3: W - Cannot load Component '2L1T-14A464-DA' from database - look in output window for details... &#xD;
 E3: E - Cannot create new device 'C3ME20' with component '2L1T-14A464-DA'&#xD;
 E3: W - Component XL3T-14463-CA not found in database !&#xD;
 E3: W - Cannot load Component 'XL3T-14463-CA' from database - look in output window for details... &#xD;
 E3: E - Cannot create new device 'G4D148.1' with component 'XL3T-14463-CA'&#xD;
 E3: W - Component XL3T-14463-CA not found in database !&#xD;
 E3: W - Cannot load Component 'XL3T-14463-CA' from database - look in output window for details... &#xD;
 E3: E - Cannot create new device 'GD347' with component 'XL3T-14463-CA'&#xD;
 E3: W - Component 6E5T-14489-BA not found in database !&#xD;
 E3: W - Cannot load Component '6E5T-14489-BA' from database - look in output window for details... &#xD;
 E3: E - Cannot create new device 'C3R147-A' with component '6E5T-14489-BA'&#xD;
 E3: W - Component DU5T-14A464-LA not found in database !&#xD;
 E3: W - Cannot load Component 'DU5T-14A464-LA' from database - look in output window for details... &#xD;
 E3: E - Cannot create new device 'PEPS1' with component 'DU5T-14A464-LA'&#xD;
 E3: W - Component 6E5T-14489-BA not found in database !&#xD;
 E3: W - Cannot load Component '6E5T-14489-BA' from database - look in output window for details... &#xD;
 E3: E - Cannot create new device 'C3R146-A' with component '6E5T-14489-BA'&#xD;
 E3: W - Component F4ZB-14489-EA not found in database !&#xD;
 E3: W - Cannot load Component 'F4ZB-14489-EA' from database - look in output window for details... &#xD;
 E3: E - Cannot create new device 'HEATED GLASS LH.1' with component 'F4ZB-14489-EA'&#xD;
 E3: W - Component DU5T-14A459-BA not found in database !&#xD;
 E3: W - Cannot load Component 'DU5T-14A459-BA' from database - look in output window for details... &#xD;
 E3: E - Cannot create new device 'C39-C' with component 'DU5T-14A459-BA'&#xD;
 E3: W - Component DU5T-14A459-BA not found in database !&#xD;
 E3: W - Cannot load Component 'DU5T-14A459-BA' from database - look in output window for details... &#xD;
 E3: E - Cannot create new device 'C39-A1' with component 'DU5T-14A459-BA'&#xD;
 E3: W - Component 6E5T-14489-BA not found in database !&#xD;
 E3: W - Cannot load Component '6E5T-14489-BA' from database - look in output window for details... &#xD;
 E3: E - Cannot create new device 'C3R147-B' with component '6E5T-14489-BA'&#xD;
 E3: W - Component F4ZB-14489-EA not found in database !&#xD;
 E3: W - Cannot load Component 'F4ZB-14489-EA' from database - look in output window for details... &#xD;
 E3: E - Cannot create new device 'HEATED GLASS RH' with component 'F4ZB-14489-EA'&#xD;
 E3: W - Component DU5T-14A459-BA not found in database !&#xD;
 E3: W - Cannot load Component 'DU5T-14A459-BA' from database - look in output window for details... &#xD;
 E3: E - Cannot create new device 'C39-A2' with component 'DU5T-14A459-BA'&#xD;
 E3: W - Component DU5T-14A459-CA not found in database !&#xD;
 E3: W - Cannot load Component 'DU5T-14A459-CA' from database - look in output window for details... &#xD;
 E3: E - Cannot create new device 'C39-C1' with component 'DU5T-14A459-CA'&#xD;
 E3: W - Component DU5T-14489-EA not found in database !&#xD;
 E3: W - Cannot load Component 'DU5T-14489-EA' from database - look in output window for details... &#xD;
 E3: E - Cannot create new device 'C36-A2' with component 'DU5T-14489-EA'&#xD;
 E3: W - Component 6E5T-14489-BA not found in database !&#xD;
 E3: W - Cannot load Component '6E5T-14489-BA' from database - look in output window for details... &#xD;
 E3: E - Cannot create new device 'C3R147-B.1' with component '6E5T-14489-BA'&#xD;
 E3: W - Component 3W4T-14A464-AA not found in database !&#xD;
 E3: W - Cannot load Component '3W4T-14A464-AA' from database - look in output window for details... &#xD;
 E3: E - Cannot create new device 'C4A103-A' with component '3W4T-14A464-AA'&#xD;
 E3: W - Component 1L2T-14463-BA not found in database !&#xD;
 E3: W - Cannot load Component '1L2T-14463-BA' from database - look in output window for details... &#xD;
 E3: E - Cannot create new device 'GD233.1' with component '1L2T-14463-BA'&#xD;
 E3: W - Component DU5T-14A459-BA not found in database !&#xD;
 E3: W - Cannot load Component 'DU5T-14A459-BA' from database - look in output window for details... &#xD;
 E3: E - Cannot create new device 'C23-B2' with component 'DU5T-14A459-BA'&#xD;
 E3: W - Component 1L2T-14463-BA not found in database !&#xD;
 E3: W - Cannot load Component '1L2T-14463-BA' from database - look in output window for details... &#xD;
 E3: E - Cannot create new device 'GD238' with component '1L2T-14463-BA'&#xD;
 E3: W - Component 9U5T-14489-AC not found in database !&#xD;
 E3: W - Cannot load Component '9U5T-14489-AC' from database - look in output window for details... &#xD;
 E3: E - Cannot create new device 'C13-B2' with component '9U5T-14489-AC'&#xD;
 E3: W - Component 3W4T-14A464-AA not found in database !&#xD;
 E3: W - Cannot load Component '3W4T-14A464-AA' from database - look in output window for details... &#xD;
 E3: E - Cannot create new device 'C4A103-B' with component '3W4T-14A464-AA'&#xD;
 E3: W - Component DU5T-14489-EA not found in database !&#xD;
 E3: W - Cannot load Component 'DU5T-14489-EA' from database - look in output window for details... &#xD;
 E3: E - Cannot create new device 'C35-B' with component 'DU5T-14489-EA'&#xD;
 E3: W - Component DU5T-14489-DA not found in database !&#xD;
 E3: W - Cannot load Component 'DU5T-14489-DA' from database - look in output window for details... &#xD;
 E3: E - Cannot create new device 'C35-A' with component 'DU5T-14489-DA'&#xD;
 E3: W - Component DU5T-14489-EA not found in database !&#xD;
 E3: W - Cannot load Component 'DU5T-14489-EA' from database - look in output window for details... &#xD;
 E3: E - Cannot create new device 'C34-B' with component 'DU5T-14489-EA'&#xD;
 E3: W - Component DU5T-14489-DA not found in database !&#xD;
 E3: W - Cannot load Component 'DU5T-14489-DA' from database - look in output window for details... &#xD;
 E3: E - Cannot create new device 'C34-A' with component 'DU5T-14489-DA'&#xD;
 E3: W - Component AU5T-14A624-JC not found in database !&#xD;
 E3: W - Cannot load Component 'AU5T-14A624-JC' from database - look in output window for details... &#xD;
 E3: E - Cannot create new device 'C33-C' with component 'AU5T-14A624-JC'&#xD;
 E3: W - Component CU5T-14A464-BB not found in database !&#xD;
 E3: W - Cannot load Component 'CU5T-14A464-BB' from database - look in output window for details... &#xD;
 E3: E - Cannot create new device 'C3R114-B' with component 'CU5T-14A464-BB'&#xD;
 E3: W - Component AU5T-14A624-JC not found in database !&#xD;
 E3: W - Cannot load Component 'AU5T-14A624-JC' from database - look in output window for details... &#xD;
 E3: E - Cannot create new device 'C33-D' with component 'AU5T-14A624-JC'&#xD;
 E3: W - Component 9U5T-14489-AC not found in database !&#xD;
 E3: W - Cannot load Component '9U5T-14489-AC' from database - look in output window for details... &#xD;
 E3: E - Cannot create new device 'C33-B' with component '9U5T-14489-AC'&#xD;
 E3: W - Component 5W7T-14A464-GA not found in database !&#xD;
 E3: W - Cannot load Component '5W7T-14A464-GA' from database - look in output window for details... &#xD;
 E3: E - Cannot create new device 'C3DC09-C' with component '5W7T-14A464-GA'&#xD;
 E3: W - Component CU5T-14489-VB not found in database !&#xD;
 E3: W - Cannot load Component 'CU5T-14489-VB' from database - look in output window for details... &#xD;
 E3: E - Cannot create new device 'C2AM02-F' with component 'CU5T-14489-VB'&#xD;
 E3: W - Component CU5T-14489-YA not found in database !&#xD;
 E3: W - Cannot load Component 'CU5T-14489-YA' from database - look in output window for details... &#xD;
 E3: E - Cannot create new device 'C2AM02-D' with component 'CU5T-14489-YA'&#xD;
 E3: W - Component 3M5T-14489-RDA not found in database !&#xD;
 E3: W - Cannot load Component '3M5T-14489-RDA' from database - look in output window for details... &#xD;
 E3: E - Cannot create new device 'C2CB08' with component '3M5T-14489-RDA'&#xD;
 E3: W - Component 4S7T-14489-VDA not found in database !&#xD;
 E3: W - Cannot load Component '4S7T-14489-VDA' from database - look in output window for details... &#xD;
 E3: E - Cannot create new device 'C3PP01-B' with component '4S7T-14489-VDA'&#xD;
 E3: W - Component 8U5T-14A464-JAB not found in database !&#xD;
 E3: W - Cannot load Component '8U5T-14A464-JAB' from database - look in output window for details... &#xD;
 E3: E - Cannot create new device 'C2E701' with component '8U5T-14A464-JAB'&#xD;
 E3: W - Component AU5T-14A624-JC not found in database !&#xD;
 E3: W - Cannot load Component 'AU5T-14A624-JC' from database - look in output window for details... &#xD;
 E3: E - Cannot create new device 'C13-A2' with component 'AU5T-14A624-JC'&#xD;
 E3: W - Component XR3T-14A464-AA not found in database !&#xD;
 E3: W - Cannot load Component 'XR3T-14A464-AA' from database - look in output window for details... &#xD;
 E3: E - Cannot create new device 'C3PP01-A' with component 'XR3T-14A464-AA'&#xD;
 E3: W - Component AU5T-14A624-ADA not found in database !&#xD;
 E3: W - Cannot load Component 'AU5T-14A624-ADA' from database - look in output window for details... &#xD;
 E3: E - Cannot create new device 'C5ME08' with component 'AU5T-14A624-ADA'&#xD;
 E3: W - Component 9U5T-14489-CAA not found in database !&#xD;
 E3: W - Cannot load Component '9U5T-14489-CAA' from database - look in output window for details... &#xD;
 E3: E - Cannot create new device 'RH AIR CURTAIN' with component '9U5T-14489-CAA'&#xD;
 E3: W - Component 9U5T-14489-CAA not found in database !&#xD;
 E3: W - Cannot load Component '9U5T-14489-CAA' from database - look in output window for details... &#xD;
 E3: E - Cannot create new device 'LH AIR CURTAIN' with component '9U5T-14489-CAA'&#xD;
 E3: W - Component AU5T-14A624-ADA not found in database !&#xD;
 E3: W - Cannot load Component 'AU5T-14A624-ADA' from database - look in output window for details... &#xD;
 E3: E - Cannot create new device 'C5ME08-B' with component 'AU5T-14A624-ADA'&#xD;
 E3: W - Component 9U5T-14489-AC not found in database !&#xD;
 E3: W - Cannot load Component '9U5T-14489-AC' from database - look in output window for details... &#xD;
 E3: E - Cannot create new device 'C33-B1' with component '9U5T-14489-AC'&#xD;
 E3: W - Component DU5T-14A459-BA not found in database !&#xD;
 E3: W - Cannot load Component 'DU5T-14A459-BA' from database - look in output window for details... &#xD;
 E3: E - Cannot create new device 'C23-A1' with component 'DU5T-14A459-BA'&#xD;
 E3: W - Component DU5T-14A459-CA not found in database !&#xD;
 E3: W - Cannot load Component 'DU5T-14A459-CA' from database - look in output window for details... &#xD;
 E3: E - Cannot create new device 'C23-A2' with component 'DU5T-14A459-CA'&#xD;
 E3: W - Component 4W1T-14A624-BA not found in database !&#xD;
 E3: W - Cannot load Component '4W1T-14A624-BA' from database - look in output window for details... &#xD;
 E3: E - Cannot create new device '4W1T-14A624-BA.1' with component '4W1T-14A624-BA'&#xD;
 E3: W - Component AU5T-14489-MAA not found in database !&#xD;
 E3: W - Cannot load Component 'AU5T-14489-MAA' from database - look in output window for details... &#xD;
 E3: E - Cannot create new device 'C2AM02-E' with component 'AU5T-14489-MAA'&#xD;
 E3: W - Component AU5T-14A624-KC not found in database !&#xD;
 E3: W - Cannot load Component 'AU5T-14A624-KC' from database - look in output window for details... &#xD;
 E3: E - Cannot create new device 'C34-B1' with component 'AU5T-14A624-KC'&#xD;
 E3: W - Component CU5T-14N003-FA not found in database !&#xD;
 E3: W - Cannot load Component 'CU5T-14N003-FA' from database - look in output window for details... &#xD;
 E3: E - Cannot create new device 'S3' with component 'CU5T-14N003-FA'&#xD;
 E3: Fixing 'R102' can not be imported. It has no component code and no default component for fixings is defined!&#xD;
 E3: Fixing 'R103' can not be imported. It has no component code and no default component for fixings is defined!&#xD;
 E3: Fixing 'R117' can not be imported. It has no component code and no default component for fixings is defined!&#xD;
 E3: Fixing 'R127' can not be imported. It has no component code and no default component for fixings is defined!&#xD;
 E3: Fixing 'R135' can not be imported. It has no component code and no default component for fixings is defined!&#xD;
 E3: Fixing 'R173' can not be imported. It has no component code and no default component for fixings is defined!&#xD;
 E3: Fixing 'R186' can not be imported. It has no component code and no default component for fixings is defined!&#xD;
 E3: Fixing 'R187' can not be imported. It has no component code and no default component for fixings is defined!&#xD;
 E3: Fixing 'R193' can not be imported. It has no component code and no default component for fixings is defined!&#xD;
 E3: Fixing 'R194' can not be imported. It has no component code and no default component for fixings is defined!&#xD;
 E3: Fixing 'R195' can not be imported. It has no component code and no default component for fixings is defined!&#xD;
 E3: Fixing 'R200' can not be imported. It has no component code and no default component for fixings is defined!&#xD;
 E3: Fixing 'R202' can not be imported. It has no component code and no default component for fixings is defined!&#xD;
 E3: Fixing 'R203' can not be imported. It has no component code and no default component for fixings is defined!&#xD;
 E3: Fixing 'R204' can not be imported. It has no component code and no default component for fixings is defined!&#xD;
 E3: Fixing 'R206' can not be imported. It has no component code and no default component for fixings is defined!&#xD;
 E3: Fixing 'R207' can not be imported. It has no component code and no default component for fixings is defined!&#xD;
 E3: Fixing 'R208' can not be imported. It has no component code and no default component for fixings is defined!&#xD;
 E3: Fixing 'R214' can not be imported. It has no component code and no default component for fixings is defined!&#xD;
 E3: Fixing 'R227' can not be imported. It has no component code and no default component for fixings is defined!&#xD;
 E3: Fixing 'R228' can not be imported. It has no component code and no default component for fixings is defined!&#xD;
 E3: Fixing 'R230' can not be imported. It has no component code and no default component for fixings is defined!&#xD;
 E3: Fixing 'R231' can not be imported. It has no component code and no default component for fixings is defined!&#xD;
 E3: Fixing 'R232' can not be imported. It has no component code and no default component for fixings is defined!&#xD;
 E3: Fixing 'R233' can not be imported. It has no component code and no default component for fixings is defined!&#xD;
 E3: Fixing 'R235' can not be imported. It has no component code and no default component for fixings is defined!&#xD;
 E3: Fixing 'R236' can not be imported. It has no component code and no default component for fixings is defined!&#xD;
 E3: Fixing 'R237' can not be imported. It has no component code and no default component for fixings is defined!&#xD;
 E3: Fixing 'R238' can not be imported. It has no component code and no default component for fixings is defined!&#xD;
 E3: Fixing 'R239' can not be imported. It has no component code and no default component for fixings is defined!&#xD;
 E3: Fixing 'R240' can not be imported. It has no component code and no default component for fixings is defined!&#xD;
 E3: Fixing 'R242' can not be imported. It has no component code and no default component for fixings is defined!&#xD;
 E3: Fixing 'R243' can not be imported. It has no component code and no default component for fixings is defined!&#xD;
 E3: Fixing 'R244' can not be imported. It has no component code and no default component for fixings is defined!&#xD;
 E3: Fixing 'R245' can not be imported. It has no component code and no default component for fixings is defined!&#xD;
 E3: Fixing 'R8' can not be imported. It has no component code and no default component for fixings is defined!&#xD;
 E3: Fixing 'R31' can not be imported. It has no component code and no default component for fixings is defined!&#xD;
 E3: Fixing 'R32' can not be imported. It has no component code and no default component for fixings is defined!&#xD;
 E3: Fixing 'R62' can not be imported. It has no component code and no default component for fixings is defined!&#xD;
 E3: Fixing 'R63' can not be imported. It has no component code and no default component for fixings is defined!&#xD;
 E3: Fixing 'R72' can not be imported. It has no component code and no default component for fixings is defined!&#xD;
 E3: Fixing 'R75' can not be imported. It has no component code and no default component for fixings is defined!&#xD;
 E3: Fixing 'R76' can not be imported. It has no component code and no default component for fixings is defined!&#xD;
 E3: Fixing 'R77' can not be imported. It has no component code and no default component for fixings is defined!&#xD;
 E3: Fixing 'R83' can not be imported. It has no component code and no default component for fixings is defined!&#xD;
 E3: Fixing 'R94' can not be imported. It has no component code and no default component for fixings is defined!&#xD;
 E3: Fixing 'R106' can not be imported. It has no component code and no default component for fixings is defined!&#xD;
 E3: Fixing 'R109' can not be imported. It has no component code and no default component for fixings is defined!&#xD;
 E3: Fixing 'R110' can not be imported. It has no component code and no default component for fixings is defined!&#xD;
 E3: Fixing 'R114' can not be imported. It has no component code and no default component for fixings is defined!&#xD;
 E3: Fixing 'R116' can not be imported. It has no component code and no default component for fixings is defined!&#xD;
 E3: Fixing 'R117' can not be imported. It has no component code and no default component for fixings is defined!&#xD;
 E3: Fixing 'R121' can not be imported. It has no component code and no default component for fixings is defined!&#xD;
 E3: Fixing 'R122' can not be imported. It has no component code and no default component for fixings is defined!&#xD;
 E3: Fixing 'R125' can not be imported. It has no component code and no default component for fixings is defined!&#xD;
 E3: Fixing 'R126' can not be imported. It has no component code and no default component for fixings is defined!&#xD;
 E3: Fixing 'R127' can not be imported. It has no component code and no default component for fixings is defined!&#xD;
 E3: Fixing 'R131' can not be imported. It has no component code and no default component for fixings is defined!&#xD;
 E3: Fixing 'R133' can not be imported. It has no component code and no default component for fixings is defined!&#xD;
 E3: Fixing 'R134' can not be imported. It has no component code and no default component for fixings is defined!&#xD;
 E3: Fixing 'R139' can not be imported. It has no component code and no default component for fixings is defined!&#xD;
 E3: Fixing 'R140' can not be imported. It has no component code and no default component for fixings is defined!&#xD;
 E3: Fixing 'R141' can not be imported. It has no component code and no default component for fixings is defined!&#xD;
 E3: Fixing 'R143' can not be imported. It has no component code and no default component for fixings is defined!&#xD;
 E3: Fixing 'R144' can not be imported. It has no component code and no default component for fixings is defined!&#xD;
 E3: Fixing 'R145' can not be imported. It has no component code and no default component for fixings is defined!&#xD;
 E3: Fixing 'R147' can not be imported. It has no component code and no default component for fixings is defined!&#xD;
 E3: Fixing 'R148' can not be imported. It has no component code and no default component for fixings is defined!&#xD;
 E3: Fixing 'G3' can not be imported. It has no component code and no default component for fixings is defined!&#xD;
 E3: I - Formboard sheet 'FL3T-14A005-CA' was created.&#xD;
 E3: I - Closing project 'Empty' without saving modifications...&#xD;
 E3: Project c:\appveyor\bin\E3.3DRoutingBridge\Mainline\E3.BridgeTest\TestFiles\Templates\temp.e3s created.&#xD;
 E3: I - Item Validation enabled&#xD;
 E3: I - Validating project&#xD;
 E3: I - Validation enabled for this project&#xD;
 E3: I - Closing project 'temp' without saving modifications...&#xD;
 E3: I - Opening Project  c:\appveyor\bin\E3.3DRoutingBridge\Mainline\E3.BridgeTest\TestFiles\Templates\Empty.e3s&#xD;
 E3: I - Updating internal structures: 200 cycles up to version 2505...&#xD;
 E3: 2305 &#xD;
 E3: 2306 &#xD;
 E3: 2307 &#xD;
 E3: 2308 &#xD;
 E3: 2309 &#xD;
 E3: 2310 &#xD;
 E3: 2311 &#xD;
 E3: 2312 &#xD;
 E3: 2399 &#xD;
 E3: 2400 &#xD;
 E3: 2401 &#xD;
 E3: 2402 &#xD;
 E3: 2403 &#xD;
 E3: 2404 &#xD;
 E3: 2405 &#xD;
 E3: 2406 &#xD;
 E3: 2407 &#xD;
 E3: 2408 &#xD;
 E3: 2499 &#xD;
 E3: 2500 &#xD;
 E3: 2501 &#xD;
 E3: 2502 &#xD;
 E3: 2503 &#xD;
 E3: 2504 &#xD;
 E3: OK.&#xD;
 E3: Project c:\appveyor\bin\E3.3DRoutingBridge\Mainline\E3.BridgeTest\TestFiles\Templates\Empty.e3s opened.&#xD;
 E3: W - Project has been opened in READ ONLY mode, you can't save any changes to the existing project!&#xD;
 E3: I - Item Validation enabled&#xD;
 E3: I - Validating project&#xD;
 E3: I - Validation enabled for this project&#xD;
 E3: repair_check_extended(0)&#xD;
 E3: --------------------------------------------------------------------------&#xD;
 E3: consistency check (17)....
&#xD;
 E3: ....
&#xD;
 E3: dump lost....
&#xD;
 E3: ....
&#xD;
 E3: new consistency check (45) and dump lost items (46)....
&#xD;
 E3: ....
&#xD;
 E3: - done -------------------------------------------------------------------
&#xD;
 E3: I - No known issues found&#xD;
 E3: Starting Harness Import import&#xD;
 E3: W - Component F3AB-14489-AA not found in database !&#xD;
 E3: W - Cannot load Component 'F3AB-14489-AA' from database - look in output window for details... &#xD;
 E3: E - Cannot create new device 'C2H408-B' with component 'F3AB-14489-AA'&#xD;
 E3: W - Component 4L3T-14489-EB not found in database !&#xD;
 E3: W - Cannot load Component '4L3T-14489-EB' from database - look in output window for details... &#xD;
 E3: E - Cannot create new device 'C2H228' with component '4L3T-14489-EB'&#xD;
 E3: W - Component DU5T-14489-ABA not found in database !&#xD;
 E3: W - Cannot load Component 'DU5T-14489-ABA' from database - look in output window for details... &#xD;
 E3: E - Cannot create new device 'C2H406' with component 'DU5T-14489-ABA'&#xD;
 E3: W - Component 8S4T-14489-BA not found in database !&#xD;
 E3: W - Cannot load Component '8S4T-14489-BA' from database - look in output window for details... &#xD;
 E3: E - Cannot create new device 'C2H206' with component '8S4T-14489-BA'&#xD;
 E3: W - Component 4L3T-14489-EB not found in database !&#xD;
 E3: W - Cannot load Component '4L3T-14489-EB' from database - look in output window for details... &#xD;
 E3: E - Cannot create new device 'C2H237' with component '4L3T-14489-EB'&#xD;
 E3: W - Component F3AB-14489-AA not found in database !&#xD;
 E3: W - Cannot load Component 'F3AB-14489-AA' from database - look in output window for details... &#xD;
 E3: E - Cannot create new device 'C2H408-A' with component 'F3AB-14489-AA'&#xD;
 E3: W - Component 4L3T-14489-EB not found in database !&#xD;
 E3: W - Cannot load Component '4L3T-14489-EB' from database - look in output window for details... &#xD;
 E3: E - Cannot create new device 'C2H211' with component '4L3T-14489-EB'&#xD;
 E3: W - Component DU5T-14A459-CB not found in database !&#xD;
 E3: W - Cannot load Component 'DU5T-14A459-CB' from database - look in output window for details... &#xD;
 E3: E - Cannot create new device 'C22-A2' with component 'DU5T-14A459-CB'&#xD;
 E3: Splice 'TK03' can not be imported. It has no component code and no default component for splices is defined!&#xD;
 E3: Splice 'N01' can not be imported. It has no component code and no default component for splices is defined!&#xD;
 E3: Splice 'TK02' can not be imported. It has no component code and no default component for splices is defined!&#xD;
 E3: Splice 'TK01' can not be imported. It has no component code and no default component for splices is defined!&#xD;
 E3: Splice 'TK03' can not be imported. It has no component code and no default component for splices is defined!&#xD;
 E3: Splice 'N01' can not be imported. It has no component code and no default component for splices is defined!&#xD;
 E3: Splice 'TK02' can not be imported. It has no component code and no default component for splices is defined!&#xD;
 E3: Splice 'TK01' can not be imported. It has no component code and no default component for splices is defined!&#xD;
 E3: Fixing 'C22-A2 (CLIP)' can not be imported. It has no component code and no default component for fixings is defined!&#xD;
 E3: Fixing 'R01' can not be imported. It has no component code and no default component for fixings is defined!&#xD;
 E3: Fixing 'R02' can not be imported. It has no component code and no default component for fixings is defined!&#xD;
 E3: I - Formboard sheet 'FL3T-SAMPLE-ASM2_1' was created.&#xD;
 E3: I - Closing project 'Empty' without saving modifications...&#xD;
 E3: Project c:\appveyor\bin\E3.3DRoutingBridge\Mainline\E3.BridgeTest\TestFiles\Templates\temp.e3s created.&#xD;
 E3: I - Item Validation enabled&#xD;
 E3: I - Validating project&#xD;
 E3: I - Validation enabled for this project&#xD;
 E3: I - Closing project 'temp' without saving modifications...&#xD;
 E3: I - Opening Project  c:\appveyor\bin\E3.3DRoutingBridge\Mainline\E3.BridgeTest\TestFiles\Templates\Empty.e3s&#xD;
 E3: I - Updating internal structures: 200 cycles up to version 2505...&#xD;
 E3: 2305 &#xD;
 E3: 2306 &#xD;
 E3: 2307 &#xD;
 E3: 2308 &#xD;
 E3: 2309 &#xD;
 E3: 2310 &#xD;
 E3: 2311 &#xD;
 E3: 2312 &#xD;
 E3: 2399 &#xD;
 E3: 2400 &#xD;
 E3: 2401 &#xD;
 E3: 2402 &#xD;
 E3: 2403 &#xD;
 E3: 2404 &#xD;
 E3: 2405 &#xD;
 E3: 2406 &#xD;
 E3: 2407 &#xD;
 E3: 2408 &#xD;
 E3: 2499 &#xD;
 E3: 2500 &#xD;
 E3: 2501 &#xD;
 E3: 2502 &#xD;
 E3: 2503 &#xD;
 E3: 2504 &#xD;
 E3: OK.&#xD;
 E3: Project c:\appveyor\bin\E3.3DRoutingBridge\Mainline\E3.BridgeTest\TestFiles\Templates\Empty.e3s opened.&#xD;
 E3: W - Project has been opened in READ ONLY mode, you can't save any changes to the existing project!&#xD;
 E3: I - Item Validation enabled&#xD;
 E3: I - Validating project&#xD;
 E3: I - Validation enabled for this project&#xD;
 E3: repair_check_extended(0)&#xD;
 E3: --------------------------------------------------------------------------&#xD;
 E3: consistency check (17)....
&#xD;
 E3: ....
&#xD;
 E3: dump lost....
&#xD;
 E3: ....
&#xD;
 E3: new consistency check (45) and dump lost items (46)....
&#xD;
 E3: ....
&#xD;
 E3: - done -------------------------------------------------------------------
&#xD;
 E3: I - No known issues found&#xD;
 E3: Starting Harness Import import&#xD;
 E3: W - Component 9U5T-14489-VA not found in database !&#xD;
 E3: W - Cannot load Component '9U5T-14489-VA' from database - look in output window for details... &#xD;
 E3: E - Cannot create new device '9U5T-14489-VA.2' with component '9U5T-14489-VA'&#xD;
 E3: W - Component 9U5T-14489-AC not found in database !&#xD;
 E3: W - Cannot load Component '9U5T-14489-AC' from database - look in output window for details... &#xD;
 E3: E - Cannot create new device '9U5T-14489-AC.2' with component '9U5T-14489-AC'&#xD;
 E3: W - Component 9U5T-14489-MA not found in database !&#xD;
 E3: W - Cannot load Component '9U5T-14489-MA' from database - look in output window for details... &#xD;
 E3: E - Cannot create new device '9U5T-14489-MA.1' with component '9U5T-14489-MA'&#xD;
 E3: W - Component DG1T-14463-AA not found in database !&#xD;
 E3: W - Cannot load Component 'DG1T-14463-AA' from database - look in output window for details... &#xD;
 E3: E - Cannot create new device 'DG1T-14463-AA.2' with component 'DG1T-14463-AA'&#xD;
 E3: W - Component DG1T-14463-AA not found in database !&#xD;
 E3: W - Cannot load Component 'DG1T-14463-AA' from database - look in output window for details... &#xD;
 E3: E - Cannot create new device 'DG1T-14463-AA.4' with component 'DG1T-14463-AA'&#xD;
 E3: W - Component 8U5T-14489-CA not found in database !&#xD;
 E3: W - Cannot load Component '8U5T-14489-CA' from database - look in output window for details... &#xD;
 E3: E - Cannot create new device '8U5T-14489-CA.1' with component '8U5T-14489-CA'&#xD;
 E3: W - Component 9U5T-14489-AC not found in database !&#xD;
 E3: W - Cannot load Component '9U5T-14489-AC' from database - look in output window for details... &#xD;
 E3: E - Cannot create new device 'C23-CLF 14A005 INLINE' with component '9U5T-14489-AC'&#xD;
 E3: W - Component 9U5T-14489-VA not found in database !&#xD;
 E3: W - Cannot load Component '9U5T-14489-VA' from database - look in output window for details... &#xD;
 E3: E - Cannot create new device 'C21-ALF 14290 INLINE' with component '9U5T-14489-VA'&#xD;
 E3: W - Component GU5T-14489-LA not found in database !&#xD;
 E3: W - Cannot load Component 'GU5T-14489-LA' from database - look in output window for details... &#xD;
 E3: E - Cannot create new device 'CXXXXX7 HEAD LAMP CONTROL' with component 'GU5T-14489-LA'&#xD;
 E3: W - Component DU5T-14489-SA not found in database !&#xD;
 E3: W - Cannot load Component 'DU5T-14489-SA' from database - look in output window for details... &#xD;
 E3: E - Cannot create new device 'C2H206-A RECIRCULATION DOOR MOTOR HVAC CHINA' with component 'DU5T-14489-SA'&#xD;
 E3: W - Component 4L3T-14489-EB not found in database !&#xD;
 E3: W - Cannot load Component '4L3T-14489-EB' from database - look in output window for details... &#xD;
 E3: E - Cannot create new device 'C2H206-A RECIRCULATION DOOR MOTOR HVAC MKC NA' with component '4L3T-14489-EB'&#xD;
 E3: W - Component DU5T-14A459-BB not found in database !&#xD;
 E3: W - Cannot load Component 'DU5T-14A459-BB' from database - look in output window for details... &#xD;
 E3: E - Cannot create new device 'C29-A LH INLINE 14335 HEADLINER.1' with component 'DU5T-14A459-BB'&#xD;
 E3: W - Component 2L1T-14A624-PA not found in database !&#xD;
 E3: W - Cannot load Component '2L1T-14A624-PA' from database - look in output window for details... &#xD;
 E3: E - Cannot create new device 'C29-B LH INLINE 14335 HEADLINER.1' with component '2L1T-14A624-PA'&#xD;
 E3: W - Component 2L1T-14A624-PA not found in database !&#xD;
 E3: W - Cannot load Component '2L1T-14A624-PA' from database - look in output window for details... &#xD;
 E3: E - Cannot create new device 'C29-B RH INLINE 14335 HEADLINER' with component '2L1T-14A624-PA'&#xD;
 E3: W - Component DU5T-14A459-BB not found in database !&#xD;
 E3: W - Cannot load Component 'DU5T-14A459-BB' from database - look in output window for details... &#xD;
 E3: E - Cannot create new device 'C29-A RH INLINE 14335 HEADLINER' with component 'DU5T-14A459-BB'&#xD;
 E3: W - Component HU5T-14489-KC not found in database !&#xD;
 E3: W - Cannot load Component 'HU5T-14489-KC' from database - look in output window for details... &#xD;
 E3: E - Cannot create new device 'C2AM02-D BODY CONTROL MODULE CONNECTOR' with component 'HU5T-14489-KC'&#xD;
 E3: W - Component CU5T-14A464-AC not found in database !&#xD;
 E3: W - Cannot load Component 'CU5T-14A464-AC' from database - look in output window for details... &#xD;
 E3: E - Cannot create new device 'CU5T-14A464-AC.1' with component 'CU5T-14A464-AC'&#xD;
 E3: W - Component 5W1T-14A624-AA not found in database !&#xD;
 E3: W - Cannot load Component '5W1T-14A624-AA' from database - look in output window for details... &#xD;
 E3: E - Cannot create new device 'AMBIENT LIGHT' with component '5W1T-14A624-AA'&#xD;
 E3: W - Component GU5T-14489-LA not found in database !&#xD;
 E3: W - Cannot load Component 'GU5T-14489-LA' from database - look in output window for details... &#xD;
 E3: E - Cannot create new device 'CXXXXX7 NEED DESCRIPTION' with component 'GU5T-14489-LA'&#xD;
 E3: W - Component 2L2T-14A464-BA not found in database !&#xD;
 E3: W - Cannot load Component '2L2T-14A464-BA' from database - look in output window for details... &#xD;
 E3: E - Cannot create new device 'C2H408-A DRVR-FRT-FLR-DISCHARGE SNS1' with component '2L2T-14A464-BA'&#xD;
 E3: W - Component 3W4T-14A464-XA not found in database !&#xD;
 E3: W - Cannot load Component '3W4T-14A464-XA' from database - look in output window for details... &#xD;
 E3: E - Cannot create new device 'CXXXXX12 MODULE TELEMATIC CONTROL UNIT' with component '3W4T-14A464-XA'&#xD;
 E3: W - Component 9U5T-14489-CBA not found in database !&#xD;
 E3: W - Cannot load Component '9U5T-14489-CBA' from database - look in output window for details... &#xD;
 E3: E - Cannot create new device 'CXXXXX13 MODULE TELEMATIC CONTROL UNIT' with component '9U5T-14489-CBA'&#xD;
 E3: W - Component FU5T-19C042-AB not found in database !&#xD;
 E3: W - Cannot load Component 'FU5T-19C042-AB' from database - look in output window for details... &#xD;
 E3: E - Cannot create new device 'CXXXXX14 EMBEDDED MODEM CONNECTOR 3' with component 'FU5T-19C042-AB'&#xD;
 E3: W - Component DU5T-19C042-EB not found in database !&#xD;
 E3: W - Cannot load Component 'DU5T-19C042-EB' from database - look in output window for details... &#xD;
 E3: E - Cannot create new device 'CXXXXX15 MODULE TELEMATIC CONTROL UNIT' with component 'DU5T-19C042-EB'&#xD;
 E3: W - Component CU5T-14489-AAA not found in database !&#xD;
 E3: W - Cannot load Component 'CU5T-14489-AAA' from database - look in output window for details... &#xD;
 E3: E - Cannot create new device 'C2HP04 HTR-PTC 1200W.1' with component 'CU5T-14489-AAA'&#xD;
 E3: W - Component 9U5T-14489-PA not found in database !&#xD;
 E3: W - Cannot load Component '9U5T-14489-PA' from database - look in output window for details... &#xD;
 E3: E - Cannot create new device 'C2H105-A CLIMATE CONTROL MODULE.1' with component '9U5T-14489-PA'&#xD;
 E3: W - Component 9U5T-14489-ZA not found in database !&#xD;
 E3: W - Cannot load Component '9U5T-14489-ZA' from database - look in output window for details... &#xD;
 E3: E - Cannot create new device 'C2H105-B CLIMATE CONTROL MODULE.1' with component '9U5T-14489-ZA'&#xD;
 E3: W - Component 9U5T-14489-AAB not found in database !&#xD;
 E3: W - Cannot load Component '9U5T-14489-AAB' from database - look in output window for details... &#xD;
 E3: E - Cannot create new device '9U5T-14489-AAB.1' with component '9U5T-14489-AAB'&#xD;
 E3: W - Component 4L3T-14A464-MA not found in database !&#xD;
 E3: W - Cannot load Component '4L3T-14A464-MA' from database - look in output window for details... &#xD;
 E3: E - Cannot create new device '4L3T-14A464-M_PIA1_2.1' with component '4L3T-14A464-MA'&#xD;
 E3: W - Component 1W8T-14489-AB not found in database !&#xD;
 E3: W - Cannot load Component '1W8T-14489-AB' from database - look in output window for details... &#xD;
 E3: E - Cannot create new device 'FRONT CONTROLS INTERFACE' with component '1W8T-14489-AB'&#xD;
 E3: W - Component 5W1T-14A624-AA not found in database !&#xD;
 E3: W - Cannot load Component '5W1T-14A624-AA' from database - look in output window for details... &#xD;
 E3: E - Cannot create new device '5W1T-14A624-AA.1' with component '5W1T-14A624-AA'&#xD;
 E3: W - Component 4S7T-14489-VAA not found in database !&#xD;
 E3: W - Cannot load Component '4S7T-14489-VAA' from database - look in output window for details... &#xD;
 E3: E - Cannot create new device 'C2H406-A SNS ACET THERMISTOR.1' with component '4S7T-14489-VAA'&#xD;
 E3: W - Component 4S7T-14489-VDA not found in database !&#xD;
 E3: W - Cannot load Component '4S7T-14489-VDA' from database - look in output window for details... &#xD;
 E3: E - Cannot create new device 'CX_MOTOR_ST_CL' with component '4S7T-14489-VDA'&#xD;
 E3: W - Component 4S7T-14489-VFA not found in database !&#xD;
 E3: W - Cannot load Component '4S7T-14489-VFA' from database - look in output window for details... &#xD;
 E3: E - Cannot create new device 'CX_SWING_BRACKET' with component '4S7T-14489-VFA'&#xD;
 E3: W - Component GU5T-14463-FAA not found in database !&#xD;
 E3: W - Cannot load Component 'GU5T-14463-FAA' from database - look in output window for details... &#xD;
 E3: E - Cannot create new device 'G2D214 GROUND' with component 'GU5T-14463-FAA'&#xD;
 E3: W - Component 1W1T-14A464-BB not found in database !&#xD;
 E3: W - Cannot load Component '1W1T-14A464-BB' from database - look in output window for details... &#xD;
 E3: E - Cannot create new device '1W1T-14A464-B_PIA1_8.1' with component '1W1T-14A464-BB'&#xD;
 E3: W - Component 2L7T-14489-AB not found in database !&#xD;
 E3: W - Cannot load Component '2L7T-14489-AB' from database - look in output window for details... &#xD;
 E3: E - Cannot create new device 'CX2_SWITCH_MULTI_FUNCTION_ST_CL' with component '2L7T-14489-AB'&#xD;
 E3: W - Component 7M5T-14489-BA not found in database !&#xD;
 E3: W - Cannot load Component '7M5T-14489-BA' from database - look in output window for details... &#xD;
 E3: E - Cannot create new device 'MECHANISM STEERING COLUMN' with component '7M5T-14489-BA'&#xD;
 E3: W - Component 4S7T-14489-VCA not found in database !&#xD;
 E3: W - Cannot load Component '4S7T-14489-VCA' from database - look in output window for details... &#xD;
 E3: E - Cannot create new device 'C2CS05-A EPAS 1' with component '4S7T-14489-VCA'&#xD;
 E3: W - Component AV6T-14A459-AA not found in database !&#xD;
 E3: W - Cannot load Component 'AV6T-14A459-AA' from database - look in output window for details... &#xD;
 E3: E - Cannot create new device 'C33-E 14401/14B079 INLINE.1' with component 'AV6T-14A459-AA'&#xD;
 E3: W - Component 2L2T-14A464-BA not found in database !&#xD;
 E3: W - Cannot load Component '2L2T-14A464-BA' from database - look in output window for details... &#xD;
 E3: E - Cannot create new device 'CXXXX Unkown Need INFO.1' with component '2L2T-14A464-BA'&#xD;
 E3: W - Component DG1T-14463-AA not found in database !&#xD;
 E3: W - Cannot load Component 'DG1T-14463-AA' from database - look in output window for details... &#xD;
 E3: E - Cannot create new device 'G2D284 PTC GROUND' with component 'DG1T-14463-AA'&#xD;
 E3: W - Component DG1T-14463-AA not found in database !&#xD;
 E3: W - Cannot load Component 'DG1T-14463-AA' from database - look in output window for details... &#xD;
 E3: E - Cannot create new device 'GD215 GROUND AUDIO' with component 'DG1T-14463-AA'&#xD;
 E3: W - Component 97BG-14A624-RBA not found in database !&#xD;
 E3: W - Cannot load Component '97BG-14A624-RBA' from database - look in output window for details... &#xD;
 E3: E - Cannot create new device 'CHINA INLINE' with component '97BG-14A624-RBA'&#xD;
 E3: W - Component 5C2T-14A464-CA not found in database !&#xD;
 E3: W - Cannot load Component '5C2T-14A464-CA' from database - look in output window for details... &#xD;
 E3: E - Cannot create new device '5C2T-14A464-C_PIA01_1.1' with component '5C2T-14A464-CA'&#xD;
 E3: W - Component 6G9T-14489-AHB not found in database !&#xD;
 E3: W - Cannot load Component '6G9T-14489-AHB' from database - look in output window for details... &#xD;
 E3: E - Cannot create new device '6G9T-14489-AHB.1' with component '6G9T-14489-AHB'&#xD;
 E3: W - Component FU5T-14489-AAA not found in database !&#xD;
 E3: W - Cannot load Component 'FU5T-14489-AAA' from database - look in output window for details... &#xD;
 E3: E - Cannot create new device 'C2ET76 PSH BUTTON ESHIFTER' with component 'FU5T-14489-AAA'&#xD;
 E3: W - Component 9U5T-14489-TA not found in database !&#xD;
 E3: W - Cannot load Component '9U5T-14489-TA' from database - look in output window for details... &#xD;
 E3: E - Cannot create new device 'C2ME46-A SYNC GEN2' with component '9U5T-14489-TA'&#xD;
 E3: W - Component BU5T-14489-AA not found in database !&#xD;
 E3: W - Cannot load Component 'BU5T-14489-AA' from database - look in output window for details... &#xD;
 E3: E - Cannot create new device 'BU5T-14489-A_PIA01_1.1' with component 'BU5T-14489-AA'&#xD;
 E3: W - Component CU5T-14489-HA not found in database !&#xD;
 E3: W - Cannot load Component 'CU5T-14489-HA' from database - look in output window for details... &#xD;
 E3: E - Cannot create new device 'C2MC01 INSTRUMENT CLUSTER CONNECTOR.1' with component 'CU5T-14489-HA'&#xD;
 E3: W - Component 5L8T-14489-JB not found in database !&#xD;
 E3: W - Cannot load Component '5L8T-14489-JB' from database - look in output window for details... &#xD;
 E3: E - Cannot create new device 'C2PK34 PUSH TO START SWITCH CONNECTOR' with component '5L8T-14489-JB'&#xD;
 E3: W - Component 4W1T-14A464-FA not found in database !&#xD;
 E3: W - Cannot load Component '4W1T-14A464-FA' from database - look in output window for details... &#xD;
 E3: E - Cannot create new device '4W1T-14A464-F_PIA1_1.1' with component '4W1T-14A464-FA'&#xD;
 E3: W - Component 2L2T-14A464-CA not found in database !&#xD;
 E3: W - Cannot load Component '2L2T-14A464-CA' from database - look in output window for details... &#xD;
 E3: E - Cannot create new device '2L2T-14A464-CA.1' with component '2L2T-14A464-CA'&#xD;
 E3: W - Component 2L2T-14A464-BA not found in database !&#xD;
 E3: W - Cannot load Component '2L2T-14A464-BA' from database - look in output window for details... &#xD;
 E3: E - Cannot create new device 'C2H452-A DRIVER FRT PNL DISCHARGE SNS2.1' with component '2L2T-14A464-BA'&#xD;
 E3: W - Component 2L2T-14A464-BA not found in database !&#xD;
 E3: W - Cannot load Component '2L2T-14A464-BA' from database - look in output window for details... &#xD;
 E3: E - Cannot create new device 'C2H452-B PSGR-FRT-PNL-DISCHARGE SNS2.1' with component '2L2T-14A464-BA'&#xD;
 E3: W - Component DU5T-14489-MA not found in database !&#xD;
 E3: W - Cannot load Component 'DU5T-14489-MA' from database - look in output window for details... &#xD;
 E3: E - Cannot create new device 'DU5T-14489-MA.4' with component 'DU5T-14489-MA'&#xD;
 E3: W - Component DU5T-14489-MA not found in database !&#xD;
 E3: W - Cannot load Component 'DU5T-14489-MA' from database - look in output window for details... &#xD;
 E3: E - Cannot create new device 'C2H437-A HVAC DRV ACTUATOR MKC.1' with component 'DU5T-14489-MA'&#xD;
 E3: W - Component 2L2T-14A464-BA not found in database !&#xD;
 E3: W - Cannot load Component '2L2T-14A464-BA' from database - look in output window for details... &#xD;
 E3: E - Cannot create new device 'C2H408-B PSGR-FRT-FLR DISCHARGE SNS1.1' with component '2L2T-14A464-BA'&#xD;
 E3: W - Component 5W1T-14A624-AA not found in database !&#xD;
 E3: W - Cannot load Component '5W1T-14A624-AA' from database - look in output window for details... &#xD;
 E3: E - Cannot create new device 'FOOTWELL AMBIENT LIGHT RHS PROP' with component '5W1T-14A624-AA'&#xD;
 E3: W - Component 5L8T-14A464-DA not found in database !&#xD;
 E3: W - Cannot load Component '5L8T-14A464-DA' from database - look in output window for details... &#xD;
 E3: E - Cannot create new device 'C2H415 AUTOLAMP SUNLOAD SENSOR.1' with component '5L8T-14A464-DA'&#xD;
 E3: W - Component 4L3T-14A464-LA not found in database !&#xD;
 E3: W - Cannot load Component '4L3T-14A464-LA' from database - look in output window for details... &#xD;
 E3: E - Cannot create new device 'CXXXX AMBIENT LIGHT SENSOR.1' with component '4L3T-14A464-LA'&#xD;
 E3: W - Component AU5T-14A464-PA not found in database !&#xD;
 E3: W - Cannot load Component 'AU5T-14A464-PA' from database - look in output window for details... &#xD;
 E3: E - Cannot create new device 'Primary 10 Speaker (IDBAH).1' with component 'AU5T-14A464-PA'&#xD;
 E3: W - Component 4L3T-14A464-LA not found in database !&#xD;
 E3: W - Cannot load Component '4L3T-14A464-LA' from database - look in output window for details... &#xD;
 E3: E - Cannot create new device '13 Speaker (IDBBH)' with component '4L3T-14A464-LA'&#xD;
 E3: W - Component 4S7T-14489-YJA not found in database !&#xD;
 E3: W - Cannot load Component '4S7T-14489-YJA' from database - look in output window for details... &#xD;
 E3: E - Cannot create new device 'C2YA01 AC INVERTER 180402' with component '4S7T-14489-YJA'&#xD;
 E3: W - Component 4W1T-14A464-BA not found in database !&#xD;
 E3: W - Cannot load Component '4W1T-14A464-BA' from database - look in output window for details... &#xD;
 E3: E - Cannot create new device 'EXTEND POWER 191001' with component '4W1T-14A464-BA'&#xD;
 E3: W - Component AU5T-19C041-SAB not found in database !&#xD;
 E3: W - Cannot load Component 'AU5T-19C041-SAB' from database - look in output window for details... &#xD;
 E3: E - Cannot create new device 'AU5T-19C041-SAB.1' with component 'AU5T-19C041-SAB'&#xD;
 E3: W - Component BU5T-19C041-AMA not found in database !&#xD;
 E3: W - Cannot load Component 'BU5T-19C041-AMA' from database - look in output window for details... &#xD;
 E3: E - Cannot create new device 'BU5T-19C041-AM_1.1' with component 'BU5T-19C041-AMA'&#xD;
 E3: W - Component 9U5T-14N003-BC not found in database !&#xD;
 E3: W - Cannot load Component '9U5T-14N003-BC' from database - look in output window for details... &#xD;
 E3: E - Cannot create new device '9U5T-14N003-BC.1' with component '9U5T-14N003-BC'&#xD;
 E3: W - Component HU5T-14N003-AC not found in database !&#xD;
 E3: W - Cannot load Component 'HU5T-14N003-AC' from database - look in output window for details... &#xD;
 E3: E - Cannot create new device 'BODY CONTROL MODULE CONNECTOR COVER' with component 'HU5T-14N003-AC'&#xD;
 E3: W - Component FU5T-14N003-PB not found in database !&#xD;
 E3: W - Cannot load Component 'FU5T-14N003-PB' from database - look in output window for details... &#xD;
 E3: E - Cannot create new device 'COVER C2HP04 HTRC-PTC.1' with component 'FU5T-14N003-PB'&#xD;
 E3: Splice 'N06' can not be imported. It has no component code and no default component for splices is defined!&#xD;
 E3: Splice 'N07' can not be imported. It has no component code and no default component for splices is defined!&#xD;
 E3: Splice 'N10' can not be imported. It has no component code and no default component for splices is defined!&#xD;
 E3: Splice 'N08' can not be imported. It has no component code and no default component for splices is defined!&#xD;
 E3: Splice 'N09' can not be imported. It has no component code and no default component for splices is defined!&#xD;
 E3: Splice 'N01' can not be imported. It has no component code and no default component for splices is defined!&#xD;
 E3: Splice 'N02' can not be imported. It has no component code and no default component for splices is defined!&#xD;
 E3: Splice 'N03' can not be imported. It has no component code and no default component for splices is defined!&#xD;
 E3: Splice 'N04' can not be imported. It has no component code and no default component for splices is defined!&#xD;
 E3: Splice 'N14' can not be imported. It has no component code and no default component for splices is defined!&#xD;
 E3: Splice 'N13' can not be imported. It has no component code and no default component for splices is defined!&#xD;
 E3: Splice 'N05' can not be imported. It has no component code and no default component for splices is defined!&#xD;
 E3: Splice 'N11' can not be imported. It has no component code and no default component for splices is defined!&#xD;
 E3: Splice 'N15' can not be imported. It has no component code and no default component for splices is defined!&#xD;
 E3: Splice 'N16' can not be imported. It has no component code and no default component for splices is defined!&#xD;
 E3: Splice 'N17' can not be imported. It has no component code and no default component for splices is defined!&#xD;
 E3: Splice 'N18' can not be imported. It has no component code and no default component for splices is defined!&#xD;
 E3: Splice 'N20' can not be imported. It has no component code and no default component for splices is defined!&#xD;
 E3: Splice 'N19' can not be imported. It has no component code and no default component for splices is defined!&#xD;
 E3: Splice 'N21' can not be imported. It has no component code and no default component for splices is defined!&#xD;
 E3: Splice 'N22' can not be imported. It has no component code and no default component for splices is defined!&#xD;
 E3: Splice 'N23' can not be imported. It has no component code and no default component for splices is defined!&#xD;
 E3: Splice 'N24' can not be imported. It has no component code and no default component for splices is defined!&#xD;
 E3: Splice 'N25' can not be imported. It has no component code and no default component for splices is defined!&#xD;
 E3: Splice 'N26' can not be imported. It has no component code and no default component for splices is defined!&#xD;
 E3: Splice 'N27' can not be imported. It has no component code and no default component for splices is defined!&#xD;
 E3: Splice 'N28' can not be imported. It has no component code and no default component for splices is defined!&#xD;
 E3: Splice 'N29' can not be imported. It has no component code and no default component for splices is defined!&#xD;
 E3: Splice 'N30' can not be imported. It has no component code and no default component for splices is defined!&#xD;
 E3: Splice 'N31' can not be imported. It has no component code and no default component for splices is defined!&#xD;
 E3: Splice 'N32' can not be imported. It has no component code and no default component for splices is defined!&#xD;
 E3: Splice 'N33' can not be imported. It has no component code and no default component for splices is defined!&#xD;
 E3: Splice 'N37' can not be imported. It has no component code and no default component for splices is defined!&#xD;
 E3: Splice 'N34' can not be imported. It has no component code and no default component for splices is defined!&#xD;
 E3: Splice 'N35' can not be imported. It has no component code and no default component for splices is defined!&#xD;
 E3: Splice 'N36' can not be imported. It has no component code and no default component for splices is defined!&#xD;
 E3: Splice 'N38' can not be imported. It has no component code and no default component for splices is defined!&#xD;
 E3: Splice 'N39' can not be imported. It has no component code and no default component for splices is defined!&#xD;
 E3: Splice 'N40' can not be imported. It has no component code and no default component for splices is defined!&#xD;
 E3: Splice 'N41' can not be imported. It has no component code and no default component for splices is defined!&#xD;
 E3: Splice 'N42' can not be imported. It has no component code and no default component for splices is defined!&#xD;
 E3: Splice 'N43' can not be imported. It has no component code and no default component for splices is defined!&#xD;
 E3: Splice 'N12' can not be imported. It has no component code and no default component for splices is defined!&#xD;
 E3: Splice 'N44' can not be imported. It has no component code and no default component for splices is defined!&#xD;
 E3: Splice 'N45' can not be imported. It has no component code and no default component for splices is defined!&#xD;
 E3: Splice 'N46' can not be imported. It has no component code and no default component for splices is defined!&#xD;
 E3: Splice 'N47' can not be imported. It has no component code and no default component for splices is defined!&#xD;
 E3: Splice 'N48' can not be imported. It has no component code and no default component for splices is defined!&#xD;
 E3: Splice 'N49' can not be imported. It has no component code and no default component for splices is defined!&#xD;
 E3: Splice 'N50' can not be imported. It has no component code and no default component for splices is defined!&#xD;
 E3: Splice 'N51' can not be imported. It has no component code and no default component for splices is defined!&#xD;
 E3: Splice 'N52' can not be imported. It has no component code and no default component for splices is defined!&#xD;
 E3: Splice 'N53' can not be imported. It has no component code and no default component for splices is defined!&#xD;
 E3: Splice 'N54' can not be imported. It has no component code and no default component for splices is defined!&#xD;
 E3: Splice 'N06' can not be imported. It has no component code and no default component for splices is defined!&#xD;
 E3: Splice 'N07' can not be imported. It has no component code and no default component for splices is defined!&#xD;
 E3: Splice 'N10' can not be imported. It has no component code and no default component for splices is defined!&#xD;
 E3: Splice 'N08' can not be imported. It has no component code and no default component for splices is defined!&#xD;
 E3: Splice 'N09' can not be imported. It has no component code and no default component for splices is defined!&#xD;
 E3: Splice 'N01' can not be imported. It has no component code and no default component for splices is defined!&#xD;
 E3: Splice 'N02' can not be imported. It has no component code and no default component for splices is defined!&#xD;
 E3: Splice 'N03' can not be imported. It has no component code and no default component for splices is defined!&#xD;
 E3: Splice 'N04' can not be imported. It has no component code and no default component for splices is defined!&#xD;
 E3: Splice 'N14' can not be imported. It has no component code and no default component for splices is defined!&#xD;
 E3: Splice 'N13' can not be imported. It has no component code and no default component for splices is defined!&#xD;
 E3: Splice 'N05' can not be imported. It has no component code and no default component for splices is defined!&#xD;
 E3: Splice 'N11' can not be imported. It has no component code and no default component for splices is defined!&#xD;
 E3: Splice 'N15' can not be imported. It has no component code and no default component for splices is defined!&#xD;
 E3: Splice 'N16' can not be imported. It has no component code and no default component for splices is defined!&#xD;
 E3: Splice 'N17' can not be imported. It has no component code and no default component for splices is defined!&#xD;
 E3: Splice 'N18' can not be imported. It has no component code and no default component for splices is defined!&#xD;
 E3: Splice 'N20' can not be imported. It has no component code and no default component for splices is defined!&#xD;
 E3: Splice 'N19' can not be imported. It has no component code and no default component for splices is defined!&#xD;
 E3: Splice 'N21' can not be imported. It has no component code and no default component for splices is defined!&#xD;
 E3: Splice 'N22' can not be imported. It has no component code and no default component for splices is defined!&#xD;
 E3: Splice 'N23' can not be imported. It has no component code and no default component for splices is defined!&#xD;
 E3: Splice 'N24' can not be imported. It has no component code and no default component for splices is defined!&#xD;
 E3: Splice 'N25' can not be imported. It has no component code and no default component for splices is defined!&#xD;
 E3: Splice 'N26' can not be imported. It has no component code and no default component for splices is defined!&#xD;
 E3: Splice 'N27' can not be imported. It has no component code and no default component for splices is defined!&#xD;
 E3: Splice 'N28' can not be imported. It has no component code and no default component for splices is defined!&#xD;
 E3: Splice 'N29' can not be imported. It has no component code and no default component for splices is defined!&#xD;
 E3: Splice 'N30' can not be imported. It has no component code and no default component for splices is defined!&#xD;
 E3: Splice 'N31' can not be imported. It has no component code and no default component for splices is defined!&#xD;
 E3: Splice 'N32' can not be imported. It has no component code and no default component for splices is defined!&#xD;
 E3: Splice 'N33' can not be imported. It has no component code and no default component for splices is defined!&#xD;
 E3: Splice 'N37' can not be imported. It has no component code and no default component for splices is defined!&#xD;
 E3: Splice 'N34' can not be imported. It has no component code and no default component for splices is defined!&#xD;
 E3: Splice 'N35' can not be imported. It has no component code and no default component for splices is defined!&#xD;
 E3: Splice 'N36' can not be imported. It has no component code and no default component for splices is defined!&#xD;
 E3: Splice 'N38' can not be imported. It has no component code and no default component for splices is defined!&#xD;
 E3: Splice 'N39' can not be imported. It has no component code and no default component for splices is defined!&#xD;
 E3: Splice 'N40' can not be imported. It has no component code and no default component for splices is defined!&#xD;
 E3: Splice 'N41' can not be imported. It has no component code and no default component for splices is defined!&#xD;
 E3: Splice 'N42' can not be imported. It has no component code and no default component for splices is defined!&#xD;
 E3: Splice 'N43' can not be imported. It has no component code and no default component for splices is defined!&#xD;
 E3: Splice 'N12' can not be imported. It has no component code and no default component for splices is defined!&#xD;
 E3: Splice 'N44' can not be imported. It has no component code and no default component for splices is defined!&#xD;
 E3: Splice 'N45' can not be imported. It has no component code and no default component for splices is defined!&#xD;
 E3: Splice 'N46' can not be imported. It has no component code and no default component for splices is defined!&#xD;
 E3: Splice 'N47' can not be imported. It has no component code and no default component for splices is defined!&#xD;
 E3: Splice 'N48' can not be imported. It has no component code and no default component for splices is defined!&#xD;
 E3: Splice 'N49' can not be imported. It has no component code and no default component for splices is defined!&#xD;
 E3: Splice 'N50' can not be imported. It has no component code and no default component for splices is defined!&#xD;
 E3: Splice 'N51' can not be imported. It has no component code and no default component for splices is defined!&#xD;
 E3: Splice 'N52' can not be imported. It has no component code and no default component for splices is defined!&#xD;
 E3: Splice 'N53' can not be imported. It has no component code and no default component for splices is defined!&#xD;
 E3: Splice 'N54' can not be imported. It has no component code and no default component for splices is defined!&#xD;
 E3: Fixing '8C3T-14A163-CA.1' can not be imported. It has no component code and no default component for fixings is defined!&#xD;
 E3: Fixing 'R01' can not be imported. It has no component code and no default component for fixings is defined!&#xD;
 E3: Fixing 'R02' can not be imported. It has no component code and no default component for fixings is defined!&#xD;
 E3: Fixing 'R03' can not be imported. It has no component code and no default component for fixings is defined!&#xD;
 E3: Fixing 'R04' can not be imported. It has no component code and no default component for fixings is defined!&#xD;
 E3: Fixing 'R05' can not be imported. It has no component code and no default component for fixings is defined!&#xD;
 E3: Fixing 'R06' can not be imported. It has no component code and no default component for fixings is defined!&#xD;
 E3: Fixing 'R07' can not be imported. It has no component code and no default component for fixings is defined!&#xD;
 E3: Fixing 'R10' can not be imported. It has no component code and no default component for fixings is defined!&#xD;
 E3: Fixing 'R11' can not be imported. It has no component code and no default component for fixings is defined!&#xD;
 E3: Fixing 'R12' can not be imported. It has no component code and no default component for fixings is defined!&#xD;
 E3: Fixing 'R14' can not be imported. It has no component code and no default component for fixings is defined!&#xD;
 E3: Fixing 'R15' can not be imported. It has no component code and no default component for fixings is defined!&#xD;
 E3: Fixing 'R16' can not be imported. It has no component code and no default component for fixings is defined!&#xD;
 E3: Fixing 'R17' can not be imported. It has no component code and no default component for fixings is defined!&#xD;
 E3: Fixing 'R18' can not be imported. It has no component code and no default component for fixings is defined!&#xD;
 E3: Fixing 'R19' can not be imported. It has no component code and no default component for fixings is defined!&#xD;
 E3: Fixing 'R20' can not be imported. It has no component code and no default component for fixings is defined!&#xD;
 E3: Fixing 'R21' can not be imported. It has no component code and no default component for fixings is defined!&#xD;
 E3: Fixing 'R22' can not be imported. It has no component code and no default component for fixings is defined!&#xD;
 E3: Fixing 'R23' can not be imported. It has no component code and no default component for fixings is defined!&#xD;
 E3: Fixing 'R24' can not be imported. It has no component code and no default component for fixings is defined!&#xD;
 E3: Fixing 'R25' can not be imported. It has no component code and no default component for fixings is defined!&#xD;
 E3: Fixing 'R26' can not be imported. It has no component code and no default component for fixings is defined!&#xD;
 E3: Fixing 'R27' can not be imported. It has no component code and no default component for fixings is defined!&#xD;
 E3: Fixing 'R28' can not be imported. It has no component code and no default component for fixings is defined!&#xD;
 E3: Fixing 'R29' can not be imported. It has no component code and no default component for fixings is defined!&#xD;
 E3: Fixing 'R30' can not be imported. It has no component code and no default component for fixings is defined!&#xD;
 E3: Fixing 'R31' can not be imported. It has no component code and no default component for fixings is defined!&#xD;
 E3: Fixing 'R32' can not be imported. It has no component code and no default component for fixings is defined!&#xD;
 E3: Fixing 'R33' can not be imported. It has no component code and no default component for fixings is defined!&#xD;
 E3: Fixing 'R34' can not be imported. It has no component code and no default component for fixings is defined!&#xD;
 E3: Fixing 'R35' can not be imported. It has no component code and no default component for fixings is defined!&#xD;
 E3: Fixing 'R36' can not be imported. It has no component code and no default component for fixings is defined!&#xD;
 E3: Fixing 'R37' can not be imported. It has no component code and no default component for fixings is defined!&#xD;
 E3: Fixing 'R38' can not be imported. It has no component code and no default component for fixings is defined!&#xD;
 E3: Fixing 'R39' can not be imported. It has no component code and no default component for fixings is defined!&#xD;
 E3: Fixing 'R40' can not be imported. It has no component code and no default component for fixings is defined!&#xD;
 E3: Fixing '8U5T-14E047-HA.6' can not be imported. It has no component code and no default component for fixings is defined!&#xD;
 E3: Fixing '8U5T-14E047-HA.7' can not be imported. It has no component code and no default component for fixings is defined!&#xD;
 E3: Fixing 'R41' can not be imported. It has no component code and no default component for fixings is defined!&#xD;
 E3: Fixing 'R42' can not be imported. It has no component code and no default component for fixings is defined!&#xD;
 E3: Fixing 'R43_1' can not be imported. It has no component code and no default component for fixings is defined!&#xD;
 E3: Fixing 'R43_B' can not be imported. It has no component code and no default component for fixings is defined!&#xD;
 E3: Fixing 'R44' can not be imported. It has no component code and no default component for fixings is defined!&#xD;
 E3: Fixing 'R45' can not be imported. It has no component code and no default component for fixings is defined!&#xD;
 E3: Fixing 'R46' can not be imported. It has no component code and no default component for fixings is defined!&#xD;
 E3: Fixing 'R47' can not be imported. It has no component code and no default component for fixings is defined!&#xD;
 E3: Fixing 'R48' can not be imported. It has no component code and no default component for fixings is defined!&#xD;
 E3: Fixing 'R09' can not be imported. It has no component code and no default component for fixings is defined!&#xD;
 E3: Fixing 'R49' can not be imported. It has no component code and no default component for fixings is defined!&#xD;
 E3: Fixing 'R50' can not be imported. It has no component code and no default component for fixings is defined!&#xD;
 E3: Fixing 'R51' can not be imported. It has no component code and no default component for fixings is defined!&#xD;
 E3: Fixing 'R52' can not be imported. It has no component code and no default component for fixings is defined!&#xD;
 E3: Fixing 'R53' can not be imported. It has no component code and no default component for fixings is defined!&#xD;
 E3: Fixing 'R54' can not be imported. It has no component code and no default component for fixings is defined!&#xD;
 E3: Fixing 'R55' can not be imported. It has no component code and no default component for fixings is defined!&#xD;
 E3: Fixing 'R56' can not be imported. It has no component code and no default component for fixings is defined!&#xD;
 E3: Fixing 'R57' can not be imported. It has no component code and no default component for fixings is defined!&#xD;
 E3: Fixing 'R58' can not be imported. It has no component code and no default component for fixings is defined!&#xD;
 E3: Fixing 'R59' can not be imported. It has no component code and no default component for fixings is defined!&#xD;
 E3: Fixing 'R60' can not be imported. It has no component code and no default component for fixings is defined!&#xD;
 E3: Fixing 'R61' can not be imported. It has no component code and no default component for fixings is defined!&#xD;
 E3: Fixing 'R62' can not be imported. It has no component code and no default component for fixings is defined!&#xD;
 E3: Fixing 'R63' can not be imported. It has no component code and no default component for fixings is defined!&#xD;
 E3: Fixing 'R64' can not be imported. It has no component code and no default component for fixings is defined!&#xD;
 E3: Fixing 'R65' can not be imported. It has no component code and no default component for fixings is defined!&#xD;
 E3: Fixing 'R66' can not be imported. It has no component code and no default component for fixings is defined!&#xD;
 E3: Fixing 'R67' can not be imported. It has no component code and no default component for fixings is defined!&#xD;
 E3: Fixing 'R68' can not be imported. It has no component code and no default component for fixings is defined!&#xD;
 E3: Fixing 'R69' can not be imported. It has no component code and no default component for fixings is defined!&#xD;
 E3: Fixing '3M5T-14197-AA.1' can not be imported. It has no component code and no default component for fixings is defined!&#xD;
 E3: Fixing 'R70' can not be imported. It has no component code and no default component for fixings is defined!&#xD;
 E3: Fixing 'R71' can not be imported. It has no component code and no default component for fixings is defined!&#xD;
 E3: Fixing 'R72' can not be imported. It has no component code and no default component for fixings is defined!&#xD;
 E3: Fixing 'R73' can not be imported. It has no component code and no default component for fixings is defined!&#xD;
 E3: Fixing 'R74' can not be imported. It has no component code and no default component for fixings is defined!&#xD;
 E3: Fixing 'R75' can not be imported. It has no component code and no default component for fixings is defined!&#xD;
 E3: Fixing 'R76' can not be imported. It has no component code and no default component for fixings is defined!&#xD;
 E3: I - Formboard sheet 'FNA4164913_1' was created.&#xD;
 E3: I - Closing project 'Empty' without saving modifications...&#xD;
 E3: Project c:\appveyor\bin\E3.3DRoutingBridge\Mainline\E3.BridgeTest\TestFiles\Templates\temp.e3s created.&#xD;
 E3: I - Item Validation enabled&#xD;
 E3: I - Validating project&#xD;
 E3: I - Validation enabled for this project&#xD;
 E3: I - Closing project 'temp' without saving modifications...&#xD;
 E3: I - Opening Project  c:\appveyor\bin\E3.3DRoutingBridge\Mainline\E3.BridgeTest\TestFiles\Templates\Empty.e3s&#xD;
 E3: I - Updating internal structures: 200 cycles up to version 2505...&#xD;
 E3: 2305 &#xD;
 E3: 2306 &#xD;
 E3: 2307 &#xD;
 E3: 2308 &#xD;
 E3: 2309 &#xD;
 E3: 2310 &#xD;
 E3: 2311 &#xD;
 E3: 2312 &#xD;
 E3: 2399 &#xD;
 E3: 2400 &#xD;
 E3: 2401 &#xD;
 E3: 2402 &#xD;
 E3: 2403 &#xD;
 E3: 2404 &#xD;
 E3: 2405 &#xD;
 E3: 2406 &#xD;
 E3: 2407 &#xD;
 E3: 2408 &#xD;
 E3: 2499 &#xD;
 E3: 2500 &#xD;
 E3: 2501 &#xD;
 E3: 2502 &#xD;
 E3: 2503 &#xD;
 E3: 2504 &#xD;
 E3: OK.&#xD;
 E3: Project c:\appveyor\bin\E3.3DRoutingBridge\Mainline\E3.BridgeTest\TestFiles\Templates\Empty.e3s opened.&#xD;
 E3: W - Project has been opened in READ ONLY mode, you can't save any changes to the existing project!&#xD;
 E3: I - Item Validation enabled&#xD;
 E3: I - Validating project&#xD;
 E3: I - Validation enabled for this project&#xD;
 E3: repair_check_extended(0)&#xD;
 E3: --------------------------------------------------------------------------&#xD;
 E3: consistency check (17)....
&#xD;
 E3: ....
&#xD;
 E3: dump lost....
&#xD;
 E3: ....
&#xD;
 E3: new consistency check (45) and dump lost items (46)....
&#xD;
 E3: ....
&#xD;
 E3: - done -------------------------------------------------------------------
&#xD;
 E3: I - No known issues found&#xD;
 E3: Starting Harness Import import&#xD;
 E3: W - Component 9U5T-14489-VA not found in database !&#xD;
 E3: W - Cannot load Component '9U5T-14489-VA' from database - look in output window for details... &#xD;
 E3: E - Cannot create new device '9U5T-14489-VA.2' with component '9U5T-14489-VA'&#xD;
 E3: W - Component 9U5T-14489-AC not found in database !&#xD;
 E3: W - Cannot load Component '9U5T-14489-AC' from database - look in output window for details... &#xD;
 E3: E - Cannot create new device '9U5T-14489-AC.2' with component '9U5T-14489-AC'&#xD;
 E3: W - Component 9U5T-14489-MA not found in database !&#xD;
 E3: W - Cannot load Component '9U5T-14489-MA' from database - look in output window for details... &#xD;
 E3: E - Cannot create new device '9U5T-14489-MA.1' with component '9U5T-14489-MA'&#xD;
 E3: W - Component DG1T-14463-AA not found in database !&#xD;
 E3: W - Cannot load Component 'DG1T-14463-AA' from database - look in output window for details... &#xD;
 E3: E - Cannot create new device 'DG1T-14463-AA.2' with component 'DG1T-14463-AA'&#xD;
 E3: W - Component DG1T-14463-AA not found in database !&#xD;
 E3: W - Cannot load Component 'DG1T-14463-AA' from database - look in output window for details... &#xD;
 E3: E - Cannot create new device 'DG1T-14463-AA.4' with component 'DG1T-14463-AA'&#xD;
 E3: W - Component 8U5T-14489-CA not found in database !&#xD;
 E3: W - Cannot load Component '8U5T-14489-CA' from database - look in output window for details... &#xD;
 E3: E - Cannot create new device '8U5T-14489-CA.1' with component '8U5T-14489-CA'&#xD;
 E3: W - Component 9U5T-14489-AC not found in database !&#xD;
 E3: W - Cannot load Component '9U5T-14489-AC' from database - look in output window for details... &#xD;
 E3: E - Cannot create new device 'C23-CLF 14A005 INLINE' with component '9U5T-14489-AC'&#xD;
 E3: W - Component 9U5T-14489-VA not found in database !&#xD;
 E3: W - Cannot load Component '9U5T-14489-VA' from database - look in output window for details... &#xD;
 E3: E - Cannot create new device 'C21-ALF 14290 INLINE' with component '9U5T-14489-VA'&#xD;
 E3: W - Component GU5T-14489-LA not found in database !&#xD;
 E3: W - Cannot load Component 'GU5T-14489-LA' from database - look in output window for details... &#xD;
 E3: E - Cannot create new device 'CXXXXX7 HEAD LAMP CONTROL' with component 'GU5T-14489-LA'&#xD;
 E3: W - Component DU5T-14489-SA not found in database !&#xD;
 E3: W - Cannot load Component 'DU5T-14489-SA' from database - look in output window for details... &#xD;
 E3: E - Cannot create new device 'C2H206-A RECIRCULATION DOOR MOTOR HVAC CHINA' with component 'DU5T-14489-SA'&#xD;
 E3: W - Component 4L3T-14489-EB not found in database !&#xD;
 E3: W - Cannot load Component '4L3T-14489-EB' from database - look in output window for details... &#xD;
 E3: E - Cannot create new device 'C2H206-A RECIRCULATION DOOR MOTOR HVAC MKC NA' with component '4L3T-14489-EB'&#xD;
 E3: W - Component DU5T-14A459-BB not found in database !&#xD;
 E3: W - Cannot load Component 'DU5T-14A459-BB' from database - look in output window for details... &#xD;
 E3: E - Cannot create new device 'C29-A LH INLINE 14335 HEADLINER.1' with component 'DU5T-14A459-BB'&#xD;
 E3: W - Component 2L1T-14A624-PA not found in database !&#xD;
 E3: W - Cannot load Component '2L1T-14A624-PA' from database - look in output window for details... &#xD;
 E3: E - Cannot create new device 'C29-B LH INLINE 14335 HEADLINER.1' with component '2L1T-14A624-PA'&#xD;
 E3: W - Component 2L1T-14A624-PA not found in database !&#xD;
 E3: W - Cannot load Component '2L1T-14A624-PA' from database - look in output window for details... &#xD;
 E3: E - Cannot create new device 'C29-B RH INLINE 14335 HEADLINER' with component '2L1T-14A624-PA'&#xD;
 E3: W - Component DU5T-14A459-BB not found in database !&#xD;
 E3: W - Cannot load Component 'DU5T-14A459-BB' from database - look in output window for details... &#xD;
 E3: E - Cannot create new device 'C29-A RH INLINE 14335 HEADLINER' with component 'DU5T-14A459-BB'&#xD;
 E3: W - Component HU5T-14489-KC not found in database !&#xD;
 E3: W - Cannot load Component 'HU5T-14489-KC' from database - look in output window for details... &#xD;
 E3: E - Cannot create new device 'C2AM02-D BODY CONTROL MODULE CONNECTOR' with component 'HU5T-14489-KC'&#xD;
 E3: W - Component CU5T-14A464-AC not found in database !&#xD;
 E3: W - Cannot load Component 'CU5T-14A464-AC' from database - look in output window for details... &#xD;
 E3: E - Cannot create new device 'CU5T-14A464-AC.1' with component 'CU5T-14A464-AC'&#xD;
 E3: W - Component 5W1T-14A624-AA not found in database !&#xD;
 E3: W - Cannot load Component '5W1T-14A624-AA' from database - look in output window for details... &#xD;
 E3: E - Cannot create new device 'AMBIENT LIGHT' with component '5W1T-14A624-AA'&#xD;
 E3: W - Component GU5T-14489-LA not found in database !&#xD;
 E3: W - Cannot load Component 'GU5T-14489-LA' from database - look in output window for details... &#xD;
 E3: E - Cannot create new device 'CXXXXX7 NEED DESCRIPTION' with component 'GU5T-14489-LA'&#xD;
 E3: W - Component 2L2T-14A464-BA not found in database !&#xD;
 E3: W - Cannot load Component '2L2T-14A464-BA' from database - look in output window for details... &#xD;
 E3: E - Cannot create new device 'C2H408-A DRVR-FRT-FLR-DISCHARGE SNS1' with component '2L2T-14A464-BA'&#xD;
 E3: W - Component 3W4T-14A464-XA not found in database !&#xD;
 E3: W - Cannot load Component '3W4T-14A464-XA' from database - look in output window for details... &#xD;
 E3: E - Cannot create new device 'CXXXXX12 MODULE TELEMATIC CONTROL UNIT' with component '3W4T-14A464-XA'&#xD;
 E3: W - Component 9U5T-14489-CBA not found in database !&#xD;
 E3: W - Cannot load Component '9U5T-14489-CBA' from database - look in output window for details... &#xD;
 E3: E - Cannot create new device 'CXXXXX13 MODULE TELEMATIC CONTROL UNIT' with component '9U5T-14489-CBA'&#xD;
 E3: W - Component FU5T-19C042-AB not found in database !&#xD;
 E3: W - Cannot load Component 'FU5T-19C042-AB' from database - look in output window for details... &#xD;
 E3: E - Cannot create new device 'CXXXXX14 EMBEDDED MODEM CONNECTOR 3' with component 'FU5T-19C042-AB'&#xD;
 E3: W - Component DU5T-19C042-EB not found in database !&#xD;
 E3: W - Cannot load Component 'DU5T-19C042-EB' from database - look in output window for details... &#xD;
 E3: E - Cannot create new device 'CXXXXX15 MODULE TELEMATIC CONTROL UNIT' with component 'DU5T-19C042-EB'&#xD;
 E3: W - Component CU5T-14489-AAA not found in database !&#xD;
 E3: W - Cannot load Component 'CU5T-14489-AAA' from database - look in output window for details... &#xD;
 E3: E - Cannot create new device 'C2HP04 HTR-PTC 1200W.1' with component 'CU5T-14489-AAA'&#xD;
 E3: W - Component 9U5T-14489-PA not found in database !&#xD;
 E3: W - Cannot load Component '9U5T-14489-PA' from database - look in output window for details... &#xD;
 E3: E - Cannot create new device 'C2H105-A CLIMATE CONTROL MODULE.1' with component '9U5T-14489-PA'&#xD;
 E3: W - Component 9U5T-14489-ZA not found in database !&#xD;
 E3: W - Cannot load Component '9U5T-14489-ZA' from database - look in output window for details... &#xD;
 E3: E - Cannot create new device 'C2H105-B CLIMATE CONTROL MODULE.1' with component '9U5T-14489-ZA'&#xD;
 E3: W - Component 9U5T-14489-AAB not found in database !&#xD;
 E3: W - Cannot load Component '9U5T-14489-AAB' from database - look in output window for details... &#xD;
 E3: E - Cannot create new device '9U5T-14489-AAB.1' with component '9U5T-14489-AAB'&#xD;
 E3: W - Component 4L3T-14A464-MA not found in database !&#xD;
 E3: W - Cannot load Component '4L3T-14A464-MA' from database - look in output window for details... &#xD;
 E3: E - Cannot create new device '4L3T-14A464-M_PIA1_2.1' with component '4L3T-14A464-MA'&#xD;
 E3: W - Component 1W8T-14489-AB not found in database !&#xD;
 E3: W - Cannot load Component '1W8T-14489-AB' from database - look in output window for details... &#xD;
 E3: E - Cannot create new device 'FRONT CONTROLS INTERFACE' with component '1W8T-14489-AB'&#xD;
 E3: W - Component 5W1T-14A624-AA not found in database !&#xD;
 E3: W - Cannot load Component '5W1T-14A624-AA' from database - look in output window for details... &#xD;
 E3: E - Cannot create new device '5W1T-14A624-AA.1' with component '5W1T-14A624-AA'&#xD;
 E3: W - Component 4S7T-14489-VAA not found in database !&#xD;
 E3: W - Cannot load Component '4S7T-14489-VAA' from database - look in output window for details... &#xD;
 E3: E - Cannot create new device 'C2H406-A SNS ACET THERMISTOR.1' with component '4S7T-14489-VAA'&#xD;
 E3: W - Component 4S7T-14489-VDA not found in database !&#xD;
 E3: W - Cannot load Component '4S7T-14489-VDA' from database - look in output window for details... &#xD;
 E3: E - Cannot create new device 'CX_MOTOR_ST_CL' with component '4S7T-14489-VDA'&#xD;
 E3: W - Component 4S7T-14489-VFA not found in database !&#xD;
 E3: W - Cannot load Component '4S7T-14489-VFA' from database - look in output window for details... &#xD;
 E3: E - Cannot create new device 'CX_SWING_BRACKET' with component '4S7T-14489-VFA'&#xD;
 E3: W - Component GU5T-14463-FAA not found in database !&#xD;
 E3: W - Cannot load Component 'GU5T-14463-FAA' from database - look in output window for details... &#xD;
 E3: E - Cannot create new device 'G2D214 GROUND' with component 'GU5T-14463-FAA'&#xD;
 E3: W - Component 1W1T-14A464-BB not found in database !&#xD;
 E3: W - Cannot load Component '1W1T-14A464-BB' from database - look in output window for details... &#xD;
 E3: E - Cannot create new device '1W1T-14A464-B_PIA1_8.1' with component '1W1T-14A464-BB'&#xD;
 E3: W - Component 2L7T-14489-AB not found in database !&#xD;
 E3: W - Cannot load Component '2L7T-14489-AB' from database - look in output window for details... &#xD;
 E3: E - Cannot create new device 'CX2_SWITCH_MULTI_FUNCTION_ST_CL' with component '2L7T-14489-AB'&#xD;
 E3: W - Component 7M5T-14489-BA not found in database !&#xD;
 E3: W - Cannot load Component '7M5T-14489-BA' from database - look in output window for details... &#xD;
 E3: E - Cannot create new device 'MECHANISM STEERING COLUMN' with component '7M5T-14489-BA'&#xD;
 E3: W - Component 4S7T-14489-VCA not found in database !&#xD;
 E3: W - Cannot load Component '4S7T-14489-VCA' from database - look in output window for details... &#xD;
 E3: E - Cannot create new device 'C2CS05-A EPAS 1' with component '4S7T-14489-VCA'&#xD;
 E3: W - Component AV6T-14A459-AA not found in database !&#xD;
 E3: W - Cannot load Component 'AV6T-14A459-AA' from database - look in output window for details... &#xD;
 E3: E - Cannot create new device 'C33-E 14401/14B079 INLINE.1' with component 'AV6T-14A459-AA'&#xD;
 E3: W - Component 2L2T-14A464-BA not found in database !&#xD;
 E3: W - Cannot load Component '2L2T-14A464-BA' from database - look in output window for details... &#xD;
 E3: E - Cannot create new device 'CXXXX Unkown Need INFO.1' with component '2L2T-14A464-BA'&#xD;
 E3: W - Component DG1T-14463-AA not found in database !&#xD;
 E3: W - Cannot load Component 'DG1T-14463-AA' from database - look in output window for details... &#xD;
 E3: E - Cannot create new device 'G2D284 PTC GROUND' with component 'DG1T-14463-AA'&#xD;
 E3: W - Component DG1T-14463-AA not found in database !&#xD;
 E3: W - Cannot load Component 'DG1T-14463-AA' from database - look in output window for details... &#xD;
 E3: E - Cannot create new device 'GD215 GROUND AUDIO' with component 'DG1T-14463-AA'&#xD;
 E3: W - Component 97BG-14A624-RBA not found in database !&#xD;
 E3: W - Cannot load Component '97BG-14A624-RBA' from database - look in output window for details... &#xD;
 E3: E - Cannot create new device 'CHINA INLINE' with component '97BG-14A624-RBA'&#xD;
 E3: W - Component 5C2T-14A464-CA not found in database !&#xD;
 E3: W - Cannot load Component '5C2T-14A464-CA' from database - look in output window for details... &#xD;
 E3: E - Cannot create new device '5C2T-14A464-C_PIA01_1.1' with component '5C2T-14A464-CA'&#xD;
 E3: W - Component 6G9T-14489-AHB not found in database !&#xD;
 E3: W - Cannot load Component '6G9T-14489-AHB' from database - look in output window for details... &#xD;
 E3: E - Cannot create new device '6G9T-14489-AHB.1' with component '6G9T-14489-AHB'&#xD;
 E3: W - Component FU5T-14489-AAA not found in database !&#xD;
 E3: W - Cannot load Component 'FU5T-14489-AAA' from database - look in output window for details... &#xD;
 E3: E - Cannot create new device 'C2ET76 PSH BUTTON ESHIFTER' with component 'FU5T-14489-AAA'&#xD;
 E3: W - Component 9U5T-14489-TA not found in database !&#xD;
 E3: W - Cannot load Component '9U5T-14489-TA' from database - look in output window for details... &#xD;
 E3: E - Cannot create new device 'C2ME46-A SYNC GEN2' with component '9U5T-14489-TA'&#xD;
 E3: W - Component BU5T-14489-AA not found in database !&#xD;
 E3: W - Cannot load Component 'BU5T-14489-AA' from database - look in output window for details... &#xD;
 E3: E - Cannot create new device 'BU5T-14489-A_PIA01_1.1' with component 'BU5T-14489-AA'&#xD;
 E3: W - Component CU5T-14489-HA not found in database !&#xD;
 E3: W - Cannot load Component 'CU5T-14489-HA' from database - look in output window for details... &#xD;
 E3: E - Cannot create new device 'C2MC01 INSTRUMENT CLUSTER CONNECTOR.1' with component 'CU5T-14489-HA'&#xD;
 E3: W - Component 5L8T-14489-JB not found in database !&#xD;
 E3: W - Cannot load Component '5L8T-14489-JB' from database - look in output window for details... &#xD;
 E3: E - Cannot create new device 'C2PK34 PUSH TO START SWITCH CONNECTOR' with component '5L8T-14489-JB'&#xD;
 E3: W - Component 4W1T-14A464-FA not found in database !&#xD;
 E3: W - Cannot load Component '4W1T-14A464-FA' from database - look in output window for details... &#xD;
 E3: E - Cannot create new device '4W1T-14A464-F_PIA1_1.1' with component '4W1T-14A464-FA'&#xD;
 E3: W - Component 2L2T-14A464-CA not found in database !&#xD;
 E3: W - Cannot load Component '2L2T-14A464-CA' from database - look in output window for details... &#xD;
 E3: E - Cannot create new device '2L2T-14A464-CA.1' with component '2L2T-14A464-CA'&#xD;
 E3: W - Component 2L2T-14A464-BA not found in database !&#xD;
 E3: W - Cannot load Component '2L2T-14A464-BA' from database - look in output window for details... &#xD;
 E3: E - Cannot create new device 'C2H452-A DRIVER FRT PNL DISCHARGE SNS2.1' with component '2L2T-14A464-BA'&#xD;
 E3: W - Component 2L2T-14A464-BA not found in database !&#xD;
 E3: W - Cannot load Component '2L2T-14A464-BA' from database - look in output window for details... &#xD;
 E3: E - Cannot create new device 'C2H452-B PSGR-FRT-PNL-DISCHARGE SNS2.1' with component '2L2T-14A464-BA'&#xD;
 E3: W - Component DU5T-14489-MA not found in database !&#xD;
 E3: W - Cannot load Component 'DU5T-14489-MA' from database - look in output window for details... &#xD;
 E3: E - Cannot create new device 'DU5T-14489-MA.4' with component 'DU5T-14489-MA'&#xD;
 E3: W - Component DU5T-14489-MA not found in database !&#xD;
 E3: W - Cannot load Component 'DU5T-14489-MA' from database - look in output window for details... &#xD;
 E3: E - Cannot create new device 'C2H437-A HVAC DRV ACTUATOR MKC.1' with component 'DU5T-14489-MA'&#xD;
 E3: W - Component 2L2T-14A464-BA not found in database !&#xD;
 E3: W - Cannot load Component '2L2T-14A464-BA' from database - look in output window for details... &#xD;
 E3: E - Cannot create new device 'C2H408-B PSGR-FRT-FLR DISCHARGE SNS1.1' with component '2L2T-14A464-BA'&#xD;
 E3: W - Component 5W1T-14A624-AA not found in database !&#xD;
 E3: W - Cannot load Component '5W1T-14A624-AA' from database - look in output window for details... &#xD;
 E3: E - Cannot create new device 'FOOTWELL AMBIENT LIGHT RHS PROP' with component '5W1T-14A624-AA'&#xD;
 E3: W - Component 5L8T-14A464-DA not found in database !&#xD;
 E3: W - Cannot load Component '5L8T-14A464-DA' from database - look in output window for details... &#xD;
 E3: E - Cannot create new device 'C2H415 AUTOLAMP SUNLOAD SENSOR.1' with component '5L8T-14A464-DA'&#xD;
 E3: W - Component 4L3T-14A464-LA not found in database !&#xD;
 E3: W - Cannot load Component '4L3T-14A464-LA' from database - look in output window for details... &#xD;
 E3: E - Cannot create new device 'CXXXX AMBIENT LIGHT SENSOR.1' with component '4L3T-14A464-LA'&#xD;
 E3: W - Component AU5T-14A464-PA not found in database !&#xD;
 E3: W - Cannot load Component 'AU5T-14A464-PA' from database - look in output window for details... &#xD;
 E3: E - Cannot create new device 'Primary 10 Speaker (IDBAH).1' with component 'AU5T-14A464-PA'&#xD;
 E3: W - Component 4L3T-14A464-LA not found in database !&#xD;
 E3: W - Cannot load Component '4L3T-14A464-LA' from database - look in output window for details... &#xD;
 E3: E - Cannot create new device '13 Speaker (IDBBH)' with component '4L3T-14A464-LA'&#xD;
 E3: W - Component 4S7T-14489-YJA not found in database !&#xD;
 E3: W - Cannot load Component '4S7T-14489-YJA' from database - look in output window for details... &#xD;
 E3: E - Cannot create new device 'C2YA01 AC INVERTER 180402' with component '4S7T-14489-YJA'&#xD;
 E3: W - Component 4W1T-14A464-BA not found in database !&#xD;
 E3: W - Cannot load Component '4W1T-14A464-BA' from database - look in output window for details... &#xD;
 E3: E - Cannot create new device 'EXTEND POWER 191001' with component '4W1T-14A464-BA'&#xD;
 E3: W - Component AU5T-19C041-SAB not found in database !&#xD;
 E3: W - Cannot load Component 'AU5T-19C041-SAB' from database - look in output window for details... &#xD;
 E3: E - Cannot create new device 'AU5T-19C041-SAB.1' with component 'AU5T-19C041-SAB'&#xD;
 E3: W - Component BU5T-19C041-AMA not found in database !&#xD;
 E3: W - Cannot load Component 'BU5T-19C041-AMA' from database - look in output window for details... &#xD;
 E3: E - Cannot create new device 'BU5T-19C041-AM_1.1' with component 'BU5T-19C041-AMA'&#xD;
 E3: W - Component 9U5T-14N003-BC not found in database !&#xD;
 E3: W - Cannot load Component '9U5T-14N003-BC' from database - look in output window for details... &#xD;
 E3: E - Cannot create new device '9U5T-14N003-BC.1' with component '9U5T-14N003-BC'&#xD;
 E3: W - Component HU5T-14N003-AC not found in database !&#xD;
 E3: W - Cannot load Component 'HU5T-14N003-AC' from database - look in output window for details... &#xD;
 E3: E - Cannot create new device 'BODY CONTROL MODULE CONNECTOR COVER' with component 'HU5T-14N003-AC'&#xD;
 E3: W - Component FU5T-14N003-PB not found in database !&#xD;
 E3: W - Cannot load Component 'FU5T-14N003-PB' from database - look in output window for details... &#xD;
 E3: E - Cannot create new device 'COVER C2HP04 HTRC-PTC.1' with component 'FU5T-14N003-PB'&#xD;
 E3: Splice 'N06' can not be imported. It has no component code and no default component for splices is defined!&#xD;
 E3: Splice 'N07' can not be imported. It has no component code and no default component for splices is defined!&#xD;
 E3: Splice 'N10' can not be imported. It has no component code and no default component for splices is defined!&#xD;
 E3: Splice 'N08' can not be imported. It has no component code and no default component for splices is defined!&#xD;
 E3: Splice 'N09' can not be imported. It has no component code and no default component for splices is defined!&#xD;
 E3: Splice 'N01' can not be imported. It has no component code and no default component for splices is defined!&#xD;
 E3: Splice 'N02' can not be imported. It has no component code and no default component for splices is defined!&#xD;
 E3: Splice 'N03' can not be imported. It has no component code and no default component for splices is defined!&#xD;
 E3: Splice 'N04' can not be imported. It has no component code and no default component for splices is defined!&#xD;
 E3: Splice 'N14' can not be imported. It has no component code and no default component for splices is defined!&#xD;
 E3: Splice 'N13' can not be imported. It has no component code and no default component for splices is defined!&#xD;
 E3: Splice 'N05' can not be imported. It has no component code and no default component for splices is defined!&#xD;
 E3: Splice 'N11' can not be imported. It has no component code and no default component for splices is defined!&#xD;
 E3: Splice 'N15' can not be imported. It has no component code and no default component for splices is defined!&#xD;
 E3: Splice 'N16' can not be imported. It has no component code and no default component for splices is defined!&#xD;
 E3: Splice 'N17' can not be imported. It has no component code and no default component for splices is defined!&#xD;
 E3: Splice 'N18' can not be imported. It has no component code and no default component for splices is defined!&#xD;
 E3: Splice 'N20' can not be imported. It has no component code and no default component for splices is defined!&#xD;
 E3: Splice 'N19' can not be imported. It has no component code and no default component for splices is defined!&#xD;
 E3: Splice 'N21' can not be imported. It has no component code and no default component for splices is defined!&#xD;
 E3: Splice 'N22' can not be imported. It has no component code and no default component for splices is defined!&#xD;
 E3: Splice 'N23' can not be imported. It has no component code and no default component for splices is defined!&#xD;
 E3: Splice 'N24' can not be imported. It has no component code and no default component for splices is defined!&#xD;
 E3: Splice 'N25' can not be imported. It has no component code and no default component for splices is defined!&#xD;
 E3: Splice 'N26' can not be imported. It has no component code and no default component for splices is defined!&#xD;
 E3: Splice 'N27' can not be imported. It has no component code and no default component for splices is defined!&#xD;
 E3: Splice 'N28' can not be imported. It has no component code and no default component for splices is defined!&#xD;
 E3: Splice 'N29' can not be imported. It has no component code and no default component for splices is defined!&#xD;
 E3: Splice 'N30' can not be imported. It has no component code and no default component for splices is defined!&#xD;
 E3: Splice 'N31' can not be imported. It has no component code and no default component for splices is defined!&#xD;
 E3: Splice 'N32' can not be imported. It has no component code and no default component for splices is defined!&#xD;
 E3: Splice 'N33' can not be imported. It has no component code and no default component for splices is defined!&#xD;
 E3: Splice 'N37' can not be imported. It has no component code and no default component for splices is defined!&#xD;
 E3: Splice 'N34' can not be imported. It has no component code and no default component for splices is defined!&#xD;
 E3: Splice 'N35' can not be imported. It has no component code and no default component for splices is defined!&#xD;
 E3: Splice 'N36' can not be imported. It has no component code and no default component for splices is defined!&#xD;
 E3: Splice 'N38' can not be imported. It has no component code and no default component for splices is defined!&#xD;
 E3: Splice 'N39' can not be imported. It has no component code and no default component for splices is defined!&#xD;
 E3: Splice 'N40' can not be imported. It has no component code and no default component for splices is defined!&#xD;
 E3: Splice 'N41' can not be imported. It has no component code and no default component for splices is defined!&#xD;
 E3: Splice 'N42' can not be imported. It has no component code and no default component for splices is defined!&#xD;
 E3: Splice 'N43' can not be imported. It has no component code and no default component for splices is defined!&#xD;
 E3: Splice 'N12' can not be imported. It has no component code and no default component for splices is defined!&#xD;
 E3: Splice 'N44' can not be imported. It has no component code and no default component for splices is defined!&#xD;
 E3: Splice 'N45' can not be imported. It has no component code and no default component for splices is defined!&#xD;
 E3: Splice 'N46' can not be imported. It has no component code and no default component for splices is defined!&#xD;
 E3: Splice 'N47' can not be imported. It has no component code and no default component for splices is defined!&#xD;
 E3: Splice 'N48' can not be imported. It has no component code and no default component for splices is defined!&#xD;
 E3: Splice 'N49' can not be imported. It has no component code and no default component for splices is defined!&#xD;
 E3: Splice 'N50' can not be imported. It has no component code and no default component for splices is defined!&#xD;
 E3: Splice 'N51' can not be imported. It has no component code and no default component for splices is defined!&#xD;
 E3: Splice 'N52' can not be imported. It has no component code and no default component for splices is defined!&#xD;
 E3: Splice 'N53' can not be imported. It has no component code and no default component for splices is defined!&#xD;
 E3: Splice 'N54' can not be imported. It has no component code and no default component for splices is defined!&#xD;
 E3: Splice 'N06' can not be imported. It has no component code and no default component for splices is defined!&#xD;
 E3: Splice 'N07' can not be imported. It has no component code and no default component for splices is defined!&#xD;
 E3: Splice 'N10' can not be imported. It has no component code and no default component for splices is defined!&#xD;
 E3: Splice 'N08' can not be imported. It has no component code and no default component for splices is defined!&#xD;
 E3: Splice 'N09' can not be imported. It has no component code and no default component for splices is defined!&#xD;
 E3: Splice 'N01' can not be imported. It has no component code and no default component for splices is defined!&#xD;
 E3: Splice 'N02' can not be imported. It has no component code and no default component for splices is defined!&#xD;
 E3: Splice 'N03' can not be imported. It has no component code and no default component for splices is defined!&#xD;
 E3: Splice 'N04' can not be imported. It has no component code and no default component for splices is defined!&#xD;
 E3: Splice 'N14' can not be imported. It has no component code and no default component for splices is defined!&#xD;
 E3: Splice 'N13' can not be imported. It has no component code and no default component for splices is defined!&#xD;
 E3: Splice 'N05' can not be imported. It has no component code and no default component for splices is defined!&#xD;
 E3: Splice 'N11' can not be imported. It has no component code and no default component for splices is defined!&#xD;
 E3: Splice 'N15' can not be imported. It has no component code and no default component for splices is defined!&#xD;
 E3: Splice 'N16' can not be imported. It has no component code and no default component for splices is defined!&#xD;
 E3: Splice 'N17' can not be imported. It has no component code and no default component for splices is defined!&#xD;
 E3: Splice 'N18' can not be imported. It has no component code and no default component for splices is defined!&#xD;
 E3: Splice 'N20' can not be imported. It has no component code and no default component for splices is defined!&#xD;
 E3: Splice 'N19' can not be imported. It has no component code and no default component for splices is defined!&#xD;
 E3: Splice 'N21' can not be imported. It has no component code and no default component for splices is defined!&#xD;
 E3: Splice 'N22' can not be imported. It has no component code and no default component for splices is defined!&#xD;
 E3: Splice 'N23' can not be imported. It has no component code and no default component for splices is defined!&#xD;
 E3: Splice 'N24' can not be imported. It has no component code and no default component for splices is defined!&#xD;
 E3: Splice 'N25' can not be imported. It has no component code and no default component for splices is defined!&#xD;
 E3: Splice 'N26' can not be imported. It has no component code and no default component for splices is defined!&#xD;
 E3: Splice 'N27' can not be imported. It has no component code and no default component for splices is defined!&#xD;
 E3: Splice 'N28' can not be imported. It has no component code and no default component for splices is defined!&#xD;
 E3: Splice 'N29' can not be imported. It has no component code and no default component for splices is defined!&#xD;
 E3: Splice 'N30' can not be imported. It has no component code and no default component for splices is defined!&#xD;
 E3: Splice 'N31' can not be imported. It has no component code and no default component for splices is defined!&#xD;
 E3: Splice 'N32' can not be imported. It has no component code and no default component for splices is defined!&#xD;
 E3: Splice 'N33' can not be imported. It has no component code and no default component for splices is defined!&#xD;
 E3: Splice 'N37' can not be imported. It has no component code and no default component for splices is defined!&#xD;
 E3: Splice 'N34' can not be imported. It has no component code and no default component for splices is defined!&#xD;
 E3: Splice 'N35' can not be imported. It has no component code and no default component for splices is defined!&#xD;
 E3: Splice 'N36' can not be imported. It has no component code and no default component for splices is defined!&#xD;
 E3: Splice 'N38' can not be imported. It has no component code and no default component for splices is defined!&#xD;
 E3: Splice 'N39' can not be imported. It has no component code and no default component for splices is defined!&#xD;
 E3: Splice 'N40' can not be imported. It has no component code and no default component for splices is defined!&#xD;
 E3: Splice 'N41' can not be imported. It has no component code and no default component for splices is defined!&#xD;
 E3: Splice 'N42' can not be imported. It has no component code and no default component for splices is defined!&#xD;
 E3: Splice 'N43' can not be imported. It has no component code and no default component for splices is defined!&#xD;
 E3: Splice 'N12' can not be imported. It has no component code and no default component for splices is defined!&#xD;
 E3: Splice 'N44' can not be imported. It has no component code and no default component for splices is defined!&#xD;
 E3: Splice 'N45' can not be imported. It has no component code and no default component for splices is defined!&#xD;
 E3: Splice 'N46' can not be imported. It has no component code and no default component for splices is defined!&#xD;
 E3: Splice 'N47' can not be imported. It has no component code and no default component for splices is defined!&#xD;
 E3: Splice 'N48' can not be imported. It has no component code and no default component for splices is defined!&#xD;
 E3: Splice 'N49' can not be imported. It has no component code and no default component for splices is defined!&#xD;
 E3: Splice 'N50' can not be imported. It has no component code and no default component for splices is defined!&#xD;
 E3: Splice 'N51' can not be imported. It has no component code and no default component for splices is defined!&#xD;
 E3: Splice 'N52' can not be imported. It has no component code and no default component for splices is defined!&#xD;
 E3: Splice 'N53' can not be imported. It has no component code and no default component for splices is defined!&#xD;
 E3: Splice 'N54' can not be imported. It has no component code and no default component for splices is defined!&#xD;
 E3: Fixing '8C3T-14A163-CA.1' can not be imported. It has no component code and no default component for fixings is defined!&#xD;
 E3: Fixing 'R01' can not be imported. It has no component code and no default component for fixings is defined!&#xD;
 E3: Fixing 'R02' can not be imported. It has no component code and no default component for fixings is defined!&#xD;
 E3: Fixing 'R03' can not be imported. It has no component code and no default component for fixings is defined!&#xD;
 E3: Fixing 'R04' can not be imported. It has no component code and no default component for fixings is defined!&#xD;
 E3: Fixing 'R05' can not be imported. It has no component code and no default component for fixings is defined!&#xD;
 E3: Fixing 'R06' can not be imported. It has no component code and no default component for fixings is defined!&#xD;
 E3: Fixing 'R07' can not be imported. It has no component code and no default component for fixings is defined!&#xD;
 E3: Fixing 'R10' can not be imported. It has no component code and no default component for fixings is defined!&#xD;
 E3: Fixing 'R11' can not be imported. It has no component code and no default component for fixings is defined!&#xD;
 E3: Fixing 'R12' can not be imported. It has no component code and no default component for fixings is defined!&#xD;
 E3: Fixing 'R14' can not be imported. It has no component code and no default component for fixings is defined!&#xD;
 E3: Fixing 'R15' can not be imported. It has no component code and no default component for fixings is defined!&#xD;
 E3: Fixing 'R16' can not be imported. It has no component code and no default component for fixings is defined!&#xD;
 E3: Fixing 'R17' can not be imported. It has no component code and no default component for fixings is defined!&#xD;
 E3: Fixing 'R18' can not be imported. It has no component code and no default component for fixings is defined!&#xD;
 E3: Fixing 'R19' can not be imported. It has no component code and no default component for fixings is defined!&#xD;
 E3: Fixing 'R20' can not be imported. It has no component code and no default component for fixings is defined!&#xD;
 E3: Fixing 'R21' can not be imported. It has no component code and no default component for fixings is defined!&#xD;
 E3: Fixing 'R22' can not be imported. It has no component code and no default component for fixings is defined!&#xD;
 E3: Fixing 'R23' can not be imported. It has no component code and no default component for fixings is defined!&#xD;
 E3: Fixing 'R24' can not be imported. It has no component code and no default component for fixings is defined!&#xD;
 E3: Fixing 'R25' can not be imported. It has no component code and no default component for fixings is defined!&#xD;
 E3: Fixing 'R26' can not be imported. It has no component code and no default component for fixings is defined!&#xD;
 E3: Fixing 'R27' can not be imported. It has no component code and no default component for fixings is defined!&#xD;
 E3: Fixing 'R28' can not be imported. It has no component code and no default component for fixings is defined!&#xD;
 E3: Fixing 'R29' can not be imported. It has no component code and no default component for fixings is defined!&#xD;
 E3: Fixing 'R30' can not be imported. It has no component code and no default component for fixings is defined!&#xD;
 E3: Fixing 'R31' can not be imported. It has no component code and no default component for fixings is defined!&#xD;
 E3: Fixing 'R32' can not be imported. It has no component code and no default component for fixings is defined!&#xD;
 E3: Fixing 'R33' can not be imported. It has no component code and no default component for fixings is defined!&#xD;
 E3: Fixing 'R34' can not be imported. It has no component code and no default component for fixings is defined!&#xD;
 E3: Fixing 'R35' can not be imported. It has no component code and no default component for fixings is defined!&#xD;
 E3: Fixing 'R36' can not be imported. It has no component code and no default component for fixings is defined!&#xD;
 E3: Fixing 'R37' can not be imported. It has no component code and no default component for fixings is defined!&#xD;
 E3: Fixing 'R38' can not be imported. It has no component code and no default component for fixings is defined!&#xD;
 E3: Fixing 'R39' can not be imported. It has no component code and no default component for fixings is defined!&#xD;
 E3: Fixing 'R40' can not be imported. It has no component code and no default component for fixings is defined!&#xD;
 E3: Fixing '8U5T-14E047-HA.6' can not be imported. It has no component code and no default component for fixings is defined!&#xD;
 E3: Fixing '8U5T-14E047-HA.7' can not be imported. It has no component code and no default component for fixings is defined!&#xD;
 E3: Fixing 'R41' can not be imported. It has no component code and no default component for fixings is defined!&#xD;
 E3: Fixing 'R42' can not be imported. It has no component code and no default component for fixings is defined!&#xD;
 E3: Fixing 'R43_1' can not be imported. It has no component code and no default component for fixings is defined!&#xD;
 E3: Fixing 'R43_B' can not be imported. It has no component code and no default component for fixings is defined!&#xD;
 E3: Fixing 'R44' can not be imported. It has no component code and no default component for fixings is defined!&#xD;
 E3: Fixing 'R45' can not be imported. It has no component code and no default component for fixings is defined!&#xD;
 E3: Fixing 'R46' can not be imported. It has no component code and no default component for fixings is defined!&#xD;
 E3: Fixing 'R47' can not be imported. It has no component code and no default component for fixings is defined!&#xD;
 E3: Fixing 'R48' can not be imported. It has no component code and no default component for fixings is defined!&#xD;
 E3: Fixing 'R09' can not be imported. It has no component code and no default component for fixings is defined!&#xD;
 E3: Fixing 'R49' can not be imported. It has no component code and no default component for fixings is defined!&#xD;
 E3: Fixing 'R50' can not be imported. It has no component code and no default component for fixings is defined!&#xD;
 E3: Fixing 'R51' can not be imported. It has no component code and no default component for fixings is defined!&#xD;
 E3: Fixing 'R52' can not be imported. It has no component code and no default component for fixings is defined!&#xD;
 E3: Fixing 'R53' can not be imported. It has no component code and no default component for fixings is defined!&#xD;
 E3: Fixing 'R54' can not be imported. It has no component code and no default component for fixings is defined!&#xD;
 E3: Fixing 'R55' can not be imported. It has no component code and no default component for fixings is defined!&#xD;
 E3: Fixing 'R56' can not be imported. It has no component code and no default component for fixings is defined!&#xD;
 E3: Fixing 'R57' can not be imported. It has no component code and no default component for fixings is defined!&#xD;
 E3: Fixing 'R58' can not be imported. It has no component code and no default component for fixings is defined!&#xD;
 E3: Fixing 'R59' can not be imported. It has no component code and no default component for fixings is defined!&#xD;
 E3: Fixing 'R60' can not be imported. It has no component code and no default component for fixings is defined!&#xD;
 E3: Fixing 'R61' can not be imported. It has no component code and no default component for fixings is defined!&#xD;
 E3: Fixing 'R62' can not be imported. It has no component code and no default component for fixings is defined!&#xD;
 E3: Fixing 'R63' can not be imported. It has no component code and no default component for fixings is defined!&#xD;
 E3: Fixing 'R64' can not be imported. It has no component code and no default component for fixings is defined!&#xD;
 E3: Fixing 'R65' can not be imported. It has no component code and no default component for fixings is defined!&#xD;
 E3: Fixing 'R66' can not be imported. It has no component code and no default component for fixings is defined!&#xD;
 E3: Fixing 'R67' can not be imported. It has no component code and no default component for fixings is defined!&#xD;
 E3: Fixing 'R68' can not be imported. It has no component code and no default component for fixings is defined!&#xD;
 E3: Fixing 'R69' can not be imported. It has no component code and no default component for fixings is defined!&#xD;
 E3: Fixing '3M5T-14197-AA.1' can not be imported. It has no component code and no default component for fixings is defined!&#xD;
 E3: Fixing 'R70' can not be imported. It has no component code and no default component for fixings is defined!&#xD;
 E3: Fixing 'R71' can not be imported. It has no component code and no default component for fixings is defined!&#xD;
 E3: Fixing 'R72' can not be imported. It has no component code and no default component for fixings is defined!&#xD;
 E3: Fixing 'R73' can not be imported. It has no component code and no default component for fixings is defined!&#xD;
 E3: Fixing 'R74' can not be imported. It has no component code and no default component for fixings is defined!&#xD;
 E3: Fixing 'R75' can not be imported. It has no component code and no default component for fixings is defined!&#xD;
 E3: Fixing 'R76' can not be imported. It has no component code and no default component for fixings is defined!&#xD;
 E3: I - Formboard sheet 'FNA4164913_1' was created.&#xD;
 E3: I - Closing project 'Empty' without saving modifications...&#xD;
 E3: Project c:\appveyor\bin\E3.3DRoutingBridge\Mainline\E3.BridgeTest\TestFiles\Templates\temp.e3s created.&#xD;
 E3: I - Item Validation enabled&#xD;
 E3: I - Validating project&#xD;
 E3: I - Validation enabled for this project&#xD;
 E3: I - Closing project 'temp' without saving modifications...&#xD;
 E3: I - Opening Project  c:\appveyor\bin\E3.3DRoutingBridge\Mainline\E3.BridgeTest\TestFiles\Templates\Empty.e3s&#xD;
 E3: I - Updating internal structures: 200 cycles up to version 2505...&#xD;
 E3: 2305 &#xD;
 E3: 2306 &#xD;
 E3: 2307 &#xD;
 E3: 2308 &#xD;
 E3: 2309 &#xD;
 E3: 2310 &#xD;
 E3: 2311 &#xD;
 E3: 2312 &#xD;
 E3: 2399 &#xD;
 E3: 2400 &#xD;
 E3: 2401 &#xD;
 E3: 2402 &#xD;
 E3: 2403 &#xD;
 E3: 2404 &#xD;
 E3: 2405 &#xD;
 E3: 2406 &#xD;
 E3: 2407 &#xD;
 E3: 2408 &#xD;
 E3: 2499 &#xD;
 E3: 2500 &#xD;
 E3: 2501 &#xD;
 E3: 2502 &#xD;
 E3: 2503 &#xD;
 E3: 2504 &#xD;
 E3: OK.&#xD;
 E3: Project c:\appveyor\bin\E3.3DRoutingBridge\Mainline\E3.BridgeTest\TestFiles\Templates\Empty.e3s opened.&#xD;
 E3: W - Project has been opened in READ ONLY mode, you can't save any changes to the existing project!&#xD;
 E3: I - Item Validation enabled&#xD;
 E3: I - Validating project&#xD;
 E3: I - Validation enabled for this project&#xD;
 E3: repair_check_extended(0)&#xD;
 E3: --------------------------------------------------------------------------&#xD;
 E3: consistency check (17)....
&#xD;
 E3: ....
&#xD;
 E3: dump lost....
&#xD;
 E3: ....
&#xD;
 E3: new consistency check (45) and dump lost items (46)....
&#xD;
 E3: ....
&#xD;
 E3: - done -------------------------------------------------------------------
&#xD;
 E3: I - No known issues found&#xD;
 E3: Starting Harness Import import&#xD;
 E3: I - Loading DT06-6S as mating connector of DT04-6P... &#xD;
 E3: I - Loading DT-C-S-AWG14-16 as crimp contact of DT04-6P... &#xD;
 E3: I - Loading DT-C-S-AWG16-18 as crimp contact of DT04-6P... &#xD;
 E3: I - Loading DT-C-B-AWG14-16 as crimp contact of DT06-6S... &#xD;
 E3: I - Loading DT-C-B-AWG16-18 as crimp contact of DT06-6S... &#xD;
 E3: I - Loading DT06-4S as mating connector of DT04-4P... &#xD;
 E3: I - Loading DT06-3S as mating connector of DT04-3P... &#xD;
 E3: Fixing 'Fix_1' can not be imported. It has no component code and no default component for fixings is defined!&#xD;
 E3: Fixing 'Fix_2' can not be imported. It has no component code and no default component for fixings is defined!&#xD;
 E3: I - Formboard sheet 'FourthSample' was created.&#xD;
 E3: I - Closing project 'Empty' without saving modifications...&#xD;
 E3: Project c:\appveyor\bin\E3.3DRoutingBridge\Mainline\E3.BridgeTest\TestFiles\Templates\temp.e3s created.&#xD;
 E3: I - Item Validation enabled&#xD;
 E3: I - Validating project&#xD;
 E3: I - Validation enabled for this project&#xD;
 E3: I - Closing project 'temp' without saving modifications...&#xD;
 E3: I - Opening Project  c:\appveyor\bin\E3.3DRoutingBridge\Mainline\E3.BridgeTest\TestFiles\Templates\Empty.e3s&#xD;
 E3: I - Updating internal structures: 200 cycles up to version 2505...&#xD;
 E3: 2305 &#xD;
 E3: 2306 &#xD;
 E3: 2307 &#xD;
 E3: 2308 &#xD;
 E3: 2309 &#xD;
 E3: 2310 &#xD;
 E3: 2311 &#xD;
 E3: 2312 &#xD;
 E3: 2399 &#xD;
 E3: 2400 &#xD;
 E3: 2401 &#xD;
 E3: 2402 &#xD;
 E3: 2403 &#xD;
 E3: 2404 &#xD;
 E3: 2405 &#xD;
 E3: 2406 &#xD;
 E3: 2407 &#xD;
 E3: 2408 &#xD;
 E3: 2499 &#xD;
 E3: 2500 &#xD;
 E3: 2501 &#xD;
 E3: 2502 &#xD;
 E3: 2503 &#xD;
 E3: 2504 &#xD;
 E3: OK.&#xD;
 E3: Project c:\appveyor\bin\E3.3DRoutingBridge\Mainline\E3.BridgeTest\TestFiles\Templates\Empty.e3s opened.&#xD;
 E3: W - Project has been opened in READ ONLY mode, you can't save any changes to the existing project!&#xD;
 E3: I - Item Validation enabled&#xD;
 E3: I - Validating project&#xD;
 E3: I - Validation enabled for this project&#xD;
 E3: repair_check_extended(0)&#xD;
 E3: --------------------------------------------------------------------------&#xD;
 E3: consistency check (17)....
&#xD;
 E3: ....
&#xD;
 E3: dump lost....
&#xD;
 E3: ....
&#xD;
 E3: new consistency check (45) and dump lost items (46)....
&#xD;
 E3: ....
&#xD;
 E3: - done -------------------------------------------------------------------
&#xD;
 E3: I - No known issues found&#xD;
 E3: Starting Harness Import import&#xD;
 E3: W - Component BN20372_3442950 not found in database !&#xD;
 E3: W - Cannot load Component 'BN20372_3442950' from database - look in output window for details... &#xD;
 E3: E - Cannot create new device 'X15' with component 'BN20372_3442950'&#xD;
 E3: I - Loading DTM06-2S as mating connector of DTM04-2P... &#xD;
 E3: I - Loading DTM-C-S-AWG20-24 as crimp contact of DTM04-2P... &#xD;
 E3: I - Loading DTM-C-B-AWG20-24 as crimp contact of DTM06-2S... &#xD;
 E3: I - Loading DTM04-6P as mating connector of DTM06-6S... &#xD;
 E3: I - Loading DTM06-8S as mating connector of DTM04-8P... &#xD;
 E3: I - Loading DTM04-4P as mating connector of DTM06-4S... &#xD;
 E3: I - Loading DT04-12P as mating connector of DT06-12S... &#xD;
 E3: I - Loading DT-C-B-AWG14-16 as crimp contact of DT06-12S... &#xD;
 E3: I - Loading DT-C-B-AWG16-18 as crimp contact of DT06-12S... &#xD;
 E3: I - Loading DT-C-S-AWG14-16 as crimp contact of DT04-12P... &#xD;
 E3: I - Loading DT-C-S-AWG16-18 as crimp contact of DT04-12P... &#xD;
 E3: I - Loading DT04-2P as mating connector of DT06-2S... &#xD;
 E3: Fixing 'Fix1-2' can not be imported. It has no component code and no default component for fixings is defined!&#xD;
 E3: Fixing 'Fix1-1' can not be imported. It has no component code and no default component for fixings is defined!&#xD;
 E3: Fixing 'Fix3-6' can not be imported. It has no component code and no default component for fixings is defined!&#xD;
 E3: Fixing 'Fix3-8' can not be imported. It has no component code and no default component for fixings is defined!&#xD;
 E3: Fixing 'Fix3-7' can not be imported. It has no component code and no default component for fixings is defined!&#xD;
 E3: Fixing 'Fix3-1' can not be imported. It has no component code and no default component for fixings is defined!&#xD;
 E3: Fixing 'Fix4-18' can not be imported. It has no component code and no default component for fixings is defined!&#xD;
 E3: Fixing 'Fix4-22' can not be imported. It has no component code and no default component for fixings is defined!&#xD;
 E3: Fixing 'Fix4-21' can not be imported. It has no component code and no default component for fixings is defined!&#xD;
 E3: Fixing 'Fix4-19' can not be imported. It has no component code and no default component for fixings is defined!&#xD;
 E3: Fixing 'Fix4-20' can not be imported. It has no component code and no default component for fixings is defined!&#xD;
 E3: Fixing 'Fix4-25' can not be imported. It has no component code and no default component for fixings is defined!&#xD;
 E3: Fixing 'Fix4-23' can not be imported. It has no component code and no default component for fixings is defined!&#xD;
 E3: Fixing 'Fix4-17' can not be imported. It has no component code and no default component for fixings is defined!&#xD;
 E3: Fixing 'Fix4-16' can not be imported. It has no component code and no default component for fixings is defined!&#xD;
 E3: Fixing 'Fix4-24' can not be imported. It has no component code and no default component for fixings is defined!&#xD;
 E3: Fixing 'Fix3-2' can not be imported. It has no component code and no default component for fixings is defined!&#xD;
 E3: Fixing 'Fix3-3' can not be imported. It has no component code and no default component for fixings is defined!&#xD;
 E3: Fixing 'Fix3-4' can not be imported. It has no component code and no default component for fixings is defined!&#xD;
 E3: Fixing 'Fix3-5' can not be imported. It has no component code and no default component for fixings is defined!&#xD;
 E3: Fixing 'Fix4-12' can not be imported. It has no component code and no default component for fixings is defined!&#xD;
 E3: Fixing 'Fix4-10' can not be imported. It has no component code and no default component for fixings is defined!&#xD;
 E3: Fixing 'Fix4-9' can not be imported. It has no component code and no default component for fixings is defined!&#xD;
 E3: Fixing 'Fix4-7' can not be imported. It has no component code and no default component for fixings is defined!&#xD;
 E3: Fixing 'Fix4-4' can not be imported. It has no component code and no default component for fixings is defined!&#xD;
 E3: Fixing 'Fix4-1' can not be imported. It has no component code and no default component for fixings is defined!&#xD;
 E3: Fixing 'Fix4-32' can not be imported. It has no component code and no default component for fixings is defined!&#xD;
 E3: Fixing 'Fix4-14' can not be imported. It has no component code and no default component for fixings is defined!&#xD;
 E3: Fixing 'Fix2-3' can not be imported. It has no component code and no default component for fixings is defined!&#xD;
 E3: Fixing 'Fix2-1' can not be imported. It has no component code and no default component for fixings is defined!&#xD;
 E3: Fixing 'Fix2-5' can not be imported. It has no component code and no default component for fixings is defined!&#xD;
 E3: Fixing 'Fix4-31' can not be imported. It has no component code and no default component for fixings is defined!&#xD;
 E3: Fixing 'Fix4-34' can not be imported. It has no component code and no default component for fixings is defined!&#xD;
 E3: Fixing 'Fix4-3' can not be imported. It has no component code and no default component for fixings is defined!&#xD;
 E3: Fixing 'Fix4-5' can not be imported. It has no component code and no default component for fixings is defined!&#xD;
 E3: Fixing 'Fix4-6' can not be imported. It has no component code and no default component for fixings is defined!&#xD;
 E3: Fixing 'Fix4-29' can not be imported. It has no component code and no default component for fixings is defined!&#xD;
 E3: Fixing 'Fix4-27' can not be imported. It has no component code and no default component for fixings is defined!&#xD;
 E3: Fixing 'Fix4-26' can not be imported. It has no component code and no default component for fixings is defined!&#xD;
 E3: Fixing 'Fix4-15' can not be imported. It has no component code and no default component for fixings is defined!&#xD;
 E3: Fixing 'Fix4-13' can not be imported. It has no component code and no default component for fixings is defined!&#xD;
 E3: Fixing 'Fix4-11' can not be imported. It has no component code and no default component for fixings is defined!&#xD;
 E3: Fixing 'Fix1-6' can not be imported. It has no component code and no default component for fixings is defined!&#xD;
 E3: Fixing 'Fix4-8' can not be imported. It has no component code and no default component for fixings is defined!&#xD;
 E3: Fixing 'Fix1-3' can not be imported. It has no component code and no default component for fixings is defined!&#xD;
 E3: Fixing 'Fix4-2' can not be imported. It has no component code and no default component for fixings is defined!&#xD;
 E3: Fixing 'Fix4-33' can not be imported. It has no component code and no default component for fixings is defined!&#xD;
 E3: Fixing 'Fix4-30' can not be imported. It has no component code and no default component for fixings is defined!&#xD;
 E3: Fixing 'Fix4-28' can not be imported. It has no component code and no default component for fixings is defined!&#xD;
 E3: Fixing 'Fix1-7' can not be imported. It has no component code and no default component for fixings is defined!&#xD;
 E3: Fixing 'Fix1-5' can not be imported. It has no component code and no default component for fixings is defined!&#xD;
 E3: Fixing 'Fix1-4' can not be imported. It has no component code and no default component for fixings is defined!&#xD;
 E3: Fixing 'Fix2-9' can not be imported. It has no component code and no default component for fixings is defined!&#xD;
 E3: Fixing 'Fix2-8' can not be imported. It has no component code and no default component for fixings is defined!&#xD;
 E3: Fixing 'Fix2-7' can not be imported. It has no component code and no default component for fixings is defined!&#xD;
 E3: Fixing 'Fix2-6' can not be imported. It has no component code and no default component for fixings is defined!&#xD;
 E3: Fixing 'Fix2-4' can not be imported. It has no component code and no default component for fixings is defined!&#xD;
 E3: Fixing 'Fix2-2' can not be imported. It has no component code and no default component for fixings is defined!&#xD;
 E3: Fixing 'Fix2-13' can not be imported. It has no component code and no default component for fixings is defined!&#xD;
 E3: Fixing 'Fix2-12' can not be imported. It has no component code and no default component for fixings is defined!&#xD;
 E3: Fixing 'Fix2-11' can not be imported. It has no component code and no default component for fixings is defined!&#xD;
 E3: Fixing 'Fix2-10' can not be imported. It has no component code and no default component for fixings is defined!&#xD;
 E3: I - Formboard sheet 'highTest' was created.&#xD;
 E3: I - Closing project 'Empty' without saving modifications...&#xD;
 E3: Project c:\appveyor\bin\E3.3DRoutingBridge\Mainline\E3.BridgeTest\TestFiles\Templates\temp.e3s created.&#xD;
 E3: I - Item Validation enabled&#xD;
 E3: I - Validating project&#xD;
 E3: I - Validation enabled for this project&#xD;
 E3: I - Closing project 'temp' without saving modifications...&#xD;
 E3: I - Opening Project  c:\appveyor\bin\E3.3DRoutingBridge\Mainline\E3.BridgeTest\TestFiles\Templates\Empty.e3s&#xD;
 E3: I - Updating internal structures: 200 cycles up to version 2505...&#xD;
 E3: 2305 &#xD;
 E3: 2306 &#xD;
 E3: 2307 &#xD;
 E3: 2308 &#xD;
 E3: 2309 &#xD;
 E3: 2310 &#xD;
 E3: 2311 &#xD;
 E3: 2312 &#xD;
 E3: 2399 &#xD;
 E3: 2400 &#xD;
 E3: 2401 &#xD;
 E3: 2402 &#xD;
 E3: 2403 &#xD;
 E3: 2404 &#xD;
 E3: 2405 &#xD;
 E3: 2406 &#xD;
 E3: 2407 &#xD;
 E3: 2408 &#xD;
 E3: 2499 &#xD;
 E3: 2500 &#xD;
 E3: 2501 &#xD;
 E3: 2502 &#xD;
 E3: 2503 &#xD;
 E3: 2504 &#xD;
 E3: OK.&#xD;
 E3: Project c:\appveyor\bin\E3.3DRoutingBridge\Mainline\E3.BridgeTest\TestFiles\Templates\Empty.e3s opened.&#xD;
 E3: W - Project has been opened in READ ONLY mode, you can't save any changes to the existing project!&#xD;
 E3: I - Item Validation enabled&#xD;
 E3: I - Validating project&#xD;
 E3: I - Validation enabled for this project&#xD;
 E3: repair_check_extended(0)&#xD;
 E3: --------------------------------------------------------------------------&#xD;
 E3: consistency check (17)....
&#xD;
 E3: ....
&#xD;
 E3: dump lost....
&#xD;
 E3: ....
&#xD;
 E3: new consistency check (45) and dump lost items (46)....
&#xD;
 E3: ....
&#xD;
 E3: - done -------------------------------------------------------------------
&#xD;
 E3: I - No known issues found&#xD;
 E3: Starting Harness Import import&#xD;
 E3: W - Component 9U5T-14489-AC not found in database !&#xD;
 E3: W - Cannot load Component '9U5T-14489-AC' from database - look in output window for details... &#xD;
 E3: E - Cannot create new device '9U5T-14489-AC.1' with component '9U5T-14489-AC'&#xD;
 E3: W - Component 4R3T-14489-AD not found in database !&#xD;
 E3: W - Cannot load Component '4R3T-14489-AD' from database - look in output window for details... &#xD;
 E3: E - Cannot create new device '4R3T-14489-AD.1' with component '4R3T-14489-AD'&#xD;
 E3: W - Component HU5T-14489-KC not found in database !&#xD;
 E3: W - Cannot load Component 'HU5T-14489-KC' from database - look in output window for details... &#xD;
 E3: E - Cannot create new device 'HU5T-14489-KC.1' with component 'HU5T-14489-KC'&#xD;
 E3: W - Component DG1T-14463-AA not found in database !&#xD;
 E3: W - Cannot load Component 'DG1T-14463-AA' from database - look in output window for details... &#xD;
 E3: E - Cannot create new device 'DG1T-14463-AA.3' with component 'DG1T-14463-AA'&#xD;
 E3: W - Component 2S6T-14489-GB not found in database !&#xD;
 E3: W - Cannot load Component '2S6T-14489-GB' from database - look in output window for details... &#xD;
 E3: E - Cannot create new device '2S6T-14489-GB.1' with component '2S6T-14489-GB'&#xD;
 E3: W - Component DU5T-14489-MA not found in database !&#xD;
 E3: W - Cannot load Component 'DU5T-14489-MA' from database - look in output window for details... &#xD;
 E3: E - Cannot create new device 'DU5T-14489-MA.1' with component 'DU5T-14489-MA'&#xD;
 E3: W - Component GU5T-14489-LA not found in database !&#xD;
 E3: W - Cannot load Component 'GU5T-14489-LA' from database - look in output window for details... &#xD;
 E3: E - Cannot create new device 'GU5T-14489-LA.1' with component 'GU5T-14489-LA'&#xD;
 E3: W - Component 9U5T-14489-AC not found in database !&#xD;
 E3: W - Cannot load Component '9U5T-14489-AC' from database - look in output window for details... &#xD;
 E3: E - Cannot create new device '9U5T-14489-AC.2' with component '9U5T-14489-AC'&#xD;
 E3: W - Component 9U5T-14489-VA not found in database !&#xD;
 E3: W - Cannot load Component '9U5T-14489-VA' from database - look in output window for details... &#xD;
 E3: E - Cannot create new device '9U5T-14489-VA.1' with component '9U5T-14489-VA'&#xD;
 E3: W - Component 97BG-14A624-RBA not found in database !&#xD;
 E3: W - Cannot load Component '97BG-14A624-RBA' from database - look in output window for details... &#xD;
 E3: E - Cannot create new device '97BG-14A624-RBA.1' with component '97BG-14A624-RBA'&#xD;
 E3: W - Component CU5T-14A464-CAB not found in database !&#xD;
 E3: W - Cannot load Component 'CU5T-14A464-CAB' from database - look in output window for details... &#xD;
 E3: E - Cannot create new device 'CU5T-14A464-CAB.1' with component 'CU5T-14A464-CAB'&#xD;
 E3: W - Component JU5T-14463-JAA not found in database !&#xD;
 E3: W - Cannot load Component 'JU5T-14463-JAA' from database - look in output window for details... &#xD;
 E3: E - Cannot create new device 'JU5T-14463-JAA.1' with component 'JU5T-14463-JAA'&#xD;
 E3: W - Component AV6T-14A459-AA not found in database !&#xD;
 E3: W - Cannot load Component 'AV6T-14A459-AA' from database - look in output window for details... &#xD;
 E3: E - Cannot create new device 'AV6T-14A459-AA.1' with component 'AV6T-14A459-AA'&#xD;
 E3: W - Component HU5T-14489-ADA not found in database !&#xD;
 E3: W - Cannot load Component 'HU5T-14489-ADA' from database - look in output window for details... &#xD;
 E3: E - Cannot create new device 'HU5T-14489-ADA.1' with component 'HU5T-14489-ADA'&#xD;
 E3: W - Component 9U5T-14489-MA not found in database !&#xD;
 E3: W - Cannot load Component '9U5T-14489-MA' from database - look in output window for details... &#xD;
 E3: E - Cannot create new device '9U5T-14489-MA.1' with component '9U5T-14489-MA'&#xD;
 E3: W - Component DG1T-14463-AA not found in database !&#xD;
 E3: W - Cannot load Component 'DG1T-14463-AA' from database - look in output window for details... &#xD;
 E3: E - Cannot create new device 'DG1T-14463-AA.2' with component 'DG1T-14463-AA'&#xD;
 E3: W - Component DG1T-14463-AA not found in database !&#xD;
 E3: W - Cannot load Component 'DG1T-14463-AA' from database - look in output window for details... &#xD;
 E3: E - Cannot create new device 'DG1T-14463-AA.1' with component 'DG1T-14463-AA'&#xD;
 E3: W - Component 8U5T-14489-CA not found in database !&#xD;
 E3: W - Cannot load Component '8U5T-14489-CA' from database - look in output window for details... &#xD;
 E3: E - Cannot create new device '8U5T-14489-CA.1' with component '8U5T-14489-CA'&#xD;
 E3: W - Component JU5T-14463-XAA not found in database !&#xD;
 E3: W - Cannot load Component 'JU5T-14463-XAA' from database - look in output window for details... &#xD;
 E3: E - Cannot create new device 'JU5T-14463-YA-INS-01_3.1' with component 'JU5T-14463-XAA'&#xD;
 E3: W - Component 4L3T-14A464-LA not found in database !&#xD;
 E3: W - Cannot load Component '4L3T-14A464-LA' from database - look in output window for details... &#xD;
 E3: E - Cannot create new device '4L3T-14A464-LA.1' with component '4L3T-14A464-LA'&#xD;
 E3: W - Component 2L7T-14489-AB not found in database !&#xD;
 E3: W - Cannot load Component '2L7T-14489-AB' from database - look in output window for details... &#xD;
 E3: E - Cannot create new device '2L7T-14489-AB.1' with component '2L7T-14489-AB'&#xD;
 E3: W - Component DU5T-14489-MA not found in database !&#xD;
 E3: W - Cannot load Component 'DU5T-14489-MA' from database - look in output window for details... &#xD;
 E3: E - Cannot create new device 'DU5T-14489-MA.2' with component 'DU5T-14489-MA'&#xD;
 E3: W - Component DU5T-14489-LA not found in database !&#xD;
 E3: W - Cannot load Component 'DU5T-14489-LA' from database - look in output window for details... &#xD;
 E3: E - Cannot create new device 'DU5T-14489-LA.1' with component 'DU5T-14489-LA'&#xD;
 E3: W - Component DU5T-14489-MA not found in database !&#xD;
 E3: W - Cannot load Component 'DU5T-14489-MA' from database - look in output window for details... &#xD;
 E3: E - Cannot create new device 'DU5T-14489-MA.3' with component 'DU5T-14489-MA'&#xD;
 E3: W - Component F5VB-14489-EA not found in database !&#xD;
 E3: W - Cannot load Component 'F5VB-14489-EA' from database - look in output window for details... &#xD;
 E3: E - Cannot create new device 'F5VB-14489-EA.1' with component 'F5VB-14489-EA'&#xD;
 E3: W - Component FU5T-14489-SA not found in database !&#xD;
 E3: W - Cannot load Component 'FU5T-14489-SA' from database - look in output window for details... &#xD;
 E3: E - Cannot create new device 'FU5T-14489-SA.1' with component 'FU5T-14489-SA'&#xD;
 E3: W - Component 9U5T-14489-ZA not found in database !&#xD;
 E3: W - Cannot load Component '9U5T-14489-ZA' from database - look in output window for details... &#xD;
 E3: E - Cannot create new device '9U5T-14489-ZA.1' with component '9U5T-14489-ZA'&#xD;
 E3: W - Component 9U5T-14489-PA not found in database !&#xD;
 E3: W - Cannot load Component '9U5T-14489-PA' from database - look in output window for details... &#xD;
 E3: E - Cannot create new device '9U5T-14489-PA.1' with component '9U5T-14489-PA'&#xD;
 E3: W - Component 2L2T-14A464-BA not found in database !&#xD;
 E3: W - Cannot load Component '2L2T-14A464-BA' from database - look in output window for details... &#xD;
 E3: E - Cannot create new device '2L2T-14A464-BA.1' with component '2L2T-14A464-BA'&#xD;
 E3: W - Component DU5T-19C042-EB not found in database !&#xD;
 E3: W - Cannot load Component 'DU5T-19C042-EB' from database - look in output window for details... &#xD;
 E3: E - Cannot create new device 'DU5T-19C042-EB.1' with component 'DU5T-19C042-EB'&#xD;
 E3: W - Component BU5T-14489-AA not found in database !&#xD;
 E3: W - Cannot load Component 'BU5T-14489-AA' from database - look in output window for details... &#xD;
 E3: E - Cannot create new device 'BU5T-14489-A_PIA01_1.1' with component 'BU5T-14489-AA'&#xD;
 E3: W - Component JU5T-14463-JAA not found in database !&#xD;
 E3: W - Cannot load Component 'JU5T-14463-JAA' from database - look in output window for details... &#xD;
 E3: E - Cannot create new device 'JU5T-14463-JAA.2' with component 'JU5T-14463-JAA'&#xD;
 E3: W - Component 4L3T-14A464-LA not found in database !&#xD;
 E3: W - Cannot load Component '4L3T-14A464-LA' from database - look in output window for details... &#xD;
 E3: E - Cannot create new device '4L3T-14A464-LA.3' with component '4L3T-14A464-LA'&#xD;
 E3: W - Component DU5T-14489-FA not found in database !&#xD;
 E3: W - Cannot load Component 'DU5T-14489-FA' from database - look in output window for details... &#xD;
 E3: E - Cannot create new device 'DU5T-14489-FA.2' with component 'DU5T-14489-FA'&#xD;
 E3: W - Component HU5T-14489-LB not found in database !&#xD;
 E3: W - Cannot load Component 'HU5T-14489-LB' from database - look in output window for details... &#xD;
 E3: E - Cannot create new device 'HU5T-14489-LB.1' with component 'HU5T-14489-LB'&#xD;
 E3: W - Component HU5T-14489-MB not found in database !&#xD;
 E3: W - Cannot load Component 'HU5T-14489-MB' from database - look in output window for details... &#xD;
 E3: E - Cannot create new device 'HU5T-14489-MB.1' with component 'HU5T-14489-MB'&#xD;
 E3: W - Component DU5T-19C042-AC not found in database !&#xD;
 E3: W - Cannot load Component 'DU5T-19C042-AC' from database - look in output window for details... &#xD;
 E3: E - Cannot create new device 'DU5T-19C042-AC.1' with component 'DU5T-19C042-AC'&#xD;
 E3: W - Component DU5T-19C042-CC not found in database !&#xD;
 E3: W - Cannot load Component 'DU5T-19C042-CC' from database - look in output window for details... &#xD;
 E3: E - Cannot create new device 'DU5T-19C042-CC.1' with component 'DU5T-19C042-CC'&#xD;
 E3: W - Component HU5T-14489-HAA not found in database !&#xD;
 E3: W - Cannot load Component 'HU5T-14489-HAA' from database - look in output window for details... &#xD;
 E3: E - Cannot create new device 'HU5T-14489-HAA.1' with component 'HU5T-14489-HAA'&#xD;
 E3: W - Component 2L2T-14A464-BA not found in database !&#xD;
 E3: W - Cannot load Component '2L2T-14A464-BA' from database - look in output window for details... &#xD;
 E3: E - Cannot create new device '2L2T-14A464-BA.2' with component '2L2T-14A464-BA'&#xD;
 E3: W - Component 5W1T-14A624-AA not found in database !&#xD;
 E3: W - Cannot load Component '5W1T-14A624-AA' from database - look in output window for details... &#xD;
 E3: E - Cannot create new device '5W1T-14A624-AA.1' with component '5W1T-14A624-AA'&#xD;
 E3: W - Component CU5T-14489-HA not found in database !&#xD;
 E3: W - Cannot load Component 'CU5T-14489-HA' from database - look in output window for details... &#xD;
 E3: E - Cannot create new device 'CU5T-14489-HA.2' with component 'CU5T-14489-HA'&#xD;
 E3: W - Component CU5T-14489-HA not found in database !&#xD;
 E3: W - Cannot load Component 'CU5T-14489-HA' from database - look in output window for details... &#xD;
 E3: E - Cannot create new device 'CU5T-14489-HA.3' with component 'CU5T-14489-HA'&#xD;
 E3: W - Component CU5T-14489-HA not found in database !&#xD;
 E3: W - Cannot load Component 'CU5T-14489-HA' from database - look in output window for details... &#xD;
 E3: E - Cannot create new device 'CU5T-14489-HA.1' with component 'CU5T-14489-HA'&#xD;
 E3: W - Component FU5T-14489-SA not found in database !&#xD;
 E3: W - Cannot load Component 'FU5T-14489-SA' from database - look in output window for details... &#xD;
 E3: E - Cannot create new device 'FU5T-14489-SA.2' with component 'FU5T-14489-SA'&#xD;
 E3: W - Component AU5T-14A464-PA not found in database !&#xD;
 E3: W - Cannot load Component 'AU5T-14A464-PA' from database - look in output window for details... &#xD;
 E3: E - Cannot create new device 'AU5T-14A464-PA.1' with component 'AU5T-14A464-PA'&#xD;
 E3: W - Component 4L3T-14A464-LA not found in database !&#xD;
 E3: W - Cannot load Component '4L3T-14A464-LA' from database - look in output window for details... &#xD;
 E3: E - Cannot create new device '4L3T-14A464-LA.4' with component '4L3T-14A464-LA'&#xD;
 E3: W - Component 5L8T-14A464-DA not found in database !&#xD;
 E3: W - Cannot load Component '5L8T-14A464-DA' from database - look in output window for details... &#xD;
 E3: E - Cannot create new device '5L8T-14A464-DA.1' with component '5L8T-14A464-DA'&#xD;
 E3: W - Component 2L2T-14A464-BA not found in database !&#xD;
 E3: W - Cannot load Component '2L2T-14A464-BA' from database - look in output window for details... &#xD;
 E3: E - Cannot create new device '2L2T-14A464-BA.3' with component '2L2T-14A464-BA'&#xD;
 E3: W - Component JU5T-14A459-AA not found in database !&#xD;
 E3: W - Cannot load Component 'JU5T-14A459-AA' from database - look in output window for details... &#xD;
 E3: E - Cannot create new device 'JU5T-14A459-AA.1' with component 'JU5T-14A459-AA'&#xD;
 E3: W - Component 2L1T-14A624-PA not found in database !&#xD;
 E3: W - Cannot load Component '2L1T-14A624-PA' from database - look in output window for details... &#xD;
 E3: E - Cannot create new device '2L1T-14A624-PA.1' with component '2L1T-14A624-PA'&#xD;
 E3: W - Component FU5T-19C042-AB not found in database !&#xD;
 E3: W - Cannot load Component 'FU5T-19C042-AB' from database - look in output window for details... &#xD;
 E3: E - Cannot create new device 'FU5T-19C042-AB.1' with component 'FU5T-19C042-AB'&#xD;
 E3: W - Component HU5T-19C042-CA not found in database !&#xD;
 E3: W - Cannot load Component 'HU5T-19C042-CA' from database - look in output window for details... &#xD;
 E3: E - Cannot create new device 'HU5T-19C042-CA.1' with component 'HU5T-19C042-CA'&#xD;
 E3: W - Component DU5T-19C042-EB not found in database !&#xD;
 E3: W - Cannot load Component 'DU5T-19C042-EB' from database - look in output window for details... &#xD;
 E3: E - Cannot create new device 'DU5T-19C042-EB.2' with component 'DU5T-19C042-EB'&#xD;
 E3: W - Component FU5T-19C042-AB not found in database !&#xD;
 E3: W - Cannot load Component 'FU5T-19C042-AB' from database - look in output window for details... &#xD;
 E3: E - Cannot create new device 'FU5T-19C042-AB.2' with component 'FU5T-19C042-AB'&#xD;
 E3: W - Component HU5T-19C042-CA not found in database !&#xD;
 E3: W - Cannot load Component 'HU5T-19C042-CA' from database - look in output window for details... &#xD;
 E3: E - Cannot create new device 'HU5T-19C042-CA.2' with component 'HU5T-19C042-CA'&#xD;
 E3: W - Component 4S7T-14489-YJA not found in database !&#xD;
 E3: W - Cannot load Component '4S7T-14489-YJA' from database - look in output window for details... &#xD;
 E3: E - Cannot create new device '4S7T-14489-YJA.1' with component '4S7T-14489-YJA'&#xD;
 E3: W - Component JU5T-14A459-AA not found in database !&#xD;
 E3: W - Cannot load Component 'JU5T-14A459-AA' from database - look in output window for details... &#xD;
 E3: E - Cannot create new device 'JU5T-14A459-AA.3' with component 'JU5T-14A459-AA'&#xD;
 E3: W - Component 2L2T-14A464-BA not found in database !&#xD;
 E3: W - Cannot load Component '2L2T-14A464-BA' from database - look in output window for details... &#xD;
 E3: E - Cannot create new device '2L2T-14A464-BA.4' with component '2L2T-14A464-BA'&#xD;
 E3: W - Component 2L1T-14A624-PA not found in database !&#xD;
 E3: W - Cannot load Component '2L1T-14A624-PA' from database - look in output window for details... &#xD;
 E3: E - Cannot create new device '2L1T-14A624-PA.2' with component '2L1T-14A624-PA'&#xD;
 E3: W - Component 5W1T-14A624-AA not found in database !&#xD;
 E3: W - Cannot load Component '5W1T-14A624-AA' from database - look in output window for details... &#xD;
 E3: E - Cannot create new device '5W1T-14A624-AA.2' with component '5W1T-14A624-AA'&#xD;
 E3: W - Component 2L2T-14A464-BA not found in database !&#xD;
 E3: W - Cannot load Component '2L2T-14A464-BA' from database - look in output window for details... &#xD;
 E3: E - Cannot create new device '2L2T-14A464-BA.7' with component '2L2T-14A464-BA'&#xD;
 E3: W - Component 2L2T-14A464-BA not found in database !&#xD;
 E3: W - Cannot load Component '2L2T-14A464-BA' from database - look in output window for details... &#xD;
 E3: E - Cannot create new device '2L2T-14A464-BA.6' with component '2L2T-14A464-BA'&#xD;
 E3: W - Component CU5T-14489-AAA not found in database !&#xD;
 E3: W - Cannot load Component 'CU5T-14489-AAA' from database - look in output window for details... &#xD;
 E3: E - Cannot create new device 'CU5T-14489-AAA.1' with component 'CU5T-14489-AAA'&#xD;
 E3: W - Component 4S7T-14489-VAA not found in database !&#xD;
 E3: W - Cannot load Component '4S7T-14489-VAA' from database - look in output window for details... &#xD;
 E3: E - Cannot create new device '4S7T-14489-VAA.2' with component '4S7T-14489-VAA'&#xD;
 E3: W - Component 3W4T-14A464-XA not found in database !&#xD;
 E3: W - Cannot load Component '3W4T-14A464-XA' from database - look in output window for details... &#xD;
 E3: E - Cannot create new device '3W4T-14A464-XA.1' with component '3W4T-14A464-XA'&#xD;
 E3: W - Component 9U5T-14489-CBA not found in database !&#xD;
 E3: W - Cannot load Component '9U5T-14489-CBA' from database - look in output window for details... &#xD;
 E3: E - Cannot create new device '9U5T-14489-CBA.1' with component '9U5T-14489-CBA'&#xD;
 E3: W - Component 3W4T-14A464-XA not found in database !&#xD;
 E3: W - Cannot load Component '3W4T-14A464-XA' from database - look in output window for details... &#xD;
 E3: E - Cannot create new device '3W4T-14A464-XA.2' with component '3W4T-14A464-XA'&#xD;
 E3: W - Component 9U5T-14489-CBA not found in database !&#xD;
 E3: W - Cannot load Component '9U5T-14489-CBA' from database - look in output window for details... &#xD;
 E3: E - Cannot create new device '9U5T-14489-CBA.2' with component '9U5T-14489-CBA'&#xD;
 E3: W - Component HU5T-14N003-AC not found in database !&#xD;
 E3: W - Cannot load Component 'HU5T-14N003-AC' from database - look in output window for details... &#xD;
 E3: E - Cannot create new device 'HU5T-14N003-A_4.1' with component 'HU5T-14N003-AC'&#xD;
 E3: W - Component FU5T-14N003-PB not found in database !&#xD;
 E3: W - Cannot load Component 'FU5T-14N003-PB' from database - look in output window for details... &#xD;
 E3: E - Cannot create new device 'FU5T-14N003-P_4.1' with component 'FU5T-14N003-PB'&#xD;
 E3: Splice 'WIRE-HARNESS-EXTSPL_2.24' can not be imported. It has no component code and no default component for splices is defined!&#xD;
 E3: Splice 'WIRE-HARNESS-EXTSPL_2.4' can not be imported. It has no component code and no default component for splices is defined!&#xD;
 E3: Splice 'WIRE-HARNESS-EXTSPL_2.23' can not be imported. It has no component code and no default component for splices is defined!&#xD;
 E3: Splice 'WIRE-HARNESS-EXTSPL_2.5' can not be imported. It has no component code and no default component for splices is defined!&#xD;
 E3: Splice 'WIRE-HARNESS-EXTSPL_2.20' can not be imported. It has no component code and no default component for splices is defined!&#xD;
 E3: Splice 'WIRE-HARNESS-EXTSPL_2.17' can not be imported. It has no component code and no default component for splices is defined!&#xD;
 E3: Splice 'WIRE-HARNESS-EXTSPL_2.3' can not be imported. It has no component code and no default component for splices is defined!&#xD;
 E3: Splice 'WIRE-HARNESS-EXTSPL_1.1' can not be imported. It has no component code and no default component for splices is defined!&#xD;
 E3: Splice 'WIRE-HARNESS-EXTSPL_2.25' can not be imported. It has no component code and no default component for splices is defined!&#xD;
 E3: Splice 'WIRE-HARNESS-EXTSPL_2.16' can not be imported. It has no component code and no default component for splices is defined!&#xD;
 E3: Splice 'WIRE-HARNESS-EXTSPL_2.9' can not be imported. It has no component code and no default component for splices is defined!&#xD;
 E3: Splice 'WIRE-HARNESS-EXTSPL_2.22' can not be imported. It has no component code and no default component for splices is defined!&#xD;
 E3: Splice 'WIRE-HARNESS-EXTSPL_2.10' can not be imported. It has no component code and no default component for splices is defined!&#xD;
 E3: Splice 'WIRE-HARNESS-EXTSPL_2.15' can not be imported. It has no component code and no default component for splices is defined!&#xD;
 E3: Splice 'WIRE-HARNESS-EXTSPL_2.19' can not be imported. It has no component code and no default component for splices is defined!&#xD;
 E3: Splice 'WIRE-HARNESS-EXTSPL_2.1' can not be imported. It has no component code and no default component for splices is defined!&#xD;
 E3: Splice 'WIRE-HARNESS-EXTSPL_2.8' can not be imported. It has no component code and no default component for splices is defined!&#xD;
 E3: Splice 'WIRE-HARNESS-EXTSPL_2.2' can not be imported. It has no component code and no default component for splices is defined!&#xD;
 E3: Splice 'WIRE-HARNESS-EXTSPL_2.14' can not be imported. It has no component code and no default component for splices is defined!&#xD;
 E3: Splice 'WIRE-HARNESS-EXTSPL_2.6' can not be imported. It has no component code and no default component for splices is defined!&#xD;
 E3: Splice 'WIRE-HARNESS-EXTSPL_2.13' can not be imported. It has no component code and no default component for splices is defined!&#xD;
 E3: Splice 'WIRE-HARNESS-EXTSPL_2.12' can not be imported. It has no component code and no default component for splices is defined!&#xD;
 E3: Splice 'WIRE-HARNESS-EXTSPL_2.21' can not be imported. It has no component code and no default component for splices is defined!&#xD;
 E3: Splice 'WIRE-HARNESS-EXTSPL_2.7' can not be imported. It has no component code and no default component for splices is defined!&#xD;
 E3: Splice 'WIRE-HARNESS-EXTSPL_2.11' can not be imported. It has no component code and no default component for splices is defined!&#xD;
 E3: Splice 'WIRE-HARNESS-EXTSPL_2.26' can not be imported. It has no component code and no default component for splices is defined!&#xD;
 E3: Splice 'WIRE-HARNESS-EXTSPL_2.18' can not be imported. It has no component code and no default component for splices is defined!&#xD;
 E3: Splice 'WIRE-HARNESS-EXTSPL_2.29' can not be imported. It has no component code and no default component for splices is defined!&#xD;
 E3: Splice 'WIRE-HARNESS-EXTSPL_2.27' can not be imported. It has no component code and no default component for splices is defined!&#xD;
 E3: Splice 'WIRE-HARNESS-EXTSPL_2.28' can not be imported. It has no component code and no default component for splices is defined!&#xD;
 E3: Splice 'WIRE-HARNESS-EXTSPL_2.31' can not be imported. It has no component code and no default component for splices is defined!&#xD;
 E3: Splice 'WIRE-HARNESS-EXTSPL_2.30' can not be imported. It has no component code and no default component for splices is defined!&#xD;
 E3: Splice 'WIRE-HARNESS-EXTSPL_2.32' can not be imported. It has no component code and no default component for splices is defined!&#xD;
 E3: Splice 'WIRE-HARNESS-EXTSPL_2.33' can not be imported. It has no component code and no default component for splices is defined!&#xD;
 E3: Splice 'WIRE-HARNESS-EXTSPL_2.43' can not be imported. It has no component code and no default component for splices is defined!&#xD;
 E3: Splice 'WIRE-HARNESS-EXTSPL_2.42' can not be imported. It has no component code and no default component for splices is defined!&#xD;
 E3: Splice 'WIRE-HARNESS-EXTSPL_2.44' can not be imported. It has no component code and no default component for splices is defined!&#xD;
 E3: Splice 'WIRE-HARNESS-EXTSPL_2.45' can not be imported. It has no component code and no default component for splices is defined!&#xD;
 E3: Splice 'WIRE-HARNESS-EXTSPL_2.37' can not be imported. It has no component code and no default component for splices is defined!&#xD;
 E3: Splice 'WIRE-HARNESS-EXTSPL_2.38' can not be imported. It has no component code and no default component for splices is defined!&#xD;
 E3: Splice 'WIRE-HARNESS-EXTSPL_2.46' can not be imported. It has no component code and no default component for splices is defined!&#xD;
 E3: Splice 'WIRE-HARNESS-EXTSPL_2.40' can not be imported. It has no component code and no default component for splices is defined!&#xD;
 E3: Splice 'WIRE-HARNESS-EXTSPL_2.41' can not be imported. It has no component code and no default component for splices is defined!&#xD;
 E3: Splice 'WIRE-HARNESS-EXTSPL_2.47' can not be imported. It has no component code and no default component for splices is defined!&#xD;
 E3: Splice 'WIRE-HARNESS-EXTSPL_2.48' can not be imported. It has no component code and no default component for splices is defined!&#xD;
 E3: Splice 'WIRE-HARNESS-EXTSPL_2.52' can not be imported. It has no component code and no default component for splices is defined!&#xD;
 E3: Splice 'WIRE-HARNESS-EXTSPL_2.53' can not be imported. It has no component code and no default component for splices is defined!&#xD;
 E3: Splice 'WIRE-HARNESS-EXTSPL_2.54' can not be imported. It has no component code and no default component for splices is defined!&#xD;
 E3: Splice 'WIRE-HARNESS-EXTSPL_2.24' can not be imported. It has no component code and no default component for splices is defined!&#xD;
 E3: Splice 'WIRE-HARNESS-EXTSPL_2.4' can not be imported. It has no component code and no default component for splices is defined!&#xD;
 E3: Splice 'WIRE-HARNESS-EXTSPL_2.23' can not be imported. It has no component code and no default component for splices is defined!&#xD;
 E3: Splice 'WIRE-HARNESS-EXTSPL_2.5' can not be imported. It has no component code and no default component for splices is defined!&#xD;
 E3: Splice 'WIRE-HARNESS-EXTSPL_2.20' can not be imported. It has no component code and no default component for splices is defined!&#xD;
 E3: Splice 'WIRE-HARNESS-EXTSPL_2.17' can not be imported. It has no component code and no default component for splices is defined!&#xD;
 E3: Splice 'WIRE-HARNESS-EXTSPL_2.3' can not be imported. It has no component code and no default component for splices is defined!&#xD;
 E3: Splice 'WIRE-HARNESS-EXTSPL_1.1' can not be imported. It has no component code and no default component for splices is defined!&#xD;
 E3: Splice 'WIRE-HARNESS-EXTSPL_2.25' can not be imported. It has no component code and no default component for splices is defined!&#xD;
 E3: Splice 'WIRE-HARNESS-EXTSPL_2.16' can not be imported. It has no component code and no default component for splices is defined!&#xD;
 E3: Splice 'WIRE-HARNESS-EXTSPL_2.9' can not be imported. It has no component code and no default component for splices is defined!&#xD;
 E3: Splice 'WIRE-HARNESS-EXTSPL_2.22' can not be imported. It has no component code and no default component for splices is defined!&#xD;
 E3: Splice 'WIRE-HARNESS-EXTSPL_2.10' can not be imported. It has no component code and no default component for splices is defined!&#xD;
 E3: Splice 'WIRE-HARNESS-EXTSPL_2.15' can not be imported. It has no component code and no default component for splices is defined!&#xD;
 E3: Splice 'WIRE-HARNESS-EXTSPL_2.19' can not be imported. It has no component code and no default component for splices is defined!&#xD;
 E3: Splice 'WIRE-HARNESS-EXTSPL_2.1' can not be imported. It has no component code and no default component for splices is defined!&#xD;
 E3: Splice 'WIRE-HARNESS-EXTSPL_2.8' can not be imported. It has no component code and no default component for splices is defined!&#xD;
 E3: Splice 'WIRE-HARNESS-EXTSPL_2.2' can not be imported. It has no component code and no default component for splices is defined!&#xD;
 E3: Splice 'WIRE-HARNESS-EXTSPL_2.14' can not be imported. It has no component code and no default component for splices is defined!&#xD;
 E3: Splice 'WIRE-HARNESS-EXTSPL_2.6' can not be imported. It has no component code and no default component for splices is defined!&#xD;
 E3: Splice 'WIRE-HARNESS-EXTSPL_2.13' can not be imported. It has no component code and no default component for splices is defined!&#xD;
 E3: Splice 'WIRE-HARNESS-EXTSPL_2.12' can not be imported. It has no component code and no default component for splices is defined!&#xD;
 E3: Splice 'WIRE-HARNESS-EXTSPL_2.21' can not be imported. It has no component code and no default component for splices is defined!&#xD;
 E3: Splice 'WIRE-HARNESS-EXTSPL_2.7' can not be imported. It has no component code and no default component for splices is defined!&#xD;
 E3: Splice 'WIRE-HARNESS-EXTSPL_2.11' can not be imported. It has no component code and no default component for splices is defined!&#xD;
 E3: Splice 'WIRE-HARNESS-EXTSPL_2.26' can not be imported. It has no component code and no default component for splices is defined!&#xD;
 E3: Splice 'WIRE-HARNESS-EXTSPL_2.18' can not be imported. It has no component code and no default component for splices is defined!&#xD;
 E3: Splice 'WIRE-HARNESS-EXTSPL_2.29' can not be imported. It has no component code and no default component for splices is defined!&#xD;
 E3: Splice 'WIRE-HARNESS-EXTSPL_2.27' can not be imported. It has no component code and no default component for splices is defined!&#xD;
 E3: Splice 'WIRE-HARNESS-EXTSPL_2.28' can not be imported. It has no component code and no default component for splices is defined!&#xD;
 E3: Splice 'WIRE-HARNESS-EXTSPL_2.31' can not be imported. It has no component code and no default component for splices is defined!&#xD;
 E3: Splice 'WIRE-HARNESS-EXTSPL_2.30' can not be imported. It has no component code and no default component for splices is defined!&#xD;
 E3: Splice 'WIRE-HARNESS-EXTSPL_2.32' can not be imported. It has no component code and no default component for splices is defined!&#xD;
 E3: Splice 'WIRE-HARNESS-EXTSPL_2.33' can not be imported. It has no component code and no default component for splices is defined!&#xD;
 E3: Splice 'WIRE-HARNESS-EXTSPL_2.43' can not be imported. It has no component code and no default component for splices is defined!&#xD;
 E3: Splice 'WIRE-HARNESS-EXTSPL_2.42' can not be imported. It has no component code and no default component for splices is defined!&#xD;
 E3: Splice 'WIRE-HARNESS-EXTSPL_2.44' can not be imported. It has no component code and no default component for splices is defined!&#xD;
 E3: Splice 'WIRE-HARNESS-EXTSPL_2.45' can not be imported. It has no component code and no default component for splices is defined!&#xD;
 E3: Splice 'WIRE-HARNESS-EXTSPL_2.37' can not be imported. It has no component code and no default component for splices is defined!&#xD;
 E3: Splice 'WIRE-HARNESS-EXTSPL_2.38' can not be imported. It has no component code and no default component for splices is defined!&#xD;
 E3: Splice 'WIRE-HARNESS-EXTSPL_2.46' can not be imported. It has no component code and no default component for splices is defined!&#xD;
 E3: Splice 'WIRE-HARNESS-EXTSPL_2.40' can not be imported. It has no component code and no default component for splices is defined!&#xD;
 E3: Splice 'WIRE-HARNESS-EXTSPL_2.41' can not be imported. It has no component code and no default component for splices is defined!&#xD;
 E3: Splice 'WIRE-HARNESS-EXTSPL_2.47' can not be imported. It has no component code and no default component for splices is defined!&#xD;
 E3: Splice 'WIRE-HARNESS-EXTSPL_2.48' can not be imported. It has no component code and no default component for splices is defined!&#xD;
 E3: Splice 'WIRE-HARNESS-EXTSPL_2.52' can not be imported. It has no component code and no default component for splices is defined!&#xD;
 E3: Splice 'WIRE-HARNESS-EXTSPL_2.53' can not be imported. It has no component code and no default component for splices is defined!&#xD;
 E3: Splice 'WIRE-HARNESS-EXTSPL_2.54' can not be imported. It has no component code and no default component for splices is defined!&#xD;
 E3: Fixing 'CU5T-14E044-C_4.1' can not be imported. It has no component code and no default component for fixings is defined!&#xD;
 E3: Fixing 'BU5T-14E042-EA.1' can not be imported. It has no component code and no default component for fixings is defined!&#xD;
 E3: Fixing '8U5T-14E044-Z_3.1' can not be imported. It has no component code and no default component for fixings is defined!&#xD;
 E3: Fixing 'BU5T-14E047-UA.1' can not be imported. It has no component code and no default component for fixings is defined!&#xD;
 E3: Fixing 'BU5T-14E047-UA.2' can not be imported. It has no component code and no default component for fixings is defined!&#xD;
 E3: Fixing '8U5T-14E044-JA.1' can not be imported. It has no component code and no default component for fixings is defined!&#xD;
 E3: Fixing '8U5T-14E044-MA.1' can not be imported. It has no component code and no default component for fixings is defined!&#xD;
 E3: Fixing '8U5T-14E044-MA.2' can not be imported. It has no component code and no default component for fixings is defined!&#xD;
 E3: Fixing 'FU5T-14E047-F_3.1' can not be imported. It has no component code and no default component for fixings is defined!&#xD;
 E3: Fixing 'BU5T-14E044-AA.1' can not be imported. It has no component code and no default component for fixings is defined!&#xD;
 E3: Fixing '8U5T-14E044-JA.2' can not be imported. It has no component code and no default component for fixings is defined!&#xD;
 E3: Fixing '8U5T-14E047-HA.1' can not be imported. It has no component code and no default component for fixings is defined!&#xD;
 E3: Fixing '3M5T-14197-AA.1' can not be imported. It has no component code and no default component for fixings is defined!&#xD;
 E3: Fixing '3M5T-14197-CB.1' can not be imported. It has no component code and no default component for fixings is defined!&#xD;
 E3: Fixing '8U5T-14E047-HA.2' can not be imported. It has no component code and no default component for fixings is defined!&#xD;
 E3: Fixing '8U5T-14E047-HA.3' can not be imported. It has no component code and no default component for fixings is defined!&#xD;
 E3: Fixing '8U5T-14E047-HA.4' can not be imported. It has no component code and no default component for fixings is defined!&#xD;
 E3: Fixing '8U5T-14E047-HA.5' can not be imported. It has no component code and no default component for fixings is defined!&#xD;
 E3: Fixing '3M5T-14197-AA.2' can not be imported. It has no component code and no default component for fixings is defined!&#xD;
 E3: Fixing 'BU5T-14E047-UA.3' can not be imported. It has no component code and no default component for fixings is defined!&#xD;
 E3: Fixing 'BU5T-14E047-UA.4' can not be imported. It has no component code and no default component for fixings is defined!&#xD;
 E3: Fixing 'CU5T-14E044-CA.1' can not be imported. It has no component code and no default component for fixings is defined!&#xD;
 E3: Fixing '9U5T-14E044-DA.1' can not be imported. It has no component code and no default component for fixings is defined!&#xD;
 E3: Fixing '8U5T-14E047-HA.6' can not be imported. It has no component code and no default component for fixings is defined!&#xD;
 E3: Fixing '8U5T-14E047-HA.7' can not be imported. It has no component code and no default component for fixings is defined!&#xD;
 E3: Fixing '8U5T-14E047-HA.8' can not be imported. It has no component code and no default component for fixings is defined!&#xD;
 E3: Fixing '8U5T-14E047-HA.9' can not be imported. It has no component code and no default component for fixings is defined!&#xD;
 E3: Fixing '8U5T-14E047-HA.10' can not be imported. It has no component code and no default component for fixings is defined!&#xD;
 E3: Fixing '8U5T-14E044-AA.1' can not be imported. It has no component code and no default component for fixings is defined!&#xD;
 E3: Fixing 'DU5T-14E047-V_3.1' can not be imported. It has no component code and no default component for fixings is defined!&#xD;
 E3: Fixing '8U5T-14E047-HA.11' can not be imported. It has no component code and no default component for fixings is defined!&#xD;
 E3: Fixing '8U5T-14E047-HA.12' can not be imported. It has no component code and no default component for fixings is defined!&#xD;
 E3: Fixing '8U5T-14E044-AA.2' can not be imported. It has no component code and no default component for fixings is defined!&#xD;
 E3: Fixing 'BU5T-14E042-EA.2' can not be imported. It has no component code and no default component for fixings is defined!&#xD;
 E3: Fixing '8U5T-14E044-ZA.1' can not be imported. It has no component code and no default component for fixings is defined!&#xD;
 E3: Fixing '8U5T-14E044-ZA.2' can not be imported. It has no component code and no default component for fixings is defined!&#xD;
 E3: Fixing '8U5T-14E044-ZA.3' can not be imported. It has no component code and no default component for fixings is defined!&#xD;
 E3: Fixing '8U5T-14E044-ZA.4' can not be imported. It has no component code and no default component for fixings is defined!&#xD;
 E3: Fixing '8U5T-14E044-ZA.5' can not be imported. It has no component code and no default component for fixings is defined!&#xD;
 E3: Fixing 'BU5T-14E042-EA.3' can not be imported. It has no component code and no default component for fixings is defined!&#xD;
 E3: Fixing 'BU5T-14E042-EA.4' can not be imported. It has no component code and no default component for fixings is defined!&#xD;
 E3: Fixing 'EU5T-14E044-H_1.1' can not be imported. It has no component code and no default component for fixings is defined!&#xD;
 E3: Fixing 'DU5T-14E047-KA.1' can not be imported. It has no component code and no default component for fixings is defined!&#xD;
 E3: Fixing 'BU5T-14E042-EA.5' can not be imported. It has no component code and no default component for fixings is defined!&#xD;
 E3: Fixing 'BU5T-14E042-EA.6' can not be imported. It has no component code and no default component for fixings is defined!&#xD;
 E3: Fixing 'BU5T-14E042-EA.7' can not be imported. It has no component code and no default component for fixings is defined!&#xD;
 E3: Fixing '9L3T-14A163-EA.1' can not be imported. It has no component code and no default component for fixings is defined!&#xD;
 E3: Fixing '8U5T-14E047-HA.13' can not be imported. It has no component code and no default component for fixings is defined!&#xD;
 E3: Fixing '8U5T-14E044-JA.4' can not be imported. It has no component code and no default component for fixings is defined!&#xD;
 E3: I - Formboard sheet 'LX6X-14401-ERA_1' was created.&#xD;
 E3: I - Closing project 'Empty' without saving modifications...&#xD;
 E3: Project c:\appveyor\bin\E3.3DRoutingBridge\Mainline\E3.BridgeTest\TestFiles\Templates\temp.e3s created.&#xD;
 E3: I - Item Validation enabled&#xD;
 E3: I - Validating project&#xD;
 E3: I - Validation enabled for this project&#xD;
 E3: I - Closing project 'temp' without saving modifications...&#xD;
 E3: I - Opening Project  c:\appveyor\bin\E3.3DRoutingBridge\Mainline\E3.BridgeTest\TestFiles\Templates\Empty.e3s&#xD;
 E3: I - Updating internal structures: 200 cycles up to version 2505...&#xD;
 E3: 2305 &#xD;
 E3: 2306 &#xD;
 E3: 2307 &#xD;
 E3: 2308 &#xD;
 E3: 2309 &#xD;
 E3: 2310 &#xD;
 E3: 2311 &#xD;
 E3: 2312 &#xD;
 E3: 2399 &#xD;
 E3: 2400 &#xD;
 E3: 2401 &#xD;
 E3: 2402 &#xD;
 E3: 2403 &#xD;
 E3: 2404 &#xD;
 E3: 2405 &#xD;
 E3: 2406 &#xD;
 E3: 2407 &#xD;
 E3: 2408 &#xD;
 E3: 2499 &#xD;
 E3: 2500 &#xD;
 E3: 2501 &#xD;
 E3: 2502 &#xD;
 E3: 2503 &#xD;
 E3: 2504 &#xD;
 E3: OK.&#xD;
 E3: Project c:\appveyor\bin\E3.3DRoutingBridge\Mainline\E3.BridgeTest\TestFiles\Templates\Empty.e3s opened.&#xD;
 E3: W - Project has been opened in READ ONLY mode, you can't save any changes to the existing project!&#xD;
 E3: I - Item Validation enabled&#xD;
 E3: I - Validating project&#xD;
 E3: I - Validation enabled for this project&#xD;
 E3: repair_check_extended(0)&#xD;
 E3: --------------------------------------------------------------------------&#xD;
 E3: consistency check (17)....
&#xD;
 E3: ....
&#xD;
 E3: dump lost....
&#xD;
 E3: ....
&#xD;
 E3: new consistency check (45) and dump lost items (46)....
&#xD;
 E3: ....
&#xD;
 E3: - done -------------------------------------------------------------------
&#xD;
 E3: I - No known issues found&#xD;
 E3: Starting Harness Import import&#xD;
 E3: W - Component 100494392 not found in database !&#xD;
 E3: W - Cannot load Component '100494392' from database - look in output window for details... &#xD;
 E3: E - Cannot create new device '-X510.2' with component '100494392'&#xD;
 E3: W - Component 100494392 not found in database !&#xD;
 E3: W - Cannot load Component '100494392' from database - look in output window for details... &#xD;
 E3: E - Cannot create new device '-X511.2' with component '100494392'&#xD;
 E3: W - Component 100501960 not found in database !&#xD;
 E3: W - Cannot load Component '100501960' from database - look in output window for details... &#xD;
 E3: E - Cannot create new device '-X7.2' with component '100501960'&#xD;
 E3: W - Component 100498336 not found in database !&#xD;
 E3: W - Cannot load Component '100498336' from database - look in output window for details... &#xD;
 E3: E - Cannot create new device '-X6.2' with component '100498336'&#xD;
 E3: W - Component 100494483 not found in database !&#xD;
 E3: W - Cannot load Component '100494483' from database - look in output window for details... &#xD;
 E3: E - Cannot create new device '-R23' with component '100494483'&#xD;
 E3: W - Component 100495968_00  -  Steckerübergang 2-p Bu DT NW6-10 not found in database !&#xD;
 E3: W - Cannot load Component '100495968_00  -  Steckerübergang 2-p Bu DT NW6-10' from database - look in output window for details... &#xD;
 E3: E - Cannot create new device '100495968_00  -  Steckerübergang 2-p Bu DT NW6-10_~~~TEMPa78795cc-b52c-44db-b6a4-8ced4bc31fd5' with component '100495968_00  -  Steckerübergang 2-p Bu DT NW6-10'&#xD;
 E3: W - Component 100495968_00  -  Steckerübergang 2-p Bu DT NW6-10 not found in database !&#xD;
 E3: W - Cannot load Component '100495968_00  -  Steckerübergang 2-p Bu DT NW6-10' from database - look in output window for details... &#xD;
 E3: E - Cannot create new device '100495968_00  -  Steckerübergang 2-p Bu DT NW6-10' with component '100495968_00  -  Steckerübergang 2-p Bu DT NW6-10'&#xD;
 E3: Fixing '100498354_00  -  Wellschlauchendkappe NW8,5' can not be imported. It has no component code and no default component for fixings is defined!&#xD;
 E3: Protection 'Overstock (3)' can not be imported. It has no component code and no default component for protections is defined!&#xD;
 E3: Protection 'Overstock (9)' can not be imported. It has no component code and no default component for protections is defined!&#xD;
 E3: I - Formboard sheet 'MCAD_KP7_NX_Testdaten_UAT3_31_01_2022_Thy_1' was created.&#xD;
 E3: I - Closing project 'Empty' without saving modifications...&#xD;
 E3: Project c:\appveyor\bin\E3.3DRoutingBridge\Mainline\E3.BridgeTest\TestFiles\Templates\temp.e3s created.&#xD;
 E3: I - Item Validation enabled&#xD;
 E3: I - Validating project&#xD;
 E3: I - Validation enabled for this project&#xD;
 E3: I - Closing project 'temp' without saving modifications...&#xD;
 E3: I - Opening Project  c:\appveyor\bin\E3.3DRoutingBridge\Mainline\E3.BridgeTest\TestFiles\Templates\Empty.e3s&#xD;
 E3: I - Updating internal structures: 200 cycles up to version 2505...&#xD;
 E3: 2305 &#xD;
 E3: 2306 &#xD;
 E3: 2307 &#xD;
 E3: 2308 &#xD;
 E3: 2309 &#xD;
 E3: 2310 &#xD;
 E3: 2311 &#xD;
 E3: 2312 &#xD;
 E3: 2399 &#xD;
 E3: 2400 &#xD;
 E3: 2401 &#xD;
 E3: 2402 &#xD;
 E3: 2403 &#xD;
 E3: 2404 &#xD;
 E3: 2405 &#xD;
 E3: 2406 &#xD;
 E3: 2407 &#xD;
 E3: 2408 &#xD;
 E3: 2499 &#xD;
 E3: 2500 &#xD;
 E3: 2501 &#xD;
 E3: 2502 &#xD;
 E3: 2503 &#xD;
 E3: 2504 &#xD;
 E3: OK.&#xD;
 E3: Project c:\appveyor\bin\E3.3DRoutingBridge\Mainline\E3.BridgeTest\TestFiles\Templates\Empty.e3s opened.&#xD;
 E3: W - Project has been opened in READ ONLY mode, you can't save any changes to the existing project!&#xD;
 E3: I - Item Validation enabled&#xD;
 E3: I - Validating project&#xD;
 E3: I - Validation enabled for this project&#xD;
 E3: repair_check_extended(0)&#xD;
 E3: --------------------------------------------------------------------------&#xD;
 E3: consistency check (17)....
&#xD;
 E3: ....
&#xD;
 E3: dump lost....
&#xD;
 E3: ....
&#xD;
 E3: new consistency check (45) and dump lost items (46)....
&#xD;
 E3: ....
&#xD;
 E3: - done -------------------------------------------------------------------
&#xD;
 E3: I - No known issues found&#xD;
 E3: Starting Harness Import import&#xD;
 E3: W - Component DT04-2PA.1 not found in database !&#xD;
 E3: W - Cannot load Component 'DT04-2PA.1' from database - look in output window for details... &#xD;
 E3: E - Cannot create new device '-X6' with component 'DT04-2PA.1'&#xD;
 E3: W - Component DT06-2SA.1 not found in database !&#xD;
 E3: W - Cannot load Component 'DT06-2SA.1' from database - look in output window for details... &#xD;
 E3: E - Cannot create new device '-X7' with component 'DT06-2SA.1'&#xD;
 E3: W - Component 1-962692-2A.1 not found in database !&#xD;
 E3: W - Cannot load Component '1-962692-2A.1' from database - look in output window for details... &#xD;
 E3: E - Cannot create new device '-X19' with component '1-962692-2A.1'&#xD;
 E3: W - Component DT04-3P1A.1 not found in database !&#xD;
 E3: W - Cannot load Component 'DT04-3P1A.1' from database - look in output window for details... &#xD;
 E3: E - Cannot create new device '-X4' with component 'DT04-3P1A.1'&#xD;
 E3: W - Component DT04-4PA.1 not found in database !&#xD;
 E3: W - Cannot load Component 'DT04-4PA.1' from database - look in output window for details... &#xD;
 E3: E - Cannot create new device '-X5' with component 'DT04-4PA.1'&#xD;
 E3: W - Component DT06-8SA.1 not found in database !&#xD;
 E3: W - Cannot load Component 'DT06-8SA.1' from database - look in output window for details... &#xD;
 E3: E - Cannot create new device '-X14' with component 'DT06-8SA.1'&#xD;
 E3: W - Component DTM06-6SA.1 not found in database !&#xD;
 E3: W - Cannot load Component 'DTM06-6SA.1' from database - look in output window for details... &#xD;
 E3: E - Cannot create new device '-X17' with component 'DTM06-6SA.1'&#xD;
 E3: W - Component DT04-6PA.1 not found in database !&#xD;
 E3: W - Cannot load Component 'DT04-6PA.1' from database - look in output window for details... &#xD;
 E3: E - Cannot create new device '-X2' with component 'DT04-6PA.1'&#xD;
 E3: W - Component DT06-2SA.1 not found in database !&#xD;
 E3: W - Cannot load Component 'DT06-2SA.1' from database - look in output window for details... &#xD;
 E3: E - Cannot create new device '-X10' with component 'DT06-2SA.1'&#xD;
 E3: W - Component DT04-6PA.1 not found in database !&#xD;
 E3: W - Cannot load Component 'DT04-6PA.1' from database - look in output window for details... &#xD;
 E3: E - Cannot create new device '-X11' with component 'DT04-6PA.1'&#xD;
 E3: W - Component DT06-6SA.1 not found in database !&#xD;
 E3: W - Cannot load Component 'DT06-6SA.1' from database - look in output window for details... &#xD;
 E3: E - Cannot create new device '-X3' with component 'DT06-6SA.1'&#xD;
 E3: W - Component DT06-8SA.1 not found in database !&#xD;
 E3: W - Cannot load Component 'DT06-8SA.1' from database - look in output window for details... &#xD;
 E3: E - Cannot create new device '-X15' with component 'DT06-8SA.1'&#xD;
 E3: W - Component DT06-8SA.1 not found in database !&#xD;
 E3: W - Cannot load Component 'DT06-8SA.1' from database - look in output window for details... &#xD;
 E3: E - Cannot create new device '-X16' with component 'DT06-8SA.1'&#xD;
 E3: W - Component DTM06-6SA.1 not found in database !&#xD;
 E3: W - Cannot load Component 'DTM06-6SA.1' from database - look in output window for details... &#xD;
 E3: E - Cannot create new device '-X18' with component 'DTM06-6SA.1'&#xD;
 E3: W - Component 1-962692-2A.1 not found in database !&#xD;
 E3: W - Cannot load Component '1-962692-2A.1' from database - look in output window for details... &#xD;
 E3: E - Cannot create new device '-X23' with component '1-962692-2A.1'&#xD;
 E3: W - Component DT06-8SA.1 not found in database !&#xD;
 E3: W - Cannot load Component 'DT06-8SA.1' from database - look in output window for details... &#xD;
 E3: E - Cannot create new device '-X13' with component 'DT06-8SA.1'&#xD;
 E3: W - Component DT04-2PA.1 not found in database !&#xD;
 E3: W - Cannot load Component 'DT04-2PA.1' from database - look in output window for details... &#xD;
 E3: E - Cannot create new device '-X9' with component 'DT04-2PA.1'&#xD;
 E3: W - Component DT04-2PA.1 not found in database !&#xD;
 E3: W - Cannot load Component 'DT04-2PA.1' from database - look in output window for details... &#xD;
 E3: E - Cannot create new device '-X8' with component 'DT04-2PA.1'&#xD;
 E3: W - Component 1-962692-2A.1 not found in database !&#xD;
 E3: W - Cannot load Component '1-962692-2A.1' from database - look in output window for details... &#xD;
 E3: E - Cannot create new device '-X20' with component '1-962692-2A.1'&#xD;
 E3: W - Component 1-962692-2A.1 not found in database !&#xD;
 E3: W - Cannot load Component '1-962692-2A.1' from database - look in output window for details... &#xD;
 E3: E - Cannot create new device '-X22' with component '1-962692-2A.1'&#xD;
 E3: W - Component DT04-12PA.1 not found in database !&#xD;
 E3: W - Cannot load Component 'DT04-12PA.1' from database - look in output window for details... &#xD;
 E3: E - Cannot create new device '-X1' with component 'DT04-12PA.1'&#xD;
 E3: W - Component DT04-6PA.1 not found in database !&#xD;
 E3: W - Cannot load Component 'DT04-6PA.1' from database - look in output window for details... &#xD;
 E3: E - Cannot create new device '-X12' with component 'DT04-6PA.1'&#xD;
 E3: W - Component 1-962692-2A.1 not found in database !&#xD;
 E3: W - Cannot load Component '1-962692-2A.1' from database - look in output window for details... &#xD;
 E3: E - Cannot create new device '-X21' with component '1-962692-2A.1'&#xD;
 E3: Fixing '993183_20.1' can not be imported. It has no component code and no default component for fixings is defined!&#xD;
 E3: Fixing '993183_20.2' can not be imported. It has no component code and no default component for fixings is defined!&#xD;
 E3: Fixing '993183_20.3' can not be imported. It has no component code and no default component for fixings is defined!&#xD;
 E3: Fixing '993183_20.4' can not be imported. It has no component code and no default component for fixings is defined!&#xD;
 E3: Fixing '993183_20.6' can not be imported. It has no component code and no default component for fixings is defined!&#xD;
 E3: Fixing '993183_20.7' can not be imported. It has no component code and no default component for fixings is defined!&#xD;
 E3: Fixing '993183_20.8' can not be imported. It has no component code and no default component for fixings is defined!&#xD;
 E3: Fixing '993183_20.12' can not be imported. It has no component code and no default component for fixings is defined!&#xD;
 E3: Fixing '993183_20.13' can not be imported. It has no component code and no default component for fixings is defined!&#xD;
 E3: Fixing '993183_20.14' can not be imported. It has no component code and no default component for fixings is defined!&#xD;
 E3: Fixing '993183_20.15' can not be imported. It has no component code and no default component for fixings is defined!&#xD;
 E3: Fixing '993183_20.16' can not be imported. It has no component code and no default component for fixings is defined!&#xD;
 E3: Fixing '993183_20.17' can not be imported. It has no component code and no default component for fixings is defined!&#xD;
 E3: Fixing '993183_20.19' can not be imported. It has no component code and no default component for fixings is defined!&#xD;
 E3: Fixing '993183_20.20' can not be imported. It has no component code and no default component for fixings is defined!&#xD;
 E3: Fixing '993183_20.21' can not be imported. It has no component code and no default component for fixings is defined!&#xD;
 E3: Fixing '993183_20.22' can not be imported. It has no component code and no default component for fixings is defined!&#xD;
 E3: Fixing '993183_20.23' can not be imported. It has no component code and no default component for fixings is defined!&#xD;
 E3: Fixing '993183_20.24' can not be imported. It has no component code and no default component for fixings is defined!&#xD;
 E3: Fixing '993183_20.25' can not be imported. It has no component code and no default component for fixings is defined!&#xD;
 E3: Fixing '993183_20.26' can not be imported. It has no component code and no default component for fixings is defined!&#xD;
 E3: Fixing '993183_20.27' can not be imported. It has no component code and no default component for fixings is defined!&#xD;
 E3: Fixing '993183_20.28' can not be imported. It has no component code and no default component for fixings is defined!&#xD;
 E3: Fixing '993183_20.29' can not be imported. It has no component code and no default component for fixings is defined!&#xD;
 E3: Fixing '993183_20.30' can not be imported. It has no component code and no default component for fixings is defined!&#xD;
 E3: Fixing '993183_20.31' can not be imported. It has no component code and no default component for fixings is defined!&#xD;
 E3: Fixing '993183_20.32' can not be imported. It has no component code and no default component for fixings is defined!&#xD;
 E3: Fixing '993183_20.33' can not be imported. It has no component code and no default component for fixings is defined!&#xD;
 E3: Fixing '993183_20.34' can not be imported. It has no component code and no default component for fixings is defined!&#xD;
 E3: Fixing '993183_20.35' can not be imported. It has no component code and no default component for fixings is defined!&#xD;
 E3: Fixing '993183_20.37' can not be imported. It has no component code and no default component for fixings is defined!&#xD;
 E3: Fixing '993183_20.38' can not be imported. It has no component code and no default component for fixings is defined!&#xD;
 E3: Fixing '993183_20.39' can not be imported. It has no component code and no default component for fixings is defined!&#xD;
 E3: Fixing '993183_20.40' can not be imported. It has no component code and no default component for fixings is defined!&#xD;
 E3: Fixing '993183_20.5' can not be imported. It has no component code and no default component for fixings is defined!&#xD;
 E3: Fixing '993183_20.11' can not be imported. It has no component code and no default component for fixings is defined!&#xD;
 E3: Fixing '993183_20.18' can not be imported. It has no component code and no default component for fixings is defined!&#xD;
 E3: Fixing '993183_20.9' can not be imported. It has no component code and no default component for fixings is defined!&#xD;
 E3: Fixing '993183_20.10' can not be imported. It has no component code and no default component for fixings is defined!&#xD;
 E3: Fixing '993183_20.41' can not be imported. It has no component code and no default component for fixings is defined!&#xD;
 E3: Fixing '993183_20.42' can not be imported. It has no component code and no default component for fixings is defined!&#xD;
 E3: Fixing '993183_20.43' can not be imported. It has no component code and no default component for fixings is defined!&#xD;
 E3: Fixing '993183_20.44' can not be imported. It has no component code and no default component for fixings is defined!&#xD;
 E3: Fixing '993183_20.45' can not be imported. It has no component code and no default component for fixings is defined!&#xD;
 E3: Fixing '993183_20.46' can not be imported. It has no component code and no default component for fixings is defined!&#xD;
 E3: Fixing '993183_20.47' can not be imported. It has no component code and no default component for fixings is defined!&#xD;
 E3: Fixing '993183_20.48' can not be imported. It has no component code and no default component for fixings is defined!&#xD;
 E3: Fixing '993183_20.49' can not be imported. It has no component code and no default component for fixings is defined!&#xD;
 E3: Fixing '993183_20.50' can not be imported. It has no component code and no default component for fixings is defined!&#xD;
 E3: Fixing '993183_20.51' can not be imported. It has no component code and no default component for fixings is defined!&#xD;
 E3: Fixing '993183_20.52' can not be imported. It has no component code and no default component for fixings is defined!&#xD;
 E3: Fixing '993183_20.53' can not be imported. It has no component code and no default component for fixings is defined!&#xD;
 E3: Fixing '993183_20.54' can not be imported. It has no component code and no default component for fixings is defined!&#xD;
 E3: Fixing '993183_20.55' can not be imported. It has no component code and no default component for fixings is defined!&#xD;
 E3: Fixing '993183_20.56' can not be imported. It has no component code and no default component for fixings is defined!&#xD;
 E3: Fixing '993183_20.57' can not be imported. It has no component code and no default component for fixings is defined!&#xD;
 E3: Fixing '993183_20.58' can not be imported. It has no component code and no default component for fixings is defined!&#xD;
 E3: Fixing '993183_20.59' can not be imported. It has no component code and no default component for fixings is defined!&#xD;
 E3: Fixing '151-02901.1' can not be imported. It has no component code and no default component for fixings is defined!&#xD;
 E3: Fixing '151-02901.2' can not be imported. It has no component code and no default component for fixings is defined!&#xD;
 E3: Fixing '151-02901.3' can not be imported. It has no component code and no default component for fixings is defined!&#xD;
 E3: Fixing '151-02901.4' can not be imported. It has no component code and no default component for fixings is defined!&#xD;
 E3: Fixing '151-02901.5' can not be imported. It has no component code and no default component for fixings is defined!&#xD;
 E3: Fixing '151-02901.6' can not be imported. It has no component code and no default component for fixings is defined!&#xD;
 E3: Fixing '151-02901.7' can not be imported. It has no component code and no default component for fixings is defined!&#xD;
 E3: Fixing '151-02901.8' can not be imported. It has no component code and no default component for fixings is defined!&#xD;
 E3: Fixing '151-02901.9' can not be imported. It has no component code and no default component for fixings is defined!&#xD;
 E3: Fixing '151-02901.10' can not be imported. It has no component code and no default component for fixings is defined!&#xD;
 E3: Fixing '151-02901.11' can not be imported. It has no component code and no default component for fixings is defined!&#xD;
 E3: Fixing '151-02901.12' can not be imported. It has no component code and no default component for fixings is defined!&#xD;
 E3: Fixing '151-02901.13' can not be imported. It has no component code and no default component for fixings is defined!&#xD;
 E3: Fixing '151-02901.14' can not be imported. It has no component code and no default component for fixings is defined!&#xD;
 E3: Fixing '151-02901.15' can not be imported. It has no component code and no default component for fixings is defined!&#xD;
 E3: Fixing '151-02901.16' can not be imported. It has no component code and no default component for fixings is defined!&#xD;
 E3: Fixing '151-02901.17' can not be imported. It has no component code and no default component for fixings is defined!&#xD;
 E3: Fixing '151-02901.18' can not be imported. It has no component code and no default component for fixings is defined!&#xD;
 E3: Fixing '151-02901.19' can not be imported. It has no component code and no default component for fixings is defined!&#xD;
 E3: Fixing '151-02901.20' can not be imported. It has no component code and no default component for fixings is defined!&#xD;
 E3: Fixing '151-02901.21' can not be imported. It has no component code and no default component for fixings is defined!&#xD;
 E3: Fixing '151-02901.22' can not be imported. It has no component code and no default component for fixings is defined!&#xD;
 E3: Fixing '151-02901.23' can not be imported. It has no component code and no default component for fixings is defined!&#xD;
 E3: Fixing '151-02901.24' can not be imported. It has no component code and no default component for fixings is defined!&#xD;
 E3: Fixing '151-02901.25' can not be imported. It has no component code and no default component for fixings is defined!&#xD;
 E3: Fixing '151-02901.26' can not be imported. It has no component code and no default component for fixings is defined!&#xD;
 E3: Fixing '151-02901.27' can not be imported. It has no component code and no default component for fixings is defined!&#xD;
 E3: Fixing '151-02901.28' can not be imported. It has no component code and no default component for fixings is defined!&#xD;
 E3: Fixing '151-02901.29' can not be imported. It has no component code and no default component for fixings is defined!&#xD;
 E3: Fixing '151-02901.30' can not be imported. It has no component code and no default component for fixings is defined!&#xD;
 E3: Fixing '151-02901.31' can not be imported. It has no component code and no default component for fixings is defined!&#xD;
 E3: Fixing '151-02901.32' can not be imported. It has no component code and no default component for fixings is defined!&#xD;
 E3: Fixing '151-02901.33' can not be imported. It has no component code and no default component for fixings is defined!&#xD;
 E3: Fixing '151-02901.34' can not be imported. It has no component code and no default component for fixings is defined!&#xD;
 E3: Fixing '151-02901.35' can not be imported. It has no component code and no default component for fixings is defined!&#xD;
 E3: Fixing '151-02901.36' can not be imported. It has no component code and no default component for fixings is defined!&#xD;
 E3: Fixing '151-02901.37' can not be imported. It has no component code and no default component for fixings is defined!&#xD;
 E3: Fixing '993183_20.36' can not be imported. It has no component code and no default component for fixings is defined!&#xD;
 E3: Fixing '993183_20.60' can not be imported. It has no component code and no default component for fixings is defined!&#xD;
 E3: Fixing '993183_20.61' can not be imported. It has no component code and no default component for fixings is defined!&#xD;
 E3: Fixing '993183_20.62' can not be imported. It has no component code and no default component for fixings is defined!&#xD;
 E3: Fixing '993183_20.63' can not be imported. It has no component code and no default component for fixings is defined!&#xD;
 E3: Fixing '993183_20.64' can not be imported. It has no component code and no default component for fixings is defined!&#xD;
 E3: Fixing '151-02901.38' can not be imported. It has no component code and no default component for fixings is defined!&#xD;
 E3: I - Formboard sheet 'SampleProductA.1' was created.&#xD;
 E3: I - Closing project 'Empty' without saving modifications...&#xD;
 E3: Project c:\appveyor\bin\E3.3DRoutingBridge\Mainline\E3.BridgeTest\TestFiles\Templates\temp.e3s created.&#xD;
 E3: I - Item Validation enabled&#xD;
 E3: I - Validating project&#xD;
 E3: I - Validation enabled for this project&#xD;
 E3: I - Closing project 'temp' without saving modifications...&#xD;
 E3: I - Opening Project  c:\appveyor\bin\E3.3DRoutingBridge\Mainline\E3.BridgeTest\TestFiles\Templates\Empty.e3s&#xD;
 E3: I - Updating internal structures: 200 cycles up to version 2505...&#xD;
 E3: 2305 &#xD;
 E3: 2306 &#xD;
 E3: 2307 &#xD;
 E3: 2308 &#xD;
 E3: 2309 &#xD;
 E3: 2310 &#xD;
 E3: 2311 &#xD;
 E3: 2312 &#xD;
 E3: 2399 &#xD;
 E3: 2400 &#xD;
 E3: 2401 &#xD;
 E3: 2402 &#xD;
 E3: 2403 &#xD;
 E3: 2404 &#xD;
 E3: 2405 &#xD;
 E3: 2406 &#xD;
 E3: 2407 &#xD;
 E3: 2408 &#xD;
 E3: 2499 &#xD;
 E3: 2500 &#xD;
 E3: 2501 &#xD;
 E3: 2502 &#xD;
 E3: 2503 &#xD;
 E3: 2504 &#xD;
 E3: OK.&#xD;
 E3: Project c:\appveyor\bin\E3.3DRoutingBridge\Mainline\E3.BridgeTest\TestFiles\Templates\Empty.e3s opened.&#xD;
 E3: W - Project has been opened in READ ONLY mode, you can't save any changes to the existing project!&#xD;
 E3: I - Item Validation enabled&#xD;
 E3: I - Validating project&#xD;
 E3: I - Validation enabled for this project&#xD;
 E3: repair_check_extended(0)&#xD;
 E3: --------------------------------------------------------------------------&#xD;
 E3: consistency check (17)....
&#xD;
 E3: ....
&#xD;
 E3: dump lost....
&#xD;
 E3: ....
&#xD;
 E3: new consistency check (45) and dump lost items (46)....
&#xD;
 E3: ....
&#xD;
 E3: - done -------------------------------------------------------------------
&#xD;
 E3: I - No known issues found&#xD;
 E3: Starting Harness Import import&#xD;
 E3: W - Component CON_A10_3-B not found in database !&#xD;
 E3: W - Cannot load Component 'CON_A10_3-B' from database - look in output window for details... &#xD;
 E3: E - Cannot create new device 'CON_A10_3-B' with component 'CON_A10_3-B'&#xD;
 E3: W - Component CON_A10_1-B not found in database !&#xD;
 E3: W - Cannot load Component 'CON_A10_1-B' from database - look in output window for details... &#xD;
 E3: E - Cannot create new device 'CON_A10_1-B' with component 'CON_A10_1-B'&#xD;
 E3: W - Component CON_A20_1-B not found in database !&#xD;
 E3: W - Cannot load Component 'CON_A20_1-B' from database - look in output window for details... &#xD;
 E3: E - Cannot create new device 'CON_A20_1-B' with component 'CON_A20_1-B'&#xD;
 E3: W - Component CON_A10_2-B not found in database !&#xD;
 E3: W - Cannot load Component 'CON_A10_2-B' from database - look in output window for details... &#xD;
 E3: E - Cannot create new device 'CON_A10_2-B' with component 'CON_A10_2-B'&#xD;
 E3: W - Component CON_A20_2-B not found in database !&#xD;
 E3: W - Cannot load Component 'CON_A20_2-B' from database - look in output window for details... &#xD;
 E3: E - Cannot create new device 'CON_A20_2-B' with component 'CON_A20_2-B'&#xD;
 E3: W - Component CON_A20_3-B not found in database !&#xD;
 E3: W - Cannot load Component 'CON_A20_3-B' from database - look in output window for details... &#xD;
 E3: E - Cannot create new device 'CON_A20_3-B' with component 'CON_A20_3-B'&#xD;
 E3: W - Component CON_L33_1-B not found in database !&#xD;
 E3: W - Cannot load Component 'CON_L33_1-B' from database - look in output window for details... &#xD;
 E3: E - Cannot create new device 'CON_L33_1-B' with component 'CON_L33_1-B'&#xD;
 E3: W - Component CON_H06_1-B not found in database !&#xD;
 E3: W - Cannot load Component 'CON_H06_1-B' from database - look in output window for details... &#xD;
 E3: E - Cannot create new device 'CON_H06_1-B' with component 'CON_H06_1-B'&#xD;
 E3: W - Component CON_L34_1-B not found in database !&#xD;
 E3: W - Cannot load Component 'CON_L34_1-B' from database - look in output window for details... &#xD;
 E3: E - Cannot create new device 'CON_L34_1-B' with component 'CON_L34_1-B'&#xD;
 E3: W - Component CON_H07_1-B not found in database !&#xD;
 E3: W - Cannot load Component 'CON_H07_1-B' from database - look in output window for details... &#xD;
 E3: E - Cannot create new device 'CON_H07_1-B' with component 'CON_H07_1-B'&#xD;
 E3: W - Component CON_X100 not found in database !&#xD;
 E3: W - Cannot load Component 'CON_X100' from database - look in output window for details... &#xD;
 E3: E - Cannot create new device 'CON_X100' with component 'CON_X100'&#xD;
 E3: W - Component CON_MC22_1-B not found in database !&#xD;
 E3: W - Cannot load Component 'CON_MC22_1-B' from database - look in output window for details... &#xD;
 E3: E - Cannot create new device 'CON_MC22_1-B' with component 'CON_MC22_1-B'&#xD;
 E3: W - Component CON_MC22_2-B not found in database !&#xD;
 E3: W - Cannot load Component 'CON_MC22_2-B' from database - look in output window for details... &#xD;
 E3: E - Cannot create new device 'CON_MC22_2-B' with component 'CON_MC22_2-B'&#xD;
 E3: W - Component CON_S22_1-B not found in database !&#xD;
 E3: W - Cannot load Component 'CON_S22_1-B' from database - look in output window for details... &#xD;
 E3: E - Cannot create new device 'CON_S22_1-B' with component 'CON_S22_1-B'&#xD;
 E3: W - Component CON_M11_1-B not found in database !&#xD;
 E3: W - Cannot load Component 'CON_M11_1-B' from database - look in output window for details... &#xD;
 E3: E - Cannot create new device 'CON_M11_1-B' with component 'CON_M11_1-B'&#xD;
 E3: W - Component CON_M23_1-B not found in database !&#xD;
 E3: W - Cannot load Component 'CON_M23_1-B' from database - look in output window for details... &#xD;
 E3: E - Cannot create new device 'CON_M23_1-B' with component 'CON_M23_1-B'&#xD;
 E3: Splice 'SP22' can not be imported. It has no component code and no default component for splices is defined!&#xD;
 E3: Splice 'SP33' can not be imported. It has no component code and no default component for splices is defined!&#xD;
 E3: Splice 'SP22' can not be imported. It has no component code and no default component for splices is defined!&#xD;
 E3: Splice 'SP33' can not be imported. It has no component code and no default component for splices is defined!&#xD;
 E3: Fixing 'FIX_7' can not be imported. It has no component code and no default component for fixings is defined!&#xD;
 E3: Fixing 'FIX_5' can not be imported. It has no component code and no default component for fixings is defined!&#xD;
 E3: Fixing 'FIX_4' can not be imported. It has no component code and no default component for fixings is defined!&#xD;
 E3: Fixing 'FIX_6' can not be imported. It has no component code and no default component for fixings is defined!&#xD;
 E3: Fixing 'FIX_2' can not be imported. It has no component code and no default component for fixings is defined!&#xD;
 E3: Fixing 'Fix_1' can not be imported. It has no component code and no default component for fixings is defined!&#xD;
 E3: Fixing 'FIX_3' can not be imported. It has no component code and no default component for fixings is defined!&#xD;
 E3: Fixing 'Fix_9' can not be imported. It has no component code and no default component for fixings is defined!&#xD;
 E3: Fixing 'FIX_8' can not be imported. It has no component code and no default component for fixings is defined!&#xD;
 E3: I - Formboard sheet 'SuperSample' was created.&#xD;
 E3: I - Closing project 'Empty' without saving modifications...&#xD;
 E3: Project c:\appveyor\bin\E3.3DRoutingBridge\Mainline\E3.BridgeTest\TestFiles\Templates\temp.e3s created.&#xD;
 E3: I - Item Validation enabled&#xD;
 E3: I - Validating project&#xD;
 E3: I - Validation enabled for this project&#xD;
 E3: I - Closing project 'temp' without saving modifications...&#xD;
 E3: I - Opening Project  c:\appveyor\bin\E3.3DRoutingBridge\Mainline\E3.BridgeTest\TestFiles\Templates\Empty.e3s&#xD;
 E3: I - Updating internal structures: 200 cycles up to version 2505...&#xD;
 E3: 2305 &#xD;
 E3: 2306 &#xD;
 E3: 2307 &#xD;
 E3: 2308 &#xD;
 E3: 2309 &#xD;
 E3: 2310 &#xD;
 E3: 2311 &#xD;
 E3: 2312 &#xD;
 E3: 2399 &#xD;
 E3: 2400 &#xD;
 E3: 2401 &#xD;
 E3: 2402 &#xD;
 E3: 2403 &#xD;
 E3: 2404 &#xD;
 E3: 2405 &#xD;
 E3: 2406 &#xD;
 E3: 2407 &#xD;
 E3: 2408 &#xD;
 E3: 2499 &#xD;
 E3: 2500 &#xD;
 E3: 2501 &#xD;
 E3: 2502 &#xD;
 E3: 2503 &#xD;
 E3: 2504 &#xD;
 E3: OK.&#xD;
 E3: Project c:\appveyor\bin\E3.3DRoutingBridge\Mainline\E3.BridgeTest\TestFiles\Templates\Empty.e3s opened.&#xD;
 E3: W - Project has been opened in READ ONLY mode, you can't save any changes to the existing project!&#xD;
 E3: I - Item Validation enabled&#xD;
 E3: I - Validating project&#xD;
 E3: I - Validation enabled for this project&#xD;
 E3: repair_check_extended(0)&#xD;
 E3: --------------------------------------------------------------------------&#xD;
 E3: consistency check (17)....
&#xD;
 E3: ....
&#xD;
 E3: dump lost....
&#xD;
 E3: ....
&#xD;
 E3: new consistency check (45) and dump lost items (46)....
&#xD;
 E3: ....
&#xD;
 E3: - done -------------------------------------------------------------------
&#xD;
 E3: I - No known issues found&#xD;
 E3: Starting Harness Import import&#xD;
 E3: W - Component 9900003955_SC LUG 0.26-1.65 M4 180 not found in database !&#xD;
 E3: W - Cannot load Component '9900003955_SC LUG 0.26-1.65 M4 180' from database - look in output window for details... &#xD;
 E3: E - Cannot create new device '-X2' with component '9900003955_SC LUG 0.26-1.65 M4 180'&#xD;
 E3: W - Component 9900003955_SC LUG 0.26-1.65 M4 180 not found in database !&#xD;
 E3: W - Cannot load Component '9900003955_SC LUG 0.26-1.65 M4 180' from database - look in output window for details... &#xD;
 E3: E - Cannot create new device '-X3' with component '9900003955_SC LUG 0.26-1.65 M4 180'&#xD;
 E3: W - Component 9900003956_SC LUG 0.26_1.65_M5_180 not found in database !&#xD;
 E3: W - Cannot load Component '9900003956_SC LUG 0.26_1.65_M5_180' from database - look in output window for details... &#xD;
 E3: E - Cannot create new device '-X1' with component '9900003956_SC LUG 0.26_1.65_M5_180'&#xD;
 E3: I - Formboard sheet 'TEST-SPLICE' was created.&#xD;
 E3: I - Closing project 'Empty' without saving modifications...&#xD;
 E3: Project c:\appveyor\bin\E3.3DRoutingBridge\Mainline\E3.BridgeTest\TestFiles\Templates\temp.e3s created.&#xD;
 E3: I - Item Validation enabled&#xD;
 E3: I - Validating project&#xD;
 E3: I - Validation enabled for this project&#xD;
 E3: I - Closing project 'temp' without saving modifications...&#xD;
 E3: I - Opening Project  c:\appveyor\bin\E3.3DRoutingBridge\Mainline\E3.BridgeTest\TestFiles\Templates\Empty.e3s&#xD;
 E3: I - Updating internal structures: 200 cycles up to version 2505...&#xD;
 E3: 2305 &#xD;
 E3: 2306 &#xD;
 E3: 2307 &#xD;
 E3: 2308 &#xD;
 E3: 2309 &#xD;
 E3: 2310 &#xD;
 E3: 2311 &#xD;
 E3: 2312 &#xD;
 E3: 2399 &#xD;
 E3: 2400 &#xD;
 E3: 2401 &#xD;
 E3: 2402 &#xD;
 E3: 2403 &#xD;
 E3: 2404 &#xD;
 E3: 2405 &#xD;
 E3: 2406 &#xD;
 E3: 2407 &#xD;
 E3: 2408 &#xD;
 E3: 2499 &#xD;
 E3: 2500 &#xD;
 E3: 2501 &#xD;
 E3: 2502 &#xD;
 E3: 2503 &#xD;
 E3: 2504 &#xD;
 E3: OK.&#xD;
 E3: Project c:\appveyor\bin\E3.3DRoutingBridge\Mainline\E3.BridgeTest\TestFiles\Templates\Empty.e3s opened.&#xD;
 E3: W - Project has been opened in READ ONLY mode, you can't save any changes to the existing project!&#xD;
 E3: I - Item Validation enabled&#xD;
 E3: I - Validating project&#xD;
 E3: I - Validation enabled for this project&#xD;
 E3: repair_check_extended(0)&#xD;
 E3: --------------------------------------------------------------------------&#xD;
 E3: consistency check (17)....
&#xD;
 E3: ....
&#xD;
 E3: dump lost....
&#xD;
 E3: ....
&#xD;
 E3: new consistency check (45) and dump lost items (46)....
&#xD;
 E3: ....
&#xD;
 E3: - done -------------------------------------------------------------------
&#xD;
 E3: I - No known issues found&#xD;
 E3: Starting Harness Import import&#xD;
 E3: W - The sheet name must not contain following character: ; , &lt; &gt; ' space. Therefore, this characters are replaced by '_'.&#xD;
 E3: I - Formboard sheet 'TEST_AS_LV-_WIRING_HARNESS_B' was created.&#xD;
 E3: I - Closing project 'Empty' without saving modifications...&#xD;
 E3: Project c:\appveyor\bin\E3.3DRoutingBridge\Mainline\E3.BridgeTest\TestFiles\Templates\temp.e3s created.&#xD;
 E3: I - Item Validation enabled&#xD;
 E3: I - Validating project&#xD;
 E3: I - Validation enabled for this project&#xD;
 E3: I - Closing project 'temp' without saving modifications...&#xD;
 E3: I - Opening Project  c:\appveyor\bin\E3.3DRoutingBridge\Mainline\E3.BridgeTest\TestFiles\Templates\Empty.e3s&#xD;
 E3: I - Updating internal structures: 200 cycles up to version 2505...&#xD;
 E3: 2305 &#xD;
 E3: 2306 &#xD;
 E3: 2307 &#xD;
 E3: 2308 &#xD;
 E3: 2309 &#xD;
 E3: 2310 &#xD;
 E3: 2311 &#xD;
 E3: 2312 &#xD;
 E3: 2399 &#xD;
 E3: 2400 &#xD;
 E3: 2401 &#xD;
 E3: 2402 &#xD;
 E3: 2403 &#xD;
 E3: 2404 &#xD;
 E3: 2405 &#xD;
 E3: 2406 &#xD;
 E3: 2407 &#xD;
 E3: 2408 &#xD;
 E3: 2499 &#xD;
 E3: 2500 &#xD;
 E3: 2501 &#xD;
 E3: 2502 &#xD;
 E3: 2503 &#xD;
 E3: 2504 &#xD;
 E3: OK.&#xD;
 E3: Project c:\appveyor\bin\E3.3DRoutingBridge\Mainline\E3.BridgeTest\TestFiles\Templates\Empty.e3s opened.&#xD;
 E3: W - Project has been opened in READ ONLY mode, you can't save any changes to the existing project!&#xD;
 E3: I - Item Validation enabled&#xD;
 E3: I - Validating project&#xD;
 E3: I - Validation enabled for this project&#xD;
 E3: repair_check_extended(0)&#xD;
 E3: --------------------------------------------------------------------------&#xD;
 E3: consistency check (17)....
&#xD;
 E3: ....
&#xD;
 E3: dump lost....
&#xD;
 E3: ....
&#xD;
 E3: new consistency check (45) and dump lost items (46)....
&#xD;
 E3: ....
&#xD;
 E3: - done -------------------------------------------------------------------
&#xD;
 E3: I - No known issues found&#xD;
 E3: Starting Harness Import import&#xD;
 E3: W - The sheet name must not contain following character: ; , &lt; &gt; ' space. Therefore, this characters are replaced by '_'.&#xD;
 E3: W - Component 1-1564559-11.1 not found in database !&#xD;
 E3: W - Cannot load Component '1-1564559-11.1' from database - look in output window for details... &#xD;
 E3: E - Cannot create new device '1-1564559-1.1' with component '1-1564559-11.1'&#xD;
 E3: W - Component 59Z113-000-ZA.1 not found in database !&#xD;
 E3: W - Cannot load Component '59Z113-000-ZA.1' from database - look in output window for details... &#xD;
 E3: E - Cannot create new device '59Z113-000-Z.1' with component '59Z113-000-ZA.1'&#xD;
 E3: W - Component 59Z163-003-Z1.1 not found in database !&#xD;
 E3: W - Cannot load Component '59Z163-003-Z1.1' from database - look in output window for details... &#xD;
 E3: E - Cannot create new device '59Z163-003-Z.3' with component '59Z163-003-Z1.1'&#xD;
 E3: W - Component 12009100091.1 not found in database !&#xD;
 E3: W - Cannot load Component '12009100091.1' from database - look in output window for details... &#xD;
 E3: E - Cannot create new device '1200910009.1' with component '12009100091.1'&#xD;
 E3: W - Component 12009100091.1 not found in database !&#xD;
 E3: W - Cannot load Component '12009100091.1' from database - look in output window for details... &#xD;
 E3: E - Cannot create new device '1200910009.2' with component '12009100091.1'&#xD;
 E3: W - Component 59Z163-003-Z1.1 not found in database !&#xD;
 E3: W - Cannot load Component '59Z163-003-Z1.1' from database - look in output window for details... &#xD;
 E3: E - Cannot create new device '59Z163-003-Z.2' with component '59Z163-003-Z1.1'&#xD;
 E3: W - Component K3D-MX34032SF1-V3_JAE_Proprietary1.1 not found in database !&#xD;
 E3: W - Cannot load Component 'K3D-MX34032SF1-V3_JAE_Proprietary1.1' from database - look in output window for details... &#xD;
 E3: E - Cannot create new device 'W/W COOLING PUMP' with component 'K3D-MX34032SF1-V3_JAE_Proprietary1.1'&#xD;
 E3: W - Component 59Z113-000-ZA.1 not found in database !&#xD;
 E3: W - Cannot load Component '59Z113-000-ZA.1' from database - look in output window for details... &#xD;
 E3: E - Cannot create new device 'STBD CAM' with component '59Z113-000-ZA.1'&#xD;
 E3: W - Component 59Z113-000-ZA.1 not found in database !&#xD;
 E3: W - Cannot load Component '59Z113-000-ZA.1' from database - look in output window for details... &#xD;
 E3: E - Cannot create new device 'FR CAM' with component '59Z113-000-ZA.1'&#xD;
 E3: W - Component 3479100401.1 not found in database !&#xD;
 E3: W - Cannot load Component '3479100401.1' from database - look in output window for details... &#xD;
 E3: E - Cannot create new device '347910040.2' with component '3479100401.1'&#xD;
 E3: W - Component 3479100401.1 not found in database !&#xD;
 E3: W - Cannot load Component '3479100401.1' from database - look in output window for details... &#xD;
 E3: E - Cannot create new device '347910040.3' with component '3479100401.1'&#xD;
 E3: W - Component User Library-USB Type-C Plug -21.1 not found in database !&#xD;
 E3: W - Cannot load Component 'User Library-USB Type-C Plug -21.1' from database - look in output window for details... &#xD;
 E3: E - Cannot create new device 'User Library-USB Type-C Plug -2.1' with component 'User Library-USB Type-C Plug -21.1'&#xD;
 E3: W - Component 3479100401.1 not found in database !&#xD;
 E3: W - Cannot load Component '3479100401.1' from database - look in output window for details... &#xD;
 E3: E - Cannot create new device '347910040.1' with component '3479100401.1'&#xD;
 E3: W - Component 390130451.1 not found in database !&#xD;
 E3: W - Cannot load Component '390130451.1' from database - look in output window for details... &#xD;
 E3: E - Cannot create new device 'J15' with component '390130451.1'&#xD;
 E3: W - Component 390130451.1 not found in database !&#xD;
 E3: W - Cannot load Component '390130451.1' from database - look in output window for details... &#xD;
 E3: E - Cannot create new device 'J14' with component '390130451.1'&#xD;
 E3: W - Component 0390120401.1 not found in database !&#xD;
 E3: W - Cannot load Component '0390120401.1' from database - look in output window for details... &#xD;
 E3: E - Cannot create new device 'J17' with component '0390120401.1'&#xD;
 E3: W - Component 4281602121.1 not found in database !&#xD;
 E3: W - Cannot load Component '4281602121.1' from database - look in output window for details... &#xD;
 E3: E - Cannot create new device 'J20' with component '4281602121.1'&#xD;
 E3: W - Component 0390120401.1 not found in database !&#xD;
 E3: W - Cannot load Component '0390120401.1' from database - look in output window for details... &#xD;
 E3: E - Cannot create new device 'J29' with component '0390120401.1'&#xD;
 E3: W - Component 0390120401.1 not found in database !&#xD;
 E3: W - Cannot load Component '0390120401.1' from database - look in output window for details... &#xD;
 E3: E - Cannot create new device 'J31' with component '0390120401.1'&#xD;
 E3: W - Component 0390120401.1 not found in database !&#xD;
 E3: W - Cannot load Component '0390120401.1' from database - look in output window for details... &#xD;
 E3: E - Cannot create new device 'J35' with component '0390120401.1'&#xD;
 E3: W - Component CONN, PLACEHOLDER1.1 not found in database !&#xD;
 E3: W - Cannot load Component 'CONN, PLACEHOLDER1.1' from database - look in output window for details... &#xD;
 E3: E - Cannot create new device 'OCS DEV LAPTOP' with component 'CONN, PLACEHOLDER1.1'&#xD;
 E3: W - Component HDMI CONNECTOR1.1 not found in database !&#xD;
 E3: W - Cannot load Component 'HDMI CONNECTOR1.1' from database - look in output window for details... &#xD;
 E3: E - Cannot create new device 'HDMI CONNECTOR.2' with component 'HDMI CONNECTOR1.1'&#xD;
 E3: W - Component HDMI CONNECTOR1.1 not found in database !&#xD;
 E3: W - Cannot load Component 'HDMI CONNECTOR1.1' from database - look in output window for details... &#xD;
 E3: E - Cannot create new device 'HDMI SPLITTER' with component 'HDMI CONNECTOR1.1'&#xD;
 E3: W - Component TIC 10-033741.1 not found in database !&#xD;
 E3: W - Cannot load Component 'TIC 10-033741.1' from database - look in output window for details... &#xD;
 E3: E - Cannot create new device 'HDMI SPLITTER PWR' with component 'TIC 10-033741.1'&#xD;
 E3: W - Component CONN, PLACEHOLDER1.1 not found in database !&#xD;
 E3: W - Cannot load Component 'CONN, PLACEHOLDER1.1' from database - look in output window for details... &#xD;
 E3: E - Cannot create new device 'RSI PWR' with component 'CONN, PLACEHOLDER1.1'&#xD;
 E3: W - Component HDMI CONNECTOR1.1 not found in database !&#xD;
 E3: W - Cannot load Component 'HDMI CONNECTOR1.1' from database - look in output window for details... &#xD;
 E3: E - Cannot create new device 'HDMI CONNECTOR.1' with component 'HDMI CONNECTOR1.1'&#xD;
 E3: W - Component TIC 10-033741.1 not found in database !&#xD;
 E3: W - Cannot load Component 'TIC 10-033741.1' from database - look in output window for details... &#xD;
 E3: E - Cannot create new device 'TIC 10-03374.2' with component 'TIC 10-033741.1'&#xD;
 E3: W - Component TIC 10-033741.1 not found in database !&#xD;
 E3: W - Cannot load Component 'TIC 10-033741.1' from database - look in output window for details... &#xD;
 E3: E - Cannot create new device 'TIC 10-03374.3' with component 'TIC 10-033741.1'&#xD;
 E3: W - Component 1-1718645-11.1 not found in database !&#xD;
 E3: W - Cannot load Component '1-1718645-11.1' from database - look in output window for details... &#xD;
 E3: E - Cannot create new device '1-1718645-1.4' with component '1-1718645-11.1'&#xD;
 E3: W - Component 1-1718645-11.1 not found in database !&#xD;
 E3: W - Cannot load Component '1-1718645-11.1' from database - look in output window for details... &#xD;
 E3: E - Cannot create new device '1-1718645-1.5' with component '1-1718645-11.1'&#xD;
 E3: W - Component CONN, INLINE, 2P, 025, M, RH, SEALED, BLACK, S0151.1 not found in database !&#xD;
 E3: W - Cannot load Component 'CONN, INLINE, 2P, 025, M, RH, SEALED, BLACK, S0151.1' from database - look in output window for details... &#xD;
 E3: E - Cannot create new device 'CONN, INLINE, 2P, 025, M, RH, SEALED, BLACK, S015.5' with component 'CONN, INLINE, 2P, 025, M, RH, SEALED, BLACK, S0151.1'&#xD;
 E3: W - Component 1-1718645-11.1 not found in database !&#xD;
 E3: W - Cannot load Component '1-1718645-11.1' from database - look in output window for details... &#xD;
 E3: E - Cannot create new device '1-1718645-1.6' with component '1-1718645-11.1'&#xD;
 E3: W - Component 6098-46401.1 not found in database !&#xD;
 E3: W - Cannot load Component '6098-46401.1' from database - look in output window for details... &#xD;
 E3: E - Cannot create new device 'PIB JX JC' with component '6098-46401.1'&#xD;
 E3: W - Component 1-1718645-11.1 not found in database !&#xD;
 E3: W - Cannot load Component '1-1718645-11.1' from database - look in output window for details... &#xD;
 E3: E - Cannot create new device '1-1718645-1.1' with component '1-1718645-11.1'&#xD;
 E3: W - Component 1-1718645-11.1 not found in database !&#xD;
 E3: W - Cannot load Component '1-1718645-11.1' from database - look in output window for details... &#xD;
 E3: E - Cannot create new device '1-1718645-1.2' with component '1-1718645-11.1'&#xD;
 E3: W - Component CONN, PLACEHOLDER1.1 not found in database !&#xD;
 E3: W - Cannot load Component 'CONN, PLACEHOLDER1.1' from database - look in output window for details... &#xD;
 E3: E - Cannot create new device 'SAMSARA ELD' with component 'CONN, PLACEHOLDER1.1'&#xD;
 E3: W - Component 1-1718645-11.1 not found in database !&#xD;
 E3: W - Cannot load Component '1-1718645-11.1' from database - look in output window for details... &#xD;
 E3: E - Cannot create new device '1-1718645-1.3' with component '1-1718645-11.1'&#xD;
 E3: W - Component HDMI CONNECTOR1.1 not found in database !&#xD;
 E3: W - Cannot load Component 'HDMI CONNECTOR1.1' from database - look in output window for details... &#xD;
 E3: E - Cannot create new device 'USB 2.0 DONGLE-CSL' with component 'HDMI CONNECTOR1.1'&#xD;
 E3: W - Component HDMI CONNECTOR1.1 not found in database !&#xD;
 E3: W - Cannot load Component 'HDMI CONNECTOR1.1' from database - look in output window for details... &#xD;
 E3: E - Cannot create new device 'USB 2.0 DONGLE' with component 'HDMI CONNECTOR1.1'&#xD;
 E3: Fixing '80046964.1' can not be imported. It has no component code and no default component for fixings is defined!&#xD;
 E3: Fixing 'SPOT TAPE 15-20.1' can not be imported. It has no component code and no default component for fixings is defined!&#xD;
 E3: Fixing 'SPOT TAPE 15-20.2' can not be imported. It has no component code and no default component for fixings is defined!&#xD;
 E3: Fixing '80030054_2b.1' can not be imported. It has no component code and no default component for fixings is defined!&#xD;
 E3: Fixing '80030054_2b.2' can not be imported. It has no component code and no default component for fixings is defined!&#xD;
 E3: I - Formboard sheet 'WIRE_HARN__ASSM__FLOOR__STBD__MK1__SAM1.1' was created.&#xD;
 E3: I - Closing project 'Empty' without saving modifications...&#xD;

---Finish: 10.10.2023 - 12:26:32---</StdOut>
      </Output>
    </UnitTestResult>
    <UnitTestResult executionId="4431099b-8086-4a65-bd22-95ab4bee34be" testId="371beaba-de00-4a17-85b4-6ad72594c2d5" testName="KBL_FL3T_14A005_CA" computerName="F27715BE3A7B" duration="00:01:50.4714080" startTime="2023-10-10T12:12:01.9322438+02:00" endTime="2023-10-10T12:13:52.4023825+02:00" testType="13cdc9d9-ddb5-4fa4-a97d-d965ccfc6d4b" outcome="Passed" testListId="8c84fa94-04c1-424b-9868-57a2d4851a1d" relativeResultsDirectory="4431099b-8086-4a65-bd22-95ab4bee34be">
      <Output>
        <StdOut>[12:12:01]  Start Test: KBL_FL3T_14A005_CA&#xD;
[12:12:02]  Defining database with name Standard...
Given paths are: c:\appveyor\bin\E3.3DRoutingBridge\Mainline\E3.BridgeTest\TestFiles\KBL_Import_Tests\..\Databases\Standard\Components.mdb	c:\appveyor\bin\E3.3DRoutingBridge\Mainline\E3.BridgeTest\TestFiles\KBL_Import_Tests\..\Databases\Standard\symbols.mdb	c:\appveyor\bin\E3.3DRoutingBridge\Mainline\E3.BridgeTest\TestFiles\KBL_Import_Tests\..\Databases\Standard\Configuration.mdb&#xD;
[12:12:07]  Setting current database Standard&#xD;
[12:12:08]  E3 open project&#xD;
[12:12:08]  Doing repaircheck...&#xD;
[12:12:09]  Tool startet: c:\\appveyor\\bin\\E3.3DRoutingBridge\\Mainline\\bin\\Release\\x64\\E3_3DRoutingBridge.exe&#xD;
[12:13:50]  Tool fertig: c:\\appveyor\\bin\\E3.3DRoutingBridge\\Mainline\\bin\\Release\\x64\\E3_3DRoutingBridge.exe : ExitCode 0&#xD;
[12:13:51]  test.NAME: KBL_FL3T_14A005_CA&#xD;
[12:13:51]  preparedOutputFile: c:\appveyor\bin\E3.3DRoutingBridge\Mainline\E3.BridgeTest\TestFiles\KBL_Import_Tests\Results\2023-10-10--12-13-51_KBL_FL3T_14A005_CA_temp.xml&#xD;
[12:13:51]  preparedReferenceFile: c:\appveyor\bin\E3.3DRoutingBridge\Mainline\E3.BridgeTest\TestFiles\KBL_Import_Tests\Results\2023-10-10--12-13-51_KBL_FL3T_14A005_CA_ref_temp.xml&#xD;
[12:13:51]  Start CompareXML: xmlExportFileName: c:\appveyor\bin\E3.3DRoutingBridge\Mainline\E3.BridgeTest\TestFiles\KBL_Import_Tests\Results\2023-10-10--12-13-51_KBL_FL3T_14A005_CA_temp.xml to xmlRefFileName: c:\appveyor\bin\E3.3DRoutingBridge\Mainline\E3.BridgeTest\TestFiles\KBL_Import_Tests\Results\2023-10-10--12-13-51_KBL_FL3T_14A005_CA_ref_temp.xml&#xD;
[12:13:52]  Test KBL_FL3T_14A005_CA for Tool 3DRoutingBridge equal to Reference!&#xD;
[12:13:52]  Der Test  3DRoutingBridge is successful!&#xD;
[12:13:52]  TestCleanup</StdOut>
      </Output>
    </UnitTestResult>
    <UnitTestResult executionId="6e6d2828-8c98-4d31-83e2-65bcedebd36d" testId="b59efffc-10fc-440f-9e4f-4a99da8f6cca" testName="KBL_FNA4164913_1_conf2" computerName="F27715BE3A7B" duration="00:02:41.8041776" startTime="2023-10-10T12:16:30.5821141+02:00" endTime="2023-10-10T12:19:12.3813630+02:00" testType="13cdc9d9-ddb5-4fa4-a97d-d965ccfc6d4b" outcome="Passed" testListId="8c84fa94-04c1-424b-9868-57a2d4851a1d" relativeResultsDirectory="6e6d2828-8c98-4d31-83e2-65bcedebd36d">
      <Output>
        <StdOut>[12:16:30]  Start Test: KBL_FNA4164913_1_conf2&#xD;
[12:16:31]  Defining database with name Standard...
Given paths are: c:\appveyor\bin\E3.3DRoutingBridge\Mainline\E3.BridgeTest\TestFiles\KBL_Import_Tests\..\Databases\Standard\Components.mdb	c:\appveyor\bin\E3.3DRoutingBridge\Mainline\E3.BridgeTest\TestFiles\KBL_Import_Tests\..\Databases\Standard\symbols.mdb	c:\appveyor\bin\E3.3DRoutingBridge\Mainline\E3.BridgeTest\TestFiles\KBL_Import_Tests\..\Databases\Standard\Configuration.mdb&#xD;
[12:16:35]  Setting current database Standard&#xD;
[12:16:36]  E3 open project&#xD;
[12:16:36]  Doing repaircheck...&#xD;
[12:16:37]  Tool startet: c:\\appveyor\\bin\\E3.3DRoutingBridge\\Mainline\\bin\\Release\\x64\\E3_3DRoutingBridge.exe&#xD;
[12:19:10]  Tool fertig: c:\\appveyor\\bin\\E3.3DRoutingBridge\\Mainline\\bin\\Release\\x64\\E3_3DRoutingBridge.exe : ExitCode 0&#xD;
[12:19:11]  test.NAME: KBL_FNA4164913_1_conf2&#xD;
[12:19:11]  preparedOutputFile: c:\appveyor\bin\E3.3DRoutingBridge\Mainline\E3.BridgeTest\TestFiles\KBL_Import_Tests\Results\2023-10-10--12-19-11_KBL_FNA4164913_1_conf2_temp.xml&#xD;
[12:19:11]  preparedReferenceFile: c:\appveyor\bin\E3.3DRoutingBridge\Mainline\E3.BridgeTest\TestFiles\KBL_Import_Tests\Results\2023-10-10--12-19-11_KBL_FNA4164913_1_conf2_ref_temp.xml&#xD;
[12:19:11]  Start CompareXML: xmlExportFileName: c:\appveyor\bin\E3.3DRoutingBridge\Mainline\E3.BridgeTest\TestFiles\KBL_Import_Tests\Results\2023-10-10--12-19-11_KBL_FNA4164913_1_conf2_temp.xml to xmlRefFileName: c:\appveyor\bin\E3.3DRoutingBridge\Mainline\E3.BridgeTest\TestFiles\KBL_Import_Tests\Results\2023-10-10--12-19-11_KBL_FNA4164913_1_conf2_ref_temp.xml&#xD;
[12:19:12]  Test KBL_FNA4164913_1_conf2 for Tool 3DRoutingBridge equal to Reference!&#xD;
[12:19:12]  Der Test  3DRoutingBridge is successful!&#xD;
[12:19:12]  TestCleanup</StdOut>
      </Output>
    </UnitTestResult>
    <UnitTestResult executionId="affa7e1f-bbd2-45bc-ab72-f2ab70ab74ff" testId="807f20d1-69ec-44f9-aa29-7c8bb4e1f304" testName="KBL_BMW_178_MZ_ZB_LTG_STOSSFAENGER_VORNE_M_SP_G07_PVL" computerName="F27715BE3A7B" duration="00:00:47.0000345" startTime="2023-10-10T12:10:41.9815687+02:00" endTime="2023-10-10T12:11:28.9828626+02:00" testType="13cdc9d9-ddb5-4fa4-a97d-d965ccfc6d4b" outcome="Passed" testListId="8c84fa94-04c1-424b-9868-57a2d4851a1d" relativeResultsDirectory="affa7e1f-bbd2-45bc-ab72-f2ab70ab74ff">
      <Output>
        <StdOut>[12:10:41]  Start Test: KBL_BMW_178_MZ_ZB_LTG_STOSSFAENGER_VORNE_M_SP_G07_PVL&#xD;
[12:10:42]  Defining database with name Standard...
Given paths are: c:\appveyor\bin\E3.3DRoutingBridge\Mainline\E3.BridgeTest\TestFiles\KBL_Import_Tests\..\Databases\Standard\Components.mdb	c:\appveyor\bin\E3.3DRoutingBridge\Mainline\E3.BridgeTest\TestFiles\KBL_Import_Tests\..\Databases\Standard\symbols.mdb	c:\appveyor\bin\E3.3DRoutingBridge\Mainline\E3.BridgeTest\TestFiles\KBL_Import_Tests\..\Databases\Standard\Configuration.mdb&#xD;
[12:10:46]  Setting current database Standard&#xD;
[12:10:47]  E3 open project&#xD;
[12:10:48]  Doing repaircheck...&#xD;
[12:10:48]  Tool startet: c:\\appveyor\\bin\\E3.3DRoutingBridge\\Mainline\\bin\\Release\\x64\\E3_3DRoutingBridge.exe&#xD;
[12:11:28]  Tool fertig: c:\\appveyor\\bin\\E3.3DRoutingBridge\\Mainline\\bin\\Release\\x64\\E3_3DRoutingBridge.exe : ExitCode 0&#xD;
[12:11:28]  test.NAME: KBL_BMW_178_MZ_ZB_LTG_STOSSFAENGER_VORNE_M_SP_G07_PVL&#xD;
[12:11:28]  preparedOutputFile: c:\appveyor\bin\E3.3DRoutingBridge\Mainline\E3.BridgeTest\TestFiles\KBL_Import_Tests\Results\2023-10-10--12-11-28_KBL_BMW_178_MZ_ZB_LTG_STOSSFAENGER_VORNE_M_SP_G07_PVL_temp.xml&#xD;
[12:11:28]  preparedReferenceFile: c:\appveyor\bin\E3.3DRoutingBridge\Mainline\E3.BridgeTest\TestFiles\KBL_Import_Tests\Results\2023-10-10--12-11-28_KBL_BMW_178_MZ_ZB_LTG_STOSSFAENGER_VORNE_M_SP_G07_PVL_ref_temp.xml&#xD;
[12:11:28]  Start CompareXML: xmlExportFileName: c:\appveyor\bin\E3.3DRoutingBridge\Mainline\E3.BridgeTest\TestFiles\KBL_Import_Tests\Results\2023-10-10--12-11-28_KBL_BMW_178_MZ_ZB_LTG_STOSSFAENGER_VORNE_M_SP_G07_PVL_temp.xml to xmlRefFileName: c:\appveyor\bin\E3.3DRoutingBridge\Mainline\E3.BridgeTest\TestFiles\KBL_Import_Tests\Results\2023-10-10--12-11-28_KBL_BMW_178_MZ_ZB_LTG_STOSSFAENGER_VORNE_M_SP_G07_PVL_ref_temp.xml&#xD;
[12:11:28]  Test KBL_BMW_178_MZ_ZB_LTG_STOSSFAENGER_VORNE_M_SP_G07_PVL for Tool 3DRoutingBridge equal to Reference!&#xD;
[12:11:28]  Der Test  3DRoutingBridge is successful!&#xD;
[12:11:28]  TestCleanup</StdOut>
      </Output>
    </UnitTestResult>
    <UnitTestResult executionId="96936a13-a916-49c0-81f1-dbbde134df9e" testId="6d3a1f60-b8a4-4222-9e7f-e29474bedce1" testName="KBL_TEST_AS_LV_WIRING_HARNESS_B" computerName="F27715BE3A7B" duration="00:00:20.0019212" startTime="2023-10-10T12:24:23.8139798+02:00" endTime="2023-10-10T12:24:43.8148692+02:00" testType="13cdc9d9-ddb5-4fa4-a97d-d965ccfc6d4b" outcome="Passed" testListId="8c84fa94-04c1-424b-9868-57a2d4851a1d" relativeResultsDirectory="96936a13-a916-49c0-81f1-dbbde134df9e">
      <Output>
        <StdOut>[12:24:23]  Start Test: KBL_TEST_AS_LV_WIRING_HARNESS_B&#xD;
[12:24:24]  Defining database with name Standard...
Given paths are: c:\appveyor\bin\E3.3DRoutingBridge\Mainline\E3.BridgeTest\TestFiles\KBL_Import_Tests\..\Databases\Standard\Components.mdb	c:\appveyor\bin\E3.3DRoutingBridge\Mainline\E3.BridgeTest\TestFiles\KBL_Import_Tests\..\Databases\Standard\symbols.mdb	c:\appveyor\bin\E3.3DRoutingBridge\Mainline\E3.BridgeTest\TestFiles\KBL_Import_Tests\..\Databases\Standard\Configuration.mdb&#xD;
[12:24:28]  Setting current database Standard&#xD;
[12:24:29]  E3 open project&#xD;
[12:24:29]  Doing repaircheck...&#xD;
[12:24:30]  Tool startet: c:\\appveyor\\bin\\E3.3DRoutingBridge\\Mainline\\bin\\Release\\x64\\E3_3DRoutingBridge.exe&#xD;
[12:24:43]  Tool fertig: c:\\appveyor\\bin\\E3.3DRoutingBridge\\Mainline\\bin\\Release\\x64\\E3_3DRoutingBridge.exe : ExitCode 0&#xD;
[12:24:43]  test.NAME: KBL_TEST_AS_LV_WIRING_HARNESS_B&#xD;
[12:24:43]  preparedOutputFile: c:\appveyor\bin\E3.3DRoutingBridge\Mainline\E3.BridgeTest\TestFiles\KBL_Import_Tests\Results\2023-10-10--12-24-43_KBL_TEST_AS_LV_WIRING_HARNESS_B_temp.xml&#xD;
[12:24:43]  preparedReferenceFile: c:\appveyor\bin\E3.3DRoutingBridge\Mainline\E3.BridgeTest\TestFiles\KBL_Import_Tests\Results\2023-10-10--12-24-43_KBL_TEST_AS_LV_WIRING_HARNESS_B_ref_temp.xml&#xD;
[12:24:43]  Start CompareXML: xmlExportFileName: c:\appveyor\bin\E3.3DRoutingBridge\Mainline\E3.BridgeTest\TestFiles\KBL_Import_Tests\Results\2023-10-10--12-24-43_KBL_TEST_AS_LV_WIRING_HARNESS_B_temp.xml to xmlRefFileName: c:\appveyor\bin\E3.3DRoutingBridge\Mainline\E3.BridgeTest\TestFiles\KBL_Import_Tests\Results\2023-10-10--12-24-43_KBL_TEST_AS_LV_WIRING_HARNESS_B_ref_temp.xml&#xD;
[12:24:43]  Test KBL_TEST_AS_LV_WIRING_HARNESS_B for Tool 3DRoutingBridge equal to Reference!&#xD;
[12:24:43]  Der Test  3DRoutingBridge is successful!&#xD;
[12:24:43]  TestCleanup</StdOut>
      </Output>
    </UnitTestResult>
    <UnitTestResult executionId="b08efa0f-aa7d-468f-b4be-554e2ef1307d" testId="9713f6bc-6635-4d27-917c-7915eaf5da00" testName="KBL_FL3T_SAMPLE_ASM2_1" computerName="F27715BE3A7B" duration="00:00:24.3499799" startTime="2023-10-10T12:13:52.4023825+02:00" endTime="2023-10-10T12:14:16.7532788+02:00" testType="13cdc9d9-ddb5-4fa4-a97d-d965ccfc6d4b" outcome="Passed" testListId="8c84fa94-04c1-424b-9868-57a2d4851a1d" relativeResultsDirectory="b08efa0f-aa7d-468f-b4be-554e2ef1307d">
      <Output>
        <StdOut>[12:13:52]  Start Test: KBL_FL3T_SAMPLE_ASM2_1&#xD;
[12:13:53]  Defining database with name Standard...
Given paths are: c:\appveyor\bin\E3.3DRoutingBridge\Mainline\E3.BridgeTest\TestFiles\KBL_Import_Tests\..\Databases\Standard\Components.mdb	c:\appveyor\bin\E3.3DRoutingBridge\Mainline\E3.BridgeTest\TestFiles\KBL_Import_Tests\..\Databases\Standard\symbols.mdb	c:\appveyor\bin\E3.3DRoutingBridge\Mainline\E3.BridgeTest\TestFiles\KBL_Import_Tests\..\Databases\Standard\Configuration.mdb&#xD;
[12:13:57]  Setting current database Standard&#xD;
[12:13:58]  E3 open project&#xD;
[12:13:58]  Doing repaircheck...&#xD;
[12:13:59]  Tool startet: c:\\appveyor\\bin\\E3.3DRoutingBridge\\Mainline\\bin\\Release\\x64\\E3_3DRoutingBridge.exe&#xD;
[12:14:16]  Tool fertig: c:\\appveyor\\bin\\E3.3DRoutingBridge\\Mainline\\bin\\Release\\x64\\E3_3DRoutingBridge.exe : ExitCode 0&#xD;
[12:14:16]  test.NAME: KBL_FL3T_SAMPLE_ASM2_1&#xD;
[12:14:16]  preparedOutputFile: c:\appveyor\bin\E3.3DRoutingBridge\Mainline\E3.BridgeTest\TestFiles\KBL_Import_Tests\Results\2023-10-10--12-14-16_KBL_FL3T_SAMPLE_ASM2_1_temp.xml&#xD;
[12:14:16]  preparedReferenceFile: c:\appveyor\bin\E3.3DRoutingBridge\Mainline\E3.BridgeTest\TestFiles\KBL_Import_Tests\Results\2023-10-10--12-14-16_KBL_FL3T_SAMPLE_ASM2_1_ref_temp.xml&#xD;
[12:14:16]  Start CompareXML: xmlExportFileName: c:\appveyor\bin\E3.3DRoutingBridge\Mainline\E3.BridgeTest\TestFiles\KBL_Import_Tests\Results\2023-10-10--12-14-16_KBL_FL3T_SAMPLE_ASM2_1_temp.xml to xmlRefFileName: c:\appveyor\bin\E3.3DRoutingBridge\Mainline\E3.BridgeTest\TestFiles\KBL_Import_Tests\Results\2023-10-10--12-14-16_KBL_FL3T_SAMPLE_ASM2_1_ref_temp.xml&#xD;
[12:14:16]  Test KBL_FL3T_SAMPLE_ASM2_1 for Tool 3DRoutingBridge equal to Reference!&#xD;
[12:14:16]  Der Test  3DRoutingBridge is successful!&#xD;
[12:14:16]  TestCleanup</StdOut>
      </Output>
    </UnitTestResult>
    <UnitTestResult executionId="822822a6-b3ba-4049-a29d-a605b8b5c8d8" testId="ed3baf64-2384-4f1a-9550-35a836ab54df" testName="KBL_LX6X_14401_ERA_1" computerName="F27715BE3A7B" duration="00:01:39.7263468" startTime="2023-10-10T12:20:23.9055056+02:00" endTime="2023-10-10T12:22:03.6273943+02:00" testType="13cdc9d9-ddb5-4fa4-a97d-d965ccfc6d4b" outcome="Passed" testListId="8c84fa94-04c1-424b-9868-57a2d4851a1d" relativeResultsDirectory="822822a6-b3ba-4049-a29d-a605b8b5c8d8">
      <Output>
        <StdOut>[12:20:23]  Start Test: KBL_LX6X_14401_ERA_1&#xD;
[12:20:24]  Defining database with name Standard...
Given paths are: c:\appveyor\bin\E3.3DRoutingBridge\Mainline\E3.BridgeTest\TestFiles\KBL_Import_Tests\..\Databases\Standard\Components.mdb	c:\appveyor\bin\E3.3DRoutingBridge\Mainline\E3.BridgeTest\TestFiles\KBL_Import_Tests\..\Databases\Standard\symbols.mdb	c:\appveyor\bin\E3.3DRoutingBridge\Mainline\E3.BridgeTest\TestFiles\KBL_Import_Tests\..\Databases\Standard\Configuration.mdb&#xD;
[12:20:28]  Setting current database Standard&#xD;
[12:20:29]  E3 open project&#xD;
[12:20:29]  Doing repaircheck...&#xD;
[12:20:30]  Tool startet: c:\\appveyor\\bin\\E3.3DRoutingBridge\\Mainline\\bin\\Release\\x64\\E3_3DRoutingBridge.exe&#xD;
[12:22:01]  Tool fertig: c:\\appveyor\\bin\\E3.3DRoutingBridge\\Mainline\\bin\\Release\\x64\\E3_3DRoutingBridge.exe : ExitCode 0&#xD;
[12:22:02]  test.NAME: KBL_LX6X_14401_ERA_1&#xD;
[12:22:02]  preparedOutputFile: c:\appveyor\bin\E3.3DRoutingBridge\Mainline\E3.BridgeTest\TestFiles\KBL_Import_Tests\Results\2023-10-10--12-22-02_KBL_LX6X_14401_ERA_1_temp.xml&#xD;
[12:22:02]  preparedReferenceFile: c:\appveyor\bin\E3.3DRoutingBridge\Mainline\E3.BridgeTest\TestFiles\KBL_Import_Tests\Results\2023-10-10--12-22-02_KBL_LX6X_14401_ERA_1_ref_temp.xml&#xD;
[12:22:02]  Start CompareXML: xmlExportFileName: c:\appveyor\bin\E3.3DRoutingBridge\Mainline\E3.BridgeTest\TestFiles\KBL_Import_Tests\Results\2023-10-10--12-22-02_KBL_LX6X_14401_ERA_1_temp.xml to xmlRefFileName: c:\appveyor\bin\E3.3DRoutingBridge\Mainline\E3.BridgeTest\TestFiles\KBL_Import_Tests\Results\2023-10-10--12-22-02_KBL_LX6X_14401_ERA_1_ref_temp.xml&#xD;
[12:22:03]  Test KBL_LX6X_14401_ERA_1 for Tool 3DRoutingBridge equal to Reference!&#xD;
[12:22:03]  Der Test  3DRoutingBridge is successful!&#xD;
[12:22:03]  TestCleanup</StdOut>
      </Output>
    </UnitTestResult>
    <UnitTestResult executionId="dd1a42ef-9915-44a0-8dc5-f8259a75a340" testId="c83534c0-9223-4af7-b5e4-82b9e56da7c5" testName="KBL_SuperSample" computerName="F27715BE3A7B" duration="00:00:29.4754624" startTime="2023-10-10T12:23:35.5973918+02:00" endTime="2023-10-10T12:24:05.0738742+02:00" testType="13cdc9d9-ddb5-4fa4-a97d-d965ccfc6d4b" outcome="Passed" testListId="8c84fa94-04c1-424b-9868-57a2d4851a1d" relativeResultsDirectory="dd1a42ef-9915-44a0-8dc5-f8259a75a340">
      <Output>
        <StdOut>[12:23:35]  Start Test: KBL_SuperSample&#xD;
[12:23:36]  Defining database with name Standard...
Given paths are: c:\appveyor\bin\E3.3DRoutingBridge\Mainline\E3.BridgeTest\TestFiles\KBL_Import_Tests\..\Databases\Standard\Components.mdb	c:\appveyor\bin\E3.3DRoutingBridge\Mainline\E3.BridgeTest\TestFiles\KBL_Import_Tests\..\Databases\Standard\symbols.mdb	c:\appveyor\bin\E3.3DRoutingBridge\Mainline\E3.BridgeTest\TestFiles\KBL_Import_Tests\..\Databases\Standard\Configuration.mdb&#xD;
[12:23:40]  Setting current database Standard&#xD;
[12:23:41]  E3 open project&#xD;
[12:23:41]  Doing repaircheck...&#xD;
[12:23:42]  Tool startet: c:\\appveyor\\bin\\E3.3DRoutingBridge\\Mainline\\bin\\Release\\x64\\E3_3DRoutingBridge.exe&#xD;
[12:24:04]  Tool fertig: c:\\appveyor\\bin\\E3.3DRoutingBridge\\Mainline\\bin\\Release\\x64\\E3_3DRoutingBridge.exe : ExitCode 0&#xD;
[12:24:04]  test.NAME: KBL_SuperSample&#xD;
[12:24:04]  preparedOutputFile: c:\appveyor\bin\E3.3DRoutingBridge\Mainline\E3.BridgeTest\TestFiles\KBL_Import_Tests\Results\2023-10-10--12-24-04_KBL_SuperSample_temp.xml&#xD;
[12:24:04]  preparedReferenceFile: c:\appveyor\bin\E3.3DRoutingBridge\Mainline\E3.BridgeTest\TestFiles\KBL_Import_Tests\Results\2023-10-10--12-24-04_KBL_SuperSample_ref_temp.xml&#xD;
[12:24:04]  Start CompareXML: xmlExportFileName: c:\appveyor\bin\E3.3DRoutingBridge\Mainline\E3.BridgeTest\TestFiles\KBL_Import_Tests\Results\2023-10-10--12-24-04_KBL_SuperSample_temp.xml to xmlRefFileName: c:\appveyor\bin\E3.3DRoutingBridge\Mainline\E3.BridgeTest\TestFiles\KBL_Import_Tests\Results\2023-10-10--12-24-04_KBL_SuperSample_ref_temp.xml&#xD;
[12:24:04]  Test KBL_SuperSample for Tool 3DRoutingBridge equal to Reference!&#xD;
[12:24:04]  Der Test  3DRoutingBridge is successful!&#xD;
[12:24:04]  TestCleanup</StdOut>
      </Output>
    </UnitTestResult>
    <UnitTestResult executionId="6eaaf6da-08a0-42e3-ac19-a0c1b083f04e" testId="a146e2ca-c821-4425-b1c2-f54079955c19" testName="KBL_1D001826_CREO6_ASM" computerName="F27715BE3A7B" duration="00:01:13.5984164" startTime="2023-10-10T12:01:40.8595964+02:00" endTime="2023-10-10T12:02:54.4607090+02:00" testType="13cdc9d9-ddb5-4fa4-a97d-d965ccfc6d4b" outcome="Passed" testListId="8c84fa94-04c1-424b-9868-57a2d4851a1d" relativeResultsDirectory="6eaaf6da-08a0-42e3-ac19-a0c1b083f04e">
      <Output>
        <StdOut>[12:01:40]  Start Test: KBL_1D001826_CREO6_ASM&#xD;
[12:01:41]  Defining database with name Standard...
Given paths are: c:\appveyor\bin\E3.3DRoutingBridge\Mainline\E3.BridgeTest\TestFiles\KBL_Import_Tests\..\Databases\Standard\Components.mdb	c:\appveyor\bin\E3.3DRoutingBridge\Mainline\E3.BridgeTest\TestFiles\KBL_Import_Tests\..\Databases\Standard\symbols.mdb	c:\appveyor\bin\E3.3DRoutingBridge\Mainline\E3.BridgeTest\TestFiles\KBL_Import_Tests\..\Databases\Standard\Configuration.mdb&#xD;
[12:01:46]  Setting current database Standard&#xD;
[12:01:46]  E3 open project&#xD;
[12:01:47]  Doing repaircheck...&#xD;
[12:01:47]  Tool startet: c:\\appveyor\\bin\\E3.3DRoutingBridge\\Mainline\\bin\\Release\\x64\\E3_3DRoutingBridge.exe&#xD;
[12:02:48]  Tool fertig: c:\\appveyor\\bin\\E3.3DRoutingBridge\\Mainline\\bin\\Release\\x64\\E3_3DRoutingBridge.exe : ExitCode 0&#xD;
[12:02:51]  test.NAME: KBL_1D001826_CREO6_ASM&#xD;
[12:02:51]  preparedOutputFile: c:\appveyor\bin\E3.3DRoutingBridge\Mainline\E3.BridgeTest\TestFiles\KBL_Import_Tests\Results\2023-10-10--12-02-51_KBL_1D001826_CREO6_ASM_temp.xml&#xD;
[12:02:51]  preparedReferenceFile: c:\appveyor\bin\E3.3DRoutingBridge\Mainline\E3.BridgeTest\TestFiles\KBL_Import_Tests\Results\2023-10-10--12-02-51_KBL_1D001826_CREO6_ASM_ref_temp.xml&#xD;
[12:02:51]  Start CompareXML: xmlExportFileName: c:\appveyor\bin\E3.3DRoutingBridge\Mainline\E3.BridgeTest\TestFiles\KBL_Import_Tests\Results\2023-10-10--12-02-51_KBL_1D001826_CREO6_ASM_temp.xml to xmlRefFileName: c:\appveyor\bin\E3.3DRoutingBridge\Mainline\E3.BridgeTest\TestFiles\KBL_Import_Tests\Results\2023-10-10--12-02-51_KBL_1D001826_CREO6_ASM_ref_temp.xml&#xD;
[12:02:54]  Test KBL_1D001826_CREO6_ASM for Tool 3DRoutingBridge equal to Reference!&#xD;
[12:02:54]  Der Test  3DRoutingBridge is successful!&#xD;
[12:02:54]  TestCleanup</StdOut>
      </Output>
    </UnitTestResult>
    <UnitTestResult executionId="24845019-7bd4-4643-9275-622453cef636" testId="1a7ed6d3-6cfc-4497-95b0-18df78033153" testName="KBL_201106_CREO_SPLCE_EXMPL_F_ZUKEN_ASM" computerName="F27715BE3A7B" duration="00:00:20.3941558" startTime="2023-10-10T12:04:07.1556656+02:00" endTime="2023-10-10T12:04:27.5551766+02:00" testType="13cdc9d9-ddb5-4fa4-a97d-d965ccfc6d4b" outcome="Passed" testListId="8c84fa94-04c1-424b-9868-57a2d4851a1d" relativeResultsDirectory="24845019-7bd4-4643-9275-622453cef636">
      <Output>
        <StdOut>[12:04:07]  Start Test: KBL_201106_CREO_SPLCE_EXMPL_F_ZUKEN_ASM&#xD;
[12:04:07]  Defining database with name Standard...
Given paths are: c:\appveyor\bin\E3.3DRoutingBridge\Mainline\E3.BridgeTest\TestFiles\KBL_Import_Tests\..\Databases\Standard\Components.mdb	c:\appveyor\bin\E3.3DRoutingBridge\Mainline\E3.BridgeTest\TestFiles\KBL_Import_Tests\..\Databases\Standard\symbols.mdb	c:\appveyor\bin\E3.3DRoutingBridge\Mainline\E3.BridgeTest\TestFiles\KBL_Import_Tests\..\Databases\Standard\Configuration.mdb&#xD;
[12:04:12]  Setting current database Standard&#xD;
[12:04:12]  E3 open project&#xD;
[12:04:13]  Doing repaircheck...&#xD;
[12:04:13]  Tool startet: c:\\appveyor\\bin\\E3.3DRoutingBridge\\Mainline\\bin\\Release\\x64\\E3_3DRoutingBridge.exe&#xD;
[12:04:27]  Tool fertig: c:\\appveyor\\bin\\E3.3DRoutingBridge\\Mainline\\bin\\Release\\x64\\E3_3DRoutingBridge.exe : ExitCode 0&#xD;
[12:04:27]  test.NAME: KBL_201106_CREO_SPLCE_EXMPL_F_ZUKEN_ASM&#xD;
[12:04:27]  preparedOutputFile: c:\appveyor\bin\E3.3DRoutingBridge\Mainline\E3.BridgeTest\TestFiles\KBL_Import_Tests\Results\2023-10-10--12-04-27_KBL_201106_CREO_SPLCE_EXMPL_F_ZUKEN_ASM_temp.xml&#xD;
[12:04:27]  preparedReferenceFile: c:\appveyor\bin\E3.3DRoutingBridge\Mainline\E3.BridgeTest\TestFiles\KBL_Import_Tests\Results\2023-10-10--12-04-27_KBL_201106_CREO_SPLCE_EXMPL_F_ZUKEN_ASM_ref_temp.xml&#xD;
[12:04:27]  Start CompareXML: xmlExportFileName: c:\appveyor\bin\E3.3DRoutingBridge\Mainline\E3.BridgeTest\TestFiles\KBL_Import_Tests\Results\2023-10-10--12-04-27_KBL_201106_CREO_SPLCE_EXMPL_F_ZUKEN_ASM_temp.xml to xmlRefFileName: c:\appveyor\bin\E3.3DRoutingBridge\Mainline\E3.BridgeTest\TestFiles\KBL_Import_Tests\Results\2023-10-10--12-04-27_KBL_201106_CREO_SPLCE_EXMPL_F_ZUKEN_ASM_ref_temp.xml&#xD;
[12:04:27]  Test KBL_201106_CREO_SPLCE_EXMPL_F_ZUKEN_ASM for Tool 3DRoutingBridge equal to Reference!&#xD;
[12:04:27]  Der Test  3DRoutingBridge is successful!&#xD;
[12:04:27]  TestCleanup</StdOut>
      </Output>
    </UnitTestResult>
    <UnitTestResult executionId="0c825d1a-73b6-404b-8659-3e1fdc0dd92f" testId="9826beb4-097c-4ece-b014-b76934782ee3" testName="KBL_highTest" computerName="F27715BE3A7B" duration="00:00:50.2743089" startTime="2023-10-10T12:19:33.6256668+02:00" endTime="2023-10-10T12:20:23.8898816+02:00" testType="13cdc9d9-ddb5-4fa4-a97d-d965ccfc6d4b" outcome="Passed" testListId="8c84fa94-04c1-424b-9868-57a2d4851a1d" relativeResultsDirectory="0c825d1a-73b6-404b-8659-3e1fdc0dd92f">
      <Output>
        <StdOut>[12:19:33]  Start Test: KBL_highTest&#xD;
[12:19:34]  Defining database with name Standard...
Given paths are: c:\appveyor\bin\E3.3DRoutingBridge\Mainline\E3.BridgeTest\TestFiles\KBL_Import_Tests\..\Databases\Standard\Components.mdb	c:\appveyor\bin\E3.3DRoutingBridge\Mainline\E3.BridgeTest\TestFiles\KBL_Import_Tests\..\Databases\Standard\symbols.mdb	c:\appveyor\bin\E3.3DRoutingBridge\Mainline\E3.BridgeTest\TestFiles\KBL_Import_Tests\..\Databases\Standard\Configuration.mdb&#xD;
[12:19:38]  Setting current database Standard&#xD;
[12:19:39]  E3 open project&#xD;
[12:19:39]  Doing repaircheck...&#xD;
[12:19:40]  Tool startet: c:\\appveyor\\bin\\E3.3DRoutingBridge\\Mainline\\bin\\Release\\x64\\E3_3DRoutingBridge.exe&#xD;
[12:20:23]  Tool fertig: c:\\appveyor\\bin\\E3.3DRoutingBridge\\Mainline\\bin\\Release\\x64\\E3_3DRoutingBridge.exe : ExitCode 0&#xD;
[12:20:23]  test.NAME: KBL_highTest&#xD;
[12:20:23]  preparedOutputFile: c:\appveyor\bin\E3.3DRoutingBridge\Mainline\E3.BridgeTest\TestFiles\KBL_Import_Tests\Results\2023-10-10--12-20-23_KBL_highTest_temp.xml&#xD;
[12:20:23]  preparedReferenceFile: c:\appveyor\bin\E3.3DRoutingBridge\Mainline\E3.BridgeTest\TestFiles\KBL_Import_Tests\Results\2023-10-10--12-20-23_KBL_highTest_ref_temp.xml&#xD;
[12:20:23]  Start CompareXML: xmlExportFileName: c:\appveyor\bin\E3.3DRoutingBridge\Mainline\E3.BridgeTest\TestFiles\KBL_Import_Tests\Results\2023-10-10--12-20-23_KBL_highTest_temp.xml to xmlRefFileName: c:\appveyor\bin\E3.3DRoutingBridge\Mainline\E3.BridgeTest\TestFiles\KBL_Import_Tests\Results\2023-10-10--12-20-23_KBL_highTest_ref_temp.xml&#xD;
[12:20:23]  Test KBL_highTest for Tool 3DRoutingBridge equal to Reference!&#xD;
[12:20:23]  Der Test  3DRoutingBridge is successful!&#xD;
[12:20:23]  TestCleanup</StdOut>
      </Output>
    </UnitTestResult>
    <UnitTestResult executionId="2d009945-0287-4170-8f92-b2c93e601540" testId="c4e06bd6-da87-f56f-58cf-4b2468ba5dab" testName="KBL_BMW_8726511_MZ_Karosserie_LL_G01_08_2019_Produktionsfreigabe_a_1_a_KAR_Negativ" computerName="F27715BE3A7B" startTime="2023-10-10T12:11:28.9828626+02:00" endTime="2023-10-10T12:11:28.9828626+02:00" testType="13cdc9d9-ddb5-4fa4-a97d-d965ccfc6d4b" outcome="NotExecuted" testListId="8c84fa94-04c1-424b-9868-57a2d4851a1d" relativeResultsDirectory="2d009945-0287-4170-8f92-b2c93e601540">
      <Output></Output>
    </UnitTestResult>
    <UnitTestResult executionId="c42e7571-ea29-4f04-80d1-6e79b00ed173" testId="4fb32def-d7e1-4081-afca-cd61e0571b74" testName="KBL_ARRHCA223540F012_0001_05___MITTE_RBA" computerName="F27715BE3A7B" duration="00:01:03.4222419" startTime="2023-10-10T12:09:38.5498792+02:00" endTime="2023-10-10T12:10:41.9815687+02:00" testType="13cdc9d9-ddb5-4fa4-a97d-d965ccfc6d4b" outcome="Passed" testListId="8c84fa94-04c1-424b-9868-57a2d4851a1d" relativeResultsDirectory="c42e7571-ea29-4f04-80d1-6e79b00ed173">
      <Output>
        <StdOut>[12:09:38]  Start Test: KBL_ARRHCA223540F012_0001_05___MITTE_RBA&#xD;
[12:09:39]  Defining database with name Standard...
Given paths are: c:\appveyor\bin\E3.3DRoutingBridge\Mainline\E3.BridgeTest\TestFiles\KBL_Import_Tests\..\Databases\Standard\Components.mdb	c:\appveyor\bin\E3.3DRoutingBridge\Mainline\E3.BridgeTest\TestFiles\KBL_Import_Tests\..\Databases\Standard\symbols.mdb	c:\appveyor\bin\E3.3DRoutingBridge\Mainline\E3.BridgeTest\TestFiles\KBL_Import_Tests\..\Databases\Standard\Configuration.mdb&#xD;
[12:09:43]  Setting current database Standard&#xD;
[12:09:44]  E3 open project&#xD;
[12:09:44]  Doing repaircheck...&#xD;
[12:09:45]  Tool startet: c:\\appveyor\\bin\\E3.3DRoutingBridge\\Mainline\\bin\\Release\\x64\\E3_3DRoutingBridge.exe&#xD;
[12:10:41]  Tool fertig: c:\\appveyor\\bin\\E3.3DRoutingBridge\\Mainline\\bin\\Release\\x64\\E3_3DRoutingBridge.exe : ExitCode 0&#xD;
[12:10:41]  test.NAME: KBL_ARRHCA223540F012_0001_05___MITTE_RBA&#xD;
[12:10:41]  preparedOutputFile: c:\appveyor\bin\E3.3DRoutingBridge\Mainline\E3.BridgeTest\TestFiles\KBL_Import_Tests\Results\2023-10-10--12-10-41_KBL_ARRHCA223540F012_0001_05___MITTE_RBA_temp.xml&#xD;
[12:10:41]  preparedReferenceFile: c:\appveyor\bin\E3.3DRoutingBridge\Mainline\E3.BridgeTest\TestFiles\KBL_Import_Tests\Results\2023-10-10--12-10-41_KBL_ARRHCA223540F012_0001_05___MITTE_RBA_ref_temp.xml&#xD;
[12:10:41]  Start CompareXML: xmlExportFileName: c:\appveyor\bin\E3.3DRoutingBridge\Mainline\E3.BridgeTest\TestFiles\KBL_Import_Tests\Results\2023-10-10--12-10-41_KBL_ARRHCA223540F012_0001_05___MITTE_RBA_temp.xml to xmlRefFileName: c:\appveyor\bin\E3.3DRoutingBridge\Mainline\E3.BridgeTest\TestFiles\KBL_Import_Tests\Results\2023-10-10--12-10-41_KBL_ARRHCA223540F012_0001_05___MITTE_RBA_ref_temp.xml&#xD;
[12:10:41]  Test KBL_ARRHCA223540F012_0001_05___MITTE_RBA for Tool 3DRoutingBridge equal to Reference!&#xD;
[12:10:41]  Der Test  3DRoutingBridge is successful!&#xD;
[12:10:41]  TestCleanup</StdOut>
      </Output>
    </UnitTestResult>
    <UnitTestResult executionId="e7cfdeb6-1656-4bac-a3bd-2b80889519fd" testId="1f96f9aa-0180-432a-af71-389a37fd5016" testName="KBL_94096545_ASM" computerName="F27715BE3A7B" duration="00:04:11.3410346" startTime="2023-10-10T12:05:27.2088587+02:00" endTime="2023-10-10T12:09:38.5498792+02:00" testType="13cdc9d9-ddb5-4fa4-a97d-d965ccfc6d4b" outcome="Passed" testListId="8c84fa94-04c1-424b-9868-57a2d4851a1d" relativeResultsDirectory="e7cfdeb6-1656-4bac-a3bd-2b80889519fd">
      <Output>
        <StdOut>[12:05:27]  Start Test: KBL_94096545_ASM&#xD;
[12:05:27]  Defining database with name Standard...
Given paths are: c:\appveyor\bin\E3.3DRoutingBridge\Mainline\E3.BridgeTest\TestFiles\KBL_Import_Tests\..\Databases\Standard\Components.mdb	c:\appveyor\bin\E3.3DRoutingBridge\Mainline\E3.BridgeTest\TestFiles\KBL_Import_Tests\..\Databases\Standard\symbols.mdb	c:\appveyor\bin\E3.3DRoutingBridge\Mainline\E3.BridgeTest\TestFiles\KBL_Import_Tests\..\Databases\Standard\Configuration.mdb&#xD;
[12:05:32]  Setting current database Standard&#xD;
[12:05:33]  E3 open project&#xD;
[12:05:33]  Doing repaircheck...&#xD;
[12:05:34]  Tool startet: c:\\appveyor\\bin\\E3.3DRoutingBridge\\Mainline\\bin\\Release\\x64\\E3_3DRoutingBridge.exe&#xD;
[12:09:33]  Tool fertig: c:\\appveyor\\bin\\E3.3DRoutingBridge\\Mainline\\bin\\Release\\x64\\E3_3DRoutingBridge.exe : ExitCode 0&#xD;
[12:09:36]  test.NAME: KBL_94096545_ASM&#xD;
[12:09:36]  preparedOutputFile: c:\appveyor\bin\E3.3DRoutingBridge\Mainline\E3.BridgeTest\TestFiles\KBL_Import_Tests\Results\2023-10-10--12-09-36_KBL_94096545_ASM_temp.xml&#xD;
[12:09:36]  preparedReferenceFile: c:\appveyor\bin\E3.3DRoutingBridge\Mainline\E3.BridgeTest\TestFiles\KBL_Import_Tests\Results\2023-10-10--12-09-36_KBL_94096545_ASM_ref_temp.xml&#xD;
[12:09:36]  Start CompareXML: xmlExportFileName: c:\appveyor\bin\E3.3DRoutingBridge\Mainline\E3.BridgeTest\TestFiles\KBL_Import_Tests\Results\2023-10-10--12-09-36_KBL_94096545_ASM_temp.xml to xmlRefFileName: c:\appveyor\bin\E3.3DRoutingBridge\Mainline\E3.BridgeTest\TestFiles\KBL_Import_Tests\Results\2023-10-10--12-09-36_KBL_94096545_ASM_ref_temp.xml&#xD;
[12:09:38]  Test KBL_94096545_ASM for Tool 3DRoutingBridge equal to Reference!&#xD;
[12:09:38]  Der Test  3DRoutingBridge is successful!&#xD;
[12:09:38]  TestCleanup</StdOut>
      </Output>
    </UnitTestResult>
    <UnitTestResult executionId="bb9d42d3-036b-4d35-900d-1a8ed4ce2ae2" testId="1e2efc5b-64ff-4c94-bb11-c1946cf779c2" testName="KBL_TEST_SPLICE" computerName="F27715BE3A7B" duration="00:00:18.7379329" startTime="2023-10-10T12:24:05.0748738+02:00" endTime="2023-10-10T12:24:23.7983527+02:00" testType="13cdc9d9-ddb5-4fa4-a97d-d965ccfc6d4b" outcome="Passed" testListId="8c84fa94-04c1-424b-9868-57a2d4851a1d" relativeResultsDirectory="bb9d42d3-036b-4d35-900d-1a8ed4ce2ae2">
      <Output>
        <StdOut>[12:24:05]  Start Test: KBL_TEST_SPLICE&#xD;
[12:24:05]  Defining database with name Standard...
Given paths are: c:\appveyor\bin\E3.3DRoutingBridge\Mainline\E3.BridgeTest\TestFiles\KBL_Import_Tests\..\Databases\Standard\Components.mdb	c:\appveyor\bin\E3.3DRoutingBridge\Mainline\E3.BridgeTest\TestFiles\KBL_Import_Tests\..\Databases\Standard\symbols.mdb	c:\appveyor\bin\E3.3DRoutingBridge\Mainline\E3.BridgeTest\TestFiles\KBL_Import_Tests\..\Databases\Standard\Configuration.mdb&#xD;
[12:24:09]  Setting current database Standard&#xD;
[12:24:10]  E3 open project&#xD;
[12:24:11]  Doing repaircheck...&#xD;
[12:24:11]  Tool startet: c:\\appveyor\\bin\\E3.3DRoutingBridge\\Mainline\\bin\\Release\\x64\\E3_3DRoutingBridge.exe&#xD;
[12:24:23]  Tool fertig: c:\\appveyor\\bin\\E3.3DRoutingBridge\\Mainline\\bin\\Release\\x64\\E3_3DRoutingBridge.exe : ExitCode 0&#xD;
[12:24:23]  test.NAME: KBL_TEST_SPLICE&#xD;
[12:24:23]  preparedOutputFile: c:\appveyor\bin\E3.3DRoutingBridge\Mainline\E3.BridgeTest\TestFiles\KBL_Import_Tests\Results\2023-10-10--12-24-23_KBL_TEST_SPLICE_temp.xml&#xD;
[12:24:23]  preparedReferenceFile: c:\appveyor\bin\E3.3DRoutingBridge\Mainline\E3.BridgeTest\TestFiles\KBL_Import_Tests\Results\2023-10-10--12-24-23_KBL_TEST_SPLICE_ref_temp.xml&#xD;
[12:24:23]  Start CompareXML: xmlExportFileName: c:\appveyor\bin\E3.3DRoutingBridge\Mainline\E3.BridgeTest\TestFiles\KBL_Import_Tests\Results\2023-10-10--12-24-23_KBL_TEST_SPLICE_temp.xml to xmlRefFileName: c:\appveyor\bin\E3.3DRoutingBridge\Mainline\E3.BridgeTest\TestFiles\KBL_Import_Tests\Results\2023-10-10--12-24-23_KBL_TEST_SPLICE_ref_temp.xml&#xD;
[12:24:23]  Test KBL_TEST_SPLICE for Tool 3DRoutingBridge equal to Reference!&#xD;
[12:24:23]  Der Test  3DRoutingBridge is successful!&#xD;
[12:24:23]  TestCleanup</StdOut>
      </Output>
    </UnitTestResult>
  </Results>
  <TestDefinitions>
    <UnitTest name="KBL_CABLING_CREO7_ASM" storage="c:\fe4e93ab-f059-47bd-be8f-ce90468f279e\e3.bridgetest.dll" id="9edab09e-0194-437c-9daf-8552024886f3">
      <Execution id="b2d2ad61-c5bb-4fb5-8a18-35b1e110b9a3" />
      <TestMethod codeBase="C:\fe4e93ab-f059-47bd-be8f-ce90468f279e\E3.BridgeTest.dll" adapterTypeName="executor://mstestadapter/v2" className="E3.BridgeTest.RoutingBridge+KBLImport" name="KBL_CABLING_CREO7_ASM" />
    </UnitTest>
    <UnitTest name="KBL_WIRE_HARN_ASSM_FLOOR_STBD_MK1_SAM1_1" storage="c:\fe4e93ab-f059-47bd-be8f-ce90468f279e\e3.bridgetest.dll" id="01cad006-abeb-4ea0-8293-2c062aaad4b3">
      <Execution id="cbcb0498-93b5-4fb4-bcb4-f219dda3e2ed" />
      <TestMethod codeBase="C:\fe4e93ab-f059-47bd-be8f-ce90468f279e\E3.BridgeTest.dll" adapterTypeName="executor://mstestadapter/v2" className="E3.BridgeTest.RoutingBridge+KBLImport" name="KBL_WIRE_HARN_ASSM_FLOOR_STBD_MK1_SAM1_1" />
    </UnitTest>
    <UnitTest name="KBL_94096545_ASM" storage="c:\fe4e93ab-f059-47bd-be8f-ce90468f279e\e3.bridgetest.dll" id="1f96f9aa-0180-432a-af71-389a37fd5016">
      <Execution id="e7cfdeb6-1656-4bac-a3bd-2b80889519fd" />
      <TestMethod codeBase="C:\fe4e93ab-f059-47bd-be8f-ce90468f279e\E3.BridgeTest.dll" adapterTypeName="executor://mstestadapter/v2" className="E3.BridgeTest.RoutingBridge+KBLImport" name="KBL_94096545_ASM" />
    </UnitTest>
    <UnitTest name="KBL_1D001826_CREO6_ASM" storage="c:\fe4e93ab-f059-47bd-be8f-ce90468f279e\e3.bridgetest.dll" id="a146e2ca-c821-4425-b1c2-f54079955c19">
      <Execution id="6eaaf6da-08a0-42e3-ac19-a0c1b083f04e" />
      <TestMethod codeBase="C:\fe4e93ab-f059-47bd-be8f-ce90468f279e\E3.BridgeTest.dll" adapterTypeName="executor://mstestadapter/v2" className="E3.BridgeTest.RoutingBridge+KBLImport" name="KBL_1D001826_CREO6_ASM" />
    </UnitTest>
    <UnitTest name="KBL_0000432209_AS_HV_WIRING_EE_UNIT" storage="c:\fe4e93ab-f059-47bd-be8f-ce90468f279e\e3.bridgetest.dll" id="2ced3696-50e8-4967-8305-f20fdca86227">
      <Execution id="3a2b3324-319c-4190-b3f8-cdda5b842166" />
      <TestMethod codeBase="C:\fe4e93ab-f059-47bd-be8f-ce90468f279e\E3.BridgeTest.dll" adapterTypeName="executor://mstestadapter/v2" className="E3.BridgeTest.RoutingBridge+KBLImport" name="KBL_0000432209_AS_HV_WIRING_EE_UNIT" />
    </UnitTest>
    <UnitTest name="KBL_201106_CREO_SPLCE_EXMPL_F_ZUKEN_ASM" storage="c:\fe4e93ab-f059-47bd-be8f-ce90468f279e\e3.bridgetest.dll" id="1a7ed6d3-6cfc-4497-95b0-18df78033153">
      <Execution id="24845019-7bd4-4643-9275-622453cef636" />
      <TestMethod codeBase="C:\fe4e93ab-f059-47bd-be8f-ce90468f279e\E3.BridgeTest.dll" adapterTypeName="executor://mstestadapter/v2" className="E3.BridgeTest.RoutingBridge+KBLImport" name="KBL_201106_CREO_SPLCE_EXMPL_F_ZUKEN_ASM" />
    </UnitTest>
    <UnitTest name="KBL_FNA4164913_1_conf2" storage="c:\fe4e93ab-f059-47bd-be8f-ce90468f279e\e3.bridgetest.dll" id="b59efffc-10fc-440f-9e4f-4a99da8f6cca">
      <Execution id="6e6d2828-8c98-4d31-83e2-65bcedebd36d" />
      <TestMethod codeBase="C:\fe4e93ab-f059-47bd-be8f-ce90468f279e\E3.BridgeTest.dll" adapterTypeName="executor://mstestadapter/v2" className="E3.BridgeTest.RoutingBridge+KBLImport" name="KBL_FNA4164913_1_conf2" />
    </UnitTest>
    <UnitTest name="KBL_BMW_178_MZ_ZB_LTG_STOSSFAENGER_VORNE_M_SP_G07_PVL" storage="c:\fe4e93ab-f059-47bd-be8f-ce90468f279e\e3.bridgetest.dll" id="807f20d1-69ec-44f9-aa29-7c8bb4e1f304">
      <Execution id="affa7e1f-bbd2-45bc-ab72-f2ab70ab74ff" />
      <TestMethod codeBase="C:\fe4e93ab-f059-47bd-be8f-ce90468f279e\E3.BridgeTest.dll" adapterTypeName="executor://mstestadapter/v2" className="E3.BridgeTest.RoutingBridge+KBLImport" name="KBL_BMW_178_MZ_ZB_LTG_STOSSFAENGER_VORNE_M_SP_G07_PVL" />
    </UnitTest>
    <UnitTest name="KBL_TEST_SPLICE" storage="c:\fe4e93ab-f059-47bd-be8f-ce90468f279e\e3.bridgetest.dll" id="1e2efc5b-64ff-4c94-bb11-c1946cf779c2">
      <Execution id="bb9d42d3-036b-4d35-900d-1a8ed4ce2ae2" />
      <TestMethod codeBase="C:\fe4e93ab-f059-47bd-be8f-ce90468f279e\E3.BridgeTest.dll" adapterTypeName="executor://mstestadapter/v2" className="E3.BridgeTest.RoutingBridge+KBLImport" name="KBL_TEST_SPLICE" />
    </UnitTest>
    <UnitTest name="KBL_SampleProductA_1" storage="c:\fe4e93ab-f059-47bd-be8f-ce90468f279e\e3.bridgetest.dll" id="acab127d-0081-40c0-8c58-90219192a3e2">
      <Execution id="77fd28c7-9bee-410d-861c-b970b0017f07" />
      <TestMethod codeBase="C:\fe4e93ab-f059-47bd-be8f-ce90468f279e\E3.BridgeTest.dll" adapterTypeName="executor://mstestadapter/v2" className="E3.BridgeTest.RoutingBridge+KBLImport" name="KBL_SampleProductA_1" />
    </UnitTest>
    <UnitTest name="KBL_10_400_000651_A1_01" storage="c:\fe4e93ab-f059-47bd-be8f-ce90468f279e\e3.bridgetest.dll" id="5eb4b740-f476-46b7-aed9-f9672c9292a5">
      <Execution id="5cb5879e-a3ba-414e-8724-52596d9c2443" />
      <TestMethod codeBase="C:\fe4e93ab-f059-47bd-be8f-ce90468f279e\E3.BridgeTest.dll" adapterTypeName="executor://mstestadapter/v2" className="E3.BridgeTest.RoutingBridge+KBLImport" name="KBL_10_400_000651_A1_01" />
    </UnitTest>
    <UnitTest name="KBL_TEST_AS_LV_WIRING_HARNESS_B" storage="c:\fe4e93ab-f059-47bd-be8f-ce90468f279e\e3.bridgetest.dll" id="6d3a1f60-b8a4-4222-9e7f-e29474bedce1">
      <Execution id="96936a13-a916-49c0-81f1-dbbde134df9e" />
      <TestMethod codeBase="C:\fe4e93ab-f059-47bd-be8f-ce90468f279e\E3.BridgeTest.dll" adapterTypeName="executor://mstestadapter/v2" className="E3.BridgeTest.RoutingBridge+KBLImport" name="KBL_TEST_AS_LV_WIRING_HARNESS_B" />
    </UnitTest>
    <UnitTest name="Designer_41944" storage="c:\fe4e93ab-f059-47bd-be8f-ce90468f279e\e3.bridgetest.dll" id="002503c6-793f-4b54-91e3-4492c80ea246">
      <Execution id="a7b980dd-6ae6-4b60-9e9c-d2d7c2bf49bd" />
      <TestMethod codeBase="C:\fe4e93ab-f059-47bd-be8f-ce90468f279e\E3.BridgeTest.dll" adapterTypeName="executor://mstestadapter/v2" className="E3.BridgeTest.RoutingBridge+KBLImport" name="Designer_41944" />
    </UnitTest>
    <UnitTest name="KBL_1D001826_CREO7_ASM" storage="c:\fe4e93ab-f059-47bd-be8f-ce90468f279e\e3.bridgetest.dll" id="38192c66-e749-4677-98b0-f21fd123aa64">
      <Execution id="ad0d3eba-6e08-4b4c-8a22-1d2198a83dd3" />
      <TestMethod codeBase="C:\fe4e93ab-f059-47bd-be8f-ce90468f279e\E3.BridgeTest.dll" adapterTypeName="executor://mstestadapter/v2" className="E3.BridgeTest.RoutingBridge+KBLImport" name="KBL_1D001826_CREO7_ASM" />
    </UnitTest>
    <UnitTest name="KBL_MCAD_KP7_Testdaten_UAT3_31_01_2022_Thy_1" storage="c:\fe4e93ab-f059-47bd-be8f-ce90468f279e\e3.bridgetest.dll" id="40db2381-002f-4258-b934-dd3b3affc8e3">
      <Execution id="cf7e7e49-bb9a-44d9-b1e9-3e692ac0eb09" />
      <TestMethod codeBase="C:\fe4e93ab-f059-47bd-be8f-ce90468f279e\E3.BridgeTest.dll" adapterTypeName="executor://mstestadapter/v2" className="E3.BridgeTest.RoutingBridge+KBLImport" name="KBL_MCAD_KP7_Testdaten_UAT3_31_01_2022_Thy_1" />
    </UnitTest>
    <UnitTest name="KBL_ARRHCA223540F012_0001_05___MITTE_RBA" storage="c:\fe4e93ab-f059-47bd-be8f-ce90468f279e\e3.bridgetest.dll" id="4fb32def-d7e1-4081-afca-cd61e0571b74">
      <Execution id="c42e7571-ea29-4f04-80d1-6e79b00ed173" />
      <TestMethod codeBase="C:\fe4e93ab-f059-47bd-be8f-ce90468f279e\E3.BridgeTest.dll" adapterTypeName="executor://mstestadapter/v2" className="E3.BridgeTest.RoutingBridge+KBLImport" name="KBL_ARRHCA223540F012_0001_05___MITTE_RBA" />
    </UnitTest>
    <UnitTest name="KBL_document" storage="c:\fe4e93ab-f059-47bd-be8f-ce90468f279e\e3.bridgetest.dll" id="7f141627-e3e8-6243-ee5c-f49fd45e1eaf">
      <Execution id="b08244db-d357-4e1c-b8a5-1634a66b640d" />
      <TestMethod codeBase="C:\fe4e93ab-f059-47bd-be8f-ce90468f279e\E3.BridgeTest.dll" adapterTypeName="executor://mstestadapter/v2" className="E3.BridgeTest.RoutingBridge+KBLImport" name="KBL_document" />
    </UnitTest>
    <UnitTest name="KBL_A2135405416__________0030_3__a213_540_54_16_028_20161213_hcv_document" storage="c:\fe4e93ab-f059-47bd-be8f-ce90468f279e\e3.bridgetest.dll" id="067842a7-784e-dd16-4838-cdb2f444dc1a">
      <Execution id="41813aaf-db5a-4edd-9b72-64ce4d628d3f" />
      <TestMethod codeBase="C:\fe4e93ab-f059-47bd-be8f-ce90468f279e\E3.BridgeTest.dll" adapterTypeName="executor://mstestadapter/v2" className="E3.BridgeTest.RoutingBridge+KBLImport" name="KBL_A2135405416__________0030_3__a213_540_54_16_028_20161213_hcv_document" />
    </UnitTest>
    <UnitTest name="KBL_LX6X_14401_ERA_1" storage="c:\fe4e93ab-f059-47bd-be8f-ce90468f279e\e3.bridgetest.dll" id="ed3baf64-2384-4f1a-9550-35a836ab54df">
      <Execution id="822822a6-b3ba-4049-a29d-a605b8b5c8d8" />
      <TestMethod codeBase="C:\fe4e93ab-f059-47bd-be8f-ce90468f279e\E3.BridgeTest.dll" adapterTypeName="executor://mstestadapter/v2" className="E3.BridgeTest.RoutingBridge+KBLImport" name="KBL_LX6X_14401_ERA_1" />
    </UnitTest>
    <UnitTest name="KBL_SuperSample" storage="c:\fe4e93ab-f059-47bd-be8f-ce90468f279e\e3.bridgetest.dll" id="c83534c0-9223-4af7-b5e4-82b9e56da7c5">
      <Execution id="dd1a42ef-9915-44a0-8dc5-f8259a75a340" />
      <TestMethod codeBase="C:\fe4e93ab-f059-47bd-be8f-ce90468f279e\E3.BridgeTest.dll" adapterTypeName="executor://mstestadapter/v2" className="E3.BridgeTest.RoutingBridge+KBLImport" name="KBL_SuperSample" />
    </UnitTest>
    <UnitTest name="KBL_BMW_8726511_MZ_Karosserie_LL_G01_08_2019_Produktionsfreigabe_a_1_a_KAR_Negativ" storage="c:\fe4e93ab-f059-47bd-be8f-ce90468f279e\e3.bridgetest.dll" id="c4e06bd6-da87-f56f-58cf-4b2468ba5dab">
      <Execution id="2d009945-0287-4170-8f92-b2c93e601540" />
      <TestMethod codeBase="C:\fe4e93ab-f059-47bd-be8f-ce90468f279e\E3.BridgeTest.dll" adapterTypeName="executor://mstestadapter/v2" className="E3.BridgeTest.RoutingBridge+KBLImport" name="KBL_BMW_8726511_MZ_Karosserie_LL_G01_08_2019_Produktionsfreigabe_a_1_a_KAR_Negativ" />
    </UnitTest>
    <UnitTest name="KBL_FourthSample" storage="c:\fe4e93ab-f059-47bd-be8f-ce90468f279e\e3.bridgetest.dll" id="f9e09f0c-b9e0-4f4c-a552-a45e3b24f4b4">
      <Execution id="0b4ee2f4-ea29-46fc-96c0-146ab9bfec1a" />
      <TestMethod codeBase="C:\fe4e93ab-f059-47bd-be8f-ce90468f279e\E3.BridgeTest.dll" adapterTypeName="executor://mstestadapter/v2" className="E3.BridgeTest.RoutingBridge+KBLImport" name="KBL_FourthSample" />
    </UnitTest>
    <UnitTest name="KBL_FL3T_14A005_CA" storage="c:\fe4e93ab-f059-47bd-be8f-ce90468f279e\e3.bridgetest.dll" id="371beaba-de00-4a17-85b4-6ad72594c2d5">
      <Execution id="4431099b-8086-4a65-bd22-95ab4bee34be" />
      <TestMethod codeBase="C:\fe4e93ab-f059-47bd-be8f-ce90468f279e\E3.BridgeTest.dll" adapterTypeName="executor://mstestadapter/v2" className="E3.BridgeTest.RoutingBridge+KBLImport" name="KBL_FL3T_14A005_CA" />
    </UnitTest>
    <UnitTest name="KBL_highTest" storage="c:\fe4e93ab-f059-47bd-be8f-ce90468f279e\e3.bridgetest.dll" id="9826beb4-097c-4ece-b014-b76934782ee3">
      <Execution id="0c825d1a-73b6-404b-8659-3e1fdc0dd92f" />
      <TestMethod codeBase="C:\fe4e93ab-f059-47bd-be8f-ce90468f279e\E3.BridgeTest.dll" adapterTypeName="executor://mstestadapter/v2" className="E3.BridgeTest.RoutingBridge+KBLImport" name="KBL_highTest" />
    </UnitTest>
    <UnitTest name="KBL_FL3T_SAMPLE_ASM2_1" storage="c:\fe4e93ab-f059-47bd-be8f-ce90468f279e\e3.bridgetest.dll" id="9713f6bc-6635-4d27-917c-7915eaf5da00">
      <Execution id="b08efa0f-aa7d-468f-b4be-554e2ef1307d" />
      <TestMethod codeBase="C:\fe4e93ab-f059-47bd-be8f-ce90468f279e\E3.BridgeTest.dll" adapterTypeName="executor://mstestadapter/v2" className="E3.BridgeTest.RoutingBridge+KBLImport" name="KBL_FL3T_SAMPLE_ASM2_1" />
    </UnitTest>
    <UnitTest name="KBL_8893661179_CM1E_POWERPACK_HARNESS_HCA" storage="c:\fe4e93ab-f059-47bd-be8f-ce90468f279e\e3.bridgetest.dll" id="00cf9b18-417c-4c7b-baad-0214c83c6198">
      <Execution id="49419751-b3a7-4575-b9cd-1b059d311903" />
      <TestMethod codeBase="C:\fe4e93ab-f059-47bd-be8f-ce90468f279e\E3.BridgeTest.dll" adapterTypeName="executor://mstestadapter/v2" className="E3.BridgeTest.RoutingBridge+KBLImport" name="KBL_8893661179_CM1E_POWERPACK_HARNESS_HCA" />
    </UnitTest>
    <UnitTest name="KBL_BMW_77967_MZ_KAROSSERIE_G07_LL_PVL" storage="c:\fe4e93ab-f059-47bd-be8f-ce90468f279e\e3.bridgetest.dll" id="36d7e872-e5ea-a3c9-2b20-97e7914bc436">
      <Execution id="aed3300c-3a2f-4aa7-853b-169708c94f73" />
      <TestMethod codeBase="C:\fe4e93ab-f059-47bd-be8f-ce90468f279e\E3.BridgeTest.dll" adapterTypeName="executor://mstestadapter/v2" className="E3.BridgeTest.RoutingBridge+KBLImport" name="KBL_BMW_77967_MZ_KAROSSERIE_G07_LL_PVL" />
    </UnitTest>
    <UnitTest name="KBL_FNA4164913_1" storage="c:\fe4e93ab-f059-47bd-be8f-ce90468f279e\e3.bridgetest.dll" id="354668f8-77dd-4512-aa45-a37690fbf304">
      <Execution id="f01d89a1-255b-48d3-aae0-2e40818cd11e" />
      <TestMethod codeBase="C:\fe4e93ab-f059-47bd-be8f-ce90468f279e\E3.BridgeTest.dll" adapterTypeName="executor://mstestadapter/v2" className="E3.BridgeTest.RoutingBridge+KBLImport" name="KBL_FNA4164913_1" />
    </UnitTest>
  </TestDefinitions>
  <TestEntries>
    <TestEntry testId="9edab09e-0194-437c-9daf-8552024886f3" executionId="b2d2ad61-c5bb-4fb5-8a18-35b1e110b9a3" testListId="8c84fa94-04c1-424b-9868-57a2d4851a1d" />
    <TestEntry testId="5eb4b740-f476-46b7-aed9-f9672c9292a5" executionId="5cb5879e-a3ba-414e-8724-52596d9c2443" testListId="8c84fa94-04c1-424b-9868-57a2d4851a1d" />
    <TestEntry testId="002503c6-793f-4b54-91e3-4492c80ea246" executionId="a7b980dd-6ae6-4b60-9e9c-d2d7c2bf49bd" testListId="8c84fa94-04c1-424b-9868-57a2d4851a1d" />
    <TestEntry testId="7f141627-e3e8-6243-ee5c-f49fd45e1eaf" executionId="b08244db-d357-4e1c-b8a5-1634a66b640d" testListId="8c84fa94-04c1-424b-9868-57a2d4851a1d" />
    <TestEntry testId="354668f8-77dd-4512-aa45-a37690fbf304" executionId="f01d89a1-255b-48d3-aae0-2e40818cd11e" testListId="8c84fa94-04c1-424b-9868-57a2d4851a1d" />
    <TestEntry testId="40db2381-002f-4258-b934-dd3b3affc8e3" executionId="cf7e7e49-bb9a-44d9-b1e9-3e692ac0eb09" testListId="8c84fa94-04c1-424b-9868-57a2d4851a1d" />
    <TestEntry testId="00cf9b18-417c-4c7b-baad-0214c83c6198" executionId="49419751-b3a7-4575-b9cd-1b059d311903" testListId="8c84fa94-04c1-424b-9868-57a2d4851a1d" />
    <TestEntry testId="acab127d-0081-40c0-8c58-90219192a3e2" executionId="77fd28c7-9bee-410d-861c-b970b0017f07" testListId="8c84fa94-04c1-424b-9868-57a2d4851a1d" />
    <TestEntry testId="38192c66-e749-4677-98b0-f21fd123aa64" executionId="ad0d3eba-6e08-4b4c-8a22-1d2198a83dd3" testListId="8c84fa94-04c1-424b-9868-57a2d4851a1d" />
    <TestEntry testId="067842a7-784e-dd16-4838-cdb2f444dc1a" executionId="41813aaf-db5a-4edd-9b72-64ce4d628d3f" testListId="8c84fa94-04c1-424b-9868-57a2d4851a1d" />
    <TestEntry testId="2ced3696-50e8-4967-8305-f20fdca86227" executionId="3a2b3324-319c-4190-b3f8-cdda5b842166" testListId="8c84fa94-04c1-424b-9868-57a2d4851a1d" />
    <TestEntry testId="f9e09f0c-b9e0-4f4c-a552-a45e3b24f4b4" executionId="0b4ee2f4-ea29-46fc-96c0-146ab9bfec1a" testListId="8c84fa94-04c1-424b-9868-57a2d4851a1d" />
    <TestEntry testId="36d7e872-e5ea-a3c9-2b20-97e7914bc436" executionId="aed3300c-3a2f-4aa7-853b-169708c94f73" testListId="8c84fa94-04c1-424b-9868-57a2d4851a1d" />
    <TestEntry testId="01cad006-abeb-4ea0-8293-2c062aaad4b3" executionId="cbcb0498-93b5-4fb4-bcb4-f219dda3e2ed" testListId="8c84fa94-04c1-424b-9868-57a2d4851a1d" />
    <TestEntry testId="371beaba-de00-4a17-85b4-6ad72594c2d5" executionId="4431099b-8086-4a65-bd22-95ab4bee34be" testListId="8c84fa94-04c1-424b-9868-57a2d4851a1d" />
    <TestEntry testId="b59efffc-10fc-440f-9e4f-4a99da8f6cca" executionId="6e6d2828-8c98-4d31-83e2-65bcedebd36d" testListId="8c84fa94-04c1-424b-9868-57a2d4851a1d" />
    <TestEntry testId="807f20d1-69ec-44f9-aa29-7c8bb4e1f304" executionId="affa7e1f-bbd2-45bc-ab72-f2ab70ab74ff" testListId="8c84fa94-04c1-424b-9868-57a2d4851a1d" />
    <TestEntry testId="6d3a1f60-b8a4-4222-9e7f-e29474bedce1" executionId="96936a13-a916-49c0-81f1-dbbde134df9e" testListId="8c84fa94-04c1-424b-9868-57a2d4851a1d" />
    <TestEntry testId="9713f6bc-6635-4d27-917c-7915eaf5da00" executionId="b08efa0f-aa7d-468f-b4be-554e2ef1307d" testListId="8c84fa94-04c1-424b-9868-57a2d4851a1d" />
    <TestEntry testId="ed3baf64-2384-4f1a-9550-35a836ab54df" executionId="822822a6-b3ba-4049-a29d-a605b8b5c8d8" testListId="8c84fa94-04c1-424b-9868-57a2d4851a1d" />
    <TestEntry testId="c83534c0-9223-4af7-b5e4-82b9e56da7c5" executionId="dd1a42ef-9915-44a0-8dc5-f8259a75a340" testListId="8c84fa94-04c1-424b-9868-57a2d4851a1d" />
    <TestEntry testId="a146e2ca-c821-4425-b1c2-f54079955c19" executionId="6eaaf6da-08a0-42e3-ac19-a0c1b083f04e" testListId="8c84fa94-04c1-424b-9868-57a2d4851a1d" />
    <TestEntry testId="1a7ed6d3-6cfc-4497-95b0-18df78033153" executionId="24845019-7bd4-4643-9275-622453cef636" testListId="8c84fa94-04c1-424b-9868-57a2d4851a1d" />
    <TestEntry testId="9826beb4-097c-4ece-b014-b76934782ee3" executionId="0c825d1a-73b6-404b-8659-3e1fdc0dd92f" testListId="8c84fa94-04c1-424b-9868-57a2d4851a1d" />
    <TestEntry testId="c4e06bd6-da87-f56f-58cf-4b2468ba5dab" executionId="2d009945-0287-4170-8f92-b2c93e601540" testListId="8c84fa94-04c1-424b-9868-57a2d4851a1d" />
    <TestEntry testId="4fb32def-d7e1-4081-afca-cd61e0571b74" executionId="c42e7571-ea29-4f04-80d1-6e79b00ed173" testListId="8c84fa94-04c1-424b-9868-57a2d4851a1d" />
    <TestEntry testId="1f96f9aa-0180-432a-af71-389a37fd5016" executionId="e7cfdeb6-1656-4bac-a3bd-2b80889519fd" testListId="8c84fa94-04c1-424b-9868-57a2d4851a1d" />
    <TestEntry testId="1e2efc5b-64ff-4c94-bb11-c1946cf779c2" executionId="bb9d42d3-036b-4d35-900d-1a8ed4ce2ae2" testListId="8c84fa94-04c1-424b-9868-57a2d4851a1d" />
  </TestEntries>
  <TestLists>
    <TestList name="Results Not in a List" id="8c84fa94-04c1-424b-9868-57a2d4851a1d" />
    <TestList name="All Loaded Results" id="19431567-8539-422a-85d7-44ee4e166bda" />
  </TestLists>
  <ResultSummary outcome="Completed">
    <Counters total="28" executed="24" passed="24" failed="0" error="0" timeout="0" aborted="0" inconclusive="0" passedButRunAborted="0" notRunnable="0" notExecuted="0" disconnected="0" warning="0" completed="0" inProgress="0" pending="0" />
    <Output>
      <StdOut>MSTest Executor: Test Parallelization enabled for C:\fe4e93ab-f059-47bd-be8f-ce90468f279e\E3.BridgeTest.dll (Workers: 1, Scope: ClassLevel).&#xD;
Test 'KBL_A2135405416__________0030_3__a213_540_54_16_028_20161213_hcv_document' was skipped in the test run.&#xD;
Test 'KBL_BMW_77967_MZ_KAROSSERIE_G07_LL_PVL' was skipped in the test run.&#xD;
Test 'KBL_BMW_8726511_MZ_Karosserie_LL_G01_08_2019_Produktionsfreigabe_a_1_a_KAR_Negativ' was skipped in the test run.&#xD;
Test 'KBL_document' was skipped in the test run.&#xD;
</StdOut>
    </Output>
    <CollectorDataEntries>
      <Collector agentName="F27715BE3A7B" uri="datacollector://microsoft/CodeCoverage/2.0" collectorDisplayName="Code Coverage">
        <UriAttachments>
          <UriAttachment>
            <A href="F27715BE3A7B\ContainerAdministrator_F27715BE3A7B_2023-10-10.11_59_46.coverage"></A>
          </UriAttachment>
        </UriAttachments>
      </Collector>
    </CollectorDataEntries>
  </ResultSummary>
</TestRun>