<?xml version="1.0" encoding="utf-8"?>
<TestRun id="2d973036-7071-4409-bc41-3b8b76baf9e0" name="ContainerAdministrator@3EB9712E66C6 2023-10-10 12:09:35" runUser="User Manager\ContainerAdministrator" xmlns="http://microsoft.com/schemas/VisualStudio/TeamTest/2010">
  <Times creation="2023-10-10T12:09:35.0313485+02:00" queuing="2023-10-10T12:09:35.0313485+02:00" start="2023-10-10T11:59:38.5418797+02:00" finish="2023-10-10T12:09:35.0782245+02:00" />
  <TestSettings name="default" id="b6c864cc-1544-4c46-88bc-07642da591cb">
    <Deployment runDeploymentRoot="9361515aff7be3c0dc8646bb57421a58" />
  </TestSettings>
  <Results>
    <UnitTestResult executionId="517936c1-ee98-439e-a72a-47846c062800" testId="7fe06080-1957-4e22-bd91-c821dbc835ff" testName="KBL_A2135404528__________0001_4__a213_540_45_28_001_20150317_hcv_document" computerName="3EB9712E66C6" duration="00:09:40.5766865" startTime="2023-10-10T11:59:43.4678199+02:00" endTime="2023-10-10T12:09:34.4030635+02:00" testType="13cdc9d9-ddb5-4fa4-a97d-d965ccfc6d4b" outcome="Passed" testListId="8c84fa94-04c1-424b-9868-57a2d4851a1d" relativeResultsDirectory="517936c1-ee98-439e-a72a-47846c062800">
      <Output>
        <StdOut>TotalProcessorTime: 00:00:00.0468750&#xD;
ProcessName: E3.series&#xD;
StartTime: 10/10/2023 11:59:44 AM&#xD;
Cnt: 1&#xD;
TotalProcessorTime: 00:00:01.0937500&#xD;
ProcessName: E3.series&#xD;
StartTime: 10/10/2023 11:59:44 AM&#xD;
Cnt: 2&#xD;
TotalProcessorTime: 00:00:02&#xD;
ProcessName: E3.series&#xD;
StartTime: 10/10/2023 11:59:44 AM&#xD;
Cnt: 3&#xD;
TotalProcessorTime: 00:00:02.9375000&#xD;
ProcessName: E3.series&#xD;
StartTime: 10/10/2023 11:59:44 AM&#xD;
Cnt: 4&#xD;
---Start: 10.10.2023 - 11:59:53---
&#xD;
[11:59:53]  Using E3 2024 (Oct 10 2023 11:15:29 Build 25.00-Develop @264160) 64 Bit, ProcessId 26748&#xD;
[11:59:53]  Start Test: KBL_A2135404528__________0001_4__a213_540_45_28_001_20150317_hcv_document&#xD;
[11:59:54]  Defining database with name Standard...
Given paths are: c:\appveyor\bin\E3.3DRoutingBridge\Mainline\E3.BridgeTest\TestFiles\KBL_Import_Tests\..\Databases\Standard\Components.mdb	c:\appveyor\bin\E3.3DRoutingBridge\Mainline\E3.BridgeTest\TestFiles\KBL_Import_Tests\..\Databases\Standard\symbols.mdb	c:\appveyor\bin\E3.3DRoutingBridge\Mainline\E3.BridgeTest\TestFiles\KBL_Import_Tests\..\Databases\Standard\Configuration.mdb&#xD;
[11:59:59]  Setting current database Standard&#xD;
[11:59:59]  E3 open project&#xD;
[12:00:00]  Doing repaircheck...&#xD;
[12:00:00]  Tool startet: c:\\appveyor\\bin\\E3.3DRoutingBridge\\Mainline\\bin\\Release\\x64\\E3_3DRoutingBridge.exe&#xD;
[12:09:26]  Tool fertig: c:\\appveyor\\bin\\E3.3DRoutingBridge\\Mainline\\bin\\Release\\x64\\E3_3DRoutingBridge.exe : ExitCode 0&#xD;
[12:09:31]  test.NAME: KBL_A2135404528__________0001_4__a213_540_45_28_001_20150317_hcv_document&#xD;
[12:09:31]  preparedOutputFile: c:\appveyor\bin\E3.3DRoutingBridge\Mainline\E3.BridgeTest\TestFiles\KBL_Import_Tests\ResultsKBLLongImport_2\2023-10-10--12-09-30_KBL_A2135404528__________0001_4__a213_540_45_28_001_20150317_hcv_document_temp.xml&#xD;
[12:09:31]  preparedReferenceFile: c:\appveyor\bin\E3.3DRoutingBridge\Mainline\E3.BridgeTest\TestFiles\KBL_Import_Tests\ResultsKBLLongImport_2\2023-10-10--12-09-30_KBL_A2135404528__________0001_4__a213_540_45_28_001_20150317_hcv_document_ref_temp.xml&#xD;
[12:09:31]  Start CompareXML: xmlExportFileName: c:\appveyor\bin\E3.3DRoutingBridge\Mainline\E3.BridgeTest\TestFiles\KBL_Import_Tests\ResultsKBLLongImport_2\2023-10-10--12-09-30_KBL_A2135404528__________0001_4__a213_540_45_28_001_20150317_hcv_document_temp.xml to xmlRefFileName: c:\appveyor\bin\E3.3DRoutingBridge\Mainline\E3.BridgeTest\TestFiles\KBL_Import_Tests\ResultsKBLLongImport_2\2023-10-10--12-09-30_KBL_A2135404528__________0001_4__a213_540_45_28_001_20150317_hcv_document_ref_temp.xml&#xD;
[12:09:34]  Test KBL_A2135404528__________0001_4__a213_540_45_28_001_20150317_hcv_document for Tool 3DRoutingBridge equal to Reference!&#xD;
[12:09:34]  Der Test  3DRoutingBridge is successful!&#xD;
[12:09:34]  TestCleanup&#xD;

_____________________E3 output below_____________________
&#xD;
 E3: E³.series 2024 (Oct 10 2023 11:15:29 Build 25.00-Develop @264160) 64 Bit&#xD;
 E3: Workspace 'C:\Users\ContainerAdministrator\AppData\Roaming\Zuken\E3.series\25.0\workspace-cable-44.xml' could not be found. Workspace could not be opened!&#xD;
 E3: Project C:\98cb2487-a328-44ed-84c1-860946a47003\temp.e3s created.&#xD;
 E3: I - Item Validation enabled&#xD;
 E3: I - Validating project&#xD;
 E3: I - Validation enabled for this project&#xD;
 E3: I - Closing project 'temp' without saving modifications...&#xD;
 E3: I - Opening Project  c:\appveyor\bin\E3.3DRoutingBridge\Mainline\E3.BridgeTest\TestFiles\Templates\Empty.e3s&#xD;
 E3: I - Updating internal structures: 200 cycles up to version 2505...&#xD;
 E3: 2305 &#xD;
 E3: 2306 &#xD;
 E3: 2307 &#xD;
 E3: 2308 &#xD;
 E3: 2309 &#xD;
 E3: 2310 &#xD;
 E3: 2311 &#xD;
 E3: 2312 &#xD;
 E3: 2399 &#xD;
 E3: 2400 &#xD;
 E3: 2401 &#xD;
 E3: 2402 &#xD;
 E3: 2403 &#xD;
 E3: 2404 &#xD;
 E3: 2405 &#xD;
 E3: 2406 &#xD;
 E3: 2407 &#xD;
 E3: 2408 &#xD;
 E3: 2499 &#xD;
 E3: 2500 &#xD;
 E3: 2501 &#xD;
 E3: 2502 &#xD;
 E3: 2503 &#xD;
 E3: 2504 &#xD;
 E3: OK.&#xD;
 E3: Project c:\appveyor\bin\E3.3DRoutingBridge\Mainline\E3.BridgeTest\TestFiles\Templates\Empty.e3s opened.&#xD;
 E3: W - Project has been opened in READ ONLY mode, you can't save any changes to the existing project!&#xD;
 E3: I - Item Validation enabled&#xD;
 E3: I - Validating project&#xD;
 E3: I - Validation enabled for this project&#xD;
 E3: repair_check_extended(0)&#xD;
 E3: --------------------------------------------------------------------------&#xD;
 E3: consistency check (17)....
&#xD;
 E3: ....
&#xD;
 E3: dump lost....
&#xD;
 E3: ....
&#xD;
 E3: new consistency check (45) and dump lost items (46)....
&#xD;
 E3: ....
&#xD;
 E3: - done -------------------------------------------------------------------
&#xD;
 E3: I - No known issues found&#xD;
 E3: Starting Harness Import import&#xD;
 E3: W - Component A0065403081 not found in database !&#xD;
 E3: W - Cannot load Component 'A0065403081' from database - look in output window for details... &#xD;
 E3: E - Cannot create new device 'N40/3*1-B' with component 'A0065403081'&#xD;
 E3: W - Component A0005409901 not found in database !&#xD;
 E3: W - Cannot load Component 'A0005409901' from database - look in output window for details... &#xD;
 E3: E - Cannot create new device 'X25/7*2-S' with component 'A0005409901'&#xD;
 E3: W - Component A0005409801 not found in database !&#xD;
 E3: W - Cannot load Component 'A0005409801' from database - look in output window for details... &#xD;
 E3: E - Cannot create new device 'X25/7*3-S' with component 'A0005409801'&#xD;
 E3: W - Component A0335459326 not found in database !&#xD;
 E3: W - Cannot load Component 'A0335459326' from database - look in output window for details... &#xD;
 E3: E - Cannot create new device 'S7*1-B' with component 'A0335459326'&#xD;
 E3: W - Component A0001532222 not found in database !&#xD;
 E3: W - Cannot load Component 'A0001532222' from database - look in output window for details... &#xD;
 E3: E - Cannot create new device 'X207*1-B' with component 'A0001532222'&#xD;
 E3: W - Component A0025459040 not found in database !&#xD;
 E3: W - Cannot load Component 'A0025459040' from database - look in output window for details... &#xD;
 E3: E - Cannot create new device 'N40/3*MOS-S' with component 'A0025459040'&#xD;
 E3: W - Component A0035401781 not found in database !&#xD;
 E3: W - Cannot load Component 'A0035401781' from database - look in output window for details... &#xD;
 E3: E - Cannot create new device 'N40/3*2-B' with component 'A0035401781'&#xD;
 E3: W - Component A0025459040 not found in database !&#xD;
 E3: W - Cannot load Component 'A0025459040' from database - look in output window for details... &#xD;
 E3: E - Cannot create new device 'N40/7*MOS-S' with component 'A0025459040'&#xD;
 E3: W - Component A0075405481 not found in database !&#xD;
 E3: W - Cannot load Component 'A0075405481' from database - look in output window for details... &#xD;
 E3: E - Cannot create new device 'N118/5*1a-B' with component 'A0075405481'&#xD;
 E3: W - Component A0075401581 not found in database !&#xD;
 E3: W - Cannot load Component 'A0075401581' from database - look in output window for details... &#xD;
 E3: E - Cannot create new device 'N62/1*1-B' with component 'A0075401581'&#xD;
 E3: W - Component A0035403981 not found in database !&#xD;
 E3: W - Cannot load Component 'A0035403981' from database - look in output window for details... &#xD;
 E3: E - Cannot create new device 'N51/8*1-B' with component 'A0035403981'&#xD;
 E3: W - Component A0035403981 not found in database !&#xD;
 E3: W - Cannot load Component 'A0035403981' from database - look in output window for details... &#xD;
 E3: E - Cannot create new device 'N51/3*1-B' with component 'A0035403981'&#xD;
 E3: W - Component A0025401481 not found in database !&#xD;
 E3: W - Cannot load Component 'A0025401481' from database - look in output window for details... &#xD;
 E3: E - Cannot create new device 'N51/3*3-B' with component 'A0025401481'&#xD;
 E3: W - Component A0235455526 not found in database !&#xD;
 E3: W - Cannot load Component 'A0235455526' from database - look in output window for details... &#xD;
 E3: E - Cannot create new device 'N62/3*J2-B' with component 'A0235455526'&#xD;
 E3: W - Component A0235456226 not found in database !&#xD;
 E3: W - Cannot load Component 'A0235456226' from database - look in output window for details... &#xD;
 E3: E - Cannot create new device 'N62/3*J3-B' with component 'A0235456226'&#xD;
 E3: W - Component A0055403081 not found in database !&#xD;
 E3: W - Cannot load Component 'A0055403081' from database - look in output window for details... &#xD;
 E3: E - Cannot create new device 'N62/3*J1-B' with component 'A0055403081'&#xD;
 E3: W - Component A0225452126 not found in database !&#xD;
 E3: W - Cannot load Component 'A0225452126' from database - look in output window for details... &#xD;
 E3: E - Cannot create new device 'X62/9*1-B' with component 'A0225452126'&#xD;
 E3: W - Component A1685400181 not found in database !&#xD;
 E3: W - Cannot load Component 'A1685400181' from database - look in output window for details... &#xD;
 E3: E - Cannot create new device 'X62/9*2-B' with component 'A1685400181'&#xD;
 E3: W - Component TB-A1729821302 not found in database !&#xD;
 E3: W - Cannot load Component 'TB-A1729821302' from database - look in output window for details... &#xD;
 E3: E - Cannot create new device 'W6*1-K' with component 'TB-A1729821302'&#xD;
 E3: W - Component A1729821502 not found in database !&#xD;
 E3: W - Cannot load Component 'A1729821502' from database - look in output window for details... &#xD;
 E3: E - Cannot create new device 'W6/1*1-K' with component 'A1729821502'&#xD;
 E3: W - Component A2125451326 not found in database !&#xD;
 E3: W - Cannot load Component 'A2125451326' from database - look in output window for details... &#xD;
 E3: E - Cannot create new device 'N62/3*J5-B' with component 'A2125451326'&#xD;
 E3: W - Component A2125451426 not found in database !&#xD;
 E3: W - Cannot load Component 'A2125451426' from database - look in output window for details... &#xD;
 E3: E - Cannot create new device 'N62/3*J6-B' with component 'A2125451426'&#xD;
 E3: W - Component A2125451226 not found in database !&#xD;
 E3: W - Cannot load Component 'A2125451226' from database - look in output window for details... &#xD;
 E3: E - Cannot create new device 'N62/3*J4-B' with component 'A2125451226'&#xD;
 E3: W - Component A2125451626 not found in database !&#xD;
 E3: W - Cannot load Component 'A2125451626' from database - look in output window for details... &#xD;
 E3: E - Cannot create new device 'N62/3*J7-B' with component 'A2125451626'&#xD;
 E3: W - Component A1665400481 not found in database !&#xD;
 E3: W - Cannot load Component 'A1665400481' from database - look in output window for details... &#xD;
 E3: E - Cannot create new device 'N10/8*HD-B' with component 'A1665400481'&#xD;
 E3: W - Component A0525457826 not found in database !&#xD;
 E3: W - Cannot load Component 'A0525457826' from database - look in output window for details... &#xD;
 E3: E - Cannot create new device 'N10/8*RB1-B' with component 'A0525457826'&#xD;
 E3: W - Component A0055408681 not found in database !&#xD;
 E3: W - Cannot load Component 'A0055408681' from database - look in output window for details... &#xD;
 E3: E - Cannot create new device 'N10/8*HR-B' with component 'A0055408681'&#xD;
 E3: W - Component A0385451228 not found in database !&#xD;
 E3: W - Cannot load Component 'A0385451228' from database - look in output window for details... &#xD;
 E3: E - Cannot create new device 'N10/8*AAG-B' with component 'A0385451228'&#xD;
 E3: W - Component A0325459328 not found in database !&#xD;
 E3: W - Cannot load Component 'A0325459328' from database - look in output window for details... &#xD;
 E3: E - Cannot create new device 'N10/8*PW1-B' with component 'A0325459328'&#xD;
 E3: W - Component A0355457828 not found in database !&#xD;
 E3: W - Cannot load Component 'A0355457828' from database - look in output window for details... &#xD;
 E3: E - Cannot create new device 'N10/8*PW2-B' with component 'A0355457828'&#xD;
 E3: W - Component A0485459528 not found in database !&#xD;
 E3: W - Cannot load Component 'A0485459528' from database - look in output window for details... &#xD;
 E3: E - Cannot create new device 'N10/8*RB2-B' with component 'A0485459528'&#xD;
 E3: W - Component A0325454326 not found in database !&#xD;
 E3: W - Cannot load Component 'A0325454326' from database - look in output window for details... &#xD;
 E3: E - Cannot create new device 'N28/1*2-B' with component 'A0325454326'&#xD;
 E3: W - Component A0325453126 not found in database !&#xD;
 E3: W - Cannot load Component 'A0325453126' from database - look in output window for details... &#xD;
 E3: E - Cannot create new device 'N28/1*3-B' with component 'A0325453126'&#xD;
 E3: W - Component A0325453226 not found in database !&#xD;
 E3: W - Cannot load Component 'A0325453226' from database - look in output window for details... &#xD;
 E3: E - Cannot create new device 'N28/1*4-B' with component 'A0325453226'&#xD;
 E3: W - Component A0045407281 not found in database !&#xD;
 E3: W - Cannot load Component 'A0045407281' from database - look in output window for details... &#xD;
 E3: E - Cannot create new device 'N69/5*1-B' with component 'A0045407281'&#xD;
 E3: W - Component A0025459040 not found in database !&#xD;
 E3: W - Cannot load Component 'A0025459040' from database - look in output window for details... &#xD;
 E3: E - Cannot create new device 'N143*MOS-S' with component 'A0025459040'&#xD;
 E3: W - Component A0035401781 not found in database !&#xD;
 E3: W - Cannot load Component 'A0035401781' from database - look in output window for details... &#xD;
 E3: E - Cannot create new device 'N143*S11-B' with component 'A0035401781'&#xD;
 E3: W - Component A0235455726 not found in database !&#xD;
 E3: W - Cannot load Component 'A0235455726' from database - look in output window for details... &#xD;
 E3: E - Cannot create new device 'N143*TV1-B' with component 'A0235455726'&#xD;
 E3: W - Component A0375450728 not found in database !&#xD;
 E3: W - Cannot load Component 'A0375450728' from database - look in output window for details... &#xD;
 E3: E - Cannot create new device 'X58/33*1-S' with component 'A0375450728'&#xD;
 E3: W - Component A0325452526 not found in database !&#xD;
 E3: W - Cannot load Component 'A0325452526' from database - look in output window for details... &#xD;
 E3: E - Cannot create new device 'K40/5*S19-B' with component 'A0325452526'&#xD;
 E3: W - Component A0005456500 not found in database !&#xD;
 E3: W - Cannot load Component 'A0005456500' from database - look in output window for details... &#xD;
 E3: E - Cannot create new device 'K40/5*S5-B' with component 'A0005456500'&#xD;
 E3: W - Component A0055454301 not found in database !&#xD;
 E3: W - Cannot load Component 'A0055454301' from database - look in output window for details... &#xD;
 E3: E - Cannot create new device 'K40/5*S14-B' with component 'A0055454301'&#xD;
 E3: W - Component A0065452401 not found in database !&#xD;
 E3: W - Cannot load Component 'A0065452401' from database - look in output window for details... &#xD;
 E3: E - Cannot create new device 'K40/5*S11-B' with component 'A0065452401'&#xD;
 E3: W - Component A0325451726 not found in database !&#xD;
 E3: W - Cannot load Component 'A0325451726' from database - look in output window for details... &#xD;
 E3: E - Cannot create new device 'K40/5*S21-B' with component 'A0325451726'&#xD;
 E3: W - Component A0005456800 not found in database !&#xD;
 E3: W - Cannot load Component 'A0005456800' from database - look in output window for details... &#xD;
 E3: E - Cannot create new device 'K40/5*S16-B' with component 'A0005456800'&#xD;
 E3: W - Component A0055454901 not found in database !&#xD;
 E3: W - Cannot load Component 'A0055454901' from database - look in output window for details... &#xD;
 E3: E - Cannot create new device 'K40/5*S17-B' with component 'A0055454901'&#xD;
 E3: W - Component A0055455001 not found in database !&#xD;
 E3: W - Cannot load Component 'A0055455001' from database - look in output window for details... &#xD;
 E3: E - Cannot create new device 'K40/5*S18-B' with component 'A0055455001'&#xD;
 E3: W - Component A0055455101 not found in database !&#xD;
 E3: W - Cannot load Component 'A0055455101' from database - look in output window for details... &#xD;
 E3: E - Cannot create new device 'K40/5*S3-B' with component 'A0055455101'&#xD;
 E3: W - Component A0005456300 not found in database !&#xD;
 E3: W - Cannot load Component 'A0005456300' from database - look in output window for details... &#xD;
 E3: E - Cannot create new device 'K40/5*S2-B' with component 'A0005456300'&#xD;
 E3: W - Component A0005456400 not found in database !&#xD;
 E3: W - Cannot load Component 'A0005456400' from database - look in output window for details... &#xD;
 E3: E - Cannot create new device 'K40/5*S15-B' with component 'A0005456400'&#xD;
 E3: W - Component A0005456700 not found in database !&#xD;
 E3: W - Cannot load Component 'A0005456700' from database - look in output window for details... &#xD;
 E3: E - Cannot create new device 'K40/5*S1-B' with component 'A0005456700'&#xD;
 E3: W - Component A0225452126 not found in database !&#xD;
 E3: W - Cannot load Component 'A0225452126' from database - look in output window for details... &#xD;
 E3: E - Cannot create new device 'X62/10*1-B' with component 'A0225452126'&#xD;
 E3: W - Component A1685400181 not found in database !&#xD;
 E3: W - Cannot load Component 'A1685400181' from database - look in output window for details... &#xD;
 E3: E - Cannot create new device 'X62/10*2-B' with component 'A1685400181'&#xD;
 E3: W - Component A1729821502 not found in database !&#xD;
 E3: W - Cannot load Component 'A1729821502' from database - look in output window for details... &#xD;
 E3: E - Cannot create new device 'W7*1-K' with component 'A1729821502'&#xD;
 E3: W - Component TB-A1729821302 not found in database !&#xD;
 E3: W - Cannot load Component 'TB-A1729821302' from database - look in output window for details... &#xD;
 E3: E - Cannot create new device 'W7/1*1-K' with component 'TB-A1729821302'&#xD;
 E3: W - Component A1729821502 not found in database !&#xD;
 E3: W - Cannot load Component 'A1729821502' from database - look in output window for details... &#xD;
 E3: E - Cannot create new device 'W7/12*1-K' with component 'A1729821502'&#xD;
 E3: W - Component A0019820402 not found in database !&#xD;
 E3: W - Cannot load Component 'A0019820402' from database - look in output window for details... &#xD;
 E3: E - Cannot create new device 'W33/4*1-K' with component 'A0019820402'&#xD;
 E3: W - Component A2125456626 not found in database !&#xD;
 E3: W - Cannot load Component 'A2125456626' from database - look in output window for details... &#xD;
 E3: E - Cannot create new device 'B84/10*1-B' with component 'A2125456626'&#xD;
 E3: W - Component A0385451228 not found in database !&#xD;
 E3: W - Cannot load Component 'A0385451228' from database - look in output window for details... &#xD;
 E3: E - Cannot create new device 'B84/3*1-B' with component 'A0385451228'&#xD;
 E3: W - Component A0335455526 not found in database !&#xD;
 E3: W - Cannot load Component 'A0335455526' from database - look in output window for details... &#xD;
 E3: E - Cannot create new device 'R12/22*1-B' with component 'A0335455526'&#xD;
 E3: W - Component A0335455526 not found in database !&#xD;
 E3: W - Cannot load Component 'A0335455526' from database - look in output window for details... &#xD;
 E3: E - Cannot create new device 'R12/23*1-B' with component 'A0335455526'&#xD;
 E3: W - Component A0335455326 not found in database !&#xD;
 E3: W - Cannot load Component 'A0335455326' from database - look in output window for details... &#xD;
 E3: E - Cannot create new device 'R12/7*1-B' with component 'A0335455326'&#xD;
 E3: W - Component A0235455626 not found in database !&#xD;
 E3: W - Cannot load Component 'A0235455626' from database - look in output window for details... &#xD;
 E3: E - Cannot create new device 'B84/3*2-B' with component 'A0235455626'&#xD;
 E3: W - Component A0525453826 not found in database !&#xD;
 E3: W - Cannot load Component 'A0525453826' from database - look in output window for details... &#xD;
 E3: E - Cannot create new device 'A9/1*2-B' with component 'A0525453826'&#xD;
 E3: W - Component A2105403681 not found in database !&#xD;
 E3: W - Cannot load Component 'A2105403681' from database - look in output window for details... &#xD;
 E3: E - Cannot create new device 'B22/8*1-B' with component 'A2105403681'&#xD;
 E3: W - Component A2225451426 not found in database !&#xD;
 E3: W - Cannot load Component 'A2225451426' from database - look in output window for details... &#xD;
 E3: E - Cannot create new device 'X62/7*1-B' with component 'A2225451426'&#xD;
 E3: W - Component A0465458928 not found in database !&#xD;
 E3: W - Cannot load Component 'A0465458928' from database - look in output window for details... &#xD;
 E3: E - Cannot create new device 'Y36/6*1-B' with component 'A0465458928'&#xD;
 E3: W - Component A2105404581 not found in database !&#xD;
 E3: W - Cannot load Component 'A2105404581' from database - look in output window for details... &#xD;
 E3: E - Cannot create new device 'A89*1-B' with component 'A2105404581'&#xD;
 E3: W - Component A2105403681 not found in database !&#xD;
 E3: W - Cannot load Component 'A2105403681' from database - look in output window for details... &#xD;
 E3: E - Cannot create new device 'B22/9*1-B' with component 'A2105403681'&#xD;
 E3: W - Component A0075408881 not found in database !&#xD;
 E3: W - Cannot load Component 'A0075408881' from database - look in output window for details... &#xD;
 E3: E - Cannot create new device 'S62/42*1-B' with component 'A0075408881'&#xD;
 E3: W - Component A2225451426 not found in database !&#xD;
 E3: W - Cannot load Component 'A2225451426' from database - look in output window for details... &#xD;
 E3: E - Cannot create new device 'X62/6*1-B' with component 'A2225451426'&#xD;
 E3: W - Component A0001532122 not found in database !&#xD;
 E3: W - Cannot load Component 'A0001532122' from database - look in output window for details... &#xD;
 E3: E - Cannot create new device 'X26/38*1-B' with component 'A0001532122'&#xD;
 E3: W - Component A0069829602 not found in database !&#xD;
 E3: W - Cannot load Component 'A0069829602' from database - look in output window for details... &#xD;
 E3: E - Cannot create new device 'F32/3*3-K' with component 'A0069829602'&#xD;
 E3: W - Component A2465400181 not found in database !&#xD;
 E3: W - Cannot load Component 'A2465400181' from database - look in output window for details... &#xD;
 E3: E - Cannot create new device 'F32/3*C3-B' with component 'A2465400181'&#xD;
 E3: W - Component A2055400181 not found in database !&#xD;
 E3: W - Cannot load Component 'A2055400181' from database - look in output window for details... &#xD;
 E3: E - Cannot create new device 'N30/3*1-B' with component 'A2055400181'&#xD;
 E3: W - Component A0225452026 not found in database !&#xD;
 E3: W - Cannot load Component 'A0225452026' from database - look in output window for details... &#xD;
 E3: E - Cannot create new device 'Y51/2*3-B' with component 'A0225452026'&#xD;
 E3: W - Component A0225451926 not found in database !&#xD;
 E3: W - Cannot load Component 'A0225451926' from database - look in output window for details... &#xD;
 E3: E - Cannot create new device 'Y51/2*4-B' with component 'A0225451926'&#xD;
 E3: W - Component A0225452026 not found in database !&#xD;
 E3: W - Cannot load Component 'A0225452026' from database - look in output window for details... &#xD;
 E3: E - Cannot create new device 'Y52/2*3-B' with component 'A0225452026'&#xD;
 E3: W - Component A0225451926 not found in database !&#xD;
 E3: W - Cannot load Component 'A0225451926' from database - look in output window for details... &#xD;
 E3: E - Cannot create new device 'Y52/2*4-B' with component 'A0225451926'&#xD;
 E3: W - Component DIN46225A_8.4 not found in database !&#xD;
 E3: W - Cannot load Component 'DIN46225A_8.4' from database - look in output window for details... &#xD;
 E3: E - Cannot create new device 'G1*3-K' with component 'DIN46225A_8.4'&#xD;
 E3: W - Component TB-A1729821302 not found in database !&#xD;
 E3: W - Cannot load Component 'TB-A1729821302' from database - look in output window for details... &#xD;
 E3: E - Cannot create new device 'W16/4*1-K' with component 'TB-A1729821302'&#xD;
 E3: W - Component A0375453728 not found in database !&#xD;
 E3: W - Cannot load Component 'A0375453728' from database - look in output window for details... &#xD;
 E3: E - Cannot create new device 'F1/6*MF1-B' with component 'A0375453728'&#xD;
 E3: W - Component A0375453628 not found in database !&#xD;
 E3: W - Cannot load Component 'A0375453628' from database - look in output window for details... &#xD;
 E3: E - Cannot create new device 'F1/6*MF2-B' with component 'A0375453628'&#xD;
 E3: W - Component A0375453528 not found in database !&#xD;
 E3: W - Cannot load Component 'A0375453528' from database - look in output window for details... &#xD;
 E3: E - Cannot create new device 'F1/6*MF3-B' with component 'A0375453528'&#xD;
 E3: W - Component A0069821502 not found in database !&#xD;
 E3: W - Cannot load Component 'A0069821502' from database - look in output window for details... &#xD;
 E3: E - Cannot create new device 'F32/4*7A-K' with component 'A0069821502'&#xD;
 E3: W - Component A0019824302 not found in database !&#xD;
 E3: W - Cannot load Component 'A0019824302' from database - look in output window for details... &#xD;
 E3: E - Cannot create new device 'F32/4*E-K' with component 'A0019824302'&#xD;
 E3: W - Component A0225450826 not found in database !&#xD;
 E3: W - Cannot load Component 'A0225450826' from database - look in output window for details... &#xD;
 E3: E - Cannot create new device 'F1/6*E2-B' with component 'A0225450826'&#xD;
 E3: W - Component A0525457826 not found in database !&#xD;
 E3: W - Cannot load Component 'A0525457826' from database - look in output window for details... &#xD;
 E3: E - Cannot create new device 'N10/6*RB1-B' with component 'A0525457826'&#xD;
 E3: W - Component A0325459328 not found in database !&#xD;
 E3: W - Cannot load Component 'A0325459328' from database - look in output window for details... &#xD;
 E3: E - Cannot create new device 'N10/6*PW1-B' with component 'A0325459328'&#xD;
 E3: W - Component A0355457828 not found in database !&#xD;
 E3: W - Cannot load Component 'A0355457828' from database - look in output window for details... &#xD;
 E3: E - Cannot create new device 'N10/6*PW2-B' with component 'A0355457828'&#xD;
 E3: W - Component A0065455740 not found in database !&#xD;
 E3: W - Cannot load Component 'A0065455740' from database - look in output window for details... &#xD;
 E3: E - Cannot create new device 'N73/3*1-B' with component 'A0065455740'&#xD;
 E3: W - Component A0015409581 not found in database !&#xD;
 E3: W - Cannot load Component 'A0015409581' from database - look in output window for details... &#xD;
 E3: E - Cannot create new device 'N127*A-B' with component 'A0015409581'&#xD;
 E3: W - Component A0055403081 not found in database !&#xD;
 E3: W - Cannot load Component 'A0055403081' from database - look in output window for details... &#xD;
 E3: E - Cannot create new device 'N127*B-B' with component 'A0055403081'&#xD;
 E3: W - Component A2059825002 not found in database !&#xD;
 E3: W - Cannot load Component 'A2059825002' from database - look in output window for details... &#xD;
 E3: E - Cannot create new device 'X4/37*1-K' with component 'A2059825002'&#xD;
 E3: W - Component A0525455928 not found in database !&#xD;
 E3: W - Cannot load Component 'A0525455928' from database - look in output window for details... &#xD;
 E3: E - Cannot create new device 'X18/53*1-S' with component 'A0525455928'&#xD;
 E3: W - Component A0525455928 not found in database !&#xD;
 E3: W - Cannot load Component 'A0525455928' from database - look in output window for details... &#xD;
 E3: E - Cannot create new device 'X18/53*2-S' with component 'A0525455928'&#xD;
 E3: W - Component A0525455728 not found in database !&#xD;
 E3: W - Cannot load Component 'A0525455728' from database - look in output window for details... &#xD;
 E3: E - Cannot create new device 'X18/53*5-S' with component 'A0525455728'&#xD;
 E3: W - Component A0525455828 not found in database !&#xD;
 E3: W - Cannot load Component 'A0525455828' from database - look in output window for details... &#xD;
 E3: E - Cannot create new device 'X18/54*1-S' with component 'A0525455828'&#xD;
 E3: W - Component A0525455928 not found in database !&#xD;
 E3: W - Cannot load Component 'A0525455928' from database - look in output window for details... &#xD;
 E3: E - Cannot create new device 'X18/54*2-S' with component 'A0525455928'&#xD;
 E3: W - Component A2055451628 not found in database !&#xD;
 E3: W - Cannot load Component 'A2055451628' from database - look in output window for details... &#xD;
 E3: E - Cannot create new device 'X25/7*1-S' with component 'A2055451628'&#xD;
 E3: W - Component A0285451126 not found in database !&#xD;
 E3: W - Cannot load Component 'A0285451126' from database - look in output window for details... &#xD;
 E3: E - Cannot create new device 'X30/27*1-B' with component 'A0285451126'&#xD;
 E3: W - Component A0285450426 not found in database !&#xD;
 E3: W - Cannot load Component 'A0285450426' from database - look in output window for details... &#xD;
 E3: E - Cannot create new device 'X30/27*3-B' with component 'A0285450426'&#xD;
 E3: W - Component A0285450426 not found in database !&#xD;
 E3: W - Cannot load Component 'A0285450426' from database - look in output window for details... &#xD;
 E3: E - Cannot create new device 'X30/27*7-B' with component 'A0285450426'&#xD;
 E3: W - Component A0105408081 not found in database !&#xD;
 E3: W - Cannot load Component 'A0105408081' from database - look in output window for details... &#xD;
 E3: E - Cannot create new device 'X35/1*1-B' with component 'A0105408081'&#xD;
 E3: W - Component A0105400681 not found in database !&#xD;
 E3: W - Cannot load Component 'A0105400681' from database - look in output window for details... &#xD;
 E3: E - Cannot create new device 'X35/1*HSD-B' with component 'A0105400681'&#xD;
 E3: W - Component A0105408081 not found in database !&#xD;
 E3: W - Cannot load Component 'A0105408081' from database - look in output window for details... &#xD;
 E3: E - Cannot create new device 'X35/2*1-B' with component 'A0105408081'&#xD;
 E3: W - Component A0105400681 not found in database !&#xD;
 E3: W - Cannot load Component 'A0105400681' from database - look in output window for details... &#xD;
 E3: E - Cannot create new device 'X35/2*HSD-B' with component 'A0105400681'&#xD;
 E3: W - Component A2135400414 not found in database !&#xD;
 E3: W - Cannot load Component 'A2135400414' from database - look in output window for details... &#xD;
 E3: E - Cannot create new device 'F1/6*30-B' with component 'A2135400414'&#xD;
 E3: W - Component A0009825126 not found in database !&#xD;
 E3: W - Cannot load Component 'A0009825126' from database - look in output window for details... &#xD;
 E3: E - Cannot create new device 'K40/6*A1-B' with component 'A0009825126'&#xD;
 E3: W - Component A0009825126 not found in database !&#xD;
 E3: W - Cannot load Component 'A0009825126' from database - look in output window for details... &#xD;
 E3: E - Cannot create new device 'K40/6*A2-B' with component 'A0009825126'&#xD;
 E3: W - Component A0035454326 not found in database !&#xD;
 E3: W - Cannot load Component 'A0035454326' from database - look in output window for details... &#xD;
 E3: E - Cannot create new device 'K40/6*A4-B' with component 'A0035454326'&#xD;
 E3: W - Component A0085407581 not found in database !&#xD;
 E3: W - Cannot load Component 'A0085407581' from database - look in output window for details... &#xD;
 E3: E - Cannot create new device 'X35/3*1-B' with component 'A0085407581'&#xD;
 E3: W - Component A2225451526 not found in database !&#xD;
 E3: W - Cannot load Component 'A2225451526' from database - look in output window for details... &#xD;
 E3: E - Cannot create new device 'X62/32*1-B' with component 'A2225451526'&#xD;
 E3: W - Component A0485459628 not found in database !&#xD;
 E3: W - Cannot load Component 'A0485459628' from database - look in output window for details... &#xD;
 E3: E - Cannot create new device 'M2/23*1-B' with component 'A0485459628'&#xD;
 E3: W - Component A1729821502 not found in database !&#xD;
 E3: W - Cannot load Component 'A1729821502' from database - look in output window for details... &#xD;
 E3: E - Cannot create new device 'W12*1-K' with component 'A1729821502'&#xD;
 E3: W - Component TB-A1729821302 not found in database !&#xD;
 E3: W - Cannot load Component 'TB-A1729821302' from database - look in output window for details... &#xD;
 E3: E - Cannot create new device 'W104*1-K' with component 'TB-A1729821302'&#xD;
 E3: W - Component TB-A1729821302 not found in database !&#xD;
 E3: W - Cannot load Component 'TB-A1729821302' from database - look in output window for details... &#xD;
 E3: E - Cannot create new device 'W18*1-K' with component 'TB-A1729821302'&#xD;
 E3: W - Component A0255456526 not found in database !&#xD;
 E3: W - Cannot load Component 'A0255456526' from database - look in output window for details... &#xD;
 E3: E - Cannot create new device 'A53*1-B' with component 'A0255456526'&#xD;
 E3: W - Component A0245459726 not found in database !&#xD;
 E3: W - Cannot load Component 'A0245459726' from database - look in output window for details... &#xD;
 E3: E - Cannot create new device 'S68/11*1-B' with component 'A0245459726'&#xD;
 E3: W - Component A0015456930 not found in database !&#xD;
 E3: W - Cannot load Component 'A0015456930' from database - look in output window for details... &#xD;
 E3: E - Cannot create new device 'A26/17*A2-B' with component 'A0015456930'&#xD;
 E3: W - Component A0025459040 not found in database !&#xD;
 E3: W - Cannot load Component 'A0025459040' from database - look in output window for details... &#xD;
 E3: E - Cannot create new device 'A26/17*D-S' with component 'A0025459040'&#xD;
 E3: W - Component A0035407281 not found in database !&#xD;
 E3: W - Cannot load Component 'A0035407281' from database - look in output window for details... &#xD;
 E3: E - Cannot create new device 'A26/17*C-B' with component 'A0035407281'&#xD;
 E3: W - Component A0225451326 not found in database !&#xD;
 E3: W - Cannot load Component 'A0225451326' from database - look in output window for details... &#xD;
 E3: E - Cannot create new device 'A26/17*H12-B' with component 'A0225451326'&#xD;
 E3: W - Component A0035407381 not found in database !&#xD;
 E3: W - Cannot load Component 'A0035407381' from database - look in output window for details... &#xD;
 E3: E - Cannot create new device 'A26/17*B-B' with component 'A0035407381'&#xD;
 E3: W - Component A2105403681 not found in database !&#xD;
 E3: W - Cannot load Component 'A2105403681' from database - look in output window for details... &#xD;
 E3: E - Cannot create new device 'B22/7*1-B' with component 'A2105403681'&#xD;
 E3: W - Component A0285450626 not found in database !&#xD;
 E3: W - Cannot load Component 'A0285450626' from database - look in output window for details... &#xD;
 E3: E - Cannot create new device 'X30/38*6-B' with component 'A0285450626'&#xD;
 E3: W - Component A2205455228 not found in database !&#xD;
 E3: W - Cannot load Component 'A2205455228' from database - look in output window for details... &#xD;
 E3: E - Cannot create new device 'A76*1-B' with component 'A2205455228'&#xD;
 E3: W - Component A0285450126 not found in database !&#xD;
 E3: W - Cannot load Component 'A0285450126' from database - look in output window for details... &#xD;
 E3: E - Cannot create new device 'X30/32*1-B' with component 'A0285450126'&#xD;
 E3: W - Component A0285450126 not found in database !&#xD;
 E3: W - Cannot load Component 'A0285450126' from database - look in output window for details... &#xD;
 E3: E - Cannot create new device 'X30/32*2-B' with component 'A0285450126'&#xD;
 E3: W - Component A0285450126 not found in database !&#xD;
 E3: W - Cannot load Component 'A0285450126' from database - look in output window for details... &#xD;
 E3: E - Cannot create new device 'X30/32*3-B' with component 'A0285450126'&#xD;
 E3: W - Component A0285450126 not found in database !&#xD;
 E3: W - Cannot load Component 'A0285450126' from database - look in output window for details... &#xD;
 E3: E - Cannot create new device 'X30/32*4-B' with component 'A0285450126'&#xD;
 E3: W - Component A0285450126 not found in database !&#xD;
 E3: W - Cannot load Component 'A0285450126' from database - look in output window for details... &#xD;
 E3: E - Cannot create new device 'X30/32*5-B' with component 'A0285450126'&#xD;
 E3: W - Component A0285450126 not found in database !&#xD;
 E3: W - Cannot load Component 'A0285450126' from database - look in output window for details... &#xD;
 E3: E - Cannot create new device 'X30/32*9-B' with component 'A0285450126'&#xD;
 E3: W - Component A0055402781 not found in database !&#xD;
 E3: W - Cannot load Component 'A0055402781' from database - look in output window for details... &#xD;
 E3: E - Cannot create new device 'M16/33*1-B' with component 'A0055402781'&#xD;
 E3: W - Component A0085407581 not found in database !&#xD;
 E3: W - Cannot load Component 'A0085407581' from database - look in output window for details... &#xD;
 E3: E - Cannot create new device 'X35/4*1-B' with component 'A0085407581'&#xD;
 E3: W - Component A0485459628 not found in database !&#xD;
 E3: W - Cannot load Component 'A0485459628' from database - look in output window for details... &#xD;
 E3: E - Cannot create new device 'M2/24*1-B' with component 'A0485459628'&#xD;
 E3: W - Component A2225451526 not found in database !&#xD;
 E3: W - Cannot load Component 'A2225451526' from database - look in output window for details... &#xD;
 E3: E - Cannot create new device 'X62/33*1-B' with component 'A2225451526'&#xD;
 E3: W - Component A1729821502 not found in database !&#xD;
 E3: W - Cannot load Component 'A1729821502' from database - look in output window for details... &#xD;
 E3: E - Cannot create new device 'W17*1-K' with component 'A1729821502'&#xD;
 E3: W - Component A1729821502 not found in database !&#xD;
 E3: W - Cannot load Component 'A1729821502' from database - look in output window for details... &#xD;
 E3: E - Cannot create new device 'W19*1-K' with component 'A1729821502'&#xD;
 E3: W - Component A2105404381 not found in database !&#xD;
 E3: W - Cannot load Component 'A2105404381' from database - look in output window for details... &#xD;
 E3: E - Cannot create new device 'N88*1-B' with component 'A2105404381'&#xD;
 E3: W - Component A0255456526 not found in database !&#xD;
 E3: W - Cannot load Component 'A0255456526' from database - look in output window for details... &#xD;
 E3: E - Cannot create new device 'A54*1-B' with component 'A0255456526'&#xD;
 E3: W - Component A2205456928 not found in database !&#xD;
 E3: W - Cannot load Component 'A2205456928' from database - look in output window for details... &#xD;
 E3: E - Cannot create new device 'N118/3*1-B' with component 'A2205456928'&#xD;
 E3: W - Component A0265456226 not found in database !&#xD;
 E3: W - Cannot load Component 'A0265456226' from database - look in output window for details... &#xD;
 E3: E - Cannot create new device 'N118/3*2-B' with component 'A0265456226'&#xD;
 E3: W - Component A2105403681 not found in database !&#xD;
 E3: W - Cannot load Component 'A2105403681' from database - look in output window for details... &#xD;
 E3: E - Cannot create new device 'B22/10*1-B' with component 'A2105403681'&#xD;
 E3: W - Component A0285451326 not found in database !&#xD;
 E3: W - Cannot load Component 'A0285451326' from database - look in output window for details... &#xD;
 E3: E - Cannot create new device 'X30/44*1-B' with component 'A0285451326'&#xD;
 E3: W - Component A0285450626 not found in database !&#xD;
 E3: W - Cannot load Component 'A0285450626' from database - look in output window for details... &#xD;
 E3: E - Cannot create new device 'X30/44*4-B' with component 'A0285450626'&#xD;
 E3: W - Component A0285450826 not found in database !&#xD;
 E3: W - Cannot load Component 'A0285450826' from database - look in output window for details... &#xD;
 E3: E - Cannot create new device 'X30/33*1-B' with component 'A0285450826'&#xD;
 E3: W - Component A0285450126 not found in database !&#xD;
 E3: W - Cannot load Component 'A0285450126' from database - look in output window for details... &#xD;
 E3: E - Cannot create new device 'X30/33*2-B' with component 'A0285450126'&#xD;
 E3: W - Component A0285450126 not found in database !&#xD;
 E3: W - Cannot load Component 'A0285450126' from database - look in output window for details... &#xD;
 E3: E - Cannot create new device 'X30/33*3-B' with component 'A0285450126'&#xD;
 E3: W - Component A0285450126 not found in database !&#xD;
 E3: W - Cannot load Component 'A0285450126' from database - look in output window for details... &#xD;
 E3: E - Cannot create new device 'X30/33*6-B' with component 'A0285450126'&#xD;
 E3: W - Component A0285450126 not found in database !&#xD;
 E3: W - Cannot load Component 'A0285450126' from database - look in output window for details... &#xD;
 E3: E - Cannot create new device 'X30/33*7-B' with component 'A0285450126'&#xD;
 E3: W - Component A0285450126 not found in database !&#xD;
 E3: W - Cannot load Component 'A0285450126' from database - look in output window for details... &#xD;
 E3: E - Cannot create new device 'X30/33*8-B' with component 'A0285450126'&#xD;
 E3: W - Component A0285450126 not found in database !&#xD;
 E3: W - Cannot load Component 'A0285450126' from database - look in output window for details... &#xD;
 E3: E - Cannot create new device 'X30/33*9-B' with component 'A0285450126'&#xD;
 E3: W - Component A0285450126 not found in database !&#xD;
 E3: W - Cannot load Component 'A0285450126' from database - look in output window for details... &#xD;
 E3: E - Cannot create new device 'X30/33*12-B' with component 'A0285450126'&#xD;
 E3: W - Component A0285450126 not found in database !&#xD;
 E3: W - Cannot load Component 'A0285450126' from database - look in output window for details... &#xD;
 E3: E - Cannot create new device 'X30/33*13-B' with component 'A0285450126'&#xD;
 E3: W - Component A0285450926 not found in database !&#xD;
 E3: W - Cannot load Component 'A0285450926' from database - look in output window for details... &#xD;
 E3: E - Cannot create new device 'X30/20*1-B' with component 'A0285450926'&#xD;
 E3: W - Component A0285450226 not found in database !&#xD;
 E3: W - Cannot load Component 'A0285450226' from database - look in output window for details... &#xD;
 E3: E - Cannot create new device 'X30/20*2-B' with component 'A0285450226'&#xD;
 E3: W - Component A0285450226 not found in database !&#xD;
 E3: W - Cannot load Component 'A0285450226' from database - look in output window for details... &#xD;
 E3: E - Cannot create new device 'X30/20*3-B' with component 'A0285450226'&#xD;
 E3: W - Component A0285450226 not found in database !&#xD;
 E3: W - Cannot load Component 'A0285450226' from database - look in output window for details... &#xD;
 E3: E - Cannot create new device 'X30/20*4-B' with component 'A0285450226'&#xD;
 E3: W - Component A0285450226 not found in database !&#xD;
 E3: W - Cannot load Component 'A0285450226' from database - look in output window for details... &#xD;
 E3: E - Cannot create new device 'X30/20*8-B' with component 'A0285450226'&#xD;
 E3: W - Component A2205455228 not found in database !&#xD;
 E3: W - Cannot load Component 'A2205455228' from database - look in output window for details... &#xD;
 E3: E - Cannot create new device 'A76/1*1-B' with component 'A2205455228'&#xD;
 E3: W - Component A0375451128 not found in database !&#xD;
 E3: W - Cannot load Component 'A0375451128' from database - look in output window for details... &#xD;
 E3: E - Cannot create new device 'X54/10*1-B' with component 'A0375451128'&#xD;
 E3: W - Component A0375451128 not found in database !&#xD;
 E3: W - Cannot load Component 'A0375451128' from database - look in output window for details... &#xD;
 E3: E - Cannot create new device 'X54/11*1-B' with component 'A0375451128'&#xD;
 E3: W - Component A0225451926 not found in database !&#xD;
 E3: W - Cannot load Component 'A0225451926' from database - look in output window for details... &#xD;
 E3: E - Cannot create new device 'Y23*1-B' with component 'A0225451926'&#xD;
 E3: W - Component A0435459628 not found in database !&#xD;
 E3: W - Cannot load Component 'A0435459628' from database - look in output window for details... &#xD;
 E3: E - Cannot create new device 'S54/6*1-B' with component 'A0435459628'&#xD;
 E3: W - Component A0095405581 not found in database !&#xD;
 E3: W - Cannot load Component 'A0095405581' from database - look in output window for details... &#xD;
 E3: E - Cannot create new device 'N2/5*1-B' with component 'A0095405581'&#xD;
 E3: W - Component A0465455228 not found in database !&#xD;
 E3: W - Cannot load Component 'A0465455228' from database - look in output window for details... &#xD;
 E3: E - Cannot create new device 'X28/29*3-B' with component 'A0465455228'&#xD;
 E3: W - Component A0255455726 not found in database !&#xD;
 E3: W - Cannot load Component 'A0255455726' from database - look in output window for details... &#xD;
 E3: E - Cannot create new device 'A94/6*TV2-B' with component 'A0255455726'&#xD;
 E3: W - Component A0525456626 not found in database !&#xD;
 E3: W - Cannot load Component 'A0525456626' from database - look in output window for details... &#xD;
 E3: E - Cannot create new device 'N70*1-B' with component 'A0525456626'&#xD;
 E3: W - Component A0001532122 not found in database !&#xD;
 E3: W - Cannot load Component 'A0001532122' from database - look in output window for details... &#xD;
 E3: E - Cannot create new device 'X30/62*2-B' with component 'A0001532122'&#xD;
 E3: W - Component A0075409781 not found in database !&#xD;
 E3: W - Cannot load Component 'A0075409781' from database - look in output window for details... &#xD;
 E3: E - Cannot create new device 'N3/32*2-B' with component 'A0075409781'&#xD;
 E3: W - Component A0285452726 not found in database !&#xD;
 E3: W - Cannot load Component 'A0285452726' from database - look in output window for details... &#xD;
 E3: E - Cannot create new device 'X30/62*1-B' with component 'A0285452726'&#xD;
 E3: W - Component TB-A1729821302 not found in database !&#xD;
 E3: W - Cannot load Component 'TB-A1729821302' from database - look in output window for details... &#xD;
 E3: E - Cannot create new device 'W70/1*1-K' with component 'TB-A1729821302'&#xD;
 E3: W - Component A0225451926 not found in database !&#xD;
 E3: W - Cannot load Component 'A0225451926' from database - look in output window for details... &#xD;
 E3: E - Cannot create new device 'B95*1-B' with component 'A0225451926'&#xD;
 E3: W - Component A0235457426 not found in database !&#xD;
 E3: W - Cannot load Component 'A0235457426' from database - look in output window for details... &#xD;
 E3: E - Cannot create new device 'A94/7*TV3-B' with component 'A0235457426'&#xD;
 E3: W - Component A0005453500 not found in database !&#xD;
 E3: W - Cannot load Component 'A0005453500' from database - look in output window for details... &#xD;
 E3: E - Cannot create new device 'N82/10*1-B' with component 'A0005453500'&#xD;
 E3: W - Component A2125456626 not found in database !&#xD;
 E3: W - Cannot load Component 'A2125456626' from database - look in output window for details... &#xD;
 E3: E - Cannot create new device 'B84/9*1-B' with component 'A2125456626'&#xD;
 E3: W - Component A0315454826 not found in database !&#xD;
 E3: W - Cannot load Component 'A0315454826' from database - look in output window for details... &#xD;
 E3: E - Cannot create new device 'Y129*2-B' with component 'A0315454826'&#xD;
 E3: W - Component A1729821502 not found in database !&#xD;
 E3: W - Cannot load Component 'A1729821502' from database - look in output window for details... &#xD;
 E3: E - Cannot create new device 'W52/6*1-K' with component 'A1729821502'&#xD;
 E3: W - Component USVERB_ungedichtet not found in database !&#xD;
 E3: W - Cannot load Component 'USVERB_ungedichtet' from database - look in output window for details... &#xD;
 E3: E - Cannot create new device 'Z6/30*2-L' with component 'USVERB_ungedichtet'&#xD;
 E3: W - Component USVERB_ungedichtet not found in database !&#xD;
 E3: W - Cannot load Component 'USVERB_ungedichtet' from database - look in output window for details... &#xD;
 E3: E - Cannot create new device 'Z142*2-L' with component 'USVERB_ungedichtet'&#xD;
 E3: W - Component USVERB_ungedichtet not found in database !&#xD;
 E3: W - Cannot load Component 'USVERB_ungedichtet' from database - look in output window for details... &#xD;
 E3: E - Cannot create new device 'Z6/30*9-L' with component 'USVERB_ungedichtet'&#xD;
 E3: W - Component A0375456528 not found in database !&#xD;
 E3: W - Cannot load Component 'A0375456528' from database - look in output window for details... &#xD;
 E3: E - Cannot create new device 'X58/3*1-B' with component 'A0375456528'&#xD;
 E3: W - Component USVERB_ungedichtet not found in database !&#xD;
 E3: W - Cannot load Component 'USVERB_ungedichtet' from database - look in output window for details... &#xD;
 E3: E - Cannot create new device 'Z35/34*1-L' with component 'USVERB_ungedichtet'&#xD;
 E3: W - Component USVERB_ungedichtet not found in database !&#xD;
 E3: W - Cannot load Component 'USVERB_ungedichtet' from database - look in output window for details... &#xD;
 E3: E - Cannot create new device 'Z35/33*1-L' with component 'USVERB_ungedichtet'&#xD;
 E3: W - Component A0235456226 not found in database !&#xD;
 E3: W - Cannot load Component 'A0235456226' from database - look in output window for details... &#xD;
 E3: E - Cannot create new device 'A26/17*H32-B' with component 'A0235456226'&#xD;
 E3: W - Component USVERB_ungedichtet not found in database !&#xD;
 E3: W - Cannot load Component 'USVERB_ungedichtet' from database - look in output window for details... &#xD;
 E3: E - Cannot create new device 'Z68/4*1-L' with component 'USVERB_ungedichtet'&#xD;
 E3: W - Component USVERB_ungedichtet not found in database !&#xD;
 E3: W - Cannot load Component 'USVERB_ungedichtet' from database - look in output window for details... &#xD;
 E3: E - Cannot create new device 'Z68/3*1-L' with component 'USVERB_ungedichtet'&#xD;
 E3: W - Component USVERB_ungedichtet not found in database !&#xD;
 E3: W - Cannot load Component 'USVERB_ungedichtet' from database - look in output window for details... &#xD;
 E3: E - Cannot create new device 'Z68/48*1-L' with component 'USVERB_ungedichtet'&#xD;
 E3: W - Component USVERB_ungedichtet not found in database !&#xD;
 E3: W - Cannot load Component 'USVERB_ungedichtet' from database - look in output window for details... &#xD;
 E3: E - Cannot create new device 'Z68/9*1-L' with component 'USVERB_ungedichtet'&#xD;
 E3: W - Component A0375450928 not found in database !&#xD;
 E3: W - Cannot load Component 'A0375450928' from database - look in output window for details... &#xD;
 E3: E - Cannot create new device 'X85/4*1-B' with component 'A0375450928'&#xD;
 E3: W - Component A0089825502 not found in database !&#xD;
 E3: W - Cannot load Component 'A0089825502' from database - look in output window for details... &#xD;
 E3: E - Cannot create new device 'K40/5*E1-K' with component 'A0089825502'&#xD;
 E3: W - Component USVERB_ungedichtet not found in database !&#xD;
 E3: W - Cannot load Component 'USVERB_ungedichtet' from database - look in output window for details... &#xD;
 E3: E - Cannot create new device 'Z35/10*1-L' with component 'USVERB_ungedichtet'&#xD;
 E3: W - Component USVERB_ungedichtet not found in database !&#xD;
 E3: W - Cannot load Component 'USVERB_ungedichtet' from database - look in output window for details... &#xD;
 E3: E - Cannot create new device 'Z61/42*1-L' with component 'USVERB_ungedichtet'&#xD;
 E3: W - Component USVERB_ungedichtet not found in database !&#xD;
 E3: W - Cannot load Component 'USVERB_ungedichtet' from database - look in output window for details... &#xD;
 E3: E - Cannot create new device 'Z61/41*1-L' with component 'USVERB_ungedichtet'&#xD;
 E3: W - Component USVERB_ungedichtet not found in database !&#xD;
 E3: W - Cannot load Component 'USVERB_ungedichtet' from database - look in output window for details... &#xD;
 E3: E - Cannot create new device 'Z137*1-L' with component 'USVERB_ungedichtet'&#xD;
 E3: W - Component USVERB_ungedichtet not found in database !&#xD;
 E3: W - Cannot load Component 'USVERB_ungedichtet' from database - look in output window for details... &#xD;
 E3: E - Cannot create new device 'Z6/8*3-L' with component 'USVERB_ungedichtet'&#xD;
 E3: W - Component USVERB_ungedichtet not found in database !&#xD;
 E3: W - Cannot load Component 'USVERB_ungedichtet' from database - look in output window for details... &#xD;
 E3: E - Cannot create new device 'Z6/30*3-L' with component 'USVERB_ungedichtet'&#xD;
 E3: W - Component A2105402181 not found in database !&#xD;
 E3: W - Cannot load Component 'A2105402181' from database - look in output window for details... &#xD;
 E3: E - Cannot create new device 'B24/4*1-B' with component 'A2105402181'&#xD;
 E3: W - Component USVERB_ungedichtet not found in database !&#xD;
 E3: W - Cannot load Component 'USVERB_ungedichtet' from database - look in output window for details... &#xD;
 E3: E - Cannot create new device 'Z149*1-L' with component 'USVERB_ungedichtet'&#xD;
 E3: W - Component USVERB_ungedichtet not found in database !&#xD;
 E3: W - Cannot load Component 'USVERB_ungedichtet' from database - look in output window for details... &#xD;
 E3: E - Cannot create new device 'Z141/1*4-L' with component 'USVERB_ungedichtet'&#xD;
 E3: W - Component A0265454926 not found in database !&#xD;
 E3: W - Cannot load Component 'A0265454926' from database - look in output window for details... &#xD;
 E3: E - Cannot create new device 'A26/17*31-B' with component 'A0265454926'&#xD;
 E3: W - Component A0375450928 not found in database !&#xD;
 E3: W - Cannot load Component 'A0375450928' from database - look in output window for details... &#xD;
 E3: E - Cannot create new device 'X85/4*2-B' with component 'A0375450928'&#xD;
 E3: W - Component A0465455228 not found in database !&#xD;
 E3: W - Cannot load Component 'A0465455228' from database - look in output window for details... &#xD;
 E3: E - Cannot create new device 'X28/30*3-B' with component 'A0465455228'&#xD;
 E3: W - Component A0105406681 not found in database !&#xD;
 E3: W - Cannot load Component 'A0105406681' from database - look in output window for details... &#xD;
 E3: E - Cannot create new device 'X28/30*1-B' with component 'A0105406681'&#xD;
 E3: W - Component A0385457228 not found in database !&#xD;
 E3: W - Cannot load Component 'A0385457228' from database - look in output window for details... &#xD;
 E3: E - Cannot create new device 'X6/5*1-B' with component 'A0385457228'&#xD;
 E3: W - Component A0315452026 not found in database !&#xD;
 E3: W - Cannot load Component 'A0315452026' from database - look in output window for details... &#xD;
 E3: E - Cannot create new device 'X58/18*1-B' with component 'A0315452026'&#xD;
 E3: W - Component A0435459628 not found in database !&#xD;
 E3: W - Cannot load Component 'A0435459628' from database - look in output window for details... &#xD;
 E3: E - Cannot create new device 'S54/5*1-B' with component 'A0435459628'&#xD;
 E3: W - Component A0105406781 not found in database !&#xD;
 E3: W - Cannot load Component 'A0105406781' from database - look in output window for details... &#xD;
 E3: E - Cannot create new device 'X28/29*1-B' with component 'A0105406781'&#xD;
 E3: W - Component A0385457228 not found in database !&#xD;
 E3: W - Cannot load Component 'A0385457228' from database - look in output window for details... &#xD;
 E3: E - Cannot create new device 'X6/4*1-B' with component 'A0385457228'&#xD;
 E3: W - Component A0001532122 not found in database !&#xD;
 E3: W - Cannot load Component 'A0001532122' from database - look in output window for details... &#xD;
 E3: E - Cannot create new device 'X26/40*1-B' with component 'A0001532122'&#xD;
 E3: W - Component USVERB_ungedichtet not found in database !&#xD;
 E3: W - Cannot load Component 'USVERB_ungedichtet' from database - look in output window for details... &#xD;
 E3: E - Cannot create new device 'Z7/48*1-L' with component 'USVERB_ungedichtet'&#xD;
 E3: W - Component USVERB_ungedichtet not found in database !&#xD;
 E3: W - Cannot load Component 'USVERB_ungedichtet' from database - look in output window for details... &#xD;
 E3: E - Cannot create new device 'Z68/49*1-L' with component 'USVERB_ungedichtet'&#xD;
 E3: W - Component USVERB_ungedichtet not found in database !&#xD;
 E3: W - Cannot load Component 'USVERB_ungedichtet' from database - look in output window for details... &#xD;
 E3: E - Cannot create new device 'Z7/46*1-L' with component 'USVERB_ungedichtet'&#xD;
 E3: W - Component A0005456743 not found in database !&#xD;
 E3: W - Cannot load Component 'A0005456743' from database - look in output window for details... &#xD;
 E3: E - Cannot create new device 'N25/3*2-B' with component 'A0005456743'&#xD;
 E3: W - Component A0005457043 not found in database !&#xD;
 E3: W - Cannot load Component 'A0005457043' from database - look in output window for details... &#xD;
 E3: E - Cannot create new device 'N25/3*1-B' with component 'A0005457043'&#xD;
 E3: W - Component A0525456926 not found in database !&#xD;
 E3: W - Cannot load Component 'A0525456926' from database - look in output window for details... &#xD;
 E3: E - Cannot create new device 'N162*1-B' with component 'A0525456926'&#xD;
 E3: W - Component A2105402081 not found in database !&#xD;
 E3: W - Cannot load Component 'A2105402081' from database - look in output window for details... &#xD;
 E3: E - Cannot create new device 'Y19/1*1-B' with component 'A2105402081'&#xD;
 E3: W - Component A0285452726 not found in database !&#xD;
 E3: W - Cannot load Component 'A0285452726' from database - look in output window for details... &#xD;
 E3: E - Cannot create new device 'K57/4*1-B' with component 'A0285452726'&#xD;
 E3: W - Component A0005457043 not found in database !&#xD;
 E3: W - Cannot load Component 'A0005457043' from database - look in output window for details... &#xD;
 E3: E - Cannot create new device 'N5*1-B' with component 'A0005457043'&#xD;
 E3: W - Component A0515455128 not found in database !&#xD;
 E3: W - Cannot load Component 'A0515455128' from database - look in output window for details... &#xD;
 E3: E - Cannot create new device 'A103*1-B' with component 'A0515455128'&#xD;
 E3: W - Component A0225452026 not found in database !&#xD;
 E3: W - Cannot load Component 'A0225452026' from database - look in output window for details... &#xD;
 E3: E - Cannot create new device 'R7/3*1-B' with component 'A0225452026'&#xD;
 E3: W - Component A0285453026 not found in database !&#xD;
 E3: W - Cannot load Component 'A0285453026' from database - look in output window for details... &#xD;
 E3: E - Cannot create new device 'A103*2-B' with component 'A0285453026'&#xD;
 E3: W - Component A0335450426 not found in database !&#xD;
 E3: W - Cannot load Component 'A0335450426' from database - look in output window for details... &#xD;
 E3: E - Cannot create new device 'A103*1a-B' with component 'A0335450426'&#xD;
 E3: W - Component A0245458226 not found in database !&#xD;
 E3: W - Cannot load Component 'A0245458226' from database - look in output window for details... &#xD;
 E3: E - Cannot create new device 'A103*2a-B' with component 'A0245458226'&#xD;
 E3: W - Component A0235455626 not found in database !&#xD;
 E3: W - Cannot load Component 'A0235455626' from database - look in output window for details... &#xD;
 E3: E - Cannot create new device 'A2/125*PM-B' with component 'A0235455626'&#xD;
 E3: W - Component A0235455726 not found in database !&#xD;
 E3: W - Cannot load Component 'A0235455726' from database - look in output window for details... &#xD;
 E3: E - Cannot create new device 'A2/125*HS-B' with component 'A0235455726'&#xD;
 E3: W - Component A0235455826 not found in database !&#xD;
 E3: W - Cannot load Component 'A0235455826' from database - look in output window for details... &#xD;
 E3: E - Cannot create new device 'A2/125*STH-B' with component 'A0235455826'&#xD;
 E3: W - Component A0525452026 not found in database !&#xD;
 E3: W - Cannot load Component 'A0525452026' from database - look in output window for details... &#xD;
 E3: E - Cannot create new device 'N10/8*HL-B' with component 'A0525452026'&#xD;
 E3: W - Component A0395453228 not found in database !&#xD;
 E3: W - Cannot load Component 'A0395453228' from database - look in output window for details... &#xD;
 E3: E - Cannot create new device 'H4/42*1-B' with component 'A0395453228'&#xD;
 E3: W - Component A0525455228 not found in database !&#xD;
 E3: W - Cannot load Component 'A0525455228' from database - look in output window for details... &#xD;
 E3: E - Cannot create new device 'X101/2*2-S' with component 'A0525455228'&#xD;
 E3: W - Component A0285450226 not found in database !&#xD;
 E3: W - Cannot load Component 'A0285450226' from database - look in output window for details... &#xD;
 E3: E - Cannot create new device 'X30/20*7-B' with component 'A0285450226'&#xD;
 E3: W - Component A0285450626 not found in database !&#xD;
 E3: W - Cannot load Component 'A0285450626' from database - look in output window for details... &#xD;
 E3: E - Cannot create new device 'X30/44*5-B' with component 'A0285450626'&#xD;
 E3: W - Component A2105402181 not found in database !&#xD;
 E3: W - Cannot load Component 'A2105402181' from database - look in output window for details... &#xD;
 E3: E - Cannot create new device 'B24/3*1-B' with component 'A2105402181'&#xD;
 E3: W - Component A2025405981 not found in database !&#xD;
 E3: W - Cannot load Component 'A2025405981' from database - look in output window for details... &#xD;
 E3: E - Cannot create new device 'X11/4*1-B' with component 'A2025405981'&#xD;
 E3: W - Component A0295455528 not found in database !&#xD;
 E3: W - Cannot load Component 'A0295455528' from database - look in output window for details... &#xD;
 E3: E - Cannot create new device 'B17/16*1-B' with component 'A0295455528'&#xD;
 E3: W - Component A0055402781 not found in database !&#xD;
 E3: W - Cannot load Component 'A0055402781' from database - look in output window for details... &#xD;
 E3: E - Cannot create new device 'M16/34*1-B' with component 'A0055402781'&#xD;
 E3: W - Component A0225452026 not found in database !&#xD;
 E3: W - Cannot load Component 'A0225452026' from database - look in output window for details... &#xD;
 E3: E - Cannot create new device 'R61*1-B' with component 'A0225452026'&#xD;
 E3: W - Component A0265455926 not found in database !&#xD;
 E3: W - Cannot load Component 'A0265455926' from database - look in output window for details... &#xD;
 E3: E - Cannot create new device 'N33/5*1-B' with component 'A0265455926'&#xD;
 E3: W - Component A0525453826 not found in database !&#xD;
 E3: W - Cannot load Component 'A0525453826' from database - look in output window for details... &#xD;
 E3: E - Cannot create new device 'N33*1-B' with component 'A0525453826'&#xD;
 E3: W - Component A2105403681 not found in database !&#xD;
 E3: W - Cannot load Component 'A2105403681' from database - look in output window for details... &#xD;
 E3: E - Cannot create new device 'N33*2-B' with component 'A2105403681'&#xD;
 E3: W - Component A0395453228 not found in database !&#xD;
 E3: W - Cannot load Component 'A0395453228' from database - look in output window for details... &#xD;
 E3: E - Cannot create new device 'H4/43*1-B' with component 'A0395453228'&#xD;
 E3: W - Component A0245459926 not found in database !&#xD;
 E3: W - Cannot load Component 'A0245459926' from database - look in output window for details... &#xD;
 E3: E - Cannot create new device 'S68/14*1-B' with component 'A0245459926'&#xD;
 E3: W - Component A0245459726 not found in database !&#xD;
 E3: W - Cannot load Component 'A0245459726' from database - look in output window for details... &#xD;
 E3: E - Cannot create new device 'S68/12*1-B' with component 'A0245459726'&#xD;
 E3: W - Component A0375455928 not found in database !&#xD;
 E3: W - Cannot load Component 'A0375455928' from database - look in output window for details... &#xD;
 E3: E - Cannot create new device 'A2/35*1-B' with component 'A0375455928'&#xD;
 E3: W - Component A0375451128 not found in database !&#xD;
 E3: W - Cannot load Component 'A0375451128' from database - look in output window for details... &#xD;
 E3: E - Cannot create new device 'X54/11*2-B' with component 'A0375451128'&#xD;
 E3: W - Component A0375451128 not found in database !&#xD;
 E3: W - Cannot load Component 'A0375451128' from database - look in output window for details... &#xD;
 E3: E - Cannot create new device 'X54/10*2-B' with component 'A0375451128'&#xD;
 E3: W - Component A0225452426 not found in database !&#xD;
 E3: W - Cannot load Component 'A0225452426' from database - look in output window for details... &#xD;
 E3: E - Cannot create new device 'M14/10*1-B' with component 'A0225452426'&#xD;
 E3: W - Component A0005458402 not found in database !&#xD;
 E3: W - Cannot load Component 'A0005458402' from database - look in output window for details... &#xD;
 E3: E - Cannot create new device 'N118/5*1-B' with component 'A0005458402'&#xD;
 E3: W - Component A0005402002 not found in database !&#xD;
 E3: W - Cannot load Component 'A0005402002' from database - look in output window for details... &#xD;
 E3: E - Cannot create new device 'N118/5*2-B' with component 'A0005402002'&#xD;
 E3: W - Component A0395456628 not found in database !&#xD;
 E3: W - Cannot load Component 'A0395456628' from database - look in output window for details... &#xD;
 E3: E - Cannot create new device 'A6/1*1-B' with component 'A0395456628'&#xD;
 E3: W - Component A0235456126 not found in database !&#xD;
 E3: W - Cannot load Component 'A0235456126' from database - look in output window for details... &#xD;
 E3: E - Cannot create new device 'A6/1*2-B' with component 'A0235456126'&#xD;
 E3: W - Component USVERB_ungedichtet not found in database !&#xD;
 E3: W - Cannot load Component 'USVERB_ungedichtet' from database - look in output window for details... &#xD;
 E3: E - Cannot create new device 'Z256*1-L' with component 'USVERB_ungedichtet'&#xD;
 E3: W - Component USVERB_ungedichtet not found in database !&#xD;
 E3: W - Cannot load Component 'USVERB_ungedichtet' from database - look in output window for details... &#xD;
 E3: E - Cannot create new device 'Z6/30*10-L' with component 'USVERB_ungedichtet'&#xD;
 E3: W - Component A2125456626 not found in database !&#xD;
 E3: W - Cannot load Component 'A2125456626' from database - look in output window for details... &#xD;
 E3: E - Cannot create new device 'B84/9*2-B' with component 'A2125456626'&#xD;
 E3: W - Component A0255455326 not found in database !&#xD;
 E3: W - Cannot load Component 'A0255455326' from database - look in output window for details... &#xD;
 E3: E - Cannot create new device 'N143*TV2-B' with component 'A0255455326'&#xD;
 E3: W - Component A0395456628 not found in database !&#xD;
 E3: W - Cannot load Component 'A0395456628' from database - look in output window for details... &#xD;
 E3: E - Cannot create new device 'N58*1-B' with component 'A0395456628'&#xD;
 E3: W - Component A1729821502 not found in database !&#xD;
 E3: W - Cannot load Component 'A1729821502' from database - look in output window for details... &#xD;
 E3: E - Cannot create new device 'W15/5*1-K' with component 'A1729821502'&#xD;
 E3: W - Component TB-A1729821302 not found in database !&#xD;
 E3: W - Cannot load Component 'TB-A1729821302' from database - look in output window for details... &#xD;
 E3: E - Cannot create new device 'W15/7*1-K' with component 'TB-A1729821302'&#xD;
 E3: W - Component ROUTING not found in database !&#xD;
 E3: W - Cannot load Component 'ROUTING' from database - look in output window for details... &#xD;
 E3: E - Cannot create new device 'ID_CON1036' with component 'ROUTING'&#xD;
 E3: W - Component ROUTING not found in database !&#xD;
 E3: W - Cannot load Component 'ROUTING' from database - look in output window for details... &#xD;
 E3: E - Cannot create new device 'ID_CON1035' with component 'ROUTING'&#xD;
 E3: W - Component A0235456126 not found in database !&#xD;
 E3: W - Cannot load Component 'A0235456126' from database - look in output window for details... &#xD;
 E3: E - Cannot create new device 'N112/9*4-B' with component 'A0235456126'&#xD;
 E3: W - Component A0235455826 not found in database !&#xD;
 E3: W - Cannot load Component 'A0235455826' from database - look in output window for details... &#xD;
 E3: E - Cannot create new device 'N112/9*3-B' with component 'A0235455826'&#xD;
 E3: W - Component A0075401681 not found in database !&#xD;
 E3: W - Cannot load Component 'A0075401681' from database - look in output window for details... &#xD;
 E3: E - Cannot create new device 'N112/9*1-B' with component 'A0075401681'&#xD;
 E3: W - Component USVERB_ungedichtet not found in database !&#xD;
 E3: W - Cannot load Component 'USVERB_ungedichtet' from database - look in output window for details... &#xD;
 E3: E - Cannot create new device 'Z35/12*1-L' with component 'USVERB_ungedichtet'&#xD;
 E3: W - Component USVERB_ungedichtet not found in database !&#xD;
 E3: W - Cannot load Component 'USVERB_ungedichtet' from database - look in output window for details... &#xD;
 E3: E - Cannot create new device 'Z6/30*1-L' with component 'USVERB_ungedichtet'&#xD;
 E3: W - Component USVERB_ungedichtet not found in database !&#xD;
 E3: W - Cannot load Component 'USVERB_ungedichtet' from database - look in output window for details... &#xD;
 E3: E - Cannot create new device 'Z175/3*1-L' with component 'USVERB_ungedichtet'&#xD;
 E3: W - Component USVERB_ungedichtet not found in database !&#xD;
 E3: W - Cannot load Component 'USVERB_ungedichtet' from database - look in output window for details... &#xD;
 E3: E - Cannot create new device 'Z232/64*1-L' with component 'USVERB_ungedichtet'&#xD;
 E3: W - Component A0335455426 not found in database !&#xD;
 E3: W - Cannot load Component 'A0335455426' from database - look in output window for details... &#xD;
 E3: E - Cannot create new device 'R12/7*2-B' with component 'A0335455426'&#xD;
 E3: W - Component USVERB_ungedichtet not found in database !&#xD;
 E3: W - Cannot load Component 'USVERB_ungedichtet' from database - look in output window for details... &#xD;
 E3: E - Cannot create new device 'Z6/30*8-L' with component 'USVERB_ungedichtet'&#xD;
 E3: W - Component A2105404381 not found in database !&#xD;
 E3: W - Cannot load Component 'A2105404381' from database - look in output window for details... &#xD;
 E3: E - Cannot create new device 'N153*1-B' with component 'A2105404381'&#xD;
 E3: W - Component A0385451228 not found in database !&#xD;
 E3: W - Cannot load Component 'A0385451228' from database - look in output window for details... &#xD;
 E3: E - Cannot create new device 'X157/30*1-B' with component 'A0385451228'&#xD;
 E3: W - Component A0545452428 not found in database !&#xD;
 E3: W - Cannot load Component 'A0545452428' from database - look in output window for details... &#xD;
 E3: E - Cannot create new device 'X138/1*2-S' with component 'A0545452428'&#xD;
 E3: W - Component A0545455428 not found in database !&#xD;
 E3: W - Cannot load Component 'A0545455428' from database - look in output window for details... &#xD;
 E3: E - Cannot create new device 'X138/1*1-S' with component 'A0545455428'&#xD;
 E3: W - Component USVERB_ungedichtet not found in database !&#xD;
 E3: W - Cannot load Component 'USVERB_ungedichtet' from database - look in output window for details... &#xD;
 E3: E - Cannot create new device 'Z35/13*1-L' with component 'USVERB_ungedichtet'&#xD;
 E3: W - Component USVERB_ungedichtet not found in database !&#xD;
 E3: W - Cannot load Component 'USVERB_ungedichtet' from database - look in output window for details... &#xD;
 E3: E - Cannot create new device 'Z135/2*1-L' with component 'USVERB_ungedichtet'&#xD;
 E3: W - Component USVERB_ungedichtet not found in database !&#xD;
 E3: W - Cannot load Component 'USVERB_ungedichtet' from database - look in output window for details... &#xD;
 E3: E - Cannot create new device 'Z135/4*1-L' with component 'USVERB_ungedichtet'&#xD;
 E3: W - Component USVERB_ungedichtet not found in database !&#xD;
 E3: W - Cannot load Component 'USVERB_ungedichtet' from database - look in output window for details... &#xD;
 E3: E - Cannot create new device 'Z135/1*1-L' with component 'USVERB_ungedichtet'&#xD;
 E3: W - Component USVERB_ungedichtet not found in database !&#xD;
 E3: W - Cannot load Component 'USVERB_ungedichtet' from database - look in output window for details... &#xD;
 E3: E - Cannot create new device 'Z135/3*1-L' with component 'USVERB_ungedichtet'&#xD;
 E3: W - Component LTG_END_gedichtet not found in database !&#xD;
 E3: W - Cannot load Component 'LTG_END_gedichtet' from database - look in output window for details... &#xD;
 E3: E - Cannot create new device 'Z87/12*1-C' with component 'LTG_END_gedichtet'&#xD;
 E3: W - Component A0315456726 not found in database !&#xD;
 E3: W - Cannot load Component 'A0315456726' from database - look in output window for details... &#xD;
 E3: E - Cannot create new device 'A90/4*1-B' with component 'A0315456726'&#xD;
 E3: W - Component A0235455726 not found in database !&#xD;
 E3: W - Cannot load Component 'A0235455726' from database - look in output window for details... &#xD;
 E3: E - Cannot create new device 'A90/4*2-B' with component 'A0235455726'&#xD;
 E3: W - Component A0385451228 not found in database !&#xD;
 E3: W - Cannot load Component 'A0385451228' from database - look in output window for details... &#xD;
 E3: E - Cannot create new device 'S54/10*1-B' with component 'A0385451228'&#xD;
 E3: W - Component A0375455928 not found in database !&#xD;
 E3: W - Cannot load Component 'A0375455928' from database - look in output window for details... &#xD;
 E3: E - Cannot create new device 'E18/4*1-B' with component 'A0375455928'&#xD;
 E3: W - Component A0495458428 not found in database !&#xD;
 E3: W - Cannot load Component 'A0495458428' from database - look in output window for details... &#xD;
 E3: E - Cannot create new device 'H4/62*1-B' with component 'A0495458428'&#xD;
 E3: W - Component TB-A1729821302 not found in database !&#xD;
 E3: W - Cannot load Component 'TB-A1729821302' from database - look in output window for details... &#xD;
 E3: E - Cannot create new device 'W48/1*1-K' with component 'TB-A1729821302'&#xD;
 E3: W - Component A0375456028 not found in database !&#xD;
 E3: W - Cannot load Component 'A0375456028' from database - look in output window for details... &#xD;
 E3: E - Cannot create new device 'E21*1-B' with component 'A0375456028'&#xD;
 E3: W - Component A0235455726 not found in database !&#xD;
 E3: W - Cannot load Component 'A0235455726' from database - look in output window for details... &#xD;
 E3: E - Cannot create new device 'A2/104*1-B' with component 'A0235455726'&#xD;
 E3: W - Component A0235455826 not found in database !&#xD;
 E3: W - Cannot load Component 'A0235455826' from database - look in output window for details... &#xD;
 E3: E - Cannot create new device 'A2/51*2-S' with component 'A0235455826'&#xD;
 E3: W - Component A0235455626 not found in database !&#xD;
 E3: W - Cannot load Component 'A0235455626' from database - look in output window for details... &#xD;
 E3: E - Cannot create new device 'A2/18*FM1-B' with component 'A0235455626'&#xD;
 E3: W - Component USVERB_ungedichtet not found in database !&#xD;
 E3: W - Cannot load Component 'USVERB_ungedichtet' from database - look in output window for details... &#xD;
 E3: E - Cannot create new device 'Z6/1*1-L' with component 'USVERB_ungedichtet'&#xD;
 E3: W - Component A0285459426 not found in database !&#xD;
 E3: W - Cannot load Component 'A0285459426' from database - look in output window for details... &#xD;
 E3: E - Cannot create new device 'R1*2-B' with component 'A0285459426'&#xD;
 E3: W - Component A2115451728 not found in database !&#xD;
 E3: W - Cannot load Component 'A2115451728' from database - look in output window for details... &#xD;
 E3: E - Cannot create new device 'M14/4*1-B' with component 'A2115451728'&#xD;
 E3: W - Component A0385457128 not found in database !&#xD;
 E3: W - Cannot load Component 'A0385457128' from database - look in output window for details... &#xD;
 E3: E - Cannot create new device 'S62/24*1-B' with component 'A0385457128'&#xD;
 E3: W - Component A0375455928 not found in database !&#xD;
 E3: W - Cannot load Component 'A0375455928' from database - look in output window for details... &#xD;
 E3: E - Cannot create new device 'E40/3*1-B' with component 'A0375455928'&#xD;
 E3: W - Component A0255459526 not found in database !&#xD;
 E3: W - Cannot load Component 'A0255459526' from database - look in output window for details... &#xD;
 E3: E - Cannot create new device 'E3/11*1-B' with component 'A0255459526'&#xD;
 E3: W - Component A0225451926 not found in database !&#xD;
 E3: W - Cannot load Component 'A0225451926' from database - look in output window for details... &#xD;
 E3: E - Cannot create new device 'E19/1*1-B' with component 'A0225451926'&#xD;
 E3: W - Component USVERB_ungedichtet not found in database !&#xD;
 E3: W - Cannot load Component 'USVERB_ungedichtet' from database - look in output window for details... &#xD;
 E3: E - Cannot create new device 'Z75/1*2-L' with component 'USVERB_ungedichtet'&#xD;
 E3: W - Component A0225451926 not found in database !&#xD;
 E3: W - Cannot load Component 'A0225451926' from database - look in output window for details... &#xD;
 E3: E - Cannot create new device 'E19/2*1-B' with component 'A0225451926'&#xD;
 E3: W - Component A0385454828 not found in database !&#xD;
 E3: W - Cannot load Component 'A0385454828' from database - look in output window for details... &#xD;
 E3: E - Cannot create new device 'M6/4*1-B' with component 'A0385454828'&#xD;
 E3: W - Component A0285458326 not found in database !&#xD;
 E3: W - Cannot load Component 'A0285458326' from database - look in output window for details... &#xD;
 E3: E - Cannot create new device 'M35/2*1-B' with component 'A0285458326'&#xD;
 E3: W - Component A2105402081 not found in database !&#xD;
 E3: W - Cannot load Component 'A2105402081' from database - look in output window for details... &#xD;
 E3: E - Cannot create new device 'S88/8*1-B' with component 'A2105402081'&#xD;
 E3: W - Component A2105402181 not found in database !&#xD;
 E3: W - Cannot load Component 'A2105402181' from database - look in output window for details... &#xD;
 E3: E - Cannot create new device 'B24/5*1-B' with component 'A2105402181'&#xD;
 E3: W - Component A0385451228 not found in database !&#xD;
 E3: W - Cannot load Component 'A0385451228' from database - look in output window for details... &#xD;
 E3: E - Cannot create new device 'S54/9*1-B' with component 'A0385451228'&#xD;
 E3: W - Component A0375455928 not found in database !&#xD;
 E3: W - Cannot load Component 'A0375455928' from database - look in output window for details... &#xD;
 E3: E - Cannot create new device 'E18/5*1-B' with component 'A0375455928'&#xD;
 E3: W - Component A0495458428 not found in database !&#xD;
 E3: W - Cannot load Component 'A0495458428' from database - look in output window for details... &#xD;
 E3: E - Cannot create new device 'H4/63*1-B' with component 'A0495458428'&#xD;
 E3: W - Component A1665400781 not found in database !&#xD;
 E3: W - Cannot load Component 'A1665400781' from database - look in output window for details... &#xD;
 E3: E - Cannot create new device 'N121/1*1-B' with component 'A1665400781'&#xD;
 E3: W - Component TB-A1729821302 not found in database !&#xD;
 E3: W - Cannot load Component 'TB-A1729821302' from database - look in output window for details... &#xD;
 E3: E - Cannot create new device 'W48*1-K' with component 'TB-A1729821302'&#xD;
 E3: W - Component A0365456728 not found in database !&#xD;
 E3: W - Cannot load Component 'A0365456728' from database - look in output window for details... &#xD;
 E3: E - Cannot create new device 'A2/18*1-B' with component 'A0365456728'&#xD;
 E3: W - Component TB-A1729821302 not found in database !&#xD;
 E3: W - Cannot load Component 'TB-A1729821302' from database - look in output window for details... &#xD;
 E3: E - Cannot create new device 'W8/1*1-K' with component 'TB-A1729821302'&#xD;
 E3: W - Component A0235455526 not found in database !&#xD;
 E3: W - Cannot load Component 'A0235455526' from database - look in output window for details... &#xD;
 E3: E - Cannot create new device 'A2/51*1-S' with component 'A0235455526'&#xD;
 E3: W - Component A0235455726 not found in database !&#xD;
 E3: W - Cannot load Component 'A0235455726' from database - look in output window for details... &#xD;
 E3: E - Cannot create new device 'A94/5*TV1-B' with component 'A0235455726'&#xD;
 E3: W - Component A0235456026 not found in database !&#xD;
 E3: W - Cannot load Component 'A0235456026' from database - look in output window for details... &#xD;
 E3: E - Cannot create new device 'A2/108*1-B' with component 'A0235456026'&#xD;
 E3: W - Component A0285459426 not found in database !&#xD;
 E3: W - Cannot load Component 'A0285459426' from database - look in output window for details... &#xD;
 E3: E - Cannot create new device 'C3*1-B' with component 'A0285459426'&#xD;
 E3: W - Component A0255459626 not found in database !&#xD;
 E3: W - Cannot load Component 'A0255459626' from database - look in output window for details... &#xD;
 E3: E - Cannot create new device 'E4/11*1-B' with component 'A0255459626'&#xD;
 E3: W - Component A0375456028 not found in database !&#xD;
 E3: W - Cannot load Component 'A0375456028' from database - look in output window for details... &#xD;
 E3: E - Cannot create new device 'H4/60*1-B' with component 'A0375456028'&#xD;
 E3: W - Component A0335450928 not found in database !&#xD;
 E3: W - Cannot load Component 'A0335450928' from database - look in output window for details... &#xD;
 E3: E - Cannot create new device 'S62/36*1-B' with component 'A0335450928'&#xD;
 E3: W - Component A0025406281 not found in database !&#xD;
 E3: W - Cannot load Component 'A0025406281' from database - look in output window for details... &#xD;
 E3: E - Cannot create new device 'A77/1*1b-B' with component 'A0025406281'&#xD;
 E3: W - Component A0315450226 not found in database !&#xD;
 E3: W - Cannot load Component 'A0315450226' from database - look in output window for details... &#xD;
 E3: E - Cannot create new device 'N83/5*1-B' with component 'A0315450226'&#xD;
 E3: W - Component A0285458326 not found in database !&#xD;
 E3: W - Cannot load Component 'A0285458326' from database - look in output window for details... &#xD;
 E3: E - Cannot create new device 'Y133/2*1-B' with component 'A0285458326'&#xD;
 E3: W - Component A2105402081 not found in database !&#xD;
 E3: W - Cannot load Component 'A2105402081' from database - look in output window for details... &#xD;
 E3: E - Cannot create new device 'B11/7*1-B' with component 'A2105402081'&#xD;
 E3: W - Component A0025406281 not found in database !&#xD;
 E3: W - Cannot load Component 'A0025406281' from database - look in output window for details... &#xD;
 E3: E - Cannot create new device 'A77/1*1a-B' with component 'A0025406281'&#xD;
 E3: W - Component A0285452726 not found in database !&#xD;
 E3: W - Cannot load Component 'A0285452726' from database - look in output window for details... &#xD;
 E3: E - Cannot create new device 'A85/2*1-B' with component 'A0285452726'&#xD;
 E3: W - Component A0035403981 not found in database !&#xD;
 E3: W - Cannot load Component 'A0035403981' from database - look in output window for details... &#xD;
 E3: E - Cannot create new device 'N97*1-B' with component 'A0035403981'&#xD;
 E3: W - Component A0255459626 not found in database !&#xD;
 E3: W - Cannot load Component 'A0255459626' from database - look in output window for details... &#xD;
 E3: E - Cannot create new device 'E4/12*2-B' with component 'A0255459626'&#xD;
 E3: W - Component A2055451528 not found in database !&#xD;
 E3: W - Cannot load Component 'A2055451528' from database - look in output window for details... &#xD;
 E3: E - Cannot create new device 'M50/2*1-B' with component 'A2055451528'&#xD;
 E3: W - Component A2055451528 not found in database !&#xD;
 E3: W - Cannot load Component 'A2055451528' from database - look in output window for details... &#xD;
 E3: E - Cannot create new device 'M50/1*1-B' with component 'A2055451528'&#xD;
 E3: W - Component A0255459526 not found in database !&#xD;
 E3: W - Cannot load Component 'A0255459526' from database - look in output window for details... &#xD;
 E3: E - Cannot create new device 'E3/12*1-B' with component 'A0255459526'&#xD;
 E3: W - Component A2105402181 not found in database !&#xD;
 E3: W - Cannot load Component 'A2105402181' from database - look in output window for details... &#xD;
 E3: E - Cannot create new device 'Y36/8*1-B' with component 'A2105402181'&#xD;
 E3: W - Component A0495458428 not found in database !&#xD;
 E3: W - Cannot load Component 'A0495458428' from database - look in output window for details... &#xD;
 E3: E - Cannot create new device 'H13/4*1-B' with component 'A0495458428'&#xD;
 E3: W - Component A0255452326 not found in database !&#xD;
 E3: W - Cannot load Component 'A0255452326' from database - look in output window for details... &#xD;
 E3: E - Cannot create new device 'X77/2*1-B' with component 'A0255452326'&#xD;
 E3: W - Component A0255452326 not found in database !&#xD;
 E3: W - Cannot load Component 'A0255452326' from database - look in output window for details... &#xD;
 E3: E - Cannot create new device 'X77/1*1-B' with component 'A0255452326'&#xD;
 E3: W - Component A0315452026 not found in database !&#xD;
 E3: W - Cannot load Component 'A0315452026' from database - look in output window for details... &#xD;
 E3: E - Cannot create new device 'X58/12*1-B' with component 'A0315452026'&#xD;
 E3: W - Component A0235455626 not found in database !&#xD;
 E3: W - Cannot load Component 'A0235455626' from database - look in output window for details... &#xD;
 E3: E - Cannot create new device 'A2/52*1-B' with component 'A0235455626'&#xD;
 E3: W - Component A0385451228 not found in database !&#xD;
 E3: W - Cannot load Component 'A0385451228' from database - look in output window for details... &#xD;
 E3: E - Cannot create new device 'S54/12*1-B' with component 'A0385451228'&#xD;
 E3: W - Component A0385451228 not found in database !&#xD;
 E3: W - Cannot load Component 'A0385451228' from database - look in output window for details... &#xD;
 E3: E - Cannot create new device 'S54/11*1-B' with component 'A0385451228'&#xD;
 E3: W - Component A0245459826 not found in database !&#xD;
 E3: W - Cannot load Component 'A0245459826' from database - look in output window for details... &#xD;
 E3: E - Cannot create new device 'R12/6*1-B' with component 'A0245459826'&#xD;
 E3: W - Component A0225455226 not found in database !&#xD;
 E3: W - Cannot load Component 'A0225455226' from database - look in output window for details... &#xD;
 E3: E - Cannot create new device 'R12/6*2-B' with component 'A0225455226'&#xD;
 E3: W - Component A0255459526 not found in database !&#xD;
 E3: W - Cannot load Component 'A0255459526' from database - look in output window for details... &#xD;
 E3: E - Cannot create new device 'E3/12*2-B' with component 'A0255459526'&#xD;
 E3: W - Component A0255459626 not found in database !&#xD;
 E3: W - Cannot load Component 'A0255459626' from database - look in output window for details... &#xD;
 E3: E - Cannot create new device 'E4/12*1-B' with component 'A0255459626'&#xD;
 E3: W - Component A0255459526 not found in database !&#xD;
 E3: W - Cannot load Component 'A0255459526' from database - look in output window for details... &#xD;
 E3: E - Cannot create new device 'E3/11*2-B' with component 'A0255459526'&#xD;
 E3: W - Component A0255459626 not found in database !&#xD;
 E3: W - Cannot load Component 'A0255459626' from database - look in output window for details... &#xD;
 E3: E - Cannot create new device 'E4/11*2-B' with component 'A0255459626'&#xD;
 E3: W - Component A0235456026 not found in database !&#xD;
 E3: W - Cannot load Component 'A0235456026' from database - look in output window for details... &#xD;
 E3: E - Cannot create new device 'A26/17*E11-B' with component 'A0235456026'&#xD;
 E3: W - Component A0285458326 not found in database !&#xD;
 E3: W - Cannot load Component 'A0285458326' from database - look in output window for details... &#xD;
 E3: E - Cannot create new device 'B161*1-B' with component 'A0285458326'&#xD;
 E3: W - Component USVERB_ungedichtet not found in database !&#xD;
 E3: W - Cannot load Component 'USVERB_ungedichtet' from database - look in output window for details... &#xD;
 E3: E - Cannot create new device 'Z6/30*7-L' with component 'USVERB_ungedichtet'&#xD;
 E3: W - Component A0225452526 not found in database !&#xD;
 E3: W - Cannot load Component 'A0225452526' from database - look in output window for details... &#xD;
 E3: E - Cannot create new device 'Y148/1*1-B' with component 'A0225452526'&#xD;
 E3: W - Component USVERB_ungedichtet not found in database !&#xD;
 E3: W - Cannot load Component 'USVERB_ungedichtet' from database - look in output window for details... &#xD;
 E3: E - Cannot create new device 'Z6/30*5-L' with component 'USVERB_ungedichtet'&#xD;
 E3: W - Component A0225452026 not found in database !&#xD;
 E3: W - Cannot load Component 'A0225452026' from database - look in output window for details... &#xD;
 E3: E - Cannot create new device 'R61*3-B' with component 'A0225452026'&#xD;
 E3: W - Component USVERB_ungedichtet not found in database !&#xD;
 E3: W - Cannot load Component 'USVERB_ungedichtet' from database - look in output window for details... &#xD;
 E3: E - Cannot create new device 'Z6/30*11-L' with component 'USVERB_ungedichtet'&#xD;
 E3: W - Component A0005459817 not found in database !&#xD;
 E3: W - Cannot load Component 'A0005459817' from database - look in output window for details... &#xD;
 E3: E - Cannot create new device 'N82/10*2-B' with component 'A0005459817'&#xD;
 E3: W - Component A0065401781 not found in database !&#xD;
 E3: W - Cannot load Component 'A0065401781' from database - look in output window for details... &#xD;
 E3: E - Cannot create new device 'B69/7*1-B' with component 'A0065401781'&#xD;
 E3: W - Component USVERB_ungedichtet not found in database !&#xD;
 E3: W - Cannot load Component 'USVERB_ungedichtet' from database - look in output window for details... &#xD;
 E3: E - Cannot create new device 'Z6/30*4-L' with component 'USVERB_ungedichtet'&#xD;
 E3: W - Component USVERB_ungedichtet not found in database !&#xD;
 E3: W - Cannot load Component 'USVERB_ungedichtet' from database - look in output window for details... &#xD;
 E3: E - Cannot create new device 'Z6/30*6-L' with component 'USVERB_ungedichtet'&#xD;
 E3: W - Component US_Schutzband_sw not found in database !&#xD;
 E3: W - Cannot load Component 'US_Schutzband_sw' from database - look in output window for details... &#xD;
 E3: E - Cannot create new device 'ID_ACC129' with component 'US_Schutzband_sw'&#xD;
 E3: W - Component US_Schutzband_sw not found in database !&#xD;
 E3: W - Cannot load Component 'US_Schutzband_sw' from database - look in output window for details... &#xD;
 E3: E - Cannot create new device 'ID_ACC130' with component 'US_Schutzband_sw'&#xD;
 E3: W - Component US_Schutzband_sw not found in database !&#xD;
 E3: W - Cannot load Component 'US_Schutzband_sw' from database - look in output window for details... &#xD;
 E3: E - Cannot create new device 'ID_ACC131' with component 'US_Schutzband_sw'&#xD;
 E3: W - Component US_Schutzband_sw not found in database !&#xD;
 E3: W - Cannot load Component 'US_Schutzband_sw' from database - look in output window for details... &#xD;
 E3: E - Cannot create new device 'ID_ACC132' with component 'US_Schutzband_sw'&#xD;
 E3: W - Component US_Schutzband_sw not found in database !&#xD;
 E3: W - Cannot load Component 'US_Schutzband_sw' from database - look in output window for details... &#xD;
 E3: E - Cannot create new device 'ID_ACC133' with component 'US_Schutzband_sw'&#xD;
 E3: W - Component US_Schutzband_sw not found in database !&#xD;
 E3: W - Cannot load Component 'US_Schutzband_sw' from database - look in output window for details... &#xD;
 E3: E - Cannot create new device 'ID_ACC140' with component 'US_Schutzband_sw'&#xD;
 E3: W - Component US_Schutzband_sw not found in database !&#xD;
 E3: W - Cannot load Component 'US_Schutzband_sw' from database - look in output window for details... &#xD;
 E3: E - Cannot create new device 'ID_ACC141' with component 'US_Schutzband_sw'&#xD;
 E3: W - Component US_Schutzband_sw not found in database !&#xD;
 E3: W - Cannot load Component 'US_Schutzband_sw' from database - look in output window for details... &#xD;
 E3: E - Cannot create new device 'ID_ACC142' with component 'US_Schutzband_sw'&#xD;
 E3: W - Component US_Schutzband_sw not found in database !&#xD;
 E3: W - Cannot load Component 'US_Schutzband_sw' from database - look in output window for details... &#xD;
 E3: E - Cannot create new device 'ID_ACC145' with component 'US_Schutzband_sw'&#xD;
 E3: W - Component US_Schutzband_sw not found in database !&#xD;
 E3: W - Cannot load Component 'US_Schutzband_sw' from database - look in output window for details... &#xD;
 E3: E - Cannot create new device 'ID_ACC156' with component 'US_Schutzband_sw'&#xD;
 E3: W - Component US_Schutzband_sw not found in database !&#xD;
 E3: W - Cannot load Component 'US_Schutzband_sw' from database - look in output window for details... &#xD;
 E3: E - Cannot create new device 'ID_ACC174' with component 'US_Schutzband_sw'&#xD;
 E3: W - Component US_Schutzband_sw not found in database !&#xD;
 E3: W - Cannot load Component 'US_Schutzband_sw' from database - look in output window for details... &#xD;
 E3: E - Cannot create new device 'ID_ACC190' with component 'US_Schutzband_sw'&#xD;
 E3: W - Component US_Schutzband_sw not found in database !&#xD;
 E3: W - Cannot load Component 'US_Schutzband_sw' from database - look in output window for details... &#xD;
 E3: E - Cannot create new device 'ID_ACC191' with component 'US_Schutzband_sw'&#xD;
 E3: W - Component US_Schutzband_sw not found in database !&#xD;
 E3: W - Cannot load Component 'US_Schutzband_sw' from database - look in output window for details... &#xD;
 E3: E - Cannot create new device 'ID_ACC193' with component 'US_Schutzband_sw'&#xD;
 E3: W - Component A0009821012 not found in database !&#xD;
 E3: W - Cannot load Component 'A0009821012' from database - look in output window for details... &#xD;
 E3: E - Cannot create new device 'ID_ACC226' with component 'A0009821012'&#xD;
 E3: W - Component A0009820212 not found in database !&#xD;
 E3: W - Cannot load Component 'A0009820212' from database - look in output window for details... &#xD;
 E3: E - Cannot create new device 'ID_ACC251' with component 'A0009820212'&#xD;
 E3: W - Component A0009821212 not found in database !&#xD;
 E3: W - Cannot load Component 'A0009821212' from database - look in output window for details... &#xD;
 E3: E - Cannot create new device 'ID_ACC252' with component 'A0009821212'&#xD;
 E3: W - Component A0009822012 not found in database !&#xD;
 E3: W - Cannot load Component 'A0009822012' from database - look in output window for details... &#xD;
 E3: E - Cannot create new device 'ID_ACC253' with component 'A0009822012'&#xD;
 E3: W - Component A0009822112 not found in database !&#xD;
 E3: W - Cannot load Component 'A0009822112' from database - look in output window for details... &#xD;
 E3: E - Cannot create new device 'ID_ACC257' with component 'A0009822112'&#xD;
 E3: W - Component US_Schutzband_sw not found in database !&#xD;
 E3: W - Cannot load Component 'US_Schutzband_sw' from database - look in output window for details... &#xD;
 E3: E - Cannot create new device 'ID_ACC258' with component 'US_Schutzband_sw'&#xD;
 E3: W - Component US_Schutzband_sw not found in database !&#xD;
 E3: W - Cannot load Component 'US_Schutzband_sw' from database - look in output window for details... &#xD;
 E3: E - Cannot create new device 'ID_ACC259' with component 'US_Schutzband_sw'&#xD;
 E3: W - Component US_Schutzband_sw not found in database !&#xD;
 E3: W - Cannot load Component 'US_Schutzband_sw' from database - look in output window for details... &#xD;
 E3: E - Cannot create new device 'ID_ACC262' with component 'US_Schutzband_sw'&#xD;
 E3: W - Component US_Schutzband_sw not found in database !&#xD;
 E3: W - Cannot load Component 'US_Schutzband_sw' from database - look in output window for details... &#xD;
 E3: E - Cannot create new device 'ID_ACC263' with component 'US_Schutzband_sw'&#xD;
 E3: W - Component T3_Schlauch_6.4_sw not found in database !&#xD;
 E3: W - Cannot load Component 'T3_Schlauch_6.4_sw' from database - look in output window for details... &#xD;
 E3: E - Cannot create new device 'ID_ACC271' with component 'T3_Schlauch_6.4_sw'&#xD;
 E3: W - Component T3_Schlauch_6.4_sw not found in database !&#xD;
 E3: W - Cannot load Component 'T3_Schlauch_6.4_sw' from database - look in output window for details... &#xD;
 E3: E - Cannot create new device 'ID_ACC272' with component 'T3_Schlauch_6.4_sw'&#xD;
 E3: W - Component US_Schutzband_sw not found in database !&#xD;
 E3: W - Cannot load Component 'US_Schutzband_sw' from database - look in output window for details... &#xD;
 E3: E - Cannot create new device 'ID_ACC273' with component 'US_Schutzband_sw'&#xD;
 E3: W - Component A0525450530 not found in database !&#xD;
 E3: W - Cannot load Component 'A0525450530' from database - look in output window for details... &#xD;
 E3: E - Cannot create new device 'ID_ACC302' with component 'A0525450530'&#xD;
 E3: W - Component A0015462435 not found in database !&#xD;
 E3: W - Cannot load Component 'A0015462435' from database - look in output window for details... &#xD;
 E3: E - Cannot create new device 'ID_ACC307' with component 'A0015462435'&#xD;
 E3: W - Component A2135400314 not found in database !&#xD;
 E3: W - Cannot load Component 'A2135400314' from database - look in output window for details... &#xD;
 E3: E - Cannot create new device 'ID_ACC449' with component 'A2135400314'&#xD;
 E3: W - Component US_Schutzband_sw not found in database !&#xD;
 E3: W - Cannot load Component 'US_Schutzband_sw' from database - look in output window for details... &#xD;
 E3: E - Cannot create new device 'ID_ACC461' with component 'US_Schutzband_sw'&#xD;
 E3: W - Component US_Schutzband_sw not found in database !&#xD;
 E3: W - Cannot load Component 'US_Schutzband_sw' from database - look in output window for details... &#xD;
 E3: E - Cannot create new device 'ID_ACC462' with component 'US_Schutzband_sw'&#xD;
 E3: W - Component A0015465630 not found in database !&#xD;
 E3: W - Cannot load Component 'A0015465630' from database - look in output window for details... &#xD;
 E3: E - Cannot create new device 'ID_ACC482' with component 'A0015465630'&#xD;
 E3: W - Component A0045468430 not found in database !&#xD;
 E3: W - Cannot load Component 'A0045468430' from database - look in output window for details... &#xD;
 E3: E - Cannot create new device 'ID_ACC483' with component 'A0045468430'&#xD;
 E3: W - Component A0089894971 not found in database !&#xD;
 E3: W - Cannot load Component 'A0089894971' from database - look in output window for details... &#xD;
 E3: E - Cannot create new device 'ID_ACC484' with component 'A0089894971'&#xD;
 E3: W - Component A0045468430 not found in database !&#xD;
 E3: W - Cannot load Component 'A0045468430' from database - look in output window for details... &#xD;
 E3: E - Cannot create new device 'ID_ACC489' with component 'A0045468430'&#xD;
 E3: W - Component A0089894971 not found in database !&#xD;
 E3: W - Cannot load Component 'A0089894971' from database - look in output window for details... &#xD;
 E3: E - Cannot create new device 'ID_ACC490' with component 'A0089894971'&#xD;
 E3: W - Component T3_Schlauch_6.4_sw not found in database !&#xD;
 E3: W - Cannot load Component 'T3_Schlauch_6.4_sw' from database - look in output window for details... &#xD;
 E3: E - Cannot create new device 'ID_ACC571' with component 'T3_Schlauch_6.4_sw'&#xD;
 E3: W - Component T3_Schlauch_6.4_sw not found in database !&#xD;
 E3: W - Cannot load Component 'T3_Schlauch_6.4_sw' from database - look in output window for details... &#xD;
 E3: E - Cannot create new device 'ID_ACC592' with component 'T3_Schlauch_6.4_sw'&#xD;
 E3: W - Component N913025008000 not found in database !&#xD;
 E3: W - Cannot load Component 'N913025008000' from database - look in output window for details... &#xD;
 E3: E - Cannot create new device 'ID_ACC644' with component 'N913025008000'&#xD;
 E3: W - Component N913025008000 not found in database !&#xD;
 E3: W - Cannot load Component 'N913025008000' from database - look in output window for details... &#xD;
 E3: E - Cannot create new device 'ID_ACC645' with component 'N913025008000'&#xD;
 E3: W - Component T3_Schlauch_6.4_sw not found in database !&#xD;
 E3: W - Cannot load Component 'T3_Schlauch_6.4_sw' from database - look in output window for details... &#xD;
 E3: E - Cannot create new device 'ID_ACC646' with component 'T3_Schlauch_6.4_sw'&#xD;
 E3: W - Component A0009950383 not found in database !&#xD;
 E3: W - Cannot load Component 'A0009950383' from database - look in output window for details... &#xD;
 E3: E - Cannot create new device 'ID_ACC648' with component 'A0009950383'&#xD;
 E3: W - Component US_Schutzband_sw not found in database !&#xD;
 E3: W - Cannot load Component 'US_Schutzband_sw' from database - look in output window for details... &#xD;
 E3: E - Cannot create new device 'ID_ACC683' with component 'US_Schutzband_sw'&#xD;
 E3: W - Component US_Schutzband_sw not found in database !&#xD;
 E3: W - Cannot load Component 'US_Schutzband_sw' from database - look in output window for details... &#xD;
 E3: E - Cannot create new device 'ID_ACC684' with component 'US_Schutzband_sw'&#xD;
 E3: W - Component A0005454410 not found in database !&#xD;
 E3: W - Cannot load Component 'A0005454410' from database - look in output window for details... &#xD;
 E3: E - Cannot create new device 'ID_ACC691' with component 'A0005454410'&#xD;
 E3: W - Component A0015465630 not found in database !&#xD;
 E3: W - Cannot load Component 'A0015465630' from database - look in output window for details... &#xD;
 E3: E - Cannot create new device 'ID_ACC697' with component 'A0015465630'&#xD;
 E3: W - Component US_Schutzband_sw not found in database !&#xD;
 E3: W - Cannot load Component 'US_Schutzband_sw' from database - look in output window for details... &#xD;
 E3: E - Cannot create new device 'ID_ACC728' with component 'US_Schutzband_sw'&#xD;
 E3: W - Component US_Schutzband_sw not found in database !&#xD;
 E3: W - Cannot load Component 'US_Schutzband_sw' from database - look in output window for details... &#xD;
 E3: E - Cannot create new device 'ID_ACC729' with component 'US_Schutzband_sw'&#xD;
 E3: W - Component US_Schutzband_sw not found in database !&#xD;
 E3: W - Cannot load Component 'US_Schutzband_sw' from database - look in output window for details... &#xD;
 E3: E - Cannot create new device 'ID_ACC730' with component 'US_Schutzband_sw'&#xD;
 E3: W - Component US_Schutzband_sw not found in database !&#xD;
 E3: W - Cannot load Component 'US_Schutzband_sw' from database - look in output window for details... &#xD;
 E3: E - Cannot create new device 'ID_ACC731' with component 'US_Schutzband_sw'&#xD;
 E3: W - Component US_Schutzband_sw not found in database !&#xD;
 E3: W - Cannot load Component 'US_Schutzband_sw' from database - look in output window for details... &#xD;
 E3: E - Cannot create new device 'ID_ACC732' with component 'US_Schutzband_sw'&#xD;
 E3: W - Component US_Schutzband_sw not found in database !&#xD;
 E3: W - Cannot load Component 'US_Schutzband_sw' from database - look in output window for details... &#xD;
 E3: E - Cannot create new device 'ID_ACC734' with component 'US_Schutzband_sw'&#xD;
 E3: W - Component US_Schutzband_sw not found in database !&#xD;
 E3: W - Cannot load Component 'US_Schutzband_sw' from database - look in output window for details... &#xD;
 E3: E - Cannot create new device 'ID_ACC736' with component 'US_Schutzband_sw'&#xD;
 E3: W - Component US_Schutzband_sw not found in database !&#xD;
 E3: W - Cannot load Component 'US_Schutzband_sw' from database - look in output window for details... &#xD;
 E3: E - Cannot create new device 'ID_ACC737' with component 'US_Schutzband_sw'&#xD;
 E3: W - Component US_Schutzband_sw not found in database !&#xD;
 E3: W - Cannot load Component 'US_Schutzband_sw' from database - look in output window for details... &#xD;
 E3: E - Cannot create new device 'ID_ACC738' with component 'US_Schutzband_sw'&#xD;
 E3: W - Component US_Schutzband_sw not found in database !&#xD;
 E3: W - Cannot load Component 'US_Schutzband_sw' from database - look in output window for details... &#xD;
 E3: E - Cannot create new device 'ID_ACC739' with component 'US_Schutzband_sw'&#xD;
 E3: W - Component US_Schutzband_sw not found in database !&#xD;
 E3: W - Cannot load Component 'US_Schutzband_sw' from database - look in output window for details... &#xD;
 E3: E - Cannot create new device 'ID_ACC744' with component 'US_Schutzband_sw'&#xD;
 E3: W - Component A0015466435 not found in database !&#xD;
 E3: W - Cannot load Component 'A0015466435' from database - look in output window for details... &#xD;
 E3: E - Cannot create new device 'ID_ACC748' with component 'A0015466435'&#xD;
 E3: W - Component A0005454784 not found in database !&#xD;
 E3: W - Cannot load Component 'A0005454784' from database - look in output window for details... &#xD;
 E3: E - Cannot create new device 'ID_ACC504' with component 'A0005454784'&#xD;
 E3: W - Component A0575456428 not found in database !&#xD;
 E3: W - Cannot load Component 'A0575456428' from database - look in output window for details... &#xD;
 E3: E - Cannot create new device 'ID_ACC559' with component 'A0575456428'&#xD;
 E3: Fixing 'ID_FIX924' can not be imported. It has no component code and no default component for fixings is defined!&#xD;
 E3: Fixing 'A2535461080_2_1 1' can not be imported. It has no component code and no default component for fixings is defined!&#xD;
 E3: Fixing 'ID_FIX360' can not be imported. It has no component code and no default component for fixings is defined!&#xD;
 E3: Fixing 'ID_FIX88' can not be imported. It has no component code and no default component for fixings is defined!&#xD;
 E3: Fixing 'ID_FIX6' can not be imported. It has no component code and no default component for fixings is defined!&#xD;
 E3: Fixing 'ID_FIX652' can not be imported. It has no component code and no default component for fixings is defined!&#xD;
 E3: Fixing 'ID_FIX653' can not be imported. It has no component code and no default component for fixings is defined!&#xD;
 E3: Fixing 'ID_FIX654' can not be imported. It has no component code and no default component for fixings is defined!&#xD;
 E3: Fixing 'A0009987201_3_1 1' can not be imported. It has no component code and no default component for fixings is defined!&#xD;
 E3: Fixing 'ID_FIX1029' can not be imported. It has no component code and no default component for fixings is defined!&#xD;
 E3: Fixing 'ID_FIX1068' can not be imported. It has no component code and no default component for fixings is defined!&#xD;
 E3: Fixing 'ID_FIX641' can not be imported. It has no component code and no default component for fixings is defined!&#xD;
 E3: Fixing 'ID_FIX642' can not be imported. It has no component code and no default component for fixings is defined!&#xD;
 E3: Fixing 'ID_FIX566' can not be imported. It has no component code and no default component for fixings is defined!&#xD;
 E3: Fixing 'ID_FIX23' can not be imported. It has no component code and no default component for fixings is defined!&#xD;
 E3: Fixing 'ID_FIX590' can not be imported. It has no component code and no default component for fixings is defined!&#xD;
 E3: Fixing 'ID_FIX630' can not be imported. It has no component code and no default component for fixings is defined!&#xD;
 E3: Fixing 'ID_FIX651' can not be imported. It has no component code and no default component for fixings is defined!&#xD;
 E3: Fixing 'ID_FIX633' can not be imported. It has no component code and no default component for fixings is defined!&#xD;
 E3: Fixing 'ID_FIX643' can not be imported. It has no component code and no default component for fixings is defined!&#xD;
 E3: Fixing 'ID_FIX644' can not be imported. It has no component code and no default component for fixings is defined!&#xD;
 E3: Fixing 'ID_FIX659' can not be imported. It has no component code and no default component for fixings is defined!&#xD;
 E3: Fixing 'ID_FIX661' can not be imported. It has no component code and no default component for fixings is defined!&#xD;
 E3: Fixing 'ID_FIX709' can not be imported. It has no component code and no default component for fixings is defined!&#xD;
 E3: Fixing 'ID_FIX646' can not be imported. It has no component code and no default component for fixings is defined!&#xD;
 E3: Fixing 'ID_FIX41' can not be imported. It has no component code and no default component for fixings is defined!&#xD;
 E3: Fixing 'ID_FIX358' can not be imported. It has no component code and no default component for fixings is defined!&#xD;
 E3: Fixing 'ID_FIX45' can not be imported. It has no component code and no default component for fixings is defined!&#xD;
 E3: Fixing 'ID_FIX50' can not be imported. It has no component code and no default component for fixings is defined!&#xD;
 E3: Fixing 'ID_FIX51' can not be imported. It has no component code and no default component for fixings is defined!&#xD;
 E3: Fixing 'ID_FIX52' can not be imported. It has no component code and no default component for fixings is defined!&#xD;
 E3: Fixing 'ID_FIX53' can not be imported. It has no component code and no default component for fixings is defined!&#xD;
 E3: Fixing 'ID_FIX54' can not be imported. It has no component code and no default component for fixings is defined!&#xD;
 E3: Fixing 'ID_FIX55' can not be imported. It has no component code and no default component for fixings is defined!&#xD;
 E3: Fixing 'ID_FIX56' can not be imported. It has no component code and no default component for fixings is defined!&#xD;
 E3: Fixing 'ID_FIX57' can not be imported. It has no component code and no default component for fixings is defined!&#xD;
 E3: Fixing 'ID_FIX58' can not be imported. It has no component code and no default component for fixings is defined!&#xD;
 E3: Fixing 'ID_FIX59' can not be imported. It has no component code and no default component for fixings is defined!&#xD;
 E3: Fixing 'ID_FIX60' can not be imported. It has no component code and no default component for fixings is defined!&#xD;
 E3: Fixing 'ID_FIX61' can not be imported. It has no component code and no default component for fixings is defined!&#xD;
 E3: Fixing 'ID_FIX62' can not be imported. It has no component code and no default component for fixings is defined!&#xD;
 E3: Fixing 'ID_FIX63' can not be imported. It has no component code and no default component for fixings is defined!&#xD;
 E3: Fixing 'ID_FIX64' can not be imported. It has no component code and no default component for fixings is defined!&#xD;
 E3: Fixing 'ID_FIX65' can not be imported. It has no component code and no default component for fixings is defined!&#xD;
 E3: Fixing 'ID_FIX66' can not be imported. It has no component code and no default component for fixings is defined!&#xD;
 E3: Fixing 'ID_FIX67' can not be imported. It has no component code and no default component for fixings is defined!&#xD;
 E3: Fixing 'ID_FIX68' can not be imported. It has no component code and no default component for fixings is defined!&#xD;
 E3: Fixing 'ID_FIX69' can not be imported. It has no component code and no default component for fixings is defined!&#xD;
 E3: Fixing 'ID_FIX70' can not be imported. It has no component code and no default component for fixings is defined!&#xD;
 E3: Fixing 'ID_FIX71' can not be imported. It has no component code and no default component for fixings is defined!&#xD;
 E3: Fixing 'ID_FIX72' can not be imported. It has no component code and no default component for fixings is defined!&#xD;
 E3: Fixing 'ID_FIX73' can not be imported. It has no component code and no default component for fixings is defined!&#xD;
 E3: Fixing 'ID_FIX74' can not be imported. It has no component code and no default component for fixings is defined!&#xD;
 E3: Fixing 'ID_FIX75' can not be imported. It has no component code and no default component for fixings is defined!&#xD;
 E3: Fixing 'ID_FIX76' can not be imported. It has no component code and no default component for fixings is defined!&#xD;
 E3: Fixing 'ID_FIX77' can not be imported. It has no component code and no default component for fixings is defined!&#xD;
 E3: Fixing 'ID_FIX78' can not be imported. It has no component code and no default component for fixings is defined!&#xD;
 E3: Fixing 'ID_FIX79' can not be imported. It has no component code and no default component for fixings is defined!&#xD;
 E3: Fixing 'ID_FIX81' can not be imported. It has no component code and no default component for fixings is defined!&#xD;
 E3: Fixing 'ID_FIX83' can not be imported. It has no component code and no default component for fixings is defined!&#xD;
 E3: Fixing 'ID_FIX515' can not be imported. It has no component code and no default component for fixings is defined!&#xD;
 E3: Fixing 'ID_FIX516' can not be imported. It has no component code and no default component for fixings is defined!&#xD;
 E3: Fixing 'ID_FIX517' can not be imported. It has no component code and no default component for fixings is defined!&#xD;
 E3: Fixing 'ID_FIX518' can not be imported. It has no component code and no default component for fixings is defined!&#xD;
 E3: Fixing 'ID_FIX519' can not be imported. It has no component code and no default component for fixings is defined!&#xD;
 E3: Fixing 'ID_FIX520' can not be imported. It has no component code and no default component for fixings is defined!&#xD;
 E3: Fixing 'ID_FIX521' can not be imported. It has no component code and no default component for fixings is defined!&#xD;
 E3: Fixing 'ID_FIX522' can not be imported. It has no component code and no default component for fixings is defined!&#xD;
 E3: Fixing 'ID_FIX523' can not be imported. It has no component code and no default component for fixings is defined!&#xD;
 E3: Fixing 'ID_FIX524' can not be imported. It has no component code and no default component for fixings is defined!&#xD;
 E3: Fixing 'ID_FIX525' can not be imported. It has no component code and no default component for fixings is defined!&#xD;
 E3: Fixing 'ID_FIX526' can not be imported. It has no component code and no default component for fixings is defined!&#xD;
 E3: Fixing 'ID_FIX527' can not be imported. It has no component code and no default component for fixings is defined!&#xD;
 E3: Fixing 'ID_FIX528' can not be imported. It has no component code and no default component for fixings is defined!&#xD;
 E3: Fixing 'ID_FIX529' can not be imported. It has no component code and no default component for fixings is defined!&#xD;
 E3: Fixing 'ID_FIX530' can not be imported. It has no component code and no default component for fixings is defined!&#xD;
 E3: Fixing 'ID_FIX531' can not be imported. It has no component code and no default component for fixings is defined!&#xD;
 E3: Fixing 'ID_FIX713' can not be imported. It has no component code and no default component for fixings is defined!&#xD;
 E3: Fixing 'ID_FIX532' can not be imported. It has no component code and no default component for fixings is defined!&#xD;
 E3: Fixing 'ID_FIX533' can not be imported. It has no component code and no default component for fixings is defined!&#xD;
 E3: Fixing 'ID_FIX534' can not be imported. It has no component code and no default component for fixings is defined!&#xD;
 E3: Fixing 'ID_FIX535' can not be imported. It has no component code and no default component for fixings is defined!&#xD;
 E3: Fixing 'ID_FIX536' can not be imported. It has no component code and no default component for fixings is defined!&#xD;
 E3: Fixing 'ID_FIX537' can not be imported. It has no component code and no default component for fixings is defined!&#xD;
 E3: Fixing 'ID_FIX538' can not be imported. It has no component code and no default component for fixings is defined!&#xD;
 E3: Fixing 'ID_FIX100' can not be imported. It has no component code and no default component for fixings is defined!&#xD;
 E3: Fixing 'A2049981001_1_1 1' can not be imported. It has no component code and no default component for fixings is defined!&#xD;
 E3: Fixing 'ID_FIX725' can not be imported. It has no component code and no default component for fixings is defined!&#xD;
 E3: Fixing 'ID_FIX404' can not be imported. It has no component code and no default component for fixings is defined!&#xD;
 E3: Fixing 'A2059981401_FP009_7_1 3' can not be imported. It has no component code and no default component for fixings is defined!&#xD;
 E3: Fixing 'A2059981401_FP010_7_1 4' can not be imported. It has no component code and no default component for fixings is defined!&#xD;
 E3: Fixing 'ID_FIX142' can not be imported. It has no component code and no default component for fixings is defined!&#xD;
 E3: Fixing 'A0029972390_FP053_3_1 2' can not be imported. It has no component code and no default component for fixings is defined!&#xD;
 E3: Fixing 'ID_FIX144' can not be imported. It has no component code and no default component for fixings is defined!&#xD;
 E3: Fixing 'ID_FIX374' can not be imported. It has no component code and no default component for fixings is defined!&#xD;
 E3: Fixing 'ID_FIX218' can not be imported. It has no component code and no default component for fixings is defined!&#xD;
 E3: Fixing 'ID_FIX237' can not be imported. It has no component code and no default component for fixings is defined!&#xD;
 E3: Fixing 'A1689971581_2_2 2' can not be imported. It has no component code and no default component for fixings is defined!&#xD;
 E3: Fixing 'ID_FIX149' can not be imported. It has no component code and no default component for fixings is defined!&#xD;
 E3: Fixing 'ID_FIX150' can not be imported. It has no component code and no default component for fixings is defined!&#xD;
 E3: Fixing 'A2225462680_FP008_4_1 2' can not be imported. It has no component code and no default component for fixings is defined!&#xD;
 E3: Fixing 'ID_FIX153' can not be imported. It has no component code and no default component for fixings is defined!&#xD;
 E3: Fixing 'A2225462780_FP008_4_1 2' can not be imported. It has no component code and no default component for fixings is defined!&#xD;
 E3: Fixing 'ID_FIX155' can not be imported. It has no component code and no default component for fixings is defined!&#xD;
 E3: Fixing 'ID_FIX157' can not be imported. It has no component code and no default component for fixings is defined!&#xD;
 E3: Fixing 'ID_FIX165' can not be imported. It has no component code and no default component for fixings is defined!&#xD;
 E3: Fixing 'ID_FIX241' can not be imported. It has no component code and no default component for fixings is defined!&#xD;
 E3: Fixing 'ID_FIX84' can not be imported. It has no component code and no default component for fixings is defined!&#xD;
 E3: Fixing 'ID_FIX87' can not be imported. It has no component code and no default component for fixings is defined!&#xD;
 E3: Fixing 'ID_FIX172' can not be imported. It has no component code and no default component for fixings is defined!&#xD;
 E3: Fixing 'ID_FIX173' can not be imported. It has no component code and no default component for fixings is defined!&#xD;
 E3: Fixing 'ID_FIX174' can not be imported. It has no component code and no default component for fixings is defined!&#xD;
 E3: Fixing 'ID_FIX175' can not be imported. It has no component code and no default component for fixings is defined!&#xD;
 E3: Fixing 'ID_FIX178' can not be imported. It has no component code and no default component for fixings is defined!&#xD;
 E3: Fixing 'ID_FIX179' can not be imported. It has no component code and no default component for fixings is defined!&#xD;
 E3: Fixing 'ID_FIX180' can not be imported. It has no component code and no default component for fixings is defined!&#xD;
 E3: Fixing 'ID_FIX181' can not be imported. It has no component code and no default component for fixings is defined!&#xD;
 E3: Fixing 'ID_FIX182' can not be imported. It has no component code and no default component for fixings is defined!&#xD;
 E3: Fixing 'ID_FIX183' can not be imported. It has no component code and no default component for fixings is defined!&#xD;
 E3: Fixing 'ID_FIX184' can not be imported. It has no component code and no default component for fixings is defined!&#xD;
 E3: Fixing 'ID_FIX185' can not be imported. It has no component code and no default component for fixings is defined!&#xD;
 E3: Fixing 'ID_FIX186' can not be imported. It has no component code and no default component for fixings is defined!&#xD;
 E3: Fixing 'ID_FIX188' can not be imported. It has no component code and no default component for fixings is defined!&#xD;
 E3: Fixing 'ID_FIX189' can not be imported. It has no component code and no default component for fixings is defined!&#xD;
 E3: Fixing 'ID_FIX190' can not be imported. It has no component code and no default component for fixings is defined!&#xD;
 E3: Fixing 'ID_FIX191' can not be imported. It has no component code and no default component for fixings is defined!&#xD;
 E3: Fixing 'ID_FIX194' can not be imported. It has no component code and no default component for fixings is defined!&#xD;
 E3: Fixing 'ID_FIX195' can not be imported. It has no component code and no default component for fixings is defined!&#xD;
 E3: Fixing 'ID_FIX196' can not be imported. It has no component code and no default component for fixings is defined!&#xD;
 E3: Fixing 'ID_FIX197' can not be imported. It has no component code and no default component for fixings is defined!&#xD;
 E3: Fixing 'ID_FIX202' can not be imported. It has no component code and no default component for fixings is defined!&#xD;
 E3: Fixing 'ID_FIX203' can not be imported. It has no component code and no default component for fixings is defined!&#xD;
 E3: Fixing 'ID_FIX204' can not be imported. It has no component code and no default component for fixings is defined!&#xD;
 E3: Fixing 'A0019979590_FP112_3_1 4' can not be imported. It has no component code and no default component for fixings is defined!&#xD;
 E3: Fixing 'A0019979590_FP112_3_1 5' can not be imported. It has no component code and no default component for fixings is defined!&#xD;
 E3: Fixing 'A0019979590_FP112_3_1 6' can not be imported. It has no component code and no default component for fixings is defined!&#xD;
 E3: Fixing 'ID_FIX208' can not be imported. It has no component code and no default component for fixings is defined!&#xD;
 E3: Fixing 'ID_FIX210' can not be imported. It has no component code and no default component for fixings is defined!&#xD;
 E3: Fixing 'ID_FIX212' can not be imported. It has no component code and no default component for fixings is defined!&#xD;
 E3: Fixing 'ID_FIX214' can not be imported. It has no component code and no default component for fixings is defined!&#xD;
 E3: Fixing 'ID_FIX215' can not be imported. It has no component code and no default component for fixings is defined!&#xD;
 E3: Fixing 'ID_FIX216' can not be imported. It has no component code and no default component for fixings is defined!&#xD;
 E3: Fixing 'ID_FIX217' can not be imported. It has no component code and no default component for fixings is defined!&#xD;
 E3: Fixing 'ID_FIX218' can not be imported. It has no component code and no default component for fixings is defined!&#xD;
 E3: Fixing 'ID_FIX221' can not be imported. It has no component code and no default component for fixings is defined!&#xD;
 E3: Fixing 'ID_FIX222' can not be imported. It has no component code and no default component for fixings is defined!&#xD;
 E3: Fixing 'ID_FIX223' can not be imported. It has no component code and no default component for fixings is defined!&#xD;
 E3: Fixing 'ID_FIX224' can not be imported. It has no component code and no default component for fixings is defined!&#xD;
 E3: Fixing 'ID_FIX225' can not be imported. It has no component code and no default component for fixings is defined!&#xD;
 E3: Fixing 'ID_FIX226' can not be imported. It has no component code and no default component for fixings is defined!&#xD;
 E3: Fixing 'ID_FIX227' can not be imported. It has no component code and no default component for fixings is defined!&#xD;
 E3: Fixing 'ID_FIX228' can not be imported. It has no component code and no default component for fixings is defined!&#xD;
 E3: Fixing 'ID_FIX230' can not be imported. It has no component code and no default component for fixings is defined!&#xD;
 E3: Fixing 'ID_FIX231' can not be imported. It has no component code and no default component for fixings is defined!&#xD;
 E3: Fixing 'ID_FIX233' can not be imported. It has no component code and no default component for fixings is defined!&#xD;
 E3: Fixing 'ID_FIX234' can not be imported. It has no component code and no default component for fixings is defined!&#xD;
 E3: Fixing 'ID_FIX235' can not be imported. It has no component code and no default component for fixings is defined!&#xD;
 E3: Fixing 'ID_FIX236' can not be imported. It has no component code and no default component for fixings is defined!&#xD;
 E3: Fixing 'ID_FIX237' can not be imported. It has no component code and no default component for fixings is defined!&#xD;
 E3: Fixing 'ID_FIX238' can not be imported. It has no component code and no default component for fixings is defined!&#xD;
 E3: Fixing 'ID_FIX239' can not be imported. It has no component code and no default component for fixings is defined!&#xD;
 E3: Fixing 'ID_FIX240' can not be imported. It has no component code and no default component for fixings is defined!&#xD;
 E3: Fixing 'ID_FIX241' can not be imported. It has no component code and no default component for fixings is defined!&#xD;
 E3: Fixing 'ID_FIX242' can not be imported. It has no component code and no default component for fixings is defined!&#xD;
 E3: Fixing 'ID_FIX243' can not be imported. It has no component code and no default component for fixings is defined!&#xD;
 E3: Fixing 'ID_FIX244' can not be imported. It has no component code and no default component for fixings is defined!&#xD;
 E3: Fixing 'ID_FIX245' can not be imported. It has no component code and no default component for fixings is defined!&#xD;
 E3: Fixing 'ID_FIX246' can not be imported. It has no component code and no default component for fixings is defined!&#xD;
 E3: Fixing 'ID_FIX247' can not be imported. It has no component code and no default component for fixings is defined!&#xD;
 E3: Fixing 'ID_FIX248' can not be imported. It has no component code and no default component for fixings is defined!&#xD;
 E3: Fixing 'ID_FIX5' can not be imported. It has no component code and no default component for fixings is defined!&#xD;
 E3: Fixing 'ID_FIX262' can not be imported. It has no component code and no default component for fixings is defined!&#xD;
 E3: Fixing 'ID_FIX32' can not be imported. It has no component code and no default component for fixings is defined!&#xD;
 E3: Fixing 'ID_FIX39' can not be imported. It has no component code and no default component for fixings is defined!&#xD;
 E3: Fixing 'ID_FIX43' can not be imported. It has no component code and no default component for fixings is defined!&#xD;
 E3: Fixing 'ID_FIX111' can not be imported. It has no component code and no default component for fixings is defined!&#xD;
 E3: Fixing 'ID_FIX112' can not be imported. It has no component code and no default component for fixings is defined!&#xD;
 E3: Fixing 'ID_FIX117' can not be imported. It has no component code and no default component for fixings is defined!&#xD;
 E3: Fixing 'ID_FIX118' can not be imported. It has no component code and no default component for fixings is defined!&#xD;
 E3: Fixing 'ID_FIX119' can not be imported. It has no component code and no default component for fixings is defined!&#xD;
 E3: Fixing 'ID_FIX120' can not be imported. It has no component code and no default component for fixings is defined!&#xD;
 E3: Fixing 'ID_FIX147' can not be imported. It has no component code and no default component for fixings is defined!&#xD;
 E3: Fixing 'ID_FIX148' can not be imported. It has no component code and no default component for fixings is defined!&#xD;
 E3: Fixing 'ID_FIX151' can not be imported. It has no component code and no default component for fixings is defined!&#xD;
 E3: Fixing 'ID_FIX152' can not be imported. It has no component code and no default component for fixings is defined!&#xD;
 E3: Fixing 'ID_FIX153' can not be imported. It has no component code and no default component for fixings is defined!&#xD;
 E3: Fixing 'ID_FIX154' can not be imported. It has no component code and no default component for fixings is defined!&#xD;
 E3: Fixing 'ID_FIX155' can not be imported. It has no component code and no default component for fixings is defined!&#xD;
 E3: Fixing 'ID_FIX156' can not be imported. It has no component code and no default component for fixings is defined!&#xD;
 E3: Fixing 'ID_FIX159' can not be imported. It has no component code and no default component for fixings is defined!&#xD;
 E3: Fixing 'ID_FIX160' can not be imported. It has no component code and no default component for fixings is defined!&#xD;
 E3: Fixing 'ID_FIX161' can not be imported. It has no component code and no default component for fixings is defined!&#xD;
 E3: Fixing 'ID_FIX163' can not be imported. It has no component code and no default component for fixings is defined!&#xD;
 E3: Fixing 'ID_FIX301' can not be imported. It has no component code and no default component for fixings is defined!&#xD;
 E3: Fixing 'ID_FIX302' can not be imported. It has no component code and no default component for fixings is defined!&#xD;
 E3: Fixing 'ID_FIX181' can not be imported. It has no component code and no default component for fixings is defined!&#xD;
 E3: Fixing 'ID_FIX182' can not be imported. It has no component code and no default component for fixings is defined!&#xD;
 E3: Fixing 'ID_FIX305' can not be imported. It has no component code and no default component for fixings is defined!&#xD;
 E3: Fixing 'ID_FIX306' can not be imported. It has no component code and no default component for fixings is defined!&#xD;
 E3: Fixing 'ID_FIX307' can not be imported. It has no component code and no default component for fixings is defined!&#xD;
 E3: Fixing 'ID_FIX308' can not be imported. It has no component code and no default component for fixings is defined!&#xD;
 E3: Fixing 'ID_FIX309' can not be imported. It has no component code and no default component for fixings is defined!&#xD;
 E3: Fixing 'ID_FIX310' can not be imported. It has no component code and no default component for fixings is defined!&#xD;
 E3: Fixing 'ID_FIX311' can not be imported. It has no component code and no default component for fixings is defined!&#xD;
 E3: Fixing 'ID_FIX222' can not be imported. It has no component code and no default component for fixings is defined!&#xD;
 E3: Fixing 'ID_FIX223' can not be imported. It has no component code and no default component for fixings is defined!&#xD;
 E3: Fixing 'ID_FIX239' can not be imported. It has no component code and no default component for fixings is defined!&#xD;
 E3: Fixing 'ID_FIX240' can not be imported. It has no component code and no default component for fixings is defined!&#xD;
 E3: Fixing 'ID_FIX242' can not be imported. It has no component code and no default component for fixings is defined!&#xD;
 E3: Fixing 'ID_FIX243' can not be imported. It has no component code and no default component for fixings is defined!&#xD;
 E3: Fixing 'ID_FIX253' can not be imported. It has no component code and no default component for fixings is defined!&#xD;
 E3: Fixing 'ID_FIX334' can not be imported. It has no component code and no default component for fixings is defined!&#xD;
 E3: Fixing 'ID_FIX335' can not be imported. It has no component code and no default component for fixings is defined!&#xD;
 E3: Fixing 'ID_FIX336' can not be imported. It has no component code and no default component for fixings is defined!&#xD;
 E3: Fixing 'ID_FIX337' can not be imported. It has no component code and no default component for fixings is defined!&#xD;
 E3: Fixing 'ID_FIX338' can not be imported. It has no component code and no default component for fixings is defined!&#xD;
 E3: Fixing 'ID_FIX340' can not be imported. It has no component code and no default component for fixings is defined!&#xD;
 E3: Fixing 'ID_FIX342' can not be imported. It has no component code and no default component for fixings is defined!&#xD;
 E3: Fixing 'ID_FIX343' can not be imported. It has no component code and no default component for fixings is defined!&#xD;
 E3: Fixing 'ID_FIX344' can not be imported. It has no component code and no default component for fixings is defined!&#xD;
 E3: Fixing 'ID_FIX345' can not be imported. It has no component code and no default component for fixings is defined!&#xD;
 E3: Fixing 'ID_FIX346' can not be imported. It has no component code and no default component for fixings is defined!&#xD;
 E3: Fixing 'ID_FIX347' can not be imported. It has no component code and no default component for fixings is defined!&#xD;
 E3: Fixing 'ID_FIX348' can not be imported. It has no component code and no default component for fixings is defined!&#xD;
 E3: Fixing 'ID_FIX350' can not be imported. It has no component code and no default component for fixings is defined!&#xD;
 E3: Fixing 'ID_FIX351' can not be imported. It has no component code and no default component for fixings is defined!&#xD;
 E3: Fixing 'ID_FIX356' can not be imported. It has no component code and no default component for fixings is defined!&#xD;
 E3: Fixing 'ID_FIX357' can not be imported. It has no component code and no default component for fixings is defined!&#xD;
 E3: Fixing 'ID_FIX359' can not be imported. It has no component code and no default component for fixings is defined!&#xD;
 E3: Fixing 'ID_FIX361' can not be imported. It has no component code and no default component for fixings is defined!&#xD;
 E3: Fixing 'ID_FIX362' can not be imported. It has no component code and no default component for fixings is defined!&#xD;
 E3: Fixing 'ID_FIX363' can not be imported. It has no component code and no default component for fixings is defined!&#xD;
 E3: Fixing 'ID_FIX364' can not be imported. It has no component code and no default component for fixings is defined!&#xD;
 E3: Fixing 'ID_FIX365' can not be imported. It has no component code and no default component for fixings is defined!&#xD;
 E3: Fixing 'ID_FIX366' can not be imported. It has no component code and no default component for fixings is defined!&#xD;
 E3: Fixing 'ID_FIX338' can not be imported. It has no component code and no default component for fixings is defined!&#xD;
 E3: Fixing 'ID_FIX339' can not be imported. It has no component code and no default component for fixings is defined!&#xD;
 E3: Fixing 'ID_FIX340' can not be imported. It has no component code and no default component for fixings is defined!&#xD;
 E3: Fixing 'ID_FIX341' can not be imported. It has no component code and no default component for fixings is defined!&#xD;
 E3: Fixing 'ID_FIX346' can not be imported. It has no component code and no default component for fixings is defined!&#xD;
 E3: Fixing 'ID_FIX347' can not be imported. It has no component code and no default component for fixings is defined!&#xD;
 E3: Fixing 'ID_FIX348' can not be imported. It has no component code and no default component for fixings is defined!&#xD;
 E3: Fixing 'ID_FIX349' can not be imported. It has no component code and no default component for fixings is defined!&#xD;
 E3: Fixing 'ID_FIX377' can not be imported. It has no component code and no default component for fixings is defined!&#xD;
 E3: Fixing 'ID_FIX378' can not be imported. It has no component code and no default component for fixings is defined!&#xD;
 E3: Fixing 'ID_FIX380' can not be imported. It has no component code and no default component for fixings is defined!&#xD;
 E3: Fixing 'ID_FIX381' can not be imported. It has no component code and no default component for fixings is defined!&#xD;
 E3: Fixing 'ID_FIX405' can not be imported. It has no component code and no default component for fixings is defined!&#xD;
 E3: Fixing 'ID_FIX406' can not be imported. It has no component code and no default component for fixings is defined!&#xD;
 E3: Fixing 'ID_FIX393' can not be imported. It has no component code and no default component for fixings is defined!&#xD;
 E3: Fixing 'ID_FIX461' can not be imported. It has no component code and no default component for fixings is defined!&#xD;
 E3: Fixing 'ID_FIX470' can not be imported. It has no component code and no default component for fixings is defined!&#xD;
 E3: Fixing 'ID_FIX475' can not be imported. It has no component code and no default component for fixings is defined!&#xD;
 E3: Fixing 'ID_FIX479' can not be imported. It has no component code and no default component for fixings is defined!&#xD;
 E3: Fixing 'ID_FIX483' can not be imported. It has no component code and no default component for fixings is defined!&#xD;
 E3: Fixing 'ID_FIX487' can not be imported. It has no component code and no default component for fixings is defined!&#xD;
 E3: Fixing 'ID_FIX490' can not be imported. It has no component code and no default component for fixings is defined!&#xD;
 E3: Fixing 'ID_FIX491' can not be imported. It has no component code and no default component for fixings is defined!&#xD;
 E3: Fixing 'ID_FIX492' can not be imported. It has no component code and no default component for fixings is defined!&#xD;
 E3: Fixing 'ID_FIX493' can not be imported. It has no component code and no default component for fixings is defined!&#xD;
 E3: Fixing 'ID_FIX494' can not be imported. It has no component code and no default component for fixings is defined!&#xD;
 E3: Fixing 'ID_FIX495' can not be imported. It has no component code and no default component for fixings is defined!&#xD;
 E3: Fixing 'ID_FIX496' can not be imported. It has no component code and no default component for fixings is defined!&#xD;
 E3: Fixing 'ID_FIX497' can not be imported. It has no component code and no default component for fixings is defined!&#xD;
 E3: Fixing 'ID_FIX498' can not be imported. It has no component code and no default component for fixings is defined!&#xD;
 E3: Fixing 'ID_FIX499' can not be imported. It has no component code and no default component for fixings is defined!&#xD;
 E3: Fixing 'ID_FIX500' can not be imported. It has no component code and no default component for fixings is defined!&#xD;
 E3: Fixing 'ID_FIX501' can not be imported. It has no component code and no default component for fixings is defined!&#xD;
 E3: Fixing 'ID_FIX502' can not be imported. It has no component code and no default component for fixings is defined!&#xD;
 E3: Fixing 'ID_FIX503' can not be imported. It has no component code and no default component for fixings is defined!&#xD;
 E3: Fixing 'ID_FIX504' can not be imported. It has no component code and no default component for fixings is defined!&#xD;
 E3: Fixing 'ID_FIX505' can not be imported. It has no component code and no default component for fixings is defined!&#xD;
 E3: Fixing 'ID_FIX506' can not be imported. It has no component code and no default component for fixings is defined!&#xD;
 E3: Fixing 'ID_FIX507' can not be imported. It has no component code and no default component for fixings is defined!&#xD;
 E3: Fixing 'ID_FIX508' can not be imported. It has no component code and no default component for fixings is defined!&#xD;
 E3: Fixing 'ID_FIX509' can not be imported. It has no component code and no default component for fixings is defined!&#xD;
 E3: Fixing 'ID_FIX510' can not be imported. It has no component code and no default component for fixings is defined!&#xD;
 E3: Fixing 'ID_FIX511' can not be imported. It has no component code and no default component for fixings is defined!&#xD;
 E3: Fixing 'ID_FIX512' can not be imported. It has no component code and no default component for fixings is defined!&#xD;
 E3: Fixing 'ID_FIX513' can not be imported. It has no component code and no default component for fixings is defined!&#xD;
 E3: Fixing 'ID_FIX514' can not be imported. It has no component code and no default component for fixings is defined!&#xD;
 E3: Fixing 'ID_FIX540' can not be imported. It has no component code and no default component for fixings is defined!&#xD;
 E3: Fixing 'ID_FIX545' can not be imported. It has no component code and no default component for fixings is defined!&#xD;
 E3: Fixing 'ID_FIX547' can not be imported. It has no component code and no default component for fixings is defined!&#xD;
 E3: Fixing 'ID_FIX555' can not be imported. It has no component code and no default component for fixings is defined!&#xD;
 E3: Fixing 'ID_FIX556' can not be imported. It has no component code and no default component for fixings is defined!&#xD;
 E3: Fixing 'ID_FIX565' can not be imported. It has no component code and no default component for fixings is defined!&#xD;
 E3: Fixing 'ID_FIX567' can not be imported. It has no component code and no default component for fixings is defined!&#xD;
 E3: Fixing 'ID_FIX568' can not be imported. It has no component code and no default component for fixings is defined!&#xD;
 E3: Fixing 'ID_FIX569' can not be imported. It has no component code and no default component for fixings is defined!&#xD;
 E3: Fixing 'ID_FIX574' can not be imported. It has no component code and no default component for fixings is defined!&#xD;
 E3: Fixing 'ID_FIX575' can not be imported. It has no component code and no default component for fixings is defined!&#xD;
 E3: Fixing 'ID_FIX578' can not be imported. It has no component code and no default component for fixings is defined!&#xD;
 E3: Fixing 'ID_FIX579' can not be imported. It has no component code and no default component for fixings is defined!&#xD;
 E3: Fixing 'ID_FIX580' can not be imported. It has no component code and no default component for fixings is defined!&#xD;
 E3: Fixing 'ID_FIX581' can not be imported. It has no component code and no default component for fixings is defined!&#xD;
 E3: Fixing 'ID_FIX583' can not be imported. It has no component code and no default component for fixings is defined!&#xD;
 E3: Fixing 'ID_FIX584' can not be imported. It has no component code and no default component for fixings is defined!&#xD;
 E3: Fixing 'ID_FIX585' can not be imported. It has no component code and no default component for fixings is defined!&#xD;
 E3: Fixing 'ID_FIX586' can not be imported. It has no component code and no default component for fixings is defined!&#xD;
 E3: Fixing 'ID_FIX587' can not be imported. It has no component code and no default component for fixings is defined!&#xD;
 E3: Fixing 'ID_FIX588' can not be imported. It has no component code and no default component for fixings is defined!&#xD;
 E3: Fixing 'ID_FIX589' can not be imported. It has no component code and no default component for fixings is defined!&#xD;
 E3: Fixing 'ID_FIX591' can not be imported. It has no component code and no default component for fixings is defined!&#xD;
 E3: Fixing 'ID_FIX592' can not be imported. It has no component code and no default component for fixings is defined!&#xD;
 E3: Fixing 'ID_FIX593' can not be imported. It has no component code and no default component for fixings is defined!&#xD;
 E3: Fixing 'ID_FIX594' can not be imported. It has no component code and no default component for fixings is defined!&#xD;
 E3: Fixing 'ID_FIX595' can not be imported. It has no component code and no default component for fixings is defined!&#xD;
 E3: Fixing 'ID_FIX596' can not be imported. It has no component code and no default component for fixings is defined!&#xD;
 E3: Fixing 'ID_FIX597' can not be imported. It has no component code and no default component for fixings is defined!&#xD;
 E3: Fixing 'ID_FIX598' can not be imported. It has no component code and no default component for fixings is defined!&#xD;
 E3: Fixing 'ID_FIX599' can not be imported. It has no component code and no default component for fixings is defined!&#xD;
 E3: Fixing 'ID_FIX600' can not be imported. It has no component code and no default component for fixings is defined!&#xD;
 E3: Fixing 'ID_FIX601' can not be imported. It has no component code and no default component for fixings is defined!&#xD;
 E3: Fixing 'ID_FIX602' can not be imported. It has no component code and no default component for fixings is defined!&#xD;
 E3: Fixing 'ID_FIX603' can not be imported. It has no component code and no default component for fixings is defined!&#xD;
 E3: Fixing 'ID_FIX604' can not be imported. It has no component code and no default component for fixings is defined!&#xD;
 E3: Fixing 'ID_FIX605' can not be imported. It has no component code and no default component for fixings is defined!&#xD;
 E3: Fixing 'ID_FIX606' can not be imported. It has no component code and no default component for fixings is defined!&#xD;
 E3: Fixing 'ID_FIX607' can not be imported. It has no component code and no default component for fixings is defined!&#xD;
 E3: Fixing 'ID_FIX608' can not be imported. It has no component code and no default component for fixings is defined!&#xD;
 E3: Fixing 'ID_FIX609' can not be imported. It has no component code and no default component for fixings is defined!&#xD;
 E3: Fixing 'ID_FIX610' can not be imported. It has no component code and no default component for fixings is defined!&#xD;
 E3: Fixing 'ID_FIX611' can not be imported. It has no component code and no default component for fixings is defined!&#xD;
 E3: Fixing 'ID_FIX612' can not be imported. It has no component code and no default component for fixings is defined!&#xD;
 E3: Fixing 'ID_FIX613' can not be imported. It has no component code and no default component for fixings is defined!&#xD;
 E3: Fixing 'ID_FIX614' can not be imported. It has no component code and no default component for fixings is defined!&#xD;
 E3: Fixing 'ID_FIX615' can not be imported. It has no component code and no default component for fixings is defined!&#xD;
 E3: Fixing 'ID_FIX616' can not be imported. It has no component code and no default component for fixings is defined!&#xD;
 E3: Fixing 'ID_FIX617' can not be imported. It has no component code and no default component for fixings is defined!&#xD;
 E3: Fixing 'ID_FIX618' can not be imported. It has no component code and no default component for fixings is defined!&#xD;
 E3: Fixing 'ID_FIX619' can not be imported. It has no component code and no default component for fixings is defined!&#xD;
 E3: Fixing 'ID_FIX620' can not be imported. It has no component code and no default component for fixings is defined!&#xD;
 E3: Fixing 'ID_FIX621' can not be imported. It has no component code and no default component for fixings is defined!&#xD;
 E3: Fixing 'ID_FIX622' can not be imported. It has no component code and no default component for fixings is defined!&#xD;
 E3: Fixing 'ID_FIX623' can not be imported. It has no component code and no default component for fixings is defined!&#xD;
 E3: Fixing 'ID_FIX624' can not be imported. It has no component code and no default component for fixings is defined!&#xD;
 E3: Fixing 'ID_FIX625' can not be imported. It has no component code and no default component for fixings is defined!&#xD;
 E3: Fixing 'ID_FIX626' can not be imported. It has no component code and no default component for fixings is defined!&#xD;
 E3: Fixing 'ID_FIX628' can not be imported. It has no component code and no default component for fixings is defined!&#xD;
 E3: Fixing 'ID_FIX629' can not be imported. It has no component code and no default component for fixings is defined!&#xD;
 E3: Fixing 'ID_FIX631' can not be imported. It has no component code and no default component for fixings is defined!&#xD;
 E3: Fixing 'ID_FIX632' can not be imported. It has no component code and no default component for fixings is defined!&#xD;
 E3: Fixing 'ID_FIX634' can not be imported. It has no component code and no default component for fixings is defined!&#xD;
 E3: Fixing 'ID_FIX635' can not be imported. It has no component code and no default component for fixings is defined!&#xD;
 E3: Fixing 'ID_FIX636' can not be imported. It has no component code and no default component for fixings is defined!&#xD;
 E3: Fixing 'ID_FIX637' can not be imported. It has no component code and no default component for fixings is defined!&#xD;
 E3: Fixing 'ID_FIX638' can not be imported. It has no component code and no default component for fixings is defined!&#xD;
 E3: Fixing 'ID_FIX639' can not be imported. It has no component code and no default component for fixings is defined!&#xD;
 E3: Fixing 'ID_FIX640' can not be imported. It has no component code and no default component for fixings is defined!&#xD;
 E3: Fixing 'ID_FIX645' can not be imported. It has no component code and no default component for fixings is defined!&#xD;
 E3: Fixing 'ID_FIX647' can not be imported. It has no component code and no default component for fixings is defined!&#xD;
 E3: Fixing 'ID_FIX648' can not be imported. It has no component code and no default component for fixings is defined!&#xD;
 E3: Fixing 'ID_FIX649' can not be imported. It has no component code and no default component for fixings is defined!&#xD;
 E3: Fixing 'ID_FIX650' can not be imported. It has no component code and no default component for fixings is defined!&#xD;
 E3: Fixing 'ID_FIX655' can not be imported. It has no component code and no default component for fixings is defined!&#xD;
 E3: Fixing 'ID_FIX656' can not be imported. It has no component code and no default component for fixings is defined!&#xD;
 E3: Fixing 'ID_FIX657' can not be imported. It has no component code and no default component for fixings is defined!&#xD;
 E3: Fixing 'ID_FIX658' can not be imported. It has no component code and no default component for fixings is defined!&#xD;
 E3: Fixing 'ID_FIX660' can not be imported. It has no component code and no default component for fixings is defined!&#xD;
 E3: Fixing 'ID_FIX697' can not be imported. It has no component code and no default component for fixings is defined!&#xD;
 E3: Fixing 'ID_FIX698' can not be imported. It has no component code and no default component for fixings is defined!&#xD;
 E3: Fixing 'ID_FIX699' can not be imported. It has no component code and no default component for fixings is defined!&#xD;
 E3: Fixing 'ID_FIX700' can not be imported. It has no component code and no default component for fixings is defined!&#xD;
 E3: Fixing 'ID_FIX701' can not be imported. It has no component code and no default component for fixings is defined!&#xD;
 E3: Fixing 'ID_FIX702' can not be imported. It has no component code and no default component for fixings is defined!&#xD;
 E3: Fixing 'ID_FIX703' can not be imported. It has no component code and no default component for fixings is defined!&#xD;
 E3: Fixing 'ID_FIX704' can not be imported. It has no component code and no default component for fixings is defined!&#xD;
 E3: Fixing 'ID_FIX707' can not be imported. It has no component code and no default component for fixings is defined!&#xD;
 E3: Fixing 'ID_FIX708' can not be imported. It has no component code and no default component for fixings is defined!&#xD;
 E3: Fixing 'ID_FIX710' can not be imported. It has no component code and no default component for fixings is defined!&#xD;
 E3: Fixing 'ID_FIX711' can not be imported. It has no component code and no default component for fixings is defined!&#xD;
 E3: Fixing 'ID_FIX712' can not be imported. It has no component code and no default component for fixings is defined!&#xD;
 E3: Fixing 'ID_FIX743' can not be imported. It has no component code and no default component for fixings is defined!&#xD;
 E3: Fixing 'ID_FIX744' can not be imported. It has no component code and no default component for fixings is defined!&#xD;
 E3: Fixing 'ID_FIX747' can not be imported. It has no component code and no default component for fixings is defined!&#xD;
 E3: Fixing 'ID_FIX748' can not be imported. It has no component code and no default component for fixings is defined!&#xD;
 E3: Fixing 'ID_FIX817' can not be imported. It has no component code and no default component for fixings is defined!&#xD;
 E3: Fixing 'ID_FIX818' can not be imported. It has no component code and no default component for fixings is defined!&#xD;
 E3: Fixing 'ID_FIX819' can not be imported. It has no component code and no default component for fixings is defined!&#xD;
 E3: Fixing 'ID_FIX820' can not be imported. It has no component code and no default component for fixings is defined!&#xD;
 E3: Fixing 'ID_FIX821' can not be imported. It has no component code and no default component for fixings is defined!&#xD;
 E3: Fixing 'ID_FIX822' can not be imported. It has no component code and no default component for fixings is defined!&#xD;
 E3: Fixing 'ID_FIX825' can not be imported. It has no component code and no default component for fixings is defined!&#xD;
 E3: Fixing 'ID_FIX826' can not be imported. It has no component code and no default component for fixings is defined!&#xD;
 E3: Fixing 'ID_FIX827' can not be imported. It has no component code and no default component for fixings is defined!&#xD;
 E3: Fixing 'ID_FIX836' can not be imported. It has no component code and no default component for fixings is defined!&#xD;
 E3: Fixing 'ID_FIX837' can not be imported. It has no component code and no default component for fixings is defined!&#xD;
 E3: Fixing 'ID_FIX839' can not be imported. It has no component code and no default component for fixings is defined!&#xD;
 E3: Fixing 'ID_FIX840' can not be imported. It has no component code and no default component for fixings is defined!&#xD;
 E3: Fixing 'ID_FIX398' can not be imported. It has no component code and no default component for fixings is defined!&#xD;
 E3: Fixing 'ID_FIX397' can not be imported. It has no component code and no default component for fixings is defined!&#xD;
 E3: Fixing 'ID_FIX604' can not be imported. It has no component code and no default component for fixings is defined!&#xD;
 E3: Fixing 'ID_FIX605' can not be imported. It has no component code and no default component for fixings is defined!&#xD;
 E3: Fixing 'ID_FIX606' can not be imported. It has no component code and no default component for fixings is defined!&#xD;
 E3: Fixing 'ID_FIX607' can not be imported. It has no component code and no default component for fixings is defined!&#xD;
 E3: Fixing 'ID_FIX608' can not be imported. It has no component code and no default component for fixings is defined!&#xD;
 E3: Fixing 'ID_FIX609' can not be imported. It has no component code and no default component for fixings is defined!&#xD;
 E3: Fixing 'ID_FIX610' can not be imported. It has no component code and no default component for fixings is defined!&#xD;
 E3: Fixing 'ID_FIX611' can not be imported. It has no component code and no default component for fixings is defined!&#xD;
 E3: Fixing 'ID_FIX612' can not be imported. It has no component code and no default component for fixings is defined!&#xD;
 E3: Fixing 'ID_FIX613' can not be imported. It has no component code and no default component for fixings is defined!&#xD;
 E3: Fixing 'ID_FIX614' can not be imported. It has no component code and no default component for fixings is defined!&#xD;
 E3: Fixing 'ID_FIX615' can not be imported. It has no component code and no default component for fixings is defined!&#xD;
 E3: Fixing 'ID_FIX616' can not be imported. It has no component code and no default component for fixings is defined!&#xD;
 E3: Fixing 'ID_FIX617' can not be imported. It has no component code and no default component for fixings is defined!&#xD;
 E3: Fixing 'ID_FIX618' can not be imported. It has no component code and no default component for fixings is defined!&#xD;
 E3: Fixing 'ID_FIX619' can not be imported. It has no component code and no default component for fixings is defined!&#xD;
 E3: Fixing 'ID_FIX620' can not be imported. It has no component code and no default component for fixings is defined!&#xD;
 E3: Fixing 'ID_FIX621' can not be imported. It has no component code and no default component for fixings is defined!&#xD;
 E3: Fixing 'ID_FIX622' can not be imported. It has no component code and no default component for fixings is defined!&#xD;
 E3: Fixing 'ID_FIX626' can not be imported. It has no component code and no default component for fixings is defined!&#xD;
 E3: Fixing 'ID_FIX928' can not be imported. It has no component code and no default component for fixings is defined!&#xD;
 E3: Fixing 'ID_FIX629' can not be imported. It has no component code and no default component for fixings is defined!&#xD;
 E3: Fixing 'ID_FIX630' can not be imported. It has no component code and no default component for fixings is defined!&#xD;
 E3: Fixing 'ID_FIX631' can not be imported. It has no component code and no default component for fixings is defined!&#xD;
 E3: Fixing 'ID_FIX632' can not be imported. It has no component code and no default component for fixings is defined!&#xD;
 E3: Fixing 'ID_FIX634' can not be imported. It has no component code and no default component for fixings is defined!&#xD;
 E3: Fixing 'ID_FIX635' can not be imported. It has no component code and no default component for fixings is defined!&#xD;
 E3: Fixing 'ID_FIX937' can not be imported. It has no component code and no default component for fixings is defined!&#xD;
 E3: Fixing 'ID_FIX938' can not be imported. It has no component code and no default component for fixings is defined!&#xD;
 E3: Fixing 'ID_FIX939' can not be imported. It has no component code and no default component for fixings is defined!&#xD;
 E3: Fixing 'ID_FIX940' can not be imported. It has no component code and no default component for fixings is defined!&#xD;
 E3: Fixing 'ID_FIX941' can not be imported. It has no component code and no default component for fixings is defined!&#xD;
 E3: Fixing 'ID_FIX942' can not be imported. It has no component code and no default component for fixings is defined!&#xD;
 E3: Fixing 'ID_FIX943' can not be imported. It has no component code and no default component for fixings is defined!&#xD;
 E3: Fixing 'ID_FIX944' can not be imported. It has no component code and no default component for fixings is defined!&#xD;
 E3: Fixing 'ID_FIX945' can not be imported. It has no component code and no default component for fixings is defined!&#xD;
 E3: Fixing 'ID_FIX946' can not be imported. It has no component code and no default component for fixings is defined!&#xD;
 E3: Fixing 'ID_FIX947' can not be imported. It has no component code and no default component for fixings is defined!&#xD;
 E3: Fixing 'ID_FIX948' can not be imported. It has no component code and no default component for fixings is defined!&#xD;
 E3: Fixing 'ID_FIX949' can not be imported. It has no component code and no default component for fixings is defined!&#xD;
 E3: Fixing 'ID_FIX950' can not be imported. It has no component code and no default component for fixings is defined!&#xD;
 E3: Fixing 'ID_FIX951' can not be imported. It has no component code and no default component for fixings is defined!&#xD;
 E3: Fixing 'ID_FIX952' can not be imported. It has no component code and no default component for fixings is defined!&#xD;
 E3: Fixing 'ID_FIX953' can not be imported. It has no component code and no default component for fixings is defined!&#xD;
 E3: Fixing 'ID_FIX954' can not be imported. It has no component code and no default component for fixings is defined!&#xD;
 E3: Fixing 'ID_FIX955' can not be imported. It has no component code and no default component for fixings is defined!&#xD;
 E3: Fixing 'ID_FIX956' can not be imported. It has no component code and no default component for fixings is defined!&#xD;
 E3: Fixing 'ID_FIX957' can not be imported. It has no component code and no default component for fixings is defined!&#xD;
 E3: Fixing 'ID_FIX958' can not be imported. It has no component code and no default component for fixings is defined!&#xD;
 E3: Fixing 'ID_FIX959' can not be imported. It has no component code and no default component for fixings is defined!&#xD;
 E3: Fixing 'ID_FIX960' can not be imported. It has no component code and no default component for fixings is defined!&#xD;
 E3: Fixing 'ID_FIX961' can not be imported. It has no component code and no default component for fixings is defined!&#xD;
 E3: Fixing 'ID_FIX962' can not be imported. It has no component code and no default component for fixings is defined!&#xD;
 E3: Fixing 'ID_FIX963' can not be imported. It has no component code and no default component for fixings is defined!&#xD;
 E3: Fixing 'ID_FIX964' can not be imported. It has no component code and no default component for fixings is defined!&#xD;
 E3: Fixing 'ID_FIX965' can not be imported. It has no component code and no default component for fixings is defined!&#xD;
 E3: Fixing 'ID_FIX966' can not be imported. It has no component code and no default component for fixings is defined!&#xD;
 E3: Fixing 'ID_FIX967' can not be imported. It has no component code and no default component for fixings is defined!&#xD;
 E3: Fixing 'ID_FIX968' can not be imported. It has no component code and no default component for fixings is defined!&#xD;
 E3: Fixing 'ID_FIX969' can not be imported. It has no component code and no default component for fixings is defined!&#xD;
 E3: Fixing 'ID_FIX970' can not be imported. It has no component code and no default component for fixings is defined!&#xD;
 E3: Fixing 'ID_FIX971' can not be imported. It has no component code and no default component for fixings is defined!&#xD;
 E3: Fixing 'ID_FIX972' can not be imported. It has no component code and no default component for fixings is defined!&#xD;
 E3: Fixing 'ID_FIX973' can not be imported. It has no component code and no default component for fixings is defined!&#xD;
 E3: Fixing 'ID_FIX974' can not be imported. It has no component code and no default component for fixings is defined!&#xD;
 E3: Fixing 'ID_FIX975' can not be imported. It has no component code and no default component for fixings is defined!&#xD;
 E3: Fixing 'ID_FIX976' can not be imported. It has no component code and no default component for fixings is defined!&#xD;
 E3: Fixing 'ID_FIX977' can not be imported. It has no component code and no default component for fixings is defined!&#xD;
 E3: Fixing 'ID_FIX978' can not be imported. It has no component code and no default component for fixings is defined!&#xD;
 E3: Fixing 'ID_FIX979' can not be imported. It has no component code and no default component for fixings is defined!&#xD;
 E3: Fixing 'ID_FIX980' can not be imported. It has no component code and no default component for fixings is defined!&#xD;
 E3: Fixing 'ID_FIX981' can not be imported. It has no component code and no default component for fixings is defined!&#xD;
 E3: Fixing 'ID_FIX982' can not be imported. It has no component code and no default component for fixings is defined!&#xD;
 E3: Fixing 'ID_FIX983' can not be imported. It has no component code and no default component for fixings is defined!&#xD;
 E3: Fixing 'ID_FIX984' can not be imported. It has no component code and no default component for fixings is defined!&#xD;
 E3: Fixing 'ID_FIX985' can not be imported. It has no component code and no default component for fixings is defined!&#xD;
 E3: Fixing 'ID_FIX986' can not be imported. It has no component code and no default component for fixings is defined!&#xD;
 E3: Fixing 'ID_FIX987' can not be imported. It has no component code and no default component for fixings is defined!&#xD;
 E3: Fixing 'ID_FIX988' can not be imported. It has no component code and no default component for fixings is defined!&#xD;
 E3: Fixing 'ID_FIX989' can not be imported. It has no component code and no default component for fixings is defined!&#xD;
 E3: Fixing 'ID_FIX990' can not be imported. It has no component code and no default component for fixings is defined!&#xD;
 E3: Fixing 'ID_FIX991' can not be imported. It has no component code and no default component for fixings is defined!&#xD;
 E3: Fixing 'ID_FIX992' can not be imported. It has no component code and no default component for fixings is defined!&#xD;
 E3: Fixing 'ID_FIX993' can not be imported. It has no component code and no default component for fixings is defined!&#xD;
 E3: Fixing 'ID_FIX994' can not be imported. It has no component code and no default component for fixings is defined!&#xD;
 E3: Fixing 'ID_FIX995' can not be imported. It has no component code and no default component for fixings is defined!&#xD;
 E3: Fixing 'ID_FIX996' can not be imported. It has no component code and no default component for fixings is defined!&#xD;
 E3: Fixing 'ID_FIX998' can not be imported. It has no component code and no default component for fixings is defined!&#xD;
 E3: Fixing 'ID_FIX999' can not be imported. It has no component code and no default component for fixings is defined!&#xD;
 E3: Fixing 'ID_FIX1001' can not be imported. It has no component code and no default component for fixings is defined!&#xD;
 E3: Fixing 'ID_FIX1002' can not be imported. It has no component code and no default component for fixings is defined!&#xD;
 E3: Fixing 'ID_FIX1005' can not be imported. It has no component code and no default component for fixings is defined!&#xD;
 E3: Fixing 'ID_FIX1006' can not be imported. It has no component code and no default component for fixings is defined!&#xD;
 E3: Fixing 'ID_FIX1019' can not be imported. It has no component code and no default component for fixings is defined!&#xD;
 E3: Fixing 'ID_FIX1020' can not be imported. It has no component code and no default component for fixings is defined!&#xD;
 E3: Fixing 'ID_FIX1021' can not be imported. It has no component code and no default component for fixings is defined!&#xD;
 E3: Fixing 'ID_FIX1022' can not be imported. It has no component code and no default component for fixings is defined!&#xD;
 E3: Fixing 'ID_FIX1023' can not be imported. It has no component code and no default component for fixings is defined!&#xD;
 E3: Fixing 'ID_FIX1024' can not be imported. It has no component code and no default component for fixings is defined!&#xD;
 E3: Fixing 'ID_FIX1025' can not be imported. It has no component code and no default component for fixings is defined!&#xD;
 E3: Fixing 'ID_FIX1026' can not be imported. It has no component code and no default component for fixings is defined!&#xD;
 E3: Fixing 'ID_FIX724' can not be imported. It has no component code and no default component for fixings is defined!&#xD;
 E3: Fixing 'ID_FIX725' can not be imported. It has no component code and no default component for fixings is defined!&#xD;
 E3: Fixing 'ID_FIX1030' can not be imported. It has no component code and no default component for fixings is defined!&#xD;
 E3: Fixing 'ID_FIX727' can not be imported. It has no component code and no default component for fixings is defined!&#xD;
 E3: Fixing 'ID_FIX728' can not be imported. It has no component code and no default component for fixings is defined!&#xD;
 E3: Fixing 'ID_FIX1033' can not be imported. It has no component code and no default component for fixings is defined!&#xD;
 E3: Fixing 'ID_FIX1035' can not be imported. It has no component code and no default component for fixings is defined!&#xD;
 E3: Fixing 'ID_FIX1036' can not be imported. It has no component code and no default component for fixings is defined!&#xD;
 E3: Fixing 'ID_FIX732' can not be imported. It has no component code and no default component for fixings is defined!&#xD;
 E3: Fixing 'ID_FIX1038' can not be imported. It has no component code and no default component for fixings is defined!&#xD;
 E3: Fixing 'ID_FIX1039' can not be imported. It has no component code and no default component for fixings is defined!&#xD;
 E3: Fixing 'ID_FIX735' can not be imported. It has no component code and no default component for fixings is defined!&#xD;
 E3: Fixing 'ID_FIX736' can not be imported. It has no component code and no default component for fixings is defined!&#xD;
 E3: Fixing 'ID_FIX737' can not be imported. It has no component code and no default component for fixings is defined!&#xD;
 E3: Fixing 'ID_FIX1043' can not be imported. It has no component code and no default component for fixings is defined!&#xD;
 E3: Fixing 'ID_FIX1044' can not be imported. It has no component code and no default component for fixings is defined!&#xD;
 E3: Fixing 'ID_FIX1045' can not be imported. It has no component code and no default component for fixings is defined!&#xD;
 E3: Fixing 'ID_FIX1046' can not be imported. It has no component code and no default component for fixings is defined!&#xD;
 E3: Fixing 'ID_FIX1047' can not be imported. It has no component code and no default component for fixings is defined!&#xD;
 E3: Fixing 'ID_FIX1048' can not be imported. It has no component code and no default component for fixings is defined!&#xD;
 E3: Fixing 'ID_FIX1049' can not be imported. It has no component code and no default component for fixings is defined!&#xD;
 E3: Fixing 'ID_FIX1050' can not be imported. It has no component code and no default component for fixings is defined!&#xD;
 E3: Fixing 'ID_FIX746' can not be imported. It has no component code and no default component for fixings is defined!&#xD;
 E3: Fixing 'ID_FIX747' can not be imported. It has no component code and no default component for fixings is defined!&#xD;
 E3: Fixing 'ID_FIX749' can not be imported. It has no component code and no default component for fixings is defined!&#xD;
 E3: Fixing 'ID_FIX752' can not be imported. It has no component code and no default component for fixings is defined!&#xD;
 E3: Fixing 'ID_FIX1063' can not be imported. It has no component code and no default component for fixings is defined!&#xD;
 E3: Fixing 'ID_FIX1064' can not be imported. It has no component code and no default component for fixings is defined!&#xD;
 E3: Fixing 'ID_FIX838' can not be imported. It has no component code and no default component for fixings is defined!&#xD;
 E3: Fixing 'ID_FIX1074' can not be imported. It has no component code and no default component for fixings is defined!&#xD;
 E3: Fixing 'ID_FIX1075' can not be imported. It has no component code and no default component for fixings is defined!&#xD;
 E3: Fixing 'ID_FIX1076' can not be imported. It has no component code and no default component for fixings is defined!&#xD;
 E3: Fixing 'ID_FIX768' can not be imported. It has no component code and no default component for fixings is defined!&#xD;
 E3: Fixing 'ID_FIX1078' can not be imported. It has no component code and no default component for fixings is defined!&#xD;
 E3: Fixing 'ID_FIX1079' can not be imported. It has no component code and no default component for fixings is defined!&#xD;
 E3: Fixing 'ID_FIX1080' can not be imported. It has no component code and no default component for fixings is defined!&#xD;
 E3: Fixing 'ID_FIX1081' can not be imported. It has no component code and no default component for fixings is defined!&#xD;
 E3: Fixing 'ID_FIX773' can not be imported. It has no component code and no default component for fixings is defined!&#xD;
 E3: Fixing 'ID_FIX774' can not be imported. It has no component code and no default component for fixings is defined!&#xD;
 E3: Fixing 'ID_FIX1084' can not be imported. It has no component code and no default component for fixings is defined!&#xD;
 E3: Fixing 'ID_FIX793' can not be imported. It has no component code and no default component for fixings is defined!&#xD;
 E3: Fixing 'ID_FIX794' can not be imported. It has no component code and no default component for fixings is defined!&#xD;
 E3: Fixing 'ID_FIX795' can not be imported. It has no component code and no default component for fixings is defined!&#xD;
 E3: Fixing 'ID_FIX796' can not be imported. It has no component code and no default component for fixings is defined!&#xD;
 E3: Fixing 'ID_FIX798' can not be imported. It has no component code and no default component for fixings is defined!&#xD;
 E3: Fixing 'ID_FIX799' can not be imported. It has no component code and no default component for fixings is defined!&#xD;
 E3: Fixing 'ID_FIX849' can not be imported. It has no component code and no default component for fixings is defined!&#xD;
 E3: Fixing 'ID_FIX850' can not be imported. It has no component code and no default component for fixings is defined!&#xD;
 E3: Fixing 'ID_FIX851' can not be imported. It has no component code and no default component for fixings is defined!&#xD;
 E3: Fixing 'ID_FIX852' can not be imported. It has no component code and no default component for fixings is defined!&#xD;
 E3: Fixing 'ID_FIX853' can not be imported. It has no component code and no default component for fixings is defined!&#xD;
 E3: Fixing 'ID_FIX854' can not be imported. It has no component code and no default component for fixings is defined!&#xD;
 E3: Fixing 'ID_FIX878' can not be imported. It has no component code and no default component for fixings is defined!&#xD;
 E3: Fixing 'ID_FIX880' can not be imported. It has no component code and no default component for fixings is defined!&#xD;
 E3: Fixing 'ID_FIX881' can not be imported. It has no component code and no default component for fixings is defined!&#xD;
 E3: Fixing 'ID_FIX882' can not be imported. It has no component code and no default component for fixings is defined!&#xD;
 E3: Fixing 'ID_FIX883' can not be imported. It has no component code and no default component for fixings is defined!&#xD;
 E3: Fixing 'ID_FIX887' can not be imported. It has no component code and no default component for fixings is defined!&#xD;
 E3: Fixing 'ID_FIX888' can not be imported. It has no component code and no default component for fixings is defined!&#xD;
 E3: Fixing 'ID_FIX889' can not be imported. It has no component code and no default component for fixings is defined!&#xD;
 E3: Fixing 'ID_FIX890' can not be imported. It has no component code and no default component for fixings is defined!&#xD;
 E3: Fixing 'ID_FIX891' can not be imported. It has no component code and no default component for fixings is defined!&#xD;
 E3: Fixing 'ID_FIX892' can not be imported. It has no component code and no default component for fixings is defined!&#xD;
 E3: Fixing 'ID_FIX895' can not be imported. It has no component code and no default component for fixings is defined!&#xD;
 E3: Fixing 'ID_FIX896' can not be imported. It has no component code and no default component for fixings is defined!&#xD;
 E3: Fixing 'ID_FIX897' can not be imported. It has no component code and no default component for fixings is defined!&#xD;
 E3: Fixing 'ID_FIX898' can not be imported. It has no component code and no default component for fixings is defined!&#xD;
 E3: Fixing 'ID_FIX899' can not be imported. It has no component code and no default component for fixings is defined!&#xD;
 E3: Fixing 'ID_FIX900' can not be imported. It has no component code and no default component for fixings is defined!&#xD;
 E3: Fixing 'ID_FIX901' can not be imported. It has no component code and no default component for fixings is defined!&#xD;
 E3: Fixing 'ID_FIX902' can not be imported. It has no component code and no default component for fixings is defined!&#xD;
 E3: Fixing 'ID_FIX903' can not be imported. It has no component code and no default component for fixings is defined!&#xD;
 E3: Fixing 'ID_FIX907' can not be imported. It has no component code and no default component for fixings is defined!&#xD;
 E3: Fixing 'ID_FIX908' can not be imported. It has no component code and no default component for fixings is defined!&#xD;
 E3: Fixing 'ID_FIX909' can not be imported. It has no component code and no default component for fixings is defined!&#xD;
 E3: Fixing 'ID_FIX910' can not be imported. It has no component code and no default component for fixings is defined!&#xD;
 E3: Fixing 'ID_FIX914' can not be imported. It has no component code and no default component for fixings is defined!&#xD;
 E3: Fixing 'ID_FIX915' can not be imported. It has no component code and no default component for fixings is defined!&#xD;
 E3: Fixing 'ID_FIX916' can not be imported. It has no component code and no default component for fixings is defined!&#xD;
 E3: Fixing 'ID_FIX917' can not be imported. It has no component code and no default component for fixings is defined!&#xD;
 E3: Fixing 'ID_FIX918' can not be imported. It has no component code and no default component for fixings is defined!&#xD;
 E3: Fixing 'ID_FIX919' can not be imported. It has no component code and no default component for fixings is defined!&#xD;
 E3: Fixing 'ID_FIX920' can not be imported. It has no component code and no default component for fixings is defined!&#xD;
 E3: Fixing 'ID_FIX921' can not be imported. It has no component code and no default component for fixings is defined!&#xD;
 E3: Fixing 'ID_FIX922' can not be imported. It has no component code and no default component for fixings is defined!&#xD;
 E3: Fixing 'ID_FIX923' can not be imported. It has no component code and no default component for fixings is defined!&#xD;
 E3: Fixing 'ID_FIX924' can not be imported. It has no component code and no default component for fixings is defined!&#xD;
 E3: Fixing 'ID_FIX925' can not be imported. It has no component code and no default component for fixings is defined!&#xD;
 E3: Fixing 'ID_FIX926' can not be imported. It has no component code and no default component for fixings is defined!&#xD;
 E3: Protection 'ID_TAP1215' can not be imported. It has no component code and no default component for protections is defined!&#xD;
 E3: Protection 'ID_TAP3009' can not be imported. It has no component code and no default component for protections is defined!&#xD;
 E3: Protection 'ID_TAP1711' can not be imported. It has no component code and no default component for protections is defined!&#xD;
 E3: Protection 'ID_TAP3008' can not be imported. It has no component code and no default component for protections is defined!&#xD;
 E3: Protection 'ID_TAP613' can not be imported. It has no component code and no default component for protections is defined!&#xD;
 E3: Protection 'ID_TAP2850' can not be imported. It has no component code and no default component for protections is defined!&#xD;
 E3: Protection 'ID_TAP768' can not be imported. It has no component code and no default component for protections is defined!&#xD;
 E3: Protection 'ID_TAP1780' can not be imported. It has no component code and no default component for protections is defined!&#xD;
 E3: Protection 'ID_TAP1174' can not be imported. It has no component code and no default component for protections is defined!&#xD;
 E3: Protection 'ID_TAP2014' can not be imported. It has no component code and no default component for protections is defined!&#xD;
 E3: Protection 'ID_TAP1683' can not be imported. It has no component code and no default component for protections is defined!&#xD;
 E3: Protection 'ID_TAP1949' can not be imported. It has no component code and no default component for protections is defined!&#xD;
 E3: Protection 'ID_TAP1950' can not be imported. It has no component code and no default component for protections is defined!&#xD;
 E3: Protection 'ID_TAP1947' can not be imported. It has no component code and no default component for protections is defined!&#xD;
 E3: Protection 'ID_TAP632' can not be imported. It has no component code and no default component for protections is defined!&#xD;
 E3: Protection 'ID_TAP93' can not be imported. It has no component code and no default component for protections is defined!&#xD;
 E3: Protection 'ID_TAP227' can not be imported. It has no component code and no default component for protections is defined!&#xD;
 E3: Protection 'ID_TAP1720' can not be imported. It has no component code and no default component for protections is defined!&#xD;
 E3: Protection 'ID_TAP1721' can not be imported. It has no component code and no default component for protections is defined!&#xD;
 E3: Protection 'ID_TAP2060' can not be imported. It has no component code and no default component for protections is defined!&#xD;
 E3: Protection 'ID_TAP2061' can not be imported. It has no component code and no default component for protections is defined!&#xD;
 E3: Protection 'ID_TAP2945' can not be imported. It has no component code and no default component for protections is defined!&#xD;
 E3: Protection 'ID_TAP2948' can not be imported. It has no component code and no default component for protections is defined!&#xD;
 E3: Protection 'ID_TAP2954' can not be imported. It has no component code and no default component for protections is defined!&#xD;
 E3: Protection 'ID_TAP2057' can not be imported. It has no component code and no default component for protections is defined!&#xD;
 E3: Protection 'ID_TAP1033' can not be imported. It has no component code and no default component for protections is defined!&#xD;
 E3: Protection 'ID_TAP3191' can not be imported. It has no component code and no default component for protections is defined!&#xD;
 E3: Protection 'ID_TAP3192' can not be imported. It has no component code and no default component for protections is defined!&#xD;
 E3: Protection 'ID_TAP1089' can not be imported. It has no component code and no default component for protections is defined!&#xD;
 E3: Protection 'ID_TAP1090' can not be imported. It has no component code and no default component for protections is defined!&#xD;
 E3: Protection 'ID_TAP190' can not be imported. It has no component code and no default component for protections is defined!&#xD;
 E3: Protection 'ID_TAP5' can not be imported. It has no component code and no default component for protections is defined!&#xD;
 E3: Protection 'ID_TAP1384' can not be imported. It has no component code and no default component for protections is defined!&#xD;
 E3: Protection 'ID_TAP1385' can not be imported. It has no component code and no default component for protections is defined!&#xD;
 E3: Protection 'ID_TAP1550' can not be imported. It has no component code and no default component for protections is defined!&#xD;
 E3: Protection 'ID_TAP1553' can not be imported. It has no component code and no default component for protections is defined!&#xD;
 E3: Protection 'ID_TAP1148' can not be imported. It has no component code and no default component for protections is defined!&#xD;
 E3: Protection 'ID_TAP22' can not be imported. It has no component code and no default component for protections is defined!&#xD;
 E3: Protection 'ID_TAP729' can not be imported. It has no component code and no default component for protections is defined!&#xD;
 E3: Protection 'ID_TAP730' can not be imported. It has no component code and no default component for protections is defined!&#xD;
 E3: Protection 'ID_TAP731' can not be imported. It has no component code and no default component for protections is defined!&#xD;
 E3: Protection 'ID_TAP1152' can not be imported. It has no component code and no default component for protections is defined!&#xD;
 E3: Protection 'ID_TAP477' can not be imported. It has no component code and no default component for protections is defined!&#xD;
 E3: Protection 'ID_TAP1818' can not be imported. It has no component code and no default component for protections is defined!&#xD;
 E3: Protection 'ID_TAP752' can not be imported. It has no component code and no default component for protections is defined!&#xD;
 E3: Protection 'ID_TAP3164' can not be imported. It has no component code and no default component for protections is defined!&#xD;
 E3: Protection 'ID_TAP3165' can not be imported. It has no component code and no default component for protections is defined!&#xD;
 E3: Protection 'ID_TAP1525' can not be imported. It has no component code and no default component for protections is defined!&#xD;
 E3: Protection 'ID_TAP1526' can not be imported. It has no component code and no default component for protections is defined!&#xD;
 E3: Protection 'ID_TAP1125' can not be imported. It has no component code and no default component for protections is defined!&#xD;
 E3: Protection 'ID_TAP1122' can not be imported. It has no component code and no default component for protections is defined!&#xD;
 E3: Protection 'ID_TAP3342' can not be imported. It has no component code and no default component for protections is defined!&#xD;
 E3: Protection 'ID_TAP746' can not be imported. It has no component code and no default component for protections is defined!&#xD;
 E3: Protection 'ID_TAP3353' can not be imported. It has no component code and no default component for protections is defined!&#xD;
 E3: Protection 'ID_TAP1816' can not be imported. It has no component code and no default component for protections is defined!&#xD;
 E3: Protection 'ID_TAP753' can not be imported. It has no component code and no default component for protections is defined!&#xD;
 E3: Protection 'ID_TAP1115' can not be imported. It has no component code and no default component for protections is defined!&#xD;
 E3: Protection 'ID_TAP2768' can not be imported. It has no component code and no default component for protections is defined!&#xD;
 E3: Protection 'ID_TAP3282' can not be imported. It has no component code and no default component for protections is defined!&#xD;
 E3: Protection 'ID_TAP3283' can not be imported. It has no component code and no default component for protections is defined!&#xD;
 E3: Protection 'ID_TAP1401' can not be imported. It has no component code and no default component for protections is defined!&#xD;
 E3: Protection 'ID_TAP1400' can not be imported. It has no component code and no default component for protections is defined!&#xD;
 E3: Protection 'ID_TAP155' can not be imported. It has no component code and no default component for protections is defined!&#xD;
 E3: Protection 'ID_TAP156' can not be imported. It has no component code and no default component for protections is defined!&#xD;
 E3: Protection 'ID_TAP1459' can not be imported. It has no component code and no default component for protections is defined!&#xD;
 E3: Protection 'ID_TAP2624' can not be imported. It has no component code and no default component for protections is defined!&#xD;
 E3: Protection 'ID_TAP1180' can not be imported. It has no component code and no default component for protections is defined!&#xD;
 E3: Protection 'ID_TAP1181' can not be imported. It has no component code and no default component for protections is defined!&#xD;
 E3: Protection 'ID_TAP1107' can not be imported. It has no component code and no default component for protections is defined!&#xD;
 E3: Protection 'ID_TAP2829' can not be imported. It has no component code and no default component for protections is defined!&#xD;
 E3: Protection 'ID_TAP2830' can not be imported. It has no component code and no default component for protections is defined!&#xD;
 E3: Protection 'ID_TAP1523' can not be imported. It has no component code and no default component for protections is defined!&#xD;
 E3: Protection 'ID_TAP1146' can not be imported. It has no component code and no default component for protections is defined!&#xD;
 E3: Protection 'ID_TAP717' can not be imported. It has no component code and no default component for protections is defined!&#xD;
 E3: Protection 'ID_TAP455' can not be imported. It has no component code and no default component for protections is defined!&#xD;
 E3: Protection 'ID_TAP449' can not be imported. It has no component code and no default component for protections is defined!&#xD;
 E3: Protection 'ID_TAP456' can not be imported. It has no component code and no default component for protections is defined!&#xD;
 E3: Protection 'ID_TAP453' can not be imported. It has no component code and no default component for protections is defined!&#xD;
 E3: Protection 'ID_TAP2848' can not be imported. It has no component code and no default component for protections is defined!&#xD;
 E3: Protection 'ID_TAP546' can not be imported. It has no component code and no default component for protections is defined!&#xD;
 E3: Protection 'ID_TAP547' can not be imported. It has no component code and no default component for protections is defined!&#xD;
 E3: Protection 'ID_TAP1153' can not be imported. It has no component code and no default component for protections is defined!&#xD;
 E3: Protection 'ID_TAP1177' can not be imported. It has no component code and no default component for protections is defined!&#xD;
 E3: Protection 'ID_TAP1517' can not be imported. It has no component code and no default component for protections is defined!&#xD;
 E3: Protection 'ID_TAP3204' can not be imported. It has no component code and no default component for protections is defined!&#xD;
 E3: Protection 'ID_TAP3205' can not be imported. It has no component code and no default component for protections is defined!&#xD;
 E3: Protection 'ID_TAP1346' can not be imported. It has no component code and no default component for protections is defined!&#xD;
 E3: Protection 'ID_TAP1342' can not be imported. It has no component code and no default component for protections is defined!&#xD;
 E3: Protection 'ID_TAP464' can not be imported. It has no component code and no default component for protections is defined!&#xD;
 E3: Protection 'ID_TAP1159' can not be imported. It has no component code and no default component for protections is defined!&#xD;
 E3: Protection 'ID_TAP450' can not be imported. It has no component code and no default component for protections is defined!&#xD;
 E3: Protection 'ID_TAP512' can not be imported. It has no component code and no default component for protections is defined!&#xD;
 E3: Protection 'ID_TAP1158' can not be imported. It has no component code and no default component for protections is defined!&#xD;
 E3: Protection 'ID_TAP545' can not be imported. It has no component code and no default component for protections is defined!&#xD;
 E3: Protection 'ID_TAP2615' can not be imported. It has no component code and no default component for protections is defined!&#xD;
 E3: Protection 'ID_TAP2616' can not be imported. It has no component code and no default component for protections is defined!&#xD;
 E3: Protection 'ID_TAP148' can not be imported. It has no component code and no default component for protections is defined!&#xD;
 E3: Protection 'ID_TAP147' can not be imported. It has no component code and no default component for protections is defined!&#xD;
 E3: Protection 'ID_TAP2762' can not be imported. It has no component code and no default component for protections is defined!&#xD;
 E3: Protection 'ID_TAP2763' can not be imported. It has no component code and no default component for protections is defined!&#xD;
 E3: Protection 'ID_TAP3279' can not be imported. It has no component code and no default component for protections is defined!&#xD;
 E3: Protection 'ID_TAP3280' can not be imported. It has no component code and no default component for protections is defined!&#xD;
 E3: Protection 'ID_TAP1393' can not be imported. It has no component code and no default component for protections is defined!&#xD;
 E3: Protection 'ID_TAP2627' can not be imported. It has no component code and no default component for protections is defined!&#xD;
 E3: Protection 'ID_TAP2628' can not be imported. It has no component code and no default component for protections is defined!&#xD;
 E3: Protection 'ID_TAP1917' can not be imported. It has no component code and no default component for protections is defined!&#xD;
 E3: Protection 'ID_TAP1918' can not be imported. It has no component code and no default component for protections is defined!&#xD;
 E3: Protection 'ID_TAP484' can not be imported. It has no component code and no default component for protections is defined!&#xD;
 E3: Protection 'ID_TAP487' can not be imported. It has no component code and no default component for protections is defined!&#xD;
 E3: Protection 'ID_TAP494' can not be imported. It has no component code and no default component for protections is defined!&#xD;
 E3: Protection 'ID_TAP490' can not be imported. It has no component code and no default component for protections is defined!&#xD;
 E3: Protection 'ID_TAP499' can not be imported. It has no component code and no default component for protections is defined!&#xD;
 E3: Protection 'ID_TAP500' can not be imported. It has no component code and no default component for protections is defined!&#xD;
 E3: Protection 'ID_TAP501' can not be imported. It has no component code and no default component for protections is defined!&#xD;
 E3: Protection 'ID_TAP502' can not be imported. It has no component code and no default component for protections is defined!&#xD;
 E3: Protection 'ID_TAP503' can not be imported. It has no component code and no default component for protections is defined!&#xD;
 E3: Protection 'ID_TAP505' can not be imported. It has no component code and no default component for protections is defined!&#xD;
 E3: Protection 'ID_TAP506' can not be imported. It has no component code and no default component for protections is defined!&#xD;
 E3: Protection 'ID_TAP485' can not be imported. It has no component code and no default component for protections is defined!&#xD;
 E3: Protection 'ID_TAP504' can not be imported. It has no component code and no default component for protections is defined!&#xD;
 E3: Protection 'ID_TAP483' can not be imported. It has no component code and no default component for protections is defined!&#xD;
 E3: Protection 'ID_TAP497' can not be imported. It has no component code and no default component for protections is defined!&#xD;
 E3: Protection 'ID_TAP489' can not be imported. It has no component code and no default component for protections is defined!&#xD;
 E3: Protection 'ID_TAP3252' can not be imported. It has no component code and no default component for protections is defined!&#xD;
 E3: Protection 'ID_TAP3253' can not be imported. It has no component code and no default component for protections is defined!&#xD;
 E3: Protection 'ID_TAP3264' can not be imported. It has no component code and no default component for protections is defined!&#xD;
 E3: Protection 'ID_TAP3141' can not be imported. It has no component code and no default component for protections is defined!&#xD;
 E3: Protection 'ID_TAP3146' can not be imported. It has no component code and no default component for protections is defined!&#xD;
 E3: Protection 'ID_TAP3145' can not be imported. It has no component code and no default component for protections is defined!&#xD;
 E3: Protection 'ID_TAP3144' can not be imported. It has no component code and no default component for protections is defined!&#xD;
 E3: Protection 'ID_TAP3020' can not be imported. It has no component code and no default component for protections is defined!&#xD;
 E3: Protection 'ID_TAP3019' can not be imported. It has no component code and no default component for protections is defined!&#xD;
 E3: Protection 'ID_TAP3018' can not be imported. It has no component code and no default component for protections is defined!&#xD;
 E3: Protection 'ID_TAP3017' can not be imported. It has no component code and no default component for protections is defined!&#xD;
 E3: Protection 'ID_TAP3016' can not be imported. It has no component code and no default component for protections is defined!&#xD;
 E3: Protection 'ID_TAP105' can not be imported. It has no component code and no default component for protections is defined!&#xD;
 E3: Protection 'ID_TAP113' can not be imported. It has no component code and no default component for protections is defined!&#xD;
 E3: Protection 'ID_TAP3188' can not be imported. It has no component code and no default component for protections is defined!&#xD;
 E3: Protection 'ID_TAP3189' can not be imported. It has no component code and no default component for protections is defined!&#xD;
 E3: Protection 'ID_TAP1076' can not be imported. It has no component code and no default component for protections is defined!&#xD;
 E3: Protection 'ID_TAP1077' can not be imported. It has no component code and no default component for protections is defined!&#xD;
 E3: Protection 'ID_TAP24' can not be imported. It has no component code and no default component for protections is defined!&#xD;
 E3: Protection 'ID_TAP2445' can not be imported. It has no component code and no default component for protections is defined!&#xD;
 E3: Protection 'ID_TAP2446' can not be imported. It has no component code and no default component for protections is defined!&#xD;
 E3: Protection 'ID_TAP33' can not be imported. It has no component code and no default component for protections is defined!&#xD;
 E3: Protection 'ID_TAP3179' can not be imported. It has no component code and no default component for protections is defined!&#xD;
 E3: Protection 'ID_TAP3180' can not be imported. It has no component code and no default component for protections is defined!&#xD;
 E3: Protection 'ID_TAP25' can not be imported. It has no component code and no default component for protections is defined!&#xD;
 E3: Protection 'ID_TAP2739' can not be imported. It has no component code and no default component for protections is defined!&#xD;
 E3: Protection 'ID_TAP2740' can not be imported. It has no component code and no default component for protections is defined!&#xD;
 E3: Protection 'ID_TAP2692' can not be imported. It has no component code and no default component for protections is defined!&#xD;
 E3: Protection 'ID_TAP2693' can not be imported. It has no component code and no default component for protections is defined!&#xD;
 E3: Protection 'ID_TAP2355' can not be imported. It has no component code and no default component for protections is defined!&#xD;
 E3: Protection 'ID_TAP2356' can not be imported. It has no component code and no default component for protections is defined!&#xD;
 E3: Protection 'ID_TAP2352' can not be imported. It has no component code and no default component for protections is defined!&#xD;
 E3: Protection 'ID_TAP2353' can not be imported. It has no component code and no default component for protections is defined!&#xD;
 E3: Protection 'ID_TAP2558' can not be imported. It has no component code and no default component for protections is defined!&#xD;
 E3: Protection 'ID_TAP2562' can not be imported. It has no component code and no default component for protections is defined!&#xD;
 E3: Protection 'ID_TAP2564' can not be imported. It has no component code and no default component for protections is defined!&#xD;
 E3: Protection 'ID_TAP985' can not be imported. It has no component code and no default component for protections is defined!&#xD;
 E3: Protection 'ID_TAP3352' can not be imported. It has no component code and no default component for protections is defined!&#xD;
 E3: Protection 'ID_TAP1212' can not be imported. It has no component code and no default component for protections is defined!&#xD;
 E3: Protection 'ID_TAP1213' can not be imported. It has no component code and no default component for protections is defined!&#xD;
 E3: Protection 'ID_TAP1210' can not be imported. It has no component code and no default component for protections is defined!&#xD;
 E3: Protection 'ID_TAP1207' can not be imported. It has no component code and no default component for protections is defined!&#xD;
 E3: Protection 'ID_TAP1135' can not be imported. It has no component code and no default component for protections is defined!&#xD;
 E3: Protection 'ID_TAP1204' can not be imported. It has no component code and no default component for protections is defined!&#xD;
 E3: Protection 'ID_TAP968' can not be imported. It has no component code and no default component for protections is defined!&#xD;
 E3: Protection 'ID_TAP95' can not be imported. It has no component code and no default component for protections is defined!&#xD;
 E3: Protection 'ID_TAP3318' can not be imported. It has no component code and no default component for protections is defined!&#xD;
 E3: Protection 'ID_TAP3319' can not be imported. It has no component code and no default component for protections is defined!&#xD;
 E3: Protection 'ID_TAP1218' can not be imported. It has no component code and no default component for protections is defined!&#xD;
 E3: Protection 'ID_TAP1219' can not be imported. It has no component code and no default component for protections is defined!&#xD;
 E3: Protection 'ID_TAP2603' can not be imported. It has no component code and no default component for protections is defined!&#xD;
 E3: Protection 'ID_TAP2604' can not be imported. It has no component code and no default component for protections is defined!&#xD;
 E3: Protection 'ID_TAP2601' can not be imported. It has no component code and no default component for protections is defined!&#xD;
 E3: Protection 'ID_TAP2155' can not be imported. It has no component code and no default component for protections is defined!&#xD;
 E3: Protection 'ID_TAP3321' can not be imported. It has no component code and no default component for protections is defined!&#xD;
 E3: Protection 'ID_TAP3322' can not be imported. It has no component code and no default component for protections is defined!&#xD;
 E3: Protection 'ID_TAP1055' can not be imported. It has no component code and no default component for protections is defined!&#xD;
 E3: Protection 'ID_TAP3173' can not be imported. It has no component code and no default component for protections is defined!&#xD;
 E3: Protection 'ID_TAP3174' can not be imported. It has no component code and no default component for protections is defined!&#xD;
 E3: Protection 'ID_TAP3170' can not be imported. It has no component code and no default component for protections is defined!&#xD;
 E3: Protection 'ID_TAP3171' can not be imported. It has no component code and no default component for protections is defined!&#xD;
 E3: Protection 'ID_TAP20' can not be imported. It has no component code and no default component for protections is defined!&#xD;
 E3: Protection 'ID_TAP1940' can not be imported. It has no component code and no default component for protections is defined!&#xD;
 E3: Protection 'ID_TAP1943' can not be imported. It has no component code and no default component for protections is defined!&#xD;
 E3: Protection 'ID_TAP2123' can not be imported. It has no component code and no default component for protections is defined!&#xD;
 E3: Protection 'ID_TAP2126' can not be imported. It has no component code and no default component for protections is defined!&#xD;
 E3: Protection 'ID_TAP2128' can not be imported. It has no component code and no default component for protections is defined!&#xD;
 E3: Protection 'ID_TAP2127' can not be imported. It has no component code and no default component for protections is defined!&#xD;
 E3: Protection 'ID_TAP2278' can not be imported. It has no component code and no default component for protections is defined!&#xD;
 E3: Protection 'ID_TAP184' can not be imported. It has no component code and no default component for protections is defined!&#xD;
 E3: Protection 'ID_TAP186' can not be imported. It has no component code and no default component for protections is defined!&#xD;
 E3: Protection 'ID_TAP1160' can not be imported. It has no component code and no default component for protections is defined!&#xD;
 E3: Protection 'ID_TAP185' can not be imported. It has no component code and no default component for protections is defined!&#xD;
 E3: Protection 'ID_TAP3389' can not be imported. It has no component code and no default component for protections is defined!&#xD;
 E3: Protection 'ID_TAP3390' can not be imported. It has no component code and no default component for protections is defined!&#xD;
 E3: Protection 'ID_TAP3387' can not be imported. It has no component code and no default component for protections is defined!&#xD;
 E3: Protection 'ID_TAP3384' can not be imported. It has no component code and no default component for protections is defined!&#xD;
 E3: Protection 'ID_TAP2026' can not be imported. It has no component code and no default component for protections is defined!&#xD;
 E3: Protection 'ID_TAP2029' can not be imported. It has no component code and no default component for protections is defined!&#xD;
 E3: Protection 'ID_TAP2139' can not be imported. It has no component code and no default component for protections is defined!&#xD;
 E3: Protection 'ID_TAP2140' can not be imported. It has no component code and no default component for protections is defined!&#xD;
 E3: Protection 'ID_TAP2346' can not be imported. It has no component code and no default component for protections is defined!&#xD;
 E3: Protection 'ID_TAP2347' can not be imported. It has no component code and no default component for protections is defined!&#xD;
 E3: Protection 'ID_TAP2344' can not be imported. It has no component code and no default component for protections is defined!&#xD;
 E3: Protection 'ID_TAP2341' can not be imported. It has no component code and no default component for protections is defined!&#xD;
 E3: Protection 'ID_TAP2338' can not be imported. It has no component code and no default component for protections is defined!&#xD;
 E3: Protection 'ID_TAP2335' can not be imported. It has no component code and no default component for protections is defined!&#xD;
 E3: Protection 'ID_TAP2332' can not be imported. It has no component code and no default component for protections is defined!&#xD;
 E3: Protection 'ID_TAP2033' can not be imported. It has no component code and no default component for protections is defined!&#xD;
 E3: Protection 'ID_TAP1105' can not be imported. It has no component code and no default component for protections is defined!&#xD;
 E3: Protection 'ID_TAP2018' can not be imported. It has no component code and no default component for protections is defined!&#xD;
 E3: Protection 'ID_TAP2006' can not be imported. It has no component code and no default component for protections is defined!&#xD;
 E3: Protection 'ID_TAP2012' can not be imported. It has no component code and no default component for protections is defined!&#xD;
 E3: Protection 'ID_TAP2013' can not be imported. It has no component code and no default component for protections is defined!&#xD;
 E3: Protection 'ID_TAP1497' can not be imported. It has no component code and no default component for protections is defined!&#xD;
 E3: Protection 'ID_TAP1502' can not be imported. It has no component code and no default component for protections is defined!&#xD;
 E3: Protection 'ID_TAP1505' can not be imported. It has no component code and no default component for protections is defined!&#xD;
 E3: Protection 'ID_TAP867' can not be imported. It has no component code and no default component for protections is defined!&#xD;
 E3: Protection 'ID_TAP877' can not be imported. It has no component code and no default component for protections is defined!&#xD;
 E3: Protection 'ID_TAP2111' can not be imported. It has no component code and no default component for protections is defined!&#xD;
 E3: Protection 'ID_TAP2618' can not be imported. It has no component code and no default component for protections is defined!&#xD;
 E3: Protection 'ID_TAP2619' can not be imported. It has no component code and no default component for protections is defined!&#xD;
 E3: Protection 'ID_TAP2979' can not be imported. It has no component code and no default component for protections is defined!&#xD;
 E3: Protection 'ID_TAP1569' can not be imported. It has no component code and no default component for protections is defined!&#xD;
 E3: Protection 'ID_TAP1572' can not be imported. It has no component code and no default component for protections is defined!&#xD;
 E3: Protection 'ID_TAP555' can not be imported. It has no component code and no default component for protections is defined!&#xD;
 E3: Protection 'ID_TAP1566' can not be imported. It has no component code and no default component for protections is defined!&#xD;
 E3: Protection 'ID_TAP1567' can not be imported. It has no component code and no default component for protections is defined!&#xD;
 E3: Protection 'ID_TAP1556' can not be imported. It has no component code and no default component for protections is defined!&#xD;
 E3: Protection 'ID_TAP589' can not be imported. It has no component code and no default component for protections is defined!&#xD;
 E3: Protection 'ID_TAP2073' can not be imported. It has no component code and no default component for protections is defined!&#xD;
 E3: Protection 'ID_TAP2080' can not be imported. It has no component code and no default component for protections is defined!&#xD;
 E3: Protection 'ID_TAP2082' can not be imported. It has no component code and no default component for protections is defined!&#xD;
 E3: Protection 'ID_TAP2083' can not be imported. It has no component code and no default component for protections is defined!&#xD;
 E3: Protection 'ID_TAP1099' can not be imported. It has no component code and no default component for protections is defined!&#xD;
 E3: Protection 'ID_TAP2757' can not be imported. It has no component code and no default component for protections is defined!&#xD;
 E3: Protection 'ID_TAP1543' can not be imported. It has no component code and no default component for protections is defined!&#xD;
 E3: Protection 'ID_TAP1144' can not be imported. It has no component code and no default component for protections is defined!&#xD;
 E3: Protection 'ID_TAP610' can not be imported. It has no component code and no default component for protections is defined!&#xD;
 E3: Protection 'ID_TAP609' can not be imported. It has no component code and no default component for protections is defined!&#xD;
 E3: Protection 'ID_TAP1145' can not be imported. It has no component code and no default component for protections is defined!&#xD;
 E3: Protection 'ID_TAP1172' can not be imported. It has no component code and no default component for protections is defined!&#xD;
 E3: Protection 'ID_TAP628' can not be imported. It has no component code and no default component for protections is defined!&#xD;
 E3: Protection 'ID_TAP976' can not be imported. It has no component code and no default component for protections is defined!&#xD;
 E3: Protection 'ID_TAP1788' can not be imported. It has no component code and no default component for protections is defined!&#xD;
 E3: Protection 'ID_TAP2984' can not be imported. It has no component code and no default component for protections is defined!&#xD;
 E3: Protection 'ID_TAP2985' can not be imported. It has no component code and no default component for protections is defined!&#xD;
 E3: Protection 'ID_TAP2090' can not be imported. It has no component code and no default component for protections is defined!&#xD;
 E3: Protection 'ID_TAP2091' can not be imported. It has no component code and no default component for protections is defined!&#xD;
 E3: Protection 'ID_TAP2092' can not be imported. It has no component code and no default component for protections is defined!&#xD;
 E3: Protection 'ID_TAP1141' can not be imported. It has no component code and no default component for protections is defined!&#xD;
 E3: Protection 'ID_TAP2839' can not be imported. It has no component code and no default component for protections is defined!&#xD;
 E3: Protection 'ID_TAP779' can not be imported. It has no component code and no default component for protections is defined!&#xD;
 E3: Protection 'ID_TAP2143' can not be imported. It has no component code and no default component for protections is defined!&#xD;
 E3: Protection 'ID_TAP3357' can not be imported. It has no component code and no default component for protections is defined!&#xD;
 E3: Protection 'ID_TAP3212' can not be imported. It has no component code and no default component for protections is defined!&#xD;
 E3: Protection 'ID_TAP2548' can not be imported. It has no component code and no default component for protections is defined!&#xD;
 E3: Protection 'ID_TAP1108' can not be imported. It has no component code and no default component for protections is defined!&#xD;
 E3: Protection 'ID_TAP974' can not be imported. It has no component code and no default component for protections is defined!&#xD;
 E3: Protection 'ID_TAP2283' can not be imported. It has no component code and no default component for protections is defined!&#xD;
 E3: Protection 'ID_TAP2284' can not be imported. It has no component code and no default component for protections is defined!&#xD;
 E3: Protection 'ID_TAP3463' can not be imported. It has no component code and no default component for protections is defined!&#xD;
 E3: Protection 'ID_TAP3464' can not be imported. It has no component code and no default component for protections is defined!&#xD;
 E3: Protection 'ID_TAP3461' can not be imported. It has no component code and no default component for protections is defined!&#xD;
 E3: Protection 'ID_TAP3458' can not be imported. It has no component code and no default component for protections is defined!&#xD;
 E3: Protection 'ID_TAP3368' can not be imported. It has no component code and no default component for protections is defined!&#xD;
 E3: Protection 'ID_TAP1176' can not be imported. It has no component code and no default component for protections is defined!&#xD;
 E3: Protection 'ID_TAP2141' can not be imported. It has no component code and no default component for protections is defined!&#xD;
 E3: Protection 'ID_TAP326' can not be imported. It has no component code and no default component for protections is defined!&#xD;
 E3: Protection 'ID_TAP1596' can not be imported. It has no component code and no default component for protections is defined!&#xD;
 E3: Protection 'ID_TAP2421' can not be imported. It has no component code and no default component for protections is defined!&#xD;
 E3: Protection 'ID_TAP2422' can not be imported. It has no component code and no default component for protections is defined!&#xD;
 E3: Protection 'ID_TAP2418' can not be imported. It has no component code and no default component for protections is defined!&#xD;
 E3: Protection 'ID_TAP1113' can not be imported. It has no component code and no default component for protections is defined!&#xD;
 E3: Protection 'ID_TAP1114' can not be imported. It has no component code and no default component for protections is defined!&#xD;
 E3: Protection 'ID_TAP308' can not be imported. It has no component code and no default component for protections is defined!&#xD;
 E3: Protection 'ID_TAP3167' can not be imported. It has no component code and no default component for protections is defined!&#xD;
 E3: Protection 'ID_TAP3168' can not be imported. It has no component code and no default component for protections is defined!&#xD;
 E3: Protection 'ID_TAP3355' can not be imported. It has no component code and no default component for protections is defined!&#xD;
 E3: Protection 'ID_TAP3356' can not be imported. It has no component code and no default component for protections is defined!&#xD;
 E3: Protection 'ID_TAP1335' can not be imported. It has no component code and no default component for protections is defined!&#xD;
 E3: Protection 'ID_TAP357' can not be imported. It has no component code and no default component for protections is defined!&#xD;
 E3: Protection 'ID_TAP1640' can not be imported. It has no component code and no default component for protections is defined!&#xD;
 E3: Protection 'ID_TAP1593' can not be imported. It has no component code and no default component for protections is defined!&#xD;
 E3: Protection 'ID_TAP2884' can not be imported. It has no component code and no default component for protections is defined!&#xD;
 E3: Protection 'ID_TAP2885' can not be imported. It has no component code and no default component for protections is defined!&#xD;
 E3: Protection 'ID_TAP1305' can not be imported. It has no component code and no default component for protections is defined!&#xD;
 E3: Protection 'ID_TAP1306' can not be imported. It has no component code and no default component for protections is defined!&#xD;
 E3: Protection 'ID_TAP2879' can not be imported. It has no component code and no default component for protections is defined!&#xD;
 E3: Protection 'ID_TAP2876' can not be imported. It has no component code and no default component for protections is defined!&#xD;
 E3: Protection 'ID_TAP1365' can not be imported. It has no component code and no default component for protections is defined!&#xD;
 E3: Protection 'ID_TAP1366' can not be imported. It has no component code and no default component for protections is defined!&#xD;
 E3: Protection 'ID_TAP2094' can not be imported. It has no component code and no default component for protections is defined!&#xD;
 E3: Protection 'ID_TAP1612' can not be imported. It has no component code and no default component for protections is defined!&#xD;
 E3: Protection 'ID_TAP1613' can not be imported. It has no component code and no default component for protections is defined!&#xD;
 E3: Protection 'ID_TAP1001' can not be imported. It has no component code and no default component for protections is defined!&#xD;
 E3: Protection 'ID_TAP2373' can not be imported. It has no component code and no default component for protections is defined!&#xD;
 E3: Protection 'ID_TAP2374' can not be imported. It has no component code and no default component for protections is defined!&#xD;
 E3: Protection 'ID_TAP2109' can not be imported. It has no component code and no default component for protections is defined!&#xD;
 E3: Protection 'ID_TAP1111' can not be imported. It has no component code and no default component for protections is defined!&#xD;
 E3: Protection 'ID_TAP996' can not be imported. It has no component code and no default component for protections is defined!&#xD;
 E3: Protection 'ID_TAP2987' can not be imported. It has no component code and no default component for protections is defined!&#xD;
 E3: Protection 'ID_TAP2988' can not be imported. It has no component code and no default component for protections is defined!&#xD;
 E3: Protection 'ID_TAP2103' can not be imported. It has no component code and no default component for protections is defined!&#xD;
 E3: Protection 'ID_TAP2104' can not be imported. It has no component code and no default component for protections is defined!&#xD;
 E3: Protection 'ID_TAP1792' can not be imported. It has no component code and no default component for protections is defined!&#xD;
 E3: Protection 'ID_TAP2053' can not be imported. It has no component code and no default component for protections is defined!&#xD;
 E3: Protection 'ID_TAP2054' can not be imported. It has no component code and no default component for protections is defined!&#xD;
 E3: Protection 'ID_TAP2051' can not be imported. It has no component code and no default component for protections is defined!&#xD;
 E3: Protection 'ID_TAP1514' can not be imported. It has no component code and no default component for protections is defined!&#xD;
 E3: Protection 'ID_TAP1284' can not be imported. It has no component code and no default component for protections is defined!&#xD;
 E3: Protection 'ID_TAP1116' can not be imported. It has no component code and no default component for protections is defined!&#xD;
 E3: Protection 'ID_TAP1117' can not be imported. It has no component code and no default component for protections is defined!&#xD;
 E3: Protection 'ID_TAP2376' can not be imported. It has no component code and no default component for protections is defined!&#xD;
 E3: Protection 'ID_TAP1350' can not be imported. It has no component code and no default component for protections is defined!&#xD;
 E3: Protection 'ID_TAP1349' can not be imported. It has no component code and no default component for protections is defined!&#xD;
 E3: Protection 'ID_TAP2552' can not be imported. It has no component code and no default component for protections is defined!&#xD;
 E3: Protection 'ID_TAP2553' can not be imported. It has no component code and no default component for protections is defined!&#xD;
 E3: Protection 'ID_TAP923' can not be imported. It has no component code and no default component for protections is defined!&#xD;
 E3: Protection 'ID_TAP924' can not be imported. It has no component code and no default component for protections is defined!&#xD;
 E3: Protection 'ID_TAP1725' can not be imported. It has no component code and no default component for protections is defined!&#xD;
 E3: Protection 'ID_TAP249' can not be imported. It has no component code and no default component for protections is defined!&#xD;
 E3: Protection 'ID_TAP1352' can not be imported. It has no component code and no default component for protections is defined!&#xD;
 E3: Protection 'ID_TAP1357' can not be imported. It has no component code and no default component for protections is defined!&#xD;
 E3: Protection 'ID_TAP1358' can not be imported. It has no component code and no default component for protections is defined!&#xD;
 E3: Protection 'ID_TAP1178' can not be imported. It has no component code and no default component for protections is defined!&#xD;
 E3: Protection 'ID_TAP2683' can not be imported. It has no component code and no default component for protections is defined!&#xD;
 E3: Protection 'ID_TAP1308' can not be imported. It has no component code and no default component for protections is defined!&#xD;
 E3: Protection 'ID_TAP1309' can not be imported. It has no component code and no default component for protections is defined!&#xD;
 E3: Protection 'ID_TAP2677' can not be imported. It has no component code and no default component for protections is defined!&#xD;
 E3: Protection 'ID_TAP2673' can not be imported. It has no component code and no default component for protections is defined!&#xD;
 E3: Protection 'ID_TAP2674' can not be imported. It has no component code and no default component for protections is defined!&#xD;
 E3: Protection 'ID_TAP1133' can not be imported. It has no component code and no default component for protections is defined!&#xD;
 E3: Protection 'ID_TAP2670' can not be imported. It has no component code and no default component for protections is defined!&#xD;
 E3: Protection 'ID_TAP2736' can not be imported. It has no component code and no default component for protections is defined!&#xD;
 E3: Protection 'ID_TAP2737' can not be imported. It has no component code and no default component for protections is defined!&#xD;
 E3: Protection 'ID_TAP920' can not be imported. It has no component code and no default component for protections is defined!&#xD;
 E3: Protection 'ID_TAP921' can not be imported. It has no component code and no default component for protections is defined!&#xD;
 E3: Protection 'ID_TAP355' can not be imported. It has no component code and no default component for protections is defined!&#xD;
 E3: Protection 'ID_TAP1489' can not be imported. It has no component code and no default component for protections is defined!&#xD;
 E3: Protection 'ID_TAP1171' can not be imported. It has no component code and no default component for protections is defined!&#xD;
 E3: Protection 'ID_TAP2035' can not be imported. It has no component code and no default component for protections is defined!&#xD;
 E3: Protection 'ID_TAP2036' can not be imported. It has no component code and no default component for protections is defined!&#xD;
 E3: Protection 'ID_TAP2493' can not be imported. It has no component code and no default component for protections is defined!&#xD;
 E3: Protection 'ID_TAP2496' can not be imported. It has no component code and no default component for protections is defined!&#xD;
 E3: Protection 'ID_TAP2497' can not be imported. It has no component code and no default component for protections is defined!&#xD;
 E3: Protection 'ID_TAP2709' can not be imported. It has no component code and no default component for protections is defined!&#xD;
 E3: Protection 'ID_TAP1128' can not be imported. It has no component code and no default component for protections is defined!&#xD;
 E3: Protection 'ID_TAP2491' can not be imported. It has no component code and no default component for protections is defined!&#xD;
 E3: Protection 'ID_TAP84' can not be imported. It has no component code and no default component for protections is defined!&#xD;
 E3: Protection 'ID_TAP16' can not be imported. It has no component code and no default component for protections is defined!&#xD;
 E3: Protection 'ID_TAP2370' can not be imported. It has no component code and no default component for protections is defined!&#xD;
 E3: Protection 'ID_TAP2371' can not be imported. It has no component code and no default component for protections is defined!&#xD;
 E3: Protection 'ID_TAP2367' can not be imported. It has no component code and no default component for protections is defined!&#xD;
 E3: Protection 'ID_TAP3472' can not be imported. It has no component code and no default component for protections is defined!&#xD;
 E3: Protection 'ID_TAP3473' can not be imported. It has no component code and no default component for protections is defined!&#xD;
 E3: Protection 'ID_TAP3470' can not be imported. It has no component code and no default component for protections is defined!&#xD;
 E3: Protection 'ID_TAP3467' can not be imported. It has no component code and no default component for protections is defined!&#xD;
 E3: Protection 'ID_TAP3365' can not be imported. It has no component code and no default component for protections is defined!&#xD;
 E3: Protection 'ID_TAP3295' can not be imported. It has no component code and no default component for protections is defined!&#xD;
 E3: Protection 'ID_TAP3296' can not be imported. It has no component code and no default component for protections is defined!&#xD;
 E3: Protection 'ID_TAP1547' can not be imported. It has no component code and no default component for protections is defined!&#xD;
 E3: Protection 'ID_TAP174' can not be imported. It has no component code and no default component for protections is defined!&#xD;
 E3: Protection 'ID_TAP274' can not be imported. It has no component code and no default component for protections is defined!&#xD;
 E3: Protection 'ID_TAP791' can not be imported. It has no component code and no default component for protections is defined!&#xD;
 E3: Protection 'ID_TAP1142' can not be imported. It has no component code and no default component for protections is defined!&#xD;
 E3: Protection 'ID_TAP1532' can not be imported. It has no component code and no default component for protections is defined!&#xD;
 E3: Protection 'ID_TAP802' can not be imported. It has no component code and no default component for protections is defined!&#xD;
 E3: Protection 'ID_TAP803' can not be imported. It has no component code and no default component for protections is defined!&#xD;
 E3: Protection 'ID_TAP804' can not be imported. It has no component code and no default component for protections is defined!&#xD;
 E3: Protection 'ID_TAP1049' can not be imported. It has no component code and no default component for protections is defined!&#xD;
 E3: Protection 'ID_TAP2328' can not be imported. It has no component code and no default component for protections is defined!&#xD;
 E3: Protection 'ID_TAP2329' can not be imported. It has no component code and no default component for protections is defined!&#xD;
 E3: Protection 'ID_TAP2545' can not be imported. It has no component code and no default component for protections is defined!&#xD;
 E3: Protection 'ID_TAP2546' can not be imported. It has no component code and no default component for protections is defined!&#xD;
 E3: Protection 'ID_TAP831' can not be imported. It has no component code and no default component for protections is defined!&#xD;
 E3: Protection 'ID_TAP1884' can not be imported. It has no component code and no default component for protections is defined!&#xD;
 E3: Protection 'ID_TAP2832' can not be imported. It has no component code and no default component for protections is defined!&#xD;
 E3: Protection 'ID_TAP2833' can not be imported. It has no component code and no default component for protections is defined!&#xD;
 E3: Protection 'ID_TAP1882' can not be imported. It has no component code and no default component for protections is defined!&#xD;
 E3: Protection 'ID_TAP866' can not be imported. It has no component code and no default component for protections is defined!&#xD;
 E3: Protection 'ID_TAP878' can not be imported. It has no component code and no default component for protections is defined!&#xD;
 E3: Protection 'ID_TAP879' can not be imported. It has no component code and no default component for protections is defined!&#xD;
 E3: Protection 'ID_TAP2110' can not be imported. It has no component code and no default component for protections is defined!&#xD;
 E3: Protection 'ID_TAP949' can not be imported. It has no component code and no default component for protections is defined!&#xD;
 E3: Protection 'ID_TAP950' can not be imported. It has no component code and no default component for protections is defined!&#xD;
 E3: Protection 'ID_TAP1709' can not be imported. It has no component code and no default component for protections is defined!&#xD;
 E3: Protection 'ID_TAP1534' can not be imported. It has no component code and no default component for protections is defined!&#xD;
 E3: Protection 'ID_TAP2967' can not be imported. It has no component code and no default component for protections is defined!&#xD;
 E3: Protection 'ID_TAP2970' can not be imported. It has no component code and no default component for protections is defined!&#xD;
 E3: Protection 'ID_TAP2976' can not be imported. It has no component code and no default component for protections is defined!&#xD;
 E3: Protection 'ID_TAP2973' can not be imported. It has no component code and no default component for protections is defined!&#xD;
 E3: Protection 'ID_TAP1537' can not be imported. It has no component code and no default component for protections is defined!&#xD;
 E3: Protection 'ID_TAP1977' can not be imported. It has no component code and no default component for protections is defined!&#xD;
 E3: Protection 'ID_TAP2982' can not be imported. It has no component code and no default component for protections is defined!&#xD;
 E3: Protection 'ID_TAP1129' can not be imported. It has no component code and no default component for protections is defined!&#xD;
 E3: Protection 'ID_TAP1086' can not be imported. It has no component code and no default component for protections is defined!&#xD;
 E3: Protection 'ID_TAP1118' can not be imported. It has no component code and no default component for protections is defined!&#xD;
 E3: Protection 'ID_TAP1117' can not be imported. It has no component code and no default component for protections is defined!&#xD;
 E3: Protection 'ID_TAP1119' can not be imported. It has no component code and no default component for protections is defined!&#xD;
 E3: Protection 'ID_TAP1140' can not be imported. It has no component code and no default component for protections is defined!&#xD;
 E3: Protection 'ID_TAP3380' can not be imported. It has no component code and no default component for protections is defined!&#xD;
 E3: Protection 'ID_TAP3381' can not be imported. It has no component code and no default component for protections is defined!&#xD;
 E3: Protection 'ID_TAP1316' can not be imported. It has no component code and no default component for protections is defined!&#xD;
 E3: Protection 'ID_TAP1317' can not be imported. It has no component code and no default component for protections is defined!&#xD;
 E3: Protection 'ID_TAP1858' can not be imported. It has no component code and no default component for protections is defined!&#xD;
 E3: Protection 'ID_TAP1861' can not be imported. It has no component code and no default component for protections is defined!&#xD;
 E3: Protection 'ID_TAP2998' can not be imported. It has no component code and no default component for protections is defined!&#xD;
 E3: Protection 'ID_TAP2999' can not be imported. It has no component code and no default component for protections is defined!&#xD;
 E3: Protection 'ID_TAP1368' can not be imported. It has no component code and no default component for protections is defined!&#xD;
 E3: Protection 'ID_TAP3158' can not be imported. It has no component code and no default component for protections is defined!&#xD;
 E3: Protection 'ID_TAP1199' can not be imported. It has no component code and no default component for protections is defined!&#xD;
 E3: Protection 'ID_TAP1201' can not be imported. It has no component code and no default component for protections is defined!&#xD;
 E3: Protection 'ID_TAP1238' can not be imported. It has no component code and no default component for protections is defined!&#xD;
 E3: Protection 'ID_TAP1239' can not be imported. It has no component code and no default component for protections is defined!&#xD;
 E3: Protection 'ID_TAP1175' can not be imported. It has no component code and no default component for protections is defined!&#xD;
 E3: Protection 'ID_TAP1273' can not be imported. It has no component code and no default component for protections is defined!&#xD;
 E3: Protection 'ID_TAP1307' can not be imported. It has no component code and no default component for protections is defined!&#xD;
 E3: Protection 'ID_TAP2231' can not be imported. It has no component code and no default component for protections is defined!&#xD;
 E3: Protection 'ID_TAP2232' can not be imported. It has no component code and no default component for protections is defined!&#xD;
 E3: Protection 'ID_TAP2229' can not be imported. It has no component code and no default component for protections is defined!&#xD;
 E3: Protection 'ID_TAP1575' can not be imported. It has no component code and no default component for protections is defined!&#xD;
 E3: Protection 'ID_TAP1985' can not be imported. It has no component code and no default component for protections is defined!&#xD;
 E3: Protection 'ID_TAP1594' can not be imported. It has no component code and no default component for protections is defined!&#xD;
 E3: Protection 'ID_TAP2361' can not be imported. It has no component code and no default component for protections is defined!&#xD;
 E3: Protection 'ID_TAP2362' can not be imported. It has no component code and no default component for protections is defined!&#xD;
 E3: Protection 'ID_TAP1150' can not be imported. It has no component code and no default component for protections is defined!&#xD;
 E3: Protection 'ID_TAP2431' can not be imported. It has no component code and no default component for protections is defined!&#xD;
 E3: Protection 'ID_TAP1666' can not be imported. It has no component code and no default component for protections is defined!&#xD;
 E3: Protection 'ID_TAP1119' can not be imported. It has no component code and no default component for protections is defined!&#xD;
 E3: Protection 'ID_TAP1120' can not be imported. It has no component code and no default component for protections is defined!&#xD;
 E3: Protection 'ID_TAP2555' can not be imported. It has no component code and no default component for protections is defined!&#xD;
 E3: Protection 'ID_TAP2556' can not be imported. It has no component code and no default component for protections is defined!&#xD;
 E3: Protection 'ID_TAP1996' can not be imported. It has no component code and no default component for protections is defined!&#xD;
 E3: Protection 'ID_TAP1999' can not be imported. It has no component code and no default component for protections is defined!&#xD;
 E3: Protection 'ID_TAP3350' can not be imported. It has no component code and no default component for protections is defined!&#xD;
 E3: Protection 'ID_TAP3351' can not be imported. It has no component code and no default component for protections is defined!&#xD;
 E3: Protection 'ID_TAP2748' can not be imported. It has no component code and no default component for protections is defined!&#xD;
 E3: Protection 'ID_TAP2749' can not be imported. It has no component code and no default component for protections is defined!&#xD;
 E3: Protection 'ID_TAP2733' can not be imported. It has no component code and no default component for protections is defined!&#xD;
 E3: Protection 'ID_TAP2734' can not be imported. It has no component code and no default component for protections is defined!&#xD;
 E3: Protection 'ID_TAP1694' can not be imported. It has no component code and no default component for protections is defined!&#xD;
 E3: Protection 'ID_TAP1715' can not be imported. It has no component code and no default component for protections is defined!&#xD;
 E3: Protection 'ID_TAP1716' can not be imported. It has no component code and no default component for protections is defined!&#xD;
 E3: Protection 'ID_TAP1722' can not be imported. It has no component code and no default component for protections is defined!&#xD;
 E3: Protection 'ID_TAP2536' can not be imported. It has no component code and no default component for protections is defined!&#xD;
 E3: Protection 'ID_TAP2537' can not be imported. It has no component code and no default component for protections is defined!&#xD;
 E3: Protection 'ID_TAP2534' can not be imported. It has no component code and no default component for protections is defined!&#xD;
 E3: Protection 'ID_TAP3136' can not be imported. It has no component code and no default component for protections is defined!&#xD;
 E3: Protection 'ID_TAP1747' can not be imported. It has no component code and no default component for protections is defined!&#xD;
 E3: Protection 'ID_TAP1748' can not be imported. It has no component code and no default component for protections is defined!&#xD;
 E3: Protection 'ID_TAP1749' can not be imported. It has no component code and no default component for protections is defined!&#xD;
 E3: Protection 'ID_TAP1750' can not be imported. It has no component code and no default component for protections is defined!&#xD;
 E3: Protection 'ID_TAP1768' can not be imported. It has no component code and no default component for protections is defined!&#xD;
 E3: Protection 'ID_TAP2903' can not be imported. It has no component code and no default component for protections is defined!&#xD;
 E3: Protection 'ID_TAP2904' can not be imported. It has no component code and no default component for protections is defined!&#xD;
 E3: Protection 'ID_TAP1869' can not be imported. It has no component code and no default component for protections is defined!&#xD;
 E3: Protection 'ID_TAP2652' can not be imported. It has no component code and no default component for protections is defined!&#xD;
 E3: Protection 'ID_TAP2653' can not be imported. It has no component code and no default component for protections is defined!&#xD;
 E3: Protection 'ID_TAP2650' can not be imported. It has no component code and no default component for protections is defined!&#xD;
 E3: Protection 'ID_TAP1901' can not be imported. It has no component code and no default component for protections is defined!&#xD;
 E3: Protection 'ID_TAP2084' can not be imported. It has no component code and no default component for protections is defined!&#xD;
 E3: Protection 'ID_TAP2085' can not be imported. It has no component code and no default component for protections is defined!&#xD;
 E3: Protection 'ID_TAP2149' can not be imported. It has no component code and no default component for protections is defined!&#xD;
 E3: Protection 'ID_TAP3142' can not be imported. It has no component code and no default component for protections is defined!&#xD;
 E3: Protection 'ID_TAP2286' can not be imported. It has no component code and no default component for protections is defined!&#xD;
 E3: Protection 'ID_TAP2252' can not be imported. It has no component code and no default component for protections is defined!&#xD;
 E3: Protection 'ID_TAP2256' can not be imported. It has no component code and no default component for protections is defined!&#xD;
 E3: Protection 'ID_TAP3272' can not be imported. It has no component code and no default component for protections is defined!&#xD;
 E3: Protection 'ID_TAP3273' can not be imported. It has no component code and no default component for protections is defined!&#xD;
 E3: Protection 'ID_TAP2279' can not be imported. It has no component code and no default component for protections is defined!&#xD;
 E3: Protection 'ID_TAP2319' can not be imported. It has no component code and no default component for protections is defined!&#xD;
 E3: Protection 'ID_TAP2322' can not be imported. It has no component code and no default component for protections is defined!&#xD;
 E3: Protection 'ID_TAP2323' can not be imported. It has no component code and no default component for protections is defined!&#xD;
 E3: Protection 'ID_TAP2646' can not be imported. It has no component code and no default component for protections is defined!&#xD;
 E3: Protection 'ID_TAP2647' can not be imported. It has no component code and no default component for protections is defined!&#xD;
 E3: Protection 'ID_TAP2644' can not be imported. It has no component code and no default component for protections is defined!&#xD;
 E3: Protection 'ID_TAP2899' can not be imported. It has no component code and no default component for protections is defined!&#xD;
 E3: Protection 'ID_TAP3139' can not be imported. It has no component code and no default component for protections is defined!&#xD;
 E3: Protection 'ID_TAP3143' can not be imported. It has no component code and no default component for protections is defined!&#xD;
 E3: Protection 'ID_TAP3015' can not be imported. It has no component code and no default component for protections is defined!&#xD;
 E3: Protection 'ID_TAP3101' can not be imported. It has no component code and no default component for protections is defined!&#xD;
 E3: Protection 'ID_TAP3102' can not be imported. It has no component code and no default component for protections is defined!&#xD;
 E3: Protection 'ID_TAP3237' can not be imported. It has no component code and no default component for protections is defined!&#xD;
 E3: Protection 'ID_TAP3238' can not be imported. It has no component code and no default component for protections is defined!&#xD;
 E3: Protection 'ID_TAP3104' can not be imported. It has no component code and no default component for protections is defined!&#xD;
 E3: Protection 'ID_TAP3246' can not be imported. It has no component code and no default component for protections is defined!&#xD;
 E3: Protection 'ID_TAP3247' can not be imported. It has no component code and no default component for protections is defined!&#xD;
 E3: Protection 'ID_TAP3244' can not be imported. It has no component code and no default component for protections is defined!&#xD;
 E3: Protection 'ID_TAP3241' can not be imported. It has no component code and no default component for protections is defined!&#xD;
 E3: Protection 'ID_TAP3107' can not be imported. It has no component code and no default component for protections is defined!&#xD;
 E3: Protection 'ID_TAP3152' can not be imported. It has no component code and no default component for protections is defined!&#xD;
 E3: Protection 'ID_TAP3109' can not be imported. It has no component code and no default component for protections is defined!&#xD;
 E3: Protection 'ID_TAP3112' can not be imported. It has no component code and no default component for protections is defined!&#xD;
 E3: Protection 'ID_TAP3111' can not be imported. It has no component code and no default component for protections is defined!&#xD;
 E3: Protection 'ID_TAP3110' can not be imported. It has no component code and no default component for protections is defined!&#xD;
 E3: Protection 'ID_TAP3113' can not be imported. It has no component code and no default component for protections is defined!&#xD;
 E3: Protection 'ID_TAP3114' can not be imported. It has no component code and no default component for protections is defined!&#xD;
 E3: Protection 'ID_TAP3115' can not be imported. It has no component code and no default component for protections is defined!&#xD;
 E3: Protection 'ID_TAP3116' can not be imported. It has no component code and no default component for protections is defined!&#xD;
 E3: Protection 'ID_TAP3117' can not be imported. It has no component code and no default component for protections is defined!&#xD;
 E3: Protection 'ID_TAP1253' can not be imported. It has no component code and no default component for protections is defined!&#xD;
 E3: Protection 'ID_TAP1256' can not be imported. It has no component code and no default component for protections is defined!&#xD;
 E3: Protection 'ID_TAP1257' can not be imported. It has no component code and no default component for protections is defined!&#xD;
 E3: Protection 'ID_TAP3290' can not be imported. It has no component code and no default component for protections is defined!&#xD;
 E3: Protection 'ID_TAP3291' can not be imported. It has no component code and no default component for protections is defined!&#xD;
 E3: Protection 'ID_TAP3288' can not be imported. It has no component code and no default component for protections is defined!&#xD;
 E3: Protection 'ID_TAP3123' can not be imported. It has no component code and no default component for protections is defined!&#xD;
 E3: Protection 'ID_TAP3124' can not be imported. It has no component code and no default component for protections is defined!&#xD;
 E3: Protection 'ID_TAP3417' can not be imported. It has no component code and no default component for protections is defined!&#xD;
 E3: Protection 'ID_TAP3418' can not be imported. It has no component code and no default component for protections is defined!&#xD;
 E3: Protection 'ID_TAP1164' can not be imported. It has no component code and no default component for protections is defined!&#xD;
 E3: Protection 'ID_TAP1165' can not be imported. It has no component code and no default component for protections is defined!&#xD;
 E3: Protection 'ID_TAP3126' can not be imported. It has no component code and no default component for protections is defined!&#xD;
 E3: Protection 'ID_TAP3121' can not be imported. It has no component code and no default component for protections is defined!&#xD;
 E3: Protection 'ID_TAP1313' can not be imported. It has no component code and no default component for protections is defined!&#xD;
 E3: Protection 'ID_TAP1314' can not be imported. It has no component code and no default component for protections is defined!&#xD;
 E3: Protection 'ID_TAP3128' can not be imported. It has no component code and no default component for protections is defined!&#xD;
 E3: Protection 'ID_TAP3130' can not be imported. It has no component code and no default component for protections is defined!&#xD;
 E3: Protection 'ID_TAP3129' can not be imported. It has no component code and no default component for protections is defined!&#xD;
 E3: Protection 'ID_TAP3135' can not be imported. It has no component code and no default component for protections is defined!&#xD;
 E3: Protection 'ID_TAP3134' can not be imported. It has no component code and no default component for protections is defined!&#xD;
 E3: Protection 'ID_TAP3133' can not be imported. It has no component code and no default component for protections is defined!&#xD;
 E3: Protection 'ID_TAP3131' can not be imported. It has no component code and no default component for protections is defined!&#xD;
 E3: Protection 'ID_TAP3326' can not be imported. It has no component code and no default component for protections is defined!&#xD;
 E3: Protection 'ID_TAP3216' can not be imported. It has no component code and no default component for protections is defined!&#xD;
 E3: Protection 'ID_TAP3217' can not be imported. It has no component code and no default component for protections is defined!&#xD;
 E3: Protection 'ID_TAP3036' can not be imported. It has no component code and no default component for protections is defined!&#xD;
 E3: Protection 'ID_TAP3219' can not be imported. It has no component code and no default component for protections is defined!&#xD;
 E3: Protection 'ID_TAP3220' can not be imported. It has no component code and no default component for protections is defined!&#xD;
 E3: Protection 'ID_TAP3228' can not be imported. It has no component code and no default component for protections is defined!&#xD;
 E3: Protection 'ID_TAP3229' can not be imported. It has no component code and no default component for protections is defined!&#xD;
 E3: Protection 'ID_TAP3039' can not be imported. It has no component code and no default component for protections is defined!&#xD;
 E3: Protection 'ID_TAP3225' can not be imported. It has no component code and no default component for protections is defined!&#xD;
 E3: Protection 'ID_TAP3226' can not be imported. It has no component code and no default component for protections is defined!&#xD;
 E3: Protection 'ID_TAP3223' can not be imported. It has no component code and no default component for protections is defined!&#xD;
 E3: Protection 'ID_TAP3042' can not be imported. It has no component code and no default component for protections is defined!&#xD;
 E3: Protection 'ID_TAP3043' can not be imported. It has no component code and no default component for protections is defined!&#xD;
 E3: Protection 'ID_TAP3044' can not be imported. It has no component code and no default component for protections is defined!&#xD;
 E3: Protection 'ID_TAP3045' can not be imported. It has no component code and no default component for protections is defined!&#xD;
 E3: Protection 'ID_TAP3046' can not be imported. It has no component code and no default component for protections is defined!&#xD;
 E3: Protection 'ID_TAP3047' can not be imported. It has no component code and no default component for protections is defined!&#xD;
 E3: Protection 'ID_TAP3049' can not be imported. It has no component code and no default component for protections is defined!&#xD;
 E3: Protection 'ID_TAP3050' can not be imported. It has no component code and no default component for protections is defined!&#xD;
 E3: Protection 'ID_TAP3051' can not be imported. It has no component code and no default component for protections is defined!&#xD;
 E3: Protection 'ID_TAP3034' can not be imported. It has no component code and no default component for protections is defined!&#xD;
 E3: Protection 'ID_TAP3052' can not be imported. It has no component code and no default component for protections is defined!&#xD;
 E3: Protection 'ID_TAP3053' can not be imported. It has no component code and no default component for protections is defined!&#xD;
 E3: Protection 'ID_TAP3054' can not be imported. It has no component code and no default component for protections is defined!&#xD;
 E3: Protection 'ID_TAP3055' can not be imported. It has no component code and no default component for protections is defined!&#xD;
 E3: Protection 'ID_TAP3033' can not be imported. It has no component code and no default component for protections is defined!&#xD;
 E3: Protection 'ID_TAP3031' can not be imported. It has no component code and no default component for protections is defined!&#xD;
 E3: Protection 'ID_TAP3026' can not be imported. It has no component code and no default component for protections is defined!&#xD;
 E3: Protection 'ID_TAP3028' can not be imported. It has no component code and no default component for protections is defined!&#xD;
 E3: Protection 'ID_TAP3029' can not be imported. It has no component code and no default component for protections is defined!&#xD;
 E3: Protection 'ID_TAP3155' can not be imported. It has no component code and no default component for protections is defined!&#xD;
 E3: Protection 'ID_TAP3156' can not be imported. It has no component code and no default component for protections is defined!&#xD;
 E3: Protection 'ID_TAP3231' can not be imported. It has no component code and no default component for protections is defined!&#xD;
 E3: Protection 'ID_TAP3232' can not be imported. It has no component code and no default component for protections is defined!&#xD;
 E3: Protection 'ID_TAP3234' can not be imported. It has no component code and no default component for protections is defined!&#xD;
 E3: Protection 'ID_TAP3021' can not be imported. It has no component code and no default component for protections is defined!&#xD;
 E3: Protection 'ID_TAP3058' can not be imported. It has no component code and no default component for protections is defined!&#xD;
 E3: Protection 'ID_TAP3057' can not be imported. It has no component code and no default component for protections is defined!&#xD;
 E3: Protection 'ID_TAP3056' can not be imported. It has no component code and no default component for protections is defined!&#xD;
 E3: Protection 'ID_TAP1079' can not be imported. It has no component code and no default component for protections is defined!&#xD;
 E3: Protection 'ID_TAP1080' can not be imported. It has no component code and no default component for protections is defined!&#xD;
 E3: Protection 'ID_TAP1082' can not be imported. It has no component code and no default component for protections is defined!&#xD;
 E3: Protection 'ID_TAP1083' can not be imported. It has no component code and no default component for protections is defined!&#xD;
 E3: Protection 'ID_TAP3061' can not be imported. It has no component code and no default component for protections is defined!&#xD;
 E3: Protection 'ID_TAP1173' can not be imported. It has no component code and no default component for protections is defined!&#xD;
 E3: Protection 'ID_TAP1077' can not be imported. It has no component code and no default component for protections is defined!&#xD;
 E3: Protection 'ID_TAP1074' can not be imported. It has no component code and no default component for protections is defined!&#xD;
 E3: Protection 'ID_TAP1085' can not be imported. It has no component code and no default component for protections is defined!&#xD;
 E3: Protection 'ID_TAP1084' can not be imported. It has no component code and no default component for protections is defined!&#xD;
 E3: Protection 'ID_TAP3502' can not be imported. It has no component code and no default component for protections is defined!&#xD;
 E3: Protection 'ID_TAP3503' can not be imported. It has no component code and no default component for protections is defined!&#xD;
 E3: Protection 'ID_TAP3066' can not be imported. It has no component code and no default component for protections is defined!&#xD;
 E3: Protection 'ID_TAP3065' can not be imported. It has no component code and no default component for protections is defined!&#xD;
 E3: Protection 'ID_TAP3064' can not be imported. It has no component code and no default component for protections is defined!&#xD;
 E3: Protection 'ID_TAP3069' can not be imported. It has no component code and no default component for protections is defined!&#xD;
 E3: Protection 'ID_TAP3067' can not be imported. It has no component code and no default component for protections is defined!&#xD;
 E3: Protection 'ID_TAP3075' can not be imported. It has no component code and no default component for protections is defined!&#xD;
 E3: Protection 'ID_TAP3077' can not be imported. It has no component code and no default component for protections is defined!&#xD;
 E3: Protection 'ID_TAP3076' can not be imported. It has no component code and no default component for protections is defined!&#xD;
 E3: Protection 'ID_TAP3079' can not be imported. It has no component code and no default component for protections is defined!&#xD;
 E3: Protection 'ID_TAP3085' can not be imported. It has no component code and no default component for protections is defined!&#xD;
 E3: Protection 'ID_TAP1055' can not be imported. It has no component code and no default component for protections is defined!&#xD;
 E3: Protection 'ID_TAP1056' can not be imported. It has no component code and no default component for protections is defined!&#xD;
 E3: Protection 'ID_TAP1064' can not be imported. It has no component code and no default component for protections is defined!&#xD;
 E3: Protection 'ID_TAP1071' can not be imported. It has no component code and no default component for protections is defined!&#xD;
 E3: Protection 'ID_TAP1070' can not be imported. It has no component code and no default component for protections is defined!&#xD;
 E3: Protection 'ID_TAP1066' can not be imported. It has no component code and no default component for protections is defined!&#xD;
 E3: Protection 'ID_TAP1067' can not be imported. It has no component code and no default component for protections is defined!&#xD;
 E3: Protection 'ID_TAP3084' can not be imported. It has no component code and no default component for protections is defined!&#xD;
 E3: Protection 'ID_TAP3082' can not be imported. It has no component code and no default component for protections is defined!&#xD;
 E3: Protection 'ID_TAP3083' can not be imported. It has no component code and no default component for protections is defined!&#xD;
 E3: Protection 'ID_TAP3080' can not be imported. It has no component code and no default component for protections is defined!&#xD;
 E3: Protection 'ID_TAP3081' can not be imported. It has no component code and no default component for protections is defined!&#xD;
 E3: Protection 'ID_TAP3006' can not be imported. It has no component code and no default component for protections is defined!&#xD;
 E3: Protection 'ID_TAP3094' can not be imported. It has no component code and no default component for protections is defined!&#xD;
 E3: Protection 'ID_TAP3095' can not be imported. It has no component code and no default component for protections is defined!&#xD;
 E3: Protection 'ID_TAP3097' can not be imported. It has no component code and no default component for protections is defined!&#xD;
 E3: Protection 'ID_TAP3096' can not be imported. It has no component code and no default component for protections is defined!&#xD;
 E3: Protection 'ID_TAP3149' can not be imported. It has no component code and no default component for protections is defined!&#xD;
 E3: Protection 'ID_TAP3150' can not be imported. It has no component code and no default component for protections is defined!&#xD;
 E3: Protection 'ID_TAP3090' can not be imported. It has no component code and no default component for protections is defined!&#xD;
 E3: Protection 'ID_TAP3092' can not be imported. It has no component code and no default component for protections is defined!&#xD;
 E3: Protection 'ID_TAP3161' can not be imported. It has no component code and no default component for protections is defined!&#xD;
 E3: Protection 'ID_TAP3162' can not be imported. It has no component code and no default component for protections is defined!&#xD;
 E3: Protection 'ID_TAP3193' can not be imported. It has no component code and no default component for protections is defined!&#xD;
 E3: Protection 'ID_TAP3194' can not be imported. It has no component code and no default component for protections is defined!&#xD;
 E3: Protection 'ID_TAP3195' can not be imported. It has no component code and no default component for protections is defined!&#xD;
 E3: Protection 'ID_TAP3196' can not be imported. It has no component code and no default component for protections is defined!&#xD;
 E3: Protection 'ID_TAP3207' can not be imported. It has no component code and no default component for protections is defined!&#xD;
 E3: Protection 'ID_TAP3208' can not be imported. It has no component code and no default component for protections is defined!&#xD;
 E3: Protection 'ID_TAP3209' can not be imported. It has no component code and no default component for protections is defined!&#xD;
 E3: Protection 'ID_TAP3210' can not be imported. It has no component code and no default component for protections is defined!&#xD;
 E3: Protection 'ID_TAP3211' can not be imported. It has no component code and no default component for protections is defined!&#xD;
 E3: Protection 'ID_TAP3213' can not be imported. It has no component code and no default component for protections is defined!&#xD;
 E3: Protection 'ID_TAP3214' can not be imported. It has no component code and no default component for protections is defined!&#xD;
 E3: Protection 'ID_TAP3277' can not be imported. It has no component code and no default component for protections is defined!&#xD;
 E3: Protection 'ID_TAP3257' can not be imported. It has no component code and no default component for protections is defined!&#xD;
 E3: Protection 'ID_TAP3258' can not be imported. It has no component code and no default component for protections is defined!&#xD;
 E3: Protection 'ID_TAP3284' can not be imported. It has no component code and no default component for protections is defined!&#xD;
 E3: Protection 'ID_TAP3285' can not be imported. It has no component code and no default component for protections is defined!&#xD;
 E3: Protection 'ID_TAP3292' can not be imported. It has no component code and no default component for protections is defined!&#xD;
 E3: Protection 'ID_TAP3293' can not be imported. It has no component code and no default component for protections is defined!&#xD;
 E3: Protection 'ID_TAP3370' can not be imported. It has no component code and no default component for protections is defined!&#xD;
 E3: Protection 'ID_TAP3373' can not be imported. It has no component code and no default component for protections is defined!&#xD;
 E3: Protection 'ID_TAP3397' can not be imported. It has no component code and no default component for protections is defined!&#xD;
 E3: Protection 'ID_TAP3405' can not be imported. It has no component code and no default component for protections is defined!&#xD;
 E3: Protection 'ID_TAP1047' can not be imported. It has no component code and no default component for protections is defined!&#xD;
 E3: Protection 'ID_TAP1053' can not be imported. It has no component code and no default component for protections is defined!&#xD;
 E3: Protection 'ID_TAP1121' can not be imported. It has no component code and no default component for protections is defined!&#xD;
 E3: Protection 'ID_TAP1300' can not be imported. It has no component code and no default component for protections is defined!&#xD;
 E3: Protection 'ID_TAP1301' can not be imported. It has no component code and no default component for protections is defined!&#xD;
 E3: Protection 'ID_TAP1302' can not be imported. It has no component code and no default component for protections is defined!&#xD;
 E3: Protection 'ID_TAP1303' can not be imported. It has no component code and no default component for protections is defined!&#xD;
 E3: W - Component B75/1 not found in database !&#xD;
 E3: W - Cannot load Component 'B75/1' from database - look in output window for details... &#xD;
 E3: E - Cannot create new device '10207' with component 'B75/1'&#xD;
 E3: W - Component B48/2 not found in database !&#xD;
 E3: W - Cannot load Component 'B48/2' from database - look in output window for details... &#xD;
 E3: E - Cannot create new device '10208' with component 'B48/2'&#xD;
 E3: W - Component B75/1 not found in database !&#xD;
 E3: W - Cannot load Component 'B75/1' from database - look in output window for details... &#xD;
 E3: E - Cannot create new device '10205' with component 'B75/1'&#xD;
 E3: W - Component B75/1 not found in database !&#xD;
 E3: W - Cannot load Component 'B75/1' from database - look in output window for details... &#xD;
 E3: E - Cannot create new device '10206' with component 'B75/1'&#xD;
 E3: W - Component B75/5 not found in database !&#xD;
 E3: W - Cannot load Component 'B75/5' from database - look in output window for details... &#xD;
 E3: E - Cannot create new device '10342' with component 'B75/5'&#xD;
 E3: W - Component J20 not found in database !&#xD;
 E3: W - Cannot load Component 'J20' from database - look in output window for details... &#xD;
 E3: E - Cannot create new device '10200' with component 'J20'&#xD;
 E3: W - Component B48/2 not found in database !&#xD;
 E3: W - Cannot load Component 'B48/2' from database - look in output window for details... &#xD;
 E3: E - Cannot create new device '10203' with component 'B48/2'&#xD;
 E3: W - Component B48 not found in database !&#xD;
 E3: W - Cannot load Component 'B48' from database - look in output window for details... &#xD;
 E3: E - Cannot create new device '10204' with component 'B48'&#xD;
 E3: W - Component J20 not found in database !&#xD;
 E3: W - Cannot load Component 'J20' from database - look in output window for details... &#xD;
 E3: E - Cannot create new device '10201' with component 'J20'&#xD;
 E3: W - Component J20 not found in database !&#xD;
 E3: W - Cannot load Component 'J20' from database - look in output window for details... &#xD;
 E3: E - Cannot create new device '10202' with component 'J20'&#xD;
 E3: W - Component B76/1 not found in database !&#xD;
 E3: W - Cannot load Component 'B76/1' from database - look in output window for details... &#xD;
 E3: E - Cannot create new device '10333' with component 'B76/1'&#xD;
 E3: W - Component H19/9 not found in database !&#xD;
 E3: W - Cannot load Component 'H19/9' from database - look in output window for details... &#xD;
 E3: E - Cannot create new device '10338' with component 'H19/9'&#xD;
 E3: W - Component B48/2 not found in database !&#xD;
 E3: W - Cannot load Component 'B48/2' from database - look in output window for details... &#xD;
 E3: E - Cannot create new device '10339' with component 'B48/2'&#xD;
 E3: W - Component B48/2 not found in database !&#xD;
 E3: W - Cannot load Component 'B48/2' from database - look in output window for details... &#xD;
 E3: E - Cannot create new device '10092' with component 'B48/2'&#xD;
 E3: W - Component B48/2 not found in database !&#xD;
 E3: W - Cannot load Component 'B48/2' from database - look in output window for details... &#xD;
 E3: E - Cannot create new device '10096' with component 'B48/2'&#xD;
 E3: W - Component H39 not found in database !&#xD;
 E3: W - Cannot load Component 'H39' from database - look in output window for details... &#xD;
 E3: E - Cannot create new device '10320' with component 'H39'&#xD;
 E3: W - Component H39 not found in database !&#xD;
 E3: W - Cannot load Component 'H39' from database - look in output window for details... &#xD;
 E3: E - Cannot create new device '10321' with component 'H39'&#xD;
 E3: W - Component B48 not found in database !&#xD;
 E3: W - Cannot load Component 'B48' from database - look in output window for details... &#xD;
 E3: E - Cannot create new device '10324' with component 'B48'&#xD;
 E3: W - Component B48 not found in database !&#xD;
 E3: W - Cannot load Component 'B48' from database - look in output window for details... &#xD;
 E3: E - Cannot create new device '10325' with component 'B48'&#xD;
 E3: W - Component H39 not found in database !&#xD;
 E3: W - Cannot load Component 'H39' from database - look in output window for details... &#xD;
 E3: E - Cannot create new device '10322' with component 'H39'&#xD;
 E3: W - Component B75/4 not found in database !&#xD;
 E3: W - Cannot load Component 'B75/4' from database - look in output window for details... &#xD;
 E3: E - Cannot create new device '10227' with component 'B75/4'&#xD;
 E3: W - Component B48 not found in database !&#xD;
 E3: W - Cannot load Component 'B48' from database - look in output window for details... &#xD;
 E3: E - Cannot create new device '10323' with component 'B48'&#xD;
 E3: W - Component B75/4 not found in database !&#xD;
 E3: W - Cannot load Component 'B75/4' from database - look in output window for details... &#xD;
 E3: E - Cannot create new device '10226' with component 'B75/4'&#xD;
 E3: W - Component B48 not found in database !&#xD;
 E3: W - Cannot load Component 'B48' from database - look in output window for details... &#xD;
 E3: E - Cannot create new device '10326' with component 'B48'&#xD;
 E3: W - Component B75/4 not found in database !&#xD;
 E3: W - Cannot load Component 'B75/4' from database - look in output window for details... &#xD;
 E3: E - Cannot create new device '10223' with component 'B75/4'&#xD;
 E3: W - Component B75/4 not found in database !&#xD;
 E3: W - Cannot load Component 'B75/4' from database - look in output window for details... &#xD;
 E3: E - Cannot create new device '10224' with component 'B75/4'&#xD;
 E3: W - Component B48 not found in database !&#xD;
 E3: W - Cannot load Component 'B48' from database - look in output window for details... &#xD;
 E3: E - Cannot create new device '10221' with component 'B48'&#xD;
 E3: W - Component B48 not found in database !&#xD;
 E3: W - Cannot load Component 'B48' from database - look in output window for details... &#xD;
 E3: E - Cannot create new device '10220' with component 'B48'&#xD;
 E3: W - Component J20 not found in database !&#xD;
 E3: W - Cannot load Component 'J20' from database - look in output window for details... &#xD;
 E3: E - Cannot create new device '10084' with component 'J20'&#xD;
 E3: W - Component J20 not found in database !&#xD;
 E3: W - Cannot load Component 'J20' from database - look in output window for details... &#xD;
 E3: E - Cannot create new device '10083' with component 'J20'&#xD;
 E3: W - Component B48/2 not found in database !&#xD;
 E3: W - Cannot load Component 'B48/2' from database - look in output window for details... &#xD;
 E3: E - Cannot create new device '10085' with component 'B48/2'&#xD;
 E3: W - Component B75/1 not found in database !&#xD;
 E3: W - Cannot load Component 'B75/1' from database - look in output window for details... &#xD;
 E3: E - Cannot create new device '10080' with component 'B75/1'&#xD;
 E3: W - Component J20 not found in database !&#xD;
 E3: W - Cannot load Component 'J20' from database - look in output window for details... &#xD;
 E3: E - Cannot create new device '10082' with component 'J20'&#xD;
 E3: W - Component B75/1 not found in database !&#xD;
 E3: W - Cannot load Component 'B75/1' from database - look in output window for details... &#xD;
 E3: E - Cannot create new device '10217' with component 'B75/1'&#xD;
 E3: W - Component H37/1 not found in database !&#xD;
 E3: W - Cannot load Component 'H37/1' from database - look in output window for details... &#xD;
 E3: E - Cannot create new device '10312' with component 'H37/1'&#xD;
 E3: W - Component H35/3 not found in database !&#xD;
 E3: W - Cannot load Component 'H35/3' from database - look in output window for details... &#xD;
 E3: E - Cannot create new device '10313' with component 'H35/3'&#xD;
 E3: W - Component H35/3 not found in database !&#xD;
 E3: W - Cannot load Component 'H35/3' from database - look in output window for details... &#xD;
 E3: E - Cannot create new device '10219' with component 'H35/3'&#xD;
 E3: W - Component H35/3 not found in database !&#xD;
 E3: W - Cannot load Component 'H35/3' from database - look in output window for details... &#xD;
 E3: E - Cannot create new device '10314' with component 'H35/3'&#xD;
 E3: W - Component B75/1 not found in database !&#xD;
 E3: W - Cannot load Component 'B75/1' from database - look in output window for details... &#xD;
 E3: E - Cannot create new device '10213' with component 'B75/1'&#xD;
 E3: W - Component B75/1 not found in database !&#xD;
 E3: W - Cannot load Component 'B75/1' from database - look in output window for details... &#xD;
 E3: E - Cannot create new device '10215' with component 'B75/1'&#xD;
 E3: W - Component H39 not found in database !&#xD;
 E3: W - Cannot load Component 'H39' from database - look in output window for details... &#xD;
 E3: E - Cannot create new device '10319' with component 'H39'&#xD;
 E3: W - Component B48/2 not found in database !&#xD;
 E3: W - Cannot load Component 'B48/2' from database - look in output window for details... &#xD;
 E3: E - Cannot create new device '10211' with component 'B48/2'&#xD;
 E3: W - Component B48/2 not found in database !&#xD;
 E3: W - Cannot load Component 'B48/2' from database - look in output window for details... &#xD;
 E3: E - Cannot create new device '10071' with component 'B48/2'&#xD;
 E3: W - Component B48/2 not found in database !&#xD;
 E3: W - Cannot load Component 'B48/2' from database - look in output window for details... &#xD;
 E3: E - Cannot create new device '10070' with component 'B48/2'&#xD;
 E3: W - Component B48/6 not found in database !&#xD;
 E3: W - Cannot load Component 'B48/6' from database - look in output window for details... &#xD;
 E3: E - Cannot create new device '10065' with component 'B48/6'&#xD;
 E3: W - Component B48/2 not found in database !&#xD;
 E3: W - Cannot load Component 'B48/2' from database - look in output window for details... &#xD;
 E3: E - Cannot create new device '10067' with component 'B48/2'&#xD;
 E3: W - Component B75/3 not found in database !&#xD;
 E3: W - Cannot load Component 'B75/3' from database - look in output window for details... &#xD;
 E3: E - Cannot create new device '10241' with component 'B75/3'&#xD;
 E3: W - Component H35/3 not found in database !&#xD;
 E3: W - Cannot load Component 'H35/3' from database - look in output window for details... &#xD;
 E3: E - Cannot create new device '10248' with component 'H35/3'&#xD;
 E3: W - Component B48/2 not found in database !&#xD;
 E3: W - Cannot load Component 'B48/2' from database - look in output window for details... &#xD;
 E3: E - Cannot create new device '10069' with component 'B48/2'&#xD;
 E3: W - Component B48/2 not found in database !&#xD;
 E3: W - Cannot load Component 'B48/2' from database - look in output window for details... &#xD;
 E3: E - Cannot create new device '10246' with component 'B48/2'&#xD;
 E3: W - Component J20 not found in database !&#xD;
 E3: W - Cannot load Component 'J20' from database - look in output window for details... &#xD;
 E3: E - Cannot create new device '10249' with component 'J20'&#xD;
 E3: W - Component B75/3 not found in database !&#xD;
 E3: W - Cannot load Component 'B75/3' from database - look in output window for details... &#xD;
 E3: E - Cannot create new device '10240' with component 'B75/3'&#xD;
 E3: W - Component B68 not found in database !&#xD;
 E3: W - Cannot load Component 'B68' from database - look in output window for details... &#xD;
 E3: E - Cannot create new device '10062' with component 'B68'&#xD;
 E3: W - Component B75/3 not found in database !&#xD;
 E3: W - Cannot load Component 'B75/3' from database - look in output window for details... &#xD;
 E3: E - Cannot create new device '10231' with component 'B75/3'&#xD;
 E3: W - Component B75/3 not found in database !&#xD;
 E3: W - Cannot load Component 'B75/3' from database - look in output window for details... &#xD;
 E3: E - Cannot create new device '10230' with component 'B75/3'&#xD;
 E3: W - Component B75/1 not found in database !&#xD;
 E3: W - Cannot load Component 'B75/1' from database - look in output window for details... &#xD;
 E3: E - Cannot create new device '10232' with component 'B75/1'&#xD;
 E3: W - Component H35/3 not found in database !&#xD;
 E3: W - Cannot load Component 'H35/3' from database - look in output window for details... &#xD;
 E3: E - Cannot create new device '10054' with component 'H35/3'&#xD;
 E3: W - Component B48 not found in database !&#xD;
 E3: W - Cannot load Component 'B48' from database - look in output window for details... &#xD;
 E3: E - Cannot create new device '10235' with component 'B48'&#xD;
 E3: W - Component B48 not found in database !&#xD;
 E3: W - Cannot load Component 'B48' from database - look in output window for details... &#xD;
 E3: E - Cannot create new device '10234' with component 'B48'&#xD;
 E3: W - Component H19/9 not found in database !&#xD;
 E3: W - Cannot load Component 'H19/9' from database - look in output window for details... &#xD;
 E3: E - Cannot create new device '10237' with component 'H19/9'&#xD;
 E3: W - Component H19/9 not found in database !&#xD;
 E3: W - Cannot load Component 'H19/9' from database - look in output window for details... &#xD;
 E3: E - Cannot create new device '10236' with component 'H19/9'&#xD;
 E3: W - Component H39 not found in database !&#xD;
 E3: W - Cannot load Component 'H39' from database - look in output window for details... &#xD;
 E3: E - Cannot create new device '10239' with component 'H39'&#xD;
 E3: W - Component H39 not found in database !&#xD;
 E3: W - Cannot load Component 'H39' from database - look in output window for details... &#xD;
 E3: E - Cannot create new device '10238' with component 'H39'&#xD;
 E3: W - Component H35/3 not found in database !&#xD;
 E3: W - Cannot load Component 'H35/3' from database - look in output window for details... &#xD;
 E3: E - Cannot create new device '10052' with component 'H35/3'&#xD;
 E3: W - Component B48/2 not found in database !&#xD;
 E3: W - Cannot load Component 'B48/2' from database - look in output window for details... &#xD;
 E3: E - Cannot create new device '10050' with component 'B48/2'&#xD;
 E3: W - Component B48/2 not found in database !&#xD;
 E3: W - Cannot load Component 'B48/2' from database - look in output window for details... &#xD;
 E3: E - Cannot create new device '10051' with component 'B48/2'&#xD;
 E3: W - Component J20 not found in database !&#xD;
 E3: W - Cannot load Component 'J20' from database - look in output window for details... &#xD;
 E3: E - Cannot create new device '10460' with component 'J20'&#xD;
 E3: W - Component B48/2 not found in database !&#xD;
 E3: W - Cannot load Component 'B48/2' from database - look in output window for details... &#xD;
 E3: E - Cannot create new device '10049' with component 'B48/2'&#xD;
 E3: W - Component B48/6 not found in database !&#xD;
 E3: W - Cannot load Component 'B48/6' from database - look in output window for details... &#xD;
 E3: E - Cannot create new device '10044' with component 'B48/6'&#xD;
 E3: W - Component B48 not found in database !&#xD;
 E3: W - Cannot load Component 'B48' from database - look in output window for details... &#xD;
 E3: E - Cannot create new device '10266' with component 'B48'&#xD;
 E3: W - Component B48/6 not found in database !&#xD;
 E3: W - Cannot load Component 'B48/6' from database - look in output window for details... &#xD;
 E3: E - Cannot create new device '10043' with component 'B48/6'&#xD;
 E3: W - Component B48/2 not found in database !&#xD;
 E3: W - Cannot load Component 'B48/2' from database - look in output window for details... &#xD;
 E3: E - Cannot create new device '10265' with component 'B48/2'&#xD;
 E3: W - Component H35/4 not found in database !&#xD;
 E3: W - Cannot load Component 'H35/4' from database - look in output window for details... &#xD;
 E3: E - Cannot create new device '10263' with component 'H35/4'&#xD;
 E3: W - Component B48/6 not found in database !&#xD;
 E3: W - Cannot load Component 'B48/6' from database - look in output window for details... &#xD;
 E3: E - Cannot create new device '10040' with component 'B48/6'&#xD;
 E3: W - Component B48/2 not found in database !&#xD;
 E3: W - Cannot load Component 'B48/2' from database - look in output window for details... &#xD;
 E3: E - Cannot create new device '10262' with component 'B48/2'&#xD;
 E3: W - Component B48/2 not found in database !&#xD;
 E3: W - Cannot load Component 'B48/2' from database - look in output window for details... &#xD;
 E3: E - Cannot create new device '10465' with component 'B48/2'&#xD;
 E3: W - Component J20 not found in database !&#xD;
 E3: W - Cannot load Component 'J20' from database - look in output window for details... &#xD;
 E3: E - Cannot create new device '10461' with component 'J20'&#xD;
 E3: W - Component J20 not found in database !&#xD;
 E3: W - Cannot load Component 'J20' from database - look in output window for details... &#xD;
 E3: E - Cannot create new device '10462' with component 'J20'&#xD;
 E3: W - Component B48/6 not found in database !&#xD;
 E3: W - Cannot load Component 'B48/6' from database - look in output window for details... &#xD;
 E3: E - Cannot create new device '10039' with component 'B48/6'&#xD;
 E3: W - Component B48/2 not found in database !&#xD;
 E3: W - Cannot load Component 'B48/2' from database - look in output window for details... &#xD;
 E3: E - Cannot create new device '10038' with component 'B48/2'&#xD;
 E3: W - Component B48/2 not found in database !&#xD;
 E3: W - Cannot load Component 'B48/2' from database - look in output window for details... &#xD;
 E3: E - Cannot create new device '10256' with component 'B48/2'&#xD;
 E3: W - Component B48/2 not found in database !&#xD;
 E3: W - Cannot load Component 'B48/2' from database - look in output window for details... &#xD;
 E3: E - Cannot create new device '10253' with component 'B48/2'&#xD;
 E3: W - Component B48/2 not found in database !&#xD;
 E3: W - Cannot load Component 'B48/2' from database - look in output window for details... &#xD;
 E3: E - Cannot create new device '10033' with component 'B48/2'&#xD;
 E3: W - Component B48/2 not found in database !&#xD;
 E3: W - Cannot load Component 'B48/2' from database - look in output window for details... &#xD;
 E3: E - Cannot create new device '10032' with component 'B48/2'&#xD;
 E3: W - Component B48/2 not found in database !&#xD;
 E3: W - Cannot load Component 'B48/2' from database - look in output window for details... &#xD;
 E3: E - Cannot create new device '10030' with component 'B48/2'&#xD;
 E3: W - Component J20 not found in database !&#xD;
 E3: W - Cannot load Component 'J20' from database - look in output window for details... &#xD;
 E3: E - Cannot create new device '10455' with component 'J20'&#xD;
 E3: W - Component B48/2 not found in database !&#xD;
 E3: W - Cannot load Component 'B48/2' from database - look in output window for details... &#xD;
 E3: E - Cannot create new device '10031' with component 'B48/2'&#xD;
 E3: W - Component J20 not found in database !&#xD;
 E3: W - Cannot load Component 'J20' from database - look in output window for details... &#xD;
 E3: E - Cannot create new device '10250' with component 'J20'&#xD;
 E3: W - Component H35/3 not found in database !&#xD;
 E3: W - Cannot load Component 'H35/3' from database - look in output window for details... &#xD;
 E3: E - Cannot create new device '10251' with component 'H35/3'&#xD;
 E3: W - Component H19/6 not found in database !&#xD;
 E3: W - Cannot load Component 'H19/6' from database - look in output window for details... &#xD;
 E3: E - Cannot create new device '10152' with component 'H19/6'&#xD;
 E3: W - Component B48/2 not found in database !&#xD;
 E3: W - Cannot load Component 'B48/2' from database - look in output window for details... &#xD;
 E3: E - Cannot create new device '10151' with component 'B48/2'&#xD;
 E3: W - Component H19/6 not found in database !&#xD;
 E3: W - Cannot load Component 'H19/6' from database - look in output window for details... &#xD;
 E3: E - Cannot create new device '10130' with component 'H19/6'&#xD;
 E3: W - Component H35/3 not found in database !&#xD;
 E3: W - Cannot load Component 'H35/3' from database - look in output window for details... &#xD;
 E3: E - Cannot create new device '10294' with component 'H35/3'&#xD;
 E3: W - Component B48/2 not found in database !&#xD;
 E3: W - Cannot load Component 'B48/2' from database - look in output window for details... &#xD;
 E3: E - Cannot create new device '10299' with component 'B48/2'&#xD;
 E3: W - Component H19/6 not found in database !&#xD;
 E3: W - Cannot load Component 'H19/6' from database - look in output window for details... &#xD;
 E3: E - Cannot create new device '10139' with component 'H19/6'&#xD;
 E3: W - Component B48/2 not found in database !&#xD;
 E3: W - Cannot load Component 'B48/2' from database - look in output window for details... &#xD;
 E3: E - Cannot create new device '10137' with component 'B48/2'&#xD;
 E3: W - Component H35/4 not found in database !&#xD;
 E3: W - Cannot load Component 'H35/4' from database - look in output window for details... &#xD;
 E3: E - Cannot create new device '10158' with component 'H35/4'&#xD;
 E3: W - Component J20 not found in database !&#xD;
 E3: W - Cannot load Component 'J20' from database - look in output window for details... &#xD;
 E3: E - Cannot create new device '10131' with component 'J20'&#xD;
 E3: W - Component H19/6 not found in database !&#xD;
 E3: W - Cannot load Component 'H19/6' from database - look in output window for details... &#xD;
 E3: E - Cannot create new device '10141' with component 'H19/6'&#xD;
 E3: W - Component J20 not found in database !&#xD;
 E3: W - Cannot load Component 'J20' from database - look in output window for details... &#xD;
 E3: E - Cannot create new device '10160' with component 'J20'&#xD;
 E3: W - Component H35/4 not found in database !&#xD;
 E3: W - Cannot load Component 'H35/4' from database - look in output window for details... &#xD;
 E3: E - Cannot create new device '10002' with component 'H35/4'&#xD;
 E3: W - Component B48/2 not found in database !&#xD;
 E3: W - Cannot load Component 'B48/2' from database - look in output window for details... &#xD;
 E3: E - Cannot create new device '10000' with component 'B48/2'&#xD;
 E3: W - Component B48/2 not found in database !&#xD;
 E3: W - Cannot load Component 'B48/2' from database - look in output window for details... &#xD;
 E3: E - Cannot create new device '10003' with component 'B48/2'&#xD;
 E3: W - Component B48/6 not found in database !&#xD;
 E3: W - Cannot load Component 'B48/6' from database - look in output window for details... &#xD;
 E3: E - Cannot create new device '10009' with component 'B48/6'&#xD;
 E3: W - Component B48/6 not found in database !&#xD;
 E3: W - Cannot load Component 'B48/6' from database - look in output window for details... &#xD;
 E3: E - Cannot create new device '10008' with component 'B48/6'&#xD;
 E3: W - Component B48/2 not found in database !&#xD;
 E3: W - Cannot load Component 'B48/2' from database - look in output window for details... &#xD;
 E3: E - Cannot create new device '10144' with component 'B48/2'&#xD;
 E3: W - Component J20 not found in database !&#xD;
 E3: W - Cannot load Component 'J20' from database - look in output window for details... &#xD;
 E3: E - Cannot create new device '10164' with component 'J20'&#xD;
 E3: W - Component H35/4 not found in database !&#xD;
 E3: W - Cannot load Component 'H35/4' from database - look in output window for details... &#xD;
 E3: E - Cannot create new device '10273' with component 'H35/4'&#xD;
 E3: W - Component H35/4 not found in database !&#xD;
 E3: W - Cannot load Component 'H35/4' from database - look in output window for details... &#xD;
 E3: E - Cannot create new device '10272' with component 'H35/4'&#xD;
 E3: W - Component H35/4 not found in database !&#xD;
 E3: W - Cannot load Component 'H35/4' from database - look in output window for details... &#xD;
 E3: E - Cannot create new device '10271' with component 'H35/4'&#xD;
 E3: W - Component J20 not found in database !&#xD;
 E3: W - Cannot load Component 'J20' from database - look in output window for details... &#xD;
 E3: E - Cannot create new device '10278' with component 'J20'&#xD;
 E3: W - Component H35/4 not found in database !&#xD;
 E3: W - Cannot load Component 'H35/4' from database - look in output window for details... &#xD;
 E3: E - Cannot create new device '10276' with component 'H35/4'&#xD;
 E3: W - Component H37/1 not found in database !&#xD;
 E3: W - Cannot load Component 'H37/1' from database - look in output window for details... &#xD;
 E3: E - Cannot create new device '10277' with component 'H37/1'&#xD;
 E3: W - Component B48/6 not found in database !&#xD;
 E3: W - Cannot load Component 'B48/6' from database - look in output window for details... &#xD;
 E3: E - Cannot create new device '10012' with component 'B48/6'&#xD;
 E3: W - Component H35/4 not found in database !&#xD;
 E3: W - Cannot load Component 'H35/4' from database - look in output window for details... &#xD;
 E3: E - Cannot create new device '10274' with component 'H35/4'&#xD;
 E3: W - Component B48/6 not found in database !&#xD;
 E3: W - Cannot load Component 'B48/6' from database - look in output window for details... &#xD;
 E3: E - Cannot create new device '10013' with component 'B48/6'&#xD;
 E3: W - Component H37/1 not found in database !&#xD;
 E3: W - Cannot load Component 'H37/1' from database - look in output window for details... &#xD;
 E3: E - Cannot create new device '10275' with component 'H37/1'&#xD;
 E3: W - Component B48/2 not found in database !&#xD;
 E3: W - Cannot load Component 'B48/2' from database - look in output window for details... &#xD;
 E3: E - Cannot create new device '10178' with component 'B48/2'&#xD;
 E3: W - Component B75/1 not found in database !&#xD;
 E3: W - Cannot load Component 'B75/1' from database - look in output window for details... &#xD;
 E3: E - Cannot create new device '10111' with component 'B75/1'&#xD;
 E3: W - Component B48/6 not found in database !&#xD;
 E3: W - Cannot load Component 'B48/6' from database - look in output window for details... &#xD;
 E3: E - Cannot create new device '10018' with component 'B48/6'&#xD;
 E3: W - Component Q1 not found in database !&#xD;
 E3: W - Cannot load Component 'Q1' from database - look in output window for details... &#xD;
 E3: E - Cannot create new device '10413' with component 'Q1'&#xD;
 E3: W - Component Q1 not found in database !&#xD;
 E3: W - Cannot load Component 'Q1' from database - look in output window for details... &#xD;
 E3: E - Cannot create new device '10412' with component 'Q1'&#xD;
 E3: W - Component B48/2 not found in database !&#xD;
 E3: W - Cannot load Component 'B48/2' from database - look in output window for details... &#xD;
 E3: E - Cannot create new device '10182' with component 'B48/2'&#xD;
 E3: W - Component H35/3 not found in database !&#xD;
 E3: W - Cannot load Component 'H35/3' from database - look in output window for details... &#xD;
 E3: E - Cannot create new device '10185' with component 'H35/3'&#xD;
 E3: W - Component B48/2 not found in database !&#xD;
 E3: W - Cannot load Component 'B48/2' from database - look in output window for details... &#xD;
 E3: E - Cannot create new device '10184' with component 'B48/2'&#xD;
 E3: W - Component Q1 not found in database !&#xD;
 E3: W - Cannot load Component 'Q1' from database - look in output window for details... &#xD;
 E3: E - Cannot create new device '10419' with component 'Q1'&#xD;
 E3: W - Component Q1 not found in database !&#xD;
 E3: W - Cannot load Component 'Q1' from database - look in output window for details... &#xD;
 E3: E - Cannot create new device '10418' with component 'Q1'&#xD;
 E3: W - Component Q1 not found in database !&#xD;
 E3: W - Cannot load Component 'Q1' from database - look in output window for details... &#xD;
 E3: E - Cannot create new device '10417' with component 'Q1'&#xD;
 E3: W - Component Q1 not found in database !&#xD;
 E3: W - Cannot load Component 'Q1' from database - look in output window for details... &#xD;
 E3: E - Cannot create new device '10416' with component 'Q1'&#xD;
 E3: W - Component Q1 not found in database !&#xD;
 E3: W - Cannot load Component 'Q1' from database - look in output window for details... &#xD;
 E3: E - Cannot create new device '10415' with component 'Q1'&#xD;
 E3: W - Component Q1 not found in database !&#xD;
 E3: W - Cannot load Component 'Q1' from database - look in output window for details... &#xD;
 E3: E - Cannot create new device '10414' with component 'Q1'&#xD;
 E3: W - Component H35/3 not found in database !&#xD;
 E3: W - Cannot load Component 'H35/3' from database - look in output window for details... &#xD;
 E3: E - Cannot create new device '10027' with component 'H35/3'&#xD;
 E3: W - Component H35/3 not found in database !&#xD;
 E3: W - Cannot load Component 'H35/3' from database - look in output window for details... &#xD;
 E3: E - Cannot create new device '10028' with component 'H35/3'&#xD;
 E3: W - Component B48/2 not found in database !&#xD;
 E3: W - Cannot load Component 'B48/2' from database - look in output window for details... &#xD;
 E3: E - Cannot create new device '10186' with component 'B48/2'&#xD;
 E3: W - Component B75/1 not found in database !&#xD;
 E3: W - Cannot load Component 'B75/1' from database - look in output window for details... &#xD;
 E3: E - Cannot create new device '10188' with component 'B75/1'&#xD;
 E3: W - Component B48/2 not found in database !&#xD;
 E3: W - Cannot load Component 'B48/2' from database - look in output window for details... &#xD;
 E3: E - Cannot create new device '10189' with component 'B48/2'&#xD;
 E3: W - Component B48/2 not found in database !&#xD;
 E3: W - Cannot load Component 'B48/2' from database - look in output window for details... &#xD;
 E3: E - Cannot create new device '10029' with component 'B48/2'&#xD;
 E3: W - Component H35/4 not found in database !&#xD;
 E3: W - Cannot load Component 'H35/4' from database - look in output window for details... &#xD;
 E3: E - Cannot create new device '10193' with component 'H35/4'&#xD;
 E3: W - Component H35/4 not found in database !&#xD;
 E3: W - Cannot load Component 'H35/4' from database - look in output window for details... &#xD;
 E3: E - Cannot create new device '10194' with component 'H35/4'&#xD;
 E3: W - Component J20 not found in database !&#xD;
 E3: W - Cannot load Component 'J20' from database - look in output window for details... &#xD;
 E3: E - Cannot create new device '10192' with component 'J20'&#xD;
 E3: W - Component B48/6 not found in database !&#xD;
 E3: W - Cannot load Component 'B48/6' from database - look in output window for details... &#xD;
 E3: E - Cannot create new device '10190' with component 'B48/6'&#xD;
 E3: W - Component H35/3 not found in database !&#xD;
 E3: W - Cannot load Component 'H35/3' from database - look in output window for details... &#xD;
 E3: E - Cannot create new device '10304' with component 'H35/3'&#xD;
 E3: W - Component B48/2 not found in database !&#xD;
 E3: W - Cannot load Component 'B48/2' from database - look in output window for details... &#xD;
 E3: E - Cannot create new device '10199' with component 'B48/2'&#xD;
 E3: W - Component H35/3 not found in database !&#xD;
 E3: W - Cannot load Component 'H35/3' from database - look in output window for details... &#xD;
 E3: E - Cannot create new device '10306' with component 'H35/3'&#xD;
 E3: W - Component B48/2 not found in database !&#xD;
 E3: W - Cannot load Component 'B48/2' from database - look in output window for details... &#xD;
 E3: E - Cannot create new device '10300' with component 'B48/2'&#xD;
 E3: W - Component B48/2 not found in database !&#xD;
 E3: W - Cannot load Component 'B48/2' from database - look in output window for details... &#xD;
 E3: E - Cannot create new device '10105' with component 'B48/2'&#xD;
 E3: W - Component J30 not found in database !&#xD;
 E3: W - Cannot load Component 'J30' from database - look in output window for details... &#xD;
 E3: E - Cannot create new device '10456' with component 'J30'&#xD;
 E3: W - Component B48/6 not found in database !&#xD;
 E3: W - Cannot load Component 'B48/6' from database - look in output window for details... &#xD;
 E3: E - Cannot create new device '10016' with component 'B48/6'&#xD;
 E3: W - Component B34 not found in database !&#xD;
 E3: W - Cannot load Component 'B34' from database - look in output window for details... &#xD;
 E3: E - Cannot create new device '10187' with component 'B34'&#xD;
 E3: W - Component B48/2 not found in database !&#xD;
 E3: W - Cannot load Component 'B48/2' from database - look in output window for details... &#xD;
 E3: E - Cannot create new device '10078' with component 'B48/2'&#xD;
 E3: W - Component J20 not found in database !&#xD;
 E3: W - Cannot load Component 'J20' from database - look in output window for details... &#xD;
 E3: E - Cannot create new device '10516' with component 'J20'&#xD;
 E3: W - Component B48/2 not found in database !&#xD;
 E3: W - Cannot load Component 'B48/2' from database - look in output window for details... &#xD;
 E3: E - Cannot create new device '10209' with component 'B48/2'&#xD;
 E3: W - Component B48/2 not found in database !&#xD;
 E3: W - Cannot load Component 'B48/2' from database - look in output window for details... &#xD;
 E3: E - Cannot create new device '10218' with component 'B48/2'&#xD;
 E3: W - Component B48/2 not found in database !&#xD;
 E3: W - Cannot load Component 'B48/2' from database - look in output window for details... &#xD;
 E3: E - Cannot create new device '10138' with component 'B48/2'&#xD;
 E3: W - Component H35/6 not found in database !&#xD;
 E3: W - Cannot load Component 'H35/6' from database - look in output window for details... &#xD;
 E3: E - Cannot create new device '10053' with component 'H35/6'&#xD;
 E3: W - Component H37/4 not found in database !&#xD;
 E3: W - Cannot load Component 'H37/4' from database - look in output window for details... &#xD;
 E3: E - Cannot create new device '10280' with component 'H37/4'&#xD;
 E3: W - Component H37/4 not found in database !&#xD;
 E3: W - Cannot load Component 'H37/4' from database - look in output window for details... &#xD;
 E3: E - Cannot create new device '10341' with component 'H37/4'&#xD;
 E3: W - Component B48/2 not found in database !&#xD;
 E3: W - Cannot load Component 'B48/2' from database - look in output window for details... &#xD;
 E3: E - Cannot create new device '10513' with component 'B48/2'&#xD;
 E3: W - Component FLRY-Iy not found in database - nothing changed !&#xD;
 E3: W - Wire/Core '11200' could not be created.&#xD;
 E3: W - Component FLRY-Ib not found in database - nothing changed !&#xD;
 E3: W - Wire/Core '11147' could not be created.&#xD;
 E3: W - Component FLRY-Ib not found in database - nothing changed !&#xD;
 E3: W - Wire/Core '11143' could not be created.&#xD;
 E3: W - Component FLRY-Iy not found in database - nothing changed !&#xD;
 E3: W - Wire/Core '11198' could not be created.&#xD;
 E3: W - Component FLRY-Ik not found in database - nothing changed !&#xD;
 E3: W - Wire/Core '11713' could not be created.&#xD;
 E3: W - Component FLRY-Iy not found in database - nothing changed !&#xD;
 E3: W - Wire/Core '11053' could not be created.&#xD;
 E3: W - Component FLR2X-Xy not found in database - nothing changed !&#xD;
 E3: W - Wire/Core '11871' could not be created.&#xD;
 E3: W - Component FLRY-Ib not found in database - nothing changed !&#xD;
 E3: W - Wire/Core '11169' could not be created.&#xD;
 E3: W - Component FLRY-Ib not found in database - nothing changed !&#xD;
 E3: W - Wire/Core '11635' could not be created.&#xD;
 E3: W - Component FLRY-Iy not found in database - nothing changed !&#xD;
 E3: W - Wire/Core '11138' could not be created.&#xD;
 E3: W - Component FLR2X-Xy not found in database - nothing changed !&#xD;
 E3: W - Wire/Core '11810' could not be created.&#xD;
 E3: W - Component FLRY-Iy not found in database - nothing changed !&#xD;
 E3: W - Wire/Core '11699' could not be created.&#xD;
 E3: W - Component FLRY-Ib not found in database - nothing changed !&#xD;
 E3: W - Wire/Core '11139' could not be created.&#xD;
 E3: W - Component FLR2X-Xy not found in database - nothing changed !&#xD;
 E3: W - Wire/Core '11814' could not be created.&#xD;
 E3: W - Component FLRY-Iy not found in database - nothing changed !&#xD;
 E3: W - Wire/Core '11081' could not be created.&#xD;
 E3: W - Component FLRY-Ib not found in database - nothing changed !&#xD;
 E3: W - Wire/Core '11124' could not be created.&#xD;
 E3: W - Component FLR2X-Xy not found in database - nothing changed !&#xD;
 E3: W - Wire/Core '11816' could not be created.&#xD;
 E3: W - Component FLRY-Iy not found in database - nothing changed !&#xD;
 E3: W - Wire/Core '11060' could not be created.&#xD;
 E3: W - Component FLRY-Ik not found in database - nothing changed !&#xD;
 E3: W - Wire/Core '11301' could not be created.&#xD;
 E3: W - Component FLRY-Ik not found in database - nothing changed !&#xD;
 E3: W - Wire/Core '11303' could not be created.&#xD;
 E3: W - Component FLRY-Ib not found in database - nothing changed !&#xD;
 E3: W - Wire/Core '11145' could not be created.&#xD;
 E3: W - Component FLRY-Ik not found in database - nothing changed !&#xD;
 E3: W - Wire/Core '11754' could not be created.&#xD;
 E3: W - Component FLRY-Ib not found in database - nothing changed !&#xD;
 E3: W - Wire/Core '11036' could not be created.&#xD;
 E3: W - Component FLR2X-Xy not found in database - nothing changed !&#xD;
 E3: W - Wire/Core '11236' could not be created.&#xD;
 E3: W - Component FLRY-Ib not found in database - nothing changed !&#xD;
 E3: W - Wire/Core '11150' could not be created.&#xD;
 E3: W - Component FLRY-Ik not found in database - nothing changed !&#xD;
 E3: W - Wire/Core '11311' could not be created.&#xD;
 E3: W - Component FLRY-Iy not found in database - nothing changed !&#xD;
 E3: W - Wire/Core '11312' could not be created.&#xD;
 E3: W - Component FLR2X-Xy not found in database - nothing changed !&#xD;
 E3: W - Wire/Core '11034' could not be created.&#xD;
 E3: W - Component FLRY-Iy not found in database - nothing changed !&#xD;
 E3: W - Wire/Core '11134' could not be created.&#xD;
 E3: W - Component FLR2X-Xy not found in database - nothing changed !&#xD;
 E3: W - Wire/Core '11877' could not be created.&#xD;
 E3: W - Component FLR2X-Xy not found in database - nothing changed !&#xD;
 E3: W - Wire/Core '11869' could not be created.&#xD;
 E3: W - Component FLRY-Iy not found in database - nothing changed !&#xD;
 E3: W - Wire/Core '11860' could not be created.&#xD;
 E3: W - Component FLRY-Ib not found in database - nothing changed !&#xD;
 E3: W - Wire/Core '11149' could not be created.&#xD;
 E3: W - Component FLR2X-Xy not found in database - nothing changed !&#xD;
 E3: W - Wire/Core '11256' could not be created.&#xD;
 E3: W - Component FLRY-Iy not found in database - nothing changed !&#xD;
 E3: W - Wire/Core '12095' could not be created.&#xD;
 E3: W - Component FLR2X-Xy not found in database - nothing changed !&#xD;
 E3: W - Wire/Core '11872' could not be created.&#xD;
 E3: W - Component FLRY-Iy not found in database - nothing changed !&#xD;
 E3: W - Wire/Core '11791' could not be created.&#xD;
 E3: W - Component FLRY-Iy not found in database - nothing changed !&#xD;
 E3: W - Wire/Core '11033' could not be created.&#xD;
 E3: W - Component FLRY-Ik not found in database - nothing changed !&#xD;
 E3: W - Wire/Core '11118' could not be created.&#xD;
 E3: W - Component FLRY-Iy not found in database - nothing changed !&#xD;
 E3: W - Wire/Core '11330' could not be created.&#xD;
 E3: W - Component FLRY-Ib not found in database - nothing changed !&#xD;
 E3: W - Wire/Core '12085' could not be created.&#xD;
 E3: W - Component FLRY-Ib not found in database - nothing changed !&#xD;
 E3: W - Wire/Core '11789' could not be created.&#xD;
 E3: W - Component FLR2X-Xy not found in database - nothing changed !&#xD;
 E3: W - Wire/Core '11817' could not be created.&#xD;
 E3: W - Component FLRY-Iy not found in database - nothing changed !&#xD;
 E3: W - Wire/Core '11670' could not be created.&#xD;
 E3: W - Component FLRY-Iy not found in database - nothing changed !&#xD;
 E3: W - Wire/Core '11038' could not be created.&#xD;
 E3: W - Component FLRY-Iy not found in database - nothing changed !&#xD;
 E3: W - Wire/Core '11586' could not be created.&#xD;
 E3: W - Component FLRY-Ib not found in database - nothing changed !&#xD;
 E3: W - Wire/Core '11077' could not be created.&#xD;
 E3: W - Component FLRY-Ib not found in database - nothing changed !&#xD;
 E3: W - Wire/Core '11144' could not be created.&#xD;
 E3: W - Component FLRY-Iy not found in database - nothing changed !&#xD;
 E3: W - Wire/Core '11857' could not be created.&#xD;
 E3: W - Component FLRY-Iy not found in database - nothing changed !&#xD;
 E3: W - Wire/Core '11790' could not be created.&#xD;
 E3: W - Component FLRY-Iy not found in database - nothing changed !&#xD;
 E3: W - Wire/Core '11890' could not be created.&#xD;
 E3: W - Component FLRY-Ib not found in database - nothing changed !&#xD;
 E3: W - Wire/Core '11152' could not be created.&#xD;
 E3: W - Component FLRY-Ib not found in database - nothing changed !&#xD;
 E3: W - Wire/Core '11157' could not be created.&#xD;
 E3: W - Component FLRY-Ib not found in database - nothing changed !&#xD;
 E3: W - Wire/Core '11431' could not be created.&#xD;
 E3: W - Component FLRY-Ib not found in database - nothing changed !&#xD;
 E3: W - Wire/Core '11154' could not be created.&#xD;
 E3: W - Component FLRY-Ik not found in database - nothing changed !&#xD;
 E3: W - Wire/Core '11302' could not be created.&#xD;
 E3: W - Component FLRY-Ik not found in database - nothing changed !&#xD;
 E3: W - Wire/Core '11003' could not be created.&#xD;
 E3: W - Component FLR2X-Xy not found in database - nothing changed !&#xD;
 E3: W - Wire/Core '11235' could not be created.&#xD;
 E3: W - Component FLRY-Iy not found in database - nothing changed !&#xD;
 E3: W - Wire/Core '11022' could not be created.&#xD;
 E3: W - Component FLRY-Ib not found in database - nothing changed !&#xD;
 E3: W - Wire/Core '12080' could not be created.&#xD;
 E3: W - Component FLRY-Ik not found in database - nothing changed !&#xD;
 E3: W - Wire/Core '11195' could not be created.&#xD;
 E3: W - Component FLRY-Iy not found in database - nothing changed !&#xD;
 E3: W - Wire/Core '11121' could not be created.&#xD;
 E3: W - Component FLRY-Ib not found in database - nothing changed !&#xD;
 E3: W - Wire/Core '11155' could not be created.&#xD;
 E3: W - Component FLRY-Iy not found in database - nothing changed !&#xD;
 E3: W - Wire/Core '11024' could not be created.&#xD;
 E3: W - Component FLRY-Iy not found in database - nothing changed !&#xD;
 E3: W - Wire/Core '11861' could not be created.&#xD;
 E3: W - Component FLRY-Iy not found in database - nothing changed !&#xD;
 E3: W - Wire/Core '11201' could not be created.&#xD;
 E3: W - Component FLRY-Ik not found in database - nothing changed !&#xD;
 E3: W - Wire/Core '11005' could not be created.&#xD;
 E3: W - Component FLR2X-Xy not found in database - nothing changed !&#xD;
 E3: W - Wire/Core '11232' could not be created.&#xD;
 E3: W - Component FLRY-Ik not found in database - nothing changed !&#xD;
 E3: W - Wire/Core '11006' could not be created.&#xD;
 E3: W - Component FLR2X-Xy not found in database - nothing changed !&#xD;
 E3: W - Wire/Core '11029' could not be created.&#xD;
 E3: W - Component FLR2X-Mk not found in database - nothing changed !&#xD;
 E3: W - Wire/Core '11340' could not be created.&#xD;
 E3: W - Component FLR2X-Xy not found in database - nothing changed !&#xD;
 E3: W - Wire/Core '11876' could not be created.&#xD;
 E3: W - Component FLR2X-Xy not found in database - nothing changed !&#xD;
 E3: W - Wire/Core '11811' could not be created.&#xD;
 E3: W - Component FLRY-Iy not found in database - nothing changed !&#xD;
 E3: W - Wire/Core '11037' could not be created.&#xD;
 E3: W - Component FLRY-Ib not found in database - nothing changed !&#xD;
 E3: W - Wire/Core '11132' could not be created.&#xD;
 E3: W - Component FLRY-Iy not found in database - nothing changed !&#xD;
 E3: W - Wire/Core '11137' could not be created.&#xD;
 E3: W - Component FLRY-Iy not found in database - nothing changed !&#xD;
 E3: W - Wire/Core '11797' could not be created.&#xD;
 E3: W - Component FLRY-Ib not found in database - nothing changed !&#xD;
 E3: W - Wire/Core '11888' could not be created.&#xD;
 E3: W - Component FLRY-Ik not found in database - nothing changed !&#xD;
 E3: W - Wire/Core '11585' could not be created.&#xD;
 E3: W - Component FLR2X-Xy not found in database - nothing changed !&#xD;
 E3: W - Wire/Core '11875' could not be created.&#xD;
 E3: W - Component FLRY-Ib not found in database - nothing changed !&#xD;
 E3: W - Wire/Core '11142' could not be created.&#xD;
 E3: W - Component FLRY-Iy not found in database - nothing changed !&#xD;
 E3: W - Wire/Core '11331' could not be created.&#xD;
 E3: W - Component FLRY-Ib not found in database - nothing changed !&#xD;
 E3: W - Wire/Core '11083' could not be created.&#xD;
 E3: W - Component FLRY-Iy not found in database - nothing changed !&#xD;
 E3: W - Wire/Core '11159' could not be created.&#xD;
 E3: W - Component FLRY-Iy not found in database - nothing changed !&#xD;
 E3: W - Wire/Core '11160' could not be created.&#xD;
 E3: W - Component FLRY-Ib not found in database - nothing changed !&#xD;
 E3: W - Wire/Core '11146' could not be created.&#xD;
 E3: W - Component FLRY-Iy not found in database - nothing changed !&#xD;
 E3: W - Wire/Core '11002' could not be created.&#xD;
 E3: W - Component FLRY-Iy not found in database - nothing changed !&#xD;
 E3: W - Wire/Core '11167' could not be created.&#xD;
 E3: W - Component FLRY-Ib not found in database - nothing changed !&#xD;
 E3: W - Wire/Core '11129' could not be created.&#xD;
 E3: W - Component FLRY-Iy not found in database - nothing changed !&#xD;
 E3: W - Wire/Core '11807' could not be created.&#xD;
 E3: W - Component FLRY-Iy not found in database - nothing changed !&#xD;
 E3: W - Wire/Core '11299' could not be created.&#xD;
 E3: W - Component FLRY-Ib not found in database - nothing changed !&#xD;
 E3: W - Wire/Core '11640' could not be created.&#xD;
 E3: W - Component FLRY-Iy not found in database - nothing changed !&#xD;
 E3: W - Wire/Core '11300' could not be created.&#xD;
 E3: W - Component FLY-Id not found in database - nothing changed !&#xD;
 E3: W - Wire/Core '11027' could not be created.&#xD;
 E3: W - Component FLRY-Ib not found in database - nothing changed !&#xD;
 E3: W - Wire/Core '11683' could not be created.&#xD;
 E3: W - Component FLRY-Ib not found in database - nothing changed !&#xD;
 E3: W - Wire/Core '11646' could not be created.&#xD;
 E3: W - Component FLR2X-Xy not found in database - nothing changed !&#xD;
 E3: W - Wire/Core '11865' could not be created.&#xD;
 E3: W - Component FLRY-Ib not found in database - nothing changed !&#xD;
 E3: W - Wire/Core '11140' could not be created.&#xD;
 E3: W - Component FLRY-Iy not found in database - nothing changed !&#xD;
 E3: W - Wire/Core '11076' could not be created.&#xD;
 E3: W - Component FLRY-Ib not found in database - nothing changed !&#xD;
 E3: W - Wire/Core '11448' could not be created.&#xD;
 E3: W - Component FLRY-Iy not found in database - nothing changed !&#xD;
 E3: W - Wire/Core '11804' could not be created.&#xD;
 E3: W - Component FLRY-Iy not found in database - nothing changed !&#xD;
 E3: W - Wire/Core '11786' could not be created.&#xD;
 E3: W - Component FLRY-Ik not found in database - nothing changed !&#xD;
 E3: W - Wire/Core '11747' could not be created.&#xD;
 E3: W - Component FLR2X-Xy not found in database - nothing changed !&#xD;
 E3: W - Wire/Core '11874' could not be created.&#xD;
 E3: W - Component FLRY-Ib not found in database - nothing changed !&#xD;
 E3: W - Wire/Core '11863' could not be created.&#xD;
 E3: W - Component FLR2X-Xy not found in database - nothing changed !&#xD;
 E3: W - Wire/Core '11358' could not be created.&#xD;
 E3: W - Component FLRY-Ib not found in database - nothing changed !&#xD;
 E3: W - Wire/Core '11698' could not be created.&#xD;
 E3: W - Component FLRY-Ik not found in database - nothing changed !&#xD;
 E3: W - Wire/Core '11746' could not be created.&#xD;
 E3: W - Component FLRY-Iy not found in database - nothing changed !&#xD;
 E3: W - Wire/Core '11803' could not be created.&#xD;
 E3: W - Component FLRY-Ib not found in database - nothing changed !&#xD;
 E3: W - Wire/Core '11864' could not be created.&#xD;
 E3: W - Component FLRY-Iy not found in database - nothing changed !&#xD;
 E3: W - Wire/Core '11197' could not be created.&#xD;
 E3: W - Component FLRY-Iy not found in database - nothing changed !&#xD;
 E3: W - Wire/Core '12078' could not be created.&#xD;
 E3: W - Component FLR2X-Xy not found in database - nothing changed !&#xD;
 E3: W - Wire/Core '11870' could not be created.&#xD;
 E3: W - Component FLR2X-Xy not found in database - nothing changed !&#xD;
 E3: W - Wire/Core '11873' could not be created.&#xD;
 E3: W - Component FLRY-Ik not found in database - nothing changed !&#xD;
 E3: W - Wire/Core '11001' could not be created.&#xD;
 E3: W - Component FLRY-Ib not found in database - nothing changed !&#xD;
 E3: W - Wire/Core '12161' could not be created.&#xD;
 E3: W - Component FLRY-Iy not found in database - nothing changed !&#xD;
 E3: W - Wire/Core '11805' could not be created.&#xD;
 E3: W - Component FLRY-Ik not found in database - nothing changed !&#xD;
 E3: W - Wire/Core '11156' could not be created.&#xD;
 E3: W - Component FLRY-Iy not found in database - nothing changed !&#xD;
 E3: W - Wire/Core '11120' could not be created.&#xD;
 E3: W - Component FLR2X-Xy not found in database - nothing changed !&#xD;
 E3: W - Wire/Core '11813' could not be created.&#xD;
 E3: W - Component FLRY-Ik not found in database - nothing changed !&#xD;
 E3: W - Wire/Core '12070' could not be created.&#xD;
 E3: W - Component FLRY-Ik not found in database - nothing changed !&#xD;
 E3: W - Wire/Core '11753' could not be created.&#xD;
 E3: W - Component FLRY-Ib not found in database - nothing changed !&#xD;
 E3: W - Wire/Core '11209' could not be created.&#xD;
 E3: W - Component FLRY-Iy not found in database - nothing changed !&#xD;
 E3: W - Wire/Core '11802' could not be created.&#xD;
 E3: W - Component FLRY-Iy not found in database - nothing changed !&#xD;
 E3: W - Wire/Core '11059' could not be created.&#xD;
 E3: W - Component FLRY-Ik not found in database - nothing changed !&#xD;
 E3: W - Wire/Core '11224' could not be created.&#xD;
 E3: W - Component FLR2X-Xy not found in database - nothing changed !&#xD;
 E3: W - Wire/Core '11866' could not be created.&#xD;
 E3: W - Component FLRY-Ik not found in database - nothing changed !&#xD;
 E3: W - Wire/Core '12069' could not be created.&#xD;
 E3: W - Component FLRY-Iy not found in database - nothing changed !&#xD;
 E3: W - Wire/Core '11785' could not be created.&#xD;
 E3: W - Component FLRY-Ik not found in database - nothing changed !&#xD;
 E3: W - Wire/Core '11298' could not be created.&#xD;
 E3: W - Component FLRY-Iy not found in database - nothing changed !&#xD;
 E3: W - Wire/Core '11806' could not be created.&#xD;
 E3: W - Component FLRY-Ik not found in database - nothing changed !&#xD;
 E3: W - Wire/Core '11221' could not be created.&#xD;
 E3: W - Component FLRY-Iy not found in database - nothing changed !&#xD;
 E3: W - Wire/Core '11216' could not be created.&#xD;
 E3: W - Component FLRY-Iy not found in database - nothing changed !&#xD;
 E3: W - Wire/Core '11217' could not be created.&#xD;
 E3: W - Component FLRY-Ik not found in database - nothing changed !&#xD;
 E3: W - Wire/Core '11222' could not be created.&#xD;
 E3: W - Component FLRY-Ib not found in database - nothing changed !&#xD;
 E3: W - Wire/Core '11304' could not be created.&#xD;
 E3: W - Component FLRY-Ib not found in database - nothing changed !&#xD;
 E3: W - Wire/Core '11305' could not be created.&#xD;
 E3: W - Component FLRY-Ib not found in database - nothing changed !&#xD;
 E3: W - Wire/Core '11695' could not be created.&#xD;
 E3: W - Component FLRY-Ib not found in database - nothing changed !&#xD;
 E3: W - Wire/Core '11052' could not be created.&#xD;
 E3: W - Component FLRY-Iy not found in database - nothing changed !&#xD;
 E3: W - Wire/Core '11199' could not be created.&#xD;
 E3: W - Component FLRY-Ib not found in database - nothing changed !&#xD;
 E3: W - Wire/Core '11696' could not be created.&#xD;
 E3: W - Component FLR2X-Xy not found in database - nothing changed !&#xD;
 E3: W - Wire/Core '11355' could not be created.&#xD;
 E3: W - Component FLRY-Ib not found in database - nothing changed !&#xD;
 E3: W - Wire/Core '11141' could not be created.&#xD;
 E3: W - Component FLRY-Ib not found in database - nothing changed !&#xD;
 E3: W - Wire/Core '11862' could not be created.&#xD;
 E3: W - Component FLR2X-Xy not found in database - nothing changed !&#xD;
 E3: W - Wire/Core '11356' could not be created.&#xD;
 E3: W - Component FLRY-Iy not found in database - nothing changed !&#xD;
 E3: W - Wire/Core '11776' could not be created.&#xD;
 E3: W - Component FLR2X-Xy not found in database - nothing changed !&#xD;
 E3: W - Wire/Core '11357' could not be created.&#xD;
 E3: W - Component FLRY-Ib not found in database - nothing changed !&#xD;
 E3: W - Wire/Core '11601' could not be created.&#xD;
 E3: W - Component FLRY-Iy not found in database - nothing changed !&#xD;
 E3: W - Wire/Core '11777' could not be created.&#xD;
 E3: W - Component FLRY-Iy not found in database - nothing changed !&#xD;
 E3: W - Wire/Core '11856' could not be created.&#xD;
 E3: W - Component FLRY-Iy not found in database - nothing changed !&#xD;
 E3: W - Wire/Core '11133' could not be created.&#xD;
 E3: W - Component FLRY-Iy not found in database - nothing changed !&#xD;
 E3: W - Wire/Core '11808' could not be created.&#xD;
 E3: W - Component FLRY-Iy not found in database - nothing changed !&#xD;
 E3: W - Wire/Core '11809' could not be created.&#xD;
 E3: W - Component FLRY-Iy not found in database - nothing changed !&#xD;
 E3: W - Wire/Core '11313' could not be created.&#xD;
 E3: W - Component FLR2X-Xy not found in database - nothing changed !&#xD;
 E3: W - Wire/Core '11815' could not be created.&#xD;
 E3: W - Component FLRY-Iy not found in database - nothing changed !&#xD;
 E3: W - Wire/Core '12162' could not be created.&#xD;
 E3: W - Component FLRY-Ib not found in database - nothing changed !&#xD;
 E3: W - Wire/Core '11441' could not be created.&#xD;
 E3: W - Component FLR2X-Xy not found in database - nothing changed !&#xD;
 E3: W - Wire/Core '11702' could not be created.&#xD;
 E3: W - Component FLR2X-Xy not found in database - nothing changed !&#xD;
 E3: W - Wire/Core '11812' could not be created.&#xD;
 E3: W - Component FLRY-Iy not found in database - nothing changed !&#xD;
 E3: W - Wire/Core '11000' could not be created.&#xD;
 E3: W - Component FLRY-Iy not found in database - nothing changed !&#xD;
 E3: W - Wire/Core '11703' could not be created.&#xD;
 E3: W - Component FLRY-Iy not found in database - nothing changed !&#xD;
 E3: W - Wire/Core '12059' could not be created.&#xD;
 E3: W - Component FLRY-Iy not found in database - nothing changed !&#xD;
 E3: W - Wire/Core '12063' could not be created.&#xD;
 E3: W - Component FLRY-Iy not found in database - nothing changed !&#xD;
 E3: W - Wire/Core '12064' could not be created.&#xD;
 E3: W - Component FLRY-Ib not found in database - nothing changed !&#xD;
 E3: W - Wire/Core '12068' could not be created.&#xD;
 E3: W - Component FLRY-Iy not found in database - nothing changed !&#xD;
 E3: W - Wire/Core '12062' could not be created.&#xD;
 E3: W - Component FLRY-Iy not found in database - nothing changed !&#xD;
 E3: W - Wire/Core '12061' could not be created.&#xD;
 E3: W - Component FLRY-Ib not found in database - nothing changed !&#xD;
 E3: W - Wire/Core '12067' could not be created.&#xD;
 E3: W - Component FLRY-Iy not found in database - nothing changed !&#xD;
 E3: W - Wire/Core '12060' could not be created.&#xD;
 E3: W - Component FLRY-Ib not found in database - nothing changed !&#xD;
 E3: W - Wire/Core '12065' could not be created.&#xD;
 E3: W - Component FLRY-Ib not found in database - nothing changed !&#xD;
 E3: W - Wire/Core '12066' could not be created.&#xD;
 E3: W - Component FLRY-Iy not found in database - nothing changed !&#xD;
 E3: W - Wire/Core '12164' could not be created.&#xD;
 E3: W - Component FLRY-Ib not found in database - nothing changed !&#xD;
 E3: W - Wire/Core '12184' could not be created.&#xD;
 E3: W - Component FLRY-Iy not found in database - nothing changed !&#xD;
 E3: W - Wire/Core '12173' could not be created.&#xD;
 E3: W - Component FLRY-Iy not found in database - nothing changed !&#xD;
 E3: W - Wire/Core '12163' could not be created.&#xD;
 E3: W - Component FLRY-Ib not found in database - nothing changed !&#xD;
 E3: W - Wire/Core '12174' could not be created.&#xD;
 E3: W - Component FLRY-Ib not found in database - nothing changed !&#xD;
 E3: W - Wire/Core '12234' could not be created.&#xD;
 E3: W - Component FLR2X-Xy not found in database - nothing changed !&#xD;
 E3: W - Wire/Core '11227' could not be created.&#xD;
 E3: W - Component FLRY-Ib not found in database - nothing changed !&#xD;
 E3: W - Wire/Core '12235' could not be created.&#xD;
 E3: W - Component FLY-Ia not found in database - nothing changed !&#xD;
 E3: W - Wire/Core '12160' could not be created.&#xD;
 E3: W - Component FLRY-Iy not found in database - nothing changed !&#xD;
 E3: W - Wire/Core '12278' could not be created.&#xD;
 E3: W - Component FLRY-Iy not found in database - nothing changed !&#xD;
 E3: W - Wire/Core '12276' could not be created.&#xD;
 E3: W - Component FLRY-Iy not found in database - nothing changed !&#xD;
 E3: W - Wire/Core '12277' could not be created.&#xD;
 E3: W - Component FLRY-Iy not found in database - nothing changed !&#xD;
 E3: W - Wire/Core '12073' could not be created.&#xD;
 E3: W - Component FLRY-Iy not found in database - nothing changed !&#xD;
 E3: W - Wire/Core '12058' could not be created.&#xD;
 E3: W - Component FLRY-Ik not found in database - nothing changed !&#xD;
 E3: W - Wire/Core '11004' could not be created.&#xD;
 E3: W - Component FLRY-Ik not found in database - nothing changed !&#xD;
 E3: W - Wire/Core '11223' could not be created.&#xD;
 E3: W - Component FLRY-Iy not found in database - nothing changed !&#xD;
 E3: W - Wire/Core '12310' could not be created.&#xD;
 E3: W - Component FLRY-Iy not found in database - nothing changed !&#xD;
 E3: W - Wire/Core '12309' could not be created.&#xD;
 E3: W - Component FLRY-Iy not found in database - nothing changed !&#xD;
 E3: W - Wire/Core '12292' could not be created.&#xD;
 E3: W - Component FLRY-Iy not found in database - nothing changed !&#xD;
 E3: W - Wire/Core '12308' could not be created.&#xD;
 E3: W - Component FLRY-Iy not found in database - nothing changed !&#xD;
 E3: W - Wire/Core '12291' could not be created.&#xD;
 E3: W - Component FLRY-Ib not found in database - nothing changed !&#xD;
 E3: W - Wire/Core '11043' could not be created.&#xD;
 E3: W - Component FLRY-Iy not found in database - nothing changed !&#xD;
 E3: W - Wire/Core '11042' could not be created.&#xD;
 E3: W - Component FLRY-Ib not found in database - nothing changed !&#xD;
 E3: W - Wire/Core '11066' could not be created.&#xD;
 E3: W - Component FLRY-Ib not found in database - nothing changed !&#xD;
 E3: W - Wire/Core '11065' could not be created.&#xD;
 E3: W - Component FLRY-Ik not found in database - nothing changed !&#xD;
 E3: W - Wire/Core '11393' could not be created.&#xD;
 E3: W - Component FLRY-Iy not found in database - nothing changed !&#xD;
 E3: W - Wire/Core '11396' could not be created.&#xD;
 E3: W - Component FLRY-Ik not found in database - nothing changed !&#xD;
 E3: W - Wire/Core '11394' could not be created.&#xD;
 E3: W - Component FLRY-Iy not found in database - nothing changed !&#xD;
 E3: W - Wire/Core '11395' could not be created.&#xD;
 E3: W - Component FLRY-Iy not found in database - nothing changed !&#xD;
 E3: W - Wire/Core '11420' could not be created.&#xD;
 E3: W - Component FLRY-Iy not found in database - nothing changed !&#xD;
 E3: W - Wire/Core '11419' could not be created.&#xD;
 E3: W - Component FLRY-Iy not found in database - nothing changed !&#xD;
 E3: W - Wire/Core '11418' could not be created.&#xD;
 E3: W - Component FLRY-Iy not found in database - nothing changed !&#xD;
 E3: W - Wire/Core '11421' could not be created.&#xD;
 E3: W - Component FLRY-Iy not found in database - nothing changed !&#xD;
 E3: W - Wire/Core '11410' could not be created.&#xD;
 E3: W - Component FLRY-Iy not found in database - nothing changed !&#xD;
 E3: W - Wire/Core '11425' could not be created.&#xD;
 E3: W - Component FLRY-Iy not found in database - nothing changed !&#xD;
 E3: W - Wire/Core '11411' could not be created.&#xD;
 E3: W - Component FLRY-Iy not found in database - nothing changed !&#xD;
 E3: W - Wire/Core '11424' could not be created.&#xD;
 E3: W - Component FLRY-Ib not found in database - nothing changed !&#xD;
 E3: W - Wire/Core '11400' could not be created.&#xD;
 E3: W - Component FLRY-Iy not found in database - nothing changed !&#xD;
 E3: W - Wire/Core '11162' could not be created.&#xD;
 E3: W - Component FLRY-Ib not found in database - nothing changed !&#xD;
 E3: W - Wire/Core '11401' could not be created.&#xD;
 E3: W - Component FLRY-Iy not found in database - nothing changed !&#xD;
 E3: W - Wire/Core '11161' could not be created.&#xD;
 E3: W - Component FLRY-Iy not found in database - nothing changed !&#xD;
 E3: W - Wire/Core '11402' could not be created.&#xD;
 E3: W - Component FLRY-Iy not found in database - nothing changed !&#xD;
 E3: W - Wire/Core '11406' could not be created.&#xD;
 E3: W - Component FLRY-Ib not found in database - nothing changed !&#xD;
 E3: W - Wire/Core '11397' could not be created.&#xD;
 E3: W - Component FLRY-Ib not found in database - nothing changed !&#xD;
 E3: W - Wire/Core '12089' could not be created.&#xD;
 E3: W - Component FLRY-Ib not found in database - nothing changed !&#xD;
 E3: W - Wire/Core '11399' could not be created.&#xD;
 E3: W - Component FLRY-Iy not found in database - nothing changed !&#xD;
 E3: W - Wire/Core '11407' could not be created.&#xD;
 E3: W - Component FLRY-Ik not found in database - nothing changed !&#xD;
 E3: W - Wire/Core '12081' could not be created.&#xD;
 E3: W - Component FLRY-Iy not found in database - nothing changed !&#xD;
 E3: W - Wire/Core '11115' could not be created.&#xD;
 E3: W - Component FLRY-Ib not found in database - nothing changed !&#xD;
 E3: W - Wire/Core '11398' could not be created.&#xD;
 E3: W - Component FLRY-Ib not found in database - nothing changed !&#xD;
 E3: W - Wire/Core '11445' could not be created.&#xD;
 E3: W - Component FLRY-Ib not found in database - nothing changed !&#xD;
 E3: W - Wire/Core '11403' could not be created.&#xD;
 E3: W - Component FLRY-Iy not found in database - nothing changed !&#xD;
 E3: W - Wire/Core '11164' could not be created.&#xD;
 E3: W - Component FLRY-Iy not found in database - nothing changed !&#xD;
 E3: W - Wire/Core '11163' could not be created.&#xD;
 E3: W - Component FLRY-Iy not found in database - nothing changed !&#xD;
 E3: W - Wire/Core '11165' could not be created.&#xD;
 E3: W - Component FLR2X-Xy not found in database - nothing changed !&#xD;
 E3: W - Wire/Core '11459' could not be created.&#xD;
 E3: W - Component FLRY-Ib not found in database - nothing changed !&#xD;
 E3: W - Wire/Core '11071' could not be created.&#xD;
 E3: W - Component FLRY-Iy not found in database - nothing changed !&#xD;
 E3: W - Wire/Core '11426' could not be created.&#xD;
 E3: W - Component FLRY-Iy not found in database - nothing changed !&#xD;
 E3: W - Wire/Core '12461' could not be created.&#xD;
 E3: W - Component FLRY-Iy not found in database - nothing changed !&#xD;
 E3: W - Wire/Core '11427' could not be created.&#xD;
 E3: W - Component FLRY-Ib not found in database - nothing changed !&#xD;
 E3: W - Wire/Core '11464' could not be created.&#xD;
 E3: W - Component FLRY-Iy not found in database - nothing changed !&#xD;
 E3: W - Wire/Core '12460' could not be created.&#xD;
 E3: W - Component FLRY-Ik not found in database - nothing changed !&#xD;
 E3: W - Wire/Core '12084' could not be created.&#xD;
 E3: W - Component FLRY-Ib not found in database - nothing changed !&#xD;
 E3: W - Wire/Core '12082' could not be created.&#xD;
 E3: W - Component FLR2X-Xy not found in database - nothing changed !&#xD;
 E3: W - Wire/Core '11413' could not be created.&#xD;
 E3: W - Component FLR2X-Xy not found in database - nothing changed !&#xD;
 E3: W - Wire/Core '11414' could not be created.&#xD;
 E3: W - Component FLY-Ia not found in database - nothing changed !&#xD;
 E3: W - Wire/Core '11203' could not be created.&#xD;
 E3: W - Component FLRY-Iy not found in database - nothing changed !&#xD;
 E3: W - Wire/Core '11239' could not be created.&#xD;
 E3: W - Component FLR-Iq not found in database - nothing changed !&#xD;
 E3: W - Wire/Core '11572' could not be created.&#xD;
 E3: W - Component FLR-Iq not found in database - nothing changed !&#xD;
 E3: W - Wire/Core '11240' could not be created.&#xD;
 E3: W - Component FLR-Iq not found in database - nothing changed !&#xD;
 E3: W - Wire/Core '11374' could not be created.&#xD;
 E3: W - Component FLRY-Iy not found in database - nothing changed !&#xD;
 E3: W - Wire/Core '11238' could not be created.&#xD;
 E3: W - Component FLR-Iq not found in database - nothing changed !&#xD;
 E3: W - Wire/Core '11242' could not be created.&#xD;
 E3: W - Component FLR-Iq not found in database - nothing changed !&#xD;
 E3: W - Wire/Core '11244' could not be created.&#xD;
 E3: W - Component FLR-Iq not found in database - nothing changed !&#xD;
 E3: W - Wire/Core '11243' could not be created.&#xD;
 E3: W - Component FLRY-Ib not found in database - nothing changed !&#xD;
 E3: W - Wire/Core '11676' could not be created.&#xD;
 E3: W - Component FLRY-Ib not found in database - nothing changed !&#xD;
 E3: W - Wire/Core '11697' could not be created.&#xD;
 E3: W - Component FLR-Iq not found in database - nothing changed !&#xD;
 E3: W - Wire/Core '11573' could not be created.&#xD;
 E3: W - Component FLRY-Ib not found in database - nothing changed !&#xD;
 E3: W - Wire/Core '11404' could not be created.&#xD;
 E3: W - Component FLR2X-Xk not found in database - nothing changed !&#xD;
 E3: W - Wire/Core '11032' could not be created.&#xD;
 E3: W - Component FLRY-Iy not found in database - nothing changed !&#xD;
 E3: W - Wire/Core '12166' could not be created.&#xD;
 E3: W - Component FLRY-Iy not found in database - nothing changed !&#xD;
 E3: W - Wire/Core '12076' could not be created.&#xD;
 E3: W - Component FLR2X-Xy not found in database - nothing changed !&#xD;
 E3: W - Wire/Core '11231' could not be created.&#xD;
 E3: W - Component FLRY-Iy not found in database - nothing changed !&#xD;
 E3: W - Wire/Core '11405' could not be created.&#xD;
 E3: W - Component FLRY-Ib not found in database - nothing changed !&#xD;
 E3: W - Wire/Core '11792' could not be created.&#xD;
 E3: W - Component FLR2X-Xy not found in database - nothing changed !&#xD;
 E3: W - Wire/Core '11634' could not be created.&#xD;
 E3: W - Component FLR2X-Xy not found in database - nothing changed !&#xD;
 E3: W - Wire/Core '11233' could not be created.&#xD;
 E3: W - Component FLR2X-Xy not found in database - nothing changed !&#xD;
 E3: W - Wire/Core '11234' could not be created.&#xD;
 E3: W - Component FLRY-Iy not found in database - nothing changed !&#xD;
 E3: W - Wire/Core '12077' could not be created.&#xD;
 E3: W - Component FLR2X-Xy not found in database - nothing changed !&#xD;
 E3: W - Wire/Core '11030' could not be created.&#xD;
 E3: W - Component FLRY-Iy not found in database - nothing changed !&#xD;
 E3: W - Wire/Core '12165' could not be created.&#xD;
 E3: W - Component FLR2X-Xy not found in database - nothing changed !&#xD;
 E3: W - Wire/Core '11416' could not be created.&#xD;
 E3: W - Component FLR2X-Xy not found in database - nothing changed !&#xD;
 E3: W - Wire/Core '11417' could not be created.&#xD;
 E3: W - Component FLR2X-Xy not found in database - nothing changed !&#xD;
 E3: W - Wire/Core '11230' could not be created.&#xD;
 E3: W - Component FLRY-Ib not found in database - nothing changed !&#xD;
 E3: W - Wire/Core '11793' could not be created.&#xD;
 E3: W - Component FLRY-Ib not found in database - nothing changed !&#xD;
 E3: W - Wire/Core '11148' could not be created.&#xD;
 E3: W - Component FLRY-Ib not found in database - nothing changed !&#xD;
 E3: W - Wire/Core '11891' could not be created.&#xD;
 E3: W - Component FLRY-Iy not found in database - nothing changed !&#xD;
 E3: W - Wire/Core '11584' could not be created.&#xD;
 E3: W - Component FLRY-Ib not found in database - nothing changed !&#xD;
 E3: W - Wire/Core '11892' could not be created.&#xD;
 E3: W - Component FLRY-Ib not found in database - nothing changed !&#xD;
 E3: W - Wire/Core '11583' could not be created.&#xD;
 E3: W - Component FLRY-Iy not found in database - nothing changed !&#xD;
 E3: W - Wire/Core '12266' could not be created.&#xD;
 E3: W - Component FLRY-Iy not found in database - nothing changed !&#xD;
 E3: W - Wire/Core '12270' could not be created.&#xD;
 E3: W - Component FLRY-Iy not found in database - nothing changed !&#xD;
 E3: W - Wire/Core '12280' could not be created.&#xD;
 E3: W - Component FLRY-Iy not found in database - nothing changed !&#xD;
 E3: W - Wire/Core '12281' could not be created.&#xD;
 E3: W - Component FLRY-Iy not found in database - nothing changed !&#xD;
 E3: W - Wire/Core '12268' could not be created.&#xD;
 E3: W - Component FLRY-Iy not found in database - nothing changed !&#xD;
 E3: W - Wire/Core '12279' could not be created.&#xD;
 E3: W - Component FLRY-Iy not found in database - nothing changed !&#xD;
 E3: W - Wire/Core '12269' could not be created.&#xD;
 E3: W - Component FLRY-Iy not found in database - nothing changed !&#xD;
 E3: W - Wire/Core '12267' could not be created.&#xD;
 E3: W - Component FLRY-Iy not found in database - nothing changed !&#xD;
 E3: W - Wire/Core '12250' could not be created.&#xD;
 E3: W - Component FLRY-Iy not found in database - nothing changed !&#xD;
 E3: W - Wire/Core '12248' could not be created.&#xD;
 E3: W - Component FLRY-Iy not found in database - nothing changed !&#xD;
 E3: W - Wire/Core '12249' could not be created.&#xD;
 E3: W - Component FLRY-Iy not found in database - nothing changed !&#xD;
 E3: W - Wire/Core '12247' could not be created.&#xD;
 E3: W - Component FLRY-Ib not found in database - nothing changed !&#xD;
 E3: W - Wire/Core '11706' could not be created.&#xD;
 E3: W - Component FLRY-Ib not found in database - nothing changed !&#xD;
 E3: W - Wire/Core '11686' could not be created.&#xD;
 E3: W - Component FLRY-Iy not found in database - nothing changed !&#xD;
 E3: W - Wire/Core '12091' could not be created.&#xD;
 E3: W - Component FLRY-Iy not found in database - nothing changed !&#xD;
 E3: W - Wire/Core '12092' could not be created.&#xD;
 E3: W - Component FLRY-Ib not found in database - nothing changed !&#xD;
 E3: W - Wire/Core '11687' could not be created.&#xD;
 E3: W - Component FLRY-Ik not found in database - nothing changed !&#xD;
 E3: W - Wire/Core '12100' could not be created.&#xD;
 E3: W - Component FLRY-Ib not found in database - nothing changed !&#xD;
 E3: W - Wire/Core '11682' could not be created.&#xD;
 E3: W - Component FLRY-Ib not found in database - nothing changed !&#xD;
 E3: W - Wire/Core '11705' could not be created.&#xD;
 E3: W - Component FLRY-Ib not found in database - nothing changed !&#xD;
 E3: W - Wire/Core '11704' could not be created.&#xD;
 E3: W - Component FLRY-Ib not found in database - nothing changed !&#xD;
 E3: W - Wire/Core '11750' could not be created.&#xD;
 E3: W - Component FLR2X-Xy not found in database - nothing changed !&#xD;
 E3: W - Wire/Core '11701' could not be created.&#xD;
 E3: W - Component FLRY-Iy not found in database - nothing changed !&#xD;
 E3: W - Wire/Core '11327' could not be created.&#xD;
 E3: W - Component FLRY-Iy not found in database - nothing changed !&#xD;
 E3: W - Wire/Core '11328' could not be created.&#xD;
 E3: W - Component FLRY-Ib not found in database - nothing changed !&#xD;
 E3: W - Wire/Core '11084' could not be created.&#xD;
 E3: W - Component FLR-Iq not found in database - nothing changed !&#xD;
 E3: W - Wire/Core '11248' could not be created.&#xD;
 E3: W - Component FLRY-Ib not found in database - nothing changed !&#xD;
 E3: W - Wire/Core '12306' could not be created.&#xD;
 E3: W - Component FLRY-Ib not found in database - nothing changed !&#xD;
 E3: W - Wire/Core '12097' could not be created.&#xD;
 E3: W - Component FLRY-Ik not found in database - nothing changed !&#xD;
 E3: W - Wire/Core '12096' could not be created.&#xD;
 E3: W - Component FLRY-Ib not found in database - nothing changed !&#xD;
 E3: W - Wire/Core '11692' could not be created.&#xD;
 E3: W - Component FLRY-Ib not found in database - nothing changed !&#xD;
 E3: W - Wire/Core '11691' could not be created.&#xD;
 E3: W - Component FLRY-Ib not found in database - nothing changed !&#xD;
 E3: W - Wire/Core '12188' could not be created.&#xD;
 E3: W - Component FLR-Iq not found in database - nothing changed !&#xD;
 E3: W - Wire/Core '11690' could not be created.&#xD;
 E3: W - Component FLRY-Ib not found in database - nothing changed !&#xD;
 E3: W - Wire/Core '12185' could not be created.&#xD;
 E3: W - Component FLRY-Ib not found in database - nothing changed !&#xD;
 E3: W - Wire/Core '11010' could not be created.&#xD;
 E3: W - Component FLR-Iq not found in database - nothing changed !&#xD;
 E3: W - Wire/Core '11693' could not be created.&#xD;
 E3: W - Component FLRY-Ib not found in database - nothing changed !&#xD;
 E3: W - Wire/Core '11135' could not be created.&#xD;
 E3: W - Component FLRY-Ib not found in database - nothing changed !&#xD;
 E3: W - Wire/Core '11136' could not be created.&#xD;
 E3: W - Component FLRY-Ik not found in database - nothing changed !&#xD;
 E3: W - Wire/Core '12317' could not be created.&#xD;
 E3: W - Component FLRY-Iy not found in database - nothing changed !&#xD;
 E3: W - Wire/Core '11902' could not be created.&#xD;
 E3: W - Component FLR2X-Xy not found in database - nothing changed !&#xD;
 E3: W - Wire/Core '11679' could not be created.&#xD;
 E3: W - Component FLRY-Iy not found in database - nothing changed !&#xD;
 E3: W - Wire/Core '11757' could not be created.&#xD;
 E3: W - Component FLRY-Iy not found in database - nothing changed !&#xD;
 E3: W - Wire/Core '11712' could not be created.&#xD;
 E3: W - Component FLRY-Iy not found in database - nothing changed !&#xD;
 E3: W - Wire/Core '11711' could not be created.&#xD;
 E3: W - Component FLRY-Ib not found in database - nothing changed !&#xD;
 E3: W - Wire/Core '11653' could not be created.&#xD;
 E3: W - Component FLRY-Iy not found in database - nothing changed !&#xD;
 E3: W - Wire/Core '11074' could not be created.&#xD;
 E3: W - Component FLRY-Ik not found in database - nothing changed !&#xD;
 E3: W - Wire/Core '11938' could not be created.&#xD;
 E3: W - Component FLRY-Ik not found in database - nothing changed !&#xD;
 E3: W - Wire/Core '11937' could not be created.&#xD;
 E3: W - Component FLRY-Iy not found in database - nothing changed !&#xD;
 E3: W - Wire/Core '11799' could not be created.&#xD;
 E3: W - Component FLR2X-Xy not found in database - nothing changed !&#xD;
 E3: W - Wire/Core '11794' could not be created.&#xD;
 E3: W - Component FLR2X-Xy not found in database - nothing changed !&#xD;
 E3: W - Wire/Core '11929' could not be created.&#xD;
 E3: W - Component FLRY-Ik not found in database - nothing changed !&#xD;
 E3: W - Wire/Core '11196' could not be created.&#xD;
 E3: W - Component FLRY-Ib not found in database - nothing changed !&#xD;
 E3: W - Wire/Core '11127' could not be created.&#xD;
 E3: W - Component FLRY-Ik not found in database - nothing changed !&#xD;
 E3: W - Wire/Core '11020' could not be created.&#xD;
 E3: W - Component FLR2X-Xy not found in database - nothing changed !&#xD;
 E3: W - Wire/Core '11921' could not be created.&#xD;
 E3: W - Component FLR2X-Xy not found in database - nothing changed !&#xD;
 E3: W - Wire/Core '11920' could not be created.&#xD;
 E3: W - Component FLR2X-Xy not found in database - nothing changed !&#xD;
 E3: W - Wire/Core '11922' could not be created.&#xD;
 E3: W - Component FLRY-Ib not found in database - nothing changed !&#xD;
 E3: W - Wire/Core '11125' could not be created.&#xD;
 E3: W - Component FLR2X-Xy not found in database - nothing changed !&#xD;
 E3: W - Wire/Core '11342' could not be created.&#xD;
 E3: W - Component FLRY-Ib not found in database - nothing changed !&#xD;
 E3: W - Wire/Core '11126' could not be created.&#xD;
 E3: W - Component FLRY-Ik not found in database - nothing changed !&#xD;
 E3: W - Wire/Core '11119' could not be created.&#xD;
 E3: W - Component FLRY-Ik not found in database - nothing changed !&#xD;
 E3: W - Wire/Core '12099' could not be created.&#xD;
 E3: W - Component FLRY-Ik not found in database - nothing changed !&#xD;
 E3: W - Wire/Core '11158' could not be created.&#xD;
 E3: W - Component FLRY-Iy not found in database - nothing changed !&#xD;
 E3: W - Wire/Core '11925' could not be created.&#xD;
 E3: W - Component FLRY-Ib not found in database - nothing changed !&#xD;
 E3: W - Wire/Core '11924' could not be created.&#xD;
 E3: W - Component FLRY-Ik not found in database - nothing changed !&#xD;
 E3: W - Wire/Core '11714' could not be created.&#xD;
 E3: W - Component FLRY-Ib not found in database - nothing changed !&#xD;
 E3: W - Wire/Core '11128' could not be created.&#xD;
 E3: W - Component FLR2X-Xy not found in database - nothing changed !&#xD;
 E3: W - Wire/Core '11976' could not be created.&#xD;
 E3: W - Component FLR2X-Xy not found in database - nothing changed !&#xD;
 E3: W - Wire/Core '11343' could not be created.&#xD;
 E3: W - Component FLRY-Ib not found in database - nothing changed !&#xD;
 E3: W - Wire/Core '12364' could not be created.&#xD;
 E3: W - Component FLRY-Ib not found in database - nothing changed !&#xD;
 E3: W - Wire/Core '11047' could not be created.&#xD;
 E3: W - Component FLRY-Iy not found in database - nothing changed !&#xD;
 E3: W - Wire/Core '11552' could not be created.&#xD;
 E3: W - Component FLRY-Ib not found in database - nothing changed !&#xD;
 E3: W - Wire/Core '11569' could not be created.&#xD;
 E3: W - Component FLRY-Ib not found in database - nothing changed !&#xD;
 E3: W - Wire/Core '11554' could not be created.&#xD;
 E3: W - Component FLRY-Ib not found in database - nothing changed !&#xD;
 E3: W - Wire/Core '11384' could not be created.&#xD;
 E3: W - Component FLRY-Ib not found in database - nothing changed !&#xD;
 E3: W - Wire/Core '11561' could not be created.&#xD;
 E3: W - Component FLY-Ia not found in database - nothing changed !&#xD;
 E3: W - Wire/Core '12363' could not be created.&#xD;
 E3: W - Component FLRY-Ib not found in database - nothing changed !&#xD;
 E3: W - Wire/Core '11386' could not be created.&#xD;
 E3: W - Component FLRY-Ib not found in database - nothing changed !&#xD;
 E3: W - Wire/Core '11062' could not be created.&#xD;
 E3: W - Component FLRY-Iy not found in database - nothing changed !&#xD;
 E3: W - Wire/Core '11269' could not be created.&#xD;
 E3: W - Component FLRY-Ik not found in database - nothing changed !&#xD;
 E3: W - Wire/Core '11756' could not be created.&#xD;
 E3: W - Component FLRY-Iy not found in database - nothing changed !&#xD;
 E3: W - Wire/Core '11271' could not be created.&#xD;
 E3: W - Component FLRY-Ib not found in database - nothing changed !&#xD;
 E3: W - Wire/Core '11548' could not be created.&#xD;
 E3: W - Component FLRY-Ib not found in database - nothing changed !&#xD;
 E3: W - Wire/Core '11568' could not be created.&#xD;
 E3: W - Component FLRY-Iy not found in database - nothing changed !&#xD;
 E3: W - Wire/Core '11332' could not be created.&#xD;
 E3: W - Component FLRY-Iy not found in database - nothing changed !&#xD;
 E3: W - Wire/Core '11329' could not be created.&#xD;
 E3: W - Component FLRY-Iy not found in database - nothing changed !&#xD;
 E3: W - Wire/Core '11270' could not be created.&#xD;
 E3: W - Component FLRY-Iy not found in database - nothing changed !&#xD;
 E3: W - Wire/Core '11565' could not be created.&#xD;
 E3: W - Component FLRY-Iy not found in database - nothing changed !&#xD;
 E3: W - Wire/Core '11566' could not be created.&#xD;
 E3: W - Component FLRY-Ib not found in database - nothing changed !&#xD;
 E3: W - Wire/Core '12169' could not be created.&#xD;
 E3: W - Component FLRY-Iy not found in database - nothing changed !&#xD;
 E3: W - Wire/Core '11559' could not be created.&#xD;
 E3: W - Component FLRY-Ib not found in database - nothing changed !&#xD;
 E3: W - Wire/Core '11095' could not be created.&#xD;
 E3: W - Component FLRY-Iy not found in database - nothing changed !&#xD;
 E3: W - Wire/Core '11094' could not be created.&#xD;
 E3: W - Component FLRY-Iy not found in database - nothing changed !&#xD;
 E3: W - Wire/Core '11061' could not be created.&#xD;
 E3: W - Component FLRY-Ib not found in database - nothing changed !&#xD;
 E3: W - Wire/Core '11560' could not be created.&#xD;
 E3: W - Component FLRY-Ik not found in database - nothing changed !&#xD;
 E3: W - Wire/Core '11382' could not be created.&#xD;
 E3: W - Component FLRY-Iy not found in database - nothing changed !&#xD;
 E3: W - Wire/Core '11046' could not be created.&#xD;
 E3: W - Component FLRY-Ib not found in database - nothing changed !&#xD;
 E3: W - Wire/Core '12170' could not be created.&#xD;
 E3: W - Component FLRY-Ib not found in database - nothing changed !&#xD;
 E3: W - Wire/Core '11603' could not be created.&#xD;
 E3: W - Component FLRY-Ib not found in database - nothing changed !&#xD;
 E3: W - Wire/Core '11383' could not be created.&#xD;
 E3: W - Component FLRY-Ib not found in database - nothing changed !&#xD;
 E3: W - Wire/Core '11387' could not be created.&#xD;
 E3: W - Component FLRY-Ib not found in database - nothing changed !&#xD;
 E3: W - Wire/Core '11571' could not be created.&#xD;
 E3: W - Component FLRY-Ib not found in database - nothing changed !&#xD;
 E3: W - Wire/Core '11168' could not be created.&#xD;
 E3: W - Component FLRY-Ib not found in database - nothing changed !&#xD;
 E3: W - Wire/Core '11570' could not be created.&#xD;
 E3: W - Component FLRY-Ib not found in database - nothing changed !&#xD;
 E3: W - Wire/Core '12388' could not be created.&#xD;
 E3: W - Component FLRY-Ib not found in database - nothing changed !&#xD;
 E3: W - Wire/Core '11567' could not be created.&#xD;
 E3: W - Component FLRY-Ib not found in database - nothing changed !&#xD;
 E3: W - Wire/Core '11602' could not be created.&#xD;
 E3: W - Component FLRY-Ib not found in database - nothing changed !&#xD;
 E3: W - Wire/Core '11549' could not be created.&#xD;
 E3: W - Component FLRY-Ib not found in database - nothing changed !&#xD;
 E3: W - Wire/Core '11550' could not be created.&#xD;
 E3: W - Component FLRY-Ib not found in database - nothing changed !&#xD;
 E3: W - Wire/Core '11546' could not be created.&#xD;
 E3: W - Component FLRY-Ib not found in database - nothing changed !&#xD;
 E3: W - Wire/Core '11547' could not be created.&#xD;
 E3: W - Component FLRY-Iy not found in database - nothing changed !&#xD;
 E3: W - Wire/Core '11551' could not be created.&#xD;
 E3: W - Component FLRY-Iy not found in database - nothing changed !&#xD;
 E3: W - Wire/Core '11068' could not be created.&#xD;
 E3: W - Component FLRY-Iy not found in database - nothing changed !&#xD;
 E3: W - Wire/Core '11067' could not be created.&#xD;
 E3: W - Component FLRY-Iy not found in database - nothing changed !&#xD;
 E3: W - Wire/Core '12088' could not be created.&#xD;
 E3: W - Component FLRY-Iy not found in database - nothing changed !&#xD;
 E3: W - Wire/Core '11045' could not be created.&#xD;
 E3: W - Component FLRY-Iy not found in database - nothing changed !&#xD;
 E3: W - Wire/Core '11555' could not be created.&#xD;
 E3: W - Component FLRY-Iy not found in database - nothing changed !&#xD;
 E3: W - Wire/Core '12087' could not be created.&#xD;
 E3: W - Component FLRY-Ib not found in database - nothing changed !&#xD;
 E3: W - Wire/Core '11073' could not be created.&#xD;
 E3: W - Component FLRY-Iy not found in database - nothing changed !&#xD;
 E3: W - Wire/Core '11622' could not be created.&#xD;
 E3: W - Component FLRY-Iy not found in database - nothing changed !&#xD;
 E3: W - Wire/Core '11050' could not be created.&#xD;
 E3: W - Component FLRY-Iy not found in database - nothing changed !&#xD;
 E3: W - Wire/Core '11694' could not be created.&#xD;
 E3: W - Component FLRY-Iy not found in database - nothing changed !&#xD;
 E3: W - Wire/Core '11558' could not be created.&#xD;
 E3: W - Component FLRY-Iy not found in database - nothing changed !&#xD;
 E3: W - Wire/Core '11064' could not be created.&#xD;
 E3: W - Component FLRY-Ib not found in database - nothing changed !&#xD;
 E3: W - Wire/Core '11049' could not be created.&#xD;
 E3: W - Component FLRY-Iy not found in database - nothing changed !&#xD;
 E3: W - Wire/Core '11051' could not be created.&#xD;
 E3: W - Component FLRY-Iy not found in database - nothing changed !&#xD;
 E3: W - Wire/Core '11072' could not be created.&#xD;
 E3: W - Component FLRY-Iy not found in database - nothing changed !&#xD;
 E3: W - Wire/Core '12103' could not be created.&#xD;
 E3: W - Component FLRY-Iy not found in database - nothing changed !&#xD;
 E3: W - Wire/Core '11070' could not be created.&#xD;
 E3: W - Component FLRY-Iy not found in database - nothing changed !&#xD;
 E3: W - Wire/Core '11063' could not be created.&#xD;
 E3: W - Component FLRY-Iy not found in database - nothing changed !&#xD;
 E3: W - Wire/Core '11557' could not be created.&#xD;
 E3: W - Component FLRY-Iy not found in database - nothing changed !&#xD;
 E3: W - Wire/Core '11075' could not be created.&#xD;
 E3: W - Component FLRY-Iy not found in database - nothing changed !&#xD;
 E3: W - Wire/Core '11044' could not be created.&#xD;
 E3: W - Component FLRY-Iy not found in database - nothing changed !&#xD;
 E3: W - Wire/Core '11680' could not be created.&#xD;
 E3: W - Component FLRY-Iy not found in database - nothing changed !&#xD;
 E3: W - Wire/Core '11069' could not be created.&#xD;
 E3: W - Component FLRY-Ib not found in database - nothing changed !&#xD;
 E3: W - Wire/Core '11048' could not be created.&#xD;
 E3: W - Component FLRY-Iy not found in database - nothing changed !&#xD;
 E3: W - Wire/Core '11556' could not be created.&#xD;
 E3: W - Component FLRY-Iy not found in database - nothing changed !&#xD;
 E3: W - Wire/Core '11883' could not be created.&#xD;
 E3: W - Component FLRY-Iy not found in database - nothing changed !&#xD;
 E3: W - Wire/Core '11879' could not be created.&#xD;
 E3: W - Component FLRY-Iy not found in database - nothing changed !&#xD;
 E3: W - Wire/Core '11259' could not be created.&#xD;
 E3: W - Component FLRY-Ik not found in database - nothing changed !&#xD;
 E3: W - Wire/Core '11562' could not be created.&#xD;
 E3: W - Component FLRY-Iy not found in database - nothing changed !&#xD;
 E3: W - Wire/Core '11262' could not be created.&#xD;
 E3: W - Component FLRY-Iy not found in database - nothing changed !&#xD;
 E3: W - Wire/Core '11266' could not be created.&#xD;
 E3: W - Component FLRY-Iy not found in database - nothing changed !&#xD;
 E3: W - Wire/Core '11255' could not be created.&#xD;
 E3: W - Component FLRY-Iy not found in database - nothing changed !&#xD;
 E3: W - Wire/Core '11880' could not be created.&#xD;
 E3: W - Component FLRY-Iy not found in database - nothing changed !&#xD;
 E3: W - Wire/Core '11257' could not be created.&#xD;
 E3: W - Component FLRY-Iy not found in database - nothing changed !&#xD;
 E3: W - Wire/Core '11881' could not be created.&#xD;
 E3: W - Component FLRY-Iy not found in database - nothing changed !&#xD;
 E3: W - Wire/Core '11360' could not be created.&#xD;
 E3: W - Component FLRY-Iy not found in database - nothing changed !&#xD;
 E3: W - Wire/Core '11359' could not be created.&#xD;
 E3: W - Component FLRY-Iy not found in database - nothing changed !&#xD;
 E3: W - Wire/Core '11103' could not be created.&#xD;
 E3: W - Component FLRY-Iy not found in database - nothing changed !&#xD;
 E3: W - Wire/Core '11361' could not be created.&#xD;
 E3: W - Component FLRY-Iy not found in database - nothing changed !&#xD;
 E3: W - Wire/Core '11333' could not be created.&#xD;
 E3: W - Component FLRY-Iy not found in database - nothing changed !&#xD;
 E3: W - Wire/Core '11111' could not be created.&#xD;
 E3: W - Component FLRY-Iy not found in database - nothing changed !&#xD;
 E3: W - Wire/Core '11334' could not be created.&#xD;
 E3: W - Component FLRY-Iy not found in database - nothing changed !&#xD;
 E3: W - Wire/Core '11107' could not be created.&#xD;
 E3: W - Component FLRY-Iy not found in database - nothing changed !&#xD;
 E3: W - Wire/Core '11114' could not be created.&#xD;
 E3: W - Component FLRY-Iy not found in database - nothing changed !&#xD;
 E3: W - Wire/Core '11112' could not be created.&#xD;
 E3: W - Component FLRY-Iy not found in database - nothing changed !&#xD;
 E3: W - Wire/Core '11104' could not be created.&#xD;
 E3: W - Component FLRY-Iy not found in database - nothing changed !&#xD;
 E3: W - Wire/Core '11105' could not be created.&#xD;
 E3: W - Component FLRY-Iy not found in database - nothing changed !&#xD;
 E3: W - Wire/Core '11106' could not be created.&#xD;
 E3: W - Component FLRY-Iy not found in database - nothing changed !&#xD;
 E3: W - Wire/Core '11109' could not be created.&#xD;
 E3: W - Component FLRY-Iy not found in database - nothing changed !&#xD;
 E3: W - Wire/Core '11110' could not be created.&#xD;
 E3: W - Component FLRY-Iy not found in database - nothing changed !&#xD;
 E3: W - Wire/Core '11113' could not be created.&#xD;
 E3: W - Component FLRY-Ib not found in database - nothing changed !&#xD;
 E3: W - Wire/Core '12057' could not be created.&#xD;
 E3: W - Component FLRY-Iy not found in database - nothing changed !&#xD;
 E3: W - Wire/Core '11108' could not be created.&#xD;
 E3: W - Component FLRY-Iy not found in database - nothing changed !&#xD;
 E3: W - Wire/Core '11878' could not be created.&#xD;
 E3: W - Component FLRY-Iy not found in database - nothing changed !&#xD;
 E3: W - Wire/Core '11258' could not be created.&#xD;
 E3: W - Component FLRY-Ib not found in database - nothing changed !&#xD;
 E3: W - Wire/Core '11681' could not be created.&#xD;
 E3: W - Component FLRY-Iy not found in database - nothing changed !&#xD;
 E3: W - Wire/Core '11882' could not be created.&#xD;
 E3: W - Component FLRY-Ib not found in database - nothing changed !&#xD;
 E3: W - Wire/Core '11887' could not be created.&#xD;
 E3: W - Component FLRY-Ik not found in database - nothing changed !&#xD;
 E3: W - Wire/Core '11726' could not be created.&#xD;
 E3: W - Component FLRY-Iy not found in database - nothing changed !&#xD;
 E3: W - Wire/Core '11335' could not be created.&#xD;
 E3: W - Component FLRY-Iy not found in database - nothing changed !&#xD;
 E3: W - Wire/Core '11884' could not be created.&#xD;
 E3: W - Component FLRY-Ib not found in database - nothing changed !&#xD;
 E3: W - Wire/Core '11886' could not be created.&#xD;
 E3: W - Component FLRY-Iy not found in database - nothing changed !&#xD;
 E3: W - Wire/Core '11326' could not be created.&#xD;
 E3: W - Component FLRY-Iy not found in database - nothing changed !&#xD;
 E3: W - Wire/Core '11171' could not be created.&#xD;
 E3: W - Component FLRY-Iy not found in database - nothing changed !&#xD;
 E3: W - Wire/Core '11179' could not be created.&#xD;
 E3: W - Component FLRY-Iy not found in database - nothing changed !&#xD;
 E3: W - Wire/Core '11252' could not be created.&#xD;
 E3: W - Component FLRY-Iy not found in database - nothing changed !&#xD;
 E3: W - Wire/Core '11211' could not be created.&#xD;
 E3: W - Component FLRY-Iy not found in database - nothing changed !&#xD;
 E3: W - Wire/Core '11212' could not be created.&#xD;
 E3: W - Component FLRY-Iy not found in database - nothing changed !&#xD;
 E3: W - Wire/Core '11021' could not be created.&#xD;
 E3: W - Component FLRY-Iy not found in database - nothing changed !&#xD;
 E3: W - Wire/Core '11254' could not be created.&#xD;
 E3: W - Component FLRY-Iy not found in database - nothing changed !&#xD;
 E3: W - Wire/Core '11204' could not be created.&#xD;
 E3: W - Component FLRY-Iy not found in database - nothing changed !&#xD;
 E3: W - Wire/Core '11253' could not be created.&#xD;
 E3: W - Component FLRY-Iy not found in database - nothing changed !&#xD;
 E3: W - Wire/Core '11205' could not be created.&#xD;
 E3: W - Component FLRY-Iy not found in database - nothing changed !&#xD;
 E3: W - Wire/Core '11031' could not be created.&#xD;
 E3: W - Component FLRY-Iy not found in database - nothing changed !&#xD;
 E3: W - Wire/Core '11180' could not be created.&#xD;
 E3: W - Component FLRY-Iy not found in database - nothing changed !&#xD;
 E3: W - Wire/Core '11563' could not be created.&#xD;
 E3: W - Component FLRY-Iy not found in database - nothing changed !&#xD;
 E3: W - Wire/Core '11023' could not be created.&#xD;
 E3: W - Component FLRY-Iy not found in database - nothing changed !&#xD;
 E3: W - Wire/Core '11170' could not be created.&#xD;
 E3: W - Component FLRY-Iy not found in database - nothing changed !&#xD;
 E3: W - Wire/Core '11225' could not be created.&#xD;
 E3: W - Component FLRY-Iy not found in database - nothing changed !&#xD;
 E3: W - Wire/Core '11251' could not be created.&#xD;
 E3: W - Component FLRY-Iy not found in database - nothing changed !&#xD;
 E3: W - Wire/Core '11213' could not be created.&#xD;
 E3: W - Component FLRY-Iy not found in database - nothing changed !&#xD;
 E3: W - Wire/Core '11564' could not be created.&#xD;
 E3: W - Component FLR2X-Xy not found in database - nothing changed !&#xD;
 E3: W - Wire/Core '21226' could not be created.&#xD;
 E3: W - Component FLRY-Iy not found in database - nothing changed !&#xD;
 E3: W - Wire/Core '21232' could not be created.&#xD;
 E3: W - Component FLRY-Iy not found in database - nothing changed !&#xD;
 E3: W - Wire/Core '21235' could not be created.&#xD;
 E3: W - Component FLRY-Ib not found in database - nothing changed !&#xD;
 E3: W - Wire/Core '11633' could not be created.&#xD;
 E3: W - Component FLRY-Iy not found in database - nothing changed !&#xD;
 E3: W - Wire/Core '21236' could not be created.&#xD;
 E3: W - Component FLRY-Ib not found in database - nothing changed !&#xD;
 E3: W - Wire/Core '21227' could not be created.&#xD;
 E3: W - Component FLRY-Iy not found in database - nothing changed !&#xD;
 E3: W - Wire/Core '21231' could not be created.&#xD;
 E3: W - Component FLRY-Iy not found in database - nothing changed !&#xD;
 E3: W - Wire/Core '21229' could not be created.&#xD;
 E3: W - Component FLRY-Iy not found in database - nothing changed !&#xD;
 E3: W - Wire/Core '21228' could not be created.&#xD;
 E3: W - Component FLRY-Iy not found in database - nothing changed !&#xD;
 E3: W - Wire/Core '21230' could not be created.&#xD;
 E3: W - Component FLRY-Ik not found in database - nothing changed !&#xD;
 E3: W - Wire/Core '21233' could not be created.&#xD;
 E3: W - Component FLRY-Iy not found in database - nothing changed !&#xD;
 E3: W - Wire/Core '21234' could not be created.&#xD;
 E3: W - Component FLR2X-Xy not found in database - nothing changed !&#xD;
 E3: W - Wire/Core '21248' could not be created.&#xD;
 E3: W - Component FLR2X-Xy not found in database - nothing changed !&#xD;
 E3: W - Wire/Core '21249' could not be created.&#xD;
 E3: W - Component FLR2X-Xy not found in database - nothing changed !&#xD;
 E3: W - Wire/Core '21247' could not be created.&#xD;
 E3: W - Component FLR2X-Xy not found in database - nothing changed !&#xD;
 E3: W - Wire/Core '12564' could not be created.&#xD;
 E3: W - Component FLR2X-Xy not found in database - nothing changed !&#xD;
 E3: W - Wire/Core '12565' could not be created.&#xD;
 E3: W - Component FLR2X-Xy not found in database - nothing changed !&#xD;
 E3: W - Wire/Core '12566' could not be created.&#xD;
 E3: W - Component FLR2X-Xy not found in database - nothing changed !&#xD;
 E3: W - Wire/Core '12563' could not be created.&#xD;
 E3: W - Component FLR2X-Xy not found in database - nothing changed !&#xD;
 E3: W - Wire/Core '12567' could not be created.&#xD;
 E3: W - Component FLR2X-Xy not found in database - nothing changed !&#xD;
 E3: W - Wire/Core '12568' could not be created.&#xD;
 E3: W - Component FLRY-Iy not found in database - nothing changed !&#xD;
 E3: W - Wire/Core '12571' could not be created.&#xD;
 E3: W - Component FLRY-Iy not found in database - nothing changed !&#xD;
 E3: W - Wire/Core '12570' could not be created.&#xD;
 E3: W - Component FLR2X-Xy not found in database - nothing changed !&#xD;
 E3: W - Wire/Core '12569' could not be created.&#xD;
 E3: W - Component FLRY-Iy not found in database - nothing changed !&#xD;
 E3: W - Wire/Core '11116' could not be created.&#xD;
 E3: W - Component FLR2X-Xy not found in database - nothing changed !&#xD;
 E3: W - Wire/Core '12817' could not be created.&#xD;
 E3: W - Component FLR2X-Xy not found in database - nothing changed !&#xD;
 E3: W - Wire/Core '12818' could not be created.&#xD;
 E3: W - Component FLRY-Ib not found in database - nothing changed !&#xD;
 E3: W - Wire/Core '11131' could not be created.&#xD;
 E3: W - Component FLR2X-Xy not found in database - nothing changed !&#xD;
 E3: W - Wire/Core '12630' could not be created.&#xD;
 E3: W - Component FLR2X-Xy not found in database - nothing changed !&#xD;
 E3: W - Wire/Core '12607' could not be created.&#xD;
 E3: W - Component FLRY-Iy not found in database - nothing changed !&#xD;
 E3: W - Wire/Core '11927' could not be created.&#xD;
 E3: W - Component FLRY-Iy not found in database - nothing changed !&#xD;
 E3: W - Wire/Core '11923' could not be created.&#xD;
 E3: W - Component FLRY-Iy not found in database - nothing changed !&#xD;
 E3: W - Wire/Core '11939' could not be created.&#xD;
 E3: W - Component FLRY-Ib not found in database - nothing changed !&#xD;
 E3: W - Wire/Core '12588' could not be created.&#xD;
 E3: W - Component FLRY-Iy not found in database - nothing changed !&#xD;
 E3: W - Wire/Core '12288' could not be created.&#xD;
 E3: W - Component FLRY-Ib not found in database - nothing changed !&#xD;
 E3: W - Wire/Core '12396' could not be created.&#xD;
 E3: W - Component FLRY-Ib not found in database - nothing changed !&#xD;
 E3: W - Wire/Core '12289' could not be created.&#xD;
 E3: W - Component FLRY-Ib not found in database - nothing changed !&#xD;
 E3: W - Wire/Core '12589' could not be created.&#xD;
 E3: W - Component FLRY-Iy not found in database - nothing changed !&#xD;
 E3: W - Wire/Core '12395' could not be created.&#xD;
 E3: W - Component FLRY-Iy not found in database - nothing changed !&#xD;
 E3: W - Wire/Core '12597' could not be created.&#xD;
 E3: W - Component FLRY-Ib not found in database - nothing changed !&#xD;
 E3: W - Wire/Core '12397' could not be created.&#xD;
 E3: I - Formboard sheet 'M1' was created.&#xD;
 E3: I - Closing project 'Empty' without saving modifications...&#xD;

---Finish: 10.10.2023 - 12:09:34---</StdOut>
      </Output>
    </UnitTestResult>
  </Results>
  <TestDefinitions>
    <UnitTest name="KBL_A2135404528__________0001_4__a213_540_45_28_001_20150317_hcv_document" storage="c:\98cb2487-a328-44ed-84c1-860946a47003\e3.bridgetest.dll" id="7fe06080-1957-4e22-bd91-c821dbc835ff">
      <Execution id="517936c1-ee98-439e-a72a-47846c062800" />
      <TestMethod codeBase="C:\98cb2487-a328-44ed-84c1-860946a47003\E3.BridgeTest.dll" adapterTypeName="executor://mstestadapter/v2" className="E3.BridgeTest.RoutingBridge+KBLLongImport_2" name="KBL_A2135404528__________0001_4__a213_540_45_28_001_20150317_hcv_document" />
    </UnitTest>
  </TestDefinitions>
  <TestEntries>
    <TestEntry testId="7fe06080-1957-4e22-bd91-c821dbc835ff" executionId="517936c1-ee98-439e-a72a-47846c062800" testListId="8c84fa94-04c1-424b-9868-57a2d4851a1d" />
  </TestEntries>
  <TestLists>
    <TestList name="Results Not in a List" id="8c84fa94-04c1-424b-9868-57a2d4851a1d" />
    <TestList name="All Loaded Results" id="19431567-8539-422a-85d7-44ee4e166bda" />
  </TestLists>
  <ResultSummary outcome="Completed">
    <Counters total="1" executed="1" passed="1" failed="0" error="0" timeout="0" aborted="0" inconclusive="0" passedButRunAborted="0" notRunnable="0" notExecuted="0" disconnected="0" warning="0" completed="0" inProgress="0" pending="0" />
    <Output>
      <StdOut>MSTest Executor: Test Parallelization enabled for C:\98cb2487-a328-44ed-84c1-860946a47003\E3.BridgeTest.dll (Workers: 1, Scope: ClassLevel).&#xD;
</StdOut>
    </Output>
    <CollectorDataEntries>
      <Collector agentName="3EB9712E66C6" uri="datacollector://microsoft/CodeCoverage/2.0" collectorDisplayName="Code Coverage">
        <UriAttachments>
          <UriAttachment>
            <A href="3EB9712E66C6\ContainerAdministrator_3EB9712E66C6_2023-10-10.11_59_40.coverage"></A>
          </UriAttachment>
        </UriAttachments>
      </Collector>
    </CollectorDataEntries>
  </ResultSummary>
</TestRun>