<?xml version="1.0" encoding="utf-8"?>
<TestRun id="c53e6947-aae6-40a5-8bb1-e599781994c4" name="ContainerAdministrator@F41EF5681340 2023-10-10 12:16:41" runUser="User Manager\ContainerAdministrator" xmlns="http://microsoft.com/schemas/VisualStudio/TeamTest/2010">
  <Times creation="2023-10-10T12:16:41.8523934+02:00" queuing="2023-10-10T12:16:41.8523934+02:00" start="2023-10-10T11:59:36.8101020+02:00" finish="2023-10-10T12:16:41.8847081+02:00" />
  <TestSettings name="default" id="f825b0f3-a624-4d7b-955a-525dda8e6200">
    <Deployment runDeploymentRoot="9a111d319c9d90873eed658dc3e0d717" />
  </TestSettings>
  <Results>
    <UnitTestResult executionId="53febc78-7988-4e6f-9595-1d69c34c73b0" testId="1daa1d6c-9b27-451a-a211-304b2d1f6423" testName="KBL_document2_RL_2D" computerName="F41EF5681340" duration="00:16:49.2148351" startTime="2023-10-10T11:59:41.7164539+02:00" endTime="2023-10-10T12:16:41.1861578+02:00" testType="13cdc9d9-ddb5-4fa4-a97d-d965ccfc6d4b" outcome="Passed" testListId="8c84fa94-04c1-424b-9868-57a2d4851a1d" relativeResultsDirectory="53febc78-7988-4e6f-9595-1d69c34c73b0">
      <Output>
        <StdOut>TotalProcessorTime: 00:00:00.1406250&#xD;
ProcessName: E3.series&#xD;
StartTime: 10/10/2023 11:59:42 AM&#xD;
Cnt: 1&#xD;
TotalProcessorTime: 00:00:01.2187500&#xD;
ProcessName: E3.series&#xD;
StartTime: 10/10/2023 11:59:42 AM&#xD;
Cnt: 2&#xD;
TotalProcessorTime: 00:00:02.2500000&#xD;
ProcessName: E3.series&#xD;
StartTime: 10/10/2023 11:59:42 AM&#xD;
Cnt: 3&#xD;
TotalProcessorTime: 00:00:03.1718750&#xD;
ProcessName: E3.series&#xD;
StartTime: 10/10/2023 11:59:42 AM&#xD;
Cnt: 4&#xD;
---Start: 10.10.2023 - 11:59:51---
&#xD;
[11:59:51]  Using E3 2024 (Oct 10 2023 11:15:29 Build 25.00-Develop @264160) 64 Bit, ProcessId 35164&#xD;
[11:59:52]  Start Test: KBL_document2_RL_2D&#xD;
[11:59:52]  Defining database with name Standard...
Given paths are: c:\appveyor\bin\E3.3DRoutingBridge\Mainline\E3.BridgeTest\TestFiles\KBL_Import_Tests\..\Databases\Standard\Components.mdb	c:\appveyor\bin\E3.3DRoutingBridge\Mainline\E3.BridgeTest\TestFiles\KBL_Import_Tests\..\Databases\Standard\symbols.mdb	c:\appveyor\bin\E3.3DRoutingBridge\Mainline\E3.BridgeTest\TestFiles\KBL_Import_Tests\..\Databases\Standard\Configuration.mdb&#xD;
[11:59:57]  Setting current database Standard&#xD;
[11:59:57]  E3 open project&#xD;
[11:59:58]  Doing repaircheck...&#xD;
[11:59:58]  Tool startet: c:\\appveyor\\bin\\E3.3DRoutingBridge\\Mainline\\bin\\Release\\x64\\E3_3DRoutingBridge.exe&#xD;
[12:14:37]  Tool fertig: c:\\appveyor\\bin\\E3.3DRoutingBridge\\Mainline\\bin\\Release\\x64\\E3_3DRoutingBridge.exe : ExitCode 0&#xD;
[12:14:55]  test.NAME: KBL_document2_RL_2D&#xD;
[12:14:55]  preparedOutputFile: c:\appveyor\bin\E3.3DRoutingBridge\Mainline\E3.BridgeTest\TestFiles\KBL_Import_Tests\ResultsKBLLongImport_1\2023-10-10--12-14-52_KBL_document2_RL_2D_temp.xml&#xD;
[12:14:55]  preparedReferenceFile: c:\appveyor\bin\E3.3DRoutingBridge\Mainline\E3.BridgeTest\TestFiles\KBL_Import_Tests\ResultsKBLLongImport_1\2023-10-10--12-14-52_KBL_document2_RL_2D_ref_temp.xml&#xD;
[12:14:55]  Start CompareXML: xmlExportFileName: c:\appveyor\bin\E3.3DRoutingBridge\Mainline\E3.BridgeTest\TestFiles\KBL_Import_Tests\ResultsKBLLongImport_1\2023-10-10--12-14-52_KBL_document2_RL_2D_temp.xml to xmlRefFileName: c:\appveyor\bin\E3.3DRoutingBridge\Mainline\E3.BridgeTest\TestFiles\KBL_Import_Tests\ResultsKBLLongImport_1\2023-10-10--12-14-52_KBL_document2_RL_2D_ref_temp.xml&#xD;
[12:16:40]  Test KBL_document2_RL_2D for Tool 3DRoutingBridge equal to Reference!&#xD;
[12:16:40]  Der Test  3DRoutingBridge is successful!&#xD;
[12:16:40]  TestCleanup&#xD;

_____________________E3 output below_____________________
&#xD;
 E3: E³.series 2024 (Oct 10 2023 11:15:29 Build 25.00-Develop @264160) 64 Bit&#xD;
 E3: Workspace 'C:\Users\ContainerAdministrator\AppData\Roaming\Zuken\E3.series\25.0\workspace-cable-44.xml' could not be found. Workspace could not be opened!&#xD;
 E3: Project C:\34da2f4f-6f47-45b3-afd0-5ff87ea0d5e2\temp.e3s created.&#xD;
 E3: I - Item Validation enabled&#xD;
 E3: I - Validating project&#xD;
 E3: I - Validation enabled for this project&#xD;
 E3: I - Closing project 'temp' without saving modifications...&#xD;
 E3: I - Opening Project  c:\appveyor\bin\E3.3DRoutingBridge\Mainline\E3.BridgeTest\TestFiles\Templates\Empty.e3s&#xD;
 E3: I - Updating internal structures: 200 cycles up to version 2505...&#xD;
 E3: 2305 &#xD;
 E3: 2306 &#xD;
 E3: 2307 &#xD;
 E3: 2308 &#xD;
 E3: 2309 &#xD;
 E3: 2310 &#xD;
 E3: 2311 &#xD;
 E3: 2312 &#xD;
 E3: 2399 &#xD;
 E3: 2400 &#xD;
 E3: 2401 &#xD;
 E3: 2402 &#xD;
 E3: 2403 &#xD;
 E3: 2404 &#xD;
 E3: 2405 &#xD;
 E3: 2406 &#xD;
 E3: 2407 &#xD;
 E3: 2408 &#xD;
 E3: 2499 &#xD;
 E3: 2500 &#xD;
 E3: 2501 &#xD;
 E3: 2502 &#xD;
 E3: 2503 &#xD;
 E3: 2504 &#xD;
 E3: OK.&#xD;
 E3: Project c:\appveyor\bin\E3.3DRoutingBridge\Mainline\E3.BridgeTest\TestFiles\Templates\Empty.e3s opened.&#xD;
 E3: W - Project has been opened in READ ONLY mode, you can't save any changes to the existing project!&#xD;
 E3: I - Item Validation enabled&#xD;
 E3: I - Validating project&#xD;
 E3: I - Validation enabled for this project&#xD;
 E3: repair_check_extended(0)&#xD;
 E3: --------------------------------------------------------------------------&#xD;
 E3: consistency check (17)....
&#xD;
 E3: ....
&#xD;
 E3: dump lost....
&#xD;
 E3: ....
&#xD;
 E3: new consistency check (45) and dump lost items (46)....
&#xD;
 E3: ....
&#xD;
 E3: - done -------------------------------------------------------------------
&#xD;
 E3: I - No known issues found&#xD;
 E3: Starting Harness Import import&#xD;
 E3: W - Component A0275457226 not found in database !&#xD;
 E3: W - Cannot load Component 'A0275457226' from database - look in output window for details... &#xD;
 E3: E - Cannot create new device 'B22/10*1-B_V1' with component 'A0275457226'&#xD;
 E3: W - Component A0005454738 not found in database !&#xD;
 E3: W - Cannot load Component 'A0005454738' from database - look in output window for details... &#xD;
 E3: E - Cannot create new device 'X62/7*1-B_V1' with component 'A0005454738'&#xD;
 E3: W - Component A0005454738 not found in database !&#xD;
 E3: W - Cannot load Component 'A0005454738' from database - look in output window for details... &#xD;
 E3: E - Cannot create new device 'X62/6*1-B_V1' with component 'A0005454738'&#xD;
 E3: W - Component A2105402181 not found in database !&#xD;
 E3: W - Cannot load Component 'A2105402181' from database - look in output window for details... &#xD;
 E3: E - Cannot create new device 'H3/1*1-B_V1_O1' with component 'A2105402181'&#xD;
 E3: W - Component A2105402181 not found in database !&#xD;
 E3: W - Cannot load Component 'A2105402181' from database - look in output window for details... &#xD;
 E3: E - Cannot create new device 'H3/1*1-B_V1_O2' with component 'A2105402181'&#xD;
 E3: W - Component A0275457226 not found in database !&#xD;
 E3: W - Cannot load Component 'A0275457226' from database - look in output window for details... &#xD;
 E3: E - Cannot create new device 'N33/5*1-B_V1' with component 'A0275457226'&#xD;
 E3: W - Component A1729821302 not found in database !&#xD;
 E3: W - Cannot load Component 'A1729821302' from database - look in output window for details... &#xD;
 E3: E - Cannot create new device 'W84*1-K_V1' with component 'A1729821302'&#xD;
 E3: W - Component A1665401181 not found in database !&#xD;
 E3: W - Cannot load Component 'A1665401181' from database - look in output window for details... &#xD;
 E3: E - Cannot create new device 'N2/5*1-B_V1' with component 'A1665401181'&#xD;
 E3: W - Component A1729821302 not found in database !&#xD;
 E3: W - Cannot load Component 'A1729821302' from database - look in output window for details... &#xD;
 E3: E - Cannot create new device 'W12*1-K_V1' with component 'A1729821302'&#xD;
 E3: W - Component A0315450226 not found in database !&#xD;
 E3: W - Cannot load Component 'A0315450226' from database - look in output window for details... &#xD;
 E3: E - Cannot create new device 'N83/1*1-B_V1' with component 'A0315450226'&#xD;
 E3: W - Component A2105402081 not found in database !&#xD;
 E3: W - Cannot load Component 'A2105402081' from database - look in output window for details... &#xD;
 E3: E - Cannot create new device 'A2/38*1-B_V1' with component 'A2105402081'&#xD;
 E3: W - Component A2105402081 not found in database !&#xD;
 E3: W - Cannot load Component 'A2105402081' from database - look in output window for details... &#xD;
 E3: E - Cannot create new device 'A2/40*1-B_V1' with component 'A2105402081'&#xD;
 E3: W - Component A0275457026 not found in database !&#xD;
 E3: W - Cannot load Component 'A0275457026' from database - look in output window for details... &#xD;
 E3: E - Cannot create new device 'Y129/1*1-B_V1' with component 'A0275457026'&#xD;
 E3: W - Component A2045453326 not found in database !&#xD;
 E3: W - Cannot load Component 'A2045453326' from database - look in output window for details... &#xD;
 E3: E - Cannot create new device 'R12/69*1-B_V1' with component 'A2045453326'&#xD;
 E3: W - Component A0275457626 not found in database !&#xD;
 E3: W - Cannot load Component 'A0275457626' from database - look in output window for details... &#xD;
 E3: E - Cannot create new device 'N37/8*1-B_V1' with component 'A0275457626'&#xD;
 E3: W - Component A0295451226 not found in database !&#xD;
 E3: W - Cannot load Component 'A0295451226' from database - look in output window for details... &#xD;
 E3: E - Cannot create new device 'B94/34*1-B_V1' with component 'A0295451226'&#xD;
 E3: W - Component A0275457626 not found in database !&#xD;
 E3: W - Cannot load Component 'A0275457626' from database - look in output window for details... &#xD;
 E3: E - Cannot create new device 'N37/11*1-B_V1' with component 'A0275457626'&#xD;
 E3: W - Component A2235406315 not found in database !&#xD;
 E3: W - Cannot load Component 'A2235406315' from database - look in output window for details... &#xD;
 E3: E - Cannot create new device 'N88*1-B_V1' with component 'A2235406315'&#xD;
 E3: W - Component A0335455326 not found in database !&#xD;
 E3: W - Cannot load Component 'A0335455326' from database - look in output window for details... &#xD;
 E3: E - Cannot create new device 'R12/6*1-B_V1_O1' with component 'A0335455326'&#xD;
 E3: W - Component A1729821302 not found in database !&#xD;
 E3: W - Cannot load Component 'A1729821302' from database - look in output window for details... &#xD;
 E3: E - Cannot create new device 'W6*1-K_V1' with component 'A1729821302'&#xD;
 E3: W - Component A2235404902 not found in database !&#xD;
 E3: W - Cannot load Component 'A2235404902' from database - look in output window for details... &#xD;
 E3: E - Cannot create new device 'N62/4*E2-B_V1' with component 'A2235404902'&#xD;
 E3: W - Component A2235404902 not found in database !&#xD;
 E3: W - Cannot load Component 'A2235404902' from database - look in output window for details... &#xD;
 E3: E - Cannot create new device 'N62/4*E5-B_V1' with component 'A2235404902'&#xD;
 E3: W - Component A2235404902 not found in database !&#xD;
 E3: W - Cannot load Component 'A2235404902' from database - look in output window for details... &#xD;
 E3: E - Cannot create new device 'N62/4*E4-B_V1' with component 'A2235404902'&#xD;
 E3: W - Component A0005409400 not found in database !&#xD;
 E3: W - Cannot load Component 'A0005409400' from database - look in output window for details... &#xD;
 E3: E - Cannot create new device 'N62/3*M01-B_V1' with component 'A0005409400'&#xD;
 E3: W - Component A0255458926 not found in database !&#xD;
 E3: W - Cannot load Component 'A0255458926' from database - look in output window for details... &#xD;
 E3: E - Cannot create new device 'N62/4*1-B_V1' with component 'A0255458926'&#xD;
 E3: W - Component A2235404902 not found in database !&#xD;
 E3: W - Cannot load Component 'A2235404902' from database - look in output window for details... &#xD;
 E3: E - Cannot create new device 'N62/3*E01-B_V1' with component 'A2235404902'&#xD;
 E3: W - Component A0235455526 not found in database !&#xD;
 E3: W - Cannot load Component 'A0235455526' from database - look in output window for details... &#xD;
 E3: E - Cannot create new device 'N40/3*3-B_V1' with component 'A0235455526'&#xD;
 E3: W - Component A2235408504 not found in database !&#xD;
 E3: W - Cannot load Component 'A2235408504' from database - look in output window for details... &#xD;
 E3: E - Cannot create new device 'N40/14*1-B_V1' with component 'A2235408504'&#xD;
 E3: W - Component A2235408304 not found in database !&#xD;
 E3: W - Cannot load Component 'A2235408304' from database - look in output window for details... &#xD;
 E3: E - Cannot create new device 'N40/3*1-B_V1' with component 'A2235408304'&#xD;
 E3: W - Component A2045453626 not found in database !&#xD;
 E3: W - Cannot load Component 'A2045453626' from database - look in output window for details... &#xD;
 E3: E - Cannot create new device 'N62/3*4F1-B_V1' with component 'A2045453626'&#xD;
 E3: W - Component A0005451621 not found in database !&#xD;
 E3: W - Cannot load Component 'A0005451621' from database - look in output window for details... &#xD;
 E3: E - Cannot create new device 'N62/3*2F1-B_V1' with component 'A0005451621'&#xD;
 E3: W - Component A1729821302 not found in database !&#xD;
 E3: W - Cannot load Component 'A1729821302' from database - look in output window for details... &#xD;
 E3: E - Cannot create new device 'W6/1*1-K_V1' with component 'A1729821302'&#xD;
 E3: W - Component A0005459919 not found in database !&#xD;
 E3: W - Cannot load Component 'A0005459919' from database - look in output window for details... &#xD;
 E3: E - Cannot create new device 'N118/3*2-B_V1' with component 'A0005459919'&#xD;
 E3: W - Component A0005454120 not found in database !&#xD;
 E3: W - Cannot load Component 'A0005454120' from database - look in output window for details... &#xD;
 E3: E - Cannot create new device 'N118/3*1-B_V1' with component 'A0005454120'&#xD;
 E3: W - Component A0275457226 not found in database !&#xD;
 E3: W - Cannot load Component 'A0275457226' from database - look in output window for details... &#xD;
 E3: E - Cannot create new device 'M14/10*1-B_V1' with component 'A0275457226'&#xD;
 E3: W - Component A1729821302 not found in database !&#xD;
 E3: W - Cannot load Component 'A1729821302' from database - look in output window for details... &#xD;
 E3: E - Cannot create new device 'W7*1-K_V1' with component 'A1729821302'&#xD;
 E3: W - Component A1729821302 not found in database !&#xD;
 E3: W - Cannot load Component 'A1729821302' from database - look in output window for details... &#xD;
 E3: E - Cannot create new device 'W7/8*1-K_V1' with component 'A1729821302'&#xD;
 E3: W - Component A0005408604 not found in database !&#xD;
 E3: W - Cannot load Component 'A0005408604' from database - look in output window for details... &#xD;
 E3: E - Cannot create new device 'N10/8*RB1-B_V1' with component 'A0005408604'&#xD;
 E3: W - Component A0005408704 not found in database !&#xD;
 E3: W - Cannot load Component 'A0005408704' from database - look in output window for details... &#xD;
 E3: E - Cannot create new device 'N10/8*RB2-B_V1' with component 'A0005408704'&#xD;
 E3: W - Component A0385451228 not found in database !&#xD;
 E3: W - Cannot load Component 'A0385451228' from database - look in output window for details... &#xD;
 E3: E - Cannot create new device 'N10/8*AAG-B_V1' with component 'A0385451228'&#xD;
 E3: W - Component A0005408804 not found in database !&#xD;
 E3: W - Cannot load Component 'A0005408804' from database - look in output window for details... &#xD;
 E3: E - Cannot create new device 'N10/8*RB3-B_V1' with component 'A0005408804'&#xD;
 E3: W - Component A0005454431 not found in database !&#xD;
 E3: W - Cannot load Component 'A0005454431' from database - look in output window for details... &#xD;
 E3: E - Cannot create new device 'F152/2*S1-B_V1' with component 'A0005454431'&#xD;
 E3: W - Component A0005454731 not found in database !&#xD;
 E3: W - Cannot load Component 'A0005454731' from database - look in output window for details... &#xD;
 E3: E - Cannot create new device 'F152/2*S4-B_V1' with component 'A0005454731'&#xD;
 E3: W - Component A0005454031 not found in database !&#xD;
 E3: W - Cannot load Component 'A0005454031' from database - look in output window for details... &#xD;
 E3: E - Cannot create new device 'F152/2*S3-B_V1' with component 'A0005454031'&#xD;
 E3: W - Component A0005402002 not found in database !&#xD;
 E3: W - Cannot load Component 'A0005402002' from database - look in output window for details... &#xD;
 E3: E - Cannot create new device 'N118/5*2-B_V1' with component 'A0005402002'&#xD;
 E3: W - Component A0005455331 not found in database !&#xD;
 E3: W - Cannot load Component 'A0005455331' from database - look in output window for details... &#xD;
 E3: E - Cannot create new device 'F152/2*S6-B_V1' with component 'A0005455331'&#xD;
 E3: W - Component A0005455431 not found in database !&#xD;
 E3: W - Cannot load Component 'A0005455431' from database - look in output window for details... &#xD;
 E3: E - Cannot create new device 'F152/2*S7-B_V1' with component 'A0005455431'&#xD;
 E3: W - Component A0005454131 not found in database !&#xD;
 E3: W - Cannot load Component 'A0005454131' from database - look in output window for details... &#xD;
 E3: E - Cannot create new device 'F152/2*S5-B_V1' with component 'A0005454131'&#xD;
 E3: W - Component A0005454631 not found in database !&#xD;
 E3: W - Cannot load Component 'A0005454631' from database - look in output window for details... &#xD;
 E3: E - Cannot create new device 'F152/2*S8-B_V1' with component 'A0005454631'&#xD;
 E3: W - Component A0005454231 not found in database !&#xD;
 E3: W - Cannot load Component 'A0005454231' from database - look in output window for details... &#xD;
 E3: E - Cannot create new device 'F152/2*S9-B_V1' with component 'A0005454231'&#xD;
 E3: W - Component A0005458402 not found in database !&#xD;
 E3: W - Cannot load Component 'A0005458402' from database - look in output window for details... &#xD;
 E3: E - Cannot create new device 'N118/5*1-B_V1' with component 'A0005458402'&#xD;
 E3: W - Component A0325454326 not found in database !&#xD;
 E3: W - Cannot load Component 'A0325454326' from database - look in output window for details... &#xD;
 E3: E - Cannot create new device 'N28/1*B-B_V1' with component 'A0325454326'&#xD;
 E3: W - Component A0325453126 not found in database !&#xD;
 E3: W - Cannot load Component 'A0325453126' from database - look in output window for details... &#xD;
 E3: E - Cannot create new device 'N28/1*C-B_V1' with component 'A0325453126'&#xD;
 E3: W - Component A0325453226 not found in database !&#xD;
 E3: W - Cannot load Component 'A0325453226' from database - look in output window for details... &#xD;
 E3: E - Cannot create new device 'N28/1*D-B_V1' with component 'A0325453226'&#xD;
 E3: W - Component A1729821302 not found in database !&#xD;
 E3: W - Cannot load Component 'A1729821302' from database - look in output window for details... &#xD;
 E3: E - Cannot create new device 'W7/1*1-K_V1' with component 'A1729821302'&#xD;
 E3: W - Component A0065402681 not found in database !&#xD;
 E3: W - Cannot load Component 'A0065402681' from database - look in output window for details... &#xD;
 E3: E - Cannot create new device 'X62/32*3-B_V1' with component 'A0065402681'&#xD;
 E3: W - Component A1729821302 not found in database !&#xD;
 E3: W - Cannot load Component 'A1729821302' from database - look in output window for details... &#xD;
 E3: E - Cannot create new device 'W54/4*1-K_V1' with component 'A1729821302'&#xD;
 E3: W - Component A0335455526 not found in database !&#xD;
 E3: W - Cannot load Component 'A0335455526' from database - look in output window for details... &#xD;
 E3: E - Cannot create new device 'R12/11*1-B_V1' with component 'A0335455526'&#xD;
 E3: W - Component A1729821302 not found in database !&#xD;
 E3: W - Cannot load Component 'A1729821302' from database - look in output window for details... &#xD;
 E3: E - Cannot create new device 'W17*1-K_V1' with component 'A1729821302'&#xD;
 E3: W - Component A0065402681 not found in database !&#xD;
 E3: W - Cannot load Component 'A0065402681' from database - look in output window for details... &#xD;
 E3: E - Cannot create new device 'X62/33*3-B_V1' with component 'A0065402681'&#xD;
 E3: W - Component A1729821302 not found in database !&#xD;
 E3: W - Cannot load Component 'A1729821302' from database - look in output window for details... &#xD;
 E3: E - Cannot create new device 'W54/5*1-K_V1' with component 'A1729821302'&#xD;
 E3: W - Component A0335455526 not found in database !&#xD;
 E3: W - Cannot load Component 'A0335455526' from database - look in output window for details... &#xD;
 E3: E - Cannot create new device 'R12/12*1-B_V1' with component 'A0335455526'&#xD;
 E3: W - Component A2235407003 not found in database !&#xD;
 E3: W - Cannot load Component 'A2235407003' from database - look in output window for details... &#xD;
 E3: E - Cannot create new device 'N25/3*1-B_V1' with component 'A2235407003'&#xD;
 E3: W - Component A1715450128 not found in database !&#xD;
 E3: W - Cannot load Component 'A1715450128' from database - look in output window for details... &#xD;
 E3: E - Cannot create new device 'A92*1-B_V1' with component 'A1715450128'&#xD;
 E3: W - Component A0275457226 not found in database !&#xD;
 E3: W - Cannot load Component 'A0275457226' from database - look in output window for details... &#xD;
 E3: E - Cannot create new device 'B4/15*1-B_V1' with component 'A0275457226'&#xD;
 E3: W - Component A0055403981 not found in database !&#xD;
 E3: W - Cannot load Component 'A0055403981' from database - look in output window for details... &#xD;
 E3: E - Cannot create new device 'X25/4*1-B_V1' with component 'A0055403981'&#xD;
 E3: W - Component A0375455928 not found in database !&#xD;
 E3: W - Cannot load Component 'A0375455928' from database - look in output window for details... &#xD;
 E3: E - Cannot create new device 'X77/3*1-B_V1' with component 'A0375455928'&#xD;
 E3: W - Component A0005455722 not found in database !&#xD;
 E3: W - Cannot load Component 'A0005455722' from database - look in output window for details... &#xD;
 E3: E - Cannot create new device 'R13/8*1-B_V1' with component 'A0005455722'&#xD;
 E3: W - Component A0385451228 not found in database !&#xD;
 E3: W - Cannot load Component 'A0385451228' from database - look in output window for details... &#xD;
 E3: E - Cannot create new device 'X77/1*1-B_V1' with component 'A0385451228'&#xD;
 E3: W - Component A0375456528 not found in database !&#xD;
 E3: W - Cannot load Component 'A0375456528' from database - look in output window for details... &#xD;
 E3: E - Cannot create new device 'S68/22*1-B_V1' with component 'A0375456528'&#xD;
 E3: W - Component A0375455928 not found in database !&#xD;
 E3: W - Cannot load Component 'A0375455928' from database - look in output window for details... &#xD;
 E3: E - Cannot create new device 'S68/11*1-B_V1' with component 'A0375455928'&#xD;
 E3: W - Component A0385451228 not found in database !&#xD;
 E3: W - Cannot load Component 'A0385451228' from database - look in output window for details... &#xD;
 E3: E - Cannot create new device 'X77/2*1-B_V1' with component 'A0385451228'&#xD;
 E3: W - Component A0005455722 not found in database !&#xD;
 E3: W - Cannot load Component 'A0005455722' from database - look in output window for details... &#xD;
 E3: E - Cannot create new device 'R13/7*1-B_V1' with component 'A0005455722'&#xD;
 E3: W - Component A0005455722 not found in database !&#xD;
 E3: W - Cannot load Component 'A0005455722' from database - look in output window for details... &#xD;
 E3: E - Cannot create new device 'R13/6*1-B_V1' with component 'A0005455722'&#xD;
 E3: W - Component A0005455722 not found in database !&#xD;
 E3: W - Cannot load Component 'A0005455722' from database - look in output window for details... &#xD;
 E3: E - Cannot create new device 'R13/5*1-B_V1' with component 'A0005455722'&#xD;
 E3: W - Component A0375455928 not found in database !&#xD;
 E3: W - Cannot load Component 'A0375455928' from database - look in output window for details... &#xD;
 E3: E - Cannot create new device 'A2/61*1-B_V1' with component 'A0375455928'&#xD;
 E3: W - Component A0275457426 not found in database !&#xD;
 E3: W - Cannot load Component 'A0275457426' from database - look in output window for details... &#xD;
 E3: E - Cannot create new device 'B4/40*1-B_V1' with component 'A0275457426'&#xD;
 E3: W - Component A1729821302 not found in database !&#xD;
 E3: W - Cannot load Component 'A1729821302' from database - look in output window for details... &#xD;
 E3: E - Cannot create new device 'W3/2*1-K_V1' with component 'A1729821302'&#xD;
 E3: W - Component A0275457226 not found in database !&#xD;
 E3: W - Cannot load Component 'A0275457226' from database - look in output window for details... &#xD;
 E3: E - Cannot create new device 'B22/8*1-B_V1' with component 'A0275457226'&#xD;
 E3: W - Component A0285452726 not found in database !&#xD;
 E3: W - Cannot load Component 'A0285452726' from database - look in output window for details... &#xD;
 E3: E - Cannot create new device 'Y140/1*1-B_V1' with component 'A0285452726'&#xD;
 E3: W - Component A0095400081 not found in database !&#xD;
 E3: W - Cannot load Component 'A0095400081' from database - look in output window for details... &#xD;
 E3: E - Cannot create new device 'X11/35*1-B_V1' with component 'A0095400081'&#xD;
 E3: W - Component A0001532122 not found in database !&#xD;
 E3: W - Cannot load Component 'A0001532122' from database - look in output window for details... &#xD;
 E3: E - Cannot create new device 'X26/28*1-B_V1' with component 'A0001532122'&#xD;
 E3: W - Component A0275457626 not found in database !&#xD;
 E3: W - Cannot load Component 'A0275457626' from database - look in output window for details... &#xD;
 E3: E - Cannot create new device 'Y140*1-B_V1' with component 'A0275457626'&#xD;
 E3: W - Component A2105402081 not found in database !&#xD;
 E3: W - Cannot load Component 'A2105402081' from database - look in output window for details... &#xD;
 E3: E - Cannot create new device 'B11/7*1-B_V1_O1' with component 'A2105402081'&#xD;
 E3: W - Component A1685400181 not found in database !&#xD;
 E3: W - Cannot load Component 'A1685400181' from database - look in output window for details... &#xD;
 E3: E - Cannot create new device 'B94/8*1-B_V1' with component 'A1685400181'&#xD;
 E3: W - Component A0075408881 not found in database !&#xD;
 E3: W - Cannot load Component 'A0075408881' from database - look in output window for details... &#xD;
 E3: E - Cannot create new device 'S62/48*1-B_V1' with component 'A0075408881'&#xD;
 E3: W - Component A1675401808 not found in database !&#xD;
 E3: W - Cannot load Component 'A1675401808' from database - look in output window for details... &#xD;
 E3: E - Cannot create new device 'N51/8*1a-B_V1' with component 'A1675401808'&#xD;
 E3: W - Component A0005456319 not found in database !&#xD;
 E3: W - Cannot load Component 'A0005456319' from database - look in output window for details... &#xD;
 E3: E - Cannot create new device 'B48/1*1-B_V1' with component 'A0005456319'&#xD;
 E3: W - Component A0275457426 not found in database !&#xD;
 E3: W - Cannot load Component 'A0275457426' from database - look in output window for details... &#xD;
 E3: E - Cannot create new device 'M16/58*1-B_V1' with component 'A0275457426'&#xD;
 E3: W - Component A0005456617 not found in database !&#xD;
 E3: W - Cannot load Component 'A0005456617' from database - look in output window for details... &#xD;
 E3: E - Cannot create new device 'A89*1-B_V1' with component 'A0005456617'&#xD;
 E3: W - Component A2235405102 not found in database !&#xD;
 E3: W - Cannot load Component 'A2235405102' from database - look in output window for details... &#xD;
 E3: E - Cannot create new device 'A89*2-B_V1' with component 'A2235405102'&#xD;
 E3: W - Component A0225453226 not found in database !&#xD;
 E3: W - Cannot load Component 'A0225453226' from database - look in output window for details... &#xD;
 E3: E - Cannot create new device 'B92/20*1-B_V1' with component 'A0225453226'&#xD;
 E3: W - Component A0225452026 not found in database !&#xD;
 E3: W - Cannot load Component 'A0225452026' from database - look in output window for details... &#xD;
 E3: E - Cannot create new device 'R61*1-B_V1' with component 'A0225452026'&#xD;
 E3: W - Component A0275457226 not found in database !&#xD;
 E3: W - Cannot load Component 'A0275457226' from database - look in output window for details... &#xD;
 E3: E - Cannot create new device 'B22/9*1-B_V1' with component 'A0275457226'&#xD;
 E3: W - Component A0275457026 not found in database !&#xD;
 E3: W - Cannot load Component 'A0275457026' from database - look in output window for details... &#xD;
 E3: E - Cannot create new device 'Y129*1-B_V1' with component 'A0275457026'&#xD;
 E3: W - Component A0005458512 not found in database !&#xD;
 E3: W - Cannot load Component 'A0005458512' from database - look in output window for details... &#xD;
 E3: E - Cannot create new device 'X26/38*1-B_V1' with component 'A0005458512'&#xD;
 E3: W - Component A2035400481 not found in database !&#xD;
 E3: W - Cannot load Component 'A2035400481' from database - look in output window for details... &#xD;
 E3: E - Cannot create new device 'S62/47*1-B_V1' with component 'A2035400481'&#xD;
 E3: W - Component A2105402081 not found in database !&#xD;
 E3: W - Cannot load Component 'A2105402081' from database - look in output window for details... &#xD;
 E3: E - Cannot create new device 'B11/6*1-B_V1' with component 'A2105402081'&#xD;
 E3: W - Component A0005456319 not found in database !&#xD;
 E3: W - Cannot load Component 'A0005456319' from database - look in output window for details... &#xD;
 E3: E - Cannot create new device 'B48/2*1-B_V1' with component 'A0005456319'&#xD;
 E3: W - Component A0295451226 not found in database !&#xD;
 E3: W - Cannot load Component 'A0295451226' from database - look in output window for details... &#xD;
 E3: E - Cannot create new device 'X272*1-B_V1' with component 'A0295451226'&#xD;
 E3: W - Component A0335459326 not found in database !&#xD;
 E3: W - Cannot load Component 'A0335459326' from database - look in output window for details... &#xD;
 E3: E - Cannot create new device 'S7*1-B_V1' with component 'A0335459326'&#xD;
 E3: W - Component A0285450626 not found in database !&#xD;
 E3: W - Cannot load Component 'A0285450626' from database - look in output window for details... &#xD;
 E3: E - Cannot create new device 'X30/86*10-B_V1' with component 'A0285450626'&#xD;
 E3: W - Component A0285450626 not found in database !&#xD;
 E3: W - Cannot load Component 'A0285450626' from database - look in output window for details... &#xD;
 E3: E - Cannot create new device 'X30/86*12-B_V1' with component 'A0285450626'&#xD;
 E3: W - Component A0285450626 not found in database !&#xD;
 E3: W - Cannot load Component 'A0285450626' from database - look in output window for details... &#xD;
 E3: E - Cannot create new device 'X30/86*15-B_V1' with component 'A0285450626'&#xD;
 E3: W - Component A0285450626 not found in database !&#xD;
 E3: W - Cannot load Component 'A0285450626' from database - look in output window for details... &#xD;
 E3: E - Cannot create new device 'X30/86*18-B_V1' with component 'A0285450626'&#xD;
 E3: W - Component A0285450626 not found in database !&#xD;
 E3: W - Cannot load Component 'A0285450626' from database - look in output window for details... &#xD;
 E3: E - Cannot create new device 'X30/86*19-B_V1' with component 'A0285450626'&#xD;
 E3: W - Component A0285451326 not found in database !&#xD;
 E3: W - Cannot load Component 'A0285451326' from database - look in output window for details... &#xD;
 E3: E - Cannot create new device 'X30/86*11-B_V1' with component 'A0285451326'&#xD;
 E3: W - Component A1729821302 not found in database !&#xD;
 E3: W - Cannot load Component 'A1729821302' from database - look in output window for details... &#xD;
 E3: E - Cannot create new device 'W18*1-K_V1' with component 'A1729821302'&#xD;
 E3: W - Component A2235408904 not found in database !&#xD;
 E3: W - Cannot load Component 'A2235408904' from database - look in output window for details... &#xD;
 E3: E - Cannot create new device 'N32/2*1-B_V1' with component 'A2235408904'&#xD;
 E3: W - Component A0375456528 not found in database !&#xD;
 E3: W - Cannot load Component 'A0375456528' from database - look in output window for details... &#xD;
 E3: E - Cannot create new device 'X6/4*1-B_V1' with component 'A0375456528'&#xD;
 E3: W - Component A0445455328 not found in database !&#xD;
 E3: W - Cannot load Component 'A0445455328' from database - look in output window for details... &#xD;
 E3: E - Cannot create new device 'E17/47*1-S_V1' with component 'A0445455328'&#xD;
 E3: W - Component A0275457026 not found in database !&#xD;
 E3: W - Cannot load Component 'A0275457026' from database - look in output window for details... &#xD;
 E3: E - Cannot create new device 'B48/15*1-B_V1' with component 'A0275457026'&#xD;
 E3: W - Component A0285450926 not found in database !&#xD;
 E3: W - Cannot load Component 'A0285450926' from database - look in output window for details... &#xD;
 E3: E - Cannot create new device 'X30/88*1-B_V1' with component 'A0285450926'&#xD;
 E3: W - Component A0495458528 not found in database !&#xD;
 E3: W - Cannot load Component 'A0495458528' from database - look in output window for details... &#xD;
 E3: E - Cannot create new device 'X30/88*3-B_V1' with component 'A0495458528'&#xD;
 E3: W - Component A0495458528 not found in database !&#xD;
 E3: W - Cannot load Component 'A0495458528' from database - look in output window for details... &#xD;
 E3: E - Cannot create new device 'X30/88*4-B_V1' with component 'A0495458528'&#xD;
 E3: W - Component A0495458528 not found in database !&#xD;
 E3: W - Cannot load Component 'A0495458528' from database - look in output window for details... &#xD;
 E3: E - Cannot create new device 'X30/88*5-B_V1' with component 'A0495458528'&#xD;
 E3: W - Component A0495458528 not found in database !&#xD;
 E3: W - Cannot load Component 'A0495458528' from database - look in output window for details... &#xD;
 E3: E - Cannot create new device 'X30/88*6-B_V1' with component 'A0495458528'&#xD;
 E3: W - Component A1729821302 not found in database !&#xD;
 E3: W - Cannot load Component 'A1729821302' from database - look in output window for details... &#xD;
 E3: E - Cannot create new device 'W19*1-K_V1' with component 'A1729821302'&#xD;
 E3: W - Component A2235408904 not found in database !&#xD;
 E3: W - Cannot load Component 'A2235408904' from database - look in output window for details... &#xD;
 E3: E - Cannot create new device 'N32/1*1-B_V1' with component 'A2235408904'&#xD;
 E3: W - Component A0005402910 not found in database !&#xD;
 E3: W - Cannot load Component 'A0005402910' from database - look in output window for details... &#xD;
 E3: E - Cannot create new device 'X28/60*1-B_V1' with component 'A0005402910'&#xD;
 E3: W - Component A0485454728 not found in database !&#xD;
 E3: W - Cannot load Component 'A0485454728' from database - look in output window for details... &#xD;
 E3: E - Cannot create new device 'X28/45*1-B_V1' with component 'A0485454728'&#xD;
 E3: W - Component A0375456528 not found in database !&#xD;
 E3: W - Cannot load Component 'A0375456528' from database - look in output window for details... &#xD;
 E3: E - Cannot create new device 'X6/5*1-B_V1' with component 'A0375456528'&#xD;
 E3: W - Component A0445455328 not found in database !&#xD;
 E3: W - Cannot load Component 'A0445455328' from database - look in output window for details... &#xD;
 E3: E - Cannot create new device 'E17/48*1-S_V1' with component 'A0445455328'&#xD;
 E3: W - Component A0275457026 not found in database !&#xD;
 E3: W - Cannot load Component 'A0275457026' from database - look in output window for details... &#xD;
 E3: E - Cannot create new device 'B48/16*1-B_V1' with component 'A0275457026'&#xD;
 E3: W - Component A0395456628 not found in database !&#xD;
 E3: W - Cannot load Component 'A0395456628' from database - look in output window for details... &#xD;
 E3: E - Cannot create new device 'B38/2*1-B_V1_O2' with component 'A0395456628'&#xD;
 E3: W - Component A0005459323 not found in database !&#xD;
 E3: W - Cannot load Component 'A0005459323' from database - look in output window for details... &#xD;
 E3: E - Cannot create new device 'B84/19*1-B_V2' with component 'A0005459323'&#xD;
 E3: W - Component A0235455526 not found in database !&#xD;
 E3: W - Cannot load Component 'A0235455526' from database - look in output window for details... &#xD;
 E3: E - Cannot create new device 'B84/14*1-B_V1_O2' with component 'A0235455526'&#xD;
 E3: W - Component A2235457000 not found in database !&#xD;
 E3: W - Cannot load Component 'A2235457000' from database - look in output window for details... &#xD;
 E3: E - Cannot create new device 'A40/11*2-B_V1' with component 'A2235457000'&#xD;
 E3: W - Component A0005458533 not found in database !&#xD;
 E3: W - Cannot load Component 'A0005458533' from database - look in output window for details... &#xD;
 E3: E - Cannot create new device 'A40/11*1-B_V1' with component 'A0005458533'&#xD;
 E3: W - Component A0375455928 not found in database !&#xD;
 E3: W - Cannot load Component 'A0375455928' from database - look in output window for details... &#xD;
 E3: E - Cannot create new device 'R53*1-B_V1' with component 'A0375455928'&#xD;
 E3: W - Component A0375455928 not found in database !&#xD;
 E3: W - Cannot load Component 'A0375455928' from database - look in output window for details... &#xD;
 E3: E - Cannot create new device 'R53/1*1-B_V1' with component 'A0375455928'&#xD;
 E3: W - Component A0005458533 not found in database !&#xD;
 E3: W - Cannot load Component 'A0005458533' from database - look in output window for details... &#xD;
 E3: E - Cannot create new device 'A40/13*1-B_V1' with component 'A0005458533'&#xD;
 E3: W - Component A2235404902 not found in database !&#xD;
 E3: W - Cannot load Component 'A2235404902' from database - look in output window for details... &#xD;
 E3: E - Cannot create new device 'A40/13*2-B_V1' with component 'A2235404902'&#xD;
 E3: W - Component A0255459526 not found in database !&#xD;
 E3: W - Cannot load Component 'A0255459526' from database - look in output window for details... &#xD;
 E3: E - Cannot create new device 'X58/3*2-B_V1' with component 'A0255459526'&#xD;
 E3: W - Component A0065408381 not found in database !&#xD;
 E3: W - Cannot load Component 'A0065408381' from database - look in output window for details... &#xD;
 E3: E - Cannot create new device 'N70*1-B_V1' with component 'A0065408381'&#xD;
 E3: W - Component A0295452426 not found in database !&#xD;
 E3: W - Cannot load Component 'A0295452426' from database - look in output window for details... &#xD;
 E3: E - Cannot create new device 'R12/22*1-B_V1_O1' with component 'A0295452426'&#xD;
 E3: W - Component A0345458626 not found in database !&#xD;
 E3: W - Cannot load Component 'A0345458626' from database - look in output window for details... &#xD;
 E3: E - Cannot create new device 'A3/5*1-B_V1_O1' with component 'A0345458626'&#xD;
 E3: W - Component A0115405581 not found in database !&#xD;
 E3: W - Cannot load Component 'A0115405581' from database - look in output window for details... &#xD;
 E3: E - Cannot create new device 'N121/1*1-B_V1_O1' with component 'A0115405581'&#xD;
 E3: W - Component A0315452026 not found in database !&#xD;
 E3: W - Cannot load Component 'A0315452026' from database - look in output window for details... &#xD;
 E3: E - Cannot create new device 'X58/12*1-B_V1_O1' with component 'A0315452026'&#xD;
 E3: W - Component A0495458428 not found in database !&#xD;
 E3: W - Cannot load Component 'A0495458428' from database - look in output window for details... &#xD;
 E3: E - Cannot create new device 'H13/4*1-B_V1_O1' with component 'A0495458428'&#xD;
 E3: W - Component A0495458428 not found in database !&#xD;
 E3: W - Cannot load Component 'A0495458428' from database - look in output window for details... &#xD;
 E3: E - Cannot create new device 'H21/33*1-B_V1_O1' with component 'A0495458428'&#xD;
 E3: W - Component A0535453528 not found in database !&#xD;
 E3: W - Cannot load Component 'A0535453528' from database - look in output window for details... &#xD;
 E3: E - Cannot create new device 'A28/15*2-S_V1' with component 'A0535453528'&#xD;
 E3: W - Component A0005454633 not found in database !&#xD;
 E3: W - Cannot load Component 'A0005454633' from database - look in output window for details... &#xD;
 E3: E - Cannot create new device 'S54/9*1-B_V1_O1' with component 'A0005454633'&#xD;
 E3: W - Component A0375456528 not found in database !&#xD;
 E3: W - Cannot load Component 'A0375456528' from database - look in output window for details... &#xD;
 E3: E - Cannot create new device 'A28/15*3-B_V1' with component 'A0375456528'&#xD;
 E3: W - Component A0235455526 not found in database !&#xD;
 E3: W - Cannot load Component 'A0235455526' from database - look in output window for details... &#xD;
 E3: E - Cannot create new device 'A28/15*1-B_V1' with component 'A0235455526'&#xD;
 E3: W - Component A0295452426 not found in database !&#xD;
 E3: W - Cannot load Component 'A0295452426' from database - look in output window for details... &#xD;
 E3: E - Cannot create new device 'R12/23*1-B_V1_O1' with component 'A0295452426'&#xD;
 E3: W - Component A0345458626 not found in database !&#xD;
 E3: W - Cannot load Component 'A0345458626' from database - look in output window for details... &#xD;
 E3: E - Cannot create new device 'A3/6*1-B_V1_O1' with component 'A0345458626'&#xD;
 E3: W - Component A0235455526 not found in database !&#xD;
 E3: W - Cannot load Component 'A0235455526' from database - look in output window for details... &#xD;
 E3: E - Cannot create new device 'A2/93*CE1-B_V1_O1' with component 'A0235455526'&#xD;
 E3: W - Component A0235456026 not found in database !&#xD;
 E3: W - Cannot load Component 'A0235456026' from database - look in output window for details... &#xD;
 E3: E - Cannot create new device 'A2/93*CE4-B_V1_O1' with component 'A0235456026'&#xD;
 E3: W - Component A0235455926 not found in database !&#xD;
 E3: W - Cannot load Component 'A0235455926' from database - look in output window for details... &#xD;
 E3: E - Cannot create new device 'A2/93*CE2-B_V1_O1' with component 'A0235455926'&#xD;
 E3: W - Component A0235455826 not found in database !&#xD;
 E3: W - Cannot load Component 'A0235455826' from database - look in output window for details... &#xD;
 E3: E - Cannot create new device 'A2/93*GN1-B_V1_O1' with component 'A0235455826'&#xD;
 E3: W - Component A0235455626 not found in database !&#xD;
 E3: W - Cannot load Component 'A0235455626' from database - look in output window for details... &#xD;
 E3: E - Cannot create new device 'A2/93*CE3-B_V1_O1' with component 'A0235455626'&#xD;
 E3: W - Component A0285451126 not found in database !&#xD;
 E3: W - Cannot load Component 'A0285451126' from database - look in output window for details... &#xD;
 E3: E - Cannot create new device 'A2/93*2-B_V1_O1' with component 'A0285451126'&#xD;
 E3: W - Component A2235404902 not found in database !&#xD;
 E3: W - Cannot load Component 'A2235404902' from database - look in output window for details... &#xD;
 E3: E - Cannot create new device 'N112/2*2a-B_V1' with component 'A2235404902'&#xD;
 E3: W - Component A2235404902 not found in database !&#xD;
 E3: W - Cannot load Component 'A2235404902' from database - look in output window for details... &#xD;
 E3: E - Cannot create new device 'N112/2*2b-B_V1' with component 'A2235404902'&#xD;
 E3: W - Component A0525452626 not found in database !&#xD;
 E3: W - Cannot load Component 'A0525452626' from database - look in output window for details... &#xD;
 E3: E - Cannot create new device 'N112/2*1-B_V1' with component 'A0525452626'&#xD;
 E3: W - Component A0295459526 not found in database !&#xD;
 E3: W - Cannot load Component 'A0295459526' from database - look in output window for details... &#xD;
 E3: E - Cannot create new device 'N112/2*4-B_V1_O1' with component 'A0295459526'&#xD;
 E3: W - Component A0295459426 not found in database !&#xD;
 E3: W - Cannot load Component 'A0295459426' from database - look in output window for details... &#xD;
 E3: E - Cannot create new device 'N112/2*3-B_V1_O1' with component 'A0295459426'&#xD;
 E3: W - Component A0335455326 not found in database !&#xD;
 E3: W - Cannot load Component 'A0335455326' from database - look in output window for details... &#xD;
 E3: E - Cannot create new device 'R12/7*1-B_V1_O1' with component 'A0335455326'&#xD;
 E3: W - Component A0495458428 not found in database !&#xD;
 E3: W - Cannot load Component 'A0495458428' from database - look in output window for details... &#xD;
 E3: E - Cannot create new device 'H21/34*1-B_V1_O1' with component 'A0495458428'&#xD;
 E3: W - Component A0005454633 not found in database !&#xD;
 E3: W - Cannot load Component 'A0005454633' from database - look in output window for details... &#xD;
 E3: E - Cannot create new device 'S54/10*1-B_V1_O1' with component 'A0005454633'&#xD;
 E3: W - Component A0235455726 not found in database !&#xD;
 E3: W - Cannot load Component 'A0235455726' from database - look in output window for details... &#xD;
 E3: E - Cannot create new device 'A2/65*2-B_V1_O1' with component 'A0235455726'&#xD;
 E3: W - Component A0375456328 not found in database !&#xD;
 E3: W - Cannot load Component 'A0375456328' from database - look in output window for details... &#xD;
 E3: E - Cannot create new device 'E21*1-B_V1' with component 'A0375456328'&#xD;
 E3: W - Component A0235455626 not found in database !&#xD;
 E3: W - Cannot load Component 'A0235455626' from database - look in output window for details... &#xD;
 E3: E - Cannot create new device 'A2/65*1-B_V1_O1' with component 'A0235455626'&#xD;
 E3: W - Component A0445455328 not found in database !&#xD;
 E3: W - Cannot load Component 'A0445455328' from database - look in output window for details... &#xD;
 E3: E - Cannot create new device 'B39/4*1-S_V1_O1' with component 'A0445455328'&#xD;
 E3: W - Component A0385454828 not found in database !&#xD;
 E3: W - Cannot load Component 'A0385454828' from database - look in output window for details... &#xD;
 E3: E - Cannot create new device 'M6/4*1-B_V1' with component 'A0385454828'&#xD;
 E3: W - Component DUMMY_KSL_CONNECTOR_12 not found in database !&#xD;
 E3: W - Cannot load Component 'DUMMY_KSL_CONNECTOR_12' from database - look in output window for details... &#xD;
 E3: E - Cannot create new device 'E3/17*1-B_V1_O1' with component 'DUMMY_KSL_CONNECTOR_12'&#xD;
 E3: W - Component DUMMY_KSL_CONNECTOR_12 not found in database !&#xD;
 E3: W - Cannot load Component 'DUMMY_KSL_CONNECTOR_12' from database - look in output window for details... &#xD;
 E3: E - Cannot create new device 'E4/17*1-B_V1_O1' with component 'DUMMY_KSL_CONNECTOR_12'&#xD;
 E3: W - Component A1729821302 not found in database !&#xD;
 E3: W - Cannot load Component 'A1729821302' from database - look in output window for details... &#xD;
 E3: E - Cannot create new device 'W8/5*1-K_V1_O1' with component 'A1729821302'&#xD;
 E3: W - Component A0275457026 not found in database !&#xD;
 E3: W - Cannot load Component 'A0275457026' from database - look in output window for details... &#xD;
 E3: E - Cannot create new device 'M14/4*1-B_V1_O1' with component 'A0275457026'&#xD;
 E3: W - Component A0005453327 not found in database !&#xD;
 E3: W - Cannot load Component 'A0005453327' from database - look in output window for details... &#xD;
 E3: E - Cannot create new device 'S142/2*1-B_V1_O1' with component 'A0005453327'&#xD;
 E3: W - Component A0395456628 not found in database !&#xD;
 E3: W - Cannot load Component 'A0395456628' from database - look in output window for details... &#xD;
 E3: E - Cannot create new device 'S62/36*2-B_V1_O1' with component 'A0395456628'&#xD;
 E3: W - Component A0275457926 not found in database !&#xD;
 E3: W - Cannot load Component 'A0275457926' from database - look in output window for details... &#xD;
 E3: E - Cannot create new device 'M35/2*1-B_V1_O1' with component 'A0275457926'&#xD;
 E3: W - Component A2105402081 not found in database !&#xD;
 E3: W - Cannot load Component 'A2105402081' from database - look in output window for details... &#xD;
 E3: E - Cannot create new device 'S88/8*1-B_V1_O1' with component 'A2105402081'&#xD;
 E3: W - Component A0275457626 not found in database !&#xD;
 E3: W - Cannot load Component 'A0275457626' from database - look in output window for details... &#xD;
 E3: E - Cannot create new device 'A85/6*1-B_V1_O1' with component 'A0275457626'&#xD;
 E3: W - Component A0375456028 not found in database !&#xD;
 E3: W - Cannot load Component 'A0375456028' from database - look in output window for details... &#xD;
 E3: E - Cannot create new device 'H4/60*1-B_V1_O1' with component 'A0375456028'&#xD;
 E3: W - Component A0375456028 not found in database !&#xD;
 E3: W - Cannot load Component 'A0375456028' from database - look in output window for details... &#xD;
 E3: E - Cannot create new device 'E19/1*1-B_V1' with component 'A0375456028'&#xD;
 E3: W - Component A0375456028 not found in database !&#xD;
 E3: W - Cannot load Component 'A0375456028' from database - look in output window for details... &#xD;
 E3: E - Cannot create new device 'E19/2*1-B_V1' with component 'A0375456028'&#xD;
 E3: W - Component DUMMY_KSL_CONNECTOR_5 not found in database !&#xD;
 E3: W - Cannot load Component 'DUMMY_KSL_CONNECTOR_5' from database - look in output window for details... &#xD;
 E3: E - Cannot create new device 'N15/15*1-B_V1' with component 'DUMMY_KSL_CONNECTOR_5'&#xD;
 E3: W - Component A0005458512 not found in database !&#xD;
 E3: W - Cannot load Component 'A0005458512' from database - look in output window for details... &#xD;
 E3: E - Cannot create new device 'A79/8*3-B_V1' with component 'A0005458512'&#xD;
 E3: W - Component A0315450226 not found in database !&#xD;
 E3: W - Cannot load Component 'A0315450226' from database - look in output window for details... &#xD;
 E3: E - Cannot create new device 'N147*1-B_V1' with component 'A0315450226'&#xD;
 E3: W - Component A2105404381 not found in database !&#xD;
 E3: W - Cannot load Component 'A2105404381' from database - look in output window for details... &#xD;
 E3: E - Cannot create new device 'A101*1-B_V1' with component 'A2105404381'&#xD;
 E3: W - Component A0275457026 not found in database !&#xD;
 E3: W - Cannot load Component 'A0275457026' from database - look in output window for details... &#xD;
 E3: E - Cannot create new device 'Y75/1*1-B_V1' with component 'A0275457026'&#xD;
 E3: W - Component A0345458626 not found in database !&#xD;
 E3: W - Cannot load Component 'A0345458626' from database - look in output window for details... &#xD;
 E3: E - Cannot create new device 'A103*2-B_V1' with component 'A0345458626'&#xD;
 E3: W - Component A0275457726 not found in database !&#xD;
 E3: W - Cannot load Component 'A0275457726' from database - look in output window for details... &#xD;
 E3: E - Cannot create new device 'R7/3*1-B_V1' with component 'A0275457726'&#xD;
 E3: W - Component A0265455926 not found in database !&#xD;
 E3: W - Cannot load Component 'A0265455926' from database - look in output window for details... &#xD;
 E3: E - Cannot create new device 'A103*1-B_V1' with component 'A0265455926'&#xD;
 E3: W - Component A2235404902 not found in database !&#xD;
 E3: W - Cannot load Component 'A2235404902' from database - look in output window for details... &#xD;
 E3: E - Cannot create new device 'A26/17*8-B_V1' with component 'A2235404902'&#xD;
 E3: W - Component A0005403302 not found in database !&#xD;
 E3: W - Cannot load Component 'A0005403302' from database - look in output window for details... &#xD;
 E3: E - Cannot create new device 'A26/17*7-B_V1' with component 'A0005403302'&#xD;
 E3: W - Component A0235455526 not found in database !&#xD;
 E3: W - Cannot load Component 'A0235455526' from database - look in output window for details... &#xD;
 E3: E - Cannot create new device 'A26/17*4-B_V1' with component 'A0235455526'&#xD;
 E3: W - Component A2235404902 not found in database !&#xD;
 E3: W - Cannot load Component 'A2235404902' from database - look in output window for details... &#xD;
 E3: E - Cannot create new device 'A26/17*3-B_V1' with component 'A2235404902'&#xD;
 E3: W - Component A0005405203 not found in database !&#xD;
 E3: W - Cannot load Component 'A0005405203' from database - look in output window for details... &#xD;
 E3: E - Cannot create new device 'A26/17*1-B_V1' with component 'A0005405203'&#xD;
 E3: W - Component A0005403610 not found in database !&#xD;
 E3: W - Cannot load Component 'A0005403610' from database - look in output window for details... &#xD;
 E3: E - Cannot create new device 'A26/17*2-B_V1' with component 'A0005403610'&#xD;
 E3: W - Component A0005452933 not found in database !&#xD;
 E3: W - Cannot load Component 'A0005452933' from database - look in output window for details... &#xD;
 E3: E - Cannot create new device 'A26/17*13-B_V1' with component 'A0005452933'&#xD;
 E3: W - Component A0235455626 not found in database !&#xD;
 E3: W - Cannot load Component 'A0235455626' from database - look in output window for details... &#xD;
 E3: E - Cannot create new device 'A26/17*15-B_V1' with component 'A0235455626'&#xD;
 E3: W - Component A0235455926 not found in database !&#xD;
 E3: W - Cannot load Component 'A0235455926' from database - look in output window for details... &#xD;
 E3: E - Cannot create new device 'A26/17*14-B_V1' with component 'A0235455926'&#xD;
 E3: W - Component A0009829511 not found in database !&#xD;
 E3: W - Cannot load Component 'A0009829511' from database - look in output window for details... &#xD;
 E3: E - Cannot create new device 'F150/5*A47-K_V1' with component 'A0009829511'&#xD;
 E3: W - Component A0009826213 not found in database !&#xD;
 E3: W - Cannot load Component 'A0009826213' from database - look in output window for details... &#xD;
 E3: E - Cannot create new device 'G1*B95-K_V1' with component 'A0009826213'&#xD;
 E3: W - Component A0025460844 not found in database !&#xD;
 E3: W - Cannot load Component 'A0025460844' from database - look in output window for details... &#xD;
 E3: E - Cannot create new device 'G1*D1-K_V1' with component 'A0025460844'&#xD;
 E3: W - Component A0009823203 not found in database !&#xD;
 E3: W - Cannot load Component 'A0009823203' from database - look in output window for details... &#xD;
 E3: E - Cannot create new device 'F150/5*A42-K_V1' with component 'A0009823203'&#xD;
 E3: W - Component A0009823603 not found in database !&#xD;
 E3: W - Cannot load Component 'A0009823603' from database - look in output window for details... &#xD;
 E3: E - Cannot create new device 'F150/5*A43-K_V1' with component 'A0009823603'&#xD;
 E3: W - Component A0009829611 not found in database !&#xD;
 E3: W - Cannot load Component 'A0009829611' from database - look in output window for details... &#xD;
 E3: E - Cannot create new device 'F150/5*A46-K_V1' with component 'A0009829611'&#xD;
 E3: W - Component A0009821403 not found in database !&#xD;
 E3: W - Cannot load Component 'A0009821403' from database - look in output window for details... &#xD;
 E3: E - Cannot create new device 'F150/5*A41-K_V1' with component 'A0009821403'&#xD;
 E3: W - Component A0285452726 not found in database !&#xD;
 E3: W - Cannot load Component 'A0285452726' from database - look in output window for details... &#xD;
 E3: E - Cannot create new device 'F150/5*A40-B_V1' with component 'A0285452726'&#xD;
 E3: W - Component A0275457626 not found in database !&#xD;
 E3: W - Cannot load Component 'A0275457626' from database - look in output window for details... &#xD;
 E3: E - Cannot create new device 'M16/53*1-B_V1' with component 'A0275457626'&#xD;
 E3: W - Component A2105402081 not found in database !&#xD;
 E3: W - Cannot load Component 'A2105402081' from database - look in output window for details... &#xD;
 E3: E - Cannot create new device 'B11/7*1-B_V1_O2' with component 'A2105402081'&#xD;
 E3: W - Component A0275457926 not found in database !&#xD;
 E3: W - Cannot load Component 'A0275457926' from database - look in output window for details... &#xD;
 E3: E - Cannot create new device 'Y133/2*1-B_V1' with component 'A0275457926'&#xD;
 E3: W - Component A0315450226 not found in database !&#xD;
 E3: W - Cannot load Component 'A0315450226' from database - look in output window for details... &#xD;
 E3: E - Cannot create new device 'N83*1-B_V1' with component 'A0315450226'&#xD;
 E3: W - Component A0325450826 not found in database !&#xD;
 E3: W - Cannot load Component 'A0325450826' from database - look in output window for details... &#xD;
 E3: E - Cannot create new device 'N82/10*4-B_V1' with component 'A0325450826'&#xD;
 E3: W - Component A0315450326 not found in database !&#xD;
 E3: W - Cannot load Component 'A0315450326' from database - look in output window for details... &#xD;
 E3: E - Cannot create new device 'N116/5*1-B_V1' with component 'A0315450326'&#xD;
 E3: W - Component A0085407581 not found in database !&#xD;
 E3: W - Cannot load Component 'A0085407581' from database - look in output window for details... &#xD;
 E3: E - Cannot create new device 'X35/3*1-B_V1' with component 'A0085407581'&#xD;
 E3: W - Component A0085407581 not found in database !&#xD;
 E3: W - Cannot load Component 'A0085407581' from database - look in output window for details... &#xD;
 E3: E - Cannot create new device 'X35/4*1-B_V1' with component 'A0085407581'&#xD;
 E3: W - Component A1729821802 not found in database !&#xD;
 E3: W - Cannot load Component 'A1729821802' from database - look in output window for details... &#xD;
 E3: E - Cannot create new device 'W107*1-K_V1' with component 'A1729821802'&#xD;
 E3: W - Component A1675409603 not found in database !&#xD;
 E3: W - Cannot load Component 'A1675409603' from database - look in output window for details... &#xD;
 E3: E - Cannot create new device 'N68/4*1-B_V1' with component 'A1675409603'&#xD;
 E3: W - Component A2105403681 not found in database !&#xD;
 E3: W - Cannot load Component 'A2105403681' from database - look in output window for details... &#xD;
 E3: E - Cannot create new device 'N68/4*2-B_V1' with component 'A2105403681'&#xD;
 E3: W - Component A0275457226 not found in database !&#xD;
 E3: W - Cannot load Component 'A0275457226' from database - look in output window for details... &#xD;
 E3: E - Cannot create new device 'B22/7*1-B_V1' with component 'A0275457226'&#xD;
 E3: W - Component A1685400181 not found in database !&#xD;
 E3: W - Cannot load Component 'A1685400181' from database - look in output window for details... &#xD;
 E3: E - Cannot create new device 'H4/148*1-B_V1' with component 'A1685400181'&#xD;
 E3: W - Component DUMMY_KSL_CONNECTOR_12 not found in database !&#xD;
 E3: W - Cannot load Component 'DUMMY_KSL_CONNECTOR_12' from database - look in output window for details... &#xD;
 E3: E - Cannot create new device 'E3/18*1-B_V1_O1' with component 'DUMMY_KSL_CONNECTOR_12'&#xD;
 E3: W - Component A0001534524 not found in database !&#xD;
 E3: W - Cannot load Component 'A0001534524' from database - look in output window for details... &#xD;
 E3: E - Cannot create new device 'X26/40*1-S_V1_O1' with component 'A0001534524'&#xD;
 E3: W - Component A2235406515 not found in database !&#xD;
 E3: W - Cannot load Component 'A2235406515' from database - look in output window for details... &#xD;
 E3: E - Cannot create new device 'B29/13*1-B_V1_O1' with component 'A2235406515'&#xD;
 E3: W - Component A2105403681 not found in database !&#xD;
 E3: W - Cannot load Component 'A2105403681' from database - look in output window for details... &#xD;
 E3: E - Cannot create new device 'A3/3*1-B_V1_O1' with component 'A2105403681'&#xD;
 E3: W - Component DUMMY_KSL_CONNECTOR_12 not found in database !&#xD;
 E3: W - Cannot load Component 'DUMMY_KSL_CONNECTOR_12' from database - look in output window for details... &#xD;
 E3: E - Cannot create new device 'E4/18*1-B_V1_O1' with component 'DUMMY_KSL_CONNECTOR_12'&#xD;
 E3: W - Component A2235406415 not found in database !&#xD;
 E3: W - Cannot load Component 'A2235406415' from database - look in output window for details... &#xD;
 E3: E - Cannot create new device 'B29/14*1-B_V1_O1' with component 'A2235406415'&#xD;
 E3: W - Component A2105403681 not found in database !&#xD;
 E3: W - Cannot load Component 'A2105403681' from database - look in output window for details... &#xD;
 E3: E - Cannot create new device 'A3/4*1-B_V1_O1' with component 'A2105403681'&#xD;
 E3: W - Component A0245458226 not found in database !&#xD;
 E3: W - Cannot load Component 'A0245458226' from database - look in output window for details... &#xD;
 E3: E - Cannot create new device 'B20*1-B_V1' with component 'A0245458226'&#xD;
 E3: W - Component A0395456628 not found in database !&#xD;
 E3: W - Cannot load Component 'A0395456628' from database - look in output window for details... &#xD;
 E3: E - Cannot create new device 'N58/1*1-B_V1' with component 'A0395456628'&#xD;
 E3: W - Component A0225400481 not found in database !&#xD;
 E3: W - Cannot load Component 'A0225400481' from database - look in output window for details... &#xD;
 E3: E - Cannot create new device 'N72/1*1-B_V1' with component 'A0225400481'&#xD;
 E3: W - Component A0005458027 not found in database !&#xD;
 E3: W - Cannot load Component 'A0005458027' from database - look in output window for details... &#xD;
 E3: E - Cannot create new device 'E13/23*1-B_V1' with component 'A0005458027'&#xD;
 E3: W - Component A0005453127 not found in database !&#xD;
 E3: W - Cannot load Component 'A0005453127' from database - look in output window for details... &#xD;
 E3: E - Cannot create new device 'E43/80*1-B_V1' with component 'A0005453127'&#xD;
 E3: W - Component A0385457128 not found in database !&#xD;
 E3: W - Cannot load Component 'A0385457128' from database - look in output window for details... &#xD;
 E3: E - Cannot create new device 'N123/8*1-B_V1' with component 'A0385457128'&#xD;
 E3: W - Component DUMMY_KSL_CONNECTOR_8_HSD not found in database !&#xD;
 E3: W - Cannot load Component 'DUMMY_KSL_CONNECTOR_8_HSD' from database - look in output window for details... &#xD;
 E3: E - Cannot create new device 'A90/5*1HSD-B_V1' with component 'DUMMY_KSL_CONNECTOR_8_HSD'&#xD;
 E3: W - Component A0255459626 not found in database !&#xD;
 E3: W - Cannot load Component 'A0255459626' from database - look in output window for details... &#xD;
 E3: E - Cannot create new device 'X138/1*1-B_V1' with component 'A0255459626'&#xD;
 E3: W - Component A0025455440 not found in database !&#xD;
 E3: W - Cannot load Component 'A0025455440' from database - look in output window for details... &#xD;
 E3: E - Cannot create new device 'A90/5*1MQS-B_V1' with component 'A0025455440'&#xD;
 E3: W - Component A0235455826 not found in database !&#xD;
 E3: W - Cannot load Component 'A0235455826' from database - look in output window for details... &#xD;
 E3: E - Cannot create new device 'N123/8*2-B_V1' with component 'A0235455826'&#xD;
 E3: W - Component A0375456128 not found in database !&#xD;
 E3: W - Cannot load Component 'A0375456128' from database - look in output window for details... &#xD;
 E3: E - Cannot create new device 'A2/60*1-B_V1' with component 'A0375456128'&#xD;
 E3: W - Component A0505453628 not found in database !&#xD;
 E3: W - Cannot load Component 'A0505453628' from database - look in output window for details... &#xD;
 E3: E - Cannot create new device 'A2/187*1-B_V1' with component 'A0505453628'&#xD;
 E3: W - Component A2235404902 not found in database !&#xD;
 E3: W - Cannot load Component 'A2235404902' from database - look in output window for details... &#xD;
 E3: E - Cannot create new device 'A2/187*2a-B_V1' with component 'A2235404902'&#xD;
 E3: W - Component A0005453127 not found in database !&#xD;
 E3: W - Cannot load Component 'A0005453127' from database - look in output window for details... &#xD;
 E3: E - Cannot create new device 'E20/18*1-B_V1' with component 'A0005453127'&#xD;
 E3: W - Component A0005458027 not found in database !&#xD;
 E3: W - Cannot load Component 'A0005458027' from database - look in output window for details... &#xD;
 E3: E - Cannot create new device 'E20/17*1-B_V1' with component 'A0005458027'&#xD;
 E3: W - Component A0005453127 not found in database !&#xD;
 E3: W - Cannot load Component 'A0005453127' from database - look in output window for details... &#xD;
 E3: E - Cannot create new device 'E43/153*1-B_V1' with component 'A0005453127'&#xD;
 E3: W - Component A0005453127 not found in database !&#xD;
 E3: W - Cannot load Component 'A0005453127' from database - look in output window for details... &#xD;
 E3: E - Cannot create new device 'E43/150*1-B_V1' with component 'A0005453127'&#xD;
 E3: W - Component A0005458027 not found in database !&#xD;
 E3: W - Cannot load Component 'A0005458027' from database - look in output window for details... &#xD;
 E3: E - Cannot create new device 'E13/5*1-B_V1' with component 'A0005458027'&#xD;
 E3: W - Component A0375455528 not found in database !&#xD;
 E3: W - Cannot load Component 'A0375455528' from database - look in output window for details... &#xD;
 E3: E - Cannot create new device 'S185*1-B_V1' with component 'A0375455528'&#xD;
 E3: W - Component A0005452423 not found in database !&#xD;
 E3: W - Cannot load Component 'A0005452423' from database - look in output window for details... &#xD;
 E3: E - Cannot create new device 'S185*2-B_V1' with component 'A0005452423'&#xD;
 E3: W - Component DUMMY_CON_9 not found in database !&#xD;
 E3: W - Cannot load Component 'DUMMY_CON_9' from database - look in output window for details... &#xD;
 E3: E - Cannot create new device 'X11/19*V8-B_V1' with component 'DUMMY_CON_9'&#xD;
 E3: W - Component HBE223540H077 not found in database !&#xD;
 E3: W - Cannot load Component 'HBE223540H077' from database - look in output window for details... &#xD;
 E3: E - Cannot create new device 'X11/19*V1-B_V1' with component 'HBE223540H077'&#xD;
 E3: W - Component HBE223540H078 not found in database !&#xD;
 E3: W - Cannot load Component 'HBE223540H078' from database - look in output window for details... &#xD;
 E3: E - Cannot create new device 'X11/19*V2-B_V1' with component 'HBE223540H078'&#xD;
 E3: W - Component HBE223540H079 not found in database !&#xD;
 E3: W - Cannot load Component 'HBE223540H079' from database - look in output window for details... &#xD;
 E3: E - Cannot create new device 'X11/19*V3-B_V1' with component 'HBE223540H079'&#xD;
 E3: W - Component A0225450826 not found in database !&#xD;
 E3: W - Cannot load Component 'A0225450826' from database - look in output window for details... &#xD;
 E3: E - Cannot create new device 'X11/19*V6-B_V1' with component 'A0225450826'&#xD;
 E3: W - Component A0545451326 not found in database !&#xD;
 E3: W - Cannot load Component 'A0545451326' from database - look in output window for details... &#xD;
 E3: E - Cannot create new device 'X11/19*V7-B_V1' with component 'A0545451326'&#xD;
 E3: W - Component DUMMY_CON_9 not found in database !&#xD;
 E3: W - Cannot load Component 'DUMMY_CON_9' from database - look in output window for details... &#xD;
 E3: E - Cannot create new device 'X11/19*V18-B_V1' with component 'DUMMY_CON_9'&#xD;
 E3: W - Component DUMMY_CON_9 not found in database !&#xD;
 E3: W - Cannot load Component 'DUMMY_CON_9' from database - look in output window for details... &#xD;
 E3: E - Cannot create new device 'X11/19*V13-B_V1' with component 'DUMMY_CON_9'&#xD;
 E3: W - Component DUMMY_CON_9 not found in database !&#xD;
 E3: W - Cannot load Component 'DUMMY_CON_9' from database - look in output window for details... &#xD;
 E3: E - Cannot create new device 'X11/19*V21-B_V1' with component 'DUMMY_CON_9'&#xD;
 E3: W - Component A0375455928 not found in database !&#xD;
 E3: W - Cannot load Component 'A0375455928' from database - look in output window for details... &#xD;
 E3: E - Cannot create new device 'X11/19*NA1-S_V1' with component 'A0375455928'&#xD;
 E3: W - Component A0385451228 not found in database !&#xD;
 E3: W - Cannot load Component 'A0385451228' from database - look in output window for details... &#xD;
 E3: E - Cannot create new device 'X11/19*NA2-B_V1' with component 'A0385451228'&#xD;
 E3: W - Component A0025450801 not found in database !&#xD;
 E3: W - Cannot load Component 'A0025450801' from database - look in output window for details... &#xD;
 E3: E - Cannot create new device 'F9*1-B_V1' with component 'A0025450801'&#xD;
 E3: W - Component HBE223540H077 not found in database !&#xD;
 E3: W - Cannot load Component 'HBE223540H077' from database - look in output window for details... &#xD;
 E3: E - Cannot create new device 'X11/19*H1-B_V1' with component 'HBE223540H077'&#xD;
 E3: W - Component HBE223540H078 not found in database !&#xD;
 E3: W - Cannot load Component 'HBE223540H078' from database - look in output window for details... &#xD;
 E3: E - Cannot create new device 'X11/19*H2-B_V1' with component 'HBE223540H078'&#xD;
 E3: W - Component HBE223540H079 not found in database !&#xD;
 E3: W - Cannot load Component 'HBE223540H079' from database - look in output window for details... &#xD;
 E3: E - Cannot create new device 'X11/19*H3-B_V1' with component 'HBE223540H079'&#xD;
 E3: W - Component A0545458428 not found in database !&#xD;
 E3: W - Cannot load Component 'A0545458428' from database - look in output window for details... &#xD;
 E3: E - Cannot create new device 'X11/19*H7-S_V1' with component 'A0545458428'&#xD;
 E3: W - Component MESSVERK_CON_1 not found in database !&#xD;
 E3: W - Cannot load Component 'MESSVERK_CON_1' from database - look in output window for details... &#xD;
 E3: E - Cannot create new device 'X11/19*H11-B_V1' with component 'MESSVERK_CON_1'&#xD;
 E3: W - Component A0005456129 not found in database !&#xD;
 E3: W - Cannot load Component 'A0005456129' from database - look in output window for details... &#xD;
 E3: E - Cannot create new device 'X11/19*H10-S_V1' with component 'A0005456129'&#xD;
 E3: W - Component A0225450826 not found in database !&#xD;
 E3: W - Cannot load Component 'A0225450826' from database - look in output window for details... &#xD;
 E3: E - Cannot create new device 'X11/19*H5-B_V1' with component 'A0225450826'&#xD;
 E3: W - Component A0525458728 not found in database !&#xD;
 E3: W - Cannot load Component 'A0525458728' from database - look in output window for details... &#xD;
 E3: E - Cannot create new device 'X11/19*H5-S_V1' with component 'A0525458728'&#xD;
 E3: W - Component A0225450826 not found in database !&#xD;
 E3: W - Cannot load Component 'A0225450826' from database - look in output window for details... &#xD;
 E3: E - Cannot create new device 'X11/19*H6-B_V1' with component 'A0225450826'&#xD;
 E3: W - Component DUMMY_CON_9 not found in database !&#xD;
 E3: W - Cannot load Component 'DUMMY_CON_9' from database - look in output window for details... &#xD;
 E3: E - Cannot create new device 'X11/19*H8-B_V1' with component 'DUMMY_CON_9'&#xD;
 E3: W - Component A0025454201 not found in database !&#xD;
 E3: W - Cannot load Component 'A0025454201' from database - look in output window for details... &#xD;
 E3: E - Cannot create new device 'F19/2*3-B_V1' with component 'A0025454201'&#xD;
 E3: W - Component A0025467440 not found in database !&#xD;
 E3: W - Cannot load Component 'A0025467440' from database - look in output window for details... &#xD;
 E3: E - Cannot create new device 'Z11/19*102-T_V1' with component 'A0025467440'&#xD;
 E3: W - Component A0025467440 not found in database !&#xD;
 E3: W - Cannot load Component 'A0025467440' from database - look in output window for details... &#xD;
 E3: E - Cannot create new device 'Z11/19*103-T_V1' with component 'A0025467440'&#xD;
 E3: W - Component A0025467440 not found in database !&#xD;
 E3: W - Cannot load Component 'A0025467440' from database - look in output window for details... &#xD;
 E3: E - Cannot create new device 'Z11/19*104-T_V1' with component 'A0025467440'&#xD;
 E3: W - Component A0025467440 not found in database !&#xD;
 E3: W - Cannot load Component 'A0025467440' from database - look in output window for details... &#xD;
 E3: E - Cannot create new device 'Z11/19*105-T_V1' with component 'A0025467440'&#xD;
 E3: W - Component A0025467440 not found in database !&#xD;
 E3: W - Cannot load Component 'A0025467440' from database - look in output window for details... &#xD;
 E3: E - Cannot create new device 'Z11/19*106-T_V1' with component 'A0025467440'&#xD;
 E3: W - Component A0025467440 not found in database !&#xD;
 E3: W - Cannot load Component 'A0025467440' from database - look in output window for details... &#xD;
 E3: E - Cannot create new device 'Z11/19*107-T_V1' with component 'A0025467440'&#xD;
 E3: W - Component A0025467440 not found in database !&#xD;
 E3: W - Cannot load Component 'A0025467440' from database - look in output window for details... &#xD;
 E3: E - Cannot create new device 'Z11/19*108-T_V1' with component 'A0025467440'&#xD;
 E3: W - Component A0025467440 not found in database !&#xD;
 E3: W - Cannot load Component 'A0025467440' from database - look in output window for details... &#xD;
 E3: E - Cannot create new device 'Z11/19*109-T_V1' with component 'A0025467440'&#xD;
 E3: W - Component A0025467440 not found in database !&#xD;
 E3: W - Cannot load Component 'A0025467440' from database - look in output window for details... &#xD;
 E3: E - Cannot create new device 'Z11/19*110-T_V1' with component 'A0025467440'&#xD;
 E3: W - Component A0025467440 not found in database !&#xD;
 E3: W - Cannot load Component 'A0025467440' from database - look in output window for details... &#xD;
 E3: E - Cannot create new device 'Z11/19*111-T_V1' with component 'A0025467440'&#xD;
 E3: W - Component A2235404902 not found in database !&#xD;
 E3: W - Cannot load Component 'A2235404902' from database - look in output window for details... &#xD;
 E3: E - Cannot create new device 'A2/187*2b-B_V1' with component 'A2235404902'&#xD;
 E3: W - Component LTG_END_UNGEDICHTET not found in database !&#xD;
 E3: W - Cannot load Component 'LTG_END_UNGEDICHTET' from database - look in output window for details... &#xD;
 E3: E - Cannot create new device 'Z20/36*3-C_V1' with component 'LTG_END_UNGEDICHTET'&#xD;
 E3: W - Component LTG_END_UNGEDICHTET not found in database !&#xD;
 E3: W - Cannot load Component 'LTG_END_UNGEDICHTET' from database - look in output window for details... &#xD;
 E3: E - Cannot create new device 'Z20/36*2-C_V1' with component 'LTG_END_UNGEDICHTET'&#xD;
 E3: W - Component NACHSTECK_FAKRA not found in database !&#xD;
 E3: W - Cannot load Component 'NACHSTECK_FAKRA' from database - look in output window for details... &#xD;
 E3: E - Cannot create new device 'X35/1*SVS-B_V1' with component 'NACHSTECK_FAKRA'&#xD;
 E3: W - Component A0335455426 not found in database !&#xD;
 E3: W - Cannot load Component 'A0335455426' from database - look in output window for details... &#xD;
 E3: E - Cannot create new device 'R12/6*USA-B_V1' with component 'A0335455426'&#xD;
 E3: W - Component A0335455426 not found in database !&#xD;
 E3: W - Cannot load Component 'A0335455426' from database - look in output window for details... &#xD;
 E3: E - Cannot create new device 'R12/7*USA-B_V1' with component 'A0335455426'&#xD;
 E3: W - Component A0025467440 not found in database !&#xD;
 E3: W - Cannot load Component 'A0025467440' from database - look in output window for details... &#xD;
 E3: E - Cannot create new device 'Z11/19*113-T_V1' with component 'A0025467440'&#xD;
 E3: W - Component A0315457826 not found in database !&#xD;
 E3: W - Cannot load Component 'A0315457826' from database - look in output window for details... &#xD;
 E3: E - Cannot create new device 'A98*1-B_V1' with component 'A0315457826'&#xD;
 E3: W - Component A0005459722 not found in database !&#xD;
 E3: W - Cannot load Component 'A0005459722' from database - look in output window for details... &#xD;
 E3: E - Cannot create new device 'X28/62*1-B_V1' with component 'A0005459722'&#xD;
 E3: W - Component A0005459722 not found in database !&#xD;
 E3: W - Cannot load Component 'A0005459722' from database - look in output window for details... &#xD;
 E3: E - Cannot create new device 'X28/63*1-B_V1' with component 'A0005459722'&#xD;
 E3: W - Component A0255459726 not found in database !&#xD;
 E3: W - Cannot load Component 'A0255459726' from database - look in output window for details... &#xD;
 E3: E - Cannot create new device 'X11/38*1-B_V1' with component 'A0255459726'&#xD;
 E3: W - Component A0465459128 not found in database !&#xD;
 E3: W - Cannot load Component 'A0465459128' from database - look in output window for details... &#xD;
 E3: E - Cannot create new device 'X11/19*M10-B_V1' with component 'A0465459128'&#xD;
 E3: W - Component A1685400181 not found in database !&#xD;
 E3: W - Cannot load Component 'A1685400181' from database - look in output window for details... &#xD;
 E3: E - Cannot create new device 'H4/145*1-B_V1' with component 'A1685400181'&#xD;
 E3: W - Component A0005455131 not found in database !&#xD;
 E3: W - Cannot load Component 'A0005455131' from database - look in output window for details... &#xD;
 E3: E - Cannot create new device 'F152/2*S2-B_V1' with component 'A0005455131'&#xD;
 E3: W - Component DUMMY_CON_1 not found in database !&#xD;
 E3: W - Cannot load Component 'DUMMY_CON_1' from database - look in output window for details... &#xD;
 E3: E - Cannot create new device 'A9/1*3-S_V1' with component 'DUMMY_CON_1'&#xD;
 E3: W - Component DUMMY_CON_1 not found in database !&#xD;
 E3: W - Cannot load Component 'DUMMY_CON_1' from database - look in output window for details... &#xD;
 E3: E - Cannot create new device 'Y36/4*1-S_V1' with component 'DUMMY_CON_1'&#xD;
 E3: W - Component DUMMY_CON_1 not found in database !&#xD;
 E3: W - Cannot load Component 'DUMMY_CON_1' from database - look in output window for details... &#xD;
 E3: E - Cannot create new device 'Y36/3*1-S_V1' with component 'DUMMY_CON_1'&#xD;
 E3: W - Component DUMMY_CON_1 not found in database !&#xD;
 E3: W - Cannot load Component 'DUMMY_CON_1' from database - look in output window for details... &#xD;
 E3: E - Cannot create new device 'A9/1*4-S_V1' with component 'DUMMY_CON_1'&#xD;
 E3: W - Component A1729821302 not found in database !&#xD;
 E3: W - Cannot load Component 'A1729821302' from database - look in output window for details... &#xD;
 E3: E - Cannot create new device 'W29/8*1-K_V1_O1' with component 'A1729821302'&#xD;
 E3: W - Component MESSVERK_CON_1 not found in database !&#xD;
 E3: W - Cannot load Component 'MESSVERK_CON_1' from database - look in output window for details... &#xD;
 E3: E - Cannot create new device 'X11/19*H23-B_V1' with component 'MESSVERK_CON_1'&#xD;
 E3: W - Component MESSVERK_CON_1 not found in database !&#xD;
 E3: W - Cannot load Component 'MESSVERK_CON_1' from database - look in output window for details... &#xD;
 E3: E - Cannot create new device 'X11/19*H24-B_V1' with component 'MESSVERK_CON_1'&#xD;
 E3: W - Component A0375455928 not found in database !&#xD;
 E3: W - Cannot load Component 'A0375455928' from database - look in output window for details... &#xD;
 E3: E - Cannot create new device 'E40/2*1-B_V1_O1' with component 'A0375455928'&#xD;
 E3: W - Component DUMMY_CON_1 not found in database !&#xD;
 E3: W - Cannot load Component 'DUMMY_CON_1' from database - look in output window for details... &#xD;
 E3: E - Cannot create new device 'X8/3*WW2-B_V1' with component 'DUMMY_CON_1'&#xD;
 E3: W - Component A0049821902 not found in database !&#xD;
 E3: W - Cannot load Component 'A0049821902' from database - look in output window for details... &#xD;
 E3: E - Cannot create new device 'W2/7*1-K_V1' with component 'A0049821902'&#xD;
 E3: W - Component A2235400203 not found in database !&#xD;
 E3: W - Cannot load Component 'A2235400203' from database - look in output window for details... &#xD;
 E3: E - Cannot create new device 'N68/5*2-B_V1' with component 'A2235400203'&#xD;
 E3: W - Component A2205400681 not found in database !&#xD;
 E3: W - Cannot load Component 'A2205400681' from database - look in output window for details... &#xD;
 E3: E - Cannot create new device 'A89/2*1-B_V1' with component 'A2205400681'&#xD;
 E3: W - Component A2235404902 not found in database !&#xD;
 E3: W - Cannot load Component 'A2235404902' from database - look in output window for details... &#xD;
 E3: E - Cannot create new device 'A89/2*ETH-B_V1' with component 'A2235404902'&#xD;
 E3: W - Component A0005457219 not found in database !&#xD;
 E3: W - Cannot load Component 'A0005457219' from database - look in output window for details... &#xD;
 E3: E - Cannot create new device 'R2/17*1-S_V1' with component 'A0005457219'&#xD;
 E3: W - Component A0275457426 not found in database !&#xD;
 E3: W - Cannot load Component 'A0275457426' from database - look in output window for details... &#xD;
 E3: E - Cannot create new device 'N30/9*2-B_V1' with component 'A0275457426'&#xD;
 E3: W - Component A2235407202 not found in database !&#xD;
 E3: W - Cannot load Component 'A2235407202' from database - look in output window for details... &#xD;
 E3: E - Cannot create new device 'N30/9*1-B_V1' with component 'A2235407202'&#xD;
 E3: W - Component A0255459026 not found in database !&#xD;
 E3: W - Cannot load Component 'A0255459026' from database - look in output window for details... &#xD;
 E3: E - Cannot create new device 'N41/7*SUP-B_V1' with component 'A0255459026'&#xD;
 E3: W - Component A2235404902 not found in database !&#xD;
 E3: W - Cannot load Component 'A2235404902' from database - look in output window for details... &#xD;
 E3: E - Cannot create new device 'N41/7*COM1-B_V1' with component 'A2235404902'&#xD;
 E3: W - Component A2235404902 not found in database !&#xD;
 E3: W - Cannot load Component 'A2235404902' from database - look in output window for details... &#xD;
 E3: E - Cannot create new device 'N41/7*COM2-B_V1' with component 'A2235404902'&#xD;
 E3: W - Component A0005459919 not found in database !&#xD;
 E3: W - Cannot load Component 'A0005459919' from database - look in output window for details... &#xD;
 E3: E - Cannot create new device 'N83/13*1-B_V1' with component 'A0005459919'&#xD;
 E3: W - Component A1679820600 not found in database !&#xD;
 E3: W - Cannot load Component 'A1679820600' from database - look in output window for details... &#xD;
 E3: E - Cannot create new device 'N83/13*2-K_V1' with component 'A1679820600'&#xD;
 E3: W - Component A0009826213 not found in database !&#xD;
 E3: W - Cannot load Component 'A0009826213' from database - look in output window for details... &#xD;
 E3: E - Cannot create new device 'G1/21*BSH-K_V1' with component 'A0009826213'&#xD;
 E3: W - Component A0275457026 not found in database !&#xD;
 E3: W - Cannot load Component 'A0275457026' from database - look in output window for details... &#xD;
 E3: E - Cannot create new device 'B95/3*1-B_V1' with component 'A0275457026'&#xD;
 E3: W - Component A0009826103 not found in database !&#xD;
 E3: W - Cannot load Component 'A0009826103' from database - look in output window for details... &#xD;
 E3: E - Cannot create new device 'F150/4*A56-K_V1' with component 'A0009826103'&#xD;
 E3: W - Component A1679821400 not found in database !&#xD;
 E3: W - Cannot load Component 'A1679821400' from database - look in output window for details... &#xD;
 E3: E - Cannot create new device 'F150/4*A55-K_V1' with component 'A1679821400'&#xD;
 E3: W - Component A0009823203 not found in database !&#xD;
 E3: W - Cannot load Component 'A0009823203' from database - look in output window for details... &#xD;
 E3: E - Cannot create new device 'F150/4*A54-K_V1' with component 'A0009823203'&#xD;
 E3: W - Component A0009823303 not found in database !&#xD;
 E3: W - Cannot load Component 'A0009823303' from database - look in output window for details... &#xD;
 E3: E - Cannot create new device 'F150/4*A53-K_V1' with component 'A0009823303'&#xD;
 E3: W - Component A0005454531 not found in database !&#xD;
 E3: W - Cannot load Component 'A0005454531' from database - look in output window for details... &#xD;
 E3: E - Cannot create new device 'F152/8*E1-K_V1' with component 'A0005454531'&#xD;
 E3: W - Component A2239065402 not found in database !&#xD;
 E3: W - Cannot load Component 'A2239065402' from database - look in output window for details... &#xD;
 E3: E - Cannot create new device 'F152/8*A1-B_V1' with component 'A2239065402'&#xD;
 E3: W - Component A0565453128 not found in database !&#xD;
 E3: W - Cannot load Component 'A0565453128' from database - look in output window for details... &#xD;
 E3: E - Cannot create new device 'A40/28*1-S_V1' with component 'A0565453128'&#xD;
 E3: W - Component A0255456226 not found in database !&#xD;
 E3: W - Cannot load Component 'A0255456226' from database - look in output window for details... &#xD;
 E3: E - Cannot create new device 'A2/93*GN2-B_V1' with component 'A0255456226'&#xD;
 E3: W - Component A0235455726 not found in database !&#xD;
 E3: W - Cannot load Component 'A0235455726' from database - look in output window for details... &#xD;
 E3: E - Cannot create new device 'N41/8*2-B_V1' with component 'A0235455726'&#xD;
 E3: W - Component A0065405181 not found in database !&#xD;
 E3: W - Cannot load Component 'A0065405181' from database - look in output window for details... &#xD;
 E3: E - Cannot create new device 'N41/8*1-B_V1' with component 'A0065405181'&#xD;
 E3: W - Component A2235405102 not found in database !&#xD;
 E3: W - Cannot load Component 'A2235405102' from database - look in output window for details... &#xD;
 E3: E - Cannot create new device 'N41/8*ETH-B_V1' with component 'A2235405102'&#xD;
 E3: W - Component A0025460844 not found in database !&#xD;
 E3: W - Cannot load Component 'A0025460844' from database - look in output window for details... &#xD;
 E3: E - Cannot create new device 'G1/21*1-K_V1' with component 'A0025460844'&#xD;
 E3: W - Component A0009821903 not found in database !&#xD;
 E3: W - Cannot load Component 'A0009821903' from database - look in output window for details... &#xD;
 E3: E - Cannot create new device 'F150/4*A51-K_V1' with component 'A0009821903'&#xD;
 E3: W - Component A0009821903 not found in database !&#xD;
 E3: W - Cannot load Component 'A0009821903' from database - look in output window for details... &#xD;
 E3: E - Cannot create new device 'N83/13*3-K_V1' with component 'A0009821903'&#xD;
 E3: W - Component A1779820500 not found in database !&#xD;
 E3: W - Cannot load Component 'A1779820500' from database - look in output window for details... &#xD;
 E3: E - Cannot create new device 'F150/4*A52-K_V1' with component 'A1779820500'&#xD;
 E3: W - Component A0009823603 not found in database !&#xD;
 E3: W - Cannot load Component 'A0009823603' from database - look in output window for details... &#xD;
 E3: E - Cannot create new device 'F150/5*A45-K_V1' with component 'A0009823603'&#xD;
 E3: W - Component A0009824712 not found in database !&#xD;
 E3: W - Cannot load Component 'A0009824712' from database - look in output window for details... &#xD;
 E3: E - Cannot create new device 'F150/2*A27-K_V1' with component 'A0009824712'&#xD;
 E3: W - Component A2235404902 not found in database !&#xD;
 E3: W - Cannot load Component 'A2235404902' from database - look in output window for details... &#xD;
 E3: E - Cannot create new device 'N41/7*COM3-B_V1' with component 'A2235404902'&#xD;
 E3: W - Component A2235404902 not found in database !&#xD;
 E3: W - Cannot load Component 'A2235404902' from database - look in output window for details... &#xD;
 E3: E - Cannot create new device 'N62/4*E3-B_V1' with component 'A2235404902'&#xD;
 E3: W - Component A0235455726 not found in database !&#xD;
 E3: W - Cannot load Component 'A0235455726' from database - look in output window for details... &#xD;
 E3: E - Cannot create new device 'A26/17*11-B_V1' with component 'A0235455726'&#xD;
 E3: W - Component A0235456026 not found in database !&#xD;
 E3: W - Cannot load Component 'A0235456026' from database - look in output window for details... &#xD;
 E3: E - Cannot create new device 'A2/64*1-B_V1_O1' with component 'A0235456026'&#xD;
 E3: W - Component A1729821302 not found in database !&#xD;
 E3: W - Cannot load Component 'A1729821302' from database - look in output window for details... &#xD;
 E3: E - Cannot create new device 'W8/1*1-K_V1_O1' with component 'A1729821302'&#xD;
 E3: W - Component A0395456628 not found in database !&#xD;
 E3: W - Cannot load Component 'A0395456628' from database - look in output window for details... &#xD;
 E3: E - Cannot create new device 'B38/2*1-B_V1_O1' with component 'A0395456628'&#xD;
 E3: W - Component A2235408504 not found in database !&#xD;
 E3: W - Cannot load Component 'A2235408504' from database - look in output window for details... &#xD;
 E3: E - Cannot create new device 'N12/2*1-B_V1' with component 'A2235408504'&#xD;
 E3: W - Component A1729821302 not found in database !&#xD;
 E3: W - Cannot load Component 'A1729821302' from database - look in output window for details... &#xD;
 E3: E - Cannot create new device 'W29/9*1-K_V1_O1' with component 'A1729821302'&#xD;
 E3: W - Component A1729821302 not found in database !&#xD;
 E3: W - Cannot load Component 'A1729821302' from database - look in output window for details... &#xD;
 E3: E - Cannot create new device 'W8/2*1-K_V1_O1' with component 'A1729821302'&#xD;
 E3: W - Component A0009829711 not found in database !&#xD;
 E3: W - Cannot load Component 'A0009829711' from database - look in output window for details... &#xD;
 E3: E - Cannot create new device 'F152/2*E1-K_V1' with component 'A0009829711'&#xD;
 E3: W - Component A0019820402 not found in database !&#xD;
 E3: W - Cannot load Component 'A0019820402' from database - look in output window for details... &#xD;
 E3: E - Cannot create new device 'W33/4*1-K_V1' with component 'A0019820402'&#xD;
 E3: W - Component A0295454426 not found in database !&#xD;
 E3: W - Cannot load Component 'A0295454426' from database - look in output window for details... &#xD;
 E3: E - Cannot create new device 'B4/45*1-B_V1' with component 'A0295454426'&#xD;
 E3: W - Component A1685400181 not found in database !&#xD;
 E3: W - Cannot load Component 'A1685400181' from database - look in output window for details... &#xD;
 E3: E - Cannot create new device 'Y58/3*1-B_V1' with component 'A1685400181'&#xD;
 E3: W - Component A0275457426 not found in database !&#xD;
 E3: W - Cannot load Component 'A0275457426' from database - look in output window for details... &#xD;
 E3: E - Cannot create new device 'M16/91*1-B_V1' with component 'A0275457426'&#xD;
 E3: W - Component A0005459312 not found in database !&#xD;
 E3: W - Cannot load Component 'A0005459312' from database - look in output window for details... &#xD;
 E3: E - Cannot create new device 'X233/1*1-S_V1' with component 'A0005459312'&#xD;
 E3: W - Component A2215450228 not found in database !&#xD;
 E3: W - Cannot load Component 'A2215450228' from database - look in output window for details... &#xD;
 E3: E - Cannot create new device 'B39*1-S_V1' with component 'A2215450228'&#xD;
 E3: W - Component A0025455440 not found in database !&#xD;
 E3: W - Cannot load Component 'A0025455440' from database - look in output window for details... &#xD;
 E3: E - Cannot create new device 'A90/7*1MQS-B_V1' with component 'A0025455440'&#xD;
 E3: W - Component A0005407503 not found in database !&#xD;
 E3: W - Cannot load Component 'A0005407503' from database - look in output window for details... &#xD;
 E3: E - Cannot create new device 'A90/7*1HSD-B_V1' with component 'A0005407503'&#xD;
 E3: W - Component A0275457026 not found in database !&#xD;
 E3: W - Cannot load Component 'A0275457026' from database - look in output window for details... &#xD;
 E3: E - Cannot create new device 'B95/2*1-B_V1' with component 'A0275457026'&#xD;
 E3: W - Component A2225451526 not found in database !&#xD;
 E3: W - Cannot load Component 'A2225451526' from database - look in output window for details... &#xD;
 E3: E - Cannot create new device 'X62/33*1-B_V1' with component 'A2225451526'&#xD;
 E3: W - Component A2225451526 not found in database !&#xD;
 E3: W - Cannot load Component 'A2225451526' from database - look in output window for details... &#xD;
 E3: E - Cannot create new device 'X62/32*1-B_V1' with component 'A2225451526'&#xD;
 E3: W - Component A0005403402 not found in database !&#xD;
 E3: W - Cannot load Component 'A0005403402' from database - look in output window for details... &#xD;
 E3: E - Cannot create new device 'A90/7*2HSD-B_V1' with component 'A0005403402'&#xD;
 E3: W - Component A0455459428 not found in database !&#xD;
 E3: W - Cannot load Component 'A0455459428' from database - look in output window for details... &#xD;
 E3: E - Cannot create new device 'N93/13*3-B_V1' with component 'A0455459428'&#xD;
 E3: W - Component A0005409300 not found in database !&#xD;
 E3: W - Cannot load Component 'A0005409300' from database - look in output window for details... &#xD;
 E3: E - Cannot create new device 'N93/13*1-B_V1' with component 'A0005409300'&#xD;
 E3: W - Component A0235456226 not found in database !&#xD;
 E3: W - Cannot load Component 'A0235456226' from database - look in output window for details... &#xD;
 E3: E - Cannot create new device 'A94/7*1-B_V1' with component 'A0235456226'&#xD;
 E3: W - Component A2215450228 not found in database !&#xD;
 E3: W - Cannot load Component 'A2215450228' from database - look in output window for details... &#xD;
 E3: E - Cannot create new device 'B39/1*1-S_V1' with component 'A2215450228'&#xD;
 E3: W - Component MESSVERK_CON_1 not found in database !&#xD;
 E3: W - Cannot load Component 'MESSVERK_CON_1' from database - look in output window for details... &#xD;
 E3: E - Cannot create new device 'X11/19*H20-B_V1' with component 'MESSVERK_CON_1'&#xD;
 E3: W - Component A0005409400 not found in database !&#xD;
 E3: W - Cannot load Component 'A0005409400' from database - look in output window for details... &#xD;
 E3: E - Cannot create new device 'N93/13*2-B_V1' with component 'A0005409400'&#xD;
 E3: W - Component A0005458027 not found in database !&#xD;
 E3: W - Cannot load Component 'A0005458027' from database - look in output window for details... &#xD;
 E3: E - Cannot create new device 'S105*1-B_V1_O1' with component 'A0005458027'&#xD;
 E3: W - Component A0105408081 not found in database !&#xD;
 E3: W - Cannot load Component 'A0105408081' from database - look in output window for details... &#xD;
 E3: E - Cannot create new device 'X35/1*1-B_V1' with component 'A0105408081'&#xD;
 E3: W - Component A0275457926 not found in database !&#xD;
 E3: W - Cannot load Component 'A0275457926' from database - look in output window for details... &#xD;
 E3: E - Cannot create new device 'F63*S1-B_V1' with component 'A0275457926'&#xD;
 E3: W - Component A0009823703 not found in database !&#xD;
 E3: W - Cannot load Component 'A0009823703' from database - look in output window for details... &#xD;
 E3: E - Cannot create new device 'F150/2*A21-K_V1' with component 'A0009823703'&#xD;
 E3: W - Component A1679821500 not found in database !&#xD;
 E3: W - Cannot load Component 'A1679821500' from database - look in output window for details... &#xD;
 E3: E - Cannot create new device 'F150/2*A22-K_V1' with component 'A1679821500'&#xD;
 E3: W - Component A2035404300 not found in database !&#xD;
 E3: W - Cannot load Component 'A2035404300' from database - look in output window for details... &#xD;
 E3: E - Cannot create new device 'N73/3*1-B_V1' with component 'A2035404300'&#xD;
 E3: W - Component A2035404200 not found in database !&#xD;
 E3: W - Cannot load Component 'A2035404200' from database - look in output window for details... &#xD;
 E3: E - Cannot create new device 'N73/3*2-B_V1' with component 'A2035404200'&#xD;
 E3: W - Component A0525453826 not found in database !&#xD;
 E3: W - Cannot load Component 'A0525453826' from database - look in output window for details... &#xD;
 E3: E - Cannot create new device 'X27/1*1-B_V1' with component 'A0525453826'&#xD;
 E3: W - Component A0009829811 not found in database !&#xD;
 E3: W - Cannot load Component 'A0009829811' from database - look in output window for details... &#xD;
 E3: E - Cannot create new device 'F150/2*A23-K_V1' with component 'A0009829811'&#xD;
 E3: W - Component A0009821514 not found in database !&#xD;
 E3: W - Cannot load Component 'A0009821514' from database - look in output window for details... &#xD;
 E3: E - Cannot create new device 'F150/2*A24-K_V1' with component 'A0009821514'&#xD;
 E3: W - Component A2235404902 not found in database !&#xD;
 E3: W - Cannot load Component 'A2235404902' from database - look in output window for details... &#xD;
 E3: E - Cannot create new device 'N73/3*3E5-B_V1' with component 'A2235404902'&#xD;
 E3: W - Component A2235404902 not found in database !&#xD;
 E3: W - Cannot load Component 'A2235404902' from database - look in output window for details... &#xD;
 E3: E - Cannot create new device 'N73/3*3E4-B_V1' with component 'A2235404902'&#xD;
 E3: W - Component A2235404902 not found in database !&#xD;
 E3: W - Cannot load Component 'A2235404902' from database - look in output window for details... &#xD;
 E3: E - Cannot create new device 'N73/3*3E3-B_V1' with component 'A2235404902'&#xD;
 E3: W - Component A2235404902 not found in database !&#xD;
 E3: W - Cannot load Component 'A2235404902' from database - look in output window for details... &#xD;
 E3: E - Cannot create new device 'N73/3*3E2-B_V1' with component 'A2235404902'&#xD;
 E3: W - Component A2235404902 not found in database !&#xD;
 E3: W - Cannot load Component 'A2235404902' from database - look in output window for details... &#xD;
 E3: E - Cannot create new device 'N73/3*3E1-B_V1' with component 'A2235404902'&#xD;
 E3: W - Component A0009829611 not found in database !&#xD;
 E3: W - Cannot load Component 'A0009829611' from database - look in output window for details... &#xD;
 E3: E - Cannot create new device 'F150/2*A25-K_V1' with component 'A0009829611'&#xD;
 E3: W - Component A0265458226 not found in database !&#xD;
 E3: W - Cannot load Component 'A0265458226' from database - look in output window for details... &#xD;
 E3: E - Cannot create new device 'N73/3*5-B_V1' with component 'A0265458226'&#xD;
 E3: W - Component A0335455526 not found in database !&#xD;
 E3: W - Cannot load Component 'A0335455526' from database - look in output window for details... &#xD;
 E3: E - Cannot create new device 'R12/81*1-B_V1' with component 'A0335455526'&#xD;
 E3: W - Component A2235404902 not found in database !&#xD;
 E3: W - Cannot load Component 'A2235404902' from database - look in output window for details... &#xD;
 E3: E - Cannot create new device 'N73/3*4E5-B_V1' with component 'A2235404902'&#xD;
 E3: W - Component A2235404902 not found in database !&#xD;
 E3: W - Cannot load Component 'A2235404902' from database - look in output window for details... &#xD;
 E3: E - Cannot create new device 'N73/3*4E4-B_V1' with component 'A2235404902'&#xD;
 E3: W - Component A2235404902 not found in database !&#xD;
 E3: W - Cannot load Component 'A2235404902' from database - look in output window for details... &#xD;
 E3: E - Cannot create new device 'N73/3*4E3-B_V1' with component 'A2235404902'&#xD;
 E3: W - Component A0009822603 not found in database !&#xD;
 E3: W - Cannot load Component 'A0009822603' from database - look in output window for details... &#xD;
 E3: E - Cannot create new device 'F150/2*A26-K_V1' with component 'A0009822603'&#xD;
 E3: W - Component A1679821100 not found in database !&#xD;
 E3: W - Cannot load Component 'A1679821100' from database - look in output window for details... &#xD;
 E3: E - Cannot create new device 'F150/2*A28-K_V1' with component 'A1679821100'&#xD;
 E3: W - Component A0009821411 not found in database !&#xD;
 E3: W - Cannot load Component 'A0009821411' from database - look in output window for details... &#xD;
 E3: E - Cannot create new device 'F150/2*A29-K_V1' with component 'A0009821411'&#xD;
 E3: W - Component A1729821302 not found in database !&#xD;
 E3: W - Cannot load Component 'A1729821302' from database - look in output window for details... &#xD;
 E3: E - Cannot create new device 'W85/2*2-K_V1' with component 'A1729821302'&#xD;
 E3: W - Component A2239060702 not found in database !&#xD;
 E3: W - Cannot load Component 'A2239060702' from database - look in output window for details... &#xD;
 E3: E - Cannot create new device 'F152/4*A-B_V1' with component 'A2239060702'&#xD;
 E3: W - Component A0009829811 not found in database !&#xD;
 E3: W - Cannot load Component 'A0009829811' from database - look in output window for details... &#xD;
 E3: E - Cannot create new device 'F152/4*E1-K_V1' with component 'A0009829811'&#xD;
 E3: W - Component A0375453628 not found in database !&#xD;
 E3: W - Cannot load Component 'A0375453628' from database - look in output window for details... &#xD;
 E3: E - Cannot create new device 'F152/4*S1-B_V1' with component 'A0375453628'&#xD;
 E3: W - Component A0375453728 not found in database !&#xD;
 E3: W - Cannot load Component 'A0375453728' from database - look in output window for details... &#xD;
 E3: E - Cannot create new device 'F152/4*S2-B_V1' with component 'A0375453728'&#xD;
 E3: W - Component A0225450826 not found in database !&#xD;
 E3: W - Cannot load Component 'A0225450826' from database - look in output window for details... &#xD;
 E3: E - Cannot create new device 'F152/4*E2-B_V1' with component 'A0225450826'&#xD;
 E3: W - Component A2235405402 not found in database !&#xD;
 E3: W - Cannot load Component 'A2235405402' from database - look in output window for details... &#xD;
 E3: E - Cannot create new device 'X18*2-S_V1' with component 'A2235405402'&#xD;
 E3: W - Component A0525455728 not found in database !&#xD;
 E3: W - Cannot load Component 'A0525455728' from database - look in output window for details... &#xD;
 E3: E - Cannot create new device 'X18*1-S_V1' with component 'A0525455728'&#xD;
 E3: W - Component A0525458728 not found in database !&#xD;
 E3: W - Cannot load Component 'A0525458728' from database - look in output window for details... &#xD;
 E3: E - Cannot create new device 'X18*3-S_V1' with component 'A0525458728'&#xD;
 E3: W - Component A1729821302 not found in database !&#xD;
 E3: W - Cannot load Component 'A1729821302' from database - look in output window for details... &#xD;
 E3: E - Cannot create new device 'W16/3*1-K_V1' with component 'A1729821302'&#xD;
 E3: W - Component A0285453026 not found in database !&#xD;
 E3: W - Cannot load Component 'A0285453026' from database - look in output window for details... &#xD;
 E3: E - Cannot create new device 'N16/3*1-B_V1' with component 'A0285453026'&#xD;
 E3: W - Component A0009826313 not found in database !&#xD;
 E3: W - Cannot load Component 'A0009826313' from database - look in output window for details... &#xD;
 E3: E - Cannot create new device 'N16/3*B95-K_V1' with component 'A0009826313'&#xD;
 E3: W - Component A0005455922 not found in database !&#xD;
 E3: W - Cannot load Component 'A0005455922' from database - look in output window for details... &#xD;
 E3: E - Cannot create new device 'H20/23*1-B_V1' with component 'A0005455922'&#xD;
 E3: W - Component A0005455522 not found in database !&#xD;
 E3: W - Cannot load Component 'A0005455522' from database - look in output window for details... &#xD;
 E3: E - Cannot create new device 'H4/139*1-B_V1' with component 'A0005455522'&#xD;
 E3: W - Component A0005455822 not found in database !&#xD;
 E3: W - Cannot load Component 'A0005455822' from database - look in output window for details... &#xD;
 E3: E - Cannot create new device 'H21/23*1-B_V1' with component 'A0005455822'&#xD;
 E3: W - Component A0009826213 not found in database !&#xD;
 E3: W - Cannot load Component 'A0009826213' from database - look in output window for details... &#xD;
 E3: E - Cannot create new device 'G1/10*B95-K_V1' with component 'A0009826213'&#xD;
 E3: W - Component A1725400281 not found in database !&#xD;
 E3: W - Cannot load Component 'A1725400281' from database - look in output window for details... &#xD;
 E3: E - Cannot create new device 'R12/67*1-B_V1' with component 'A1725400281'&#xD;
 E3: W - Component A2045453326 not found in database !&#xD;
 E3: W - Cannot load Component 'A2045453326' from database - look in output window for details... &#xD;
 E3: E - Cannot create new device 'R12/82*1-B_V1' with component 'A2045453326'&#xD;
 E3: W - Component A0009821703 not found in database !&#xD;
 E3: W - Cannot load Component 'A0009821703' from database - look in output window for details... &#xD;
 E3: E - Cannot create new device 'F150/3*A4-K_V1' with component 'A0009821703'&#xD;
 E3: W - Component A0275457426 not found in database !&#xD;
 E3: W - Cannot load Component 'A0275457426' from database - look in output window for details... &#xD;
 E3: E - Cannot create new device 'F150/3*A3-B_V1' with component 'A0275457426'&#xD;
 E3: W - Component A0295451026 not found in database !&#xD;
 E3: W - Cannot load Component 'A0295451026' from database - look in output window for details... &#xD;
 E3: E - Cannot create new device 'B95*1V-B_V1' with component 'A0295451026'&#xD;
 E3: W - Component A0295453026 not found in database !&#xD;
 E3: W - Cannot load Component 'A0295453026' from database - look in output window for details... &#xD;
 E3: E - Cannot create new device 'F63*ZS-B_V1' with component 'A0295453026'&#xD;
 E3: W - Component A0275457226 not found in database !&#xD;
 E3: W - Cannot load Component 'A0275457226' from database - look in output window for details... &#xD;
 E3: E - Cannot create new device 'A68*B-B_V1' with component 'A0275457226'&#xD;
 E3: W - Component A2105404381 not found in database !&#xD;
 E3: W - Cannot load Component 'A2105404381' from database - look in output window for details... &#xD;
 E3: E - Cannot create new device 'B37/1*1-B_V1' with component 'A2105404381'&#xD;
 E3: W - Component A0345458726 not found in database !&#xD;
 E3: W - Cannot load Component 'A0345458726' from database - look in output window for details... &#xD;
 E3: E - Cannot create new device 'A68*A-B_V1' with component 'A0345458726'&#xD;
 E3: W - Component A0005402410 not found in database !&#xD;
 E3: W - Cannot load Component 'A0005402410' from database - look in output window for details... &#xD;
 E3: E - Cannot create new device 'N127*A-B_V1' with component 'A0005402410'&#xD;
 E3: W - Component A0005409300 not found in database !&#xD;
 E3: W - Cannot load Component 'A0005409300' from database - look in output window for details... &#xD;
 E3: E - Cannot create new device 'N127*B-B_V1' with component 'A0005409300'&#xD;
 E3: W - Component A0005408704 not found in database !&#xD;
 E3: W - Cannot load Component 'A0005408704' from database - look in output window for details... &#xD;
 E3: E - Cannot create new device 'N10/6*RB1-B_V1' with component 'A0005408704'&#xD;
 E3: W - Component A0005409400 not found in database !&#xD;
 E3: W - Cannot load Component 'A0005409400' from database - look in output window for details... &#xD;
 E3: E - Cannot create new device 'N10/6*RB2-B_V1' with component 'A0005409400'&#xD;
 E3: W - Component A2235404902 not found in database !&#xD;
 E3: W - Cannot load Component 'A2235404902' from database - look in output window for details... &#xD;
 E3: E - Cannot create new device 'N10/6*ETH-B_V1' with component 'A2235404902'&#xD;
 E3: W - Component A2235404902 not found in database !&#xD;
 E3: W - Cannot load Component 'A2235404902' from database - look in output window for details... &#xD;
 E3: E - Cannot create new device 'N127*C-B_V1' with component 'A2235404902'&#xD;
 E3: W - Component A1729821302 not found in database !&#xD;
 E3: W - Cannot load Component 'A1729821302' from database - look in output window for details... &#xD;
 E3: E - Cannot create new device 'W85/1*2-K_V1' with component 'A1729821302'&#xD;
 E3: W - Component A0005406010 not found in database !&#xD;
 E3: W - Cannot load Component 'A0005406010' from database - look in output window for details... &#xD;
 E3: E - Cannot create new device 'X18/35*1-S_V1' with component 'A0005406010'&#xD;
 E3: W - Component A0525455728 not found in database !&#xD;
 E3: W - Cannot load Component 'A0525455728' from database - look in output window for details... &#xD;
 E3: E - Cannot create new device 'X25/7*2-S_V1' with component 'A0525455728'&#xD;
 E3: W - Component A0105406981 not found in database !&#xD;
 E3: W - Cannot load Component 'A0105406981' from database - look in output window for details... &#xD;
 E3: E - Cannot create new device 'X25/7*1-S_V1' with component 'A0105406981'&#xD;
 E3: W - Component A0005455522 not found in database !&#xD;
 E3: W - Cannot load Component 'A0005455522' from database - look in output window for details... &#xD;
 E3: E - Cannot create new device 'H4/140*1-B_V1' with component 'A0005455522'&#xD;
 E3: W - Component A0005455822 not found in database !&#xD;
 E3: W - Cannot load Component 'A0005455822' from database - look in output window for details... &#xD;
 E3: E - Cannot create new device 'H21/24*1-B_V1' with component 'A0005455822'&#xD;
 E3: W - Component A2025405981 not found in database !&#xD;
 E3: W - Cannot load Component 'A2025405981' from database - look in output window for details... &#xD;
 E3: E - Cannot create new device 'X11/4*1-B_V1' with component 'A2025405981'&#xD;
 E3: W - Component A0009829811 not found in database !&#xD;
 E3: W - Cannot load Component 'A0009829811' from database - look in output window for details... &#xD;
 E3: E - Cannot create new device 'F152/1*E1-K_V1' with component 'A0009829811'&#xD;
 E3: W - Component A2239060302 not found in database !&#xD;
 E3: W - Cannot load Component 'A2239060302' from database - look in output window for details... &#xD;
 E3: E - Cannot create new device 'F152/1*A-B_V1' with component 'A2239060302'&#xD;
 E3: W - Component A1725400281 not found in database !&#xD;
 E3: W - Cannot load Component 'A1725400281' from database - look in output window for details... &#xD;
 E3: E - Cannot create new device 'R12/68*1-B_V1' with component 'A1725400281'&#xD;
 E3: W - Component A1729821302 not found in database !&#xD;
 E3: W - Cannot load Component 'A1729821302' from database - look in output window for details... &#xD;
 E3: E - Cannot create new device 'W70/3*1-K_V1' with component 'A1729821302'&#xD;
 E3: W - Component A0275457426 not found in database !&#xD;
 E3: W - Cannot load Component 'A0275457426' from database - look in output window for details... &#xD;
 E3: E - Cannot create new device 'B150/2*1-B_V1' with component 'A0275457426'&#xD;
 E3: W - Component A1729821302 not found in database !&#xD;
 E3: W - Cannot load Component 'A1729821302' from database - look in output window for details... &#xD;
 E3: E - Cannot create new device 'W16/6*1-K_V1' with component 'A1729821302'&#xD;
 E3: W - Component A2235402903 not found in database !&#xD;
 E3: W - Cannot load Component 'A2235402903' from database - look in output window for details... &#xD;
 E3: E - Cannot create new device 'N30/3*1-B_V1' with component 'A2235402903'&#xD;
 E3: W - Component A1729821302 not found in database !&#xD;
 E3: W - Cannot load Component 'A1729821302' from database - look in output window for details... &#xD;
 E3: E - Cannot create new device 'W70*1-K_V1' with component 'A1729821302'&#xD;
 E3: W - Component A0105408081 not found in database !&#xD;
 E3: W - Cannot load Component 'A0105408081' from database - look in output window for details... &#xD;
 E3: E - Cannot create new device 'X35/2*1-B_V1' with component 'A0105408081'&#xD;
 E3: W - Component NACHSTECK_FAKRA not found in database !&#xD;
 E3: W - Cannot load Component 'NACHSTECK_FAKRA' from database - look in output window for details... &#xD;
 E3: E - Cannot create new device 'X35/2*SVS-B_V1' with component 'NACHSTECK_FAKRA'&#xD;
 E3: W - Component A0009822013 not found in database !&#xD;
 E3: W - Cannot load Component 'A0009822013' from database - look in output window for details... &#xD;
 E3: E - Cannot create new device 'F150/2*A20-K_V1' with component 'A0009822013'&#xD;
 E3: W - Component A0025467440 not found in database !&#xD;
 E3: W - Cannot load Component 'A0025467440' from database - look in output window for details... &#xD;
 E3: E - Cannot create new device 'Z11/19*101-T_V1' with component 'A0025467440'&#xD;
 E3: W - Component A0025467440 not found in database !&#xD;
 E3: W - Cannot load Component 'A0025467440' from database - look in output window for details... &#xD;
 E3: E - Cannot create new device 'Z11/19*100-T_V1' with component 'A0025467440'&#xD;
 E3: W - Component A0025467440 not found in database !&#xD;
 E3: W - Cannot load Component 'A0025467440' from database - look in output window for details... &#xD;
 E3: E - Cannot create new device 'Z11/19*114-T_V1' with component 'A0025467440'&#xD;
 E3: W - Component A0025467440 not found in database !&#xD;
 E3: W - Cannot load Component 'A0025467440' from database - look in output window for details... &#xD;
 E3: E - Cannot create new device 'Z11/19*116-T_V1' with component 'A0025467440'&#xD;
 E3: W - Component A0025467440 not found in database !&#xD;
 E3: W - Cannot load Component 'A0025467440' from database - look in output window for details... &#xD;
 E3: E - Cannot create new device 'Z11/19*117-T_V1' with component 'A0025467440'&#xD;
 E3: W - Component A0025467440 not found in database !&#xD;
 E3: W - Cannot load Component 'A0025467440' from database - look in output window for details... &#xD;
 E3: E - Cannot create new device 'Z11/19*115-T_V1' with component 'A0025467440'&#xD;
 E3: W - Component A0335455626 not found in database !&#xD;
 E3: W - Cannot load Component 'A0335455626' from database - look in output window for details... &#xD;
 E3: E - Cannot create new device 'R12/2*1-B_V1' with component 'A0335455626'&#xD;
 E3: W - Component A0005457843 not found in database !&#xD;
 E3: W - Cannot load Component 'A0005457843' from database - look in output window for details... &#xD;
 E3: E - Cannot create new device 'A76*1-B_V1' with component 'A0005457843'&#xD;
 E3: W - Component A0335455626 not found in database !&#xD;
 E3: W - Cannot load Component 'A0335455626' from database - look in output window for details... &#xD;
 E3: E - Cannot create new device 'R12/2*ECE-B_V1' with component 'A0335455626'&#xD;
 E3: W - Component A0335455626 not found in database !&#xD;
 E3: W - Cannot load Component 'A0335455626' from database - look in output window for details... &#xD;
 E3: E - Cannot create new device 'R12/1*1-B_V1' with component 'A0335455626'&#xD;
 E3: W - Component A0335455626 not found in database !&#xD;
 E3: W - Cannot load Component 'A0335455626' from database - look in output window for details... &#xD;
 E3: E - Cannot create new device 'R12/1*ECE-B_V1' with component 'A0335455626'&#xD;
 E3: W - Component A0005457843 not found in database !&#xD;
 E3: W - Cannot load Component 'A0005457843' from database - look in output window for details... &#xD;
 E3: E - Cannot create new device 'A76/1*1-B_V1' with component 'A0005457843'&#xD;
 E3: W - Component A0005456012 not found in database !&#xD;
 E3: W - Cannot load Component 'A0005456012' from database - look in output window for details... &#xD;
 E3: E - Cannot create new device 'A66*1-B_V1' with component 'A0005456012'&#xD;
 E3: W - Component DUMMY_CON_1 not found in database !&#xD;
 E3: W - Cannot load Component 'DUMMY_CON_1' from database - look in output window for details... &#xD;
 E3: E - Cannot create new device 'X8/1*WW2-B_V1' with component 'DUMMY_CON_1'&#xD;
 E3: W - Component A0005402910 not found in database !&#xD;
 E3: W - Cannot load Component 'A0005402910' from database - look in output window for details... &#xD;
 E3: E - Cannot create new device 'X28/61*1-B_V1' with component 'A0005402910'&#xD;
 E3: W - Component A1729821302 not found in database !&#xD;
 E3: W - Cannot load Component 'A1729821302' from database - look in output window for details... &#xD;
 E3: E - Cannot create new device 'W85/2*1-K_V1' with component 'A1729821302'&#xD;
 E3: W - Component A0555455628 not found in database !&#xD;
 E3: W - Cannot load Component 'A0555455628' from database - look in output window for details... &#xD;
 E3: E - Cannot create new device 'X178/3*1-S_V1' with component 'A0555455628'&#xD;
 E3: W - Component A0255459626 not found in database !&#xD;
 E3: W - Cannot load Component 'A0255459626' from database - look in output window for details... &#xD;
 E3: E - Cannot create new device 'X11/19*V14-B_V1' with component 'A0255459626'&#xD;
 E3: W - Component A0005454331 not found in database !&#xD;
 E3: W - Cannot load Component 'A0005454331' from database - look in output window for details... &#xD;
 E3: E - Cannot create new device 'F152/2*S10-B_V1' with component 'A0005454331'&#xD;
 E3: W - Component A0345450826 not found in database !&#xD;
 E3: W - Cannot load Component 'A0345450826' from database - look in output window for details... &#xD;
 E3: E - Cannot create new device 'X279*1-B_V1' with component 'A0345450826'&#xD;
 E3: W - Component A0275457226 not found in database !&#xD;
 E3: W - Cannot load Component 'A0275457226' from database - look in output window for details... &#xD;
 E3: E - Cannot create new device 'B28/39*1-B_V1' with component 'A0275457226'&#xD;
 E3: W - Component A2105402081 not found in database !&#xD;
 E3: W - Cannot load Component 'A2105402081' from database - look in output window for details... &#xD;
 E3: E - Cannot create new device 'X15/16*1-B_V1' with component 'A2105402081'&#xD;
 E3: W - Component A0005456110 not found in database !&#xD;
 E3: W - Cannot load Component 'A0005456110' from database - look in output window for details... &#xD;
 E3: E - Cannot create new device 'N45*1-B_V1' with component 'A0005456110'&#xD;
 E3: W - Component A2105402181 not found in database !&#xD;
 E3: W - Cannot load Component 'A2105402181' from database - look in output window for details... &#xD;
 E3: E - Cannot create new device 'X279*2-B_V1' with component 'A2105402181'&#xD;
 E3: W - Component A2235405402 not found in database !&#xD;
 E3: W - Cannot load Component 'A2235405402' from database - look in output window for details... &#xD;
 E3: E - Cannot create new device 'X11/19*2E-S_V1' with component 'A2235405402'&#xD;
 E3: W - Component A2235404902 not found in database !&#xD;
 E3: W - Cannot load Component 'A2235404902' from database - look in output window for details... &#xD;
 E3: E - Cannot create new device 'X11/19*1E-B_V1' with component 'A2235404902'&#xD;
 E3: W - Component A2235404902 not found in database !&#xD;
 E3: W - Cannot load Component 'A2235404902' from database - look in output window for details... &#xD;
 E3: E - Cannot create new device 'X11/19*1E2-B_V1' with component 'A2235404902'&#xD;
 E3: W - Component A2235404902 not found in database !&#xD;
 E3: W - Cannot load Component 'A2235404902' from database - look in output window for details... &#xD;
 E3: E - Cannot create new device 'X11/19*1E3-B_V1' with component 'A2235404902'&#xD;
 E3: W - Component A2235404902 not found in database !&#xD;
 E3: W - Cannot load Component 'A2235404902' from database - look in output window for details... &#xD;
 E3: E - Cannot create new device 'X11/19*1E4-B_V1' with component 'A2235404902'&#xD;
 E3: W - Component A2235404902 not found in database !&#xD;
 E3: W - Cannot load Component 'A2235404902' from database - look in output window for details... &#xD;
 E3: E - Cannot create new device 'X11/19*1E5-B_V1' with component 'A2235404902'&#xD;
 E3: W - Component A2235404902 not found in database !&#xD;
 E3: W - Cannot load Component 'A2235404902' from database - look in output window for details... &#xD;
 E3: E - Cannot create new device 'X11/19*1E6-B_V1' with component 'A2235404902'&#xD;
 E3: W - Component A2235405402 not found in database !&#xD;
 E3: W - Cannot load Component 'A2235405402' from database - look in output window for details... &#xD;
 E3: E - Cannot create new device 'X11/19*2E3-S_V1' with component 'A2235405402'&#xD;
 E3: W - Component A2235405402 not found in database !&#xD;
 E3: W - Cannot load Component 'A2235405402' from database - look in output window for details... &#xD;
 E3: E - Cannot create new device 'X11/19*2E4-S_V1' with component 'A2235405402'&#xD;
 E3: W - Component A2235405402 not found in database !&#xD;
 E3: W - Cannot load Component 'A2235405402' from database - look in output window for details... &#xD;
 E3: E - Cannot create new device 'X11/19*2E2-S_V1' with component 'A2235405402'&#xD;
 E3: W - Component A2235405402 not found in database !&#xD;
 E3: W - Cannot load Component 'A2235405402' from database - look in output window for details... &#xD;
 E3: E - Cannot create new device 'X11/19*2E5-S_V1' with component 'A2235405402'&#xD;
 E3: W - Component A2235405402 not found in database !&#xD;
 E3: W - Cannot load Component 'A2235405402' from database - look in output window for details... &#xD;
 E3: E - Cannot create new device 'X11/19*2E6-S_V1' with component 'A2235405402'&#xD;
 E3: W - Component A2235405402 not found in database !&#xD;
 E3: W - Cannot load Component 'A2235405402' from database - look in output window for details... &#xD;
 E3: E - Cannot create new device 'X11/19*2B-S_V1' with component 'A2235405402'&#xD;
 E3: W - Component A2235405402 not found in database !&#xD;
 E3: W - Cannot load Component 'A2235405402' from database - look in output window for details... &#xD;
 E3: E - Cannot create new device 'X11/19*2B2-S_V1' with component 'A2235405402'&#xD;
 E3: W - Component A2235405402 not found in database !&#xD;
 E3: W - Cannot load Component 'A2235405402' from database - look in output window for details... &#xD;
 E3: E - Cannot create new device 'X11/19*2B3-S_V1' with component 'A2235405402'&#xD;
 E3: W - Component A2235405402 not found in database !&#xD;
 E3: W - Cannot load Component 'A2235405402' from database - look in output window for details... &#xD;
 E3: E - Cannot create new device 'X11/19*2B4-S_V1' with component 'A2235405402'&#xD;
 E3: W - Component A2235405402 not found in database !&#xD;
 E3: W - Cannot load Component 'A2235405402' from database - look in output window for details... &#xD;
 E3: E - Cannot create new device 'X11/19*2B5-S_V1' with component 'A2235405402'&#xD;
 E3: W - Component A2235405402 not found in database !&#xD;
 E3: W - Cannot load Component 'A2235405402' from database - look in output window for details... &#xD;
 E3: E - Cannot create new device 'X11/19*2B6-S_V1' with component 'A2235405402'&#xD;
 E3: W - Component A2235404902 not found in database !&#xD;
 E3: W - Cannot load Component 'A2235404902' from database - look in output window for details... &#xD;
 E3: E - Cannot create new device 'X11/19*1B6-B_V1' with component 'A2235404902'&#xD;
 E3: W - Component A2235404902 not found in database !&#xD;
 E3: W - Cannot load Component 'A2235404902' from database - look in output window for details... &#xD;
 E3: E - Cannot create new device 'X11/19*1B5-B_V1' with component 'A2235404902'&#xD;
 E3: W - Component A2235404902 not found in database !&#xD;
 E3: W - Cannot load Component 'A2235404902' from database - look in output window for details... &#xD;
 E3: E - Cannot create new device 'X11/19*1B4-B_V1' with component 'A2235404902'&#xD;
 E3: W - Component A2235404902 not found in database !&#xD;
 E3: W - Cannot load Component 'A2235404902' from database - look in output window for details... &#xD;
 E3: E - Cannot create new device 'X11/19*1B3-B_V1' with component 'A2235404902'&#xD;
 E3: W - Component A2235404902 not found in database !&#xD;
 E3: W - Cannot load Component 'A2235404902' from database - look in output window for details... &#xD;
 E3: E - Cannot create new device 'X11/19*1B2-B_V1' with component 'A2235404902'&#xD;
 E3: W - Component A2235404902 not found in database !&#xD;
 E3: W - Cannot load Component 'A2235404902' from database - look in output window for details... &#xD;
 E3: E - Cannot create new device 'X11/19*1B-B_V1' with component 'A2235404902'&#xD;
 E3: W - Component A2235405402 not found in database !&#xD;
 E3: W - Cannot load Component 'A2235405402' from database - look in output window for details... &#xD;
 E3: E - Cannot create new device 'X11/19*1K2-S_V1' with component 'A2235405402'&#xD;
 E3: W - Component A2235405402 not found in database !&#xD;
 E3: W - Cannot load Component 'A2235405402' from database - look in output window for details... &#xD;
 E3: E - Cannot create new device 'X11/19*1K3-S_V1' with component 'A2235405402'&#xD;
 E3: W - Component A2235405402 not found in database !&#xD;
 E3: W - Cannot load Component 'A2235405402' from database - look in output window for details... &#xD;
 E3: E - Cannot create new device 'X11/19*1K4-S_V1' with component 'A2235405402'&#xD;
 E3: W - Component A2235405402 not found in database !&#xD;
 E3: W - Cannot load Component 'A2235405402' from database - look in output window for details... &#xD;
 E3: E - Cannot create new device 'X11/19*1K5-S_V1' with component 'A2235405402'&#xD;
 E3: W - Component A2235405402 not found in database !&#xD;
 E3: W - Cannot load Component 'A2235405402' from database - look in output window for details... &#xD;
 E3: E - Cannot create new device 'X11/19*1K6-S_V1' with component 'A2235405402'&#xD;
 E3: W - Component A2235405402 not found in database !&#xD;
 E3: W - Cannot load Component 'A2235405402' from database - look in output window for details... &#xD;
 E3: E - Cannot create new device 'X11/19*1K-S_V1' with component 'A2235405402'&#xD;
 E3: W - Component A2235404902 not found in database !&#xD;
 E3: W - Cannot load Component 'A2235404902' from database - look in output window for details... &#xD;
 E3: E - Cannot create new device 'X11/19*2K-B_V1' with component 'A2235404902'&#xD;
 E3: W - Component A2235404902 not found in database !&#xD;
 E3: W - Cannot load Component 'A2235404902' from database - look in output window for details... &#xD;
 E3: E - Cannot create new device 'X11/19*2K2-B_V1' with component 'A2235404902'&#xD;
 E3: W - Component A2235404902 not found in database !&#xD;
 E3: W - Cannot load Component 'A2235404902' from database - look in output window for details... &#xD;
 E3: E - Cannot create new device 'X11/19*2K3-B_V1' with component 'A2235404902'&#xD;
 E3: W - Component A2235404902 not found in database !&#xD;
 E3: W - Cannot load Component 'A2235404902' from database - look in output window for details... &#xD;
 E3: E - Cannot create new device 'X11/19*2K4-B_V1' with component 'A2235404902'&#xD;
 E3: W - Component A2235404902 not found in database !&#xD;
 E3: W - Cannot load Component 'A2235404902' from database - look in output window for details... &#xD;
 E3: E - Cannot create new device 'X11/19*2K5-B_V1' with component 'A2235404902'&#xD;
 E3: W - Component A2235404902 not found in database !&#xD;
 E3: W - Cannot load Component 'A2235404902' from database - look in output window for details... &#xD;
 E3: E - Cannot create new device 'X11/19*2K6-B_V1' with component 'A2235404902'&#xD;
 E3: W - Component A0285453026 not found in database !&#xD;
 E3: W - Cannot load Component 'A0285453026' from database - look in output window for details... &#xD;
 E3: E - Cannot create new device 'X272*2-B_V1' with component 'A0285453026'&#xD;
 E3: W - Component A0005452127 not found in database !&#xD;
 E3: W - Cannot load Component 'A0005452127' from database - look in output window for details... &#xD;
 E3: E - Cannot create new device 'B24/4*1-B_V1' with component 'A0005452127'&#xD;
 E3: W - Component A0005452127 not found in database !&#xD;
 E3: W - Cannot load Component 'A0005452127' from database - look in output window for details... &#xD;
 E3: E - Cannot create new device 'B24/3*1-B_V1' with component 'A0005452127'&#xD;
 E3: W - Component A0005452127 not found in database !&#xD;
 E3: W - Cannot load Component 'A0005452127' from database - look in output window for details... &#xD;
 E3: E - Cannot create new device 'B24/7*1-B_V1' with component 'A0005452127'&#xD;
 E3: W - Component A0235455626 not found in database !&#xD;
 E3: W - Cannot load Component 'A0235455626' from database - look in output window for details... &#xD;
 E3: E - Cannot create new device 'N156/1*4-B_V1' with component 'A0235455626'&#xD;
 E3: W - Component A0235456226 not found in database !&#xD;
 E3: W - Cannot load Component 'A0235456226' from database - look in output window for details... &#xD;
 E3: E - Cannot create new device 'N156/1*3-B_V1' with component 'A0235456226'&#xD;
 E3: W - Component A2235404902 not found in database !&#xD;
 E3: W - Cannot load Component 'A2235404902' from database - look in output window for details... &#xD;
 E3: E - Cannot create new device 'N156/1*2-B_V1' with component 'A2235404902'&#xD;
 E3: W - Component A2235408204 not found in database !&#xD;
 E3: W - Cannot load Component 'A2235408204' from database - look in output window for details... &#xD;
 E3: E - Cannot create new device 'N156/1*1-B_V1' with component 'A2235408204'&#xD;
 E3: W - Component A0005454700 not found in database !&#xD;
 E3: W - Cannot load Component 'A0005454700' from database - look in output window for details... &#xD;
 E3: E - Cannot create new device 'X62/14*3-B_V1' with component 'A0005454700'&#xD;
 E3: W - Component A2105403681 not found in database !&#xD;
 E3: W - Cannot load Component 'A2105403681' from database - look in output window for details... &#xD;
 E3: E - Cannot create new device 'X62/14*1-B_V1' with component 'A2105403681'&#xD;
 E3: W - Component A0005457423 not found in database !&#xD;
 E3: W - Cannot load Component 'A0005457423' from database - look in output window for details... &#xD;
 E3: E - Cannot create new device 'X62/14*2-B_V1' with component 'A0005457423'&#xD;
 E3: W - Component A2105402081 not found in database !&#xD;
 E3: W - Cannot load Component 'A2105402081' from database - look in output window for details... &#xD;
 E3: E - Cannot create new device 'B11/7*1-B_V1_O3' with component 'A2105402081'&#xD;
 E3: W - Component A0315458926 not found in database !&#xD;
 E3: W - Cannot load Component 'A0315458926' from database - look in output window for details... &#xD;
 E3: E - Cannot create new device 'N82/16*3-B_V1' with component 'A0315458926'&#xD;
 E3: W - Component A0345458426 not found in database !&#xD;
 E3: W - Cannot load Component 'A0345458426' from database - look in output window for details... &#xD;
 E3: E - Cannot create new device 'M75/7*1-B_V1' with component 'A0345458426'&#xD;
 E3: W - Component A0285450926 not found in database !&#xD;
 E3: W - Cannot load Component 'A0285450926' from database - look in output window for details... &#xD;
 E3: E - Cannot create new device 'X30/82*1-B_V1' with component 'A0285450926'&#xD;
 E3: W - Component A0285450226 not found in database !&#xD;
 E3: W - Cannot load Component 'A0285450226' from database - look in output window for details... &#xD;
 E3: E - Cannot create new device 'X30/82*2-B_V1' with component 'A0285450226'&#xD;
 E3: W - Component A0285450226 not found in database !&#xD;
 E3: W - Cannot load Component 'A0285450226' from database - look in output window for details... &#xD;
 E3: E - Cannot create new device 'X30/82*3-B_V1' with component 'A0285450226'&#xD;
 E3: W - Component A0005409603 not found in database !&#xD;
 E3: W - Cannot load Component 'A0005409603' from database - look in output window for details... &#xD;
 E3: E - Cannot create new device 'N83/1*2a-K_V1' with component 'A0005409603'&#xD;
 E3: W - Component A0315450226 not found in database !&#xD;
 E3: W - Cannot load Component 'A0315450226' from database - look in output window for details... &#xD;
 E3: E - Cannot create new device 'N83/1*1a-B_V1' with component 'A0315450226'&#xD;
 E3: W - Component A0005409303 not found in database !&#xD;
 E3: W - Cannot load Component 'A0005409303' from database - look in output window for details... &#xD;
 E3: E - Cannot create new device 'F153/1*A2-K_V1' with component 'A0005409303'&#xD;
 E3: W - Component A0005408903 not found in database !&#xD;
 E3: W - Cannot load Component 'A0005408903' from database - look in output window for details... &#xD;
 E3: E - Cannot create new device 'F153/1*E1-K_V1' with component 'A0005408903'&#xD;
 E3: W - Component A0005409203 not found in database !&#xD;
 E3: W - Cannot load Component 'A0005409203' from database - look in output window for details... &#xD;
 E3: E - Cannot create new device 'F153/1*A1-K_V1' with component 'A0005409203'&#xD;
 E3: W - Component A0315450226 not found in database !&#xD;
 E3: W - Cannot load Component 'A0315450226' from database - look in output window for details... &#xD;
 E3: E - Cannot create new device 'N83*1a-B_V1' with component 'A0315450226'&#xD;
 E3: W - Component A0525452026 not found in database !&#xD;
 E3: W - Cannot load Component 'A0525452026' from database - look in output window for details... &#xD;
 E3: E - Cannot create new device 'X295*2-B_V1' with component 'A0525452026'&#xD;
 E3: W - Component A0005459622 not found in database !&#xD;
 E3: W - Cannot load Component 'A0005459622' from database - look in output window for details... &#xD;
 E3: E - Cannot create new device 'X295*1-B_V1' with component 'A0005459622'&#xD;
 E3: W - Component A1675401808 not found in database !&#xD;
 E3: W - Cannot load Component 'A1675401808' from database - look in output window for details... &#xD;
 E3: E - Cannot create new device 'N51/8*1c-B_V1' with component 'A1675401808'&#xD;
 E3: W - Component A0005404000 not found in database !&#xD;
 E3: W - Cannot load Component 'A0005404000' from database - look in output window for details... &#xD;
 E3: E - Cannot create new device 'N3/42*1-B_V1' with component 'A0005404000'&#xD;
 E3: W - Component A2235404902 not found in database !&#xD;
 E3: W - Cannot load Component 'A2235404902' from database - look in output window for details... &#xD;
 E3: E - Cannot create new device 'N145*C-B_V1' with component 'A2235404902'&#xD;
 E3: W - Component A0005409300 not found in database !&#xD;
 E3: W - Cannot load Component 'A0005409300' from database - look in output window for details... &#xD;
 E3: E - Cannot create new device 'N145*B-B_V1' with component 'A0005409300'&#xD;
 E3: W - Component A0005402410 not found in database !&#xD;
 E3: W - Cannot load Component 'A0005402410' from database - look in output window for details... &#xD;
 E3: E - Cannot create new device 'N145*A-B_V1' with component 'A0005402410'&#xD;
 E3: W - Component A0005456439 not found in database !&#xD;
 E3: W - Cannot load Component 'A0005456439' from database - look in output window for details... &#xD;
 E3: E - Cannot create new device 'A103/3*2-B_V1' with component 'A0005456439'&#xD;
 E3: W - Component A0005456539 not found in database !&#xD;
 E3: W - Cannot load Component 'A0005456539' from database - look in output window for details... &#xD;
 E3: E - Cannot create new device 'A103/3*1-B_V1' with component 'A0005456539'&#xD;
 E3: W - Component A0275457726 not found in database !&#xD;
 E3: W - Cannot load Component 'A0275457726' from database - look in output window for details... &#xD;
 E3: E - Cannot create new device 'R7/1*1-B_V1' with component 'A0275457726'&#xD;
 E3: W - Component A0295451226 not found in database !&#xD;
 E3: W - Cannot load Component 'A0295451226' from database - look in output window for details... &#xD;
 E3: E - Cannot create new device 'M16/54*1-B_V1' with component 'A0295451226'&#xD;
 E3: W - Component A0005458402 not found in database !&#xD;
 E3: W - Cannot load Component 'A0005458402' from database - look in output window for details... &#xD;
 E3: E - Cannot create new device 'N118/9*2-B_V1' with component 'A0005458402'&#xD;
 E3: W - Component A0005407812 not found in database !&#xD;
 E3: W - Cannot load Component 'A0005407812' from database - look in output window for details... &#xD;
 E3: E - Cannot create new device 'N118/9*3-B_V1' with component 'A0005407812'&#xD;
 E3: W - Component A0005458138 not found in database !&#xD;
 E3: W - Cannot load Component 'A0005458138' from database - look in output window for details... &#xD;
 E3: E - Cannot create new device 'N118/9*1-B_V1' with component 'A0005458138'&#xD;
 E3: W - Component A0065401981 not found in database !&#xD;
 E3: W - Cannot load Component 'A0065401981' from database - look in output window for details... &#xD;
 E3: E - Cannot create new device 'H4/143*2-B_V1' with component 'A0065401981'&#xD;
 E3: W - Component A0295451226 not found in database !&#xD;
 E3: W - Cannot load Component 'A0295451226' from database - look in output window for details... &#xD;
 E3: E - Cannot create new device 'M16/53*3-B_V1' with component 'A0295451226'&#xD;
 E3: W - Component A0125450126 not found in database !&#xD;
 E3: W - Cannot load Component 'A0125450126' from database - look in output window for details... &#xD;
 E3: E - Cannot create new device 'K19/7*1-B_V1' with component 'A0125450126'&#xD;
 E3: W - Component A0025400481 not found in database !&#xD;
 E3: W - Cannot load Component 'A0025400481' from database - look in output window for details... &#xD;
 E3: E - Cannot create new device 'X11/19*V16-B_V1' with component 'A0025400481'&#xD;
 E3: W - Component LTG_END_UNGEDICHTET not found in database !&#xD;
 E3: W - Cannot load Component 'LTG_END_UNGEDICHTET' from database - look in output window for details... &#xD;
 E3: E - Cannot create new device 'Z20/36*6-C_V1' with component 'LTG_END_UNGEDICHTET'&#xD;
 E3: W - Component A1779820500 not found in database !&#xD;
 E3: W - Cannot load Component 'A1779820500' from database - look in output window for details... &#xD;
 E3: E - Cannot create new device 'G1/3*B3-K_V1' with component 'A1779820500'&#xD;
 E3: W - Component A0065405481 not found in database !&#xD;
 E3: W - Cannot load Component 'A0065405481' from database - look in output window for details... &#xD;
 E3: E - Cannot create new device 'N83/12*1-B_V1' with component 'A0065405481'&#xD;
 E3: W - Component A0009821403 not found in database !&#xD;
 E3: W - Cannot load Component 'A0009821403' from database - look in output window for details... &#xD;
 E3: E - Cannot create new device 'N83/12*B1-K_V1' with component 'A0009821403'&#xD;
 E3: W - Component A0005408903 not found in database !&#xD;
 E3: W - Cannot load Component 'A0005408903' from database - look in output window for details... &#xD;
 E3: E - Cannot create new device 'N83/12*B3-K_V1' with component 'A0005408903'&#xD;
 E3: W - Component A0005409403 not found in database !&#xD;
 E3: W - Cannot load Component 'A0005409403' from database - look in output window for details... &#xD;
 E3: E - Cannot create new device 'N83/12*B4-K_V1' with component 'A0005409403'&#xD;
 E3: W - Component DUMMY_CON_8 not found in database !&#xD;
 E3: W - Cannot load Component 'DUMMY_CON_8' from database - look in output window for details... &#xD;
 E3: E - Cannot create new device 'G1/3*1-B_V1' with component 'DUMMY_CON_8'&#xD;
 E3: W - Component MESSVERK_CON_1 not found in database !&#xD;
 E3: W - Cannot load Component 'MESSVERK_CON_1' from database - look in output window for details... &#xD;
 E3: E - Cannot create new device 'X11/19*H30-B_V1' with component 'MESSVERK_CON_1'&#xD;
 E3: W - Component A2235408304 not found in database !&#xD;
 E3: W - Cannot load Component 'A2235408304' from database - look in output window for details... &#xD;
 E3: E - Cannot create new device 'N40/3*1-B_V2' with component 'A2235408304'&#xD;
 E3: W - Component A2235404902 not found in database !&#xD;
 E3: W - Cannot load Component 'A2235404902' from database - look in output window for details... &#xD;
 E3: E - Cannot create new device 'N40/3*2-B_V1' with component 'A2235404902'&#xD;
 E3: W - Component A2235404902 not found in database !&#xD;
 E3: W - Cannot load Component 'A2235404902' from database - look in output window for details... &#xD;
 E3: E - Cannot create new device 'N40/3*2-B_V2' with component 'A2235404902'&#xD;
 E3: W - Component A0235455526 not found in database !&#xD;
 E3: W - Cannot load Component 'A0235455526' from database - look in output window for details... &#xD;
 E3: E - Cannot create new device 'N40/3*3-B_V2' with component 'A0235455526'&#xD;
 E3: W - Component A0029825402 not found in database !&#xD;
 E3: W - Cannot load Component 'A0029825402' from database - look in output window for details... &#xD;
 E3: E - Cannot create new device 'W107*3-K_V1' with component 'A0029825402'&#xD;
 E3: W - Component A0005454236 not found in database !&#xD;
 E3: W - Cannot load Component 'A0005454236' from database - look in output window for details... &#xD;
 E3: E - Cannot create new device 'R1*1-B_V1_O1' with component 'A0005454236'&#xD;
 E3: W - Component A0105406981 not found in database !&#xD;
 E3: W - Cannot load Component 'A0105406981' from database - look in output window for details... &#xD;
 E3: E - Cannot create new device 'X25/7*3-S_V1' with component 'A0105406981'&#xD;
 E3: W - Component A0275457926 not found in database !&#xD;
 E3: W - Cannot load Component 'A0275457926' from database - look in output window for details... &#xD;
 E3: E - Cannot create new device 'Y19/20*1-B_V1' with component 'A0275457926'&#xD;
 E3: W - Component A1679821100 not found in database !&#xD;
 E3: W - Cannot load Component 'A1679821100' from database - look in output window for details... &#xD;
 E3: E - Cannot create new device 'F150/3*A8-K_V1' with component 'A1679821100'&#xD;
 E3: W - Component A0395453228 not found in database !&#xD;
 E3: W - Cannot load Component 'A0395453228' from database - look in output window for details... &#xD;
 E3: E - Cannot create new device 'H20/24*1-B_V1' with component 'A0395453228'&#xD;
 E3: W - Component A1685400181 not found in database !&#xD;
 E3: W - Cannot load Component 'A1685400181' from database - look in output window for details... &#xD;
 E3: E - Cannot create new device 'B94/8*2-B_V1' with component 'A1685400181'&#xD;
 E3: W - Component A0005455822 not found in database !&#xD;
 E3: W - Cannot load Component 'A0005455822' from database - look in output window for details... &#xD;
 E3: E - Cannot create new device 'H4/137*1-B_V1' with component 'A0005455822'&#xD;
 E3: W - Component A0565457028 not found in database !&#xD;
 E3: W - Cannot load Component 'A0565457028' from database - look in output window for details... &#xD;
 E3: E - Cannot create new device 'X280/2*1-S_V1' with component 'A0565457028'&#xD;
 E3: W - Component A0565457028 not found in database !&#xD;
 E3: W - Cannot load Component 'A0565457028' from database - look in output window for details... &#xD;
 E3: E - Cannot create new device 'X280/2*2-S_V1' with component 'A0565457028'&#xD;
 E3: W - Component A0005458527 not found in database !&#xD;
 E3: W - Cannot load Component 'A0005458527' from database - look in output window for details... &#xD;
 E3: E - Cannot create new device 'B84/10*1-B_V1_O1' with component 'A0005458527'&#xD;
 E3: W - Component A0005453127 not found in database !&#xD;
 E3: W - Cannot load Component 'A0005453127' from database - look in output window for details... &#xD;
 E3: E - Cannot create new device 'E18/1*1-B_V1_O1' with component 'A0005453127'&#xD;
 E3: W - Component DUMMY_KSL_CONNECTOR_12 not found in database !&#xD;
 E3: W - Cannot load Component 'DUMMY_KSL_CONNECTOR_12' from database - look in output window for details... &#xD;
 E3: E - Cannot create new device 'E4/18*1-B_V1_O2' with component 'DUMMY_KSL_CONNECTOR_12'&#xD;
 E3: W - Component A2105403681 not found in database !&#xD;
 E3: W - Cannot load Component 'A2105403681' from database - look in output window for details... &#xD;
 E3: E - Cannot create new device 'A3/4*1-B_V1_O2' with component 'A2105403681'&#xD;
 E3: W - Component A2235406415 not found in database !&#xD;
 E3: W - Cannot load Component 'A2235406415' from database - look in output window for details... &#xD;
 E3: E - Cannot create new device 'B29/14*1-B_V1_O2' with component 'A2235406415'&#xD;
 E3: W - Component A2105403681 not found in database !&#xD;
 E3: W - Cannot load Component 'A2105403681' from database - look in output window for details... &#xD;
 E3: E - Cannot create new device 'A3/3*1-B_V1_O2' with component 'A2105403681'&#xD;
 E3: W - Component A2235406515 not found in database !&#xD;
 E3: W - Cannot load Component 'A2235406515' from database - look in output window for details... &#xD;
 E3: E - Cannot create new device 'B29/13*1-B_V1_O2' with component 'A2235406515'&#xD;
 E3: W - Component A0001534524 not found in database !&#xD;
 E3: W - Cannot load Component 'A0001534524' from database - look in output window for details... &#xD;
 E3: E - Cannot create new device 'X26/40*1-S_V1_O2' with component 'A0001534524'&#xD;
 E3: W - Component A0295452426 not found in database !&#xD;
 E3: W - Cannot load Component 'A0295452426' from database - look in output window for details... &#xD;
 E3: E - Cannot create new device 'R12/22*1-B_V1_O2' with component 'A0295452426'&#xD;
 E3: W - Component A0255455926 not found in database !&#xD;
 E3: W - Cannot load Component 'A0255455926' from database - look in output window for details... &#xD;
 E3: E - Cannot create new device 'A2/93*CE2-B_V1_O2' with component 'A0255455926'&#xD;
 E3: W - Component A0255456026 not found in database !&#xD;
 E3: W - Cannot load Component 'A0255456026' from database - look in output window for details... &#xD;
 E3: E - Cannot create new device 'A2/93*CE4-B_V1_O2' with component 'A0255456026'&#xD;
 E3: W - Component A0255455526 not found in database !&#xD;
 E3: W - Cannot load Component 'A0255455526' from database - look in output window for details... &#xD;
 E3: E - Cannot create new device 'A2/93*CE1-B_V1_O2' with component 'A0255455526'&#xD;
 E3: W - Component A0255455626 not found in database !&#xD;
 E3: W - Cannot load Component 'A0255455626' from database - look in output window for details... &#xD;
 E3: E - Cannot create new device 'A2/93*CE3-B_V1_O2' with component 'A0255455626'&#xD;
 E3: W - Component A0255455826 not found in database !&#xD;
 E3: W - Cannot load Component 'A0255455826' from database - look in output window for details... &#xD;
 E3: E - Cannot create new device 'A2/93*GN1-B_V1_O2' with component 'A0255455826'&#xD;
 E3: W - Component A0345458626 not found in database !&#xD;
 E3: W - Cannot load Component 'A0345458626' from database - look in output window for details... &#xD;
 E3: E - Cannot create new device 'A3/5*1-B_V1_O2' with component 'A0345458626'&#xD;
 E3: W - Component A0285451126 not found in database !&#xD;
 E3: W - Cannot load Component 'A0285451126' from database - look in output window for details... &#xD;
 E3: E - Cannot create new device 'A2/93*2-B_V1_O2' with component 'A0285451126'&#xD;
 E3: W - Component A1729821302 not found in database !&#xD;
 E3: W - Cannot load Component 'A1729821302' from database - look in output window for details... &#xD;
 E3: E - Cannot create new device 'W29/8*1-K_V1_O2' with component 'A1729821302'&#xD;
 E3: W - Component A0495458428 not found in database !&#xD;
 E3: W - Cannot load Component 'A0495458428' from database - look in output window for details... &#xD;
 E3: E - Cannot create new device 'H13/4*1-B_V1_O2' with component 'A0495458428'&#xD;
 E3: W - Component A0495458428 not found in database !&#xD;
 E3: W - Cannot load Component 'A0495458428' from database - look in output window for details... &#xD;
 E3: E - Cannot create new device 'H21/33*1-B_V1_O2' with component 'A0495458428'&#xD;
 E3: W - Component A0295459526 not found in database !&#xD;
 E3: W - Cannot load Component 'A0295459526' from database - look in output window for details... &#xD;
 E3: E - Cannot create new device 'N112/2*4-B_V1_O2' with component 'A0295459526'&#xD;
 E3: W - Component A0295459426 not found in database !&#xD;
 E3: W - Cannot load Component 'A0295459426' from database - look in output window for details... &#xD;
 E3: E - Cannot create new device 'N112/2*3-B_V1_O2' with component 'A0295459426'&#xD;
 E3: W - Component A0335455326 not found in database !&#xD;
 E3: W - Cannot load Component 'A0335455326' from database - look in output window for details... &#xD;
 E3: E - Cannot create new device 'R12/6*1-B_V1_O2' with component 'A0335455326'&#xD;
 E3: W - Component A0315452026 not found in database !&#xD;
 E3: W - Cannot load Component 'A0315452026' from database - look in output window for details... &#xD;
 E3: E - Cannot create new device 'X58/12*1-B_V1_O2' with component 'A0315452026'&#xD;
 E3: W - Component A0005453127 not found in database !&#xD;
 E3: W - Cannot load Component 'A0005453127' from database - look in output window for details... &#xD;
 E3: E - Cannot create new device 'E18/1*1-B_V1_O2' with component 'A0005453127'&#xD;
 E3: W - Component A0005454633 not found in database !&#xD;
 E3: W - Cannot load Component 'A0005454633' from database - look in output window for details... &#xD;
 E3: E - Cannot create new device 'S54/9*1-B_V1_O2' with component 'A0005454633'&#xD;
 E3: W - Component A0005458027 not found in database !&#xD;
 E3: W - Cannot load Component 'A0005458027' from database - look in output window for details... &#xD;
 E3: E - Cannot create new device 'S105*1-B_V1_O2' with component 'A0005458027'&#xD;
 E3: W - Component DUMMY_KSL_CONNECTOR_12 not found in database !&#xD;
 E3: W - Cannot load Component 'DUMMY_KSL_CONNECTOR_12' from database - look in output window for details... &#xD;
 E3: E - Cannot create new device 'E3/18*1-B_V1_O2' with component 'DUMMY_KSL_CONNECTOR_12'&#xD;
 E3: W - Component A0295452426 not found in database !&#xD;
 E3: W - Cannot load Component 'A0295452426' from database - look in output window for details... &#xD;
 E3: E - Cannot create new device 'R12/23*1-B_V1_O2' with component 'A0295452426'&#xD;
 E3: W - Component A0345458626 not found in database !&#xD;
 E3: W - Cannot load Component 'A0345458626' from database - look in output window for details... &#xD;
 E3: E - Cannot create new device 'A3/6*1-B_V1_O2' with component 'A0345458626'&#xD;
 E3: W - Component A1729821302 not found in database !&#xD;
 E3: W - Cannot load Component 'A1729821302' from database - look in output window for details... &#xD;
 E3: E - Cannot create new device 'W29/9*1-K_V1_O2' with component 'A1729821302'&#xD;
 E3: W - Component A0495458428 not found in database !&#xD;
 E3: W - Cannot load Component 'A0495458428' from database - look in output window for details... &#xD;
 E3: E - Cannot create new device 'H21/34*1-B_V1_O2' with component 'A0495458428'&#xD;
 E3: W - Component A0335455326 not found in database !&#xD;
 E3: W - Cannot load Component 'A0335455326' from database - look in output window for details... &#xD;
 E3: E - Cannot create new device 'R12/7*1-B_V1_O2' with component 'A0335455326'&#xD;
 E3: W - Component A0005454633 not found in database !&#xD;
 E3: W - Cannot load Component 'A0005454633' from database - look in output window for details... &#xD;
 E3: E - Cannot create new device 'S54/10*1-B_V1_O2' with component 'A0005454633'&#xD;
 E3: W - Component A1729821302 not found in database !&#xD;
 E3: W - Cannot load Component 'A1729821302' from database - look in output window for details... &#xD;
 E3: E - Cannot create new device 'W8/1*1-K_V1_O2' with component 'A1729821302'&#xD;
 E3: W - Component A1729821302 not found in database !&#xD;
 E3: W - Cannot load Component 'A1729821302' from database - look in output window for details... &#xD;
 E3: E - Cannot create new device 'W8/2*1-K_V1_O2' with component 'A1729821302'&#xD;
 E3: W - Component A0235455726 not found in database !&#xD;
 E3: W - Cannot load Component 'A0235455726' from database - look in output window for details... &#xD;
 E3: E - Cannot create new device 'A2/65*1-B_V1_O2' with component 'A0235455726'&#xD;
 E3: W - Component A0235456026 not found in database !&#xD;
 E3: W - Cannot load Component 'A0235456026' from database - look in output window for details... &#xD;
 E3: E - Cannot create new device 'A2/64*1-B_V1_O2' with component 'A0235456026'&#xD;
 E3: W - Component A0235455626 not found in database !&#xD;
 E3: W - Cannot load Component 'A0235455626' from database - look in output window for details... &#xD;
 E3: E - Cannot create new device 'A2/65*2-B_V1_O2' with component 'A0235455626'&#xD;
 E3: W - Component A0235455726 not found in database !&#xD;
 E3: W - Cannot load Component 'A0235455726' from database - look in output window for details... &#xD;
 E3: E - Cannot create new device 'A2/64*2-B_V1' with component 'A0235455726'&#xD;
 E3: W - Component DUMMY_KSL_CONNECTOR_2 not found in database !&#xD;
 E3: W - Cannot load Component 'DUMMY_KSL_CONNECTOR_2' from database - look in output window for details... &#xD;
 E3: E - Cannot create new device 'E21*2-B_V1' with component 'DUMMY_KSL_CONNECTOR_2'&#xD;
 E3: W - Component A0005454236 not found in database !&#xD;
 E3: W - Cannot load Component 'A0005454236' from database - look in output window for details... &#xD;
 E3: E - Cannot create new device 'R1*1-B_V1_O2' with component 'A0005454236'&#xD;
 E3: W - Component A0445455328 not found in database !&#xD;
 E3: W - Cannot load Component 'A0445455328' from database - look in output window for details... &#xD;
 E3: E - Cannot create new device 'B39/4*1-S_V1_O2' with component 'A0445455328'&#xD;
 E3: W - Component A0115405581 not found in database !&#xD;
 E3: W - Cannot load Component 'A0115405581' from database - look in output window for details... &#xD;
 E3: E - Cannot create new device 'N121/1*1-B_V1_O2' with component 'A0115405581'&#xD;
 E3: W - Component A1729821302 not found in database !&#xD;
 E3: W - Cannot load Component 'A1729821302' from database - look in output window for details... &#xD;
 E3: E - Cannot create new device 'W8/5*1-K_V1_O2' with component 'A1729821302'&#xD;
 E3: W - Component DUMMY_KSL_CONNECTOR_12 not found in database !&#xD;
 E3: W - Cannot load Component 'DUMMY_KSL_CONNECTOR_12' from database - look in output window for details... &#xD;
 E3: E - Cannot create new device 'E3/17*1-B_V1_O2' with component 'DUMMY_KSL_CONNECTOR_12'&#xD;
 E3: W - Component A0275457026 not found in database !&#xD;
 E3: W - Cannot load Component 'A0275457026' from database - look in output window for details... &#xD;
 E3: E - Cannot create new device 'M14/4*1-B_V1_O2' with component 'A0275457026'&#xD;
 E3: W - Component A0375456028 not found in database !&#xD;
 E3: W - Cannot load Component 'A0375456028' from database - look in output window for details... &#xD;
 E3: E - Cannot create new device 'H4/60*1-B_V1_O2' with component 'A0375456028'&#xD;
 E3: W - Component A0375455928 not found in database !&#xD;
 E3: W - Cannot load Component 'A0375455928' from database - look in output window for details... &#xD;
 E3: E - Cannot create new device 'E40/2*1-B_V1_O2' with component 'A0375455928'&#xD;
 E3: W - Component A0285458326 not found in database !&#xD;
 E3: W - Cannot load Component 'A0285458326' from database - look in output window for details... &#xD;
 E3: E - Cannot create new device 'M35/2*1-B_V1_O2' with component 'A0285458326'&#xD;
 E3: W - Component A0275457626 not found in database !&#xD;
 E3: W - Cannot load Component 'A0275457626' from database - look in output window for details... &#xD;
 E3: E - Cannot create new device 'A85/6*1-B_V1_O2' with component 'A0275457626'&#xD;
 E3: W - Component A0005453327 not found in database !&#xD;
 E3: W - Cannot load Component 'A0005453327' from database - look in output window for details... &#xD;
 E3: E - Cannot create new device 'S142/2*1-B_V1_O2' with component 'A0005453327'&#xD;
 E3: W - Component A0395456628 not found in database !&#xD;
 E3: W - Cannot load Component 'A0395456628' from database - look in output window for details... &#xD;
 E3: E - Cannot create new device 'S62/36*2-B_V1_O2' with component 'A0395456628'&#xD;
 E3: W - Component A0005458527 not found in database !&#xD;
 E3: W - Cannot load Component 'A0005458527' from database - look in output window for details... &#xD;
 E3: E - Cannot create new device 'B84/10*1-B_V1_O2' with component 'A0005458527'&#xD;
 E3: W - Component A0065402281 not found in database !&#xD;
 E3: W - Cannot load Component 'A0065402281' from database - look in output window for details... &#xD;
 E3: E - Cannot create new device 'S88/8*1-B_V1_O2' with component 'A0065402281'&#xD;
 E3: W - Component A0065401781 not found in database !&#xD;
 E3: W - Cannot load Component 'A0065401781' from database - look in output window for details... &#xD;
 E3: E - Cannot create new device 'X6/2*1-B_V1' with component 'A0065401781'&#xD;
 E3: W - Component A0005454700 not found in database !&#xD;
 E3: W - Cannot load Component 'A0005454700' from database - look in output window for details... &#xD;
 E3: E - Cannot create new device 'X62/3*3-B_V1' with component 'A0005454700'&#xD;
 E3: W - Component A0005457423 not found in database !&#xD;
 E3: W - Cannot load Component 'A0005457423' from database - look in output window for details... &#xD;
 E3: E - Cannot create new device 'X62/3*2-B_V1' with component 'A0005457423'&#xD;
 E3: W - Component A2105403681 not found in database !&#xD;
 E3: W - Cannot load Component 'A2105403681' from database - look in output window for details... &#xD;
 E3: E - Cannot create new device 'X62/3*1-B_V1' with component 'A2105403681'&#xD;
 E3: W - Component A2065404924 not found in database !&#xD;
 E3: W - Cannot load Component 'A2065404924' from database - look in output window for details... &#xD;
 E3: E - Cannot create new device 'N51/8*1b-B_V1' with component 'A2065404924'&#xD;
 E3: W - Component A2105402081 not found in database !&#xD;
 E3: W - Cannot load Component 'A2105402081' from database - look in output window for details... &#xD;
 E3: E - Cannot create new device 'B69/7*1-B_V1' with component 'A2105402081'&#xD;
 E3: W - Component A0235455526 not found in database !&#xD;
 E3: W - Cannot load Component 'A0235455526' from database - look in output window for details... &#xD;
 E3: E - Cannot create new device 'B84/14*1-B_V1_O1' with component 'A0235455526'&#xD;
 E3: W - Component A1729821302 not found in database !&#xD;
 E3: W - Cannot load Component 'A1729821302' from database - look in output window for details... &#xD;
 E3: E - Cannot create new device 'W83/3*1-K_V1' with component 'A1729821302'&#xD;
 E3: W - Component A0005458321 not found in database !&#xD;
 E3: W - Cannot load Component 'A0005458321' from database - look in output window for details... &#xD;
 E3: E - Cannot create new device 'A26/17*20-B_V1' with component 'A0005458321'&#xD;
 E3: W - Component A0005453333 not found in database !&#xD;
 E3: W - Cannot load Component 'A0005453333' from database - look in output window for details... &#xD;
 E3: E - Cannot create new device 'A26/17*19-B_V1' with component 'A0005453333'&#xD;
 E3: W - Component A0535453828 not found in database !&#xD;
 E3: W - Cannot load Component 'A0535453828' from database - look in output window for details... &#xD;
 E3: E - Cannot create new device 'X48*1-S_V1' with component 'A0535453828'&#xD;
 E3: W - Component A0345453126 not found in database !&#xD;
 E3: W - Cannot load Component 'A0345453126' from database - look in output window for details... &#xD;
 E3: E - Cannot create new device 'B84/19*2-B_V2' with component 'A0345453126'&#xD;
 E3: W - Component A2235404902 not found in database !&#xD;
 E3: W - Cannot load Component 'A2235404902' from database - look in output window for details... &#xD;
 E3: E - Cannot create new device 'A26/17*3a-B_V1' with component 'A2235404902'&#xD;
 E3: W - Component A0275457026 not found in database !&#xD;
 E3: W - Cannot load Component 'A0275457026' from database - look in output window for details... &#xD;
 E3: E - Cannot create new device 'X292*1-B_V1' with component 'A0275457026'&#xD;
 E3: W - Component A0575454728 not found in database !&#xD;
 E3: W - Cannot load Component 'A0575454728' from database - look in output window for details... &#xD;
 E3: E - Cannot create new device 'X25/7*4-S_V1' with component 'A0575454728'&#xD;
 E3: W - Component A0275457226 not found in database !&#xD;
 E3: W - Cannot load Component 'A0275457226' from database - look in output window for details... &#xD;
 E3: E - Cannot create new device 'B31/5*2-B_V1' with component 'A0275457226'&#xD;
 E3: W - Component DUMMY_KSL_CONNECTOR_12 not found in database !&#xD;
 E3: W - Cannot load Component 'DUMMY_KSL_CONNECTOR_12' from database - look in output window for details... &#xD;
 E3: E - Cannot create new device 'E4/17*1-B_V1_O2' with component 'DUMMY_KSL_CONNECTOR_12'&#xD;
 E3: W - Component A0005456617 not found in database !&#xD;
 E3: W - Cannot load Component 'A0005456617' from database - look in output window for details... &#xD;
 E3: E - Cannot create new device 'E62*1-B_V1' with component 'A0005456617'&#xD;
 E3: W - Component A0275457226 not found in database !&#xD;
 E3: W - Cannot load Component 'A0275457226' from database - look in output window for details... &#xD;
 E3: E - Cannot create new device 'B22/7*1a-B_V1' with component 'A0275457226'&#xD;
 E3: W - Component A0275457226 not found in database !&#xD;
 E3: W - Cannot load Component 'A0275457226' from database - look in output window for details... &#xD;
 E3: E - Cannot create new device 'B22/10*1a-B_V1' with component 'A0275457226'&#xD;
 E3: W - Component A0009821603 not found in database !&#xD;
 E3: W - Cannot load Component 'A0009821603' from database - look in output window for details... &#xD;
 E3: E - Cannot create new device 'W106/3*1-K_V1' with component 'A0009821603'&#xD;
 E3: W - Component A0275457226 not found in database !&#xD;
 E3: W - Cannot load Component 'A0275457226' from database - look in output window for details... &#xD;
 E3: E - Cannot create new device 'B28/39*2-B_V1' with component 'A0275457226'&#xD;
 E3: W - Component LTG_END_UNGEDICHTET not found in database !&#xD;
 E3: W - Cannot load Component 'LTG_END_UNGEDICHTET' from database - look in output window for details... &#xD;
 E3: E - Cannot create new device 'Z20/36*7-C_V1' with component 'LTG_END_UNGEDICHTET'&#xD;
 E3: W - Component A0019979590 not found in database !&#xD;
 E3: W - Cannot load Component 'A0019979590' from database - look in output window for details... &#xD;
 E3: E - Cannot create new device 'e1cfbe47-f999-4a82-a358-6a33b89c14d3' with component 'A0019979590'&#xD;
 E3: W - Component A0005455684 not found in database !&#xD;
 E3: W - Cannot load Component 'A0005455684' from database - look in output window for details... &#xD;
 E3: E - Cannot create new device 'e085d66b-466c-4aad-a0d4-788ba591152e' with component 'A0005455684'&#xD;
 E3: W - Component A2235463601 not found in database !&#xD;
 E3: W - Cannot load Component 'A2235463601' from database - look in output window for details... &#xD;
 E3: E - Cannot create new device '9884b685-132e-4058-b749-f22456d6135a' with component 'A2235463601'&#xD;
 E3: W - Component A0055464530 not found in database !&#xD;
 E3: W - Cannot load Component 'A0055464530' from database - look in output window for details... &#xD;
 E3: E - Cannot create new device '9c5d9e70-d6a6-497f-9e22-01ea95374bff' with component 'A0055464530'&#xD;
 E3: W - Component A0005455684 not found in database !&#xD;
 E3: W - Cannot load Component 'A0005455684' from database - look in output window for details... &#xD;
 E3: E - Cannot create new device '7af8f1e8-d212-43d3-96f1-a12ff8b9b9ec' with component 'A0005455684'&#xD;
 E3: W - Component A0039821618 not found in database !&#xD;
 E3: W - Cannot load Component 'A0039821618' from database - look in output window for details... &#xD;
 E3: E - Cannot create new device '2ae24a28-4af7-4c1e-8bd9-c17d8dc72290' with component 'A0039821618'&#xD;
 E3: W - Component A0039821618 not found in database !&#xD;
 E3: W - Cannot load Component 'A0039821618' from database - look in output window for details... &#xD;
 E3: E - Cannot create new device '610ee075-1b6e-4712-96cd-c32cb5fe3e8b' with component 'A0039821618'&#xD;
 E3: W - Component A0039821818 not found in database !&#xD;
 E3: W - Cannot load Component 'A0039821818' from database - look in output window for details... &#xD;
 E3: E - Cannot create new device '67740297-53a0-44d0-abc2-879c402dddf0' with component 'A0039821818'&#xD;
 E3: W - Component A2235450201 not found in database !&#xD;
 E3: W - Cannot load Component 'A2235450201' from database - look in output window for details... &#xD;
 E3: E - Cannot create new device 'ID_ACC146' with component 'A2235450201'&#xD;
 E3: W - Component A2235450301 not found in database !&#xD;
 E3: W - Cannot load Component 'A2235450301' from database - look in output window for details... &#xD;
 E3: E - Cannot create new device 'ID_ACC154' with component 'A2235450301'&#xD;
 E3: W - Component A2235453100 not found in database !&#xD;
 E3: W - Cannot load Component 'A2235453100' from database - look in output window for details... &#xD;
 E3: E - Cannot create new device 'ID_ACC337' with component 'A2235453100'&#xD;
 E3: W - Component A0009822112 not found in database !&#xD;
 E3: W - Cannot load Component 'A0009822112' from database - look in output window for details... &#xD;
 E3: E - Cannot create new device 'ID_ACC368' with component 'A0009822112'&#xD;
 E3: W - Component A2235453200 not found in database !&#xD;
 E3: W - Cannot load Component 'A2235453200' from database - look in output window for details... &#xD;
 E3: E - Cannot create new device 'ID_ACC373' with component 'A2235453200'&#xD;
 E3: W - Component N000000008272 not found in database !&#xD;
 E3: W - Cannot load Component 'N000000008272' from database - look in output window for details... &#xD;
 E3: E - Cannot create new device 'ID_ACC374' with component 'N000000008272'&#xD;
 E3: W - Component VERLOETEN not found in database !&#xD;
 E3: W - Cannot load Component 'VERLOETEN' from database - look in output window for details... &#xD;
 E3: E - Cannot create new device 'ID_ACC375' with component 'VERLOETEN'&#xD;
 E3: W - Component N000000008272 not found in database !&#xD;
 E3: W - Cannot load Component 'N000000008272' from database - look in output window for details... &#xD;
 E3: E - Cannot create new device 'ID_ACC377' with component 'N000000008272'&#xD;
 E3: W - Component N000000008272 not found in database !&#xD;
 E3: W - Cannot load Component 'N000000008272' from database - look in output window for details... &#xD;
 E3: E - Cannot create new device 'ID_ACC378' with component 'N000000008272'&#xD;
 E3: W - Component N000000008272 not found in database !&#xD;
 E3: W - Cannot load Component 'N000000008272' from database - look in output window for details... &#xD;
 E3: E - Cannot create new device 'ID_ACC379' with component 'N000000008272'&#xD;
 E3: W - Component N000000008272 not found in database !&#xD;
 E3: W - Cannot load Component 'N000000008272' from database - look in output window for details... &#xD;
 E3: E - Cannot create new device 'ID_ACC380' with component 'N000000008272'&#xD;
 E3: W - Component A0009820912 not found in database !&#xD;
 E3: W - Cannot load Component 'A0009820912' from database - look in output window for details... &#xD;
 E3: E - Cannot create new device 'ID_ACC381' with component 'A0009820912'&#xD;
 E3: W - Component A2235453100 not found in database !&#xD;
 E3: W - Cannot load Component 'A2235453100' from database - look in output window for details... &#xD;
 E3: E - Cannot create new device 'ID_ACC400' with component 'A2235453100'&#xD;
 E3: W - Component A2235453200 not found in database !&#xD;
 E3: W - Cannot load Component 'A2235453200' from database - look in output window for details... &#xD;
 E3: E - Cannot create new device 'ID_ACC410' with component 'A2235453200'&#xD;
 E3: W - Component A0005463804 not found in database !&#xD;
 E3: W - Cannot load Component 'A0005463804' from database - look in output window for details... &#xD;
 E3: E - Cannot create new device 'ID_ACC434' with component 'A0005463804'&#xD;
 E3: W - Component A0019979590 not found in database !&#xD;
 E3: W - Cannot load Component 'A0019979590' from database - look in output window for details... &#xD;
 E3: E - Cannot create new device 'ID_ACC455' with component 'A0019979590'&#xD;
 E3: W - Component A0019979590 not found in database !&#xD;
 E3: W - Cannot load Component 'A0019979590' from database - look in output window for details... &#xD;
 E3: E - Cannot create new device 'ID_ACC456' with component 'A0019979590'&#xD;
 E3: W - Component A0089894971 not found in database !&#xD;
 E3: W - Cannot load Component 'A0089894971' from database - look in output window for details... &#xD;
 E3: E - Cannot create new device 'ID_ACC463' with component 'A0089894971'&#xD;
 E3: W - Component VERLOETEN not found in database !&#xD;
 E3: W - Cannot load Component 'VERLOETEN' from database - look in output window for details... &#xD;
 E3: E - Cannot create new device 'ID_ACC464' with component 'VERLOETEN'&#xD;
 E3: W - Component A2235403802 not found in database !&#xD;
 E3: W - Cannot load Component 'A2235403802' from database - look in output window for details... &#xD;
 E3: E - Cannot create new device 'ID_ACC502' with component 'A2235403802'&#xD;
 E3: W - Component A0009828804 not found in database !&#xD;
 E3: W - Cannot load Component 'A0009828804' from database - look in output window for details... &#xD;
 E3: E - Cannot create new device 'ID_ACC503' with component 'A0009828804'&#xD;
 E3: W - Component N000000008271 not found in database !&#xD;
 E3: W - Cannot load Component 'N000000008271' from database - look in output window for details... &#xD;
 E3: E - Cannot create new device 'ID_ACC532' with component 'N000000008271'&#xD;
 E3: W - Component A0009911295 not found in database !&#xD;
 E3: W - Cannot load Component 'A0009911295' from database - look in output window for details... &#xD;
 E3: E - Cannot create new device 'ID_ACC536' with component 'A0009911295'&#xD;
 E3: W - Component VERLOETEN not found in database !&#xD;
 E3: W - Cannot load Component 'VERLOETEN' from database - look in output window for details... &#xD;
 E3: E - Cannot create new device 'ID_ACC537' with component 'VERLOETEN'&#xD;
 E3: W - Component A0015465630 not found in database !&#xD;
 E3: W - Cannot load Component 'A0015465630' from database - look in output window for details... &#xD;
 E3: E - Cannot create new device 'ID_ACC538' with component 'A0015465630'&#xD;
 E3: W - Component A0005530000 not found in database !&#xD;
 E3: W - Cannot load Component 'A0005530000' from database - look in output window for details... &#xD;
 E3: E - Cannot create new device 'ID_ACC540' with component 'A0005530000'&#xD;
 E3: W - Component A0009911295 not found in database !&#xD;
 E3: W - Cannot load Component 'A0009911295' from database - look in output window for details... &#xD;
 E3: E - Cannot create new device 'ID_ACC552' with component 'A0009911295'&#xD;
 E3: W - Component A0039821418 not found in database !&#xD;
 E3: W - Cannot load Component 'A0039821418' from database - look in output window for details... &#xD;
 E3: E - Cannot create new device 'ID_ACC560' with component 'A0039821418'&#xD;
 E3: W - Component A0005462807 not found in database !&#xD;
 E3: W - Cannot load Component 'A0005462807' from database - look in output window for details... &#xD;
 E3: E - Cannot create new device 'b78e73d1-14d0-4990-910b-ed5d83e5d4d1' with component 'A0005462807'&#xD;
 E3: W - Component A0039821518 not found in database !&#xD;
 E3: W - Cannot load Component 'A0039821518' from database - look in output window for details... &#xD;
 E3: E - Cannot create new device '1239c039-cb03-4d2b-a3c5-499b0492c09a' with component 'A0039821518'&#xD;
 E3: W - Component A0019979590 not found in database !&#xD;
 E3: W - Cannot load Component 'A0019979590' from database - look in output window for details... &#xD;
 E3: E - Cannot create new device '085573c0-fd75-4d4a-88b2-5d06d4d9c4c5' with component 'A0019979590'&#xD;
 E3: W - Component A0045468430 not found in database !&#xD;
 E3: W - Cannot load Component 'A0045468430' from database - look in output window for details... &#xD;
 E3: E - Cannot create new device 'ed498363-2be6-4bf5-a350-22d8ee5b0225' with component 'A0045468430'&#xD;
 E3: W - Component A0045468430 not found in database !&#xD;
 E3: W - Cannot load Component 'A0045468430' from database - look in output window for details... &#xD;
 E3: E - Cannot create new device '4ee653a9-e404-4621-9328-24b706c4f6a3' with component 'A0045468430'&#xD;
 E3: W - Component A0045468430 not found in database !&#xD;
 E3: W - Cannot load Component 'A0045468430' from database - look in output window for details... &#xD;
 E3: E - Cannot create new device '9da74c29-25d4-4df5-b3ae-f38273f3fe0e' with component 'A0045468430'&#xD;
 E3: W - Component A2235455200 not found in database !&#xD;
 E3: W - Cannot load Component 'A2235455200' from database - look in output window for details... &#xD;
 E3: E - Cannot create new device 'ID_ACC565' with component 'A2235455200'&#xD;
 E3: W - Component A2235455300 not found in database !&#xD;
 E3: W - Cannot load Component 'A2235455300' from database - look in output window for details... &#xD;
 E3: E - Cannot create new device 'ID_ACC593' with component 'A2235455300'&#xD;
 E3: W - Component A2235453100 not found in database !&#xD;
 E3: W - Cannot load Component 'A2235453100' from database - look in output window for details... &#xD;
 E3: E - Cannot create new device 'ID_ACC620' with component 'A2235453100'&#xD;
 E3: W - Component A2235453200 not found in database !&#xD;
 E3: W - Cannot load Component 'A2235453200' from database - look in output window for details... &#xD;
 E3: E - Cannot create new device 'ID_ACC621' with component 'A2235453200'&#xD;
 E3: W - Component A2235453100 not found in database !&#xD;
 E3: W - Cannot load Component 'A2235453100' from database - look in output window for details... &#xD;
 E3: E - Cannot create new device 'ID_ACC622' with component 'A2235453100'&#xD;
 E3: W - Component A0045468430 not found in database !&#xD;
 E3: W - Cannot load Component 'A0045468430' from database - look in output window for details... &#xD;
 E3: E - Cannot create new device 'ID_ACC719' with component 'A0045468430'&#xD;
 E3: W - Component A0015465630 not found in database !&#xD;
 E3: W - Cannot load Component 'A0015465630' from database - look in output window for details... &#xD;
 E3: E - Cannot create new device 'ID_ACC720' with component 'A0015465630'&#xD;
 E3: W - Component VERLOETEN not found in database !&#xD;
 E3: W - Cannot load Component 'VERLOETEN' from database - look in output window for details... &#xD;
 E3: E - Cannot create new device 'ID_ACC721' with component 'VERLOETEN'&#xD;
 E3: W - Component A0005462907 not found in database !&#xD;
 E3: W - Cannot load Component 'A0005462907' from database - look in output window for details... &#xD;
 E3: E - Cannot create new device 'ID_ACC786' with component 'A0005462907'&#xD;
 E3: W - Component A0005461007 not found in database !&#xD;
 E3: W - Cannot load Component 'A0005461007' from database - look in output window for details... &#xD;
 E3: E - Cannot create new device 'ID_ACC787' with component 'A0005461007'&#xD;
 E3: W - Component A0005462907 not found in database !&#xD;
 E3: W - Cannot load Component 'A0005462907' from database - look in output window for details... &#xD;
 E3: E - Cannot create new device 'ID_ACC788' with component 'A0005462907'&#xD;
 E3: W - Component A0005462807 not found in database !&#xD;
 E3: W - Cannot load Component 'A0005462807' from database - look in output window for details... &#xD;
 E3: E - Cannot create new device 'ID_ACC789' with component 'A0005462807'&#xD;
 E3: W - Component N000000008272 not found in database !&#xD;
 E3: W - Cannot load Component 'N000000008272' from database - look in output window for details... &#xD;
 E3: E - Cannot create new device 'ID_ACC791' with component 'N000000008272'&#xD;
 E3: W - Component N000000008272 not found in database !&#xD;
 E3: W - Cannot load Component 'N000000008272' from database - look in output window for details... &#xD;
 E3: E - Cannot create new device 'ID_ACC792' with component 'N000000008272'&#xD;
 E3: W - Component N000000008272 not found in database !&#xD;
 E3: W - Cannot load Component 'N000000008272' from database - look in output window for details... &#xD;
 E3: E - Cannot create new device 'ID_ACC793' with component 'N000000008272'&#xD;
 E3: W - Component N000000008272 not found in database !&#xD;
 E3: W - Cannot load Component 'N000000008272' from database - look in output window for details... &#xD;
 E3: E - Cannot create new device 'ID_ACC794' with component 'N000000008272'&#xD;
 E3: W - Component N000000008272 not found in database !&#xD;
 E3: W - Cannot load Component 'N000000008272' from database - look in output window for details... &#xD;
 E3: E - Cannot create new device 'ID_ACC795' with component 'N000000008272'&#xD;
 E3: W - Component N000000008272 not found in database !&#xD;
 E3: W - Cannot load Component 'N000000008272' from database - look in output window for details... &#xD;
 E3: E - Cannot create new device 'ID_ACC796' with component 'N000000008272'&#xD;
 E3: W - Component N000000008272 not found in database !&#xD;
 E3: W - Cannot load Component 'N000000008272' from database - look in output window for details... &#xD;
 E3: E - Cannot create new device 'ID_ACC797' with component 'N000000008272'&#xD;
 E3: W - Component A2235403502 not found in database !&#xD;
 E3: W - Cannot load Component 'A2235403502' from database - look in output window for details... &#xD;
 E3: E - Cannot create new device 'ID_ACC798' with component 'A2235403502'&#xD;
 E3: W - Component A0039821618 not found in database !&#xD;
 E3: W - Cannot load Component 'A0039821618' from database - look in output window for details... &#xD;
 E3: E - Cannot create new device 'ID_ACC800' with component 'A0039821618'&#xD;
 E3: W - Component N000000008272 not found in database !&#xD;
 E3: W - Cannot load Component 'N000000008272' from database - look in output window for details... &#xD;
 E3: E - Cannot create new device 'ID_ACC801' with component 'N000000008272'&#xD;
 E3: W - Component VERLOETEN not found in database !&#xD;
 E3: W - Cannot load Component 'VERLOETEN' from database - look in output window for details... &#xD;
 E3: E - Cannot create new device 'ID_ACC802' with component 'VERLOETEN'&#xD;
 E3: W - Component VERLOETEN not found in database !&#xD;
 E3: W - Cannot load Component 'VERLOETEN' from database - look in output window for details... &#xD;
 E3: E - Cannot create new device 'ID_ACC803' with component 'VERLOETEN'&#xD;
 E3: W - Component VERLOETEN not found in database !&#xD;
 E3: W - Cannot load Component 'VERLOETEN' from database - look in output window for details... &#xD;
 E3: E - Cannot create new device 'ID_ACC804' with component 'VERLOETEN'&#xD;
 E3: W - Component VERLOETEN not found in database !&#xD;
 E3: W - Cannot load Component 'VERLOETEN' from database - look in output window for details... &#xD;
 E3: E - Cannot create new device 'ID_ACC805' with component 'VERLOETEN'&#xD;
 E3: W - Component VERLOETEN not found in database !&#xD;
 E3: W - Cannot load Component 'VERLOETEN' from database - look in output window for details... &#xD;
 E3: E - Cannot create new device 'ID_ACC806' with component 'VERLOETEN'&#xD;
 E3: W - Component VERLOETEN not found in database !&#xD;
 E3: W - Cannot load Component 'VERLOETEN' from database - look in output window for details... &#xD;
 E3: E - Cannot create new device 'ID_ACC807' with component 'VERLOETEN'&#xD;
 E3: W - Component N000000008272 not found in database !&#xD;
 E3: W - Cannot load Component 'N000000008272' from database - look in output window for details... &#xD;
 E3: E - Cannot create new device 'ID_ACC808' with component 'N000000008272'&#xD;
 E3: W - Component A0039821618 not found in database !&#xD;
 E3: W - Cannot load Component 'A0039821618' from database - look in output window for details... &#xD;
 E3: E - Cannot create new device 'ID_ACC809' with component 'A0039821618'&#xD;
 E3: W - Component A0005462807 not found in database !&#xD;
 E3: W - Cannot load Component 'A0005462807' from database - look in output window for details... &#xD;
 E3: E - Cannot create new device 'ID_ACC810' with component 'A0005462807'&#xD;
 E3: W - Component A0039821618 not found in database !&#xD;
 E3: W - Cannot load Component 'A0039821618' from database - look in output window for details... &#xD;
 E3: E - Cannot create new device 'ID_ACC811' with component 'A0039821618'&#xD;
 E3: W - Component A0039821618 not found in database !&#xD;
 E3: W - Cannot load Component 'A0039821618' from database - look in output window for details... &#xD;
 E3: E - Cannot create new device 'ID_ACC812' with component 'A0039821618'&#xD;
 E3: W - Component A0005461007 not found in database !&#xD;
 E3: W - Cannot load Component 'A0005461007' from database - look in output window for details... &#xD;
 E3: E - Cannot create new device 'ID_ACC813' with component 'A0005461007'&#xD;
 E3: W - Component VERLOETEN not found in database !&#xD;
 E3: W - Cannot load Component 'VERLOETEN' from database - look in output window for details... &#xD;
 E3: E - Cannot create new device 'ID_ACC814' with component 'VERLOETEN'&#xD;
 E3: W - Component A0019979590 not found in database !&#xD;
 E3: W - Cannot load Component 'A0019979590' from database - look in output window for details... &#xD;
 E3: E - Cannot create new device 'ID_ACC815' with component 'A0019979590'&#xD;
 E3: W - Component A0045468430 not found in database !&#xD;
 E3: W - Cannot load Component 'A0045468430' from database - look in output window for details... &#xD;
 E3: E - Cannot create new device 'ID_ACC816' with component 'A0045468430'&#xD;
 E3: W - Component A0089894971 not found in database !&#xD;
 E3: W - Cannot load Component 'A0089894971' from database - look in output window for details... &#xD;
 E3: E - Cannot create new device 'ID_ACC817' with component 'A0089894971'&#xD;
 E3: W - Component VERLOETEN not found in database !&#xD;
 E3: W - Cannot load Component 'VERLOETEN' from database - look in output window for details... &#xD;
 E3: E - Cannot create new device 'ID_ACC818' with component 'VERLOETEN'&#xD;
 E3: W - Component VERLOETEN not found in database !&#xD;
 E3: W - Cannot load Component 'VERLOETEN' from database - look in output window for details... &#xD;
 E3: E - Cannot create new device 'ID_ACC819' with component 'VERLOETEN'&#xD;
 E3: W - Component A0089894971 not found in database !&#xD;
 E3: W - Cannot load Component 'A0089894971' from database - look in output window for details... &#xD;
 E3: E - Cannot create new device 'ID_ACC820' with component 'A0089894971'&#xD;
 E3: W - Component A0089894971 not found in database !&#xD;
 E3: W - Cannot load Component 'A0089894971' from database - look in output window for details... &#xD;
 E3: E - Cannot create new device 'ID_ACC821' with component 'A0089894971'&#xD;
 E3: W - Component A0089894971 not found in database !&#xD;
 E3: W - Cannot load Component 'A0089894971' from database - look in output window for details... &#xD;
 E3: E - Cannot create new device 'ID_ACC822' with component 'A0089894971'&#xD;
 E3: W - Component A0015465630 not found in database !&#xD;
 E3: W - Cannot load Component 'A0015465630' from database - look in output window for details... &#xD;
 E3: E - Cannot create new device 'ID_ACC823' with component 'A0015465630'&#xD;
 E3: W - Component A0005462907 not found in database !&#xD;
 E3: W - Cannot load Component 'A0005462907' from database - look in output window for details... &#xD;
 E3: E - Cannot create new device 'ID_ACC824' with component 'A0005462907'&#xD;
 E3: W - Component A0005462807 not found in database !&#xD;
 E3: W - Cannot load Component 'A0005462807' from database - look in output window for details... &#xD;
 E3: E - Cannot create new device 'ID_ACC825' with component 'A0005462807'&#xD;
 E3: W - Component VERLOETEN not found in database !&#xD;
 E3: W - Cannot load Component 'VERLOETEN' from database - look in output window for details... &#xD;
 E3: E - Cannot create new device 'ID_ACC828' with component 'VERLOETEN'&#xD;
 E3: W - Component A0005456184 not found in database !&#xD;
 E3: W - Cannot load Component 'A0005456184' from database - look in output window for details... &#xD;
 E3: E - Cannot create new device 'ID_ACC829' with component 'A0005456184'&#xD;
 E3: W - Component A2235455200 not found in database !&#xD;
 E3: W - Cannot load Component 'A2235455200' from database - look in output window for details... &#xD;
 E3: E - Cannot create new device 'ID_ACC844' with component 'A2235455200'&#xD;
 E3: W - Component A2235455200 not found in database !&#xD;
 E3: W - Cannot load Component 'A2235455200' from database - look in output window for details... &#xD;
 E3: E - Cannot create new device 'ID_ACC908' with component 'A2235455200'&#xD;
 E3: W - Component HBE223540G033 not found in database !&#xD;
 E3: W - Cannot load Component 'HBE223540G033' from database - look in output window for details... &#xD;
 E3: E - Cannot create new device 'ID_ACC909' with component 'HBE223540G033'&#xD;
 E3: W - Component HBE223540G033 not found in database !&#xD;
 E3: W - Cannot load Component 'HBE223540G033' from database - look in output window for details... &#xD;
 E3: E - Cannot create new device 'ID_ACC927' with component 'HBE223540G033'&#xD;
 E3: W - Component A2235455200 not found in database !&#xD;
 E3: W - Cannot load Component 'A2235455200' from database - look in output window for details... &#xD;
 E3: E - Cannot create new device 'ID_ACC946' with component 'A2235455200'&#xD;
 E3: W - Component HBE223540G011 not found in database !&#xD;
 E3: W - Cannot load Component 'HBE223540G011' from database - look in output window for details... &#xD;
 E3: E - Cannot create new device 'ID_ACC953' with component 'HBE223540G011'&#xD;
 E3: W - Component HBE223540G011 not found in database !&#xD;
 E3: W - Cannot load Component 'HBE223540G011' from database - look in output window for details... &#xD;
 E3: E - Cannot create new device 'ID_ACC954' with component 'HBE223540G011'&#xD;
 E3: W - Component A0055464430 not found in database !&#xD;
 E3: W - Cannot load Component 'A0055464430' from database - look in output window for details... &#xD;
 E3: E - Cannot create new device 'ID_ACC955' with component 'A0055464430'&#xD;
 E3: W - Component VERLOETEN not found in database !&#xD;
 E3: W - Cannot load Component 'VERLOETEN' from database - look in output window for details... &#xD;
 E3: E - Cannot create new device 'ID_ACC956' with component 'VERLOETEN'&#xD;
 E3: W - Component VERLOETEN not found in database !&#xD;
 E3: W - Cannot load Component 'VERLOETEN' from database - look in output window for details... &#xD;
 E3: E - Cannot create new device 'ID_ACC957' with component 'VERLOETEN'&#xD;
 E3: W - Component VERLOETEN not found in database !&#xD;
 E3: W - Cannot load Component 'VERLOETEN' from database - look in output window for details... &#xD;
 E3: E - Cannot create new device 'ID_ACC958' with component 'VERLOETEN'&#xD;
 E3: W - Component VERLOETEN not found in database !&#xD;
 E3: W - Cannot load Component 'VERLOETEN' from database - look in output window for details... &#xD;
 E3: E - Cannot create new device 'ID_ACC959' with component 'VERLOETEN'&#xD;
 E3: W - Component N000000008271 not found in database !&#xD;
 E3: W - Cannot load Component 'N000000008271' from database - look in output window for details... &#xD;
 E3: E - Cannot create new device 'ID_ACC960' with component 'N000000008271'&#xD;
 E3: W - Component A0005463804 not found in database !&#xD;
 E3: W - Cannot load Component 'A0005463804' from database - look in output window for details... &#xD;
 E3: E - Cannot create new device 'ID_ACC961' with component 'A0005463804'&#xD;
 E3: W - Component VERLOETEN not found in database !&#xD;
 E3: W - Cannot load Component 'VERLOETEN' from database - look in output window for details... &#xD;
 E3: E - Cannot create new device 'ID_ACC962' with component 'VERLOETEN'&#xD;
 E3: W - Component HBE223540G033 not found in database !&#xD;
 E3: W - Cannot load Component 'HBE223540G033' from database - look in output window for details... &#xD;
 E3: E - Cannot create new device 'ID_ACC963' with component 'HBE223540G033'&#xD;
 E3: W - Component A0039821618 not found in database !&#xD;
 E3: W - Cannot load Component 'A0039821618' from database - look in output window for details... &#xD;
 E3: E - Cannot create new device 'ID_ACC969' with component 'A0039821618'&#xD;
 E3: W - Component N000000008272 not found in database !&#xD;
 E3: W - Cannot load Component 'N000000008272' from database - look in output window for details... &#xD;
 E3: E - Cannot create new device 'ID_ACC970' with component 'N000000008272'&#xD;
 E3: W - Component VERLOETEN not found in database !&#xD;
 E3: W - Cannot load Component 'VERLOETEN' from database - look in output window for details... &#xD;
 E3: E - Cannot create new device 'ID_ACC971' with component 'VERLOETEN'&#xD;
 E3: W - Component A2235450301 not found in database !&#xD;
 E3: W - Cannot load Component 'A2235450301' from database - look in output window for details... &#xD;
 E3: E - Cannot create new device 'ID_ACC973' with component 'A2235450301'&#xD;
 E3: W - Component VERLOETEN not found in database !&#xD;
 E3: W - Cannot load Component 'VERLOETEN' from database - look in output window for details... &#xD;
 E3: E - Cannot create new device 'ID_ACC977' with component 'VERLOETEN'&#xD;
 E3: W - Component A0090007899 not found in database !&#xD;
 E3: W - Cannot load Component 'A0090007899' from database - look in output window for details... &#xD;
 E3: E - Cannot create new device 'ID_ACC990' with component 'A0090007899'&#xD;
 E3: W - Component A0055464530 not found in database !&#xD;
 E3: W - Cannot load Component 'A0055464530' from database - look in output window for details... &#xD;
 E3: E - Cannot create new device 'ID_ACC992' with component 'A0055464530'&#xD;
 E3: W - Component VERLOETEN not found in database !&#xD;
 E3: W - Cannot load Component 'VERLOETEN' from database - look in output window for details... &#xD;
 E3: E - Cannot create new device 'ID_ACC993' with component 'VERLOETEN'&#xD;
 E3: W - Component A2235453200 not found in database !&#xD;
 E3: W - Cannot load Component 'A2235453200' from database - look in output window for details... &#xD;
 E3: E - Cannot create new device 'ID_ACC1016' with component 'A2235453200'&#xD;
 E3: W - Component A2235453200 not found in database !&#xD;
 E3: W - Cannot load Component 'A2235453200' from database - look in output window for details... &#xD;
 E3: E - Cannot create new device 'ID_ACC1017' with component 'A2235453200'&#xD;
 E3: W - Component A2235453100 not found in database !&#xD;
 E3: W - Cannot load Component 'A2235453100' from database - look in output window for details... &#xD;
 E3: E - Cannot create new device 'ID_ACC1020' with component 'A2235453100'&#xD;
 E3: W - Component A0045468430 not found in database !&#xD;
 E3: W - Cannot load Component 'A0045468430' from database - look in output window for details... &#xD;
 E3: E - Cannot create new device 'ID_ACC1469' with component 'A0045468430'&#xD;
 E3: W - Component VERLOETEN not found in database !&#xD;
 E3: W - Cannot load Component 'VERLOETEN' from database - look in output window for details... &#xD;
 E3: E - Cannot create new device 'ID_ACC1470' with component 'VERLOETEN'&#xD;
 E3: W - Component VERLOETEN not found in database !&#xD;
 E3: W - Cannot load Component 'VERLOETEN' from database - look in output window for details... &#xD;
 E3: E - Cannot create new device 'ID_ACC1471' with component 'VERLOETEN'&#xD;
 E3: W - Component A0005456184 not found in database !&#xD;
 E3: W - Cannot load Component 'A0005456184' from database - look in output window for details... &#xD;
 E3: E - Cannot create new device 'ID_ACC1473' with component 'A0005456184'&#xD;
 E3: W - Component A0090007899 not found in database !&#xD;
 E3: W - Cannot load Component 'A0090007899' from database - look in output window for details... &#xD;
 E3: E - Cannot create new device 'ID_ACC1529' with component 'A0090007899'&#xD;
 E3: W - Component A0090007899 not found in database !&#xD;
 E3: W - Cannot load Component 'A0090007899' from database - look in output window for details... &#xD;
 E3: E - Cannot create new device 'ID_ACC1530' with component 'A0090007899'&#xD;
 E3: W - Component A0005455784 not found in database !&#xD;
 E3: W - Cannot load Component 'A0005455784' from database - look in output window for details... &#xD;
 E3: E - Cannot create new device 'ID_ACC1531' with component 'A0005455784'&#xD;
 E3: W - Component A0005530100 not found in database !&#xD;
 E3: W - Cannot load Component 'A0005530100' from database - look in output window for details... &#xD;
 E3: E - Cannot create new device 'ID_ACC1536' with component 'A0005530100'&#xD;
 E3: W - Component A0005530100 not found in database !&#xD;
 E3: W - Cannot load Component 'A0005530100' from database - look in output window for details... &#xD;
 E3: E - Cannot create new device 'ID_ACC1537' with component 'A0005530100'&#xD;
 E3: W - Component A0005456117 not found in database !&#xD;
 E3: W - Cannot load Component 'A0005456117' from database - look in output window for details... &#xD;
 E3: E - Cannot create new device 'ID_ACC1562' with component 'A0005456117'&#xD;
 E3: W - Component A0009911295 not found in database !&#xD;
 E3: W - Cannot load Component 'A0009911295' from database - look in output window for details... &#xD;
 E3: E - Cannot create new device 'ID_ACC1563' with component 'A0009911295'&#xD;
 E3: W - Component A2235450201 not found in database !&#xD;
 E3: W - Cannot load Component 'A2235450201' from database - look in output window for details... &#xD;
 E3: E - Cannot create new device 'ID_ACC1564' with component 'A2235450201'&#xD;
 E3: W - Component A0045468430 not found in database !&#xD;
 E3: W - Cannot load Component 'A0045468430' from database - look in output window for details... &#xD;
 E3: E - Cannot create new device 'ID_ACC1628' with component 'A0045468430'&#xD;
 E3: Splice 'Z7/71*1-L_V1' can not be imported. It has no component code and no default component for splices is defined!&#xD;
 E3: Splice 'Z100/7*1-L_V1' can not be imported. It has no component code and no default component for splices is defined!&#xD;
 E3: Splice 'Z35/48*1-L_V1' can not be imported. It has no component code and no default component for splices is defined!&#xD;
 E3: Splice 'Z35/47*1-L_V1' can not be imported. It has no component code and no default component for splices is defined!&#xD;
 E3: Splice 'Z137*1-L_V1' can not be imported. It has no component code and no default component for splices is defined!&#xD;
 E3: Splice 'Z71/3*1-L_V1' can not be imported. It has no component code and no default component for splices is defined!&#xD;
 E3: Splice 'Z35/75*1-L_V1' can not be imported. It has no component code and no default component for splices is defined!&#xD;
 E3: Splice 'Z35/76*1-L_V1' can not be imported. It has no component code and no default component for splices is defined!&#xD;
 E3: Splice 'Z71/4*1-L_V1' can not be imported. It has no component code and no default component for splices is defined!&#xD;
 E3: Splice 'Z61/23*1-L_V1' can not be imported. It has no component code and no default component for splices is defined!&#xD;
 E3: Splice 'Z53/34*1-L_V1' can not be imported. It has no component code and no default component for splices is defined!&#xD;
 E3: Splice 'Z61/22*1-L_V1' can not be imported. It has no component code and no default component for splices is defined!&#xD;
 E3: Splice 'Z53/33*1-L_V1' can not be imported. It has no component code and no default component for splices is defined!&#xD;
 E3: Splice 'Z35/55*1-L_V1' can not be imported. It has no component code and no default component for splices is defined!&#xD;
 E3: Splice 'Z35/56*1-L_V1' can not be imported. It has no component code and no default component for splices is defined!&#xD;
 E3: Splice 'Z37/93*1-L_V1' can not be imported. It has no component code and no default component for splices is defined!&#xD;
 E3: Splice 'Z37/94*1-L_V1' can not be imported. It has no component code and no default component for splices is defined!&#xD;
 E3: Splice 'Z142/2*1-L_V1' can not be imported. It has no component code and no default component for splices is defined!&#xD;
 E3: Splice 'Z35/12*1-L_V1' can not be imported. It has no component code and no default component for splices is defined!&#xD;
 E3: Splice 'Z35/13*1-L_V1' can not be imported. It has no component code and no default component for splices is defined!&#xD;
 E3: Splice 'Z35/77*1-L_V1' can not be imported. It has no component code and no default component for splices is defined!&#xD;
 E3: Splice 'Z35/78*1-L_V1' can not be imported. It has no component code and no default component for splices is defined!&#xD;
 E3: Splice 'Z169/4*1-L_V1' can not be imported. It has no component code and no default component for splices is defined!&#xD;
 E3: Splice 'Z169/5*1-L_V1' can not be imported. It has no component code and no default component for splices is defined!&#xD;
 E3: Splice 'Z87/16*1-L_V1' can not be imported. It has no component code and no default component for splices is defined!&#xD;
 E3: Splice 'Z14/2*1-L_V1' can not be imported. It has no component code and no default component for splices is defined!&#xD;
 E3: Splice 'Z258*1-L_V1' can not be imported. It has no component code and no default component for splices is defined!&#xD;
 E3: Splice 'Z40*2-L_V1' can not be imported. It has no component code and no default component for splices is defined!&#xD;
 E3: Splice 'Z38*2-L_V1' can not be imported. It has no component code and no default component for splices is defined!&#xD;
 E3: Splice 'Z75*1-L_V1' can not be imported. It has no component code and no default component for splices is defined!&#xD;
 E3: Splice 'Z269/3*2-L_V1' can not be imported. It has no component code and no default component for splices is defined!&#xD;
 E3: Splice 'Z141/21*1-L_V1' can not be imported. It has no component code and no default component for splices is defined!&#xD;
 E3: Splice 'Z7/47*2-L_V1' can not be imported. It has no component code and no default component for splices is defined!&#xD;
 E3: Splice 'Z11/19*21-L_V1' can not be imported. It has no component code and no default component for splices is defined!&#xD;
 E3: Splice 'Z11/19*47-L_V1' can not be imported. It has no component code and no default component for splices is defined!&#xD;
 E3: Splice 'Z11/19*12-L_V1' can not be imported. It has no component code and no default component for splices is defined!&#xD;
 E3: Splice 'Z11/19*10-L_V1' can not be imported. It has no component code and no default component for splices is defined!&#xD;
 E3: Splice 'Z11/19*45-L_V1' can not be imported. It has no component code and no default component for splices is defined!&#xD;
 E3: Splice 'Z11/19*20-L_V1' can not be imported. It has no component code and no default component for splices is defined!&#xD;
 E3: Splice 'Z11/19*14-L_V1' can not be imported. It has no component code and no default component for splices is defined!&#xD;
 E3: Splice 'Z11/19*33-L_V1' can not be imported. It has no component code and no default component for splices is defined!&#xD;
 E3: Splice 'Z11/19*22-L_V1' can not be imported. It has no component code and no default component for splices is defined!&#xD;
 E3: Splice 'Z11/19*24-L_V1' can not be imported. It has no component code and no default component for splices is defined!&#xD;
 E3: Splice 'Z11/19*6-L_V1' can not be imported. It has no component code and no default component for splices is defined!&#xD;
 E3: Splice 'Z11/19*13-L_V1' can not be imported. It has no component code and no default component for splices is defined!&#xD;
 E3: Splice 'Z11/19*46-L_V1' can not be imported. It has no component code and no default component for splices is defined!&#xD;
 E3: Splice 'Z269/1*1-L_V1' can not be imported. It has no component code and no default component for splices is defined!&#xD;
 E3: Splice 'Z270/1*1-L_V1' can not be imported. It has no component code and no default component for splices is defined!&#xD;
 E3: Splice 'Z268/1*1-L_V1' can not be imported. It has no component code and no default component for splices is defined!&#xD;
 E3: Splice 'Z11/19*43-L_V1' can not be imported. It has no component code and no default component for splices is defined!&#xD;
 E3: Splice 'Z11/19*17-L_V1' can not be imported. It has no component code and no default component for splices is defined!&#xD;
 E3: Splice 'Z11/19*16-L_V1' can not be imported. It has no component code and no default component for splices is defined!&#xD;
 E3: Splice 'Z11/19*54-L_V1' can not be imported. It has no component code and no default component for splices is defined!&#xD;
 E3: Splice 'Z11/19*53-L_V1' can not be imported. It has no component code and no default component for splices is defined!&#xD;
 E3: Splice 'Z11/19*52-L_V1' can not be imported. It has no component code and no default component for splices is defined!&#xD;
 E3: Splice 'Z11/19*51-L_V1' can not be imported. It has no component code and no default component for splices is defined!&#xD;
 E3: Splice 'Z11/19*50-L_V1' can not be imported. It has no component code and no default component for splices is defined!&#xD;
 E3: Splice 'Z6/51*1-L_V1' can not be imported. It has no component code and no default component for splices is defined!&#xD;
 E3: Splice 'Z89/1*1-L_V1' can not be imported. It has no component code and no default component for splices is defined!&#xD;
 E3: Splice 'Z11/19*44-L_V1' can not be imported. It has no component code and no default component for splices is defined!&#xD;
 E3: Splice 'Z11/19*4-L_V1' can not be imported. It has no component code and no default component for splices is defined!&#xD;
 E3: Splice 'Z51/6*1-L_V1' can not be imported. It has no component code and no default component for splices is defined!&#xD;
 E3: Splice 'Z35/91*1-L_V1' can not be imported. It has no component code and no default component for splices is defined!&#xD;
 E3: Splice 'Z35/92*1-L_V1' can not be imported. It has no component code and no default component for splices is defined!&#xD;
 E3: Splice 'Z141/16*1-L_V1' can not be imported. It has no component code and no default component for splices is defined!&#xD;
 E3: Splice 'Z142/1*1-L_V1' can not be imported. It has no component code and no default component for splices is defined!&#xD;
 E3: Splice 'Z35/90*1-L_V1' can not be imported. It has no component code and no default component for splices is defined!&#xD;
 E3: Splice 'Z35/89*1-L_V1' can not be imported. It has no component code and no default component for splices is defined!&#xD;
 E3: Splice 'Z35/73*1-L_V1' can not be imported. It has no component code and no default component for splices is defined!&#xD;
 E3: Splice 'Z35/74*1-L_V1' can not be imported. It has no component code and no default component for splices is defined!&#xD;
 E3: Splice 'Z139*1-L_V1' can not be imported. It has no component code and no default component for splices is defined!&#xD;
 E3: Splice 'Z11/19*63-L_V1' can not be imported. It has no component code and no default component for splices is defined!&#xD;
 E3: Splice 'Z11/19*62-L_V1' can not be imported. It has no component code and no default component for splices is defined!&#xD;
 E3: Splice 'Z11/19*61-L_V1' can not be imported. It has no component code and no default component for splices is defined!&#xD;
 E3: Splice 'Z11/19*60-L_V1' can not be imported. It has no component code and no default component for splices is defined!&#xD;
 E3: Splice 'Z11/19*5-L_V1' can not be imported. It has no component code and no default component for splices is defined!&#xD;
 E3: Splice 'Z11/19*59-L_V1' can not be imported. It has no component code and no default component for splices is defined!&#xD;
 E3: Splice 'Z11/19*58-L_V1' can not be imported. It has no component code and no default component for splices is defined!&#xD;
 E3: Splice 'Z11/19*57-L_V1' can not be imported. It has no component code and no default component for splices is defined!&#xD;
 E3: Splice 'Z11/19*56-L_V1' can not be imported. It has no component code and no default component for splices is defined!&#xD;
 E3: Splice 'Z11/19*55-L_V1' can not be imported. It has no component code and no default component for splices is defined!&#xD;
 E3: Splice 'Z11/19*41-L_V1' can not be imported. It has no component code and no default component for splices is defined!&#xD;
 E3: Splice 'Z11/19*39-L_V1' can not be imported. It has no component code and no default component for splices is defined!&#xD;
 E3: Splice 'Z11/19*37-L_V1' can not be imported. It has no component code and no default component for splices is defined!&#xD;
 E3: Splice 'Z11/19*19-L_V1' can not be imported. It has no component code and no default component for splices is defined!&#xD;
 E3: Splice 'Z241*1-L_V1' can not be imported. It has no component code and no default component for splices is defined!&#xD;
 E3: Splice 'Z7/107*1-L_V1' can not be imported. It has no component code and no default component for splices is defined!&#xD;
 E3: Splice 'Z269/3*1-L_V1' can not be imported. It has no component code and no default component for splices is defined!&#xD;
 E3: Splice 'Z37/96*1-L_V1' can not be imported. It has no component code and no default component for splices is defined!&#xD;
 E3: Splice 'Z11/19*42-L_V1' can not be imported. It has no component code and no default component for splices is defined!&#xD;
 E3: Splice 'Z11/19*36-L_V1' can not be imported. It has no component code and no default component for splices is defined!&#xD;
 E3: Splice 'Z11/19*27-L_V1' can not be imported. It has no component code and no default component for splices is defined!&#xD;
 E3: Splice 'Z11/19*28-L_V1' can not be imported. It has no component code and no default component for splices is defined!&#xD;
 E3: Splice 'Z11/19*38-L_V1' can not be imported. It has no component code and no default component for splices is defined!&#xD;
 E3: Splice 'Z11/19*40-L_V1' can not be imported. It has no component code and no default component for splices is defined!&#xD;
 E3: Splice 'Z11/19*23-L_V1' can not be imported. It has no component code and no default component for splices is defined!&#xD;
 E3: Splice 'Z11/19*7-L_V1' can not be imported. It has no component code and no default component for splices is defined!&#xD;
 E3: Splice 'Z11/19*11-L_V1' can not be imported. It has no component code and no default component for splices is defined!&#xD;
 E3: Splice 'Z37/95*1-L_V1' can not be imported. It has no component code and no default component for splices is defined!&#xD;
 E3: Splice 'Z81*1-L_V1' can not be imported. It has no component code and no default component for splices is defined!&#xD;
 E3: Splice 'Z81*2-L_V1' can not be imported. It has no component code and no default component for splices is defined!&#xD;
 E3: Splice 'Z149*1-L_V1' can not be imported. It has no component code and no default component for splices is defined!&#xD;
 E3: Splice 'Z35/110*1-L_V1' can not be imported. It has no component code and no default component for splices is defined!&#xD;
 E3: Splice 'Z113*1-L_V1' can not be imported. It has no component code and no default component for splices is defined!&#xD;
 E3: Splice 'Z35/111*1-L_V1' can not be imported. It has no component code and no default component for splices is defined!&#xD;
 E3: Splice 'Z35/112*1-L_V1' can not be imported. It has no component code and no default component for splices is defined!&#xD;
 E3: Splice 'Z35/113*1-L_V1' can not be imported. It has no component code and no default component for splices is defined!&#xD;
 E3: Splice 'Z35/114*1-L_V1' can not be imported. It has no component code and no default component for splices is defined!&#xD;
 E3: Splice 'Z100/1*1-L_V1' can not be imported. It has no component code and no default component for splices is defined!&#xD;
 E3: Splice 'Z142/4*2-L_V1' can not be imported. It has no component code and no default component for splices is defined!&#xD;
 E3: Splice 'Z11/19*65-L_V1' can not be imported. It has no component code and no default component for splices is defined!&#xD;
 E3: Splice 'Z11/19*66-L_V1' can not be imported. It has no component code and no default component for splices is defined!&#xD;
 E3: Splice 'Z35/121*1-L_V1' can not be imported. It has no component code and no default component for splices is defined!&#xD;
 E3: Splice 'Z35/120*1-L_V1' can not be imported. It has no component code and no default component for splices is defined!&#xD;
 E3: Splice 'Z36/61*1-L_V1' can not be imported. It has no component code and no default component for splices is defined!&#xD;
 E3: Splice 'Z11/19*67-L_V1' can not be imported. It has no component code and no default component for splices is defined!&#xD;
 E3: Splice 'Z11/19*68-L_V1' can not be imported. It has no component code and no default component for splices is defined!&#xD;
 E3: Splice 'Z148/1*1-L_V1' can not be imported. It has no component code and no default component for splices is defined!&#xD;
 E3: Splice 'Z6/156*1-L_V1' can not be imported. It has no component code and no default component for splices is defined!&#xD;
 E3: Splice 'Z100/7*2-L_V1' can not be imported. It has no component code and no default component for splices is defined!&#xD;
 E3: Splice 'P5*1-L_V1' can not be imported. It has no component code and no default component for splices is defined!&#xD;
 E3: Splice 'Z11/19*15-L_V1' can not be imported. It has no component code and no default component for splices is defined!&#xD;
 E3: Splice 'Z11/19*25-L_V1' can not be imported. It has no component code and no default component for splices is defined!&#xD;
 E3: Splice 'Z265*3-L_V1' can not be imported. It has no component code and no default component for splices is defined!&#xD;
 E3: Splice 'Z50/5*1-L_V1' can not be imported. It has no component code and no default component for splices is defined!&#xD;
 E3: Splice 'Z273/2*1-L_V1' can not be imported. It has no component code and no default component for splices is defined!&#xD;
 E3: Splice 'Z35/39*1-L_V1' can not be imported. It has no component code and no default component for splices is defined!&#xD;
 E3: Splice 'Z87/16*2-L_V1' can not be imported. It has no component code and no default component for splices is defined!&#xD;
 E3: Splice 'Z288*1-L_V1' can not be imported. It has no component code and no default component for splices is defined!&#xD;
 E3: Splice 'Z7/71*1-L_V1' can not be imported. It has no component code and no default component for splices is defined!&#xD;
 E3: Splice 'Z100/7*1-L_V1' can not be imported. It has no component code and no default component for splices is defined!&#xD;
 E3: Splice 'Z35/48*1-L_V1' can not be imported. It has no component code and no default component for splices is defined!&#xD;
 E3: Splice 'Z35/47*1-L_V1' can not be imported. It has no component code and no default component for splices is defined!&#xD;
 E3: Splice 'Z137*1-L_V1' can not be imported. It has no component code and no default component for splices is defined!&#xD;
 E3: Splice 'Z71/3*1-L_V1' can not be imported. It has no component code and no default component for splices is defined!&#xD;
 E3: Splice 'Z35/75*1-L_V1' can not be imported. It has no component code and no default component for splices is defined!&#xD;
 E3: Splice 'Z35/76*1-L_V1' can not be imported. It has no component code and no default component for splices is defined!&#xD;
 E3: Splice 'Z71/4*1-L_V1' can not be imported. It has no component code and no default component for splices is defined!&#xD;
 E3: Splice 'Z61/23*1-L_V1' can not be imported. It has no component code and no default component for splices is defined!&#xD;
 E3: Splice 'Z53/34*1-L_V1' can not be imported. It has no component code and no default component for splices is defined!&#xD;
 E3: Splice 'Z61/22*1-L_V1' can not be imported. It has no component code and no default component for splices is defined!&#xD;
 E3: Splice 'Z53/33*1-L_V1' can not be imported. It has no component code and no default component for splices is defined!&#xD;
 E3: Splice 'Z35/55*1-L_V1' can not be imported. It has no component code and no default component for splices is defined!&#xD;
 E3: Splice 'Z35/56*1-L_V1' can not be imported. It has no component code and no default component for splices is defined!&#xD;
 E3: Splice 'Z37/93*1-L_V1' can not be imported. It has no component code and no default component for splices is defined!&#xD;
 E3: Splice 'Z37/94*1-L_V1' can not be imported. It has no component code and no default component for splices is defined!&#xD;
 E3: Splice 'Z142/2*1-L_V1' can not be imported. It has no component code and no default component for splices is defined!&#xD;
 E3: Splice 'Z35/12*1-L_V1' can not be imported. It has no component code and no default component for splices is defined!&#xD;
 E3: Splice 'Z35/13*1-L_V1' can not be imported. It has no component code and no default component for splices is defined!&#xD;
 E3: Splice 'Z35/77*1-L_V1' can not be imported. It has no component code and no default component for splices is defined!&#xD;
 E3: Splice 'Z35/78*1-L_V1' can not be imported. It has no component code and no default component for splices is defined!&#xD;
 E3: Splice 'Z169/4*1-L_V1' can not be imported. It has no component code and no default component for splices is defined!&#xD;
 E3: Splice 'Z169/5*1-L_V1' can not be imported. It has no component code and no default component for splices is defined!&#xD;
 E3: Splice 'Z87/16*1-L_V1' can not be imported. It has no component code and no default component for splices is defined!&#xD;
 E3: Splice 'Z14/2*1-L_V1' can not be imported. It has no component code and no default component for splices is defined!&#xD;
 E3: Splice 'Z258*1-L_V1' can not be imported. It has no component code and no default component for splices is defined!&#xD;
 E3: Splice 'Z40*2-L_V1' can not be imported. It has no component code and no default component for splices is defined!&#xD;
 E3: Splice 'Z38*2-L_V1' can not be imported. It has no component code and no default component for splices is defined!&#xD;
 E3: Splice 'Z75*1-L_V1' can not be imported. It has no component code and no default component for splices is defined!&#xD;
 E3: Splice 'Z269/3*2-L_V1' can not be imported. It has no component code and no default component for splices is defined!&#xD;
 E3: Splice 'Z141/21*1-L_V1' can not be imported. It has no component code and no default component for splices is defined!&#xD;
 E3: Splice 'Z7/47*2-L_V1' can not be imported. It has no component code and no default component for splices is defined!&#xD;
 E3: Splice 'Z11/19*21-L_V1' can not be imported. It has no component code and no default component for splices is defined!&#xD;
 E3: Splice 'Z11/19*47-L_V1' can not be imported. It has no component code and no default component for splices is defined!&#xD;
 E3: Splice 'Z11/19*12-L_V1' can not be imported. It has no component code and no default component for splices is defined!&#xD;
 E3: Splice 'Z11/19*10-L_V1' can not be imported. It has no component code and no default component for splices is defined!&#xD;
 E3: Splice 'Z11/19*45-L_V1' can not be imported. It has no component code and no default component for splices is defined!&#xD;
 E3: Splice 'Z11/19*20-L_V1' can not be imported. It has no component code and no default component for splices is defined!&#xD;
 E3: Splice 'Z11/19*14-L_V1' can not be imported. It has no component code and no default component for splices is defined!&#xD;
 E3: Splice 'Z11/19*33-L_V1' can not be imported. It has no component code and no default component for splices is defined!&#xD;
 E3: Splice 'Z11/19*22-L_V1' can not be imported. It has no component code and no default component for splices is defined!&#xD;
 E3: Splice 'Z11/19*24-L_V1' can not be imported. It has no component code and no default component for splices is defined!&#xD;
 E3: Splice 'Z11/19*6-L_V1' can not be imported. It has no component code and no default component for splices is defined!&#xD;
 E3: Splice 'Z11/19*13-L_V1' can not be imported. It has no component code and no default component for splices is defined!&#xD;
 E3: Splice 'Z11/19*46-L_V1' can not be imported. It has no component code and no default component for splices is defined!&#xD;
 E3: Splice 'Z269/1*1-L_V1' can not be imported. It has no component code and no default component for splices is defined!&#xD;
 E3: Splice 'Z270/1*1-L_V1' can not be imported. It has no component code and no default component for splices is defined!&#xD;
 E3: Splice 'Z268/1*1-L_V1' can not be imported. It has no component code and no default component for splices is defined!&#xD;
 E3: Splice 'Z11/19*43-L_V1' can not be imported. It has no component code and no default component for splices is defined!&#xD;
 E3: Splice 'Z11/19*17-L_V1' can not be imported. It has no component code and no default component for splices is defined!&#xD;
 E3: Splice 'Z11/19*16-L_V1' can not be imported. It has no component code and no default component for splices is defined!&#xD;
 E3: Splice 'Z11/19*54-L_V1' can not be imported. It has no component code and no default component for splices is defined!&#xD;
 E3: Splice 'Z11/19*53-L_V1' can not be imported. It has no component code and no default component for splices is defined!&#xD;
 E3: Splice 'Z11/19*52-L_V1' can not be imported. It has no component code and no default component for splices is defined!&#xD;
 E3: Splice 'Z11/19*51-L_V1' can not be imported. It has no component code and no default component for splices is defined!&#xD;
 E3: Splice 'Z11/19*50-L_V1' can not be imported. It has no component code and no default component for splices is defined!&#xD;
 E3: Splice 'Z6/51*1-L_V1' can not be imported. It has no component code and no default component for splices is defined!&#xD;
 E3: Splice 'Z89/1*1-L_V1' can not be imported. It has no component code and no default component for splices is defined!&#xD;
 E3: Splice 'Z11/19*44-L_V1' can not be imported. It has no component code and no default component for splices is defined!&#xD;
 E3: Splice 'Z11/19*4-L_V1' can not be imported. It has no component code and no default component for splices is defined!&#xD;
 E3: Splice 'Z51/6*1-L_V1' can not be imported. It has no component code and no default component for splices is defined!&#xD;
 E3: Splice 'Z35/91*1-L_V1' can not be imported. It has no component code and no default component for splices is defined!&#xD;
 E3: Splice 'Z35/92*1-L_V1' can not be imported. It has no component code and no default component for splices is defined!&#xD;
 E3: Splice 'Z141/16*1-L_V1' can not be imported. It has no component code and no default component for splices is defined!&#xD;
 E3: Splice 'Z142/1*1-L_V1' can not be imported. It has no component code and no default component for splices is defined!&#xD;
 E3: Splice 'Z35/90*1-L_V1' can not be imported. It has no component code and no default component for splices is defined!&#xD;
 E3: Splice 'Z35/89*1-L_V1' can not be imported. It has no component code and no default component for splices is defined!&#xD;
 E3: Splice 'Z35/73*1-L_V1' can not be imported. It has no component code and no default component for splices is defined!&#xD;
 E3: Splice 'Z35/74*1-L_V1' can not be imported. It has no component code and no default component for splices is defined!&#xD;
 E3: Splice 'Z139*1-L_V1' can not be imported. It has no component code and no default component for splices is defined!&#xD;
 E3: Splice 'Z11/19*63-L_V1' can not be imported. It has no component code and no default component for splices is defined!&#xD;
 E3: Splice 'Z11/19*62-L_V1' can not be imported. It has no component code and no default component for splices is defined!&#xD;
 E3: Splice 'Z11/19*61-L_V1' can not be imported. It has no component code and no default component for splices is defined!&#xD;
 E3: Splice 'Z11/19*60-L_V1' can not be imported. It has no component code and no default component for splices is defined!&#xD;
 E3: Splice 'Z11/19*5-L_V1' can not be imported. It has no component code and no default component for splices is defined!&#xD;
 E3: Splice 'Z11/19*59-L_V1' can not be imported. It has no component code and no default component for splices is defined!&#xD;
 E3: Splice 'Z11/19*58-L_V1' can not be imported. It has no component code and no default component for splices is defined!&#xD;
 E3: Splice 'Z11/19*57-L_V1' can not be imported. It has no component code and no default component for splices is defined!&#xD;
 E3: Splice 'Z11/19*56-L_V1' can not be imported. It has no component code and no default component for splices is defined!&#xD;
 E3: Splice 'Z11/19*55-L_V1' can not be imported. It has no component code and no default component for splices is defined!&#xD;
 E3: Splice 'Z11/19*41-L_V1' can not be imported. It has no component code and no default component for splices is defined!&#xD;
 E3: Splice 'Z11/19*39-L_V1' can not be imported. It has no component code and no default component for splices is defined!&#xD;
 E3: Splice 'Z11/19*37-L_V1' can not be imported. It has no component code and no default component for splices is defined!&#xD;
 E3: Splice 'Z11/19*19-L_V1' can not be imported. It has no component code and no default component for splices is defined!&#xD;
 E3: Splice 'Z241*1-L_V1' can not be imported. It has no component code and no default component for splices is defined!&#xD;
 E3: Splice 'Z7/107*1-L_V1' can not be imported. It has no component code and no default component for splices is defined!&#xD;
 E3: Splice 'Z269/3*1-L_V1' can not be imported. It has no component code and no default component for splices is defined!&#xD;
 E3: Splice 'Z37/96*1-L_V1' can not be imported. It has no component code and no default component for splices is defined!&#xD;
 E3: Splice 'Z11/19*42-L_V1' can not be imported. It has no component code and no default component for splices is defined!&#xD;
 E3: Splice 'Z11/19*36-L_V1' can not be imported. It has no component code and no default component for splices is defined!&#xD;
 E3: Splice 'Z11/19*27-L_V1' can not be imported. It has no component code and no default component for splices is defined!&#xD;
 E3: Splice 'Z11/19*28-L_V1' can not be imported. It has no component code and no default component for splices is defined!&#xD;
 E3: Splice 'Z11/19*38-L_V1' can not be imported. It has no component code and no default component for splices is defined!&#xD;
 E3: Splice 'Z11/19*40-L_V1' can not be imported. It has no component code and no default component for splices is defined!&#xD;
 E3: Splice 'Z11/19*23-L_V1' can not be imported. It has no component code and no default component for splices is defined!&#xD;
 E3: Splice 'Z11/19*7-L_V1' can not be imported. It has no component code and no default component for splices is defined!&#xD;
 E3: Splice 'Z11/19*11-L_V1' can not be imported. It has no component code and no default component for splices is defined!&#xD;
 E3: Splice 'Z37/95*1-L_V1' can not be imported. It has no component code and no default component for splices is defined!&#xD;
 E3: Splice 'Z81*1-L_V1' can not be imported. It has no component code and no default component for splices is defined!&#xD;
 E3: Splice 'Z81*2-L_V1' can not be imported. It has no component code and no default component for splices is defined!&#xD;
 E3: Splice 'Z149*1-L_V1' can not be imported. It has no component code and no default component for splices is defined!&#xD;
 E3: Splice 'Z35/110*1-L_V1' can not be imported. It has no component code and no default component for splices is defined!&#xD;
 E3: Splice 'Z113*1-L_V1' can not be imported. It has no component code and no default component for splices is defined!&#xD;
 E3: Splice 'Z35/111*1-L_V1' can not be imported. It has no component code and no default component for splices is defined!&#xD;
 E3: Splice 'Z35/112*1-L_V1' can not be imported. It has no component code and no default component for splices is defined!&#xD;
 E3: Splice 'Z35/113*1-L_V1' can not be imported. It has no component code and no default component for splices is defined!&#xD;
 E3: Splice 'Z35/114*1-L_V1' can not be imported. It has no component code and no default component for splices is defined!&#xD;
 E3: Splice 'Z100/1*1-L_V1' can not be imported. It has no component code and no default component for splices is defined!&#xD;
 E3: Splice 'Z142/4*2-L_V1' can not be imported. It has no component code and no default component for splices is defined!&#xD;
 E3: Splice 'Z11/19*65-L_V1' can not be imported. It has no component code and no default component for splices is defined!&#xD;
 E3: Splice 'Z11/19*66-L_V1' can not be imported. It has no component code and no default component for splices is defined!&#xD;
 E3: Splice 'Z35/121*1-L_V1' can not be imported. It has no component code and no default component for splices is defined!&#xD;
 E3: Splice 'Z35/120*1-L_V1' can not be imported. It has no component code and no default component for splices is defined!&#xD;
 E3: Splice 'Z36/61*1-L_V1' can not be imported. It has no component code and no default component for splices is defined!&#xD;
 E3: Splice 'Z11/19*67-L_V1' can not be imported. It has no component code and no default component for splices is defined!&#xD;
 E3: Splice 'Z11/19*68-L_V1' can not be imported. It has no component code and no default component for splices is defined!&#xD;
 E3: Splice 'Z148/1*1-L_V1' can not be imported. It has no component code and no default component for splices is defined!&#xD;
 E3: Splice 'Z6/156*1-L_V1' can not be imported. It has no component code and no default component for splices is defined!&#xD;
 E3: Splice 'Z100/7*2-L_V1' can not be imported. It has no component code and no default component for splices is defined!&#xD;
 E3: Splice 'P5*1-L_V1' can not be imported. It has no component code and no default component for splices is defined!&#xD;
 E3: Splice 'Z11/19*15-L_V1' can not be imported. It has no component code and no default component for splices is defined!&#xD;
 E3: Splice 'Z11/19*25-L_V1' can not be imported. It has no component code and no default component for splices is defined!&#xD;
 E3: Splice 'Z265*3-L_V1' can not be imported. It has no component code and no default component for splices is defined!&#xD;
 E3: Splice 'Z50/5*1-L_V1' can not be imported. It has no component code and no default component for splices is defined!&#xD;
 E3: Splice 'Z273/2*1-L_V1' can not be imported. It has no component code and no default component for splices is defined!&#xD;
 E3: Splice 'Z35/39*1-L_V1' can not be imported. It has no component code and no default component for splices is defined!&#xD;
 E3: Splice 'Z87/16*2-L_V1' can not be imported. It has no component code and no default component for splices is defined!&#xD;
 E3: Splice 'Z288*1-L_V1' can not be imported. It has no component code and no default component for splices is defined!&#xD;
 E3: Fixing 'FX.IR.0631' can not be imported. It has no component code and no default component for fixings is defined!&#xD;
 E3: Fixing 'FX.IR.1383' can not be imported. It has no component code and no default component for fixings is defined!&#xD;
 E3: Fixing 'FX.IR.0960' can not be imported. It has no component code and no default component for fixings is defined!&#xD;
 E3: Fixing 'FX.IR.0096' can not be imported. It has no component code and no default component for fixings is defined!&#xD;
 E3: Fixing 'FX.IR.0077' can not be imported. It has no component code and no default component for fixings is defined!&#xD;
 E3: Fixing 'FX.IR.0081' can not be imported. It has no component code and no default component for fixings is defined!&#xD;
 E3: Fixing 'FX.IR.0079' can not be imported. It has no component code and no default component for fixings is defined!&#xD;
 E3: Fixing 'FX.IR.0371' can not be imported. It has no component code and no default component for fixings is defined!&#xD;
 E3: Fixing 'FX.IR.0878' can not be imported. It has no component code and no default component for fixings is defined!&#xD;
 E3: Fixing 'FX.IR.0721' can not be imported. It has no component code and no default component for fixings is defined!&#xD;
 E3: Fixing 'FX.IR.0311' can not be imported. It has no component code and no default component for fixings is defined!&#xD;
 E3: Fixing 'FX.IR.0445' can not be imported. It has no component code and no default component for fixings is defined!&#xD;
 E3: Fixing 'FX.IR.0879' can not be imported. It has no component code and no default component for fixings is defined!&#xD;
 E3: Fixing 'FX.IR.0446' can not be imported. It has no component code and no default component for fixings is defined!&#xD;
 E3: Fixing 'FX.IR.0447' can not be imported. It has no component code and no default component for fixings is defined!&#xD;
 E3: Fixing 'FX.IR.0109' can not be imported. It has no component code and no default component for fixings is defined!&#xD;
 E3: Fixing 'FX.IR.1416' can not be imported. It has no component code and no default component for fixings is defined!&#xD;
 E3: Fixing 'FX.IR.1417' can not be imported. It has no component code and no default component for fixings is defined!&#xD;
 E3: Fixing 'FX.IR.0046' can not be imported. It has no component code and no default component for fixings is defined!&#xD;
 E3: Fixing 'RB_T10' can not be imported. It has no component code and no default component for fixings is defined!&#xD;
 E3: Fixing 'FX.IR.0351' can not be imported. It has no component code and no default component for fixings is defined!&#xD;
 E3: Fixing 'FX.IR.1454' can not be imported. It has no component code and no default component for fixings is defined!&#xD;
 E3: Fixing 'FX.IR.1463' can not be imported. It has no component code and no default component for fixings is defined!&#xD;
 E3: Fixing 'FX.IR.1468' can not be imported. It has no component code and no default component for fixings is defined!&#xD;
 E3: Fixing 'FX.IR.0108' can not be imported. It has no component code and no default component for fixings is defined!&#xD;
 E3: Fixing 'FX.IR.1356' can not be imported. It has no component code and no default component for fixings is defined!&#xD;
 E3: Fixing 'FX.IR.1357' can not be imported. It has no component code and no default component for fixings is defined!&#xD;
 E3: Fixing 'FX.IR.0915' can not be imported. It has no component code and no default component for fixings is defined!&#xD;
 E3: Fixing 'FX.IR.0161' can not be imported. It has no component code and no default component for fixings is defined!&#xD;
 E3: Fixing 'RB_T51' can not be imported. It has no component code and no default component for fixings is defined!&#xD;
 E3: Fixing 'RB_T50' can not be imported. It has no component code and no default component for fixings is defined!&#xD;
 E3: Fixing 'FX.IR.0961' can not be imported. It has no component code and no default component for fixings is defined!&#xD;
 E3: Fixing 'FX.IR.0872' can not be imported. It has no component code and no default component for fixings is defined!&#xD;
 E3: Fixing 'FX.IR.0051' can not be imported. It has no component code and no default component for fixings is defined!&#xD;
 E3: Fixing 'FX.IR.0054' can not be imported. It has no component code and no default component for fixings is defined!&#xD;
 E3: Fixing 'FX.IR.0102' can not be imported. It has no component code and no default component for fixings is defined!&#xD;
 E3: Fixing 'FX.IR.0112' can not be imported. It has no component code and no default component for fixings is defined!&#xD;
 E3: Fixing 'FX.IR.0113' can not be imported. It has no component code and no default component for fixings is defined!&#xD;
 E3: Fixing 'FX.IR.0948' can not be imported. It has no component code and no default component for fixings is defined!&#xD;
 E3: Fixing 'FX.IR.0358' can not be imported. It has no component code and no default component for fixings is defined!&#xD;
 E3: Fixing 'FX.IR.0361' can not be imported. It has no component code and no default component for fixings is defined!&#xD;
 E3: Fixing 'FX.IR.0359' can not be imported. It has no component code and no default component for fixings is defined!&#xD;
 E3: Fixing 'FX.IR.0360' can not be imported. It has no component code and no default component for fixings is defined!&#xD;
 E3: Fixing 'FX.IR.0151' can not be imported. It has no component code and no default component for fixings is defined!&#xD;
 E3: Fixing 'FX.IR.0885' can not be imported. It has no component code and no default component for fixings is defined!&#xD;
 E3: Fixing 'FX.IR.0886' can not be imported. It has no component code and no default component for fixings is defined!&#xD;
 E3: Fixing 'FX.IR.0887' can not be imported. It has no component code and no default component for fixings is defined!&#xD;
 E3: Fixing 'FX.IR.0959' can not be imported. It has no component code and no default component for fixings is defined!&#xD;
 E3: Fixing 'FX.IR.0883' can not be imported. It has no component code and no default component for fixings is defined!&#xD;
 E3: Fixing 'FX.RWT.0070' can not be imported. It has no component code and no default component for fixings is defined!&#xD;
 E3: Fixing 'FX.RWT.0039' can not be imported. It has no component code and no default component for fixings is defined!&#xD;
 E3: Fixing 'RB_T2' can not be imported. It has no component code and no default component for fixings is defined!&#xD;
 E3: Fixing 'FX.IR.1386' can not be imported. It has no component code and no default component for fixings is defined!&#xD;
 E3: Fixing 'FX.IR.0877' can not be imported. It has no component code and no default component for fixings is defined!&#xD;
 E3: Fixing 'FX.IR.0122' can not be imported. It has no component code and no default component for fixings is defined!&#xD;
 E3: Fixing 'FX.IR.0121' can not be imported. It has no component code and no default component for fixings is defined!&#xD;
 E3: Fixing 'FX.IR.0120' can not be imported. It has no component code and no default component for fixings is defined!&#xD;
 E3: Fixing 'FX.IR.0050' can not be imported. It has no component code and no default component for fixings is defined!&#xD;
 E3: Fixing 'FX.RWT.0017' can not be imported. It has no component code and no default component for fixings is defined!&#xD;
 E3: Fixing 'FX.RWT.0016' can not be imported. It has no component code and no default component for fixings is defined!&#xD;
 E3: Fixing 'RB_T3' can not be imported. It has no component code and no default component for fixings is defined!&#xD;
 E3: Fixing 'FX.IR.1426' can not be imported. It has no component code and no default component for fixings is defined!&#xD;
 E3: Fixing 'FX.IR.1422' can not be imported. It has no component code and no default component for fixings is defined!&#xD;
 E3: Fixing 'FX.RWT.0065' can not be imported. It has no component code and no default component for fixings is defined!&#xD;
 E3: Fixing 'FX.RWT.0066' can not be imported. It has no component code and no default component for fixings is defined!&#xD;
 E3: Fixing 'FX.RWT.0037' can not be imported. It has no component code and no default component for fixings is defined!&#xD;
 E3: Fixing 'FX.RWT.0038' can not be imported. It has no component code and no default component for fixings is defined!&#xD;
 E3: Fixing 'FX.IR.1433' can not be imported. It has no component code and no default component for fixings is defined!&#xD;
 E3: Fixing 'FX.IR.1450' can not be imported. It has no component code and no default component for fixings is defined!&#xD;
 E3: Fixing 'FX.IR.1449' can not be imported. It has no component code and no default component for fixings is defined!&#xD;
 E3: Fixing 'FX.IR.1447' can not be imported. It has no component code and no default component for fixings is defined!&#xD;
 E3: Fixing 'FX.IR.1444' can not be imported. It has no component code and no default component for fixings is defined!&#xD;
 E3: Fixing 'FX.IR.1443' can not be imported. It has no component code and no default component for fixings is defined!&#xD;
 E3: Fixing 'FX.IR.1438' can not be imported. It has no component code and no default component for fixings is defined!&#xD;
 E3: Fixing 'FX.IR.1437' can not be imported. It has no component code and no default component for fixings is defined!&#xD;
 E3: Fixing 'FX.IR.1436' can not be imported. It has no component code and no default component for fixings is defined!&#xD;
 E3: Fixing 'FX.RWT.0069' can not be imported. It has no component code and no default component for fixings is defined!&#xD;
 E3: Fixing 'FX.RWT.0068' can not be imported. It has no component code and no default component for fixings is defined!&#xD;
 E3: Fixing 'FX.IR.0091' can not be imported. It has no component code and no default component for fixings is defined!&#xD;
 E3: Fixing 'FX.IR.0090' can not be imported. It has no component code and no default component for fixings is defined!&#xD;
 E3: Fixing 'FX.IR.1388' can not be imported. It has no component code and no default component for fixings is defined!&#xD;
 E3: Fixing 'FX.IR.0095' can not be imported. It has no component code and no default component for fixings is defined!&#xD;
 E3: Fixing 'FX.IR.0920' can not be imported. It has no component code and no default component for fixings is defined!&#xD;
 E3: Fixing 'FX.IR.0919' can not be imported. It has no component code and no default component for fixings is defined!&#xD;
 E3: Fixing 'FX.HECK.0036' can not be imported. It has no component code and no default component for fixings is defined!&#xD;
 E3: Fixing 'FX.IR.0466' can not be imported. It has no component code and no default component for fixings is defined!&#xD;
 E3: Fixing 'FX.RWT.0056' can not be imported. It has no component code and no default component for fixings is defined!&#xD;
 E3: Fixing 'FX.RWT.0057' can not be imported. It has no component code and no default component for fixings is defined!&#xD;
 E3: Fixing 'FX.RWT.0058' can not be imported. It has no component code and no default component for fixings is defined!&#xD;
 E3: Fixing 'FX.RWT.0012' can not be imported. It has no component code and no default component for fixings is defined!&#xD;
 E3: Fixing 'FX.IR.1365' can not be imported. It has no component code and no default component for fixings is defined!&#xD;
 E3: Fixing 'FX.IR.1366' can not be imported. It has no component code and no default component for fixings is defined!&#xD;
 E3: Fixing 'FX.IR.1367' can not be imported. It has no component code and no default component for fixings is defined!&#xD;
 E3: Fixing 'FX.IR.1368' can not be imported. It has no component code and no default component for fixings is defined!&#xD;
 E3: Fixing 'FX.IR.1369' can not be imported. It has no component code and no default component for fixings is defined!&#xD;
 E3: Fixing 'FX.IR.1370' can not be imported. It has no component code and no default component for fixings is defined!&#xD;
 E3: Fixing 'FX.IR.1371' can not be imported. It has no component code and no default component for fixings is defined!&#xD;
 E3: Fixing 'FX.IR.1372' can not be imported. It has no component code and no default component for fixings is defined!&#xD;
 E3: Fixing 'FX.IR.1445' can not be imported. It has no component code and no default component for fixings is defined!&#xD;
 E3: Fixing 'FX.IR.1446' can not be imported. It has no component code and no default component for fixings is defined!&#xD;
 E3: Fixing 'FX.IR.1357' can not be imported. It has no component code and no default component for fixings is defined!&#xD;
 E3: Fixing 'FX.IR.1359' can not be imported. It has no component code and no default component for fixings is defined!&#xD;
 E3: Fixing 'FX.IR.1360' can not be imported. It has no component code and no default component for fixings is defined!&#xD;
 E3: Fixing 'FX.IR.1361' can not be imported. It has no component code and no default component for fixings is defined!&#xD;
 E3: Fixing 'FX.IR.1362' can not be imported. It has no component code and no default component for fixings is defined!&#xD;
 E3: Fixing 'FX.IR.1364' can not be imported. It has no component code and no default component for fixings is defined!&#xD;
 E3: Fixing 'FX.IR.1430' can not be imported. It has no component code and no default component for fixings is defined!&#xD;
 E3: Fixing 'FX.IR.1429' can not be imported. It has no component code and no default component for fixings is defined!&#xD;
 E3: Fixing 'FX.IR.1428' can not be imported. It has no component code and no default component for fixings is defined!&#xD;
 E3: Fixing 'FX.IR.1427' can not be imported. It has no component code and no default component for fixings is defined!&#xD;
 E3: Fixing 'FX.IR.1421' can not be imported. It has no component code and no default component for fixings is defined!&#xD;
 E3: Fixing 'FX.IR.1420' can not be imported. It has no component code and no default component for fixings is defined!&#xD;
 E3: Fixing 'FX.IR.1432' can not be imported. It has no component code and no default component for fixings is defined!&#xD;
 E3: Fixing 'FX.IR.1434' can not be imported. It has no component code and no default component for fixings is defined!&#xD;
 E3: Fixing 'FX.IR.1435' can not be imported. It has no component code and no default component for fixings is defined!&#xD;
 E3: Fixing 'FX.IR.1439' can not be imported. It has no component code and no default component for fixings is defined!&#xD;
 E3: Fixing 'FX.IR.1448' can not be imported. It has no component code and no default component for fixings is defined!&#xD;
 E3: Fixing 'FX.IR.1440' can not be imported. It has no component code and no default component for fixings is defined!&#xD;
 E3: Fixing 'FX.IR.1441' can not be imported. It has no component code and no default component for fixings is defined!&#xD;
 E3: Fixing 'FX.IR.1442' can not be imported. It has no component code and no default component for fixings is defined!&#xD;
 E3: Fixing 'FX.RWT.0055' can not be imported. It has no component code and no default component for fixings is defined!&#xD;
 E3: Fixing 'FX.RWT.0059' can not be imported. It has no component code and no default component for fixings is defined!&#xD;
 E3: Fixing 'FX.RWT.0060' can not be imported. It has no component code and no default component for fixings is defined!&#xD;
 E3: Fixing 'FX.RWT.0061' can not be imported. It has no component code and no default component for fixings is defined!&#xD;
 E3: Fixing 'FX.RWT.0062' can not be imported. It has no component code and no default component for fixings is defined!&#xD;
 E3: Fixing 'FX.RWT.0063' can not be imported. It has no component code and no default component for fixings is defined!&#xD;
 E3: Fixing 'FX.RWT.0064' can not be imported. It has no component code and no default component for fixings is defined!&#xD;
 E3: Fixing 'FX.RWT.0052' can not be imported. It has no component code and no default component for fixings is defined!&#xD;
 E3: Fixing 'FX.RWT.0051' can not be imported. It has no component code and no default component for fixings is defined!&#xD;
 E3: Fixing 'FX.RWT.0050' can not be imported. It has no component code and no default component for fixings is defined!&#xD;
 E3: Fixing 'FX.RWT.0049' can not be imported. It has no component code and no default component for fixings is defined!&#xD;
 E3: Fixing 'FX.RWT.0048' can not be imported. It has no component code and no default component for fixings is defined!&#xD;
 E3: Fixing 'FX.RWT.0044' can not be imported. It has no component code and no default component for fixings is defined!&#xD;
 E3: Fixing 'FX.RWT.0045' can not be imported. It has no component code and no default component for fixings is defined!&#xD;
 E3: Fixing 'FX.RWT.0046' can not be imported. It has no component code and no default component for fixings is defined!&#xD;
 E3: Fixing 'FX.RWT.0047' can not be imported. It has no component code and no default component for fixings is defined!&#xD;
 E3: Fixing 'FX.RWT.0043' can not be imported. It has no component code and no default component for fixings is defined!&#xD;
 E3: Fixing 'FX.RWT.0042' can not be imported. It has no component code and no default component for fixings is defined!&#xD;
 E3: Fixing 'FX.RWT.0041' can not be imported. It has no component code and no default component for fixings is defined!&#xD;
 E3: Fixing 'FX.RWT.0040' can not be imported. It has no component code and no default component for fixings is defined!&#xD;
 E3: Fixing 'FX.RWT.0067' can not be imported. It has no component code and no default component for fixings is defined!&#xD;
 E3: Fixing 'FX.RWT.0036' can not be imported. It has no component code and no default component for fixings is defined!&#xD;
 E3: Fixing 'FX.IR.1425' can not be imported. It has no component code and no default component for fixings is defined!&#xD;
 E3: Fixing 'FX.IR.1451' can not be imported. It has no component code and no default component for fixings is defined!&#xD;
 E3: Fixing 'FX.IR.1424' can not be imported. It has no component code and no default component for fixings is defined!&#xD;
 E3: Fixing 'FX.IR.1423' can not be imported. It has no component code and no default component for fixings is defined!&#xD;
 E3: Fixing 'FX.IR.0066' can not be imported. It has no component code and no default component for fixings is defined!&#xD;
 E3: Fixing 'FX.IR.0078' can not be imported. It has no component code and no default component for fixings is defined!&#xD;
 E3: Fixing 'FX.IR.0080' can not be imported. It has no component code and no default component for fixings is defined!&#xD;
 E3: Fixing 'FX.IR.0984' can not be imported. It has no component code and no default component for fixings is defined!&#xD;
 E3: Fixing 'FX.IR.0093' can not be imported. It has no component code and no default component for fixings is defined!&#xD;
 E3: Fixing 'FX.RWT.0002' can not be imported. It has no component code and no default component for fixings is defined!&#xD;
 E3: Fixing 'FX.RWT.0004' can not be imported. It has no component code and no default component for fixings is defined!&#xD;
 E3: Fixing 'FX.RWT.0005' can not be imported. It has no component code and no default component for fixings is defined!&#xD;
 E3: Fixing 'FX.IR.0222' can not be imported. It has no component code and no default component for fixings is defined!&#xD;
 E3: Fixing 'FX.IR.0094' can not be imported. It has no component code and no default component for fixings is defined!&#xD;
 E3: Fixing 'FX.IR.0100' can not be imported. It has no component code and no default component for fixings is defined!&#xD;
 E3: Fixing 'FX.IR.0099' can not be imported. It has no component code and no default component for fixings is defined!&#xD;
 E3: Fixing 'FX.IR.0101' can not be imported. It has no component code and no default component for fixings is defined!&#xD;
 E3: Fixing 'FX.IR.0785' can not be imported. It has no component code and no default component for fixings is defined!&#xD;
 E3: Fixing 'FX.IR.0082' can not be imported. It has no component code and no default component for fixings is defined!&#xD;
 E3: Fixing 'FX.IR.0097' can not be imported. It has no component code and no default component for fixings is defined!&#xD;
 E3: Fixing 'FX.IR.0983' can not be imported. It has no component code and no default component for fixings is defined!&#xD;
 E3: Fixing 'FX.IR.0064' can not be imported. It has no component code and no default component for fixings is defined!&#xD;
 E3: Fixing 'FX.IR.0912' can not be imported. It has no component code and no default component for fixings is defined!&#xD;
 E3: Fixing 'FX.IR.0911' can not be imported. It has no component code and no default component for fixings is defined!&#xD;
 E3: Fixing 'FX.IR.0909' can not be imported. It has no component code and no default component for fixings is defined!&#xD;
 E3: Fixing 'FX.RWT.0014' can not be imported. It has no component code and no default component for fixings is defined!&#xD;
 E3: Fixing 'FX.RWT.0022' can not be imported. It has no component code and no default component for fixings is defined!&#xD;
 E3: Fixing 'FX.RWT.0018' can not be imported. It has no component code and no default component for fixings is defined!&#xD;
 E3: Fixing 'FX.RWT.0023' can not be imported. It has no component code and no default component for fixings is defined!&#xD;
 E3: Fixing 'FX.IR.0942' can not be imported. It has no component code and no default component for fixings is defined!&#xD;
 E3: Fixing 'FX.IR.0060' can not be imported. It has no component code and no default component for fixings is defined!&#xD;
 E3: Fixing 'FX.IR.0065' can not be imported. It has no component code and no default component for fixings is defined!&#xD;
 E3: Fixing 'ID_FIX733' can not be imported. It has no component code and no default component for fixings is defined!&#xD;
 E3: Fixing 'FX.IR.0166' can not be imported. It has no component code and no default component for fixings is defined!&#xD;
 E3: Fixing 'FX.IR.0985' can not be imported. It has no component code and no default component for fixings is defined!&#xD;
 E3: Fixing 'FX.IR.0632' can not be imported. It has no component code and no default component for fixings is defined!&#xD;
 E3: Fixing 'FX.IR.1306' can not be imported. It has no component code and no default component for fixings is defined!&#xD;
 E3: Fixing 'FX.IR.1307' can not be imported. It has no component code and no default component for fixings is defined!&#xD;
 E3: Fixing 'FX.IR.0962' can not be imported. It has no component code and no default component for fixings is defined!&#xD;
 E3: Fixing 'ID_FIX_HCA254540K005_11·Merged_KBL_X254_RBA' can not be imported. It has no component code and no default component for fixings is defined!&#xD;
 E3: Fixing 'ID_FIX732' can not be imported. It has no component code and no default component for fixings is defined!&#xD;
 E3: Fixing 'cf389797-594d-49c5-809f-6d70d67d9b43' can not be imported. It has no component code and no default component for fixings is defined!&#xD;
 E3: Fixing 'RB_T17' can not be imported. It has no component code and no default component for fixings is defined!&#xD;
 E3: Fixing 'ID_FIX387' can not be imported. It has no component code and no default component for fixings is defined!&#xD;
 E3: Fixing 'FX.IR.1009' can not be imported. It has no component code and no default component for fixings is defined!&#xD;
 E3: Fixing 'FX.IR.1145' can not be imported. It has no component code and no default component for fixings is defined!&#xD;
 E3: Fixing '42d9331f-2f26-4aa3-b71f-3675dc0c1e37' can not be imported. It has no component code and no default component for fixings is defined!&#xD;
 E3: Fixing 'RB_T5' can not be imported. It has no component code and no default component for fixings is defined!&#xD;
 E3: Fixing 'FX.IR.0352' can not be imported. It has no component code and no default component for fixings is defined!&#xD;
 E3: Fixing 'FX.IR.1413' can not be imported. It has no component code and no default component for fixings is defined!&#xD;
 E3: Fixing 'FX.IR.0724' can not be imported. It has no component code and no default component for fixings is defined!&#xD;
 E3: Fixing 'FX.IR.0725' can not be imported. It has no component code and no default component for fixings is defined!&#xD;
 E3: Fixing 'FX.IR.0727' can not be imported. It has no component code and no default component for fixings is defined!&#xD;
 E3: Fixing 'FX.IR.0312' can not be imported. It has no component code and no default component for fixings is defined!&#xD;
 E3: Fixing 'FX.IR.0047' can not be imported. It has no component code and no default component for fixings is defined!&#xD;
 E3: Fixing 'FX.IR.0884' can not be imported. It has no component code and no default component for fixings is defined!&#xD;
 E3: Fixing 'FX.IR.0230' can not be imported. It has no component code and no default component for fixings is defined!&#xD;
 E3: Fixing 'FX.IR.0042' can not be imported. It has no component code and no default component for fixings is defined!&#xD;
 E3: Fixing 'FX.IR.0142' can not be imported. It has no component code and no default component for fixings is defined!&#xD;
 E3: Fixing 'FX.IR.0150' can not be imported. It has no component code and no default component for fixings is defined!&#xD;
 E3: Fixing 'FX.IR.0145' can not be imported. It has no component code and no default component for fixings is defined!&#xD;
 E3: Fixing 'FX.IR.0433' can not be imported. It has no component code and no default component for fixings is defined!&#xD;
 E3: Fixing 'FX.IR.0137' can not be imported. It has no component code and no default component for fixings is defined!&#xD;
 E3: Fixing 'FX.IR.0157' can not be imported. It has no component code and no default component for fixings is defined!&#xD;
 E3: Fixing 'FX.IR.0159' can not be imported. It has no component code and no default component for fixings is defined!&#xD;
 E3: Fixing 'FX.IR.0396' can not be imported. It has no component code and no default component for fixings is defined!&#xD;
 E3: Fixing 'FX.IR.0398' can not be imported. It has no component code and no default component for fixings is defined!&#xD;
 E3: Fixing 'FX.IR.0136' can not be imported. It has no component code and no default component for fixings is defined!&#xD;
 E3: Fixing 'FX.IR.0135' can not be imported. It has no component code and no default component for fixings is defined!&#xD;
 E3: Fixing 'FX.IR.0426' can not be imported. It has no component code and no default component for fixings is defined!&#xD;
 E3: Fixing 'FX.IR.0438' can not be imported. It has no component code and no default component for fixings is defined!&#xD;
 E3: Fixing 'FX.IR.0362' can not be imported. It has no component code and no default component for fixings is defined!&#xD;
 E3: Fixing 'FX.IR.0167' can not be imported. It has no component code and no default component for fixings is defined!&#xD;
 E3: Fixing 'FX.IR.0235' can not be imported. It has no component code and no default component for fixings is defined!&#xD;
 E3: Fixing 'FX.IR.0432' can not be imported. It has no component code and no default component for fixings is defined!&#xD;
 E3: Fixing 'FX.IR.0252' can not be imported. It has no component code and no default component for fixings is defined!&#xD;
 E3: Fixing 'FX.IR.0330' can not be imported. It has no component code and no default component for fixings is defined!&#xD;
 E3: Fixing 'FX.IR.0253' can not be imported. It has no component code and no default component for fixings is defined!&#xD;
 E3: Fixing 'FX.IR.0164' can not be imported. It has no component code and no default component for fixings is defined!&#xD;
 E3: Fixing 'RB_T16' can not be imported. It has no component code and no default component for fixings is defined!&#xD;
 E3: Fixing 'FX.IR.0184' can not be imported. It has no component code and no default component for fixings is defined!&#xD;
 E3: Fixing 'FX.IR.0630' can not be imported. It has no component code and no default component for fixings is defined!&#xD;
 E3: Fixing 'FX.IR.0440' can not be imported. It has no component code and no default component for fixings is defined!&#xD;
 E3: Fixing 'FX.IR.0133' can not be imported. It has no component code and no default component for fixings is defined!&#xD;
 E3: Fixing 'FX.IR.0629' can not be imported. It has no component code and no default component for fixings is defined!&#xD;
 E3: Fixing 'FX.IR.0132' can not be imported. It has no component code and no default component for fixings is defined!&#xD;
 E3: Fixing 'FX.IR.0134' can not be imported. It has no component code and no default component for fixings is defined!&#xD;
 E3: Fixing 'FX.IR.0607' can not be imported. It has no component code and no default component for fixings is defined!&#xD;
 E3: Fixing 'FX.IR.0229' can not be imported. It has no component code and no default component for fixings is defined!&#xD;
 E3: Fixing 'ID_FIX_HCA254540H004_11·Merged_KBL_X254_RBA' can not be imported. It has no component code and no default component for fixings is defined!&#xD;
 E3: Fixing 'RB_T30' can not be imported. It has no component code and no default component for fixings is defined!&#xD;
 E3: Fixing 'ID_FIX626' can not be imported. It has no component code and no default component for fixings is defined!&#xD;
 E3: Fixing 'ID_FIX369' can not be imported. It has no component code and no default component for fixings is defined!&#xD;
 E3: Fixing 'ID_FIX598' can not be imported. It has no component code and no default component for fixings is defined!&#xD;
 E3: Fixing 'FX.IR.0391' can not be imported. It has no component code and no default component for fixings is defined!&#xD;
 E3: Fixing 'FX.IR.0115' can not be imported. It has no component code and no default component for fixings is defined!&#xD;
 E3: Fixing 'FX.IR.0366' can not be imported. It has no component code and no default component for fixings is defined!&#xD;
 E3: Fixing 'ID_FIX599' can not be imported. It has no component code and no default component for fixings is defined!&#xD;
 E3: Fixing 'ID_FIX385' can not be imported. It has no component code and no default component for fixings is defined!&#xD;
 E3: Fixing 'RB_T33' can not be imported. It has no component code and no default component for fixings is defined!&#xD;
 E3: Fixing 'RB_47' can not be imported. It has no component code and no default component for fixings is defined!&#xD;
 E3: Fixing 'ID_FIX_1' can not be imported. It has no component code and no default component for fixings is defined!&#xD;
 E3: Fixing 'FX.IR.1467' can not be imported. It has no component code and no default component for fixings is defined!&#xD;
 E3: Fixing 'FX.IR.0310' can not be imported. It has no component code and no default component for fixings is defined!&#xD;
 E3: Fixing 'FX.IR.0106' can not be imported. It has no component code and no default component for fixings is defined!&#xD;
 E3: Fixing 'FX.IR.0089' can not be imported. It has no component code and no default component for fixings is defined!&#xD;
 E3: Fixing 'FX.IR.0958' can not be imported. It has no component code and no default component for fixings is defined!&#xD;
 E3: Fixing 'FX.IR.0058' can not be imported. It has no component code and no default component for fixings is defined!&#xD;
 E3: Fixing 'FX.IR.0087' can not be imported. It has no component code and no default component for fixings is defined!&#xD;
 E3: Fixing 'FX.IR.0329' can not be imported. It has no component code and no default component for fixings is defined!&#xD;
 E3: Fixing 'RB_T24' can not be imported. It has no component code and no default component for fixings is defined!&#xD;
 E3: Fixing 'FX.IR.0125' can not be imported. It has no component code and no default component for fixings is defined!&#xD;
 E3: Fixing 'FX.RWT.0029' can not be imported. It has no component code and no default component for fixings is defined!&#xD;
 E3: Fixing 'FX.HECK.0035' can not be imported. It has no component code and no default component for fixings is defined!&#xD;
 E3: Fixing 'ID_FIX399' can not be imported. It has no component code and no default component for fixings is defined!&#xD;
 E3: Fixing 'RB9_2' can not be imported. It has no component code and no default component for fixings is defined!&#xD;
 E3: Fixing 'FX.IR.0114' can not be imported. It has no component code and no default component for fixings is defined!&#xD;
 E3: Fixing 'FX.IR.0345' can not be imported. It has no component code and no default component for fixings is defined!&#xD;
 E3: Fixing '7acaac43-9297-4d34-b318-19e77991d7d9' can not be imported. It has no component code and no default component for fixings is defined!&#xD;
 E3: Fixing '66e707aa-3b1a-4e42-b2ec-b2fcdb5ef5a3' can not be imported. It has no component code and no default component for fixings is defined!&#xD;
 E3: Fixing 'FX.IR.0190' can not be imported. It has no component code and no default component for fixings is defined!&#xD;
 E3: Fixing 'ID_FIX_HCA254540K005_12·Merged_KBL_X254_RBA' can not be imported. It has no component code and no default component for fixings is defined!&#xD;
 E3: Fixing 'RB8_3' can not be imported. It has no component code and no default component for fixings is defined!&#xD;
 E3: Fixing 'RB8_4' can not be imported. It has no component code and no default component for fixings is defined!&#xD;
 E3: Fixing 'RB5_4' can not be imported. It has no component code and no default component for fixings is defined!&#xD;
 E3: Fixing 'RB5_1' can not be imported. It has no component code and no default component for fixings is defined!&#xD;
 E3: Fixing 'RB8_2' can not be imported. It has no component code and no default component for fixings is defined!&#xD;
 E3: Fixing 'RB5_3' can not be imported. It has no component code and no default component for fixings is defined!&#xD;
 E3: Fixing 'RB5_2' can not be imported. It has no component code and no default component for fixings is defined!&#xD;
 E3: Fixing 'RB8_1' can not be imported. It has no component code and no default component for fixings is defined!&#xD;
 E3: Fixing 'RB9_1' can not be imported. It has no component code and no default component for fixings is defined!&#xD;
 E3: Fixing 'FX.IR.1469' can not be imported. It has no component code and no default component for fixings is defined!&#xD;
 E3: Fixing 'FX.IR.0175' can not be imported. It has no component code and no default component for fixings is defined!&#xD;
 E3: Fixing 'FX.IR.0177' can not be imported. It has no component code and no default component for fixings is defined!&#xD;
 E3: Fixing 'FX.IR.0176' can not be imported. It has no component code and no default component for fixings is defined!&#xD;
 E3: Fixing 'FX.HECK.0011' can not be imported. It has no component code and no default component for fixings is defined!&#xD;
 E3: Fixing 'FX.IR.1057' can not be imported. It has no component code and no default component for fixings is defined!&#xD;
 E3: Fixing 'FX.HECK.0010' can not be imported. It has no component code and no default component for fixings is defined!&#xD;
 E3: Fixing 'RB11_1' can not be imported. It has no component code and no default component for fixings is defined!&#xD;
 E3: Fixing 'RB11_2' can not be imported. It has no component code and no default component for fixings is defined!&#xD;
 E3: Fixing '3850e006-d47e-49c2-91c0-d020651b30b4' can not be imported. It has no component code and no default component for fixings is defined!&#xD;
 E3: Fixing '2f288a02-46c8-4f0f-8a28-f9fad970fe7c' can not be imported. It has no component code and no default component for fixings is defined!&#xD;
 E3: Fixing 'RB12_2' can not be imported. It has no component code and no default component for fixings is defined!&#xD;
 E3: Fixing 'RB12_1' can not be imported. It has no component code and no default component for fixings is defined!&#xD;
 E3: Fixing 'FX.IR.0073' can not be imported. It has no component code and no default component for fixings is defined!&#xD;
 E3: Fixing 'FX.IR.0055' can not be imported. It has no component code and no default component for fixings is defined!&#xD;
 E3: Fixing 'FX.IR.0057' can not be imported. It has no component code and no default component for fixings is defined!&#xD;
 E3: Fixing 'FX.IR.0063' can not be imported. It has no component code and no default component for fixings is defined!&#xD;
 E3: Fixing 'FX.IR.0062' can not be imported. It has no component code and no default component for fixings is defined!&#xD;
 E3: Fixing 'FX.IR.0061' can not be imported. It has no component code and no default component for fixings is defined!&#xD;
 E3: Fixing 'FX.IR.0249' can not be imported. It has no component code and no default component for fixings is defined!&#xD;
 E3: Fixing 'FX.IR.0250' can not be imported. It has no component code and no default component for fixings is defined!&#xD;
 E3: Fixing 'RB1_6' can not be imported. It has no component code and no default component for fixings is defined!&#xD;
 E3: Fixing 'RB1_7' can not be imported. It has no component code and no default component for fixings is defined!&#xD;
 E3: Fixing 'FX.IR.0436' can not be imported. It has no component code and no default component for fixings is defined!&#xD;
 E3: Fixing 'FX.IR.0402' can not be imported. It has no component code and no default component for fixings is defined!&#xD;
 E3: Fixing 'FX.IR.0434' can not be imported. It has no component code and no default component for fixings is defined!&#xD;
 E3: Fixing 'FX.IR.0349' can not be imported. It has no component code and no default component for fixings is defined!&#xD;
 E3: Fixing 'FX.IR.0346' can not be imported. It has no component code and no default component for fixings is defined!&#xD;
 E3: Fixing 'RB2_7' can not be imported. It has no component code and no default component for fixings is defined!&#xD;
 E3: Fixing 'RB2_10' can not be imported. It has no component code and no default component for fixings is defined!&#xD;
 E3: Fixing 'RB2_8' can not be imported. It has no component code and no default component for fixings is defined!&#xD;
 E3: Fixing 'FX.IR.0191' can not be imported. It has no component code and no default component for fixings is defined!&#xD;
 E3: Fixing 'RB3_1' can not be imported. It has no component code and no default component for fixings is defined!&#xD;
 E3: Fixing 'RB3_3' can not be imported. It has no component code and no default component for fixings is defined!&#xD;
 E3: Fixing 'RB3_5' can not be imported. It has no component code and no default component for fixings is defined!&#xD;
 E3: Fixing 'RB3_4' can not be imported. It has no component code and no default component for fixings is defined!&#xD;
 E3: Fixing 'c399a2ab-4eab-4f35-a89a-92bcf7b9c873' can not be imported. It has no component code and no default component for fixings is defined!&#xD;
 E3: Fixing '24e0c5ec-dab4-4eeb-ab7c-d16d71858411' can not be imported. It has no component code and no default component for fixings is defined!&#xD;
 E3: Fixing 'RB4_4' can not be imported. It has no component code and no default component for fixings is defined!&#xD;
 E3: Fixing 'RB4_5' can not be imported. It has no component code and no default component for fixings is defined!&#xD;
 E3: Fixing 'FX.IR.0722' can not be imported. It has no component code and no default component for fixings is defined!&#xD;
 E3: Fixing 'FX.IR.0723' can not be imported. It has no component code and no default component for fixings is defined!&#xD;
 E3: Fixing 'FX.IR.0720' can not be imported. It has no component code and no default component for fixings is defined!&#xD;
 E3: Fixing 'FX.IR.0317' can not be imported. It has no component code and no default component for fixings is defined!&#xD;
 E3: Fixing 'FX.IR.0726' can not be imported. It has no component code and no default component for fixings is defined!&#xD;
 E3: Fixing 'FX.IR.0117' can not be imported. It has no component code and no default component for fixings is defined!&#xD;
 E3: Fixing 'FX.IR.0092' can not be imported. It has no component code and no default component for fixings is defined!&#xD;
 E3: Fixing 'FX.IR.0014' can not be imported. It has no component code and no default component for fixings is defined!&#xD;
 E3: Fixing 'FX.RWT.0026' can not be imported. It has no component code and no default component for fixings is defined!&#xD;
 E3: Fixing 'FX.RWT.0020' can not be imported. It has no component code and no default component for fixings is defined!&#xD;
 E3: Fixing 'FX.RWT.0028' can not be imported. It has no component code and no default component for fixings is defined!&#xD;
 E3: Fixing 'FX.RWT.0003' can not be imported. It has no component code and no default component for fixings is defined!&#xD;
 E3: Fixing 'FX.RWT.0015' can not be imported. It has no component code and no default component for fixings is defined!&#xD;
 E3: Fixing 'FX.RWT.0027' can not be imported. It has no component code and no default component for fixings is defined!&#xD;
 E3: Fixing 'FX.RWT.0021' can not be imported. It has no component code and no default component for fixings is defined!&#xD;
 E3: Fixing 'FX.RWT.0019' can not be imported. It has no component code and no default component for fixings is defined!&#xD;
 E3: Fixing 'FX.RWT.0006' can not be imported. It has no component code and no default component for fixings is defined!&#xD;
 E3: Fixing 'FX.RWT.0025' can not be imported. It has no component code and no default component for fixings is defined!&#xD;
 E3: Fixing 'FX.IR.0888' can not be imported. It has no component code and no default component for fixings is defined!&#xD;
 E3: Fixing 'FX.IR.0955' can not be imported. It has no component code and no default component for fixings is defined!&#xD;
 E3: Fixing 'FX.IR.0957' can not be imported. It has no component code and no default component for fixings is defined!&#xD;
 E3: Fixing 'FX.IR.0956' can not be imported. It has no component code and no default component for fixings is defined!&#xD;
 E3: Fixing 'FX.IR.0204' can not be imported. It has no component code and no default component for fixings is defined!&#xD;
 E3: Fixing 'FX.IR.0202' can not be imported. It has no component code and no default component for fixings is defined!&#xD;
 E3: Fixing 'b39ce478-15ce-4972-9295-b3cf3de78eb0' can not be imported. It has no component code and no default component for fixings is defined!&#xD;
 E3: Fixing 'FX.IR.0420' can not be imported. It has no component code and no default component for fixings is defined!&#xD;
 E3: Fixing 'FX.IR.0435' can not be imported. It has no component code and no default component for fixings is defined!&#xD;
 E3: Fixing 'FX.IR.0734' can not be imported. It has no component code and no default component for fixings is defined!&#xD;
 E3: Fixing 'FX.IR.0143' can not be imported. It has no component code and no default component for fixings is defined!&#xD;
 E3: Fixing 'FX.IR.0731' can not be imported. It has no component code and no default component for fixings is defined!&#xD;
 E3: Fixing 'FX.HAF.0003' can not be imported. It has no component code and no default component for fixings is defined!&#xD;
 E3: Fixing 'FX.HAF.0002' can not be imported. It has no component code and no default component for fixings is defined!&#xD;
 E3: Fixing 'FX.HAF.0001' can not be imported. It has no component code and no default component for fixings is defined!&#xD;
 E3: Fixing 'RB_T29' can not be imported. It has no component code and no default component for fixings is defined!&#xD;
 E3: Fixing 'FX.RWT.0024' can not be imported. It has no component code and no default component for fixings is defined!&#xD;
 E3: Fixing 'FX.IR.0126' can not be imported. It has no component code and no default component for fixings is defined!&#xD;
 E3: Fixing 'FX.IR.0124' can not be imported. It has no component code and no default component for fixings is defined!&#xD;
 E3: Fixing 'FX.IR.0880' can not be imported. It has no component code and no default component for fixings is defined!&#xD;
 E3: Fixing 'FX.HECK.0009' can not be imported. It has no component code and no default component for fixings is defined!&#xD;
 E3: Fixing 'FX.IR.0889' can not be imported. It has no component code and no default component for fixings is defined!&#xD;
 E3: Fixing 'FX.IR.1006' can not be imported. It has no component code and no default component for fixings is defined!&#xD;
 E3: Fixing 'FX.IR.0056' can not be imported. It has no component code and no default component for fixings is defined!&#xD;
 E3: Fixing 'FX.IR.0059' can not be imported. It has no component code and no default component for fixings is defined!&#xD;
 E3: Fixing 'FX.IR.0123' can not be imported. It has no component code and no default component for fixings is defined!&#xD;
 E3: Fixing 'FX.IR.0891' can not be imported. It has no component code and no default component for fixings is defined!&#xD;
 E3: Fixing 'FX.IR.0937' can not be imported. It has no component code and no default component for fixings is defined!&#xD;
 E3: Fixing 'FX.IR.0103' can not be imported. It has no component code and no default component for fixings is defined!&#xD;
 E3: Fixing 'FX.IR.0946' can not be imported. It has no component code and no default component for fixings is defined!&#xD;
 E3: Fixing 'FX.IR.0941' can not be imported. It has no component code and no default component for fixings is defined!&#xD;
 E3: Fixing 'FX.IR.1414' can not be imported. It has no component code and no default component for fixings is defined!&#xD;
 E3: Fixing 'RB7_1' can not be imported. It has no component code and no default component for fixings is defined!&#xD;
 E3: Fixing 'FX.IR.0370' can not be imported. It has no component code and no default component for fixings is defined!&#xD;
 E3: Fixing 'FX.IR.0369' can not be imported. It has no component code and no default component for fixings is defined!&#xD;
 E3: Fixing 'FX.IR.0472' can not be imported. It has no component code and no default component for fixings is defined!&#xD;
 E3: Fixing 'RB7_2' can not be imported. It has no component code and no default component for fixings is defined!&#xD;
 E3: Fixing 'RB1_9' can not be imported. It has no component code and no default component for fixings is defined!&#xD;
 E3: Fixing 'RB1_3' can not be imported. It has no component code and no default component for fixings is defined!&#xD;
 E3: Fixing 'RB1_2' can not be imported. It has no component code and no default component for fixings is defined!&#xD;
 E3: Fixing 'RB1_1' can not be imported. It has no component code and no default component for fixings is defined!&#xD;
 E3: Fixing 'FX.IR.0353' can not be imported. It has no component code and no default component for fixings is defined!&#xD;
 E3: Fixing 'FX.IR.0350' can not be imported. It has no component code and no default component for fixings is defined!&#xD;
 E3: Fixing 'RB_T31' can not be imported. It has no component code and no default component for fixings is defined!&#xD;
 E3: Fixing 'RB2_1' can not be imported. It has no component code and no default component for fixings is defined!&#xD;
 E3: Fixing 'RB2_3' can not be imported. It has no component code and no default component for fixings is defined!&#xD;
 E3: Fixing 'RB2_2' can not be imported. It has no component code and no default component for fixings is defined!&#xD;
 E3: Fixing 'FX.IR.0367' can not be imported. It has no component code and no default component for fixings is defined!&#xD;
 E3: Fixing 'RB_T32' can not be imported. It has no component code and no default component for fixings is defined!&#xD;
 E3: Fixing 'FX.IR.0357' can not be imported. It has no component code and no default component for fixings is defined!&#xD;
 E3: Fixing '16b93640-7020-4034-8cc0-be319a77caf9' can not be imported. It has no component code and no default component for fixings is defined!&#xD;
 E3: Fixing 'FX.IR.0994' can not be imported. It has no component code and no default component for fixings is defined!&#xD;
 E3: Fixing 'FX.IR.1011' can not be imported. It has no component code and no default component for fixings is defined!&#xD;
 E3: Fixing 'FX.IR.1005' can not be imported. It has no component code and no default component for fixings is defined!&#xD;
 E3: Fixing 'FX.IR.0368' can not be imported. It has no component code and no default component for fixings is defined!&#xD;
 E3: Fixing 'FX.IR.1144' can not be imported. It has no component code and no default component for fixings is defined!&#xD;
 E3: Fixing 'FX.IR.1026' can not be imported. It has no component code and no default component for fixings is defined!&#xD;
 E3: Fixing 'FX.IR.1058' can not be imported. It has no component code and no default component for fixings is defined!&#xD;
 E3: Fixing 'FX.IR.1056' can not be imported. It has no component code and no default component for fixings is defined!&#xD;
 E3: Fixing 'FX.IR.1030' can not be imported. It has no component code and no default component for fixings is defined!&#xD;
 E3: Fixing 'FX.IR.1028' can not be imported. It has no component code and no default component for fixings is defined!&#xD;
 E3: Fixing 'ID_FIX730' can not be imported. It has no component code and no default component for fixings is defined!&#xD;
 E3: Fixing 'ID_FIX735' can not be imported. It has no component code and no default component for fixings is defined!&#xD;
 E3: Fixing 'FX.IR.1232' can not be imported. It has no component code and no default component for fixings is defined!&#xD;
 E3: Fixing 'FX.IR.1233' can not be imported. It has no component code and no default component for fixings is defined!&#xD;
 E3: Fixing 'FX.IR.1234' can not be imported. It has no component code and no default component for fixings is defined!&#xD;
 E3: Fixing 'FX.IR.1235' can not be imported. It has no component code and no default component for fixings is defined!&#xD;
 E3: Fixing 'FX.IR.1236' can not be imported. It has no component code and no default component for fixings is defined!&#xD;
 E3: Fixing 'FX.IR.1243' can not be imported. It has no component code and no default component for fixings is defined!&#xD;
 E3: Fixing 'FX.IR.1242' can not be imported. It has no component code and no default component for fixings is defined!&#xD;
 E3: Fixing 'FX.IR.1237' can not be imported. It has no component code and no default component for fixings is defined!&#xD;
 E3: Fixing 'FX.IR.1238' can not be imported. It has no component code and no default component for fixings is defined!&#xD;
 E3: Fixing 'FX.IR.1239' can not be imported. It has no component code and no default component for fixings is defined!&#xD;
 E3: Fixing 'FX.IR.1240' can not be imported. It has no component code and no default component for fixings is defined!&#xD;
 E3: Fixing 'FX.IR.1241' can not be imported. It has no component code and no default component for fixings is defined!&#xD;
 E3: Fixing 'FX.IR.1049' can not be imported. It has no component code and no default component for fixings is defined!&#xD;
 E3: Fixing 'ID_FIX761' can not be imported. It has no component code and no default component for fixings is defined!&#xD;
 E3: Fixing 'FX.IR.1273' can not be imported. It has no component code and no default component for fixings is defined!&#xD;
 E3: Fixing 'FX.IR.1272' can not be imported. It has no component code and no default component for fixings is defined!&#xD;
 E3: Fixing 'FX.IR.1031' can not be imported. It has no component code and no default component for fixings is defined!&#xD;
 E3: Fixing 'FX.IR.1050' can not be imported. It has no component code and no default component for fixings is defined!&#xD;
 E3: Fixing 'FX.IR.1051' can not be imported. It has no component code and no default component for fixings is defined!&#xD;
 E3: Fixing 'FX.IR.1052' can not be imported. It has no component code and no default component for fixings is defined!&#xD;
 E3: Fixing 'FX.IR.1053' can not be imported. It has no component code and no default component for fixings is defined!&#xD;
 E3: Fixing 'FX.IR.1054' can not be imported. It has no component code and no default component for fixings is defined!&#xD;
 E3: Fixing 'FX.IR.1055' can not be imported. It has no component code and no default component for fixings is defined!&#xD;
 E3: Fixing 'FX.IR.1059' can not be imported. It has no component code and no default component for fixings is defined!&#xD;
 E3: Fixing 'FX.IR.1314' can not be imported. It has no component code and no default component for fixings is defined!&#xD;
 E3: Fixing 'FX.IR.1299' can not be imported. It has no component code and no default component for fixings is defined!&#xD;
 E3: Fixing 'FX.IR.1298' can not be imported. It has no component code and no default component for fixings is defined!&#xD;
 E3: Fixing 'FX.IR.1317' can not be imported. It has no component code and no default component for fixings is defined!&#xD;
 E3: Fixing 'FX.IR.1318' can not be imported. It has no component code and no default component for fixings is defined!&#xD;
 E3: Fixing 'FX.IR.1374' can not be imported. It has no component code and no default component for fixings is defined!&#xD;
 E3: Fixing 'FX.RWT.0030' can not be imported. It has no component code and no default component for fixings is defined!&#xD;
 E3: Fixing 'FX.RWT.0031' can not be imported. It has no component code and no default component for fixings is defined!&#xD;
 E3: Fixing 'FX.RWT.0032' can not be imported. It has no component code and no default component for fixings is defined!&#xD;
 E3: Fixing 'FX.IR.1363' can not be imported. It has no component code and no default component for fixings is defined!&#xD;
 E3: Fixing 'FX.IR.1358' can not be imported. It has no component code and no default component for fixings is defined!&#xD;
 E3: Fixing 'RB_T55' can not be imported. It has no component code and no default component for fixings is defined!&#xD;
 E3: Fixing 'RB_T54' can not be imported. It has no component code and no default component for fixings is defined!&#xD;
 E3: Fixing 'RB_T53' can not be imported. It has no component code and no default component for fixings is defined!&#xD;
 E3: Fixing 'RB_T52' can not be imported. It has no component code and no default component for fixings is defined!&#xD;
 E3: Fixing 'FX.RWT.0054' can not be imported. It has no component code and no default component for fixings is defined!&#xD;
 E3: Fixing 'FX.RWT.0053' can not be imported. It has no component code and no default component for fixings is defined!&#xD;
 E3: Fixing 'FX.IR.1375' can not be imported. It has no component code and no default component for fixings is defined!&#xD;
 E3: Fixing 'FX.IR.1376' can not be imported. It has no component code and no default component for fixings is defined!&#xD;
 E3: Fixing 'FX.IR.1265' can not be imported. It has no component code and no default component for fixings is defined!&#xD;
 E3: Fixing 'FX.IR.1266' can not be imported. It has no component code and no default component for fixings is defined!&#xD;
 E3: Fixing 'FX.IR.13442' can not be imported. It has no component code and no default component for fixings is defined!&#xD;
 E3: Fixing 'FX.IR.1345' can not be imported. It has no component code and no default component for fixings is defined!&#xD;
 E3: Fixing 'FX.IR.1385' can not be imported. It has no component code and no default component for fixings is defined!&#xD;
 E3: Fixing 'FX.IR.1419' can not be imported. It has no component code and no default component for fixings is defined!&#xD;
 E3: Fixing 'FX.IR.1411' can not be imported. It has no component code and no default component for fixings is defined!&#xD;
 E3: Fixing 'FX.IR.1412' can not be imported. It has no component code and no default component for fixings is defined!&#xD;
 E3: Fixing 'FX.IR.1506' can not be imported. It has no component code and no default component for fixings is defined!&#xD;
 E3: Fixing 'FX.IR.1453' can not be imported. It has no component code and no default component for fixings is defined!&#xD;
 E3: Fixing 'FX.IR.1455' can not be imported. It has no component code and no default component for fixings is defined!&#xD;
 E3: Fixing 'FX.IR.1456' can not be imported. It has no component code and no default component for fixings is defined!&#xD;
 E3: Fixing 'FX.IR.1462' can not be imported. It has no component code and no default component for fixings is defined!&#xD;
 E3: Fixing 'FX.IR.1464' can not be imported. It has no component code and no default component for fixings is defined!&#xD;
 E3: Fixing 'FX.IR.1465' can not be imported. It has no component code and no default component for fixings is defined!&#xD;
 E3: Fixing 'FX.IR.1498' can not be imported. It has no component code and no default component for fixings is defined!&#xD;
 E3: Fixing 'FX.IR.1324' can not be imported. It has no component code and no default component for fixings is defined!&#xD;
 E3: Fixing 'FX.IR.1348' can not be imported. It has no component code and no default component for fixings is defined!&#xD;
 E3: Fixing 'FX.IR.1415' can not be imported. It has no component code and no default component for fixings is defined!&#xD;
 E3: Fixing 'FX.IR.1303' can not be imported. It has no component code and no default component for fixings is defined!&#xD;
 E3: Fixing 'FX.IR.1304' can not be imported. It has no component code and no default component for fixings is defined!&#xD;
 E3: Fixing 'FX.IR.1305' can not be imported. It has no component code and no default component for fixings is defined!&#xD;
 E3: Protection '3a33f2c6-7863-47f9-b08a-35e621ddb240' can not be imported. It has no component code and no default component for protections is defined!&#xD;
 E3: Protection '6b6a8083-56db-46ec-aa0c-c502a14e6db8' can not be imported. It has no component code and no default component for protections is defined!&#xD;
 E3: Protection 'ID_TAP872' can not be imported. It has no component code and no default component for protections is defined!&#xD;
 E3: Protection 'ID_TAP1409' can not be imported. It has no component code and no default component for protections is defined!&#xD;
 E3: Protection 'ID_TAP813' can not be imported. It has no component code and no default component for protections is defined!&#xD;
 E3: Protection 'ID_TAP1404' can not be imported. It has no component code and no default component for protections is defined!&#xD;
 E3: Protection 'ID_TAP811' can not be imported. It has no component code and no default component for protections is defined!&#xD;
 E3: Protection '8484481d-499f-4d63-a9e0-e3b4900b7160' can not be imported. It has no component code and no default component for protections is defined!&#xD;
 E3: Protection 'ID_TAP1521' can not be imported. It has no component code and no default component for protections is defined!&#xD;
 E3: Protection 'ID_TAP1522' can not be imported. It has no component code and no default component for protections is defined!&#xD;
 E3: Protection 'ID_TAP727' can not be imported. It has no component code and no default component for protections is defined!&#xD;
 E3: Protection 'ID_TAP728' can not be imported. It has no component code and no default component for protections is defined!&#xD;
 E3: Protection 'ID_TAP1108' can not be imported. It has no component code and no default component for protections is defined!&#xD;
 E3: Protection 'ID_TAP1425' can not be imported. It has no component code and no default component for protections is defined!&#xD;
 E3: Protection 'ID_TAP769' can not be imported. It has no component code and no default component for protections is defined!&#xD;
 E3: Protection 'ID_TAP1141' can not be imported. It has no component code and no default component for protections is defined!&#xD;
 E3: Protection 'ID_TAP1142' can not be imported. It has no component code and no default component for protections is defined!&#xD;
 E3: Protection '314ef34b-17f9-4dbb-b95b-4d31de989261' can not be imported. It has no component code and no default component for protections is defined!&#xD;
 E3: Protection 'ID_TAP1387' can not be imported. It has no component code and no default component for protections is defined!&#xD;
 E3: Protection 'ID_TAP1332' can not be imported. It has no component code and no default component for protections is defined!&#xD;
 E3: Protection 'ID_TAP1528' can not be imported. It has no component code and no default component for protections is defined!&#xD;
 E3: Protection 'ID_TAP1529' can not be imported. It has no component code and no default component for protections is defined!&#xD;
 E3: Protection 'ID_TAP1068' can not be imported. It has no component code and no default component for protections is defined!&#xD;
 E3: Protection 'd7e26ffe-5a67-406e-a9cd-4effb2ce53f4' can not be imported. It has no component code and no default component for protections is defined!&#xD;
 E3: Protection 'ID_TAP676' can not be imported. It has no component code and no default component for protections is defined!&#xD;
 E3: Protection 'ID_TAP1046' can not be imported. It has no component code and no default component for protections is defined!&#xD;
 E3: Protection '87689858-91fd-4f84-bff3-42aa95797d8f' can not be imported. It has no component code and no default component for protections is defined!&#xD;
 E3: Protection 'ID_TAP986' can not be imported. It has no component code and no default component for protections is defined!&#xD;
 E3: Protection 'ID_TAP8' can not be imported. It has no component code and no default component for protections is defined!&#xD;
 E3: Protection 'ID_TAP1033' can not be imported. It has no component code and no default component for protections is defined!&#xD;
 E3: Protection 'ID_TAP1040' can not be imported. It has no component code and no default component for protections is defined!&#xD;
 E3: Protection '679c5dde-a2cb-402a-955a-75b2ea119602' can not be imported. It has no component code and no default component for protections is defined!&#xD;
 E3: Protection 'ID_TAP768' can not be imported. It has no component code and no default component for protections is defined!&#xD;
 E3: Protection '24907d5a-3437-4752-8f0c-1fcd2a7911f2' can not be imported. It has no component code and no default component for protections is defined!&#xD;
 E3: Protection 'd7724695-e1eb-44d9-86d3-8077c01cd388' can not be imported. It has no component code and no default component for protections is defined!&#xD;
 E3: Protection 'b96eaece-cc5c-4084-bd09-141b4e1100e5' can not be imported. It has no component code and no default component for protections is defined!&#xD;
 E3: Protection 'f9ca2b9f-6f04-44c8-ba6b-83b754ee6a4f' can not be imported. It has no component code and no default component for protections is defined!&#xD;
 E3: Protection 'ID_TAP1081' can not be imported. It has no component code and no default component for protections is defined!&#xD;
 E3: Protection 'ID_TAP1320' can not be imported. It has no component code and no default component for protections is defined!&#xD;
 E3: Protection 'ID_TAP1321' can not be imported. It has no component code and no default component for protections is defined!&#xD;
 E3: Protection '71c4021f-f7e0-46f9-98aa-11f2ff366a03' can not be imported. It has no component code and no default component for protections is defined!&#xD;
 E3: Protection 'ID_TAP196' can not be imported. It has no component code and no default component for protections is defined!&#xD;
 E3: Protection 'ID_TAP1414' can not be imported. It has no component code and no default component for protections is defined!&#xD;
 E3: Protection '016348ef-7187-4190-b0e7-53ee27a5b71b' can not be imported. It has no component code and no default component for protections is defined!&#xD;
 E3: Protection '4159ac84-3698-40fe-acc5-8a349750bcc2' can not be imported. It has no component code and no default component for protections is defined!&#xD;
 E3: Protection 'ID_TAP1466' can not be imported. It has no component code and no default component for protections is defined!&#xD;
 E3: Protection 'ID_TAP1465' can not be imported. It has no component code and no default component for protections is defined!&#xD;
 E3: Protection 'ID_TAP1209' can not be imported. It has no component code and no default component for protections is defined!&#xD;
 E3: Protection 'ID_TAP1210' can not be imported. It has no component code and no default component for protections is defined!&#xD;
 E3: Protection 'ID_TAP596' can not be imported. It has no component code and no default component for protections is defined!&#xD;
 E3: Protection 'ID_TAP1219' can not be imported. It has no component code and no default component for protections is defined!&#xD;
 E3: Protection '909f4ce3-11b4-42f3-adee-89bdc1c61145' can not be imported. It has no component code and no default component for protections is defined!&#xD;
 E3: Protection 'ID_TAP1233' can not be imported. It has no component code and no default component for protections is defined!&#xD;
 E3: Protection 'ID_TAP1083' can not be imported. It has no component code and no default component for protections is defined!&#xD;
 E3: Protection 'ID_TAP1084' can not be imported. It has no component code and no default component for protections is defined!&#xD;
 E3: Protection '79d5385e-3f54-47d3-b2ef-7a55d10a7ffc' can not be imported. It has no component code and no default component for protections is defined!&#xD;
 E3: Protection '958350ab-6252-4368-96cf-f11243d84166' can not be imported. It has no component code and no default component for protections is defined!&#xD;
 E3: Protection 'ID_TAP80' can not be imported. It has no component code and no default component for protections is defined!&#xD;
 E3: Protection '64af5494-06f7-4425-b101-84ad9bea57cf' can not be imported. It has no component code and no default component for protections is defined!&#xD;
 E3: Protection 'd58de199-a251-4f23-a9aa-482cb0436a69' can not be imported. It has no component code and no default component for protections is defined!&#xD;
 E3: Protection '772ab48d-ca01-49b1-bee2-d930194ad085' can not be imported. It has no component code and no default component for protections is defined!&#xD;
 E3: Protection 'ID_TAP129' can not be imported. It has no component code and no default component for protections is defined!&#xD;
 E3: Protection 'ID_TAP130' can not be imported. It has no component code and no default component for protections is defined!&#xD;
 E3: Protection '52079ba8-904c-4a76-9d0c-02aace8fdf3e' can not be imported. It has no component code and no default component for protections is defined!&#xD;
 E3: Protection 'ID_TAP1422' can not be imported. It has no component code and no default component for protections is defined!&#xD;
 E3: Protection 'ID_TAP1423' can not be imported. It has no component code and no default component for protections is defined!&#xD;
 E3: Protection 'ID_TAP1420' can not be imported. It has no component code and no default component for protections is defined!&#xD;
 E3: Protection '3a100fcc-6515-4414-8526-05d8a2492d76' can not be imported. It has no component code and no default component for protections is defined!&#xD;
 E3: Protection 'd3eccb2a-1250-43aa-8e29-07e932572e5e' can not be imported. It has no component code and no default component for protections is defined!&#xD;
 E3: Protection '48289163-9b26-4cba-a0a2-09b98e2b4e34' can not be imported. It has no component code and no default component for protections is defined!&#xD;
 E3: Protection '11e61a83-ede8-45be-9b0e-439a8753da58' can not be imported. It has no component code and no default component for protections is defined!&#xD;
 E3: Protection 'dd5a4c33-a353-4e74-ad4b-b7feb86f3436' can not be imported. It has no component code and no default component for protections is defined!&#xD;
 E3: Protection 'f2833349-104c-4773-bd03-d71cf54fbdc8' can not be imported. It has no component code and no default component for protections is defined!&#xD;
 E3: Protection 'ID_TAP263' can not be imported. It has no component code and no default component for protections is defined!&#xD;
 E3: Protection 'a56a2b25-7722-4f28-9d5a-500c61abf483' can not be imported. It has no component code and no default component for protections is defined!&#xD;
 E3: Protection '54bd5ee4-5e43-48f1-a310-441dd6b828f5' can not be imported. It has no component code and no default component for protections is defined!&#xD;
 E3: Protection 'c6ec27b9-7058-419c-ab17-a853597e950e' can not be imported. It has no component code and no default component for protections is defined!&#xD;
 E3: Protection 'ID_TAP1093' can not be imported. It has no component code and no default component for protections is defined!&#xD;
 E3: Protection 'ID_TAP1095' can not be imported. It has no component code and no default component for protections is defined!&#xD;
 E3: Protection 'f2f35554-3902-45fc-9f26-9da132adf916' can not be imported. It has no component code and no default component for protections is defined!&#xD;
 E3: Protection 'e4fe3e80-b892-4d24-9c46-61a248573db1' can not be imported. It has no component code and no default component for protections is defined!&#xD;
 E3: Protection '340e32f1-437d-46b1-963e-c74f1af20089' can not be imported. It has no component code and no default component for protections is defined!&#xD;
 E3: Protection 'ID_TAP964' can not be imported. It has no component code and no default component for protections is defined!&#xD;
 E3: Protection 'ID_TAP965' can not be imported. It has no component code and no default component for protections is defined!&#xD;
 E3: Protection '6a9f8b3e-49e3-4aa3-b873-a8eb1787c96a' can not be imported. It has no component code and no default component for protections is defined!&#xD;
 E3: Protection 'ID_TAP1126' can not be imported. It has no component code and no default component for protections is defined!&#xD;
 E3: Protection '725e9c99-23c5-4eaf-8c54-8eed758f05c5' can not be imported. It has no component code and no default component for protections is defined!&#xD;
 E3: Protection 'ID_TAP1124' can not be imported. It has no component code and no default component for protections is defined!&#xD;
 E3: Protection 'ID_TAP1125' can not be imported. It has no component code and no default component for protections is defined!&#xD;
 E3: Protection 'fd152595-6331-4efe-9faa-5fe9b8655276' can not be imported. It has no component code and no default component for protections is defined!&#xD;
 E3: Protection '09008c05-88cf-412b-8e87-934f6eafabe6' can not be imported. It has no component code and no default component for protections is defined!&#xD;
 E3: Protection 'ID_TAP438' can not be imported. It has no component code and no default component for protections is defined!&#xD;
 E3: Protection 'd10e4e01-87f1-42f4-a604-dfdab03fbe61' can not be imported. It has no component code and no default component for protections is defined!&#xD;
 E3: Protection '1ab43fad-bee5-453f-80a4-46c954a4c073' can not be imported. It has no component code and no default component for protections is defined!&#xD;
 E3: Protection 'ID_TAP841' can not be imported. It has no component code and no default component for protections is defined!&#xD;
 E3: Protection 'ID_TAP1028' can not be imported. It has no component code and no default component for protections is defined!&#xD;
 E3: Protection 'ID_TAP1029' can not be imported. It has no component code and no default component for protections is defined!&#xD;
 E3: Protection 'cd72c3f8-ee3c-4648-b42e-815f57c0592d' can not be imported. It has no component code and no default component for protections is defined!&#xD;
 E3: Protection 'ID_TAP1121' can not be imported. It has no component code and no default component for protections is defined!&#xD;
 E3: Protection 'fbee92f6-b7ad-404f-9f9f-b36a4780563d' can not be imported. It has no component code and no default component for protections is defined!&#xD;
 E3: Protection 'f3a82b15-9ceb-49ea-8797-f46929f38012' can not be imported. It has no component code and no default component for protections is defined!&#xD;
 E3: Protection 'ID_TAP1137' can not be imported. It has no component code and no default component for protections is defined!&#xD;
 E3: Protection 'ID_TAP1138' can not be imported. It has no component code and no default component for protections is defined!&#xD;
 E3: Protection 'ID_TAP1135' can not be imported. It has no component code and no default component for protections is defined!&#xD;
 E3: Protection 'ID_TAP1132' can not be imported. It has no component code and no default component for protections is defined!&#xD;
 E3: Protection 'ID_TAP926' can not be imported. It has no component code and no default component for protections is defined!&#xD;
 E3: Protection 'ID_TAP923' can not be imported. It has no component code and no default component for protections is defined!&#xD;
 E3: Protection 'ID_TAP1128' can not be imported. It has no component code and no default component for protections is defined!&#xD;
 E3: Protection 'ID_TAP1129' can not be imported. It has no component code and no default component for protections is defined!&#xD;
 E3: Protection 'ID_TAP938' can not be imported. It has no component code and no default component for protections is defined!&#xD;
 E3: Protection 'ID_TAP935' can not be imported. It has no component code and no default component for protections is defined!&#xD;
 E3: Protection 'd72b2f33-e769-497c-bf2b-aae8b77019b0' can not be imported. It has no component code and no default component for protections is defined!&#xD;
 E3: Protection '8ff44981-78d2-4aa8-9edf-fbb0d79088ab' can not be imported. It has no component code and no default component for protections is defined!&#xD;
 E3: Protection 'ID_TAP1490' can not be imported. It has no component code and no default component for protections is defined!&#xD;
 E3: Protection 'ID_TAP957' can not be imported. It has no component code and no default component for protections is defined!&#xD;
 E3: Protection 'ID_TAP746' can not be imported. It has no component code and no default component for protections is defined!&#xD;
 E3: Protection 'ID_TAP745' can not be imported. It has no component code and no default component for protections is defined!&#xD;
 E3: Protection 'ID_TAP748' can not be imported. It has no component code and no default component for protections is defined!&#xD;
 E3: Protection 'ID_TAP749' can not be imported. It has no component code and no default component for protections is defined!&#xD;
 E3: Protection 'ID_TAP443' can not be imported. It has no component code and no default component for protections is defined!&#xD;
 E3: Protection 'ID_TAP444' can not be imported. It has no component code and no default component for protections is defined!&#xD;
 E3: Protection '31a6b2a2-2bf6-4d0f-89e6-ff5f80136206' can not be imported. It has no component code and no default component for protections is defined!&#xD;
 E3: Protection 'dcdd9ce1-ec61-47cb-9cae-3ca86f3854cf' can not be imported. It has no component code and no default component for protections is defined!&#xD;
 E3: Protection '084d8510-811f-44f8-a498-d18cae28e4a4' can not be imported. It has no component code and no default component for protections is defined!&#xD;
 E3: Protection 'ID_TAP1492' can not be imported. It has no component code and no default component for protections is defined!&#xD;
 E3: Protection 'ID_TAP1494' can not be imported. It has no component code and no default component for protections is defined!&#xD;
 E3: Protection 'ID_TAP927' can not be imported. It has no component code and no default component for protections is defined!&#xD;
 E3: Protection 'd9301bb6-24e1-4e5d-94c5-921d15856b1c' can not be imported. It has no component code and no default component for protections is defined!&#xD;
 E3: Protection '027aec5e-c449-451c-9935-4ce95cc0a329' can not be imported. It has no component code and no default component for protections is defined!&#xD;
 E3: Protection 'd5096a52-5259-41ab-b33e-3c690f272ddf' can not be imported. It has no component code and no default component for protections is defined!&#xD;
 E3: Protection 'ID_TAP1331' can not be imported. It has no component code and no default component for protections is defined!&#xD;
 E3: Protection 'ID_TAP884' can not be imported. It has no component code and no default component for protections is defined!&#xD;
 E3: Protection 'e4104e39-d1a6-4472-8744-06e92864337d' can not be imported. It has no component code and no default component for protections is defined!&#xD;
 E3: Protection 'ID_TAP1376' can not be imported. It has no component code and no default component for protections is defined!&#xD;
 E3: Protection 'ID_TAP1377' can not be imported. It has no component code and no default component for protections is defined!&#xD;
 E3: Protection 'ID_TAP880' can not be imported. It has no component code and no default component for protections is defined!&#xD;
 E3: Protection 'ID_TAP430' can not be imported. It has no component code and no default component for protections is defined!&#xD;
 E3: Protection '3e586694-d5ab-4086-9aaa-0d21828f41ac' can not be imported. It has no component code and no default component for protections is defined!&#xD;
 E3: Protection 'ID_TAP797' can not be imported. It has no component code and no default component for protections is defined!&#xD;
 E3: Protection '92573920-7415-4090-b5a3-88d0f29f59f0' can not be imported. It has no component code and no default component for protections is defined!&#xD;
 E3: Protection 'baaa906b-7fa2-435b-9e23-cbafa720c09f' can not be imported. It has no component code and no default component for protections is defined!&#xD;
 E3: Protection '22b2e515-8fb0-4b12-8b6c-378b11cb0a35' can not be imported. It has no component code and no default component for protections is defined!&#xD;
 E3: Protection 'cc232e5d-4159-4bcf-ab76-3bf45dff0046' can not be imported. It has no component code and no default component for protections is defined!&#xD;
 E3: Protection '5adc5a4e-d775-4551-8a44-6f772a87c7cc' can not be imported. It has no component code and no default component for protections is defined!&#xD;
 E3: Protection '35ec0da9-2a6a-41dc-8432-0c77ba7bdda0' can not be imported. It has no component code and no default component for protections is defined!&#xD;
 E3: Protection '01698fb2-4be0-4736-8a94-d0dffb117296' can not be imported. It has no component code and no default component for protections is defined!&#xD;
 E3: Protection 'ID_TAP796' can not be imported. It has no component code and no default component for protections is defined!&#xD;
 E3: Protection '6289cf28-bfc1-4b1e-b999-4bd66a94bce7' can not be imported. It has no component code and no default component for protections is defined!&#xD;
 E3: Protection 'd5d884cb-bbcf-4bb3-bc5c-1efca476a79e' can not be imported. It has no component code and no default component for protections is defined!&#xD;
 E3: Protection 'b0301c13-adfe-47ce-950f-c6cb37785420' can not be imported. It has no component code and no default component for protections is defined!&#xD;
 E3: Protection '0e03d934-18fb-4a18-8cca-969cb82ce767' can not be imported. It has no component code and no default component for protections is defined!&#xD;
 E3: Protection 'ID_TAP1525' can not be imported. It has no component code and no default component for protections is defined!&#xD;
 E3: Protection 'ID_TAP792' can not be imported. It has no component code and no default component for protections is defined!&#xD;
 E3: Protection 'ID_TAP700' can not be imported. It has no component code and no default component for protections is defined!&#xD;
 E3: Protection 'ID_TAP179' can not be imported. It has no component code and no default component for protections is defined!&#xD;
 E3: Protection 'ID_TAP180' can not be imported. It has no component code and no default component for protections is defined!&#xD;
 E3: Protection 'ID_TAP177' can not be imported. It has no component code and no default component for protections is defined!&#xD;
 E3: Protection 'ID_TAP174' can not be imported. It has no component code and no default component for protections is defined!&#xD;
 E3: Protection 'ID_TAP171' can not be imported. It has no component code and no default component for protections is defined!&#xD;
 E3: Protection 'ID_TAP168' can not be imported. It has no component code and no default component for protections is defined!&#xD;
 E3: Protection 'ID_TAP165' can not be imported. It has no component code and no default component for protections is defined!&#xD;
 E3: Protection 'ID_TAP162' can not be imported. It has no component code and no default component for protections is defined!&#xD;
 E3: Protection 'ID_TAP1526' can not be imported. It has no component code and no default component for protections is defined!&#xD;
 E3: Protection '140b1423-91f3-4e1a-bc18-8dca6cd478d5' can not be imported. It has no component code and no default component for protections is defined!&#xD;
 E3: Protection '21386b58-778a-4f6c-9377-9e251c5070c5' can not be imported. It has no component code and no default component for protections is defined!&#xD;
 E3: Protection 'b4023e59-53c8-4e9b-bd88-625acd9921f3' can not be imported. It has no component code and no default component for protections is defined!&#xD;
 E3: Protection '83b4de0a-19c3-4448-b26f-34cff1df8676' can not be imported. It has no component code and no default component for protections is defined!&#xD;
 E3: Protection 'a4e4ca16-9b22-4b45-bdce-cd4610eb8e10' can not be imported. It has no component code and no default component for protections is defined!&#xD;
 E3: Protection 'ec3e02a5-dba4-4045-8c40-e3def66579d2' can not be imported. It has no component code and no default component for protections is defined!&#xD;
 E3: Protection 'ID_TAP188' can not be imported. It has no component code and no default component for protections is defined!&#xD;
 E3: Protection 'ID_TAP183' can not be imported. It has no component code and no default component for protections is defined!&#xD;
 E3: Protection '9eeed9ab-f3c9-4443-9698-392048cc193b' can not be imported. It has no component code and no default component for protections is defined!&#xD;
 E3: Protection 'a5a9c818-3dd2-4c49-a4b8-2621f50e7490' can not be imported. It has no component code and no default component for protections is defined!&#xD;
 E3: Protection 'ID_TAP1072' can not be imported. It has no component code and no default component for protections is defined!&#xD;
 E3: Protection 'ID_TAP1323' can not be imported. It has no component code and no default component for protections is defined!&#xD;
 E3: Protection 'ID_TAP1324' can not be imported. It has no component code and no default component for protections is defined!&#xD;
 E3: Protection '1b7c8422-8f38-4649-a7eb-5e1ddab89dce' can not be imported. It has no component code and no default component for protections is defined!&#xD;
 E3: Protection 'c53967a4-dec3-4e9a-b25f-d78113846957' can not be imported. It has no component code and no default component for protections is defined!&#xD;
 E3: Protection 'aac4d386-afd8-4034-a215-771dfb248b2f' can not be imported. It has no component code and no default component for protections is defined!&#xD;
 E3: Protection 'ID_TAP1313' can not be imported. It has no component code and no default component for protections is defined!&#xD;
 E3: Protection 'ID_TAP1314' can not be imported. It has no component code and no default component for protections is defined!&#xD;
 E3: Protection 'fdd2e71f-6859-450c-a65a-a780938b06ff' can not be imported. It has no component code and no default component for protections is defined!&#xD;
 E3: Protection '96b460b7-1af5-4ee5-96ff-12c74e14bf62' can not be imported. It has no component code and no default component for protections is defined!&#xD;
 E3: Protection 'ID_TAP407' can not be imported. It has no component code and no default component for protections is defined!&#xD;
 E3: Protection 'ID_TAP409' can not be imported. It has no component code and no default component for protections is defined!&#xD;
 E3: Protection 'ID_TAP410' can not be imported. It has no component code and no default component for protections is defined!&#xD;
 E3: Protection '257e8673-edba-4c61-ac29-b908f953cab0' can not be imported. It has no component code and no default component for protections is defined!&#xD;
 E3: Protection 'ID_TAP558' can not be imported. It has no component code and no default component for protections is defined!&#xD;
 E3: Protection 'ID_TAP559' can not be imported. It has no component code and no default component for protections is defined!&#xD;
 E3: Protection '158b064d-7d79-408d-8cd8-56b5bdc12d6e' can not be imported. It has no component code and no default component for protections is defined!&#xD;
 E3: Protection '939ab5b1-1b37-497d-9b20-69250d671495' can not be imported. It has no component code and no default component for protections is defined!&#xD;
 E3: Protection '0ff5b6bd-faa5-4736-9287-be16172cdbe1' can not be imported. It has no component code and no default component for protections is defined!&#xD;
 E3: Protection '1e342c27-490b-4c95-a813-46e39b144a1c' can not be imported. It has no component code and no default component for protections is defined!&#xD;
 E3: Protection 'f9da69fa-d370-425b-8ca4-e521df28b568' can not be imported. It has no component code and no default component for protections is defined!&#xD;
 E3: Protection 'b647a1d7-c818-4b60-9a50-1c719dc721c6' can not be imported. It has no component code and no default component for protections is defined!&#xD;
 E3: Protection 'fa3637c3-2662-41b2-85a8-beeeb667c492' can not be imported. It has no component code and no default component for protections is defined!&#xD;
 E3: Protection 'a56110d9-b23a-485e-9553-852f48ae3122' can not be imported. It has no component code and no default component for protections is defined!&#xD;
 E3: Protection 'f7c6dfbe-63bc-4c1b-ba4b-5b477c706b8a' can not be imported. It has no component code and no default component for protections is defined!&#xD;
 E3: Protection 'ID_TAP816' can not be imported. It has no component code and no default component for protections is defined!&#xD;
 E3: Protection 'ID_TAP817' can not be imported. It has no component code and no default component for protections is defined!&#xD;
 E3: Protection 'ID_TAP1412' can not be imported. It has no component code and no default component for protections is defined!&#xD;
 E3: Protection 'ID_TAP1413' can not be imported. It has no component code and no default component for protections is defined!&#xD;
 E3: Protection 'ID_TAP1355' can not be imported. It has no component code and no default component for protections is defined!&#xD;
 E3: Protection 'ff53f878-397a-43ce-85de-6e39302ccbc8' can not be imported. It has no component code and no default component for protections is defined!&#xD;
 E3: Protection 'e843b1ad-9735-49e7-9c4f-eb96131d8a33' can not be imported. It has no component code and no default component for protections is defined!&#xD;
 E3: Protection '4f698f1c-2d2a-4698-8d0d-adefe47795c2' can not be imported. It has no component code and no default component for protections is defined!&#xD;
 E3: Protection '43fabe6d-5d2b-4c95-b096-e4597c7ce647' can not be imported. It has no component code and no default component for protections is defined!&#xD;
 E3: Protection 'ae095ca7-47d8-4e32-9185-791efa298189' can not be imported. It has no component code and no default component for protections is defined!&#xD;
 E3: Protection '92c1129d-2fe1-4588-9f5a-2f2759e7aaba' can not be imported. It has no component code and no default component for protections is defined!&#xD;
 E3: Protection '00fe218a-393e-4499-a7a5-5d848da30146' can not be imported. It has no component code and no default component for protections is defined!&#xD;
 E3: Protection '25cd8309-4431-45ab-94fe-d47868b9d306' can not be imported. It has no component code and no default component for protections is defined!&#xD;
 E3: Protection 'ID_TAP397' can not be imported. It has no component code and no default component for protections is defined!&#xD;
 E3: Protection '63b9067b-f081-408a-b558-174cadfa1017' can not be imported. It has no component code and no default component for protections is defined!&#xD;
 E3: Protection '4a9e658b-94cc-445a-945a-05e50c4cb95c' can not be imported. It has no component code and no default component for protections is defined!&#xD;
 E3: Protection 'ID_TAP1162' can not be imported. It has no component code and no default component for protections is defined!&#xD;
 E3: Protection 'ID_TAP1163' can not be imported. It has no component code and no default component for protections is defined!&#xD;
 E3: Protection '2c7e0ab8-ec89-4885-a7c2-831f0d6a092e' can not be imported. It has no component code and no default component for protections is defined!&#xD;
 E3: Protection 'ID_TAP1115' can not be imported. It has no component code and no default component for protections is defined!&#xD;
 E3: Protection 'ID_TAP1116' can not be imported. It has no component code and no default component for protections is defined!&#xD;
 E3: Protection '8c81e498-e3eb-41d2-b5e7-cb32b5c1e1c9' can not be imported. It has no component code and no default component for protections is defined!&#xD;
 E3: Protection '35e62abd-cac0-4d09-9aff-3dc13b202ee0' can not be imported. It has no component code and no default component for protections is defined!&#xD;
 E3: Protection 'a4cbd0f9-25bf-4fe8-aabb-66e11cdabe10' can not be imported. It has no component code and no default component for protections is defined!&#xD;
 E3: Protection 'ID_TAP384' can not be imported. It has no component code and no default component for protections is defined!&#xD;
 E3: Protection 'ID_TAP467' can not be imported. It has no component code and no default component for protections is defined!&#xD;
 E3: Protection 'ID_TAP654' can not be imported. It has no component code and no default component for protections is defined!&#xD;
 E3: Protection '7a7a4abf-c2d7-4657-a260-52c8d5fd9f4f' can not be imported. It has no component code and no default component for protections is defined!&#xD;
 E3: Protection 'ID_TAP492' can not be imported. It has no component code and no default component for protections is defined!&#xD;
 E3: Protection '89bad7d3-38fe-473d-a1d3-c5780975f184' can not be imported. It has no component code and no default component for protections is defined!&#xD;
 E3: Protection 'ID_TAP814' can not be imported. It has no component code and no default component for protections is defined!&#xD;
 E3: Protection 'c6e4c960-e175-462e-b121-61fa90ae74ec' can not be imported. It has no component code and no default component for protections is defined!&#xD;
 E3: Protection '0a6b9713-d109-4fe3-a0d5-5bf7060d83c5' can not be imported. It has no component code and no default component for protections is defined!&#xD;
 E3: Protection 'ad514c56-0df1-4d15-9a8b-e27bf7fc1998' can not be imported. It has no component code and no default component for protections is defined!&#xD;
 E3: Protection '60596819-d2f8-4a46-9b3f-639553716abd' can not be imported. It has no component code and no default component for protections is defined!&#xD;
 E3: Protection 'ID_TAP328' can not be imported. It has no component code and no default component for protections is defined!&#xD;
 E3: Protection 'b1319aaa-86eb-4747-9ebd-61c00d6c813f' can not be imported. It has no component code and no default component for protections is defined!&#xD;
 E3: Protection '5079f51f-1575-4fb1-b3c4-dbc1613915cc' can not be imported. It has no component code and no default component for protections is defined!&#xD;
 E3: Protection 'ID_TAP1290' can not be imported. It has no component code and no default component for protections is defined!&#xD;
 E3: Protection 'ID_TAP1145' can not be imported. It has no component code and no default component for protections is defined!&#xD;
 E3: Protection 'ID_TAP497' can not be imported. It has no component code and no default component for protections is defined!&#xD;
 E3: Protection 'ID_TAP524' can not be imported. It has no component code and no default component for protections is defined!&#xD;
 E3: Protection 'f92823fd-ec1d-4d24-81a0-96b1b0ac9a90' can not be imported. It has no component code and no default component for protections is defined!&#xD;
 E3: Protection 'ID_TAP1088' can not be imported. It has no component code and no default component for protections is defined!&#xD;
 E3: Protection 'ID_TAP1087' can not be imported. It has no component code and no default component for protections is defined!&#xD;
 E3: Protection 'ID_TAP763' can not be imported. It has no component code and no default component for protections is defined!&#xD;
 E3: Protection 'c4abceb5-d0ed-4548-bbd4-54d663ef5bdc' can not be imported. It has no component code and no default component for protections is defined!&#xD;
 E3: Protection 'bc9b2d38-eddf-49d1-b07b-c1574194cb8f' can not be imported. It has no component code and no default component for protections is defined!&#xD;
 E3: Protection 'ID_TAP78' can not be imported. It has no component code and no default component for protections is defined!&#xD;
 E3: Protection 'ID_TAP79' can not be imported. It has no component code and no default component for protections is defined!&#xD;
 E3: Protection '539876e5-1784-4521-8857-dac9f6f4b148' can not be imported. It has no component code and no default component for protections is defined!&#xD;
 E3: Protection 'ID_TAP1146' can not be imported. It has no component code and no default component for protections is defined!&#xD;
 E3: Protection 'ID_TAP74' can not be imported. It has no component code and no default component for protections is defined!&#xD;
 E3: Protection '3e998541-89c7-41d1-acd6-2cfd1d76c875' can not be imported. It has no component code and no default component for protections is defined!&#xD;
 E3: Protection '43bb9ff6-830d-4b38-8968-4c28b92296e0' can not be imported. It has no component code and no default component for protections is defined!&#xD;
 E3: Protection 'ID_TAP525' can not be imported. It has no component code and no default component for protections is defined!&#xD;
 E3: Protection '490541b0-a5bc-405d-94d5-e9a5d9dd5f05' can not be imported. It has no component code and no default component for protections is defined!&#xD;
 E3: Protection 'f965145c-7d51-4e37-ba7c-769377e54fb3' can not be imported. It has no component code and no default component for protections is defined!&#xD;
 E3: Protection '5081dd83-52dc-4f23-a1c5-4e65fc6482b1' can not be imported. It has no component code and no default component for protections is defined!&#xD;
 E3: Protection 'ID_TAP518' can not be imported. It has no component code and no default component for protections is defined!&#xD;
 E3: Protection 'c53249d7-d1d0-44ed-a159-acfa88974701' can not be imported. It has no component code and no default component for protections is defined!&#xD;
 E3: Protection '78a71154-eb7a-45e3-832a-aec6f5c1fb05' can not be imported. It has no component code and no default component for protections is defined!&#xD;
 E3: Protection 'c4e7b38a-79af-4e0a-aba9-1c2ef1af4284' can not be imported. It has no component code and no default component for protections is defined!&#xD;
 E3: Protection 'ID_TAP1433' can not be imported. It has no component code and no default component for protections is defined!&#xD;
 E3: Protection 'ID_TAP1432' can not be imported. It has no component code and no default component for protections is defined!&#xD;
 E3: Protection 'ID_TAP267' can not be imported. It has no component code and no default component for protections is defined!&#xD;
 E3: Protection 'ID_TAP266' can not be imported. It has no component code and no default component for protections is defined!&#xD;
 E3: Protection 'ID_TAP209' can not be imported. It has no component code and no default component for protections is defined!&#xD;
 E3: Protection 'ID_TAP210' can not be imported. It has no component code and no default component for protections is defined!&#xD;
 E3: Protection 'ID_TAP56' can not be imported. It has no component code and no default component for protections is defined!&#xD;
 E3: Protection 'ID_TAP53' can not be imported. It has no component code and no default component for protections is defined!&#xD;
 E3: Protection 'ID_TAP55' can not be imported. It has no component code and no default component for protections is defined!&#xD;
 E3: Protection 'ID_TAP60' can not be imported. It has no component code and no default component for protections is defined!&#xD;
 E3: Protection 'ID_TAP58' can not be imported. It has no component code and no default component for protections is defined!&#xD;
 E3: Protection 'ID_TAP751' can not be imported. It has no component code and no default component for protections is defined!&#xD;
 E3: Protection '5ed95a8c-7c4c-49e5-9fba-6a0b0aad12a6' can not be imported. It has no component code and no default component for protections is defined!&#xD;
 E3: Protection 'ID_TAP1346' can not be imported. It has no component code and no default component for protections is defined!&#xD;
 E3: Protection 'ID_TAP1347' can not be imported. It has no component code and no default component for protections is defined!&#xD;
 E3: Protection 'a7484562-5bec-4f89-a7da-fe050eb4f593' can not be imported. It has no component code and no default component for protections is defined!&#xD;
 E3: Protection '7d1322c4-1006-441c-9af7-87559c88fe76' can not be imported. It has no component code and no default component for protections is defined!&#xD;
 E3: Protection 'ID_TAP913' can not be imported. It has no component code and no default component for protections is defined!&#xD;
 E3: Protection 'ID_TAP1317' can not be imported. It has no component code and no default component for protections is defined!&#xD;
 E3: Protection '048f5224-bbac-47d3-9d83-ccbc260dabae' can not be imported. It has no component code and no default component for protections is defined!&#xD;
 E3: Protection 'ID_TAP233' can not be imported. It has no component code and no default component for protections is defined!&#xD;
 E3: Protection 'd21ce5a9-9d29-4d07-ab2c-9193c6bf7814' can not be imported. It has no component code and no default component for protections is defined!&#xD;
 E3: Protection 'ID_TAP1384' can not be imported. It has no component code and no default component for protections is defined!&#xD;
 E3: Protection 'ID_TAP1385' can not be imported. It has no component code and no default component for protections is defined!&#xD;
 E3: Protection '2bd52344-a739-4acb-a608-c5323826fcc9' can not be imported. It has no component code and no default component for protections is defined!&#xD;
 E3: Protection 'ID_TAP1379' can not be imported. It has no component code and no default component for protections is defined!&#xD;
 E3: Protection '9ac8ed30-9a73-4861-900f-1cc2e1db06d2' can not be imported. It has no component code and no default component for protections is defined!&#xD;
 E3: Protection '70da7cdd-defd-414c-af6e-67327e45bf76' can not be imported. It has no component code and no default component for protections is defined!&#xD;
 E3: Protection 'a70917b8-d005-4357-9c53-45f06ba85664' can not be imported. It has no component code and no default component for protections is defined!&#xD;
 E3: Protection 'ID_TAP914' can not be imported. It has no component code and no default component for protections is defined!&#xD;
 E3: Protection 'ID_TAP1388' can not be imported. It has no component code and no default component for protections is defined!&#xD;
 E3: Protection '26aba2f0-8a52-40ee-ba20-b34a502c9b75' can not be imported. It has no component code and no default component for protections is defined!&#xD;
 E3: Protection 'd9552795-3205-46a2-9a83-41448535e04d' can not be imported. It has no component code and no default component for protections is defined!&#xD;
 E3: Protection 'c5bd464c-b64e-4c6b-ba99-fecc0bb35d9c' can not be imported. It has no component code and no default component for protections is defined!&#xD;
 E3: Protection 'ID_TAP1348' can not be imported. It has no component code and no default component for protections is defined!&#xD;
 E3: Protection 'ID_TAP694' can not be imported. It has no component code and no default component for protections is defined!&#xD;
 E3: Protection '09ac502b-e14d-4149-a217-d6035366123e' can not be imported. It has no component code and no default component for protections is defined!&#xD;
 E3: Protection 'ID_TAP1382' can not be imported. It has no component code and no default component for protections is defined!&#xD;
 E3: Protection 'ID_TAP1381' can not be imported. It has no component code and no default component for protections is defined!&#xD;
 E3: Protection 'c9a79173-a90b-486d-a303-7f31d585e8ba' can not be imported. It has no component code and no default component for protections is defined!&#xD;
 E3: Protection 'ID_TAP695' can not be imported. It has no component code and no default component for protections is defined!&#xD;
 E3: Protection 'ID_TAP262' can not be imported. It has no component code and no default component for protections is defined!&#xD;
 E3: Protection 'f3f957c8-4598-4fa1-93ce-c4a52d52c56f' can not be imported. It has no component code and no default component for protections is defined!&#xD;
 E3: Protection '2037fdfa-2943-4671-8339-ba31cb4522bf' can not be imported. It has no component code and no default component for protections is defined!&#xD;
 E3: Protection '37e96c75-d21a-4ec7-97c3-eb2268b63743' can not be imported. It has no component code and no default component for protections is defined!&#xD;
 E3: Protection 'f46cc521-13be-4bd0-8014-621b1fb04259' can not be imported. It has no component code and no default component for protections is defined!&#xD;
 E3: Protection 'd6acfb5e-5aec-4e9a-b702-f2a6f9ccff8c' can not be imported. It has no component code and no default component for protections is defined!&#xD;
 E3: Protection 'babaf1c1-52bf-4f1f-82f1-e5c812a50839' can not be imported. It has no component code and no default component for protections is defined!&#xD;
 E3: Protection '5f8de7bb-bf7c-4c85-995d-c68fc264b27a' can not be imported. It has no component code and no default component for protections is defined!&#xD;
 E3: Protection 'e1549fc6-b8fc-46d5-a0b2-120b865c6912' can not be imported. It has no component code and no default component for protections is defined!&#xD;
 E3: Protection 'ID_TAP1343' can not be imported. It has no component code and no default component for protections is defined!&#xD;
 E3: Protection 'ID_TAP1344' can not be imported. It has no component code and no default component for protections is defined!&#xD;
 E3: Protection 'e8839ff3-9a3a-4a23-bd2b-bdaf1f53e0ff' can not be imported. It has no component code and no default component for protections is defined!&#xD;
 E3: Protection '662c4476-3b53-4910-be23-6a88d1e05a31' can not be imported. It has no component code and no default component for protections is defined!&#xD;
 E3: Protection 'ID_TAP696' can not be imported. It has no component code and no default component for protections is defined!&#xD;
 E3: Protection 'ID_TAP1311' can not be imported. It has no component code and no default component for protections is defined!&#xD;
 E3: Protection 'ID_TAP1310' can not be imported. It has no component code and no default component for protections is defined!&#xD;
 E3: Protection 'ff9a9fc2-a7f5-4eaf-8ccc-38a8c6dfa824' can not be imported. It has no component code and no default component for protections is defined!&#xD;
 E3: Protection 'f037a6f2-279b-4ad1-8e37-f272c241ee79' can not be imported. It has no component code and no default component for protections is defined!&#xD;
 E3: Protection '7483ec82-775b-4319-81b7-248f919deacf' can not be imported. It has no component code and no default component for protections is defined!&#xD;
 E3: Protection 'f55dbcab-4c93-47c1-b921-29ef1ac13f03' can not be imported. It has no component code and no default component for protections is defined!&#xD;
 E3: Protection '62d996b9-08df-476b-8070-8581ea616009' can not be imported. It has no component code and no default component for protections is defined!&#xD;
 E3: Protection 'd2c363c7-13e5-4df2-a268-90bf95d976bb' can not be imported. It has no component code and no default component for protections is defined!&#xD;
 E3: Protection 'b2aecdda-8358-47df-b74c-31fb25899323' can not be imported. It has no component code and no default component for protections is defined!&#xD;
 E3: Protection '6d1c4294-ed47-401d-92ff-2ddfa55807c6' can not be imported. It has no component code and no default component for protections is defined!&#xD;
 E3: Protection 'd1fbad55-9769-4980-b122-a5f986b70b61' can not be imported. It has no component code and no default component for protections is defined!&#xD;
 E3: Protection 'ID_TAP273' can not be imported. It has no component code and no default component for protections is defined!&#xD;
 E3: Protection '766a415e-8527-4ee3-83cf-c758a97accd2' can not be imported. It has no component code and no default component for protections is defined!&#xD;
 E3: Protection 'affac20a-baac-4799-982f-7fa4a838549d' can not be imported. It has no component code and no default component for protections is defined!&#xD;
 E3: Protection '1ac69c67-1c80-4e30-b78f-eab9b7e98fe8' can not be imported. It has no component code and no default component for protections is defined!&#xD;
 E3: Protection '025145f9-5da7-4c28-8fb7-d8cd1dc01ce4' can not be imported. It has no component code and no default component for protections is defined!&#xD;
 E3: Protection 'ID_TAP252' can not be imported. It has no component code and no default component for protections is defined!&#xD;
 E3: Protection 'ID_TAP539' can not be imported. It has no component code and no default component for protections is defined!&#xD;
 E3: Protection 'ID_TAP540' can not be imported. It has no component code and no default component for protections is defined!&#xD;
 E3: Protection 'ID_TAP120' can not be imported. It has no component code and no default component for protections is defined!&#xD;
 E3: Protection 'ID_TAP123' can not be imported. It has no component code and no default component for protections is defined!&#xD;
 E3: Protection '51c8befe-4a2a-4979-a4c7-5aa043724014' can not be imported. It has no component code and no default component for protections is defined!&#xD;
 E3: Protection '78253ea9-3983-49bc-84ef-bf12da9f4bc2' can not be imported. It has no component code and no default component for protections is defined!&#xD;
 E3: Protection 'ID_TAP1407' can not be imported. It has no component code and no default component for protections is defined!&#xD;
 E3: Protection 'ID_TAP1408' can not be imported. It has no component code and no default component for protections is defined!&#xD;
 E3: Protection 'ID_TAP888' can not be imported. It has no component code and no default component for protections is defined!&#xD;
 E3: Protection 'ID_TAP889' can not be imported. It has no component code and no default component for protections is defined!&#xD;
 E3: Protection '73861187-87a6-4758-a3da-0fbeddbed0a7' can not be imported. It has no component code and no default component for protections is defined!&#xD;
 E3: Protection 'ID_TAP1186' can not be imported. It has no component code and no default component for protections is defined!&#xD;
 E3: Protection 'ID_TAP1187' can not be imported. It has no component code and no default component for protections is defined!&#xD;
 E3: Protection 'b72e5fcd-3ca1-4269-9e4b-0b577c8d8937' can not be imported. It has no component code and no default component for protections is defined!&#xD;
 E3: Protection 'ID_TAP1446' can not be imported. It has no component code and no default component for protections is defined!&#xD;
 E3: Protection 'ID_TAP1447' can not be imported. It has no component code and no default component for protections is defined!&#xD;
 E3: Protection 'ID_TAP152' can not be imported. It has no component code and no default component for protections is defined!&#xD;
 E3: Protection 'ID_TAP1369' can not be imported. It has no component code and no default component for protections is defined!&#xD;
 E3: Protection 'ID_TAP1370' can not be imported. It has no component code and no default component for protections is defined!&#xD;
 E3: Protection 'f2cfdb68-dab5-48f9-bb69-c6885153d5b0' can not be imported. It has no component code and no default component for protections is defined!&#xD;
 E3: Protection 'afd856e6-7936-4476-bd56-95471e1d4fea' can not be imported. It has no component code and no default component for protections is defined!&#xD;
 E3: Protection 'ID_TAP82' can not be imported. It has no component code and no default component for protections is defined!&#xD;
 E3: Protection 'd3a3566e-6f68-4eff-8f27-a6b0c610c15f' can not be imported. It has no component code and no default component for protections is defined!&#xD;
 E3: Protection '5aee0709-e258-4e82-9916-7f3ec04a6fcf' can not be imported. It has no component code and no default component for protections is defined!&#xD;
 E3: Protection 'ba257081-0cdc-4584-86ec-f6c2a6d6895b' can not be imported. It has no component code and no default component for protections is defined!&#xD;
 E3: Protection 'ID_TAP1113' can not be imported. It has no component code and no default component for protections is defined!&#xD;
 E3: Protection 'ID_TAP1461' can not be imported. It has no component code and no default component for protections is defined!&#xD;
 E3: Protection 'ID_TAP1499' can not be imported. It has no component code and no default component for protections is defined!&#xD;
 E3: Protection 'ID_TAP1500' can not be imported. It has no component code and no default component for protections is defined!&#xD;
 E3: Protection 'ID_TAP1501' can not be imported. It has no component code and no default component for protections is defined!&#xD;
 E3: Protection 'e12e280e-35da-4335-ae9b-39bfe4a2e0ca' can not be imported. It has no component code and no default component for protections is defined!&#xD;
 E3: Protection 'ef19be40-0cc9-47c5-8343-3fda75296f6a' can not be imported. It has no component code and no default component for protections is defined!&#xD;
 E3: Protection 'ID_TAP379' can not be imported. It has no component code and no default component for protections is defined!&#xD;
 E3: Protection 'ID_TAP372' can not be imported. It has no component code and no default component for protections is defined!&#xD;
 E3: Protection '3af9f301-41de-4638-8b0f-0ee309d12333' can not be imported. It has no component code and no default component for protections is defined!&#xD;
 E3: Protection 'ID_TAP862' can not be imported. It has no component code and no default component for protections is defined!&#xD;
 E3: Protection 'ID_TAP867' can not be imported. It has no component code and no default component for protections is defined!&#xD;
 E3: Protection '05788043-e99b-4a80-ba51-98d15db9ea23' can not be imported. It has no component code and no default component for protections is defined!&#xD;
 E3: Protection '5163c7dd-b656-42cc-96cb-a8e04a259a4c' can not be imported. It has no component code and no default component for protections is defined!&#xD;
 E3: Protection '106e8035-8029-42ab-9574-7798e8a209fa' can not be imported. It has no component code and no default component for protections is defined!&#xD;
 E3: Protection 'ID_TAP2' can not be imported. It has no component code and no default component for protections is defined!&#xD;
 E3: Protection 'ID_TAP1486' can not be imported. It has no component code and no default component for protections is defined!&#xD;
 E3: Protection 'ID_TAP1487' can not be imported. It has no component code and no default component for protections is defined!&#xD;
 E3: Protection 'ID_TAP1250' can not be imported. It has no component code and no default component for protections is defined!&#xD;
 E3: Protection 'ID_TAP729' can not be imported. It has no component code and no default component for protections is defined!&#xD;
 E3: Protection 'ID_TAP429' can not be imported. It has no component code and no default component for protections is defined!&#xD;
 E3: Protection 'ID_TAP417' can not be imported. It has no component code and no default component for protections is defined!&#xD;
 E3: Protection '2e74786d-6c09-4275-b018-ec0c1355ee15' can not be imported. It has no component code and no default component for protections is defined!&#xD;
 E3: Protection 'b6cfb27b-b40e-4e57-b0a3-efb715c02d20' can not be imported. It has no component code and no default component for protections is defined!&#xD;
 E3: Protection '7901755a-63a8-4a3f-82e9-61ea89ff7100' can not be imported. It has no component code and no default component for protections is defined!&#xD;
 E3: Protection '13d410c3-bf06-47a9-9036-3aeae4ea57d5' can not be imported. It has no component code and no default component for protections is defined!&#xD;
 E3: Protection 'ID_TAP1444' can not be imported. It has no component code and no default component for protections is defined!&#xD;
 E3: Protection '45b9cfa6-365e-436e-a7fe-367ab953bb3d' can not be imported. It has no component code and no default component for protections is defined!&#xD;
 E3: Protection '3947d5d7-3c85-4dab-9cea-d5d22a3686b4' can not be imported. It has no component code and no default component for protections is defined!&#xD;
 E3: Protection '376c9553-21eb-4add-8704-60aa82d820cd' can not be imported. It has no component code and no default component for protections is defined!&#xD;
 E3: Protection '06076462-9c13-4ed1-9e28-23d28afe746d' can not be imported. It has no component code and no default component for protections is defined!&#xD;
 E3: Protection 'fd819d14-1711-4117-ace6-9abcd5b7acba' can not be imported. It has no component code and no default component for protections is defined!&#xD;
 E3: Protection 'e67cb7ce-a87d-446e-93b9-5320d800c505' can not be imported. It has no component code and no default component for protections is defined!&#xD;
 E3: Protection '785da35c-e22a-4846-9919-0fff3e68762a' can not be imported. It has no component code and no default component for protections is defined!&#xD;
 E3: Protection 'ID_TAP1519' can not be imported. It has no component code and no default component for protections is defined!&#xD;
 E3: Protection 'ID_TAP1440' can not be imported. It has no component code and no default component for protections is defined!&#xD;
 E3: Protection 'ID_TAP1442' can not be imported. It has no component code and no default component for protections is defined!&#xD;
 E3: Protection 'ID_TAP1443' can not be imported. It has no component code and no default component for protections is defined!&#xD;
 E3: Protection 'ID_TAP1155' can not be imported. It has no component code and no default component for protections is defined!&#xD;
 E3: Protection '5d6f82dd-f957-4a46-a8dc-e7c218f78427' can not be imported. It has no component code and no default component for protections is defined!&#xD;
 E3: Protection 'ee0c9c87-50b6-4d53-a2ff-76a98da83425' can not be imported. It has no component code and no default component for protections is defined!&#xD;
 E3: Protection 'ID_TAP6' can not be imported. It has no component code and no default component for protections is defined!&#xD;
 E3: Protection 'ID_TAP7' can not be imported. It has no component code and no default component for protections is defined!&#xD;
 E3: Protection 'ID_TAP10' can not be imported. It has no component code and no default component for protections is defined!&#xD;
 E3: Protection 'ID_TAP314' can not be imported. It has no component code and no default component for protections is defined!&#xD;
 E3: Protection 'ID_TAP315' can not be imported. It has no component code and no default component for protections is defined!&#xD;
 E3: Protection 'ID_TAP312' can not be imported. It has no component code and no default component for protections is defined!&#xD;
 E3: Protection 'ID_TAP11' can not be imported. It has no component code and no default component for protections is defined!&#xD;
 E3: Protection 'ID_TAP12' can not be imported. It has no component code and no default component for protections is defined!&#xD;
 E3: Protection 'ID_TAP13' can not be imported. It has no component code and no default component for protections is defined!&#xD;
 E3: Protection 'ID_TAP14' can not be imported. It has no component code and no default component for protections is defined!&#xD;
 E3: Protection 'ID_TAP15' can not be imported. It has no component code and no default component for protections is defined!&#xD;
 E3: Protection 'ID_TAP16' can not be imported. It has no component code and no default component for protections is defined!&#xD;
 E3: Protection 'ID_TAP17' can not be imported. It has no component code and no default component for protections is defined!&#xD;
 E3: Protection 'ID_TAP18' can not be imported. It has no component code and no default component for protections is defined!&#xD;
 E3: Protection 'ID_TAP19' can not be imported. It has no component code and no default component for protections is defined!&#xD;
 E3: Protection 'ID_TAP20' can not be imported. It has no component code and no default component for protections is defined!&#xD;
 E3: Protection 'ID_TAP21' can not be imported. It has no component code and no default component for protections is defined!&#xD;
 E3: Protection 'ID_TAP22' can not be imported. It has no component code and no default component for protections is defined!&#xD;
 E3: Protection 'ID_TAP23' can not be imported. It has no component code and no default component for protections is defined!&#xD;
 E3: Protection 'ID_TAP25' can not be imported. It has no component code and no default component for protections is defined!&#xD;
 E3: Protection 'ID_TAP26' can not be imported. It has no component code and no default component for protections is defined!&#xD;
 E3: Protection 'ID_TAP28' can not be imported. It has no component code and no default component for protections is defined!&#xD;
 E3: Protection 'ID_TAP29' can not be imported. It has no component code and no default component for protections is defined!&#xD;
 E3: Protection 'ID_TAP30' can not be imported. It has no component code and no default component for protections is defined!&#xD;
 E3: Protection 'ID_TAP31' can not be imported. It has no component code and no default component for protections is defined!&#xD;
 E3: Protection 'ID_TAP32' can not be imported. It has no component code and no default component for protections is defined!&#xD;
 E3: Protection 'ID_TAP33' can not be imported. It has no component code and no default component for protections is defined!&#xD;
 E3: Protection 'ID_TAP34' can not be imported. It has no component code and no default component for protections is defined!&#xD;
 E3: Protection 'ID_TAP35' can not be imported. It has no component code and no default component for protections is defined!&#xD;
 E3: Protection 'ID_TAP486' can not be imported. It has no component code and no default component for protections is defined!&#xD;
 E3: Protection 'ID_TAP36' can not be imported. It has no component code and no default component for protections is defined!&#xD;
 E3: Protection 'ID_TAP37' can not be imported. It has no component code and no default component for protections is defined!&#xD;
 E3: Protection 'ID_TAP38' can not be imported. It has no component code and no default component for protections is defined!&#xD;
 E3: Protection 'ID_TAP39' can not be imported. It has no component code and no default component for protections is defined!&#xD;
 E3: Protection 'ID_TAP40' can not be imported. It has no component code and no default component for protections is defined!&#xD;
 E3: Protection 'ID_TAP42' can not be imported. It has no component code and no default component for protections is defined!&#xD;
 E3: Protection 'ID_TAP41' can not be imported. It has no component code and no default component for protections is defined!&#xD;
 E3: Protection 'ID_TAP43' can not be imported. It has no component code and no default component for protections is defined!&#xD;
 E3: Protection 'ID_TAP44' can not be imported. It has no component code and no default component for protections is defined!&#xD;
 E3: Protection 'ID_TAP45' can not be imported. It has no component code and no default component for protections is defined!&#xD;
 E3: Protection 'ID_TAP1044' can not be imported. It has no component code and no default component for protections is defined!&#xD;
 E3: Protection 'ID_TAP200' can not be imported. It has no component code and no default component for protections is defined!&#xD;
 E3: Protection 'ID_TAP231' can not be imported. It has no component code and no default component for protections is defined!&#xD;
 E3: Protection 'ID_TAP236' can not be imported. It has no component code and no default component for protections is defined!&#xD;
 E3: Protection 'ID_TAP237' can not be imported. It has no component code and no default component for protections is defined!&#xD;
 E3: Protection 'ID_TAP324' can not be imported. It has no component code and no default component for protections is defined!&#xD;
 E3: Protection 'ID_TAP326' can not be imported. It has no component code and no default component for protections is defined!&#xD;
 E3: Protection 'ID_TAP330' can not be imported. It has no component code and no default component for protections is defined!&#xD;
 E3: Protection 'ID_TAP482' can not be imported. It has no component code and no default component for protections is defined!&#xD;
 E3: Protection 'ID_TAP483' can not be imported. It has no component code and no default component for protections is defined!&#xD;
 E3: Protection 'ID_TAP484' can not be imported. It has no component code and no default component for protections is defined!&#xD;
 E3: Protection 'ID_TAP485' can not be imported. It has no component code and no default component for protections is defined!&#xD;
 E3: Protection 'ID_TAP529' can not be imported. It has no component code and no default component for protections is defined!&#xD;
 E3: Protection 'ID_TAP628' can not be imported. It has no component code and no default component for protections is defined!&#xD;
 E3: Protection 'ID_TAP631' can not be imported. It has no component code and no default component for protections is defined!&#xD;
 E3: Protection 'ID_TAP632' can not be imported. It has no component code and no default component for protections is defined!&#xD;
 E3: Protection 'ID_TAP593' can not be imported. It has no component code and no default component for protections is defined!&#xD;
 E3: Protection 'ID_TAP594' can not be imported. It has no component code and no default component for protections is defined!&#xD;
 E3: Protection 'ID_TAP597' can not be imported. It has no component code and no default component for protections is defined!&#xD;
 E3: Protection 'ID_TAP598' can not be imported. It has no component code and no default component for protections is defined!&#xD;
 E3: Protection 'ID_TAP1430' can not be imported. It has no component code and no default component for protections is defined!&#xD;
 E3: Protection 'ID_TAP601' can not be imported. It has no component code and no default component for protections is defined!&#xD;
 E3: Protection 'ID_TAP612' can not be imported. It has no component code and no default component for protections is defined!&#xD;
 E3: Protection 'ID_TAP614' can not be imported. It has no component code and no default component for protections is defined!&#xD;
 E3: Protection 'ID_TAP615' can not be imported. It has no component code and no default component for protections is defined!&#xD;
 E3: Protection 'ID_TAP616' can not be imported. It has no component code and no default component for protections is defined!&#xD;
 E3: Protection 'ID_TAP617' can not be imported. It has no component code and no default component for protections is defined!&#xD;
 E3: Protection 'ID_TAP618' can not be imported. It has no component code and no default component for protections is defined!&#xD;
 E3: Protection 'ID_TAP619' can not be imported. It has no component code and no default component for protections is defined!&#xD;
 E3: Protection 'ID_TAP620' can not be imported. It has no component code and no default component for protections is defined!&#xD;
 E3: Protection 'ID_TAP621' can not be imported. It has no component code and no default component for protections is defined!&#xD;
 E3: Protection 'ID_TAP622' can not be imported. It has no component code and no default component for protections is defined!&#xD;
 E3: Protection 'ID_TAP665' can not be imported. It has no component code and no default component for protections is defined!&#xD;
 E3: Protection 'ID_TAP667' can not be imported. It has no component code and no default component for protections is defined!&#xD;
 E3: Protection 'ID_TAP1416' can not be imported. It has no component code and no default component for protections is defined!&#xD;
 E3: Protection 'ID_TAP1417' can not be imported. It has no component code and no default component for protections is defined!&#xD;
 E3: Protection 'ID_TAP730' can not be imported. It has no component code and no default component for protections is defined!&#xD;
 E3: Protection 'ID_TAP784' can not be imported. It has no component code and no default component for protections is defined!&#xD;
 E3: Protection 'ID_TAP781' can not be imported. It has no component code and no default component for protections is defined!&#xD;
 E3: Protection 'ID_TAP782' can not be imported. It has no component code and no default component for protections is defined!&#xD;
 E3: Protection 'ID_TAP818' can not be imported. It has no component code and no default component for protections is defined!&#xD;
 E3: Protection 'ID_TAP830' can not be imported. It has no component code and no default component for protections is defined!&#xD;
 E3: Protection 'ID_TAP852' can not be imported. It has no component code and no default component for protections is defined!&#xD;
 E3: Protection 'ID_TAP856' can not be imported. It has no component code and no default component for protections is defined!&#xD;
 E3: Protection 'ID_TAP868' can not be imported. It has no component code and no default component for protections is defined!&#xD;
 E3: Protection 'ID_TAP869' can not be imported. It has no component code and no default component for protections is defined!&#xD;
 E3: Protection 'ID_TAP1150' can not be imported. It has no component code and no default component for protections is defined!&#xD;
 E3: Protection 'ID_TAP873' can not be imported. It has no component code and no default component for protections is defined!&#xD;
 E3: Protection 'ID_TAP874' can not be imported. It has no component code and no default component for protections is defined!&#xD;
 E3: Protection 'ID_TAP875' can not be imported. It has no component code and no default component for protections is defined!&#xD;
 E3: Protection 'ID_TAP885' can not be imported. It has no component code and no default component for protections is defined!&#xD;
 E3: Protection 'ID_TAP890' can not be imported. It has no component code and no default component for protections is defined!&#xD;
 E3: Protection 'ID_TAP891' can not be imported. It has no component code and no default component for protections is defined!&#xD;
 E3: Protection 'ID_TAP892' can not be imported. It has no component code and no default component for protections is defined!&#xD;
 E3: Protection 'ID_TAP893' can not be imported. It has no component code and no default component for protections is defined!&#xD;
 E3: Protection 'ID_TAP918' can not be imported. It has no component code and no default component for protections is defined!&#xD;
 E3: Protection 'ID_TAP919' can not be imported. It has no component code and no default component for protections is defined!&#xD;
 E3: Protection 'ID_TAP920' can not be imported. It has no component code and no default component for protections is defined!&#xD;
 E3: Protection 'ID_TAP948' can not be imported. It has no component code and no default component for protections is defined!&#xD;
 E3: Protection 'ID_TAP1296' can not be imported. It has no component code and no default component for protections is defined!&#xD;
 E3: Protection 'ID_TAP1297' can not be imported. It has no component code and no default component for protections is defined!&#xD;
 E3: Protection 'ID_TAP1294' can not be imported. It has no component code and no default component for protections is defined!&#xD;
 E3: Protection 'ID_TAP1037' can not be imported. It has no component code and no default component for protections is defined!&#xD;
 E3: Protection '28706793-2f46-4e69-b391-15ee56349557' can not be imported. It has no component code and no default component for protections is defined!&#xD;
 E3: Protection '983b0a0f-8efc-4dfc-bbc5-3ed777b85248' can not be imported. It has no component code and no default component for protections is defined!&#xD;
 E3: Protection '09094613-bbf1-4c62-be42-3dc8c1062d9f' can not be imported. It has no component code and no default component for protections is defined!&#xD;
 E3: Protection '308785cf-9139-48b3-9e5e-e162c22358a6' can not be imported. It has no component code and no default component for protections is defined!&#xD;
 E3: Protection 'e9a5e8a8-28bc-4efa-bada-6f056d2d2648' can not be imported. It has no component code and no default component for protections is defined!&#xD;
 E3: Protection '951fe63c-f74f-4eea-9ecb-24108b59ed42' can not be imported. It has no component code and no default component for protections is defined!&#xD;
 E3: Protection 'aa0181b2-ca9f-4ea4-8c85-f0d4e5c7d0ad' can not be imported. It has no component code and no default component for protections is defined!&#xD;
 E3: Protection '8391c15d-2219-43cb-8f7d-8cc6df517978' can not be imported. It has no component code and no default component for protections is defined!&#xD;
 E3: Protection '4731be31-5cf6-4435-8ef6-91c826cab558' can not be imported. It has no component code and no default component for protections is defined!&#xD;
 E3: Protection '159264c8-9b78-4936-bed5-adba961729a6' can not be imported. It has no component code and no default component for protections is defined!&#xD;
 E3: Protection 'ID_TAP989' can not be imported. It has no component code and no default component for protections is defined!&#xD;
 E3: Protection 'ID_TAP991' can not be imported. It has no component code and no default component for protections is defined!&#xD;
 E3: Protection 'ID_TAP992' can not be imported. It has no component code and no default component for protections is defined!&#xD;
 E3: Protection 'cb82e54a-515b-4374-ba13-bf00ba55da7e' can not be imported. It has no component code and no default component for protections is defined!&#xD;
 E3: Protection '56d49895-203a-4d0e-8b41-c411de43919d' can not be imported. It has no component code and no default component for protections is defined!&#xD;
 E3: Protection 'ID_TAP1016' can not be imported. It has no component code and no default component for protections is defined!&#xD;
 E3: Protection 'ID_TAP1017' can not be imported. It has no component code and no default component for protections is defined!&#xD;
 E3: Protection 'ID_TAP1019' can not be imported. It has no component code and no default component for protections is defined!&#xD;
 E3: Protection 'ID_TAP1020' can not be imported. It has no component code and no default component for protections is defined!&#xD;
 E3: Protection '7b4c138b-b4c1-4192-b419-2765f81f64e8' can not be imported. It has no component code and no default component for protections is defined!&#xD;
 E3: Protection 'ID_TAP1226' can not be imported. It has no component code and no default component for protections is defined!&#xD;
 E3: Protection '1f0698c1-c0ae-4a06-9ef6-aa44e1b65eb3' can not be imported. It has no component code and no default component for protections is defined!&#xD;
 E3: Protection '3fdc4d51-d3f5-468b-b914-f8c9b52e21d9' can not be imported. It has no component code and no default component for protections is defined!&#xD;
 E3: Protection '6d3c2994-6f94-4f66-b51e-11b119ad4a4c' can not be imported. It has no component code and no default component for protections is defined!&#xD;
 E3: Protection '1af36803-3707-4d53-983e-38527bf7545f' can not be imported. It has no component code and no default component for protections is defined!&#xD;
 E3: Protection '6fe37ff4-d645-49aa-90ea-c18030ee108f' can not be imported. It has no component code and no default component for protections is defined!&#xD;
 E3: Protection '0b35cecd-a936-4b77-a308-60966c1858e2' can not be imported. It has no component code and no default component for protections is defined!&#xD;
 E3: Protection '3ab81f9a-6951-4eb0-8ff6-7219cd92b850' can not be imported. It has no component code and no default component for protections is defined!&#xD;
 E3: Protection '6c1328c3-f884-430d-a0bd-55aa16e101ec' can not be imported. It has no component code and no default component for protections is defined!&#xD;
 E3: Protection '9aa06048-33c8-4914-aeba-7d15c7253138' can not be imported. It has no component code and no default component for protections is defined!&#xD;
 E3: Protection '2c810267-d531-4ee1-9f16-d3f2563da77e' can not be imported. It has no component code and no default component for protections is defined!&#xD;
 E3: Protection '4e364def-66b1-4843-9987-68ce3c33946a' can not be imported. It has no component code and no default component for protections is defined!&#xD;
 E3: Protection '0ec88c15-0174-4a8f-a52d-83fac19b9840' can not be imported. It has no component code and no default component for protections is defined!&#xD;
 E3: Protection '06bc1ddf-b3e8-4d87-8e31-d8b7a748e5d2' can not be imported. It has no component code and no default component for protections is defined!&#xD;
 E3: Protection '3ac4c1dd-c1de-4730-9371-9805c7545dea' can not be imported. It has no component code and no default component for protections is defined!&#xD;
 E3: Protection '6cb16b54-665b-493b-bc9d-6a514ea162ce' can not be imported. It has no component code and no default component for protections is defined!&#xD;
 E3: Protection '07a09d50-4238-46e8-9da3-540954516d78' can not be imported. It has no component code and no default component for protections is defined!&#xD;
 E3: Protection '1e6ccd05-cf89-4d55-a4f1-e5ce30cb664d' can not be imported. It has no component code and no default component for protections is defined!&#xD;
 E3: Protection 'ID_TAP1230' can not be imported. It has no component code and no default component for protections is defined!&#xD;
 E3: Protection 'ID_TAP993' can not be imported. It has no component code and no default component for protections is defined!&#xD;
 E3: Protection 'ID_TAP1014' can not be imported. It has no component code and no default component for protections is defined!&#xD;
 E3: Protection 'ID_TAP1012' can not be imported. It has no component code and no default component for protections is defined!&#xD;
 E3: Protection 'ID_TAP1338' can not be imported. It has no component code and no default component for protections is defined!&#xD;
 E3: Protection 'ID_TAP1341' can not be imported. It has no component code and no default component for protections is defined!&#xD;
 E3: Protection '7e36bdb0-b58f-4ea4-a2c9-d23a5b50749c' can not be imported. It has no component code and no default component for protections is defined!&#xD;
 E3: Protection '01a1ca7f-675e-4f60-b576-cdef688643bf' can not be imported. It has no component code and no default component for protections is defined!&#xD;
 E3: Protection '08e798c4-1166-43f4-ba49-6c7433e97401' can not be imported. It has no component code and no default component for protections is defined!&#xD;
 E3: Protection 'ID_TAP1089' can not be imported. It has no component code and no default component for protections is defined!&#xD;
 E3: Protection 'ID_TAP1090' can not be imported. It has no component code and no default component for protections is defined!&#xD;
 E3: Protection 'ID_TAP1091' can not be imported. It has no component code and no default component for protections is defined!&#xD;
 E3: Protection 'ID_TAP1002' can not be imported. It has no component code and no default component for protections is defined!&#xD;
 E3: Protection 'ID_TAP1025' can not be imported. It has no component code and no default component for protections is defined!&#xD;
 E3: Protection 'ID_TAP1026' can not be imported. It has no component code and no default component for protections is defined!&#xD;
 E3: Protection '1af18a53-5f2f-4400-822f-9771aba76d91' can not be imported. It has no component code and no default component for protections is defined!&#xD;
 E3: Protection '9937789c-4e1d-4502-97e4-fe89c99f63fc' can not be imported. It has no component code and no default component for protections is defined!&#xD;
 E3: Protection 'ID_TAP1110' can not be imported. It has no component code and no default component for protections is defined!&#xD;
 E3: Protection 'ID_TAP1111' can not be imported. It has no component code and no default component for protections is defined!&#xD;
 E3: Protection '5859eccc-e00d-43ab-a13b-993b79d0afc3' can not be imported. It has no component code and no default component for protections is defined!&#xD;
 E3: Protection 'ID_TAP1022' can not be imported. It has no component code and no default component for protections is defined!&#xD;
 E3: Protection 'ID_TAP1023' can not be imported. It has no component code and no default component for protections is defined!&#xD;
 E3: Protection '419ab0cf-3f8d-4910-82ff-f9f7fcf2e7a6' can not be imported. It has no component code and no default component for protections is defined!&#xD;
 E3: Protection 'ff3bd0a3-493c-488a-91e4-7985bef968d3' can not be imported. It has no component code and no default component for protections is defined!&#xD;
 E3: Protection 'ae4dfc04-a372-4218-ade1-99827832700f' can not be imported. It has no component code and no default component for protections is defined!&#xD;
 E3: Protection '6252f0cd-3993-4958-b6cd-bd8411f22cf7' can not be imported. It has no component code and no default component for protections is defined!&#xD;
 E3: Protection '0c8e2587-de7a-451a-a32a-b66c210c64c7' can not be imported. It has no component code and no default component for protections is defined!&#xD;
 E3: Protection 'ID_TAP1148' can not be imported. It has no component code and no default component for protections is defined!&#xD;
 E3: Protection 'ID_TAP1426' can not be imported. It has no component code and no default component for protections is defined!&#xD;
 E3: Protection '359971cc-d94a-44f0-9d8f-585f026dec88' can not be imported. It has no component code and no default component for protections is defined!&#xD;
 E3: Protection '7e414f7d-9fd2-4fc5-bafd-e657b712fc07' can not be imported. It has no component code and no default component for protections is defined!&#xD;
 E3: Protection '0ac66ede-fef7-454e-91de-7e7ceaf61b75' can not be imported. It has no component code and no default component for protections is defined!&#xD;
 E3: Protection '951f009d-51ab-4497-b2e8-3b25c3aeb2cb' can not be imported. It has no component code and no default component for protections is defined!&#xD;
 E3: Protection 'ae363ec3-f961-41bc-a8fa-2bcc66e9f4e2' can not be imported. It has no component code and no default component for protections is defined!&#xD;
 E3: Protection '5f18dded-fdbb-4a11-8ac0-c9bc60b8200a' can not be imported. It has no component code and no default component for protections is defined!&#xD;
 E3: Protection 'ID_TAP1042' can not be imported. It has no component code and no default component for protections is defined!&#xD;
 E3: Protection 'ID_TAP1043' can not be imported. It has no component code and no default component for protections is defined!&#xD;
 E3: Protection '4110e680-07a0-4586-b8c4-2a4be83a21a2' can not be imported. It has no component code and no default component for protections is defined!&#xD;
 E3: Protection 'e8649e25-6de3-4618-9dfc-cd82a5ed54f0' can not be imported. It has no component code and no default component for protections is defined!&#xD;
 E3: Protection 'ID_TAP1079' can not be imported. It has no component code and no default component for protections is defined!&#xD;
 E3: Protection 'ID_TAP1078' can not be imported. It has no component code and no default component for protections is defined!&#xD;
 E3: Protection '72574889-cf74-49ca-8ded-bc67917ac8c0' can not be imported. It has no component code and no default component for protections is defined!&#xD;
 E3: Protection '12b40fe4-e2c3-48c9-9623-31b805c7cc3b' can not be imported. It has no component code and no default component for protections is defined!&#xD;
 E3: Protection '0df1f149-b7da-4721-9ba1-9041dc5ad776' can not be imported. It has no component code and no default component for protections is defined!&#xD;
 E3: Protection 'ID_TAP1428' can not be imported. It has no component code and no default component for protections is defined!&#xD;
 E3: Protection 'ID_TAP1429' can not be imported. It has no component code and no default component for protections is defined!&#xD;
 E3: Protection 'd6b28628-6cd1-4905-9ff4-63a269b58fda' can not be imported. It has no component code and no default component for protections is defined!&#xD;
 E3: Protection 'bcd85960-aedf-4c9c-bc3d-1a9cfcc73309' can not be imported. It has no component code and no default component for protections is defined!&#xD;
 E3: Protection '138b42de-e2b1-4800-a84b-e08fa9d02e21' can not be imported. It has no component code and no default component for protections is defined!&#xD;
 E3: Protection 'ID_TAP1000' can not be imported. It has no component code and no default component for protections is defined!&#xD;
 E3: Protection '2da8b5cc-b873-4d2e-97e8-71a34a52c761' can not be imported. It has no component code and no default component for protections is defined!&#xD;
 E3: Protection 'dd8535c8-c8a5-4597-8eb3-0950939a3b7e' can not be imported. It has no component code and no default component for protections is defined!&#xD;
 E3: Protection '8845ff92-0c48-4209-9a66-cfaed4c3009c' can not be imported. It has no component code and no default component for protections is defined!&#xD;
 E3: Protection 'fa1b505a-0c71-4415-8246-f7840ae56ce7' can not be imported. It has no component code and no default component for protections is defined!&#xD;
 E3: Protection 'ID_TAP1058' can not be imported. It has no component code and no default component for protections is defined!&#xD;
 E3: Protection 'ID_TAP1059' can not be imported. It has no component code and no default component for protections is defined!&#xD;
 E3: Protection 'ID_TAP1477' can not be imported. It has no component code and no default component for protections is defined!&#xD;
 E3: Protection 'ID_TAP1478' can not be imported. It has no component code and no default component for protections is defined!&#xD;
 E3: Protection 'ID_TAP1067' can not be imported. It has no component code and no default component for protections is defined!&#xD;
 E3: Protection 'ID_TAP1096' can not be imported. It has no component code and no default component for protections is defined!&#xD;
 E3: Protection 'ID_TAP1097' can not be imported. It has no component code and no default component for protections is defined!&#xD;
 E3: Protection 'ID_TAP1100' can not be imported. It has no component code and no default component for protections is defined!&#xD;
 E3: Protection 'ID_TAP1326' can not be imported. It has no component code and no default component for protections is defined!&#xD;
 E3: Protection 'ID_TAP1327' can not be imported. It has no component code and no default component for protections is defined!&#xD;
 E3: Protection 'ID_TAP1531' can not be imported. It has no component code and no default component for protections is defined!&#xD;
 E3: Protection 'ID_TAP1532' can not be imported. It has no component code and no default component for protections is defined!&#xD;
 E3: Protection 'ID_TAP1263' can not be imported. It has no component code and no default component for protections is defined!&#xD;
 E3: Protection 'ID_TAP1105' can not be imported. It has no component code and no default component for protections is defined!&#xD;
 E3: Protection 'ID_TAP1106' can not be imported. It has no component code and no default component for protections is defined!&#xD;
 E3: Protection 'ID_TAP1107' can not be imported. It has no component code and no default component for protections is defined!&#xD;
 E3: Protection 'ID_TAP1117' can not be imported. It has no component code and no default component for protections is defined!&#xD;
 E3: Protection 'ID_TAP1168' can not be imported. It has no component code and no default component for protections is defined!&#xD;
 E3: Protection 'ID_TAP1169' can not be imported. It has no component code and no default component for protections is defined!&#xD;
 E3: Protection 'ID_TAP1165' can not be imported. It has no component code and no default component for protections is defined!&#xD;
 E3: Protection 'ID_TAP1166' can not be imported. It has no component code and no default component for protections is defined!&#xD;
 E3: Protection 'ID_TAP1221' can not be imported. It has no component code and no default component for protections is defined!&#xD;
 E3: Protection 'ID_TAP1222' can not be imported. It has no component code and no default component for protections is defined!&#xD;
 E3: Protection 'ID_TAP1272' can not be imported. It has no component code and no default component for protections is defined!&#xD;
 E3: Protection 'ID_TAP1329' can not be imported. It has no component code and no default component for protections is defined!&#xD;
 E3: Protection 'ID_TAP1330' can not be imported. It has no component code and no default component for protections is defined!&#xD;
 E3: Protection 'ID_TAP1268' can not be imported. It has no component code and no default component for protections is defined!&#xD;
 E3: Protection 'ID_TAP1172' can not be imported. It has no component code and no default component for protections is defined!&#xD;
 E3: Protection 'ID_TAP1173' can not be imported. It has no component code and no default component for protections is defined!&#xD;
 E3: Protection 'ID_TAP1174' can not be imported. It has no component code and no default component for protections is defined!&#xD;
 E3: Protection 'ID_TAP1366' can not be imported. It has no component code and no default component for protections is defined!&#xD;
 E3: Protection 'ID_TAP1367' can not be imported. It has no component code and no default component for protections is defined!&#xD;
 E3: Protection 'ID_TAP1182' can not be imported. It has no component code and no default component for protections is defined!&#xD;
 E3: Protection 'ID_TAP1183' can not be imported. It has no component code and no default component for protections is defined!&#xD;
 E3: Protection 'ID_TAP1179' can not be imported. It has no component code and no default component for protections is defined!&#xD;
 E3: Protection 'ID_TAP1180' can not be imported. It has no component code and no default component for protections is defined!&#xD;
 E3: Protection 'ID_TAP1184' can not be imported. It has no component code and no default component for protections is defined!&#xD;
 E3: Protection 'ID_TAP1188' can not be imported. It has no component code and no default component for protections is defined!&#xD;
 E3: Protection 'ID_TAP1192' can not be imported. It has no component code and no default component for protections is defined!&#xD;
 E3: Protection 'ID_TAP1199' can not be imported. It has no component code and no default component for protections is defined!&#xD;
 E3: Protection 'ID_TAP1203' can not be imported. It has no component code and no default component for protections is defined!&#xD;
 E3: Protection 'ID_TAP1204' can not be imported. It has no component code and no default component for protections is defined!&#xD;
 E3: Protection 'ID_TAP1198' can not be imported. It has no component code and no default component for protections is defined!&#xD;
 E3: Protection 'ID_TAP1193' can not be imported. It has no component code and no default component for protections is defined!&#xD;
 E3: Protection 'ID_TAP1196' can not be imported. It has no component code and no default component for protections is defined!&#xD;
 E3: Protection 'ID_TAP1195' can not be imported. It has no component code and no default component for protections is defined!&#xD;
 E3: Protection 'ID_TAP1194' can not be imported. It has no component code and no default component for protections is defined!&#xD;
 E3: Protection 'ID_TAP1200' can not be imported. It has no component code and no default component for protections is defined!&#xD;
 E3: Protection 'ID_TAP1201' can not be imported. It has no component code and no default component for protections is defined!&#xD;
 E3: Protection 'ID_TAP1205' can not be imported. It has no component code and no default component for protections is defined!&#xD;
 E3: Protection 'ID_TAP1206' can not be imported. It has no component code and no default component for protections is defined!&#xD;
 E3: Protection 'ID_TAP1207' can not be imported. It has no component code and no default component for protections is defined!&#xD;
 E3: Protection 'ID_TAP1372' can not be imported. It has no component code and no default component for protections is defined!&#xD;
 E3: Protection 'ID_TAP1373' can not be imported. It has no component code and no default component for protections is defined!&#xD;
 E3: Protection 'ID_TAP1218' can not be imported. It has no component code and no default component for protections is defined!&#xD;
 E3: Protection 'ID_TAP1223' can not be imported. It has no component code and no default component for protections is defined!&#xD;
 E3: Protection 'ID_TAP1231' can not be imported. It has no component code and no default component for protections is defined!&#xD;
 E3: Protection 'ID_TAP1232' can not be imported. It has no component code and no default component for protections is defined!&#xD;
 E3: Protection 'ID_TAP1350' can not be imported. It has no component code and no default component for protections is defined!&#xD;
 E3: Protection 'ID_TAP1351' can not be imported. It has no component code and no default component for protections is defined!&#xD;
 E3: Protection 'ID_TAP1234' can not be imported. It has no component code and no default component for protections is defined!&#xD;
 E3: Protection 'ID_TAP1239' can not be imported. It has no component code and no default component for protections is defined!&#xD;
 E3: Protection 'ID_TAP1238' can not be imported. It has no component code and no default component for protections is defined!&#xD;
 E3: Protection 'ID_TAP1240' can not be imported. It has no component code and no default component for protections is defined!&#xD;
 E3: Protection 'ID_TAP1241' can not be imported. It has no component code and no default component for protections is defined!&#xD;
 E3: Protection 'ID_TAP1242' can not be imported. It has no component code and no default component for protections is defined!&#xD;
 E3: Protection 'ID_TAP1245' can not be imported. It has no component code and no default component for protections is defined!&#xD;
 E3: Protection 'ID_TAP1246' can not be imported. It has no component code and no default component for protections is defined!&#xD;
 E3: Protection 'ID_TAP1247' can not be imported. It has no component code and no default component for protections is defined!&#xD;
 E3: Protection 'ID_TAP1248' can not be imported. It has no component code and no default component for protections is defined!&#xD;
 E3: Protection 'ID_TAP1252' can not be imported. It has no component code and no default component for protections is defined!&#xD;
 E3: Protection 'ID_TAP1253' can not be imported. It has no component code and no default component for protections is defined!&#xD;
 E3: Protection 'ID_TAP1254' can not be imported. It has no component code and no default component for protections is defined!&#xD;
 E3: Protection 'ID_TAP1255' can not be imported. It has no component code and no default component for protections is defined!&#xD;
 E3: Protection 'ID_TAP1256' can not be imported. It has no component code and no default component for protections is defined!&#xD;
 E3: Protection 'ID_TAP1258' can not be imported. It has no component code and no default component for protections is defined!&#xD;
 E3: Protection 'ID_TAP1259' can not be imported. It has no component code and no default component for protections is defined!&#xD;
 E3: Protection 'ID_TAP1260' can not be imported. It has no component code and no default component for protections is defined!&#xD;
 E3: Protection 'ID_TAP1269' can not be imported. It has no component code and no default component for protections is defined!&#xD;
 E3: Protection 'ID_TAP1270' can not be imported. It has no component code and no default component for protections is defined!&#xD;
 E3: Protection 'ID_TAP1274' can not be imported. It has no component code and no default component for protections is defined!&#xD;
 E3: Protection 'ID_TAP1275' can not be imported. It has no component code and no default component for protections is defined!&#xD;
 E3: Protection 'ID_TAP1276' can not be imported. It has no component code and no default component for protections is defined!&#xD;
 E3: Protection 'ID_TAP1278' can not be imported. It has no component code and no default component for protections is defined!&#xD;
 E3: Protection 'ID_TAP1277' can not be imported. It has no component code and no default component for protections is defined!&#xD;
 E3: Protection 'ID_TAP1279' can not be imported. It has no component code and no default component for protections is defined!&#xD;
 E3: Protection 'ID_TAP1280' can not be imported. It has no component code and no default component for protections is defined!&#xD;
 E3: Protection 'ID_TAP1281' can not be imported. It has no component code and no default component for protections is defined!&#xD;
 E3: Protection 'ID_TAP1283' can not be imported. It has no component code and no default component for protections is defined!&#xD;
 E3: Protection 'ID_TAP1286' can not be imported. It has no component code and no default component for protections is defined!&#xD;
 E3: Protection 'ID_TAP1287' can not be imported. It has no component code and no default component for protections is defined!&#xD;
 E3: Protection 'ID_TAP1288' can not be imported. It has no component code and no default component for protections is defined!&#xD;
 E3: Protection 'ID_TAP1334' can not be imported. It has no component code and no default component for protections is defined!&#xD;
 E3: Protection 'ID_TAP1358' can not be imported. It has no component code and no default component for protections is defined!&#xD;
 E3: Protection 'ID_TAP1359' can not be imported. It has no component code and no default component for protections is defined!&#xD;
 E3: Protection 'ID_TAP1360' can not be imported. It has no component code and no default component for protections is defined!&#xD;
 E3: Protection 'ID_TAP1356' can not be imported. It has no component code and no default component for protections is defined!&#xD;
 E3: Protection 'ID_TAP1357' can not be imported. It has no component code and no default component for protections is defined!&#xD;
 E3: Protection 'ID_TAP1361' can not be imported. It has no component code and no default component for protections is defined!&#xD;
 E3: Protection 'ID_TAP1362' can not be imported. It has no component code and no default component for protections is defined!&#xD;
 E3: Protection 'ID_TAP1363' can not be imported. It has no component code and no default component for protections is defined!&#xD;
 E3: Protection 'ID_TAP1364' can not be imported. It has no component code and no default component for protections is defined!&#xD;
 E3: Protection 'ID_TAP1374' can not be imported. It has no component code and no default component for protections is defined!&#xD;
 E3: Protection 'ID_TAP1386' can not be imported. It has no component code and no default component for protections is defined!&#xD;
 E3: Protection 'bcd10f1c-2103-458a-8a10-04cda779af42' can not be imported. It has no component code and no default component for protections is defined!&#xD;
 E3: Protection '5bbed8a7-fdf5-4068-97ef-bfa3607983ac' can not be imported. It has no component code and no default component for protections is defined!&#xD;
 E3: Protection 'ID_TAP1483' can not be imported. It has no component code and no default component for protections is defined!&#xD;
 E3: Protection '861d0eac-4319-498d-9dcd-58e7a2a9ab61' can not be imported. It has no component code and no default component for protections is defined!&#xD;
 E3: Protection '65f4e6f8-cbac-4dc4-b094-1fdbe81f2b0e' can not be imported. It has no component code and no default component for protections is defined!&#xD;
 E3: Protection 'd5e35fc7-f659-4535-8cc3-ee4e90145c3e' can not be imported. It has no component code and no default component for protections is defined!&#xD;
 E3: Protection 'f3b85d6e-6bd5-498b-b4ab-943a482185a1' can not be imported. It has no component code and no default component for protections is defined!&#xD;
 E3: Protection '713506ac-19a9-465b-bc5c-78ed0513dd94' can not be imported. It has no component code and no default component for protections is defined!&#xD;
 E3: Protection '89443824-e36e-4cf8-9d5b-b66e0b8bc214' can not be imported. It has no component code and no default component for protections is defined!&#xD;
 E3: Protection 'ID_TAP1396' can not be imported. It has no component code and no default component for protections is defined!&#xD;
 E3: Protection 'ID_TAP1397' can not be imported. It has no component code and no default component for protections is defined!&#xD;
 E3: Protection 'ID_TAP1393' can not be imported. It has no component code and no default component for protections is defined!&#xD;
 E3: Protection '00f9c368-540e-4c80-a54b-d07b1ae480b5' can not be imported. It has no component code and no default component for protections is defined!&#xD;
 E3: Protection '1a0bb094-bbde-4d4e-9899-d0c9e870bcaa' can not be imported. It has no component code and no default component for protections is defined!&#xD;
 E3: Protection 'ec039c9d-94b7-4491-9ba9-2e25397db83e' can not be imported. It has no component code and no default component for protections is defined!&#xD;
 E3: Protection '62050d4f-760e-40d7-a616-4fa6cc1db387' can not be imported. It has no component code and no default component for protections is defined!&#xD;
 E3: Protection 'bcaaa375-fe19-40c0-8ec4-e140db5f2d6c' can not be imported. It has no component code and no default component for protections is defined!&#xD;
 E3: Protection '9b9e6af9-5348-448f-9406-5b64289d22a2' can not be imported. It has no component code and no default component for protections is defined!&#xD;
 E3: Protection '6a8dbe6c-8d10-4ead-adf7-285aa708e935' can not be imported. It has no component code and no default component for protections is defined!&#xD;
 E3: Protection '0dbe64a6-d29a-4153-9fb8-f8b38187cbd2' can not be imported. It has no component code and no default component for protections is defined!&#xD;
 E3: Protection 'c809cac1-a67a-4265-9946-24823fcd45da' can not be imported. It has no component code and no default component for protections is defined!&#xD;
 E3: Protection '5c7433e9-cb39-4b9b-b6cc-a8fdb8a00100' can not be imported. It has no component code and no default component for protections is defined!&#xD;
 E3: Protection '6d2d8166-5947-4998-9a0a-20760b35e8f2' can not be imported. It has no component code and no default component for protections is defined!&#xD;
 E3: Protection '3220ba07-2072-48d4-b638-1554b6d94209' can not be imported. It has no component code and no default component for protections is defined!&#xD;
 E3: Protection 'db70e424-8542-484f-9514-5f3c9df2906d' can not be imported. It has no component code and no default component for protections is defined!&#xD;
 E3: Protection 'b4cde497-0445-4e5b-bbb5-5c079b3f29a2' can not be imported. It has no component code and no default component for protections is defined!&#xD;
 E3: Protection '30492077-61a3-40d4-8ae4-c1788c8a7ad8' can not be imported. It has no component code and no default component for protections is defined!&#xD;
 E3: Protection '5d6b0c22-40c7-472a-b39b-542e9e8ca3a5' can not be imported. It has no component code and no default component for protections is defined!&#xD;
 E3: Protection '9e7c736f-7946-4fde-9c06-d068fb1578c7' can not be imported. It has no component code and no default component for protections is defined!&#xD;
 E3: Protection '65f7722b-272b-4676-93d8-16a7626c0934' can not be imported. It has no component code and no default component for protections is defined!&#xD;
 E3: Protection 'dc57506d-4499-4ffd-8760-683360fbd0ac' can not be imported. It has no component code and no default component for protections is defined!&#xD;
 E3: Protection 'fc1fd635-50f8-4eb3-be3e-d2fbfd745ff9' can not be imported. It has no component code and no default component for protections is defined!&#xD;
 E3: Protection '2a7e6efd-dc12-4fe1-816a-52239c12f0c6' can not be imported. It has no component code and no default component for protections is defined!&#xD;
 E3: Protection '2f532055-32e8-421e-a984-f106889d606f' can not be imported. It has no component code and no default component for protections is defined!&#xD;
 E3: Protection '3ac07c12-b318-423b-99e5-3c7a137f8249' can not be imported. It has no component code and no default component for protections is defined!&#xD;
 E3: Protection '46483c72-7baa-4085-8764-fe0c5ce65c19' can not be imported. It has no component code and no default component for protections is defined!&#xD;
 E3: Protection '96271687-bfe0-4705-aa9e-80dbaa8ce2b6' can not be imported. It has no component code and no default component for protections is defined!&#xD;
 E3: Protection '925772c9-e64b-4778-a348-3781fcd6f93a' can not be imported. It has no component code and no default component for protections is defined!&#xD;
 E3: Protection '65cda732-4c12-4a23-a7c0-334c382b5330' can not be imported. It has no component code and no default component for protections is defined!&#xD;
 E3: Protection '2478e888-1e52-4c00-8be4-df6b2750056a' can not be imported. It has no component code and no default component for protections is defined!&#xD;
 E3: Protection '94f01d45-1692-4bde-85d5-48651a5954cd' can not be imported. It has no component code and no default component for protections is defined!&#xD;
 E3: Protection 'c9b0b000-d1b1-4ac1-ad79-f0c5dc9f3751' can not be imported. It has no component code and no default component for protections is defined!&#xD;
 E3: Protection '4c823a01-8264-453b-8895-807bbb702104' can not be imported. It has no component code and no default component for protections is defined!&#xD;
 E3: Protection 'fbf7dd34-ec14-4c10-bb82-88fd38276abe' can not be imported. It has no component code and no default component for protections is defined!&#xD;
 E3: Protection 'eb1a30cf-243c-4073-a766-5da7bbd5e92b' can not be imported. It has no component code and no default component for protections is defined!&#xD;
 E3: Protection '6a34d8de-91e7-4eea-8f38-d1dc22457299' can not be imported. It has no component code and no default component for protections is defined!&#xD;
 E3: Protection '8e03ed25-fa74-4a63-9905-4af2f4375f05' can not be imported. It has no component code and no default component for protections is defined!&#xD;
 E3: Protection '329e717e-125f-4148-93df-80a8aa87f428' can not be imported. It has no component code and no default component for protections is defined!&#xD;
 E3: Protection 'bf347007-e87d-43cb-ace8-1a02e7a18814' can not be imported. It has no component code and no default component for protections is defined!&#xD;
 E3: Protection '57a521ad-080b-4c55-bb90-10265f30c1e5' can not be imported. It has no component code and no default component for protections is defined!&#xD;
 E3: Protection '5beadd77-dd8e-4507-8e34-5627bc810865' can not be imported. It has no component code and no default component for protections is defined!&#xD;
 E3: Protection '63e6bc53-b672-44b6-9170-42da8c039b94' can not be imported. It has no component code and no default component for protections is defined!&#xD;
 E3: Protection 'fceb1ebd-f114-4e95-ade4-83287f8c6cc9' can not be imported. It has no component code and no default component for protections is defined!&#xD;
 E3: Protection 'ebbf4b42-61f9-4448-b88a-052745b1e156' can not be imported. It has no component code and no default component for protections is defined!&#xD;
 E3: Protection '29bc9b60-9777-4a05-af44-b7bfce178c53' can not be imported. It has no component code and no default component for protections is defined!&#xD;
 E3: Protection '19f87883-ac19-45bd-baeb-e35ccc36cc07' can not be imported. It has no component code and no default component for protections is defined!&#xD;
 E3: Protection '5895b999-7bdc-4e95-a566-6ed9284e58ca' can not be imported. It has no component code and no default component for protections is defined!&#xD;
 E3: Protection 'a263b8b1-af86-4196-86b3-cfb459ea65d0' can not be imported. It has no component code and no default component for protections is defined!&#xD;
 E3: Protection 'd914cd2c-9bea-404a-8b45-f3e1a4492e95' can not be imported. It has no component code and no default component for protections is defined!&#xD;
 E3: Protection '6b31510b-2e1e-48af-a7c8-0ecec3428eef' can not be imported. It has no component code and no default component for protections is defined!&#xD;
 E3: Protection 'd97d8ba7-e920-4c7a-868f-ab7d7af344ef' can not be imported. It has no component code and no default component for protections is defined!&#xD;
 E3: Protection '1c0ab7a4-1bee-4995-8e58-3bb49af8cebe' can not be imported. It has no component code and no default component for protections is defined!&#xD;
 E3: Protection '8b192711-89fa-4978-955b-23885d3ddf74' can not be imported. It has no component code and no default component for protections is defined!&#xD;
 E3: Protection 'a31e5bbf-36df-4618-9e41-fe0c6942ebb6' can not be imported. It has no component code and no default component for protections is defined!&#xD;
 E3: Protection 'cb32762a-eb45-4818-92f4-f5abf93a6419' can not be imported. It has no component code and no default component for protections is defined!&#xD;
 E3: Protection 'b94f8056-6df6-4b12-a1c2-f0131c2718e2' can not be imported. It has no component code and no default component for protections is defined!&#xD;
 E3: Protection 'b0b3646b-db98-4e54-b18e-dab701e813e9' can not be imported. It has no component code and no default component for protections is defined!&#xD;
 E3: Protection '13d9e399-5a08-4a95-be27-de514ab7d1cc' can not be imported. It has no component code and no default component for protections is defined!&#xD;
 E3: Protection '8fa6e6cb-c09f-4277-87bf-6d6b30ca4310' can not be imported. It has no component code and no default component for protections is defined!&#xD;
 E3: Protection 'e9c3e971-c646-4cc8-b7b3-895b52833930' can not be imported. It has no component code and no default component for protections is defined!&#xD;
 E3: Protection '8c8c5d45-1be5-4db6-8579-21db31c2e14a' can not be imported. It has no component code and no default component for protections is defined!&#xD;
 E3: Protection '4db6a275-15f7-4cff-9136-d4e920b58c05' can not be imported. It has no component code and no default component for protections is defined!&#xD;
 E3: Protection '4d8af216-a3f4-4a5a-8d4f-7431e3c106a8' can not be imported. It has no component code and no default component for protections is defined!&#xD;
 E3: Protection 'c1a2b39e-8091-4b8c-b55d-0c8a9509d185' can not be imported. It has no component code and no default component for protections is defined!&#xD;
 E3: Protection 'a0453783-699b-4ddd-85df-c1db75fdba3b' can not be imported. It has no component code and no default component for protections is defined!&#xD;
 E3: Protection '478ce985-6143-4f82-bb1a-06d366204f40' can not be imported. It has no component code and no default component for protections is defined!&#xD;
 E3: Protection '97c734de-f461-437d-836f-ee0c49dfb17f' can not be imported. It has no component code and no default component for protections is defined!&#xD;
 E3: Protection 'bc9258a0-3b8d-4e29-a77b-c2bdfd691ca6' can not be imported. It has no component code and no default component for protections is defined!&#xD;
 E3: Protection '222cf49e-e8cb-4699-8d6a-8dececb75fac' can not be imported. It has no component code and no default component for protections is defined!&#xD;
 E3: Protection '12c3ebb4-fe88-4d5f-8ba1-167a5c97a35d' can not be imported. It has no component code and no default component for protections is defined!&#xD;
 E3: Protection 'ID_TAP1398' can not be imported. It has no component code and no default component for protections is defined!&#xD;
 E3: Protection 'ID_TAP1402' can not be imported. It has no component code and no default component for protections is defined!&#xD;
 E3: Protection 'ID_TAP1403' can not be imported. It has no component code and no default component for protections is defined!&#xD;
 E3: Protection 'ID_TAP1401' can not be imported. It has no component code and no default component for protections is defined!&#xD;
 E3: Protection 'ID_TAP1399' can not be imported. It has no component code and no default component for protections is defined!&#xD;
 E3: Protection 'ID_TAP1400' can not be imported. It has no component code and no default component for protections is defined!&#xD;
 E3: Protection 'ID_TAP1405' can not be imported. It has no component code and no default component for protections is defined!&#xD;
 E3: Protection 'ID_TAP1410' can not be imported. It has no component code and no default component for protections is defined!&#xD;
 E3: Protection 'ID_TAP1431' can not be imported. It has no component code and no default component for protections is defined!&#xD;
 E3: Protection 'ID_TAP1434' can not be imported. It has no component code and no default component for protections is defined!&#xD;
 E3: Protection 'ID_TAP1448' can not be imported. It has no component code and no default component for protections is defined!&#xD;
 E3: Protection 'ID_TAP1512' can not be imported. It has no component code and no default component for protections is defined!&#xD;
 E3: Protection 'ID_TAP1513' can not be imported. It has no component code and no default component for protections is defined!&#xD;
 E3: Protection 'ID_TAP1514' can not be imported. It has no component code and no default component for protections is defined!&#xD;
 E3: Protection 'ID_TAP1516' can not be imported. It has no component code and no default component for protections is defined!&#xD;
 E3: Protection 'ID_TAP1451' can not be imported. It has no component code and no default component for protections is defined!&#xD;
 E3: Protection 'ID_TAP1449' can not be imported. It has no component code and no default component for protections is defined!&#xD;
 E3: Protection 'ID_TAP1464' can not be imported. It has no component code and no default component for protections is defined!&#xD;
 E3: Protection 'ID_TAP1480' can not be imported. It has no component code and no default component for protections is defined!&#xD;
 E3: Protection 'ID_TAP1481' can not be imported. It has no component code and no default component for protections is defined!&#xD;
 E3: Protection 'ID_TAP1495' can not be imported. It has no component code and no default component for protections is defined!&#xD;
 E3: Protection 'ID_TAP1502' can not be imported. It has no component code and no default component for protections is defined!&#xD;
 E3: Protection 'ID_TAP1518' can not be imported. It has no component code and no default component for protections is defined!&#xD;
 E3: Protection 'ID_TAP1535' can not be imported. It has no component code and no default component for protections is defined!&#xD;
 E3: W - Component B48/9-2x0.13 VT+GN/WH not found in database !&#xD;
 E3: W - Cannot load Component 'B48/9-2x0.13 VT+GN/WH' from database - look in output window for details... &#xD;
 E3: E - Cannot create new device '1313' with component 'B48/9-2x0.13 VT+GN/WH'&#xD;
 E3: W - Component H35/3-2x0.35 GN/RD+PK/RD not found in database !&#xD;
 E3: W - Cannot load Component 'H35/3-2x0.35 GN/RD+PK/RD' from database - look in output window for details... &#xD;
 E3: E - Cannot create new device '1605' with component 'H35/3-2x0.35 GN/RD+PK/RD'&#xD;
 E3: W - Component H35/6-2x0.35 GN/GY+PK/GY not found in database !&#xD;
 E3: W - Cannot load Component 'H35/6-2x0.35 GN/GY+PK/GY' from database - look in output window for details... &#xD;
 E3: E - Cannot create new device '1614' with component 'H35/6-2x0.35 GN/GY+PK/GY'&#xD;
 E3: W - Component H35/6-2x0.35 GN/WH+PK/WH not found in database !&#xD;
 E3: W - Cannot load Component 'H35/6-2x0.35 GN/WH+PK/WH' from database - look in output window for details... &#xD;
 E3: E - Cannot create new device '1623' with component 'H35/6-2x0.35 GN/WH+PK/WH'&#xD;
 E3: W - Component B75/5-3x0.5 BU+GN+WH not found in database !&#xD;
 E3: W - Cannot load Component 'B75/5-3x0.5 BU+GN+WH' from database - look in output window for details... &#xD;
 E3: E - Cannot create new device '1734' with component 'B75/5-3x0.5 BU+GN+WH'&#xD;
 E3: W - Component B75/7-3x1.5 BK+BK/WH+BK/YE not found in database !&#xD;
 E3: W - Cannot load Component 'B75/7-3x1.5 BK+BK/WH+BK/YE' from database - look in output window for details... &#xD;
 E3: E - Cannot create new device '2044' with component 'B75/7-3x1.5 BK+BK/WH+BK/YE'&#xD;
 E3: W - Component B76/7-3x0.35 BN/WH+GN+PK/GY not found in database !&#xD;
 E3: W - Cannot load Component 'B76/7-3x0.35 BN/WH+GN+PK/GY' from database - look in output window for details... &#xD;
 E3: E - Cannot create new device '2051' with component 'B76/7-3x0.35 BN/WH+GN+PK/GY'&#xD;
 E3: W - Component B48/9-2x0.13 BU+GN/WH not found in database !&#xD;
 E3: W - Cannot load Component 'B48/9-2x0.13 BU+GN/WH' from database - look in output window for details... &#xD;
 E3: E - Cannot create new device '2456' with component 'B48/9-2x0.13 BU+GN/WH'&#xD;
 E3: W - Component B48/9-2x0.13 BU+GN/WH not found in database !&#xD;
 E3: W - Cannot load Component 'B48/9-2x0.13 BU+GN/WH' from database - look in output window for details... &#xD;
 E3: E - Cannot create new device '2459' with component 'B48/9-2x0.13 BU+GN/WH'&#xD;
 E3: W - Component B76/6-2x0.35 BK/BN+WH/BK not found in database !&#xD;
 E3: W - Cannot load Component 'B76/6-2x0.35 BK/BN+WH/BK' from database - look in output window for details... &#xD;
 E3: E - Cannot create new device '2874' with component 'B76/6-2x0.35 BK/BN+WH/BK'&#xD;
 E3: W - Component B76/6-2x0.35 WH/YE+YE not found in database !&#xD;
 E3: W - Cannot load Component 'B76/6-2x0.35 WH/YE+YE' from database - look in output window for details... &#xD;
 E3: E - Cannot create new device '2877' with component 'B76/6-2x0.35 WH/YE+YE'&#xD;
 E3: W - Component B76/6-2x0.35 GN/VT+VT not found in database !&#xD;
 E3: W - Cannot load Component 'B76/6-2x0.35 GN/VT+VT' from database - look in output window for details... &#xD;
 E3: E - Cannot create new device '2883' with component 'B76/6-2x0.35 GN/VT+VT'&#xD;
 E3: W - Component B48/9-2x0.13 BK+BK/WH not found in database !&#xD;
 E3: W - Cannot load Component 'B48/9-2x0.13 BK+BK/WH' from database - look in output window for details... &#xD;
 E3: E - Cannot create new device '3981' with component 'B48/9-2x0.13 BK+BK/WH'&#xD;
 E3: W - Component B48/9-2x0.13 BU+GN/WH not found in database !&#xD;
 E3: W - Cannot load Component 'B48/9-2x0.13 BU+GN/WH' from database - look in output window for details... &#xD;
 E3: E - Cannot create new device '4031' with component 'B48/9-2x0.13 BU+GN/WH'&#xD;
 E3: W - Component B48/6-2x0.35 GN/WH+VT not found in database !&#xD;
 E3: W - Cannot load Component 'B48/6-2x0.35 GN/WH+VT' from database - look in output window for details... &#xD;
 E3: E - Cannot create new device '4116' with component 'B48/6-2x0.35 GN/WH+VT'&#xD;
 E3: W - Component B48/6-2x0.35 BK+BU/WH not found in database !&#xD;
 E3: W - Cannot load Component 'B48/6-2x0.35 BK+BU/WH' from database - look in output window for details... &#xD;
 E3: E - Cannot create new device '4128' with component 'B48/6-2x0.35 BK+BU/WH'&#xD;
 E3: W - Component B48/6-2x0.35 BU/WH+GY not found in database !&#xD;
 E3: W - Cannot load Component 'B48/6-2x0.35 BU/WH+GY' from database - look in output window for details... &#xD;
 E3: E - Cannot create new device '4137' with component 'B48/6-2x0.35 BU/WH+GY'&#xD;
 E3: W - Component H35/3-2x0.35 GN/RD+PK/RD not found in database !&#xD;
 E3: W - Cannot load Component 'H35/3-2x0.35 GN/RD+PK/RD' from database - look in output window for details... &#xD;
 E3: E - Cannot create new device '4210' with component 'H35/3-2x0.35 GN/RD+PK/RD'&#xD;
 E3: W - Component H35/3-2x0.35 GN/RD+PK/RD not found in database !&#xD;
 E3: W - Cannot load Component 'H35/3-2x0.35 GN/RD+PK/RD' from database - look in output window for details... &#xD;
 E3: E - Cannot create new device '4213' with component 'H35/3-2x0.35 GN/RD+PK/RD'&#xD;
 E3: W - Component B75/1-2x0.75 BN+RD not found in database !&#xD;
 E3: W - Cannot load Component 'B75/1-2x0.75 BN+RD' from database - look in output window for details... &#xD;
 E3: E - Cannot create new device '4216' with component 'B75/1-2x0.75 BN+RD'&#xD;
 E3: W - Component B48-2x0.5 BU+WH not found in database !&#xD;
 E3: W - Cannot load Component 'B48-2x0.5 BU+WH' from database - look in output window for details... &#xD;
 E3: E - Cannot create new device '4219' with component 'B48-2x0.5 BU+WH'&#xD;
 E3: W - Component B48-2x0.5 PK+YE not found in database !&#xD;
 E3: W - Cannot load Component 'B48-2x0.5 PK+YE' from database - look in output window for details... &#xD;
 E3: E - Cannot create new device '4222' with component 'B48-2x0.5 PK+YE'&#xD;
 E3: W - Component B48/6-2x0.35 GN/WH+GY not found in database !&#xD;
 E3: W - Cannot load Component 'B48/6-2x0.35 GN/WH+GY' from database - look in output window for details... &#xD;
 E3: E - Cannot create new device '4332' with component 'B48/6-2x0.35 GN/WH+GY'&#xD;
 E3: W - Component B43-0+9x0.35 SC+WH/GN+GN+WH/OG+OG+BU+WH/BU+WH/BN+BN+DW not found in database !&#xD;
 E3: W - Cannot load Component 'B43-0+9x0.35 SC+WH/GN+GN+WH/OG+OG+BU+WH/BU+WH/BN+BN+DW' from database - look in output window for details... &#xD;
 E3: E - Cannot create new device '4695' with component 'B43-0+9x0.35 SC+WH/GN+GN+WH/OG+OG+BU+WH/BU+WH/BN+BN+DW'&#xD;
 E3: W - Component B48/9-2x0.13 BU+GN/WH not found in database !&#xD;
 E3: W - Cannot load Component 'B48/9-2x0.13 BU+GN/WH' from database - look in output window for details... &#xD;
 E3: E - Cannot create new device '4742' with component 'B48/9-2x0.13 BU+GN/WH'&#xD;
 E3: W - Component B48/9-2x0.13 BK/WH+GN not found in database !&#xD;
 E3: W - Cannot load Component 'B48/9-2x0.13 BK/WH+GN' from database - look in output window for details... &#xD;
 E3: E - Cannot create new device '4760' with component 'B48/9-2x0.13 BK/WH+GN'&#xD;
 E3: W - Component B48/9-2x0.13 BU/WH+GN not found in database !&#xD;
 E3: W - Cannot load Component 'B48/9-2x0.13 BU/WH+GN' from database - look in output window for details... &#xD;
 E3: E - Cannot create new device '4769' with component 'B48/9-2x0.13 BU/WH+GN'&#xD;
 E3: W - Component B48/9-2x0.13 GN/WH+WH not found in database !&#xD;
 E3: W - Cannot load Component 'B48/9-2x0.13 GN/WH+WH' from database - look in output window for details... &#xD;
 E3: E - Cannot create new device '4772' with component 'B48/9-2x0.13 GN/WH+WH'&#xD;
 E3: W - Component B48/9-2x0.13 GN/WH+GY not found in database !&#xD;
 E3: W - Cannot load Component 'B48/9-2x0.13 GN/WH+GY' from database - look in output window for details... &#xD;
 E3: E - Cannot create new device '2037' with component 'B48/9-2x0.13 GN/WH+GY'&#xD;
 E3: W - Component B48/9-2x0.13 GN+GN/WH not found in database !&#xD;
 E3: W - Cannot load Component 'B48/9-2x0.13 GN+GN/WH' from database - look in output window for details... &#xD;
 E3: E - Cannot create new device '2108' with component 'B48/9-2x0.13 GN+GN/WH'&#xD;
 E3: W - Component B76-2x0.5 YE/BN+YE/BU not found in database !&#xD;
 E3: W - Cannot load Component 'B76-2x0.5 YE/BN+YE/BU' from database - look in output window for details... &#xD;
 E3: E - Cannot create new device '4989' with component 'B76-2x0.5 YE/BN+YE/BU'&#xD;
 E3: W - Component B76-2x0.5 BK+BU/PK not found in database !&#xD;
 E3: W - Cannot load Component 'B76-2x0.5 BK+BU/PK' from database - look in output window for details... &#xD;
 E3: E - Cannot create new device '4992' with component 'B76-2x0.5 BK+BU/PK'&#xD;
 E3: W - Component B48/9-2x0.13 PK+PK/WH not found in database !&#xD;
 E3: W - Cannot load Component 'B48/9-2x0.13 PK+PK/WH' from database - look in output window for details... &#xD;
 E3: E - Cannot create new device '5045' with component 'B48/9-2x0.13 PK+PK/WH'&#xD;
 E3: W - Component B48/9-2x0.13 GY+GN/WH not found in database !&#xD;
 E3: W - Cannot load Component 'B48/9-2x0.13 GY+GN/WH' from database - look in output window for details... &#xD;
 E3: E - Cannot create new device '2076' with component 'B48/9-2x0.13 GY+GN/WH'&#xD;
 E3: W - Component B48/6-2x0.35 GN+GN/WH not found in database !&#xD;
 E3: W - Cannot load Component 'B48/6-2x0.35 GN+GN/WH' from database - look in output window for details... &#xD;
 E3: E - Cannot create new device '1904' with component 'B48/6-2x0.35 GN+GN/WH'&#xD;
 E3: W - Component B48/6-2x0.35 BU/WH+WH not found in database !&#xD;
 E3: W - Cannot load Component 'B48/6-2x0.35 BU/WH+WH' from database - look in output window for details... &#xD;
 E3: E - Cannot create new device '4089' with component 'B48/6-2x0.35 BU/WH+WH'&#xD;
 E3: W - Component H37/8-2x0+4x0.14 SC+SC+BN+BU+GN+OG not found in database !&#xD;
 E3: W - Cannot load Component 'H37/8-2x0+4x0.14 SC+SC+BN+BU+GN+OG' from database - look in output window for details... &#xD;
 E3: E - Cannot create new device '4519' with component 'H37/8-2x0+4x0.14 SC+SC+BN+BU+GN+OG'&#xD;
 E3: W - Component B48/9-2x0.13 BK+WH not found in database !&#xD;
 E3: W - Cannot load Component 'B48/9-2x0.13 BK+WH' from database - look in output window for details... &#xD;
 E3: E - Cannot create new device '5927' with component 'B48/9-2x0.13 BK+WH'&#xD;
 E3: W - Component B48/9-2x0.13 GN/YE+PK/GN not found in database !&#xD;
 E3: W - Cannot load Component 'B48/9-2x0.13 GN/YE+PK/GN' from database - look in output window for details... &#xD;
 E3: E - Cannot create new device '5930' with component 'B48/9-2x0.13 GN/YE+PK/GN'&#xD;
 E3: W - Component B48/9-2x0.13 BU/BK+BU/YE not found in database !&#xD;
 E3: W - Cannot load Component 'B48/9-2x0.13 BU/BK+BU/YE' from database - look in output window for details... &#xD;
 E3: E - Cannot create new device '5933' with component 'B48/9-2x0.13 BU/BK+BU/YE'&#xD;
 E3: W - Component B48/9-2x0.13 GN+VT/WH not found in database !&#xD;
 E3: W - Cannot load Component 'B48/9-2x0.13 GN+VT/WH' from database - look in output window for details... &#xD;
 E3: E - Cannot create new device '5842' with component 'B48/9-2x0.13 GN+VT/WH'&#xD;
 E3: W - Component B48/9-2x0.13 GN+VT/WH not found in database !&#xD;
 E3: W - Cannot load Component 'B48/9-2x0.13 GN+VT/WH' from database - look in output window for details... &#xD;
 E3: E - Cannot create new device '5854' with component 'B48/9-2x0.13 GN+VT/WH'&#xD;
 E3: W - Component B48/9-2x0.13 GN+VT/WH not found in database !&#xD;
 E3: W - Cannot load Component 'B48/9-2x0.13 GN+VT/WH' from database - look in output window for details... &#xD;
 E3: E - Cannot create new device '5839' with component 'B48/9-2x0.13 GN+VT/WH'&#xD;
 E3: W - Component B48/9-2x0.13 GN+VT/WH not found in database !&#xD;
 E3: W - Cannot load Component 'B48/9-2x0.13 GN+VT/WH' from database - look in output window for details... &#xD;
 E3: E - Cannot create new device '5851' with component 'B48/9-2x0.13 GN+VT/WH'&#xD;
 E3: W - Component H35/21-2x0.13 GN+WH not found in database !&#xD;
 E3: W - Cannot load Component 'H35/21-2x0.13 GN+WH' from database - look in output window for details... &#xD;
 E3: E - Cannot create new device '5985' with component 'H35/21-2x0.13 GN+WH'&#xD;
 E3: W - Component H35/26-2x0.13 GN+WH not found in database !&#xD;
 E3: W - Cannot load Component 'H35/26-2x0.13 GN+WH' from database - look in output window for details... &#xD;
 E3: E - Cannot create new device '5195' with component 'H35/26-2x0.13 GN+WH'&#xD;
 E3: W - Component B48/6-2x0.35 GY+VT/WH not found in database !&#xD;
 E3: W - Cannot load Component 'B48/6-2x0.35 GY+VT/WH' from database - look in output window for details... &#xD;
 E3: E - Cannot create new device '4143' with component 'B48/6-2x0.35 GY+VT/WH'&#xD;
 E3: W - Component B48/6-2x0.35 GY+VT/WH not found in database !&#xD;
 E3: W - Cannot load Component 'B48/6-2x0.35 GY+VT/WH' from database - look in output window for details... &#xD;
 E3: E - Cannot create new device '4146' with component 'B48/6-2x0.35 GY+VT/WH'&#xD;
 E3: W - Component H35/6-2x0.35 GN/RD+PK/RD not found in database !&#xD;
 E3: W - Cannot load Component 'H35/6-2x0.35 GN/RD+PK/RD' from database - look in output window for details... &#xD;
 E3: E - Cannot create new device 'SL6329' with component 'H35/6-2x0.35 GN/RD+PK/RD'&#xD;
 E3: W - Component H35/21-2x0.13 GN+WH not found in database !&#xD;
 E3: W - Cannot load Component 'H35/21-2x0.13 GN+WH' from database - look in output window for details... &#xD;
 E3: E - Cannot create new device '2776' with component 'H35/21-2x0.13 GN+WH'&#xD;
 E3: W - Component H35/21-2x0.13 GN+WH not found in database !&#xD;
 E3: W - Cannot load Component 'H35/21-2x0.13 GN+WH' from database - look in output window for details... &#xD;
 E3: E - Cannot create new device '5978' with component 'H35/21-2x0.13 GN+WH'&#xD;
 E3: W - Component H35/21-2x0.13 GN+WH not found in database !&#xD;
 E3: W - Cannot load Component 'H35/21-2x0.13 GN+WH' from database - look in output window for details... &#xD;
 E3: E - Cannot create new device '5982' with component 'H35/21-2x0.13 GN+WH'&#xD;
 E3: W - Component B48/9-2x0.13 GY+GN/WH not found in database !&#xD;
 E3: W - Cannot load Component 'B48/9-2x0.13 GY+GN/WH' from database - look in output window for details... &#xD;
 E3: E - Cannot create new device 'SL6331' with component 'B48/9-2x0.13 GY+GN/WH'&#xD;
 E3: W - Component B48/9-2x0.13 GY+GN/WH not found in database !&#xD;
 E3: W - Cannot load Component 'B48/9-2x0.13 GY+GN/WH' from database - look in output window for details... &#xD;
 E3: E - Cannot create new device '2100' with component 'B48/9-2x0.13 GY+GN/WH'&#xD;
 E3: W - Component B48/9-2x0.13 GY+GN/WH not found in database !&#xD;
 E3: W - Cannot load Component 'B48/9-2x0.13 GY+GN/WH' from database - look in output window for details... &#xD;
 E3: E - Cannot create new device '2088' with component 'B48/9-2x0.13 GY+GN/WH'&#xD;
 E3: W - Component B48/9-2x0.13 GY+VT/WH not found in database !&#xD;
 E3: W - Cannot load Component 'B48/9-2x0.13 GY+VT/WH' from database - look in output window for details... &#xD;
 E3: E - Cannot create new device '3331' with component 'B48/9-2x0.13 GY+VT/WH'&#xD;
 E3: W - Component B48/9-2x0.13 GY+VT/WH not found in database !&#xD;
 E3: W - Cannot load Component 'B48/9-2x0.13 GY+VT/WH' from database - look in output window for details... &#xD;
 E3: E - Cannot create new device '4309' with component 'B48/9-2x0.13 GY+VT/WH'&#xD;
 E3: W - Component B48/9-2x0.13 GN/WH+VT not found in database !&#xD;
 E3: W - Cannot load Component 'B48/9-2x0.13 GN/WH+VT' from database - look in output window for details... &#xD;
 E3: E - Cannot create new device '5495' with component 'B48/9-2x0.13 GN/WH+VT'&#xD;
 E3: W - Component B48/9-2x0.13 BU+GN/WH not found in database !&#xD;
 E3: W - Cannot load Component 'B48/9-2x0.13 BU+GN/WH' from database - look in output window for details... &#xD;
 E3: E - Cannot create new device '2465' with component 'B48/9-2x0.13 BU+GN/WH'&#xD;
 E3: W - Component B48/9-2x0.13 BK+BK/WH not found in database !&#xD;
 E3: W - Cannot load Component 'B48/9-2x0.13 BK+BK/WH' from database - look in output window for details... &#xD;
 E3: E - Cannot create new device '3009' with component 'B48/9-2x0.13 BK+BK/WH'&#xD;
 E3: W - Component B48/9-2x0.13 BK+BK/WH not found in database !&#xD;
 E3: W - Cannot load Component 'B48/9-2x0.13 BK+BK/WH' from database - look in output window for details... &#xD;
 E3: E - Cannot create new device '3012' with component 'B48/9-2x0.13 BK+BK/WH'&#xD;
 E3: W - Component B48/9-2x0.13 PK+PK/WH not found in database !&#xD;
 E3: W - Cannot load Component 'B48/9-2x0.13 PK+PK/WH' from database - look in output window for details... &#xD;
 E3: E - Cannot create new device 'SL6337' with component 'B48/9-2x0.13 PK+PK/WH'&#xD;
 E3: W - Component B75/1-2x0.75 GY/WH+VT not found in database !&#xD;
 E3: W - Cannot load Component 'B75/1-2x0.75 GY/WH+VT' from database - look in output window for details... &#xD;
 E3: E - Cannot create new device 'SL6345' with component 'B75/1-2x0.75 GY/WH+VT'&#xD;
 E3: W - Component J20-2x0+0.35 SC+SC+NT not found in database !&#xD;
 E3: W - Cannot load Component 'J20-2x0+0.35 SC+SC+NT' from database - look in output window for details... &#xD;
 E3: E - Cannot create new device '2134' with component 'J20-2x0+0.35 SC+SC+NT'&#xD;
 E3: W - Component H37/8-2x0+4x0.14 SC+SC+BN+BU+GN+OG not found in database !&#xD;
 E3: W - Cannot load Component 'H37/8-2x0+4x0.14 SC+SC+BN+BU+GN+OG' from database - look in output window for details... &#xD;
 E3: E - Cannot create new device 'SL6350' with component 'H37/8-2x0+4x0.14 SC+SC+BN+BU+GN+OG'&#xD;
 E3: W - Component B75/3-2x1.5 BU+GN/WH not found in database !&#xD;
 E3: W - Cannot load Component 'B75/3-2x1.5 BU+GN/WH' from database - look in output window for details... &#xD;
 E3: E - Cannot create new device 'SL6357' with component 'B75/3-2x1.5 BU+GN/WH'&#xD;
 E3: W - Component B75/3-2x1.5 PK+VT/WH not found in database !&#xD;
 E3: W - Cannot load Component 'B75/3-2x1.5 PK+VT/WH' from database - look in output window for details... &#xD;
 E3: E - Cannot create new device 'SL6358' with component 'B75/3-2x1.5 PK+VT/WH'&#xD;
 E3: W - Component B75/1-2x0.75 BK/GN+BU not found in database !&#xD;
 E3: W - Cannot load Component 'B75/1-2x0.75 BK/GN+BU' from database - look in output window for details... &#xD;
 E3: E - Cannot create new device 'SL6362' with component 'B75/1-2x0.75 BK/GN+BU'&#xD;
 E3: W - Component B75/1-2x0.75 GY+PK/BK not found in database !&#xD;
 E3: W - Cannot load Component 'B75/1-2x0.75 GY+PK/BK' from database - look in output window for details... &#xD;
 E3: E - Cannot create new device 'SL6363' with component 'B75/1-2x0.75 GY+PK/BK'&#xD;
 E3: W - Component H19/8-2x0.5 BN/WH+WH not found in database !&#xD;
 E3: W - Cannot load Component 'H19/8-2x0.5 BN/WH+WH' from database - look in output window for details... &#xD;
 E3: E - Cannot create new device 'SL6368' with component 'H19/8-2x0.5 BN/WH+WH'&#xD;
 E3: W - Component B48/2-2x0.35 GN+WH not found in database !&#xD;
 E3: W - Cannot load Component 'B48/2-2x0.35 GN+WH' from database - look in output window for details... &#xD;
 E3: E - Cannot create new device 'SL6369' with component 'B48/2-2x0.35 GN+WH'&#xD;
 E3: W - Component B48/6-2x0.35 BU/WH+WH not found in database !&#xD;
 E3: W - Cannot load Component 'B48/6-2x0.35 BU/WH+WH' from database - look in output window for details... &#xD;
 E3: E - Cannot create new device '4092' with component 'B48/6-2x0.35 BU/WH+WH'&#xD;
 E3: W - Component B48/6-2x0.35 BK/WH+BU not found in database !&#xD;
 E3: W - Cannot load Component 'B48/6-2x0.35 BK/WH+BU' from database - look in output window for details... &#xD;
 E3: E - Cannot create new device '4122' with component 'B48/6-2x0.35 BK/WH+BU'&#xD;
 E3: W - Component B48/6-2x0.35 BK/WH+BU not found in database !&#xD;
 E3: W - Cannot load Component 'B48/6-2x0.35 BK/WH+BU' from database - look in output window for details... &#xD;
 E3: E - Cannot create new device '4119' with component 'B48/6-2x0.35 BK/WH+BU'&#xD;
 E3: W - Component B48/6-2x0.35 BU/WH+GY not found in database !&#xD;
 E3: W - Cannot load Component 'B48/6-2x0.35 BU/WH+GY' from database - look in output window for details... &#xD;
 E3: E - Cannot create new device 'SL6371' with component 'B48/6-2x0.35 BU/WH+GY'&#xD;
 E3: W - Component B48/6-2x0.35 GN/WH+VT not found in database !&#xD;
 E3: W - Cannot load Component 'B48/6-2x0.35 GN/WH+VT' from database - look in output window for details... &#xD;
 E3: E - Cannot create new device 'SL6373' with component 'B48/6-2x0.35 GN/WH+VT'&#xD;
 E3: W - Component B48/6-2x0.35 BK+BU/WH not found in database !&#xD;
 E3: W - Cannot load Component 'B48/6-2x0.35 BK+BU/WH' from database - look in output window for details... &#xD;
 E3: E - Cannot create new device 'SL6374' with component 'B48/6-2x0.35 BK+BU/WH'&#xD;
 E3: W - Component B48/6-2x0.35 GN/WH+GY not found in database !&#xD;
 E3: W - Cannot load Component 'B48/6-2x0.35 GN/WH+GY' from database - look in output window for details... &#xD;
 E3: E - Cannot create new device '4152' with component 'B48/6-2x0.35 GN/WH+GY'&#xD;
 E3: W - Component B48/6-2x0.35 GN/WH+PK not found in database !&#xD;
 E3: W - Cannot load Component 'B48/6-2x0.35 GN/WH+PK' from database - look in output window for details... &#xD;
 E3: E - Cannot create new device 'SL6375' with component 'B48/6-2x0.35 GN/WH+PK'&#xD;
 E3: W - Component B48/6-2x0.35 BU/WH+PK not found in database !&#xD;
 E3: W - Cannot load Component 'B48/6-2x0.35 BU/WH+PK' from database - look in output window for details... &#xD;
 E3: E - Cannot create new device 'SL6377' with component 'B48/6-2x0.35 BU/WH+PK'&#xD;
 E3: W - Component B48/6-2x0.35 BK/WH+PK not found in database !&#xD;
 E3: W - Cannot load Component 'B48/6-2x0.35 BK/WH+PK' from database - look in output window for details... &#xD;
 E3: E - Cannot create new device 'SL6378' with component 'B48/6-2x0.35 BK/WH+PK'&#xD;
 E3: W - Component B48/6-2x0.35 GY/WH+PK not found in database !&#xD;
 E3: W - Cannot load Component 'B48/6-2x0.35 GY/WH+PK' from database - look in output window for details... &#xD;
 E3: E - Cannot create new device 'SL6379' with component 'B48/6-2x0.35 GY/WH+PK'&#xD;
 E3: W - Component B48/6-2x0.35 YE+YE/WH not found in database !&#xD;
 E3: W - Cannot load Component 'B48/6-2x0.35 YE+YE/WH' from database - look in output window for details... &#xD;
 E3: E - Cannot create new device '4674' with component 'B48/6-2x0.35 YE+YE/WH'&#xD;
 E3: W - Component B43-0+9x0.35 SC+WH/GN+GN+WH/OG+OG+BU+WH/BU+WH/BN+BN+DW not found in database !&#xD;
 E3: W - Cannot load Component 'B43-0+9x0.35 SC+WH/GN+GN+WH/OG+OG+BU+WH/BU+WH/BN+BN+DW' from database - look in output window for details... &#xD;
 E3: E - Cannot create new device 'SL6380' with component 'B43-0+9x0.35 SC+WH/GN+GN+WH/OG+OG+BU+WH/BU+WH/BN+BN+DW'&#xD;
 E3: W - Component B48/9-2x0.13 GN+GN/WH not found in database !&#xD;
 E3: W - Cannot load Component 'B48/9-2x0.13 GN+GN/WH' from database - look in output window for details... &#xD;
 E3: E - Cannot create new device '4258' with component 'B48/9-2x0.13 GN+GN/WH'&#xD;
 E3: W - Component B48/9-2x0.13 BU+GN/WH not found in database !&#xD;
 E3: W - Cannot load Component 'B48/9-2x0.13 BU+GN/WH' from database - look in output window for details... &#xD;
 E3: E - Cannot create new device '4739' with component 'B48/9-2x0.13 BU+GN/WH'&#xD;
 E3: W - Component B48/9-2x0.13 BU+GN/WH not found in database !&#xD;
 E3: W - Cannot load Component 'B48/9-2x0.13 BU+GN/WH' from database - look in output window for details... &#xD;
 E3: E - Cannot create new device '4745' with component 'B48/9-2x0.13 BU+GN/WH'&#xD;
 E3: W - Component B48/9-2x0.13 BU+GN/WH not found in database !&#xD;
 E3: W - Cannot load Component 'B48/9-2x0.13 BU+GN/WH' from database - look in output window for details... &#xD;
 E3: E - Cannot create new device '4733' with component 'B48/9-2x0.13 BU+GN/WH'&#xD;
 E3: W - Component H35/6-2x0.35 GN/RD+PK/RD not found in database !&#xD;
 E3: W - Cannot load Component 'H35/6-2x0.35 GN/RD+PK/RD' from database - look in output window for details... &#xD;
 E3: E - Cannot create new device '5602' with component 'H35/6-2x0.35 GN/RD+PK/RD'&#xD;
 E3: W - Component B48/9-2x0.13 GN+VT/WH not found in database !&#xD;
 E3: W - Cannot load Component 'B48/9-2x0.13 GN+VT/WH' from database - look in output window for details... &#xD;
 E3: E - Cannot create new device 'SL6386' with component 'B48/9-2x0.13 GN+VT/WH'&#xD;
 E3: W - Component B76/1-2x0.75 BK/YE+WH/BU not found in database !&#xD;
 E3: W - Cannot load Component 'B76/1-2x0.75 BK/YE+WH/BU' from database - look in output window for details... &#xD;
 E3: E - Cannot create new device 'SL6394' with component 'B76/1-2x0.75 BK/YE+WH/BU'&#xD;
 E3: W - Component B76/1-2x0.75 GN/GY+YE/GY not found in database !&#xD;
 E3: W - Cannot load Component 'B76/1-2x0.75 GN/GY+YE/GY' from database - look in output window for details... &#xD;
 E3: E - Cannot create new device 'SL6395' with component 'B76/1-2x0.75 GN/GY+YE/GY'&#xD;
 E3: W - Component H37/8-2x0+4x0.14 SC+SC+BN+BU+GN+OG not found in database !&#xD;
 E3: W - Cannot load Component 'H37/8-2x0+4x0.14 SC+SC+BN+BU+GN+OG' from database - look in output window for details... &#xD;
 E3: E - Cannot create new device 'SL6396' with component 'H37/8-2x0+4x0.14 SC+SC+BN+BU+GN+OG'&#xD;
 E3: W - Component J20-2x0+0.35 SC+SC+NT not found in database !&#xD;
 E3: W - Cannot load Component 'J20-2x0+0.35 SC+SC+NT' from database - look in output window for details... &#xD;
 E3: E - Cannot create new device '2126' with component 'J20-2x0+0.35 SC+SC+NT'&#xD;
 E3: W - Component H37/8-2x0+4x0.14 SC+SC+BN+BU+GN+OG not found in database !&#xD;
 E3: W - Cannot load Component 'H37/8-2x0+4x0.14 SC+SC+BN+BU+GN+OG' from database - look in output window for details... &#xD;
 E3: E - Cannot create new device '6320' with component 'H37/8-2x0+4x0.14 SC+SC+BN+BU+GN+OG'&#xD;
 E3: W - Component B48/2-2x0.35 PK+PK/WH not found in database !&#xD;
 E3: W - Cannot load Component 'B48/2-2x0.35 PK+PK/WH' from database - look in output window for details... &#xD;
 E3: E - Cannot create new device '4766' with component 'B48/2-2x0.35 PK+PK/WH'&#xD;
 E3: W - Component B48/2-2x0.35 PK+PK/WH not found in database !&#xD;
 E3: W - Cannot load Component 'B48/2-2x0.35 PK+PK/WH' from database - look in output window for details... &#xD;
 E3: E - Cannot create new device '5393' with component 'B48/2-2x0.35 PK+PK/WH'&#xD;
 E3: W - Component H37/8-2x0+4x0.14 SC+SC+BN+BU+GN+OG not found in database !&#xD;
 E3: W - Cannot load Component 'H37/8-2x0+4x0.14 SC+SC+BN+BU+GN+OG' from database - look in output window for details... &#xD;
 E3: E - Cannot create new device '6310' with component 'H37/8-2x0+4x0.14 SC+SC+BN+BU+GN+OG'&#xD;
 E3: W - Component J20-2x0+0.35 SC+SC+NT not found in database !&#xD;
 E3: W - Cannot load Component 'J20-2x0+0.35 SC+SC+NT' from database - look in output window for details... &#xD;
 E3: E - Cannot create new device '3225' with component 'J20-2x0+0.35 SC+SC+NT'&#xD;
 E3: W - Component B48/9-2x0.13 BU+GN/WH not found in database !&#xD;
 E3: W - Cannot load Component 'B48/9-2x0.13 BU+GN/WH' from database - look in output window for details... &#xD;
 E3: E - Cannot create new device '4680' with component 'B48/9-2x0.13 BU+GN/WH'&#xD;
 E3: W - Component B48/9-2x0.13 BU+GN/WH not found in database !&#xD;
 E3: W - Cannot load Component 'B48/9-2x0.13 BU+GN/WH' from database - look in output window for details... &#xD;
 E3: E - Cannot create new device '4811' with component 'B48/9-2x0.13 BU+GN/WH'&#xD;
 E3: W - Component B48/9-2x0.13 BU/WH+WH not found in database !&#xD;
 E3: W - Cannot load Component 'B48/9-2x0.13 BU/WH+WH' from database - look in output window for details... &#xD;
 E3: E - Cannot create new device 'SL6397' with component 'B48/9-2x0.13 BU/WH+WH'&#xD;
 E3: W - Component B48/9-2x0.13 BU+GN/WH not found in database !&#xD;
 E3: W - Cannot load Component 'B48/9-2x0.13 BU+GN/WH' from database - look in output window for details... &#xD;
 E3: E - Cannot create new device '3776' with component 'B48/9-2x0.13 BU+GN/WH'&#xD;
 E3: W - Component H35/21-2x0.13 GN+WH not found in database !&#xD;
 E3: W - Cannot load Component 'H35/21-2x0.13 GN+WH' from database - look in output window for details... &#xD;
 E3: E - Cannot create new device '3076' with component 'H35/21-2x0.13 GN+WH'&#xD;
 E3: W - Component H35/3-2x0.35 GN/WH+PK/WH not found in database !&#xD;
 E3: W - Cannot load Component 'H35/3-2x0.35 GN/WH+PK/WH' from database - look in output window for details... &#xD;
 E3: E - Cannot create new device 'SL6400' with component 'H35/3-2x0.35 GN/WH+PK/WH'&#xD;
 E3: W - Component H35/6-2x0.35 GN/GY+PK/GY not found in database !&#xD;
 E3: W - Cannot load Component 'H35/6-2x0.35 GN/GY+PK/GY' from database - look in output window for details... &#xD;
 E3: E - Cannot create new device 'SL6401' with component 'H35/6-2x0.35 GN/GY+PK/GY'&#xD;
 E3: W - Component H35/3-2x0.35 GN/RD+PK/RD not found in database !&#xD;
 E3: W - Cannot load Component 'H35/3-2x0.35 GN/RD+PK/RD' from database - look in output window for details... &#xD;
 E3: E - Cannot create new device 'SL6402' with component 'H35/3-2x0.35 GN/RD+PK/RD'&#xD;
 E3: W - Component H35/6-2x0.35 GN+PK not found in database !&#xD;
 E3: W - Cannot load Component 'H35/6-2x0.35 GN+PK' from database - look in output window for details... &#xD;
 E3: E - Cannot create new device '1629' with component 'H35/6-2x0.35 GN+PK'&#xD;
 E3: W - Component H35/3-2x0.35 GN/BU+PK/BU not found in database !&#xD;
 E3: W - Cannot load Component 'H35/3-2x0.35 GN/BU+PK/BU' from database - look in output window for details... &#xD;
 E3: E - Cannot create new device '1581' with component 'H35/3-2x0.35 GN/BU+PK/BU'&#xD;
 E3: W - Component H35/3-2x0.35 GN/BU+PK/BU not found in database !&#xD;
 E3: W - Cannot load Component 'H35/3-2x0.35 GN/BU+PK/BU' from database - look in output window for details... &#xD;
 E3: E - Cannot create new device 'SL6403' with component 'H35/3-2x0.35 GN/BU+PK/BU'&#xD;
 E3: W - Component H35/3-2x0.35 GN/BU+PK/BU not found in database !&#xD;
 E3: W - Cannot load Component 'H35/3-2x0.35 GN/BU+PK/BU' from database - look in output window for details... &#xD;
 E3: E - Cannot create new device 'SL6404' with component 'H35/3-2x0.35 GN/BU+PK/BU'&#xD;
 E3: W - Component H35/3-2x0.35 GN/BU+PK/BU not found in database !&#xD;
 E3: W - Cannot load Component 'H35/3-2x0.35 GN/BU+PK/BU' from database - look in output window for details... &#xD;
 E3: E - Cannot create new device 'SL6405' with component 'H35/3-2x0.35 GN/BU+PK/BU'&#xD;
 E3: W - Component H35/6-2x0.35 GN/GY+PK/GY not found in database !&#xD;
 E3: W - Cannot load Component 'H35/6-2x0.35 GN/GY+PK/GY' from database - look in output window for details... &#xD;
 E3: E - Cannot create new device 'SL6407' with component 'H35/6-2x0.35 GN/GY+PK/GY'&#xD;
 E3: W - Component H35/6-2x0.35 GN+PK not found in database !&#xD;
 E3: W - Cannot load Component 'H35/6-2x0.35 GN+PK' from database - look in output window for details... &#xD;
 E3: E - Cannot create new device 'SL6408' with component 'H35/6-2x0.35 GN+PK'&#xD;
 E3: W - Component H35/6-2x0.35 GN/GY+PK/GY not found in database !&#xD;
 E3: W - Cannot load Component 'H35/6-2x0.35 GN/GY+PK/GY' from database - look in output window for details... &#xD;
 E3: E - Cannot create new device 'SL6409' with component 'H35/6-2x0.35 GN/GY+PK/GY'&#xD;
 E3: W - Component H35/6-2x0.35 GN/RD+PK/RD not found in database !&#xD;
 E3: W - Cannot load Component 'H35/6-2x0.35 GN/RD+PK/RD' from database - look in output window for details... &#xD;
 E3: E - Cannot create new device 'SL6411' with component 'H35/6-2x0.35 GN/RD+PK/RD'&#xD;
 E3: W - Component H35/6-2x0.35 GN/RD+PK/RD not found in database !&#xD;
 E3: W - Cannot load Component 'H35/6-2x0.35 GN/RD+PK/RD' from database - look in output window for details... &#xD;
 E3: E - Cannot create new device 'SL6412' with component 'H35/6-2x0.35 GN/RD+PK/RD'&#xD;
 E3: W - Component H35/6-2x0.35 GN/WH+PK/WH not found in database !&#xD;
 E3: W - Cannot load Component 'H35/6-2x0.35 GN/WH+PK/WH' from database - look in output window for details... &#xD;
 E3: E - Cannot create new device 'SL6414' with component 'H35/6-2x0.35 GN/WH+PK/WH'&#xD;
 E3: W - Component H35/21-2x0.13 GN+WH not found in database !&#xD;
 E3: W - Cannot load Component 'H35/21-2x0.13 GN+WH' from database - look in output window for details... &#xD;
 E3: E - Cannot create new device '2731' with component 'H35/21-2x0.13 GN+WH'&#xD;
 E3: W - Component H35/21-2x0.13 GN+WH not found in database !&#xD;
 E3: W - Cannot load Component 'H35/21-2x0.13 GN+WH' from database - look in output window for details... &#xD;
 E3: E - Cannot create new device 'SL6415' with component 'H35/21-2x0.13 GN+WH'&#xD;
 E3: W - Component H35/21-2x0.13 GN+WH not found in database !&#xD;
 E3: W - Cannot load Component 'H35/21-2x0.13 GN+WH' from database - look in output window for details... &#xD;
 E3: E - Cannot create new device 'SL6416' with component 'H35/21-2x0.13 GN+WH'&#xD;
 E3: W - Component H35/21-2x0.13 GN+WH not found in database !&#xD;
 E3: W - Cannot load Component 'H35/21-2x0.13 GN+WH' from database - look in output window for details... &#xD;
 E3: E - Cannot create new device 'SL6417' with component 'H35/21-2x0.13 GN+WH'&#xD;
 E3: W - Component H35/21-2x0.13 GN+WH not found in database !&#xD;
 E3: W - Cannot load Component 'H35/21-2x0.13 GN+WH' from database - look in output window for details... &#xD;
 E3: E - Cannot create new device 'SL6418' with component 'H35/21-2x0.13 GN+WH'&#xD;
 E3: W - Component H35/21-2x0.13 GN+WH not found in database !&#xD;
 E3: W - Cannot load Component 'H35/21-2x0.13 GN+WH' from database - look in output window for details... &#xD;
 E3: E - Cannot create new device 'SL6419' with component 'H35/21-2x0.13 GN+WH'&#xD;
 E3: W - Component H35/21-2x0.13 GN+WH not found in database !&#xD;
 E3: W - Cannot load Component 'H35/21-2x0.13 GN+WH' from database - look in output window for details... &#xD;
 E3: E - Cannot create new device 'SL6420' with component 'H35/21-2x0.13 GN+WH'&#xD;
 E3: W - Component H35/3-2x0.35 GN+PK not found in database !&#xD;
 E3: W - Cannot load Component 'H35/3-2x0.35 GN+PK' from database - look in output window for details... &#xD;
 E3: E - Cannot create new device '2726' with component 'H35/3-2x0.35 GN+PK'&#xD;
 E3: W - Component H35/5-2x0.35 BU+WH/BK not found in database !&#xD;
 E3: W - Cannot load Component 'H35/5-2x0.35 BU+WH/BK' from database - look in output window for details... &#xD;
 E3: E - Cannot create new device 'SL6421' with component 'H35/5-2x0.35 BU+WH/BK'&#xD;
 E3: W - Component H35/21-2x0.13 GN+WH not found in database !&#xD;
 E3: W - Cannot load Component 'H35/21-2x0.13 GN+WH' from database - look in output window for details... &#xD;
 E3: E - Cannot create new device 'SL6422' with component 'H35/21-2x0.13 GN+WH'&#xD;
 E3: W - Component H35/21-2x0.13 GN+WH not found in database !&#xD;
 E3: W - Cannot load Component 'H35/21-2x0.13 GN+WH' from database - look in output window for details... &#xD;
 E3: E - Cannot create new device 'SL6423' with component 'H35/21-2x0.13 GN+WH'&#xD;
 E3: W - Component B48/9-2x0.13 GN/WH+GY not found in database !&#xD;
 E3: W - Cannot load Component 'B48/9-2x0.13 GN/WH+GY' from database - look in output window for details... &#xD;
 E3: E - Cannot create new device '5281' with component 'B48/9-2x0.13 GN/WH+GY'&#xD;
 E3: W - Component B48/9-2x0.13 GN/WH+GY not found in database !&#xD;
 E3: W - Cannot load Component 'B48/9-2x0.13 GN/WH+GY' from database - look in output window for details... &#xD;
 E3: E - Cannot create new device '4823' with component 'B48/9-2x0.13 GN/WH+GY'&#xD;
 E3: W - Component B48/9-2x0.13 GN/WH+GY not found in database !&#xD;
 E3: W - Cannot load Component 'B48/9-2x0.13 GN/WH+GY' from database - look in output window for details... &#xD;
 E3: E - Cannot create new device '3325' with component 'B48/9-2x0.13 GN/WH+GY'&#xD;
 E3: W - Component B48/9-2x0.13 GN/WH+GY not found in database !&#xD;
 E3: W - Cannot load Component 'B48/9-2x0.13 GN/WH+GY' from database - look in output window for details... &#xD;
 E3: E - Cannot create new device '4034' with component 'B48/9-2x0.13 GN/WH+GY'&#xD;
 E3: W - Component B48/2-2x0.35 GN/WH+GY not found in database !&#xD;
 E3: W - Cannot load Component 'B48/2-2x0.35 GN/WH+GY' from database - look in output window for details... &#xD;
 E3: E - Cannot create new device 'SL6424' with component 'B48/2-2x0.35 GN/WH+GY'&#xD;
 E3: W - Component B48/9-2x0.13 GN/WH+GY not found in database !&#xD;
 E3: W - Cannot load Component 'B48/9-2x0.13 GN/WH+GY' from database - look in output window for details... &#xD;
 E3: E - Cannot create new device '5524' with component 'B48/9-2x0.13 GN/WH+GY'&#xD;
 E3: W - Component B48/9-2x0.13 GY+VT/WH not found in database !&#xD;
 E3: W - Cannot load Component 'B48/9-2x0.13 GY+VT/WH' from database - look in output window for details... &#xD;
 E3: E - Cannot create new device 'SL6425' with component 'B48/9-2x0.13 GY+VT/WH'&#xD;
 E3: W - Component B48/9-2x0.13 GY+VT/WH not found in database !&#xD;
 E3: W - Cannot load Component 'B48/9-2x0.13 GY+VT/WH' from database - look in output window for details... &#xD;
 E3: E - Cannot create new device 'SL6426' with component 'B48/9-2x0.13 GY+VT/WH'&#xD;
 E3: W - Component B48/9-2x0.13 GY+VT/WH not found in database !&#xD;
 E3: W - Cannot load Component 'B48/9-2x0.13 GY+VT/WH' from database - look in output window for details... &#xD;
 E3: E - Cannot create new device 'SL6427' with component 'B48/9-2x0.13 GY+VT/WH'&#xD;
 E3: W - Component B48/9-2x0.13 GY+VT/WH not found in database !&#xD;
 E3: W - Cannot load Component 'B48/9-2x0.13 GY+VT/WH' from database - look in output window for details... &#xD;
 E3: E - Cannot create new device 'SL6428' with component 'B48/9-2x0.13 GY+VT/WH'&#xD;
 E3: W - Component B48/9-2x0.13 GY+VT/WH not found in database !&#xD;
 E3: W - Cannot load Component 'B48/9-2x0.13 GY+VT/WH' from database - look in output window for details... &#xD;
 E3: E - Cannot create new device 'SL6429' with component 'B48/9-2x0.13 GY+VT/WH'&#xD;
 E3: W - Component B48/9-2x0.13 GY+VT/WH not found in database !&#xD;
 E3: W - Cannot load Component 'B48/9-2x0.13 GY+VT/WH' from database - look in output window for details... &#xD;
 E3: E - Cannot create new device 'SL6430' with component 'B48/9-2x0.13 GY+VT/WH'&#xD;
 E3: W - Component B48/9-2x0.13 GY+VT/WH not found in database !&#xD;
 E3: W - Cannot load Component 'B48/9-2x0.13 GY+VT/WH' from database - look in output window for details... &#xD;
 E3: E - Cannot create new device 'SL6431' with component 'B48/9-2x0.13 GY+VT/WH'&#xD;
 E3: W - Component B48/9-2x0.13 GY+VT/WH not found in database !&#xD;
 E3: W - Cannot load Component 'B48/9-2x0.13 GY+VT/WH' from database - look in output window for details... &#xD;
 E3: E - Cannot create new device 'SL6432' with component 'B48/9-2x0.13 GY+VT/WH'&#xD;
 E3: W - Component B48/9-2x0.13 BU/WH+GY not found in database !&#xD;
 E3: W - Cannot load Component 'B48/9-2x0.13 BU/WH+GY' from database - look in output window for details... &#xD;
 E3: E - Cannot create new device 'SL6433' with component 'B48/9-2x0.13 BU/WH+GY'&#xD;
 E3: W - Component B48/9-2x0.13 BU/WH+GY not found in database !&#xD;
 E3: W - Cannot load Component 'B48/9-2x0.13 BU/WH+GY' from database - look in output window for details... &#xD;
 E3: E - Cannot create new device 'SL6434' with component 'B48/9-2x0.13 BU/WH+GY'&#xD;
 E3: W - Component B48/9-2x0.13 BU/WH+GY not found in database !&#xD;
 E3: W - Cannot load Component 'B48/9-2x0.13 BU/WH+GY' from database - look in output window for details... &#xD;
 E3: E - Cannot create new device 'SL6435' with component 'B48/9-2x0.13 BU/WH+GY'&#xD;
 E3: W - Component B48/9-2x0.13 GN/WH+VT not found in database !&#xD;
 E3: W - Cannot load Component 'B48/9-2x0.13 GN/WH+VT' from database - look in output window for details... &#xD;
 E3: E - Cannot create new device '3715' with component 'B48/9-2x0.13 GN/WH+VT'&#xD;
 E3: W - Component B48/9-2x0.13 VT+GN/WH not found in database !&#xD;
 E3: W - Cannot load Component 'B48/9-2x0.13 VT+GN/WH' from database - look in output window for details... &#xD;
 E3: E - Cannot create new device 'SL6436' with component 'B48/9-2x0.13 VT+GN/WH'&#xD;
 E3: W - Component B48/9-2x0.13 VT+GN/WH not found in database !&#xD;
 E3: W - Cannot load Component 'B48/9-2x0.13 VT+GN/WH' from database - look in output window for details... &#xD;
 E3: E - Cannot create new device 'SL6437' with component 'B48/9-2x0.13 VT+GN/WH'&#xD;
 E3: W - Component B76/6-2x0.35 BU+BU/WH not found in database !&#xD;
 E3: W - Cannot load Component 'B76/6-2x0.35 BU+BU/WH' from database - look in output window for details... &#xD;
 E3: E - Cannot create new device '3443' with component 'B76/6-2x0.35 BU+BU/WH'&#xD;
 E3: W - Component U60/1-2x0.35 BK/WH+GN not found in database !&#xD;
 E3: W - Cannot load Component 'U60/1-2x0.35 BK/WH+GN' from database - look in output window for details... &#xD;
 E3: E - Cannot create new device '3990' with component 'U60/1-2x0.35 BK/WH+GN'&#xD;
 E3: W - Component U60/1-2x0.35 BK/WH+GN not found in database !&#xD;
 E3: W - Cannot load Component 'U60/1-2x0.35 BK/WH+GN' from database - look in output window for details... &#xD;
 E3: E - Cannot create new device 'SL6438' with component 'U60/1-2x0.35 BK/WH+GN'&#xD;
 E3: W - Component B48/9-2x0.13 BU+GN/WH not found in database !&#xD;
 E3: W - Cannot load Component 'B48/9-2x0.13 BU+GN/WH' from database - look in output window for details... &#xD;
 E3: E - Cannot create new device 'SL6440' with component 'B48/9-2x0.13 BU+GN/WH'&#xD;
 E3: W - Component B48/9-2x0.13 BK+BK/WH not found in database !&#xD;
 E3: W - Cannot load Component 'B48/9-2x0.13 BK+BK/WH' from database - look in output window for details... &#xD;
 E3: E - Cannot create new device '3000' with component 'B48/9-2x0.13 BK+BK/WH'&#xD;
 E3: W - Component B48/9-2x0.13 BK+BU/WH not found in database !&#xD;
 E3: W - Cannot load Component 'B48/9-2x0.13 BK+BU/WH' from database - look in output window for details... &#xD;
 E3: E - Cannot create new device '3934' with component 'B48/9-2x0.13 BK+BU/WH'&#xD;
 E3: W - Component B48/6-2x0.35 BK/WH+BU not found in database !&#xD;
 E3: W - Cannot load Component 'B48/6-2x0.35 BK/WH+BU' from database - look in output window for details... &#xD;
 E3: E - Cannot create new device 'SL6443' with component 'B48/6-2x0.35 BK/WH+BU'&#xD;
 E3: W - Component B48/9-2x0.13 BK/WH+BU not found in database !&#xD;
 E3: W - Cannot load Component 'B48/9-2x0.13 BK/WH+BU' from database - look in output window for details... &#xD;
 E3: E - Cannot create new device 'SL6444' with component 'B48/9-2x0.13 BK/WH+BU'&#xD;
 E3: W - Component B48/9-2x0.13 BK/WH+BU not found in database !&#xD;
 E3: W - Cannot load Component 'B48/9-2x0.13 BK/WH+BU' from database - look in output window for details... &#xD;
 E3: E - Cannot create new device 'SL6445' with component 'B48/9-2x0.13 BK/WH+BU'&#xD;
 E3: W - Component B48/9-2x0.13 GN+GN/WH not found in database !&#xD;
 E3: W - Cannot load Component 'B48/9-2x0.13 GN+GN/WH' from database - look in output window for details... &#xD;
 E3: E - Cannot create new device 'SL6446' with component 'B48/9-2x0.13 GN+GN/WH'&#xD;
 E3: W - Component B48/9-2x0.13 GN+GN/WH not found in database !&#xD;
 E3: W - Cannot load Component 'B48/9-2x0.13 GN+GN/WH' from database - look in output window for details... &#xD;
 E3: E - Cannot create new device 'SL6447' with component 'B48/9-2x0.13 GN+GN/WH'&#xD;
 E3: W - Component B48/9-2x0.13 GN+GN/WH not found in database !&#xD;
 E3: W - Cannot load Component 'B48/9-2x0.13 GN+GN/WH' from database - look in output window for details... &#xD;
 E3: E - Cannot create new device 'SL6448' with component 'B48/9-2x0.13 GN+GN/WH'&#xD;
 E3: W - Component B48/9-2x0.13 PK+PK/WH not found in database !&#xD;
 E3: W - Cannot load Component 'B48/9-2x0.13 PK+PK/WH' from database - look in output window for details... &#xD;
 E3: E - Cannot create new device 'SL6449' with component 'B48/9-2x0.13 PK+PK/WH'&#xD;
 E3: W - Component H35/15-2x0.13 BK+GN/WH not found in database !&#xD;
 E3: W - Cannot load Component 'H35/15-2x0.13 BK+GN/WH' from database - look in output window for details... &#xD;
 E3: E - Cannot create new device 'SL6450' with component 'H35/15-2x0.13 BK+GN/WH'&#xD;
 E3: W - Component H35/15-2x0.13 BK+GN/WH not found in database !&#xD;
 E3: W - Cannot load Component 'H35/15-2x0.13 BK+GN/WH' from database - look in output window for details... &#xD;
 E3: E - Cannot create new device 'SL6451' with component 'H35/15-2x0.13 BK+GN/WH'&#xD;
 E3: W - Component U60/1-2x0.35 BU+BU/WH not found in database !&#xD;
 E3: W - Cannot load Component 'U60/1-2x0.35 BU+BU/WH' from database - look in output window for details... &#xD;
 E3: E - Cannot create new device 'SL6455' with component 'U60/1-2x0.35 BU+BU/WH'&#xD;
 E3: W - Component B48/2-2x0.35 PK+PK/WH not found in database !&#xD;
 E3: W - Cannot load Component 'B48/2-2x0.35 PK+PK/WH' from database - look in output window for details... &#xD;
 E3: E - Cannot create new device 'SL6456' with component 'B48/2-2x0.35 PK+PK/WH'&#xD;
 E3: W - Component B48-2x0.5 PK/YE+VT not found in database !&#xD;
 E3: W - Cannot load Component 'B48-2x0.5 PK/YE+VT' from database - look in output window for details... &#xD;
 E3: E - Cannot create new device '3567' with component 'B48-2x0.5 PK/YE+VT'&#xD;
 E3: W - Component B48/6-2x0.35 BK+RD/YE not found in database !&#xD;
 E3: W - Cannot load Component 'B48/6-2x0.35 BK+RD/YE' from database - look in output window for details... &#xD;
 E3: E - Cannot create new device 'SL6457' with component 'B48/6-2x0.35 BK+RD/YE'&#xD;
 E3: W - Component B48/6-2x0.35 BU+BN not found in database !&#xD;
 E3: W - Cannot load Component 'B48/6-2x0.35 BU+BN' from database - look in output window for details... &#xD;
 E3: E - Cannot create new device 'SL6458' with component 'B48/6-2x0.35 BU+BN'&#xD;
 E3: W - Component B48/6-2x0.35 BK/GY+BN not found in database !&#xD;
 E3: W - Cannot load Component 'B48/6-2x0.35 BK/GY+BN' from database - look in output window for details... &#xD;
 E3: E - Cannot create new device 'SL6459' with component 'B48/6-2x0.35 BK/GY+BN'&#xD;
 E3: W - Component B48/6-2x0.35 BN/VT+GN/YE not found in database !&#xD;
 E3: W - Cannot load Component 'B48/6-2x0.35 BN/VT+GN/YE' from database - look in output window for details... &#xD;
 E3: E - Cannot create new device 'SL6460' with component 'B48/6-2x0.35 BN/VT+GN/YE'&#xD;
 E3: W - Component B48/6-2x0.35 BN/WH+BU/YE not found in database !&#xD;
 E3: W - Cannot load Component 'B48/6-2x0.35 BN/WH+BU/YE' from database - look in output window for details... &#xD;
 E3: E - Cannot create new device 'SL6461' with component 'B48/6-2x0.35 BN/WH+BU/YE'&#xD;
 E3: W - Component B48/6-2x0.35 RD+WH not found in database !&#xD;
 E3: W - Cannot load Component 'B48/6-2x0.35 RD+WH' from database - look in output window for details... &#xD;
 E3: E - Cannot create new device 'SL6462' with component 'B48/6-2x0.35 RD+WH'&#xD;
 E3: W - Component B48/6-2x0.35 GY/BN+GY/BU not found in database !&#xD;
 E3: W - Cannot load Component 'B48/6-2x0.35 GY/BN+GY/BU' from database - look in output window for details... &#xD;
 E3: E - Cannot create new device 'SL6463' with component 'B48/6-2x0.35 GY/BN+GY/BU'&#xD;
 E3: W - Component B48/6-2x0.35 GY/BK+GY/VT not found in database !&#xD;
 E3: W - Cannot load Component 'B48/6-2x0.35 GY/BK+GY/VT' from database - look in output window for details... &#xD;
 E3: E - Cannot create new device 'SL6464' with component 'B48/6-2x0.35 GY/BK+GY/VT'&#xD;
 E3: W - Component B48/6-2x0.35 BK/YE+GN not found in database !&#xD;
 E3: W - Cannot load Component 'B48/6-2x0.35 BK/YE+GN' from database - look in output window for details... &#xD;
 E3: E - Cannot create new device 'SL6465' with component 'B48/6-2x0.35 BK/YE+GN'&#xD;
 E3: W - Component B48/6-2x0.35 BK/YE+BN not found in database !&#xD;
 E3: W - Cannot load Component 'B48/6-2x0.35 BK/YE+BN' from database - look in output window for details... &#xD;
 E3: E - Cannot create new device 'SL6466' with component 'B48/6-2x0.35 BK/YE+BN'&#xD;
 E3: W - Component B48/6-2x0.35 GN+GY/YE not found in database !&#xD;
 E3: W - Cannot load Component 'B48/6-2x0.35 GN+GY/YE' from database - look in output window for details... &#xD;
 E3: E - Cannot create new device 'SL6469' with component 'B48/6-2x0.35 GN+GY/YE'&#xD;
 E3: W - Component B48/6-2x0.35 GY/YE+VT not found in database !&#xD;
 E3: W - Cannot load Component 'B48/6-2x0.35 GY/YE+VT' from database - look in output window for details... &#xD;
 E3: E - Cannot create new device 'SL6470' with component 'B48/6-2x0.35 GY/YE+VT'&#xD;
 E3: W - Component B48/6-2x0.35 BN/YE+BU not found in database !&#xD;
 E3: W - Cannot load Component 'B48/6-2x0.35 BN/YE+BU' from database - look in output window for details... &#xD;
 E3: E - Cannot create new device 'SL6471' with component 'B48/6-2x0.35 BN/YE+BU'&#xD;
 E3: W - Component B48/6-2x0.35 BN/WH+BU/WH not found in database !&#xD;
 E3: W - Cannot load Component 'B48/6-2x0.35 BN/WH+BU/WH' from database - look in output window for details... &#xD;
 E3: E - Cannot create new device 'SL6472' with component 'B48/6-2x0.35 BN/WH+BU/WH'&#xD;
 E3: W - Component B48/6-2x0.35 BK+VT/YE not found in database !&#xD;
 E3: W - Cannot load Component 'B48/6-2x0.35 BK+VT/YE' from database - look in output window for details... &#xD;
 E3: E - Cannot create new device 'SL6473' with component 'B48/6-2x0.35 BK+VT/YE'&#xD;
 E3: W - Component B48/6-2x0.35 BU+VT/YE not found in database !&#xD;
 E3: W - Cannot load Component 'B48/6-2x0.35 BU+VT/YE' from database - look in output window for details... &#xD;
 E3: E - Cannot create new device 'SL6474' with component 'B48/6-2x0.35 BU+VT/YE'&#xD;
 E3: W - Component B48/6-2x0.35 BU/YE+GY not found in database !&#xD;
 E3: W - Cannot load Component 'B48/6-2x0.35 BU/YE+GY' from database - look in output window for details... &#xD;
 E3: E - Cannot create new device 'SL6477' with component 'B48/6-2x0.35 BU/YE+GY'&#xD;
 E3: W - Component B48/6-2x0.35 BU/YE+GN not found in database !&#xD;
 E3: W - Cannot load Component 'B48/6-2x0.35 BU/YE+GN' from database - look in output window for details... &#xD;
 E3: E - Cannot create new device 'SL6478' with component 'B48/6-2x0.35 BU/YE+GN'&#xD;
 E3: W - Component B48/6-2x0.35 BK/YE+VT not found in database !&#xD;
 E3: W - Cannot load Component 'B48/6-2x0.35 BK/YE+VT' from database - look in output window for details... &#xD;
 E3: E - Cannot create new device '5076' with component 'B48/6-2x0.35 BK/YE+VT'&#xD;
 E3: W - Component B48/6-2x0.35 BK/YE+GY not found in database !&#xD;
 E3: W - Cannot load Component 'B48/6-2x0.35 BK/YE+GY' from database - look in output window for details... &#xD;
 E3: E - Cannot create new device '5072' with component 'B48/6-2x0.35 BK/YE+GY'&#xD;
 E3: W - Component B48/6-2x0.35 GN+GY/YE not found in database !&#xD;
 E3: W - Cannot load Component 'B48/6-2x0.35 GN+GY/YE' from database - look in output window for details... &#xD;
 E3: E - Cannot create new device 'SL6480' with component 'B48/6-2x0.35 GN+GY/YE'&#xD;
 E3: W - Component B48/6-2x0.35 GY/YE+VT not found in database !&#xD;
 E3: W - Cannot load Component 'B48/6-2x0.35 GY/YE+VT' from database - look in output window for details... &#xD;
 E3: E - Cannot create new device 'SL6481' with component 'B48/6-2x0.35 GY/YE+VT'&#xD;
 E3: W - Component B48/6-2x0.35 GN/YE+PK not found in database !&#xD;
 E3: W - Cannot load Component 'B48/6-2x0.35 GN/YE+PK' from database - look in output window for details... &#xD;
 E3: E - Cannot create new device 'SL6482' with component 'B48/6-2x0.35 GN/YE+PK'&#xD;
 E3: W - Component B75/1-2x0.75 GN+VT not found in database !&#xD;
 E3: W - Cannot load Component 'B75/1-2x0.75 GN+VT' from database - look in output window for details... &#xD;
 E3: E - Cannot create new device 'SL6483' with component 'B75/1-2x0.75 GN+VT'&#xD;
 E3: W - Component B75/1-2x0.75 GN+VT not found in database !&#xD;
 E3: W - Cannot load Component 'B75/1-2x0.75 GN+VT' from database - look in output window for details... &#xD;
 E3: E - Cannot create new device 'SL6484' with component 'B75/1-2x0.75 GN+VT'&#xD;
 E3: W - Component B75/1-2x0.75 GN+VT not found in database !&#xD;
 E3: W - Cannot load Component 'B75/1-2x0.75 GN+VT' from database - look in output window for details... &#xD;
 E3: E - Cannot create new device 'SL6485' with component 'B75/1-2x0.75 GN+VT'&#xD;
 E3: W - Component B75/1-2x0.75 GN+VT not found in database !&#xD;
 E3: W - Cannot load Component 'B75/1-2x0.75 GN+VT' from database - look in output window for details... &#xD;
 E3: E - Cannot create new device 'SL6486' with component 'B75/1-2x0.75 GN+VT'&#xD;
 E3: W - Component B75/1-2x0.75 BK/WH+BU not found in database !&#xD;
 E3: W - Cannot load Component 'B75/1-2x0.75 BK/WH+BU' from database - look in output window for details... &#xD;
 E3: E - Cannot create new device '5498' with component 'B75/1-2x0.75 BK/WH+BU'&#xD;
 E3: W - Component B76/6-2x0.35 WH+WH/YE not found in database !&#xD;
 E3: W - Cannot load Component 'B76/6-2x0.35 WH+WH/YE' from database - look in output window for details... &#xD;
 E3: E - Cannot create new device 'SL6487' with component 'B76/6-2x0.35 WH+WH/YE'&#xD;
 E3: W - Component B76/6-2x0.35 BK+WH not found in database !&#xD;
 E3: W - Cannot load Component 'B76/6-2x0.35 BK+WH' from database - look in output window for details... &#xD;
 E3: E - Cannot create new device 'SL6488' with component 'B76/6-2x0.35 BK+WH'&#xD;
 E3: W - Component B48/9-2x0.13 GN/YE+PK/GN not found in database !&#xD;
 E3: W - Cannot load Component 'B48/9-2x0.13 GN/YE+PK/GN' from database - look in output window for details... &#xD;
 E3: E - Cannot create new device 'SL6489' with component 'B48/9-2x0.13 GN/YE+PK/GN'&#xD;
 E3: W - Component B76/4-2x2.5 BK+RD not found in database !&#xD;
 E3: W - Cannot load Component 'B76/4-2x2.5 BK+RD' from database - look in output window for details... &#xD;
 E3: E - Cannot create new device 'SL6490' with component 'B76/4-2x2.5 BK+RD'&#xD;
 E3: W - Component B48/9-2x0.13 BU/BK+BU/YE not found in database !&#xD;
 E3: W - Cannot load Component 'B48/9-2x0.13 BU/BK+BU/YE' from database - look in output window for details... &#xD;
 E3: E - Cannot create new device '2898' with component 'B48/9-2x0.13 BU/BK+BU/YE'&#xD;
 E3: W - Component B76/4-2x2.5 BK/BU+RD/WH not found in database !&#xD;
 E3: W - Cannot load Component 'B76/4-2x2.5 BK/BU+RD/WH' from database - look in output window for details... &#xD;
 E3: E - Cannot create new device 'SL6491' with component 'B76/4-2x2.5 BK/BU+RD/WH'&#xD;
 E3: W - Component B48/9-2x0.13 WH+WH/YE not found in database !&#xD;
 E3: W - Cannot load Component 'B48/9-2x0.13 WH+WH/YE' from database - look in output window for details... &#xD;
 E3: E - Cannot create new device 'SL6492' with component 'B48/9-2x0.13 WH+WH/YE'&#xD;
 E3: W - Component B76/6-2x0.35 GN/WH+GY/WH not found in database !&#xD;
 E3: W - Cannot load Component 'B76/6-2x0.35 GN/WH+GY/WH' from database - look in output window for details... &#xD;
 E3: E - Cannot create new device 'SL6493' with component 'B76/6-2x0.35 GN/WH+GY/WH'&#xD;
 E3: W - Component B76-2x0.5 BU+WH not found in database !&#xD;
 E3: W - Cannot load Component 'B76-2x0.5 BU+WH' from database - look in output window for details... &#xD;
 E3: E - Cannot create new device 'SL6494' with component 'B76-2x0.5 BU+WH'&#xD;
 E3: W - Component B76-2x0.5 BK+GY not found in database !&#xD;
 E3: W - Cannot load Component 'B76-2x0.5 BK+GY' from database - look in output window for details... &#xD;
 E3: E - Cannot create new device 'SL6495' with component 'B76-2x0.5 BK+GY'&#xD;
 E3: W - Component J20-2x0+0.35 SC+SC+NT not found in database !&#xD;
 E3: W - Cannot load Component 'J20-2x0+0.35 SC+SC+NT' from database - look in output window for details... &#xD;
 E3: E - Cannot create new device 'SL6496' with component 'J20-2x0+0.35 SC+SC+NT'&#xD;
 E3: W - Component J20-2x0+0.35 SC+SC+NT not found in database !&#xD;
 E3: W - Cannot load Component 'J20-2x0+0.35 SC+SC+NT' from database - look in output window for details... &#xD;
 E3: E - Cannot create new device 'SL6497' with component 'J20-2x0+0.35 SC+SC+NT'&#xD;
 E3: W - Component B76/5-3x0.5 BU+GN+WH not found in database !&#xD;
 E3: W - Cannot load Component 'B76/5-3x0.5 BU+GN+WH' from database - look in output window for details... &#xD;
 E3: E - Cannot create new device '5881' with component 'B76/5-3x0.5 BU+GN+WH'&#xD;
 E3: W - Component B48/2-2x0.75 BU+YE not found in database !&#xD;
 E3: W - Cannot load Component 'B48/2-2x0.75 BU+YE' from database - look in output window for details... &#xD;
 E3: E - Cannot create new device 'SL6502' with component 'B48/2-2x0.75 BU+YE'&#xD;
 E3: W - Component H35/26-2x0.13 GN+WH not found in database !&#xD;
 E3: W - Cannot load Component 'H35/26-2x0.13 GN+WH' from database - look in output window for details... &#xD;
 E3: E - Cannot create new device 'SL6503' with component 'H35/26-2x0.13 GN+WH'&#xD;
 E3: W - Component B34-0+3x0.35 SC+BN+DW+WH not found in database !&#xD;
 E3: W - Cannot load Component 'B34-0+3x0.35 SC+BN+DW+WH' from database - look in output window for details... &#xD;
 E3: E - Cannot create new device '3758' with component 'B34-0+3x0.35 SC+BN+DW+WH'&#xD;
 E3: W - Component H35/26-2x0.13 GN+WH not found in database !&#xD;
 E3: W - Cannot load Component 'H35/26-2x0.13 GN+WH' from database - look in output window for details... &#xD;
 E3: E - Cannot create new device 'SL6504' with component 'H35/26-2x0.13 GN+WH'&#xD;
 E3: W - Component B75/2-2x1 BK+YE/BU not found in database !&#xD;
 E3: W - Cannot load Component 'B75/2-2x1 BK+YE/BU' from database - look in output window for details... &#xD;
 E3: E - Cannot create new device '2225' with component 'B75/2-2x1 BK+YE/BU'&#xD;
 E3: W - Component B75/2-2x1 BN/GN+GN not found in database !&#xD;
 E3: W - Cannot load Component 'B75/2-2x1 BN/GN+GN' from database - look in output window for details... &#xD;
 E3: E - Cannot create new device '2234' with component 'B75/2-2x1 BN/GN+GN'&#xD;
 E3: W - Component B75/2-2x1 GY+PK/BK not found in database !&#xD;
 E3: W - Cannot load Component 'B75/2-2x1 GY+PK/BK' from database - look in output window for details... &#xD;
 E3: E - Cannot create new device '2243' with component 'B75/2-2x1 GY+PK/BK'&#xD;
 E3: W - Component B75/2-2x1 BK+BK/GN not found in database !&#xD;
 E3: W - Cannot load Component 'B75/2-2x1 BK+BK/GN' from database - look in output window for details... &#xD;
 E3: E - Cannot create new device '2252' with component 'B75/2-2x1 BK+BK/GN'&#xD;
 E3: W - Component B75/3-2x1.5 BK+YE/BU not found in database !&#xD;
 E3: W - Cannot load Component 'B75/3-2x1.5 BK+YE/BU' from database - look in output window for details... &#xD;
 E3: E - Cannot create new device '4376' with component 'B75/3-2x1.5 BK+YE/BU'&#xD;
 E3: W - Component B75/3-2x1.5 GN+YE/BU not found in database !&#xD;
 E3: W - Cannot load Component 'B75/3-2x1.5 GN+YE/BU' from database - look in output window for details... &#xD;
 E3: E - Cannot create new device '4382' with component 'B75/3-2x1.5 GN+YE/BU'&#xD;
 E3: W - Component B75/1-2x0.75 GY+GY/BN not found in database !&#xD;
 E3: W - Cannot load Component 'B75/1-2x0.75 GY+GY/BN' from database - look in output window for details... &#xD;
 E3: E - Cannot create new device '5121' with component 'B75/1-2x0.75 GY+GY/BN'&#xD;
 E3: W - Component B75/4-2x2.5 BK+GY/WH not found in database !&#xD;
 E3: W - Cannot load Component 'B75/4-2x2.5 BK+GY/WH' from database - look in output window for details... &#xD;
 E3: E - Cannot create new device 'SL6505' with component 'B75/4-2x2.5 BK+GY/WH'&#xD;
 E3: W - Component B75/4-2x2.5 BU+BU/WH not found in database !&#xD;
 E3: W - Cannot load Component 'B75/4-2x2.5 BU+BU/WH' from database - look in output window for details... &#xD;
 E3: E - Cannot create new device 'SL6506' with component 'B75/4-2x2.5 BU+BU/WH'&#xD;
 E3: W - Component B75/1-2x0.75 BK+BK/GN not found in database !&#xD;
 E3: W - Cannot load Component 'B75/1-2x0.75 BK+BK/GN' from database - look in output window for details... &#xD;
 E3: E - Cannot create new device '3793' with component 'B75/1-2x0.75 BK+BK/GN'&#xD;
 E3: W - Component B75/1-2x0.75 BN/GN+GN not found in database !&#xD;
 E3: W - Cannot load Component 'B75/1-2x0.75 BN/GN+GN' from database - look in output window for details... &#xD;
 E3: E - Cannot create new device '3802' with component 'B75/1-2x0.75 BN/GN+GN'&#xD;
 E3: W - Component B75/1-2x0.75 BU/WH+GN not found in database !&#xD;
 E3: W - Cannot load Component 'B75/1-2x0.75 BU/WH+GN' from database - look in output window for details... &#xD;
 E3: E - Cannot create new device '4400' with component 'B75/1-2x0.75 BU/WH+GN'&#xD;
 E3: W - Component B75/1-2x0.75 GN/WH+GY not found in database !&#xD;
 E3: W - Cannot load Component 'B75/1-2x0.75 GN/WH+GY' from database - look in output window for details... &#xD;
 E3: E - Cannot create new device '4406' with component 'B75/1-2x0.75 GN/WH+GY'&#xD;
 E3: W - Component B14-0+3x0.5 SC+BK+DW+YE not found in database !&#xD;
 E3: W - Cannot load Component 'B14-0+3x0.5 SC+BK+DW+YE' from database - look in output window for details... &#xD;
 E3: E - Cannot create new device 'SL6508' with component 'B14-0+3x0.5 SC+BK+DW+YE'&#xD;
 E3: W - Component B75/2-2x1 GY+GY/BN not found in database !&#xD;
 E3: W - Cannot load Component 'B75/2-2x1 GY+GY/BN' from database - look in output window for details... &#xD;
 E3: E - Cannot create new device 'SL6509' with component 'B75/2-2x1 GY+GY/BN'&#xD;
 E3: W - Component B75/3-2x1.5 BK+GY/WH not found in database !&#xD;
 E3: W - Cannot load Component 'B75/3-2x1.5 BK+GY/WH' from database - look in output window for details... &#xD;
 E3: E - Cannot create new device 'SL6510' with component 'B75/3-2x1.5 BK+GY/WH'&#xD;
 E3: W - Component B75/3-2x1.5 BU+BU/WH not found in database !&#xD;
 E3: W - Cannot load Component 'B75/3-2x1.5 BU+BU/WH' from database - look in output window for details... &#xD;
 E3: E - Cannot create new device '2794' with component 'B75/3-2x1.5 BU+BU/WH'&#xD;
 E3: W - Component J20-2x0+0.35 SC+SC+NT not found in database !&#xD;
 E3: W - Cannot load Component 'J20-2x0+0.35 SC+SC+NT' from database - look in output window for details... &#xD;
 E3: E - Cannot create new device 'SL6511' with component 'J20-2x0+0.35 SC+SC+NT'&#xD;
 E3: W - Component H19/8-2x0.5 BK+WH not found in database !&#xD;
 E3: W - Cannot load Component 'H19/8-2x0.5 BK+WH' from database - look in output window for details... &#xD;
 E3: E - Cannot create new device 'SL6514' with component 'H19/8-2x0.5 BK+WH'&#xD;
 E3: W - Component B48/8-2x0.5 BK+WH not found in database !&#xD;
 E3: W - Cannot load Component 'B48/8-2x0.5 BK+WH' from database - look in output window for details... &#xD;
 E3: E - Cannot create new device 'SL6515' with component 'B48/8-2x0.5 BK+WH'&#xD;
 E3: W - Component B48/1-2x0.5 BK/YE+RD/BU not found in database !&#xD;
 E3: W - Cannot load Component 'B48/1-2x0.5 BK/YE+RD/BU' from database - look in output window for details... &#xD;
 E3: E - Cannot create new device 'SL6516' with component 'B48/1-2x0.5 BK/YE+RD/BU'&#xD;
 E3: W - Component B48/1-2x0.5 BU/BK+RD/BK not found in database !&#xD;
 E3: W - Cannot load Component 'B48/1-2x0.5 BU/BK+RD/BK' from database - look in output window for details... &#xD;
 E3: E - Cannot create new device 'SL6517' with component 'B48/1-2x0.5 BU/BK+RD/BK'&#xD;
 E3: W - Component B48/6-2x0.35 BK+BK/WH not found in database !&#xD;
 E3: W - Cannot load Component 'B48/6-2x0.35 BK+BK/WH' from database - look in output window for details... &#xD;
 E3: E - Cannot create new device '4131' with component 'B48/6-2x0.35 BK+BK/WH'&#xD;
 E3: W - Component B48/6-2x0.35 BK+BK/WH not found in database !&#xD;
 E3: W - Cannot load Component 'B48/6-2x0.35 BK+BK/WH' from database - look in output window for details... &#xD;
 E3: E - Cannot create new device 'SL6518' with component 'B48/6-2x0.35 BK+BK/WH'&#xD;
 E3: W - Component B48/6-2x0.35 PK+PK/WH not found in database !&#xD;
 E3: W - Cannot load Component 'B48/6-2x0.35 PK+PK/WH' from database - look in output window for details... &#xD;
 E3: E - Cannot create new device 'SL6519' with component 'B48/6-2x0.35 PK+PK/WH'&#xD;
 E3: W - Component B48/6-2x0.35 PK+PK/WH not found in database !&#xD;
 E3: W - Cannot load Component 'B48/6-2x0.35 PK+PK/WH' from database - look in output window for details... &#xD;
 E3: E - Cannot create new device 'SL6520' with component 'B48/6-2x0.35 PK+PK/WH'&#xD;
 E3: W - Component B48/6-2x0.35 BU/WH+WH not found in database !&#xD;
 E3: W - Cannot load Component 'B48/6-2x0.35 BU/WH+WH' from database - look in output window for details... &#xD;
 E3: E - Cannot create new device 'SL6521' with component 'B48/6-2x0.35 BU/WH+WH'&#xD;
 E3: W - Component B48/6-2x0.35 GY+VT/WH not found in database !&#xD;
 E3: W - Cannot load Component 'B48/6-2x0.35 GY+VT/WH' from database - look in output window for details... &#xD;
 E3: E - Cannot create new device 'SL6522' with component 'B48/6-2x0.35 GY+VT/WH'&#xD;
 E3: W - Component B48/6-2x0.35 GY+VT/WH not found in database !&#xD;
 E3: W - Cannot load Component 'B48/6-2x0.35 GY+VT/WH' from database - look in output window for details... &#xD;
 E3: E - Cannot create new device 'SL6523' with component 'B48/6-2x0.35 GY+VT/WH'&#xD;
 E3: W - Component B48/6-2x0.35 VT+VT/WH not found in database !&#xD;
 E3: W - Cannot load Component 'B48/6-2x0.35 VT+VT/WH' from database - look in output window for details... &#xD;
 E3: E - Cannot create new device '2697' with component 'B48/6-2x0.35 VT+VT/WH'&#xD;
 E3: W - Component B48/6-2x0.35 VT+VT/WH not found in database !&#xD;
 E3: W - Cannot load Component 'B48/6-2x0.35 VT+VT/WH' from database - look in output window for details... &#xD;
 E3: E - Cannot create new device '2267' with component 'B48/6-2x0.35 VT+VT/WH'&#xD;
 E3: W - Component B48/6-2x0.35 YE+YE/WH not found in database !&#xD;
 E3: W - Cannot load Component 'B48/6-2x0.35 YE+YE/WH' from database - look in output window for details... &#xD;
 E3: E - Cannot create new device 'SL6524' with component 'B48/6-2x0.35 YE+YE/WH'&#xD;
 E3: W - Component B48/6-2x0.35 VT+VT/WH not found in database !&#xD;
 E3: W - Cannot load Component 'B48/6-2x0.35 VT+VT/WH' from database - look in output window for details... &#xD;
 E3: E - Cannot create new device '2703' with component 'B48/6-2x0.35 VT+VT/WH'&#xD;
 E3: W - Component B48-2x0.5 BU+BU/WH not found in database !&#xD;
 E3: W - Cannot load Component 'B48-2x0.5 BU+BU/WH' from database - look in output window for details... &#xD;
 E3: E - Cannot create new device 'SL6526' with component 'B48-2x0.5 BU+BU/WH'&#xD;
 E3: W - Component B75/1-2x0.75 BN+RD not found in database !&#xD;
 E3: W - Cannot load Component 'B75/1-2x0.75 BN+RD' from database - look in output window for details... &#xD;
 E3: E - Cannot create new device 'SL6527' with component 'B75/1-2x0.75 BN+RD'&#xD;
 E3: W - Component B48-2x0.5 GN+GN/WH not found in database !&#xD;
 E3: W - Cannot load Component 'B48-2x0.5 GN+GN/WH' from database - look in output window for details... &#xD;
 E3: E - Cannot create new device 'SL6528' with component 'B48-2x0.5 GN+GN/WH'&#xD;
 E3: W - Component H35/3-2x0.35 GN/BU+PK/BU not found in database !&#xD;
 E3: W - Cannot load Component 'H35/3-2x0.35 GN/BU+PK/BU' from database - look in output window for details... &#xD;
 E3: E - Cannot create new device 'SL6529' with component 'H35/3-2x0.35 GN/BU+PK/BU'&#xD;
 E3: W - Component B48/9-2x0.13 GN+GN/WH not found in database !&#xD;
 E3: W - Cannot load Component 'B48/9-2x0.13 GN+GN/WH' from database - look in output window for details... &#xD;
 E3: E - Cannot create new device 'SL6531' with component 'B48/9-2x0.13 GN+GN/WH'&#xD;
 E3: W - Component B48/9-2x0.13 BK+VT/WH not found in database !&#xD;
 E3: W - Cannot load Component 'B48/9-2x0.13 BK+VT/WH' from database - look in output window for details... &#xD;
 E3: E - Cannot create new device 'SL6532' with component 'B48/9-2x0.13 BK+VT/WH'&#xD;
 E3: W - Component B48/9-2x0.13 BK+VT/WH not found in database !&#xD;
 E3: W - Cannot load Component 'B48/9-2x0.13 BK+VT/WH' from database - look in output window for details... &#xD;
 E3: E - Cannot create new device 'SL6533' with component 'B48/9-2x0.13 BK+VT/WH'&#xD;
 E3: W - Component B48/9-2x0.13 BK+VT/WH not found in database !&#xD;
 E3: W - Cannot load Component 'B48/9-2x0.13 BK+VT/WH' from database - look in output window for details... &#xD;
 E3: E - Cannot create new device 'SL6534' with component 'B48/9-2x0.13 BK+VT/WH'&#xD;
 E3: W - Component H35/3-2x0.35 GN/BU+PK/BU not found in database !&#xD;
 E3: W - Cannot load Component 'H35/3-2x0.35 GN/BU+PK/BU' from database - look in output window for details... &#xD;
 E3: E - Cannot create new device 'SL6535' with component 'H35/3-2x0.35 GN/BU+PK/BU'&#xD;
 E3: W - Component B48/9-2x0.13 BK+GN/WH not found in database !&#xD;
 E3: W - Cannot load Component 'B48/9-2x0.13 BK+GN/WH' from database - look in output window for details... &#xD;
 E3: E - Cannot create new device '4718' with component 'B48/9-2x0.13 BK+GN/WH'&#xD;
 E3: W - Component B48/9-2x0.13 BK+GN/WH not found in database !&#xD;
 E3: W - Cannot load Component 'B48/9-2x0.13 BK+GN/WH' from database - look in output window for details... &#xD;
 E3: E - Cannot create new device 'SL6536' with component 'B48/9-2x0.13 BK+GN/WH'&#xD;
 E3: W - Component B48/9-2x0.13 BU+GN/WH not found in database !&#xD;
 E3: W - Cannot load Component 'B48/9-2x0.13 BU+GN/WH' from database - look in output window for details... &#xD;
 E3: E - Cannot create new device 'SL6537' with component 'B48/9-2x0.13 BU+GN/WH'&#xD;
 E3: W - Component B48/9-2x0.13 BK/WH+GN not found in database !&#xD;
 E3: W - Cannot load Component 'B48/9-2x0.13 BK/WH+GN' from database - look in output window for details... &#xD;
 E3: E - Cannot create new device '4724' with component 'B48/9-2x0.13 BK/WH+GN'&#xD;
 E3: W - Component B48/9-2x0.13 GN/WH+WH not found in database !&#xD;
 E3: W - Cannot load Component 'B48/9-2x0.13 GN/WH+WH' from database - look in output window for details... &#xD;
 E3: E - Cannot create new device '4730' with component 'B48/9-2x0.13 GN/WH+WH'&#xD;
 E3: W - Component B48/9-2x0.13 BU/WH+GN not found in database !&#xD;
 E3: W - Cannot load Component 'B48/9-2x0.13 BU/WH+GN' from database - look in output window for details... &#xD;
 E3: E - Cannot create new device '4727' with component 'B48/9-2x0.13 BU/WH+GN'&#xD;
 E3: W - Component U60/1-2x0.35 BK/WH+GN not found in database !&#xD;
 E3: W - Cannot load Component 'U60/1-2x0.35 BK/WH+GN' from database - look in output window for details... &#xD;
 E3: E - Cannot create new device 'SL6539' with component 'U60/1-2x0.35 BK/WH+GN'&#xD;
 E3: W - Component U60/1-2x0.35 BK/WH+GN not found in database !&#xD;
 E3: W - Cannot load Component 'U60/1-2x0.35 BK/WH+GN' from database - look in output window for details... &#xD;
 E3: E - Cannot create new device 'SL6540' with component 'U60/1-2x0.35 BK/WH+GN'&#xD;
 E3: W - Component U58/1-2x0.35 BK/WH+GN not found in database !&#xD;
 E3: W - Cannot load Component 'U58/1-2x0.35 BK/WH+GN' from database - look in output window for details... &#xD;
 E3: E - Cannot create new device 'SL6541' with component 'U58/1-2x0.35 BK/WH+GN'&#xD;
 E3: W - Component B48/6-2x0.35 BK+GN/WH not found in database !&#xD;
 E3: W - Cannot load Component 'B48/6-2x0.35 BK+GN/WH' from database - look in output window for details... &#xD;
 E3: E - Cannot create new device 'SL6542' with component 'B48/6-2x0.35 BK+GN/WH'&#xD;
 E3: W - Component B48/6-2x0.35 BK+GN/WH not found in database !&#xD;
 E3: W - Cannot load Component 'B48/6-2x0.35 BK+GN/WH' from database - look in output window for details... &#xD;
 E3: E - Cannot create new device 'SL6543' with component 'B48/6-2x0.35 BK+GN/WH'&#xD;
 E3: W - Component B48/9-2x0.13 GN/WH+WH not found in database !&#xD;
 E3: W - Cannot load Component 'B48/9-2x0.13 GN/WH+WH' from database - look in output window for details... &#xD;
 E3: E - Cannot create new device 'SL6544' with component 'B48/9-2x0.13 GN/WH+WH'&#xD;
 E3: W - Component H35/3-2x0.35 GN/RD+PK/RD not found in database !&#xD;
 E3: W - Cannot load Component 'H35/3-2x0.35 GN/RD+PK/RD' from database - look in output window for details... &#xD;
 E3: E - Cannot create new device 'SL6545' with component 'H35/3-2x0.35 GN/RD+PK/RD'&#xD;
 E3: W - Component B48/9-2x0.13 GN+GN/WH not found in database !&#xD;
 E3: W - Cannot load Component 'B48/9-2x0.13 GN+GN/WH' from database - look in output window for details... &#xD;
 E3: E - Cannot create new device 'SL6546' with component 'B48/9-2x0.13 GN+GN/WH'&#xD;
 E3: W - Component B48/2-2x0.35 PK+PK/WH not found in database !&#xD;
 E3: W - Cannot load Component 'B48/2-2x0.35 PK+PK/WH' from database - look in output window for details... &#xD;
 E3: E - Cannot create new device 'SL6548' with component 'B48/2-2x0.35 PK+PK/WH'&#xD;
 E3: W - Component H35/6-2x0.35 GN/WH+PK not found in database !&#xD;
 E3: W - Cannot load Component 'H35/6-2x0.35 GN/WH+PK' from database - look in output window for details... &#xD;
 E3: E - Cannot create new device '5154' with component 'H35/6-2x0.35 GN/WH+PK'&#xD;
 E3: W - Component B48-2x0.5 BU/WH+GN not found in database !&#xD;
 E3: W - Cannot load Component 'B48-2x0.5 BU/WH+GN' from database - look in output window for details... &#xD;
 E3: E - Cannot create new device '5157' with component 'B48-2x0.5 BU/WH+GN'&#xD;
 E3: W - Component B48/6-2x0.35 VT+VT/WH not found in database !&#xD;
 E3: W - Cannot load Component 'B48/6-2x0.35 VT+VT/WH' from database - look in output window for details... &#xD;
 E3: E - Cannot create new device 'SL6549' with component 'B48/6-2x0.35 VT+VT/WH'&#xD;
 E3: W - Component B48/9-2x0.13 GN+VT/WH not found in database !&#xD;
 E3: W - Cannot load Component 'B48/9-2x0.13 GN+VT/WH' from database - look in output window for details... &#xD;
 E3: E - Cannot create new device 'SL6552' with component 'B48/9-2x0.13 GN+VT/WH'&#xD;
 E3: W - Component B48/9-2x0.13 GN+VT/WH not found in database !&#xD;
 E3: W - Cannot load Component 'B48/9-2x0.13 GN+VT/WH' from database - look in output window for details... &#xD;
 E3: E - Cannot create new device 'SL6553' with component 'B48/9-2x0.13 GN+VT/WH'&#xD;
 E3: W - Component B48/9-2x0.13 GN+VT/WH not found in database !&#xD;
 E3: W - Cannot load Component 'B48/9-2x0.13 GN+VT/WH' from database - look in output window for details... &#xD;
 E3: E - Cannot create new device 'SL6554' with component 'B48/9-2x0.13 GN+VT/WH'&#xD;
 E3: W - Component B48/9-2x0.13 GN+VT/WH not found in database !&#xD;
 E3: W - Cannot load Component 'B48/9-2x0.13 GN+VT/WH' from database - look in output window for details... &#xD;
 E3: E - Cannot create new device 'SL6555' with component 'B48/9-2x0.13 GN+VT/WH'&#xD;
 E3: W - Component B48/9-2x0.13 GN+VT/WH not found in database !&#xD;
 E3: W - Cannot load Component 'B48/9-2x0.13 GN+VT/WH' from database - look in output window for details... &#xD;
 E3: E - Cannot create new device 'SL6556' with component 'B48/9-2x0.13 GN+VT/WH'&#xD;
 E3: W - Component B68-0+4x0.35 SC+DW+GN+OG+PK not found in database !&#xD;
 E3: W - Cannot load Component 'B68-0+4x0.35 SC+DW+GN+OG+PK' from database - look in output window for details... &#xD;
 E3: E - Cannot create new device 'SL6557' with component 'B68-0+4x0.35 SC+DW+GN+OG+PK'&#xD;
 E3: W - Component B75/3-2x1.5 BU+BU/WH not found in database !&#xD;
 E3: W - Cannot load Component 'B75/3-2x1.5 BU+BU/WH' from database - look in output window for details... &#xD;
 E3: E - Cannot create new device 'SL6558' with component 'B75/3-2x1.5 BU+BU/WH'&#xD;
 E3: W - Component B48/9-2x0.13 BU+GN/WH not found in database !&#xD;
 E3: W - Cannot load Component 'B48/9-2x0.13 BU+GN/WH' from database - look in output window for details... &#xD;
 E3: E - Cannot create new device '4712' with component 'B48/9-2x0.13 BU+GN/WH'&#xD;
 E3: W - Component B48/6-2x0.35 YE+YE/WH not found in database !&#xD;
 E3: W - Cannot load Component 'B48/6-2x0.35 YE+YE/WH' from database - look in output window for details... &#xD;
 E3: E - Cannot create new device '2706' with component 'B48/6-2x0.35 YE+YE/WH'&#xD;
 E3: W - Component B48/6-2x0.35 BU+GN/WH not found in database !&#xD;
 E3: W - Cannot load Component 'B48/6-2x0.35 BU+GN/WH' from database - look in output window for details... &#xD;
 E3: E - Cannot create new device '4748' with component 'B48/6-2x0.35 BU+GN/WH'&#xD;
 E3: W - Component B76/1-2x0.75 YE/BK+YE/BU not found in database !&#xD;
 E3: W - Cannot load Component 'B76/1-2x0.75 YE/BK+YE/BU' from database - look in output window for details... &#xD;
 E3: E - Cannot create new device '5001' with component 'B76/1-2x0.75 YE/BK+YE/BU'&#xD;
 E3: W - Component B76/1-2x0.75 BK/YE+WH not found in database !&#xD;
 E3: W - Cannot load Component 'B76/1-2x0.75 BK/YE+WH' from database - look in output window for details... &#xD;
 E3: E - Cannot create new device '5004' with component 'B76/1-2x0.75 BK/YE+WH'&#xD;
 E3: W - Component B75/1-2x0.75 BU/BK+BU/BN not found in database !&#xD;
 E3: W - Cannot load Component 'B75/1-2x0.75 BU/BK+BU/BN' from database - look in output window for details... &#xD;
 E3: E - Cannot create new device '6439' with component 'B75/1-2x0.75 BU/BK+BU/BN'&#xD;
 E3: W - Component B48/6-2x0.35 GN+PK/YE not found in database !&#xD;
 E3: W - Cannot load Component 'B48/6-2x0.35 GN+PK/YE' from database - look in output window for details... &#xD;
 E3: E - Cannot create new device '4482' with component 'B48/6-2x0.35 GN+PK/YE'&#xD;
 E3: W - Component B48/6-2x0.35 YE+YE/WH not found in database !&#xD;
 E3: W - Cannot load Component 'B48/6-2x0.35 YE+YE/WH' from database - look in output window for details... &#xD;
 E3: E - Cannot create new device '4677' with component 'B48/6-2x0.35 YE+YE/WH'&#xD;
 E3: W - Component B48-2x0.5 BU+GN/YE not found in database !&#xD;
 E3: W - Cannot load Component 'B48-2x0.5 BU+GN/YE' from database - look in output window for details... &#xD;
 E3: E - Cannot create new device '1433' with component 'B48-2x0.5 BU+GN/YE'&#xD;
 E3: W - Component H35/15-2x0.13 BK+GN/WH not found in database !&#xD;
 E3: W - Cannot load Component 'H35/15-2x0.13 BK+GN/WH' from database - look in output window for details... &#xD;
 E3: E - Cannot create new device '4464' with component 'H35/15-2x0.13 BK+GN/WH'&#xD;
 E3: W - Component H35/15-2x0.13 BK+GN/WH not found in database !&#xD;
 E3: W - Cannot load Component 'H35/15-2x0.13 BK+GN/WH' from database - look in output window for details... &#xD;
 E3: E - Cannot create new device '5111' with component 'H35/15-2x0.13 BK+GN/WH'&#xD;
 E3: W - Component H35/15-2x0.13 BK+GN/WH not found in database !&#xD;
 E3: W - Cannot load Component 'H35/15-2x0.13 BK+GN/WH' from database - look in output window for details... &#xD;
 E3: E - Cannot create new device '4472' with component 'H35/15-2x0.13 BK+GN/WH'&#xD;
 E3: W - Component H35/15-2x0.13 BK+GN/WH not found in database !&#xD;
 E3: W - Cannot load Component 'H35/15-2x0.13 BK+GN/WH' from database - look in output window for details... &#xD;
 E3: E - Cannot create new device '6585' with component 'H35/15-2x0.13 BK+GN/WH'&#xD;
 E3: W - Component B48/9-2x0.13 GN/WH+GY not found in database !&#xD;
 E3: W - Cannot load Component 'B48/9-2x0.13 GN/WH+GY' from database - look in output window for details... &#xD;
 E3: E - Cannot create new device '5087' with component 'B48/9-2x0.13 GN/WH+GY'&#xD;
 E3: W - Component H35/21-2x0.13 GN+WH not found in database !&#xD;
 E3: W - Cannot load Component 'H35/21-2x0.13 GN+WH' from database - look in output window for details... &#xD;
 E3: E - Cannot create new device '6528' with component 'H35/21-2x0.13 GN+WH'&#xD;
 E3: W - Component H35/21-2x0.13 GN+WH not found in database !&#xD;
 E3: W - Cannot load Component 'H35/21-2x0.13 GN+WH' from database - look in output window for details... &#xD;
 E3: E - Cannot create new device '6531' with component 'H35/21-2x0.13 GN+WH'&#xD;
 E3: W - Component H35/21-2x0.13 GN+WH not found in database !&#xD;
 E3: W - Cannot load Component 'H35/21-2x0.13 GN+WH' from database - look in output window for details... &#xD;
 E3: E - Cannot create new device '6534' with component 'H35/21-2x0.13 GN+WH'&#xD;
 E3: W - Component H35/21-2x0.13 GN+WH not found in database !&#xD;
 E3: W - Cannot load Component 'H35/21-2x0.13 GN+WH' from database - look in output window for details... &#xD;
 E3: E - Cannot create new device '6537' with component 'H35/21-2x0.13 GN+WH'&#xD;
 E3: W - Component H35/21-2x0.13 GN+WH not found in database !&#xD;
 E3: W - Cannot load Component 'H35/21-2x0.13 GN+WH' from database - look in output window for details... &#xD;
 E3: E - Cannot create new device '6540' with component 'H35/21-2x0.13 GN+WH'&#xD;
 E3: W - Component LF-10.0-BK not found in database !&#xD;
 E3: W - Cannot load Component 'LF-10.0-BK' from database - look in output window for details... &#xD;
 E3: E - Cannot create new device '6638' with component 'LF-10.0-BK'&#xD;
 E3: W - Component LF-10.0-BK not found in database !&#xD;
 E3: W - Cannot load Component 'LF-10.0-BK' from database - look in output window for details... &#xD;
 E3: E - Cannot create new device '6640' with component 'LF-10.0-BK'&#xD;
 E3: W - Component U60/1-2x0.35 BU+BU/WH not found in database !&#xD;
 E3: W - Cannot load Component 'U60/1-2x0.35 BU+BU/WH' from database - look in output window for details... &#xD;
 E3: E - Cannot create new device '6674' with component 'U60/1-2x0.35 BU+BU/WH'&#xD;
 E3: W - Component H35/21-2x0.13 GN+WH not found in database !&#xD;
 E3: W - Cannot load Component 'H35/21-2x0.13 GN+WH' from database - look in output window for details... &#xD;
 E3: E - Cannot create new device '6525' with component 'H35/21-2x0.13 GN+WH'&#xD;
 E3: W - Component H35/21-2x0.13 GN+WH not found in database !&#xD;
 E3: W - Cannot load Component 'H35/21-2x0.13 GN+WH' from database - look in output window for details... &#xD;
 E3: E - Cannot create new device '6543' with component 'H35/21-2x0.13 GN+WH'&#xD;
 E3: W - Component H35/21-2x0.13 GN+WH not found in database !&#xD;
 E3: W - Cannot load Component 'H35/21-2x0.13 GN+WH' from database - look in output window for details... &#xD;
 E3: E - Cannot create new device '6546' with component 'H35/21-2x0.13 GN+WH'&#xD;
 E3: W - Component H35/21-2x0.13 GN+WH not found in database !&#xD;
 E3: W - Cannot load Component 'H35/21-2x0.13 GN+WH' from database - look in output window for details... &#xD;
 E3: E - Cannot create new device '6549' with component 'H35/21-2x0.13 GN+WH'&#xD;
 E3: W - Component H35/21-2x0.13 GN+WH not found in database !&#xD;
 E3: W - Cannot load Component 'H35/21-2x0.13 GN+WH' from database - look in output window for details... &#xD;
 E3: E - Cannot create new device '6552' with component 'H35/21-2x0.13 GN+WH'&#xD;
 E3: W - Component H35/21-2x0.13 GN+WH not found in database !&#xD;
 E3: W - Cannot load Component 'H35/21-2x0.13 GN+WH' from database - look in output window for details... &#xD;
 E3: E - Cannot create new device '6555' with component 'H35/21-2x0.13 GN+WH'&#xD;
 E3: W - Component H35/21-2x0.13 GN+WH not found in database !&#xD;
 E3: W - Cannot load Component 'H35/21-2x0.13 GN+WH' from database - look in output window for details... &#xD;
 E3: E - Cannot create new device '6558' with component 'H35/21-2x0.13 GN+WH'&#xD;
 E3: W - Component H35/21-2x0.13 GN+WH not found in database !&#xD;
 E3: W - Cannot load Component 'H35/21-2x0.13 GN+WH' from database - look in output window for details... &#xD;
 E3: E - Cannot create new device '6561' with component 'H35/21-2x0.13 GN+WH'&#xD;
 E3: W - Component H35/21-2x0.13 GN+WH not found in database !&#xD;
 E3: W - Cannot load Component 'H35/21-2x0.13 GN+WH' from database - look in output window for details... &#xD;
 E3: E - Cannot create new device '6564' with component 'H35/21-2x0.13 GN+WH'&#xD;
 E3: W - Component H35/21-2x0.13 GN+WH not found in database !&#xD;
 E3: W - Cannot load Component 'H35/21-2x0.13 GN+WH' from database - look in output window for details... &#xD;
 E3: E - Cannot create new device '6567' with component 'H35/21-2x0.13 GN+WH'&#xD;
 E3: W - Component H35/21-2x0.13 GN+WH not found in database !&#xD;
 E3: W - Cannot load Component 'H35/21-2x0.13 GN+WH' from database - look in output window for details... &#xD;
 E3: E - Cannot create new device '6570' with component 'H35/21-2x0.13 GN+WH'&#xD;
 E3: W - Component H35/21-2x0.13 GN+WH not found in database !&#xD;
 E3: W - Cannot load Component 'H35/21-2x0.13 GN+WH' from database - look in output window for details... &#xD;
 E3: E - Cannot create new device '6573' with component 'H35/21-2x0.13 GN+WH'&#xD;
 E3: W - Component H35/21-2x0.13 GN+WH not found in database !&#xD;
 E3: W - Cannot load Component 'H35/21-2x0.13 GN+WH' from database - look in output window for details... &#xD;
 E3: E - Cannot create new device '6576' with component 'H35/21-2x0.13 GN+WH'&#xD;
 E3: W - Component B14-0+3x0.5 SC+BK+DW+YE not found in database !&#xD;
 E3: W - Cannot load Component 'B14-0+3x0.5 SC+BK+DW+YE' from database - look in output window for details... &#xD;
 E3: E - Cannot create new device '2805' with component 'B14-0+3x0.5 SC+BK+DW+YE'&#xD;
 E3: W - Component J20-2x0+0.35 SC+SC+NT not found in database !&#xD;
 E3: W - Cannot load Component 'J20-2x0+0.35 SC+SC+NT' from database - look in output window for details... &#xD;
 E3: E - Cannot create new device '3844' with component 'J20-2x0+0.35 SC+SC+NT'&#xD;
 E3: W - Component H35/6-2x0.35 GN/YE+PK/YE not found in database !&#xD;
 E3: W - Cannot load Component 'H35/6-2x0.35 GN/YE+PK/YE' from database - look in output window for details... &#xD;
 E3: E - Cannot create new device '1599' with component 'H35/6-2x0.35 GN/YE+PK/YE'&#xD;
 E3: W - Component B48/6-2x0.35 GN/WH+VT not found in database !&#xD;
 E3: W - Cannot load Component 'B48/6-2x0.35 GN/WH+VT' from database - look in output window for details... &#xD;
 E3: E - Cannot create new device '6233' with component 'B48/6-2x0.35 GN/WH+VT'&#xD;
 E3: W - Component J20-2x0+0.35 SC+SC+NT not found in database !&#xD;
 E3: W - Cannot load Component 'J20-2x0+0.35 SC+SC+NT' from database - look in output window for details... &#xD;
 E3: E - Cannot create new device '6243' with component 'J20-2x0+0.35 SC+SC+NT'&#xD;
 E3: W - Component U49/4-0+3x0.5 SC++GN+GN/WH not found in database !&#xD;
 E3: W - Cannot load Component 'U49/4-0+3x0.5 SC++GN+GN/WH' from database - look in output window for details... &#xD;
 E3: E - Cannot create new device '6656' with component 'U49/4-0+3x0.5 SC++GN+GN/WH'&#xD;
 E3: W - Component U58/1-2x0.35 BU+BU/WH not found in database !&#xD;
 E3: W - Cannot load Component 'U58/1-2x0.35 BU+BU/WH' from database - look in output window for details... &#xD;
 E3: E - Cannot create new device '5530' with component 'U58/1-2x0.35 BU+BU/WH'&#xD;
 E3: W - Component U58/1-2x0.35 BK/WH+GN not found in database !&#xD;
 E3: W - Cannot load Component 'U58/1-2x0.35 BK/WH+GN' from database - look in output window for details... &#xD;
 E3: E - Cannot create new device '5639' with component 'U58/1-2x0.35 BK/WH+GN'&#xD;
 E3: W - Component B48/8-2x0.5 BU+GN/WH not found in database !&#xD;
 E3: W - Cannot load Component 'B48/8-2x0.5 BU+GN/WH' from database - look in output window for details... &#xD;
 E3: E - Cannot create new device '5644' with component 'B48/8-2x0.5 BU+GN/WH'&#xD;
 E3: W - Component J20-2x0+0.35 SC+SC+NT not found in database !&#xD;
 E3: W - Cannot load Component 'J20-2x0+0.35 SC+SC+NT' from database - look in output window for details... &#xD;
 E3: E - Cannot create new device '6239' with component 'J20-2x0+0.35 SC+SC+NT'&#xD;
 E3: W - Component B48/9-2x0.13 BU+GN/WH not found in database !&#xD;
 E3: W - Cannot load Component 'B48/9-2x0.13 BU+GN/WH' from database - look in output window for details... &#xD;
 E3: E - Cannot create new device '1505' with component 'B48/9-2x0.13 BU+GN/WH'&#xD;
 E3: W - Component B48/2-2x0.35 BK/WH+GN not found in database !&#xD;
 E3: W - Cannot load Component 'B48/2-2x0.35 BK/WH+GN' from database - look in output window for details... &#xD;
 E3: E - Cannot create new device '4736' with component 'B48/2-2x0.35 BK/WH+GN'&#xD;
 E3: W - Component B75/5-3x0.5 BK+BU+WH not found in database !&#xD;
 E3: W - Cannot load Component 'B75/5-3x0.5 BK+BU+WH' from database - look in output window for details... &#xD;
 E3: E - Cannot create new device '6409' with component 'B75/5-3x0.5 BK+BU+WH'&#xD;
 E3: W - Component B48/8-2x0.5 BU+GN/WH not found in database !&#xD;
 E3: W - Cannot load Component 'B48/8-2x0.5 BU+GN/WH' from database - look in output window for details... &#xD;
 E3: E - Cannot create new device '5554' with component 'B48/8-2x0.5 BU+GN/WH'&#xD;
 E3: W - Component B48/9-2x0.13 BU+GN/WH not found in database !&#xD;
 E3: W - Cannot load Component 'B48/9-2x0.13 BU+GN/WH' from database - look in output window for details... &#xD;
 E3: E - Cannot create new device '6183' with component 'B48/9-2x0.13 BU+GN/WH'&#xD;
 E3: W - Component B48/9-2x0.13 BU+GN/WH not found in database !&#xD;
 E3: W - Cannot load Component 'B48/9-2x0.13 BU+GN/WH' from database - look in output window for details... &#xD;
 E3: E - Cannot create new device '6734' with component 'B48/9-2x0.13 BU+GN/WH'&#xD;
 E3: W - Component B48/9-2x0.13 BU+GN/WH not found in database !&#xD;
 E3: W - Cannot load Component 'B48/9-2x0.13 BU+GN/WH' from database - look in output window for details... &#xD;
 E3: E - Cannot create new device '6833' with component 'B48/9-2x0.13 BU+GN/WH'&#xD;
 E3: W - Component B48/2-2x0.35 BK/WH+WH not found in database !&#xD;
 E3: W - Cannot load Component 'B48/2-2x0.35 BK/WH+WH' from database - look in output window for details... &#xD;
 E3: E - Cannot create new device '3340' with component 'B48/2-2x0.35 BK/WH+WH'&#xD;
 E3: W - Component H35/3-2x0.35 GN/RD+PK/RD not found in database !&#xD;
 E3: W - Cannot load Component 'H35/3-2x0.35 GN/RD+PK/RD' from database - look in output window for details... &#xD;
 E3: E - Cannot create new device '4038' with component 'H35/3-2x0.35 GN/RD+PK/RD'&#xD;
 E3: W - Component H35/3-2x0.35 GN/RD+PK/RD not found in database !&#xD;
 E3: W - Cannot load Component 'H35/3-2x0.35 GN/RD+PK/RD' from database - look in output window for details... &#xD;
 E3: E - Cannot create new device '4601' with component 'H35/3-2x0.35 GN/RD+PK/RD'&#xD;
 E3: W - Component H35/3-2x0.35 GN/RD+PK/RD not found in database !&#xD;
 E3: W - Cannot load Component 'H35/3-2x0.35 GN/RD+PK/RD' from database - look in output window for details... &#xD;
 E3: E - Cannot create new device '4604' with component 'H35/3-2x0.35 GN/RD+PK/RD'&#xD;
 E3: W - Component B48/2-2x0.35 VT+VT/WH not found in database !&#xD;
 E3: W - Cannot load Component 'B48/2-2x0.35 VT+VT/WH' from database - look in output window for details... &#xD;
 E3: E - Cannot create new device '6247' with component 'B48/2-2x0.35 VT+VT/WH'&#xD;
 E3: W - Component B48/2-2x0.35 YE/BK+YE/GN not found in database !&#xD;
 E3: W - Cannot load Component 'B48/2-2x0.35 YE/BK+YE/GN' from database - look in output window for details... &#xD;
 E3: E - Cannot create new device '6483' with component 'B48/2-2x0.35 YE/BK+YE/GN'&#xD;
 E3: W - Component B48/9-2x0.13 GN+PK/WH not found in database !&#xD;
 E3: W - Cannot load Component 'B48/9-2x0.13 GN+PK/WH' from database - look in output window for details... &#xD;
 E3: E - Cannot create new device '6642' with component 'B48/9-2x0.13 GN+PK/WH'&#xD;
 E3: W - Component B76-2x0.5 YE/BN+YE/BU not found in database !&#xD;
 E3: W - Cannot load Component 'B76-2x0.5 YE/BN+YE/BU' from database - look in output window for details... &#xD;
 E3: E - Cannot create new device '6102' with component 'B76-2x0.5 YE/BN+YE/BU'&#xD;
 E3: W - Component B76-2x0.5 BK+BU/PK not found in database !&#xD;
 E3: W - Cannot load Component 'B76-2x0.5 BK+BU/PK' from database - look in output window for details... &#xD;
 E3: E - Cannot create new device '6105' with component 'B76-2x0.5 BK+BU/PK'&#xD;
 E3: W - Component B76-2x0.5 BU+WH not found in database !&#xD;
 E3: W - Cannot load Component 'B76-2x0.5 BU+WH' from database - look in output window for details... &#xD;
 E3: E - Cannot create new device '6108' with component 'B76-2x0.5 BU+WH'&#xD;
 E3: W - Component B76-2x0.5 BK+GY not found in database !&#xD;
 E3: W - Cannot load Component 'B76-2x0.5 BK+GY' from database - look in output window for details... &#xD;
 E3: E - Cannot create new device '6111' with component 'B76-2x0.5 BK+GY'&#xD;
 E3: W - Component B76/1-2x0.75 YE/BK+YE/BU not found in database !&#xD;
 E3: W - Cannot load Component 'B76/1-2x0.75 YE/BK+YE/BU' from database - look in output window for details... &#xD;
 E3: E - Cannot create new device '6114' with component 'B76/1-2x0.75 YE/BK+YE/BU'&#xD;
 E3: W - Component B76/1-2x0.75 BK/YE+WH not found in database !&#xD;
 E3: W - Cannot load Component 'B76/1-2x0.75 BK/YE+WH' from database - look in output window for details... &#xD;
 E3: E - Cannot create new device '6117' with component 'B76/1-2x0.75 BK/YE+WH'&#xD;
 E3: W - Component B76/1-2x0.75 BK/YE+WH/BU not found in database !&#xD;
 E3: W - Cannot load Component 'B76/1-2x0.75 BK/YE+WH/BU' from database - look in output window for details... &#xD;
 E3: E - Cannot create new device '6120' with component 'B76/1-2x0.75 BK/YE+WH/BU'&#xD;
 E3: W - Component B76/1-2x0.75 GN/GY+YE/GY not found in database !&#xD;
 E3: W - Cannot load Component 'B76/1-2x0.75 GN/GY+YE/GY' from database - look in output window for details... &#xD;
 E3: E - Cannot create new device '6123' with component 'B76/1-2x0.75 GN/GY+YE/GY'&#xD;
 E3: W - Component B76/6-2x0.35 WH/YE+YE not found in database !&#xD;
 E3: W - Cannot load Component 'B76/6-2x0.35 WH/YE+YE' from database - look in output window for details... &#xD;
 E3: E - Cannot create new device '6129' with component 'B76/6-2x0.35 WH/YE+YE'&#xD;
 E3: W - Component B76/6-2x0.35 GN/WH+GY/WH not found in database !&#xD;
 E3: W - Cannot load Component 'B76/6-2x0.35 GN/WH+GY/WH' from database - look in output window for details... &#xD;
 E3: E - Cannot create new device '6132' with component 'B76/6-2x0.35 GN/WH+GY/WH'&#xD;
 E3: W - Component H35/6-2x0.35 GN/WH+PK/WH not found in database !&#xD;
 E3: W - Cannot load Component 'H35/6-2x0.35 GN/WH+PK/WH' from database - look in output window for details... &#xD;
 E3: E - Cannot create new device '6138' with component 'H35/6-2x0.35 GN/WH+PK/WH'&#xD;
 E3: W - Component H35/6-2x0.35 GN/RD+PK/RD not found in database !&#xD;
 E3: W - Cannot load Component 'H35/6-2x0.35 GN/RD+PK/RD' from database - look in output window for details... &#xD;
 E3: E - Cannot create new device '6141' with component 'H35/6-2x0.35 GN/RD+PK/RD'&#xD;
 E3: W - Component H35/4-2x0.35 GN+GN/WH not found in database !&#xD;
 E3: W - Cannot load Component 'H35/4-2x0.35 GN+GN/WH' from database - look in output window for details... &#xD;
 E3: E - Cannot create new device '6148' with component 'H35/4-2x0.35 GN+GN/WH'&#xD;
 E3: W - Component H35/4-2x0.35 BU+BU/WH not found in database !&#xD;
 E3: W - Cannot load Component 'H35/4-2x0.35 BU+BU/WH' from database - look in output window for details... &#xD;
 E3: E - Cannot create new device '6151' with component 'H35/4-2x0.35 BU+BU/WH'&#xD;
 E3: W - Component H35/4-2x0.35 BU+BU/WH not found in database !&#xD;
 E3: W - Cannot load Component 'H35/4-2x0.35 BU+BU/WH' from database - look in output window for details... &#xD;
 E3: E - Cannot create new device '6154' with component 'H35/4-2x0.35 BU+BU/WH'&#xD;
 E3: W - Component B48/2-2x0.35 YE/BK+YE/GN not found in database !&#xD;
 E3: W - Cannot load Component 'B48/2-2x0.35 YE/BK+YE/GN' from database - look in output window for details... &#xD;
 E3: E - Cannot create new device '6480' with component 'B48/2-2x0.35 YE/BK+YE/GN'&#xD;
 E3: W - Component B48/2-2x0.35 PK+PK/WH not found in database !&#xD;
 E3: W - Cannot load Component 'B48/2-2x0.35 PK+PK/WH' from database - look in output window for details... &#xD;
 E3: E - Cannot create new device '1511' with component 'B48/2-2x0.35 PK+PK/WH'&#xD;
 E3: W - Component B48/8-2x0.5 BU+GN/WH not found in database !&#xD;
 E3: W - Cannot load Component 'B48/8-2x0.5 BU+GN/WH' from database - look in output window for details... &#xD;
 E3: E - Cannot create new device '6180' with component 'B48/8-2x0.5 BU+GN/WH'&#xD;
 E3: W - Component B48/9-2x0.13 GN+PK/WH not found in database !&#xD;
 E3: W - Cannot load Component 'B48/9-2x0.13 GN+PK/WH' from database - look in output window for details... &#xD;
 E3: E - Cannot create new device '6649' with component 'B48/9-2x0.13 GN+PK/WH'&#xD;
 E3: W - Component B48/8-2x0.5 YE+YE/WH not found in database !&#xD;
 E3: W - Cannot load Component 'B48/8-2x0.5 YE+YE/WH' from database - look in output window for details... &#xD;
 E3: E - Cannot create new device '6701' with component 'B48/8-2x0.5 YE+YE/WH'&#xD;
 E3: W - Component B48/8-2x0.5 BU+GN/WH not found in database !&#xD;
 E3: W - Cannot load Component 'B48/8-2x0.5 BU+GN/WH' from database - look in output window for details... &#xD;
 E3: E - Cannot create new device '6836' with component 'B48/8-2x0.5 BU+GN/WH'&#xD;
 E3: W - Component B48/9-2x0.13 GN+PK/WH not found in database !&#xD;
 E3: W - Cannot load Component 'B48/9-2x0.13 GN+PK/WH' from database - look in output window for details... &#xD;
 E3: E - Cannot create new device '6646' with component 'B48/9-2x0.13 GN+PK/WH'&#xD;
 E3: W - Component H35/21-2x0.13 GN+WH not found in database !&#xD;
 E3: W - Cannot load Component 'H35/21-2x0.13 GN+WH' from database - look in output window for details... &#xD;
 E3: E - Cannot create new device '2755' with component 'H35/21-2x0.13 GN+WH'&#xD;
 E3: W - Component H35/21-2x0.13 GN+WH not found in database !&#xD;
 E3: W - Cannot load Component 'H35/21-2x0.13 GN+WH' from database - look in output window for details... &#xD;
 E3: E - Cannot create new device '5630' with component 'H35/21-2x0.13 GN+WH'&#xD;
 E3: W - Component B76/6-2x0.35 BU+BU/WH not found in database !&#xD;
 E3: W - Cannot load Component 'B76/6-2x0.35 BU+BU/WH' from database - look in output window for details... &#xD;
 E3: E - Cannot create new device '6236' with component 'B76/6-2x0.35 BU+BU/WH'&#xD;
 E3: W - Component H35/21-2x0.13 GN+WH not found in database !&#xD;
 E3: W - Cannot load Component 'H35/21-2x0.13 GN+WH' from database - look in output window for details... &#xD;
 E3: E - Cannot create new device '6666' with component 'H35/21-2x0.13 GN+WH'&#xD;
 E3: W - Component B75/1-2x0.75 GY+PK/BK not found in database !&#xD;
 E3: W - Cannot load Component 'B75/1-2x0.75 GY+PK/BK' from database - look in output window for details... &#xD;
 E3: E - Cannot create new device '6789' with component 'B75/1-2x0.75 GY+PK/BK'&#xD;
 E3: W - Component B75/1-2x0.75 GY+PK/BK not found in database !&#xD;
 E3: W - Cannot load Component 'B75/1-2x0.75 GY+PK/BK' from database - look in output window for details... &#xD;
 E3: E - Cannot create new device '6792' with component 'B75/1-2x0.75 GY+PK/BK'&#xD;
 E3: W - Component B75/1-2x0.75 BK+GY/WH not found in database !&#xD;
 E3: W - Cannot load Component 'B75/1-2x0.75 BK+GY/WH' from database - look in output window for details... &#xD;
 E3: E - Cannot create new device '6795' with component 'B75/1-2x0.75 BK+GY/WH'&#xD;
 E3: W - Component B75/1-2x0.75 BU+BU/WH not found in database !&#xD;
 E3: W - Cannot load Component 'B75/1-2x0.75 BU+BU/WH' from database - look in output window for details... &#xD;
 E3: E - Cannot create new device '6798' with component 'B75/1-2x0.75 BU+BU/WH'&#xD;
 E3: W - Component B75/1-2x0.75 BK/WH+BU not found in database !&#xD;
 E3: W - Cannot load Component 'B75/1-2x0.75 BK/WH+BU' from database - look in output window for details... &#xD;
 E3: E - Cannot create new device '6801' with component 'B75/1-2x0.75 BK/WH+BU'&#xD;
 E3: W - Component B75/3-2x1.5 GY/WH+VT not found in database !&#xD;
 E3: W - Cannot load Component 'B75/3-2x1.5 GY/WH+VT' from database - look in output window for details... &#xD;
 E3: E - Cannot create new device '6804' with component 'B75/3-2x1.5 GY/WH+VT'&#xD;
 E3: W - Component B75/3-2x1.5 PK+VT/WH not found in database !&#xD;
 E3: W - Cannot load Component 'B75/3-2x1.5 PK+VT/WH' from database - look in output window for details... &#xD;
 E3: E - Cannot create new device '6807' with component 'B75/3-2x1.5 PK+VT/WH'&#xD;
 E3: W - Component B48/6-2x0.35 GN/WH+VT not found in database !&#xD;
 E3: W - Cannot load Component 'B48/6-2x0.35 GN/WH+VT' from database - look in output window for details... &#xD;
 E3: E - Cannot create new device '6810' with component 'B48/6-2x0.35 GN/WH+VT'&#xD;
 E3: W - Component H35/21-2x0.13 GN+WH not found in database !&#xD;
 E3: W - Cannot load Component 'H35/21-2x0.13 GN+WH' from database - look in output window for details... &#xD;
 E3: E - Cannot create new device '6813' with component 'H35/21-2x0.13 GN+WH'&#xD;
 E3: W - Component J20-2x0+0.35 SC+SC+NT not found in database !&#xD;
 E3: W - Cannot load Component 'J20-2x0+0.35 SC+SC+NT' from database - look in output window for details... &#xD;
 E3: E - Cannot create new device '6816' with component 'J20-2x0+0.35 SC+SC+NT'&#xD;
 E3: W - Component B48/2-2x0.35 BK/WH+GN not found in database !&#xD;
 E3: W - Cannot load Component 'B48/2-2x0.35 BK/WH+GN' from database - look in output window for details... &#xD;
 E3: E - Cannot create new device '6842' with component 'B48/2-2x0.35 BK/WH+GN'&#xD;
 E3: W - Component U60/1-2x0.35 BK/WH+GN not found in database !&#xD;
 E3: W - Cannot load Component 'U60/1-2x0.35 BK/WH+GN' from database - look in output window for details... &#xD;
 E3: E - Cannot create new device '3305' with component 'U60/1-2x0.35 BK/WH+GN'&#xD;
 E3: W - Component B48/8-2x0.5 GN+PK/YE not found in database !&#xD;
 E3: W - Cannot load Component 'B48/8-2x0.5 GN+PK/YE' from database - look in output window for details... &#xD;
 E3: E - Cannot create new device '4306' with component 'B48/8-2x0.5 GN+PK/YE'&#xD;
 E3: W - Component H35/21-2x0.13 GN+WH not found in database !&#xD;
 E3: W - Cannot load Component 'H35/21-2x0.13 GN+WH' from database - look in output window for details... &#xD;
 E3: E - Cannot create new device '5633' with component 'H35/21-2x0.13 GN+WH'&#xD;
 E3: W - Component B75/3-2x1.5 BN/GN+GN not found in database !&#xD;
 E3: W - Cannot load Component 'B75/3-2x1.5 BN/GN+GN' from database - look in output window for details... &#xD;
 E3: E - Cannot create new device '3015' with component 'B75/3-2x1.5 BN/GN+GN'&#xD;
 E3: W - Component B75/3-2x1.5 BN/GN+GN not found in database !&#xD;
 E3: W - Cannot load Component 'B75/3-2x1.5 BN/GN+GN' from database - look in output window for details... &#xD;
 E3: E - Cannot create new device '3018' with component 'B75/3-2x1.5 BN/GN+GN'&#xD;
 E3: W - Component B48/2-2x0.35 BK/WH+GN not found in database !&#xD;
 E3: W - Cannot load Component 'B48/2-2x0.35 BK/WH+GN' from database - look in output window for details... &#xD;
 E3: E - Cannot create new device '1484' with component 'B48/2-2x0.35 BK/WH+GN'&#xD;
 E3: W - Component B48/2-2x0.35 PK+PK/WH not found in database !&#xD;
 E3: W - Cannot load Component 'B48/2-2x0.35 PK+PK/WH' from database - look in output window for details... &#xD;
 E3: E - Cannot create new device '1487' with component 'B48/2-2x0.35 PK+PK/WH'&#xD;
 E3: W - Component B48/2-2x0.35 PK+PK/WH not found in database !&#xD;
 E3: W - Cannot load Component 'B48/2-2x0.35 PK+PK/WH' from database - look in output window for details... &#xD;
 E3: E - Cannot create new device '1517' with component 'B48/2-2x0.35 PK+PK/WH'&#xD;
 E3: W - Component B48/2-2x0.35 BK/WH+GN not found in database !&#xD;
 E3: W - Cannot load Component 'B48/2-2x0.35 BK/WH+GN' from database - look in output window for details... &#xD;
 E3: E - Cannot create new device '3865' with component 'B48/2-2x0.35 BK/WH+GN'&#xD;
 E3: W - Component B75/1-2x0.75 GN+GN/GY not found in database !&#xD;
 E3: W - Cannot load Component 'B75/1-2x0.75 GN+GN/GY' from database - look in output window for details... &#xD;
 E3: E - Cannot create new device '6454' with component 'B75/1-2x0.75 GN+GN/GY'&#xD;
 E3: W - Component B75/1-2x0.75 BU+BU/PK not found in database !&#xD;
 E3: W - Cannot load Component 'B75/1-2x0.75 BU+BU/PK' from database - look in output window for details... &#xD;
 E3: E - Cannot create new device '6457' with component 'B75/1-2x0.75 BU+BU/PK'&#xD;
 E3: W - Component B48/2-2x0.35 BK/WH+GN not found in database !&#xD;
 E3: W - Cannot load Component 'B48/2-2x0.35 BK/WH+GN' from database - look in output window for details... &#xD;
 E3: E - Cannot create new device '6839' with component 'B48/2-2x0.35 BK/WH+GN'&#xD;
 E3: W - Component H35/4-2x0.35 GN+WH not found in database !&#xD;
 E3: W - Cannot load Component 'H35/4-2x0.35 GN+WH' from database - look in output window for details... &#xD;
 E3: E - Cannot create new device '5636' with component 'H35/4-2x0.35 GN+WH'&#xD;
 E3: W - Component B48/9-2x0.13 GN/WH+VT not found in database !&#xD;
 E3: W - Cannot load Component 'B48/9-2x0.13 GN/WH+VT' from database - look in output window for details... &#xD;
 E3: E - Cannot create new device '6663' with component 'B48/9-2x0.13 GN/WH+VT'&#xD;
 E3: W - Component B48/9-2x0.13 BU+RD not found in database !&#xD;
 E3: W - Cannot load Component 'B48/9-2x0.13 BU+RD' from database - look in output window for details... &#xD;
 E3: E - Cannot create new device '1261.1' with component 'B48/9-2x0.13 BU+RD'&#xD;
 E3: W - Component B48/9-2x0.13 BU+RD not found in database !&#xD;
 E3: W - Cannot load Component 'B48/9-2x0.13 BU+RD' from database - look in output window for details... &#xD;
 E3: E - Cannot create new device '1261.2' with component 'B48/9-2x0.13 BU+RD'&#xD;
 E3: W - Component B48-2x0.5 BN/YE+GY not found in database !&#xD;
 E3: W - Cannot load Component 'B48-2x0.5 BN/YE+GY' from database - look in output window for details... &#xD;
 E3: E - Cannot create new device '1385.1' with component 'B48-2x0.5 BN/YE+GY'&#xD;
 E3: W - Component B48-2x0.5 BN/YE+GY not found in database !&#xD;
 E3: W - Cannot load Component 'B48-2x0.5 BN/YE+GY' from database - look in output window for details... &#xD;
 E3: E - Cannot create new device '1385.2' with component 'B48-2x0.5 BN/YE+GY'&#xD;
 E3: W - Component B48-2x0.5 BN/YE+GN not found in database !&#xD;
 E3: W - Cannot load Component 'B48-2x0.5 BN/YE+GN' from database - look in output window for details... &#xD;
 E3: E - Cannot create new device '1388.1' with component 'B48-2x0.5 BN/YE+GN'&#xD;
 E3: W - Component B48-2x0.5 BN/YE+GN not found in database !&#xD;
 E3: W - Cannot load Component 'B48-2x0.5 BN/YE+GN' from database - look in output window for details... &#xD;
 E3: E - Cannot create new device '1388.2' with component 'B48-2x0.5 BN/YE+GN'&#xD;
 E3: W - Component B48/6-2x0.35 BN+GY/YE not found in database !&#xD;
 E3: W - Cannot load Component 'B48/6-2x0.35 BN+GY/YE' from database - look in output window for details... &#xD;
 E3: E - Cannot create new device '1415.1' with component 'B48/6-2x0.35 BN+GY/YE'&#xD;
 E3: W - Component B48/6-2x0.35 BN+GY/YE not found in database !&#xD;
 E3: W - Cannot load Component 'B48/6-2x0.35 BN+GY/YE' from database - look in output window for details... &#xD;
 E3: E - Cannot create new device '1415.2' with component 'B48/6-2x0.35 BN+GY/YE'&#xD;
 E3: W - Component B48/6-2x0.35 BU+GY/YE not found in database !&#xD;
 E3: W - Cannot load Component 'B48/6-2x0.35 BU+GY/YE' from database - look in output window for details... &#xD;
 E3: E - Cannot create new device '1418.1' with component 'B48/6-2x0.35 BU+GY/YE'&#xD;
 E3: W - Component B48/6-2x0.35 BU+GY/YE not found in database !&#xD;
 E3: W - Cannot load Component 'B48/6-2x0.35 BU+GY/YE' from database - look in output window for details... &#xD;
 E3: E - Cannot create new device '1418.2' with component 'B48/6-2x0.35 BU+GY/YE'&#xD;
 E3: W - Component B48/9-2x0.13 BU/WH+GY not found in database !&#xD;
 E3: W - Cannot load Component 'B48/9-2x0.13 BU/WH+GY' from database - look in output window for details... &#xD;
 E3: E - Cannot create new device '2031.1' with component 'B48/9-2x0.13 BU/WH+GY'&#xD;
 E3: W - Component B48/9-2x0.13 BU/WH+GY not found in database !&#xD;
 E3: W - Cannot load Component 'B48/9-2x0.13 BU/WH+GY' from database - look in output window for details... &#xD;
 E3: E - Cannot create new device '2031.2' with component 'B48/9-2x0.13 BU/WH+GY'&#xD;
 E3: W - Component J20-2x0+0.35 SC+SC+NT not found in database !&#xD;
 E3: W - Cannot load Component 'J20-2x0+0.35 SC+SC+NT' from database - look in output window for details... &#xD;
 E3: E - Cannot create new device '3195.1' with component 'J20-2x0+0.35 SC+SC+NT'&#xD;
 E3: W - Component J20-2x0+0.35 SC+SC+NT not found in database !&#xD;
 E3: W - Cannot load Component 'J20-2x0+0.35 SC+SC+NT' from database - look in output window for details... &#xD;
 E3: E - Cannot create new device '3195.2' with component 'J20-2x0+0.35 SC+SC+NT'&#xD;
 E3: W - Component J20-2x0+0.35 SC+SC+NT not found in database !&#xD;
 E3: W - Cannot load Component 'J20-2x0+0.35 SC+SC+NT' from database - look in output window for details... &#xD;
 E3: E - Cannot create new device '3205.1' with component 'J20-2x0+0.35 SC+SC+NT'&#xD;
 E3: W - Component J20-2x0+0.35 SC+SC+NT not found in database !&#xD;
 E3: W - Cannot load Component 'J20-2x0+0.35 SC+SC+NT' from database - look in output window for details... &#xD;
 E3: E - Cannot create new device '3205.2' with component 'J20-2x0+0.35 SC+SC+NT'&#xD;
 E3: W - Component J20-2x0+0.35 SC+SC+NT not found in database !&#xD;
 E3: W - Cannot load Component 'J20-2x0+0.35 SC+SC+NT' from database - look in output window for details... &#xD;
 E3: E - Cannot create new device '3209.1' with component 'J20-2x0+0.35 SC+SC+NT'&#xD;
 E3: W - Component J20-2x0+0.35 SC+SC+NT not found in database !&#xD;
 E3: W - Cannot load Component 'J20-2x0+0.35 SC+SC+NT' from database - look in output window for details... &#xD;
 E3: E - Cannot create new device '3209.2' with component 'J20-2x0+0.35 SC+SC+NT'&#xD;
 E3: W - Component J20-2x0+0.35 SC+SC+NT not found in database !&#xD;
 E3: W - Cannot load Component 'J20-2x0+0.35 SC+SC+NT' from database - look in output window for details... &#xD;
 E3: E - Cannot create new device '3248.1' with component 'J20-2x0+0.35 SC+SC+NT'&#xD;
 E3: W - Component J20-2x0+0.35 SC+SC+NT not found in database !&#xD;
 E3: W - Cannot load Component 'J20-2x0+0.35 SC+SC+NT' from database - look in output window for details... &#xD;
 E3: E - Cannot create new device '3248.2' with component 'J20-2x0+0.35 SC+SC+NT'&#xD;
 E3: W - Component J20-2x0+0.35 SC+SC+NT not found in database !&#xD;
 E3: W - Cannot load Component 'J20-2x0+0.35 SC+SC+NT' from database - look in output window for details... &#xD;
 E3: E - Cannot create new device '3358.1.1' with component 'J20-2x0+0.35 SC+SC+NT'&#xD;
 E3: W - Component J20-2x0+0.35 SC+SC+NT not found in database !&#xD;
 E3: W - Cannot load Component 'J20-2x0+0.35 SC+SC+NT' from database - look in output window for details... &#xD;
 E3: E - Cannot create new device '3358.1.2' with component 'J20-2x0+0.35 SC+SC+NT'&#xD;
 E3: W - Component J20-2x0+0.35 SC+SC+NT not found in database !&#xD;
 E3: W - Cannot load Component 'J20-2x0+0.35 SC+SC+NT' from database - look in output window for details... &#xD;
 E3: E - Cannot create new device '3358.2.1' with component 'J20-2x0+0.35 SC+SC+NT'&#xD;
 E3: W - Component J20-2x0+0.35 SC+SC+NT not found in database !&#xD;
 E3: W - Cannot load Component 'J20-2x0+0.35 SC+SC+NT' from database - look in output window for details... &#xD;
 E3: E - Cannot create new device '3358.2.2' with component 'J20-2x0+0.35 SC+SC+NT'&#xD;
 E3: W - Component J20-2x0+0.35 SC+SC+NT not found in database !&#xD;
 E3: W - Cannot load Component 'J20-2x0+0.35 SC+SC+NT' from database - look in output window for details... &#xD;
 E3: E - Cannot create new device '3362.1.1' with component 'J20-2x0+0.35 SC+SC+NT'&#xD;
 E3: W - Component J20-2x0+0.35 SC+SC+NT not found in database !&#xD;
 E3: W - Cannot load Component 'J20-2x0+0.35 SC+SC+NT' from database - look in output window for details... &#xD;
 E3: E - Cannot create new device '3362.1.2' with component 'J20-2x0+0.35 SC+SC+NT'&#xD;
 E3: W - Component J20-2x0+0.35 SC+SC+NT not found in database !&#xD;
 E3: W - Cannot load Component 'J20-2x0+0.35 SC+SC+NT' from database - look in output window for details... &#xD;
 E3: E - Cannot create new device '3362.2.1' with component 'J20-2x0+0.35 SC+SC+NT'&#xD;
 E3: W - Component J20-2x0+0.35 SC+SC+NT not found in database !&#xD;
 E3: W - Cannot load Component 'J20-2x0+0.35 SC+SC+NT' from database - look in output window for details... &#xD;
 E3: E - Cannot create new device '3362.2.2' with component 'J20-2x0+0.35 SC+SC+NT'&#xD;
 E3: W - Component J20-2x0+0.35 SC+SC+NT not found in database !&#xD;
 E3: W - Cannot load Component 'J20-2x0+0.35 SC+SC+NT' from database - look in output window for details... &#xD;
 E3: E - Cannot create new device '3366.2.1' with component 'J20-2x0+0.35 SC+SC+NT'&#xD;
 E3: W - Component J20-2x0+0.35 SC+SC+NT not found in database !&#xD;
 E3: W - Cannot load Component 'J20-2x0+0.35 SC+SC+NT' from database - look in output window for details... &#xD;
 E3: E - Cannot create new device '3366.2.2' with component 'J20-2x0+0.35 SC+SC+NT'&#xD;
 E3: W - Component J20-2x0+0.35 SC+SC+NT not found in database !&#xD;
 E3: W - Cannot load Component 'J20-2x0+0.35 SC+SC+NT' from database - look in output window for details... &#xD;
 E3: E - Cannot create new device '3366.1.1' with component 'J20-2x0+0.35 SC+SC+NT'&#xD;
 E3: W - Component J20-2x0+0.35 SC+SC+NT not found in database !&#xD;
 E3: W - Cannot load Component 'J20-2x0+0.35 SC+SC+NT' from database - look in output window for details... &#xD;
 E3: E - Cannot create new device '3366.1.2' with component 'J20-2x0+0.35 SC+SC+NT'&#xD;
 E3: W - Component J20-2x0+0.35 SC+SC+NT not found in database !&#xD;
 E3: W - Cannot load Component 'J20-2x0+0.35 SC+SC+NT' from database - look in output window for details... &#xD;
 E3: E - Cannot create new device '3544.1' with component 'J20-2x0+0.35 SC+SC+NT'&#xD;
 E3: W - Component J20-2x0+0.35 SC+SC+NT not found in database !&#xD;
 E3: W - Cannot load Component 'J20-2x0+0.35 SC+SC+NT' from database - look in output window for details... &#xD;
 E3: E - Cannot create new device '3544.2' with component 'J20-2x0+0.35 SC+SC+NT'&#xD;
 E3: W - Component H35/15-2x0.13 BK+VT/WH not found in database !&#xD;
 E3: W - Cannot load Component 'H35/15-2x0.13 BK+VT/WH' from database - look in output window for details... &#xD;
 E3: E - Cannot create new device '3894.1' with component 'H35/15-2x0.13 BK+VT/WH'&#xD;
 E3: W - Component H35/15-2x0.13 BK+VT/WH not found in database !&#xD;
 E3: W - Cannot load Component 'H35/15-2x0.13 BK+VT/WH' from database - look in output window for details... &#xD;
 E3: E - Cannot create new device '3894.2' with component 'H35/15-2x0.13 BK+VT/WH'&#xD;
 E3: W - Component H35/15-2x0.13 BK+VT/WH not found in database !&#xD;
 E3: W - Cannot load Component 'H35/15-2x0.13 BK+VT/WH' from database - look in output window for details... &#xD;
 E3: E - Cannot create new device '3897.1' with component 'H35/15-2x0.13 BK+VT/WH'&#xD;
 E3: W - Component H35/15-2x0.13 BK+VT/WH not found in database !&#xD;
 E3: W - Cannot load Component 'H35/15-2x0.13 BK+VT/WH' from database - look in output window for details... &#xD;
 E3: E - Cannot create new device '3897.2' with component 'H35/15-2x0.13 BK+VT/WH'&#xD;
 E3: W - Component H35/15-2x0.13 GN+GN/WH not found in database !&#xD;
 E3: W - Cannot load Component 'H35/15-2x0.13 GN+GN/WH' from database - look in output window for details... &#xD;
 E3: E - Cannot create new device '4249.1' with component 'H35/15-2x0.13 GN+GN/WH'&#xD;
 E3: W - Component H35/15-2x0.13 GN+GN/WH not found in database !&#xD;
 E3: W - Cannot load Component 'H35/15-2x0.13 GN+GN/WH' from database - look in output window for details... &#xD;
 E3: E - Cannot create new device '4249.2' with component 'H35/15-2x0.13 GN+GN/WH'&#xD;
 E3: W - Component H35/15-2x0.13 BK+VT/WH not found in database !&#xD;
 E3: W - Cannot load Component 'H35/15-2x0.13 BK+VT/WH' from database - look in output window for details... &#xD;
 E3: E - Cannot create new device '4267.1' with component 'H35/15-2x0.13 BK+VT/WH'&#xD;
 E3: W - Component H35/15-2x0.13 BK+VT/WH not found in database !&#xD;
 E3: W - Cannot load Component 'H35/15-2x0.13 BK+VT/WH' from database - look in output window for details... &#xD;
 E3: E - Cannot create new device '4267.2' with component 'H35/15-2x0.13 BK+VT/WH'&#xD;
 E3: W - Component B75/1-2x0.75 BK/WH+BU not found in database !&#xD;
 E3: W - Cannot load Component 'B75/1-2x0.75 BK/WH+BU' from database - look in output window for details... &#xD;
 E3: E - Cannot create new device '4904.1' with component 'B75/1-2x0.75 BK/WH+BU'&#xD;
 E3: W - Component B75/1-2x0.75 BK/WH+BU not found in database !&#xD;
 E3: W - Cannot load Component 'B75/1-2x0.75 BK/WH+BU' from database - look in output window for details... &#xD;
 E3: E - Cannot create new device '4904.2' with component 'B75/1-2x0.75 BK/WH+BU'&#xD;
 E3: W - Component B75/1-2x0.75 GY/WH+VT not found in database !&#xD;
 E3: W - Cannot load Component 'B75/1-2x0.75 GY/WH+VT' from database - look in output window for details... &#xD;
 E3: E - Cannot create new device '4907.1' with component 'B75/1-2x0.75 GY/WH+VT'&#xD;
 E3: W - Component B75/1-2x0.75 GY/WH+VT not found in database !&#xD;
 E3: W - Cannot load Component 'B75/1-2x0.75 GY/WH+VT' from database - look in output window for details... &#xD;
 E3: E - Cannot create new device '4907.2' with component 'B75/1-2x0.75 GY/WH+VT'&#xD;
 E3: W - Component J30-2x0+0.14 SC+SC+NT not found in database !&#xD;
 E3: W - Cannot load Component 'J30-2x0+0.14 SC+SC+NT' from database - look in output window for details... &#xD;
 E3: E - Cannot create new device '5053.1' with component 'J30-2x0+0.14 SC+SC+NT'&#xD;
 E3: W - Component J30-2x0+0.14 SC+SC+NT not found in database !&#xD;
 E3: W - Cannot load Component 'J30-2x0+0.14 SC+SC+NT' from database - look in output window for details... &#xD;
 E3: E - Cannot create new device '5053.2' with component 'J30-2x0+0.14 SC+SC+NT'&#xD;
 E3: W - Component J20-2x0+0.35 SC+SC+NT not found in database !&#xD;
 E3: W - Cannot load Component 'J20-2x0+0.35 SC+SC+NT' from database - look in output window for details... &#xD;
 E3: E - Cannot create new device '5336.1' with component 'J20-2x0+0.35 SC+SC+NT'&#xD;
 E3: W - Component J20-2x0+0.35 SC+SC+NT not found in database !&#xD;
 E3: W - Cannot load Component 'J20-2x0+0.35 SC+SC+NT' from database - look in output window for details... &#xD;
 E3: E - Cannot create new device '5336.2' with component 'J20-2x0+0.35 SC+SC+NT'&#xD;
 E3: W - Component J20-2x0+0.35 SC+SC+NT not found in database !&#xD;
 E3: W - Cannot load Component 'J20-2x0+0.35 SC+SC+NT' from database - look in output window for details... &#xD;
 E3: E - Cannot create new device '5873.1' with component 'J20-2x0+0.35 SC+SC+NT'&#xD;
 E3: W - Component J20-2x0+0.35 SC+SC+NT not found in database !&#xD;
 E3: W - Cannot load Component 'J20-2x0+0.35 SC+SC+NT' from database - look in output window for details... &#xD;
 E3: E - Cannot create new device '5873.2' with component 'J20-2x0+0.35 SC+SC+NT'&#xD;
 E3: W - Component J30-2x0+0.14 SC+SC+NT not found in database !&#xD;
 E3: W - Cannot load Component 'J30-2x0+0.14 SC+SC+NT' from database - look in output window for details... &#xD;
 E3: E - Cannot create new device '6254.1' with component 'J30-2x0+0.14 SC+SC+NT'&#xD;
 E3: W - Component J30-2x0+0.14 SC+SC+NT not found in database !&#xD;
 E3: W - Cannot load Component 'J30-2x0+0.14 SC+SC+NT' from database - look in output window for details... &#xD;
 E3: E - Cannot create new device '6254.2' with component 'J30-2x0+0.14 SC+SC+NT'&#xD;
 E3: W - Component B48/2-2x0.35 YE/BK+YE/GN not found in database !&#xD;
 E3: W - Cannot load Component 'B48/2-2x0.35 YE/BK+YE/GN' from database - look in output window for details... &#xD;
 E3: E - Cannot create new device '6474' with component 'B48/2-2x0.35 YE/BK+YE/GN'&#xD;
 E3: W - Component B76/6-2x0.35 BK/BN+WH/BK not found in database !&#xD;
 E3: W - Cannot load Component 'B76/6-2x0.35 BK/BN+WH/BK' from database - look in output window for details... &#xD;
 E3: E - Cannot create new device '7075' with component 'B76/6-2x0.35 BK/BN+WH/BK'&#xD;
 E3: W - Component B76/6-2x0.35 GN/VT+VT not found in database !&#xD;
 E3: W - Cannot load Component 'B76/6-2x0.35 GN/VT+VT' from database - look in output window for details... &#xD;
 E3: E - Cannot create new device '7078' with component 'B76/6-2x0.35 GN/VT+VT'&#xD;
 E3: W - Component H35/6-2x0.35 GN/WH+PK/WH not found in database !&#xD;
 E3: W - Cannot load Component 'H35/6-2x0.35 GN/WH+PK/WH' from database - look in output window for details... &#xD;
 E3: E - Cannot create new device '7081' with component 'H35/6-2x0.35 GN/WH+PK/WH'&#xD;
 E3: W - Component H35/6-2x0.35 GN/RD+PK/RD not found in database !&#xD;
 E3: W - Cannot load Component 'H35/6-2x0.35 GN/RD+PK/RD' from database - look in output window for details... &#xD;
 E3: E - Cannot create new device '7084' with component 'H35/6-2x0.35 GN/RD+PK/RD'&#xD;
 E3: W - Component H35/6-2x0.35 GN/RD+PK/RD not found in database !&#xD;
 E3: W - Cannot load Component 'H35/6-2x0.35 GN/RD+PK/RD' from database - look in output window for details... &#xD;
 E3: E - Cannot create new device '7087' with component 'H35/6-2x0.35 GN/RD+PK/RD'&#xD;
 E3: W - Component J20-2x0+0.35 SC+SC+NT not found in database !&#xD;
 E3: W - Cannot load Component 'J20-2x0+0.35 SC+SC+NT' from database - look in output window for details... &#xD;
 E3: E - Cannot create new device '1272.1' with component 'J20-2x0+0.35 SC+SC+NT'&#xD;
 E3: W - Component J20-2x0+0.35 SC+SC+NT not found in database !&#xD;
 E3: W - Cannot load Component 'J20-2x0+0.35 SC+SC+NT' from database - look in output window for details... &#xD;
 E3: E - Cannot create new device '1272.2' with component 'J20-2x0+0.35 SC+SC+NT'&#xD;
 E3: W - Component B48/2-2x0.35 BU+YE not found in database !&#xD;
 E3: W - Cannot load Component 'B48/2-2x0.35 BU+YE' from database - look in output window for details... &#xD;
 E3: E - Cannot create new device '2091' with component 'B48/2-2x0.35 BU+YE'&#xD;
 E3: W - Component J20-2x0+0.35 SC+SC+NT not found in database !&#xD;
 E3: W - Cannot load Component 'J20-2x0+0.35 SC+SC+NT' from database - look in output window for details... &#xD;
 E3: E - Cannot create new device '6939' with component 'J20-2x0+0.35 SC+SC+NT'&#xD;
 E3: W - Component H35/21-2x0.13 GN+WH not found in database !&#xD;
 E3: W - Cannot load Component 'H35/21-2x0.13 GN+WH' from database - look in output window for details... &#xD;
 E3: E - Cannot create new device '6737' with component 'H35/21-2x0.13 GN+WH'&#xD;
 E3: W - Component B48/2-2x0.35 BN/BU+RD/BU not found in database !&#xD;
 E3: W - Cannot load Component 'B48/2-2x0.35 BN/BU+RD/BU' from database - look in output window for details... &#xD;
 E3: E - Cannot create new device '3937' with component 'B48/2-2x0.35 BN/BU+RD/BU'&#xD;
 E3: W - Component B76/6-2x0.35 BK/BN+WH/BK not found in database !&#xD;
 E3: W - Cannot load Component 'B76/6-2x0.35 BK/BN+WH/BK' from database - look in output window for details... &#xD;
 E3: E - Cannot create new device '6126' with component 'B76/6-2x0.35 BK/BN+WH/BK'&#xD;
 E3: W - Component B76/6-2x0.35 GN/VT+VT not found in database !&#xD;
 E3: W - Cannot load Component 'B76/6-2x0.35 GN/VT+VT' from database - look in output window for details... &#xD;
 E3: E - Cannot create new device '6135' with component 'B76/6-2x0.35 GN/VT+VT'&#xD;
 E3: W - Component B75/1-2x0.75 BK/WH+VT not found in database !&#xD;
 E3: W - Cannot load Component 'B75/1-2x0.75 BK/WH+VT' from database - look in output window for details... &#xD;
 E3: E - Cannot create new device '6221' with component 'B75/1-2x0.75 BK/WH+VT'&#xD;
 E3: W - Component B75/1-2x0.75 GY+RD not found in database !&#xD;
 E3: W - Cannot load Component 'B75/1-2x0.75 GY+RD' from database - look in output window for details... &#xD;
 E3: E - Cannot create new device '6224' with component 'B75/1-2x0.75 GY+RD'&#xD;
 E3: W - Component B75/1-2x0.75 BK+BU not found in database !&#xD;
 E3: W - Cannot load Component 'B75/1-2x0.75 BK+BU' from database - look in output window for details... &#xD;
 E3: E - Cannot create new device '6227' with component 'B75/1-2x0.75 BK+BU'&#xD;
 E3: W - Component B48/2-2x0.35 BK/WH+WH not found in database !&#xD;
 E3: W - Cannot load Component 'B48/2-2x0.35 BK/WH+WH' from database - look in output window for details... &#xD;
 E3: E - Cannot create new device '4282' with component 'B48/2-2x0.35 BK/WH+WH'&#xD;
 E3: W - Component B74/5-3x2.5 BK+BU+GY not found in database !&#xD;
 E3: W - Cannot load Component 'B74/5-3x2.5 BK+BU+GY' from database - look in output window for details... &#xD;
 E3: E - Cannot create new device '6052' with component 'B74/5-3x2.5 BK+BU+GY'&#xD;
 E3: W - Component B14-0+3x0.5 SC+BK+DW+YE not found in database !&#xD;
 E3: W - Cannot load Component 'B14-0+3x0.5 SC+BK+DW+YE' from database - look in output window for details... &#xD;
 E3: E - Cannot create new device '7013' with component 'B14-0+3x0.5 SC+BK+DW+YE'&#xD;
 E3: W - Component B14-0+3x0.5 SC+BK+DW+YE not found in database !&#xD;
 E3: W - Cannot load Component 'B14-0+3x0.5 SC+BK+DW+YE' from database - look in output window for details... &#xD;
 E3: E - Cannot create new device '7023' with component 'B14-0+3x0.5 SC+BK+DW+YE'&#xD;
 E3: W - Component B14-0+3x0.5 SC+BK+DW+YE not found in database !&#xD;
 E3: W - Cannot load Component 'B14-0+3x0.5 SC+BK+DW+YE' from database - look in output window for details... &#xD;
 E3: E - Cannot create new device '7033' with component 'B14-0+3x0.5 SC+BK+DW+YE'&#xD;
 E3: W - Component B14-0+3x0.5 SC+BK+DW+YE not found in database !&#xD;
 E3: W - Cannot load Component 'B14-0+3x0.5 SC+BK+DW+YE' from database - look in output window for details... &#xD;
 E3: E - Cannot create new device '7043' with component 'B14-0+3x0.5 SC+BK+DW+YE'&#xD;
 E3: W - Component U49/4-0+3x0.5 SC++GN+GN/WH not found in database !&#xD;
 E3: W - Cannot load Component 'U49/4-0+3x0.5 SC++GN+GN/WH' from database - look in output window for details... &#xD;
 E3: E - Cannot create new device '7153' with component 'U49/4-0+3x0.5 SC++GN+GN/WH'&#xD;
 E3: W - Component Iq-0.13 BN not found in database - nothing changed !&#xD;
 E3: W - Wire/Core '5548' could not be created.&#xD;
 E3: W - Component Iq-0.13 BN not found in database - nothing changed !&#xD;
 E3: W - Wire/Core '1545' could not be created.&#xD;
 E3: W - Component Iy-2.5 RD/GN not found in database - nothing changed !&#xD;
 E3: W - Wire/Core '4835' could not be created.&#xD;
 E3: W - Component Iy-1.5 RD/YE not found in database - nothing changed !&#xD;
 E3: W - Wire/Core '2468' could not be created.&#xD;
 E3: W - Component Iy-1.5 BN/YE not found in database - nothing changed !&#xD;
 E3: W - Wire/Core '2469' could not be created.&#xD;
 E3: W - Component Iy-1.5 RD/YE not found in database - nothing changed !&#xD;
 E3: W - Wire/Core '2472' could not be created.&#xD;
 E3: W - Component Iy-1.5 BN/YE not found in database - nothing changed !&#xD;
 E3: W - Wire/Core '2473' could not be created.&#xD;
 E3: W - Component Iy-1.5 BN/YE not found in database - nothing changed !&#xD;
 E3: W - Wire/Core '2471' could not be created.&#xD;
 E3: W - Component Iy-1.5 RD/YE not found in database - nothing changed !&#xD;
 E3: W - Wire/Core '2470' could not be created.&#xD;
 E3: W - Component Iy-1.5 RD/BU not found in database - nothing changed !&#xD;
 E3: W - Wire/Core '2474' could not be created.&#xD;
 E3: W - Component Iy-1.5 BN/BU not found in database - nothing changed !&#xD;
 E3: W - Wire/Core '2475' could not be created.&#xD;
 E3: W - Component Iy-1.5 RD/BU not found in database - nothing changed !&#xD;
 E3: W - Wire/Core '2478' could not be created.&#xD;
 E3: W - Component Iy-1.5 BN/BU not found in database - nothing changed !&#xD;
 E3: W - Wire/Core '2479' could not be created.&#xD;
 E3: W - Component Iy-1.5 BN/BU not found in database - nothing changed !&#xD;
 E3: W - Wire/Core '2477' could not be created.&#xD;
 E3: W - Component Iy-1.5 RD/BU not found in database - nothing changed !&#xD;
 E3: W - Wire/Core '2476' could not be created.&#xD;
 E3: W - Component Iq-0.13 WH not found in database - nothing changed !&#xD;
 E3: W - Wire/Core '2511' could not be created.&#xD;
 E3: W - Component Iy-0.35 BN not found in database - nothing changed !&#xD;
 E3: W - Wire/Core '2513' could not be created.&#xD;
 E3: W - Component Jg-35 RD not found in database - nothing changed !&#xD;
 E3: W - Wire/Core '4435' could not be created.&#xD;
 E3: W - Component Iy-0.35 BN not found in database - nothing changed !&#xD;
 E3: W - Wire/Core '4432' could not be created.&#xD;
 E3: W - Component Iq-0.13 BU not found in database - nothing changed !&#xD;
 E3: W - Wire/Core '2750' could not be created.&#xD;
 E3: W - Component Iy-0.35 BN not found in database - nothing changed !&#xD;
 E3: W - Wire/Core '2912' could not be created.&#xD;
 E3: W - Component Iy-0.35 BK/BU not found in database - nothing changed !&#xD;
 E3: W - Wire/Core '1728' could not be created.&#xD;
 E3: W - Component Iy-0.35 GY not found in database - nothing changed !&#xD;
 E3: W - Wire/Core '1662' could not be created.&#xD;
 E3: W - Component Iy-0.35 GN/YE not found in database - nothing changed !&#xD;
 E3: W - Wire/Core '1666' could not be created.&#xD;
 E3: W - Component Iy-2.5 RD/GY not found in database - nothing changed !&#xD;
 E3: W - Wire/Core '1353' could not be created.&#xD;
 E3: W - Component Iy-2.5 RD/GY not found in database - nothing changed !&#xD;
 E3: W - Wire/Core '1354' could not be created.&#xD;
 E3: W - Component Iy-2.5 BN not found in database - nothing changed !&#xD;
 E3: W - Wire/Core '1356' could not be created.&#xD;
 E3: W - Component Iy-2.5 BN not found in database - nothing changed !&#xD;
 E3: W - Wire/Core '1351' could not be created.&#xD;
 E3: W - Component Iy-0.35 BN/BK not found in database - nothing changed !&#xD;
 E3: W - Wire/Core '1644' could not be created.&#xD;
 E3: W - Component Iy-0.35 GY/WH not found in database - nothing changed !&#xD;
 E3: W - Wire/Core '1645' could not be created.&#xD;
 E3: W - Component Iy-0.35 VT not found in database - nothing changed !&#xD;
 E3: W - Wire/Core '1027' could not be created.&#xD;
 E3: W - Component Iy-0.35 VT not found in database - nothing changed !&#xD;
 E3: W - Wire/Core '1026' could not be created.&#xD;
 E3: W - Component Iy-0.35 VT not found in database - nothing changed !&#xD;
 E3: W - Wire/Core '1025' could not be created.&#xD;
 E3: W - Component Iy-1.5 RD/BU not found in database - nothing changed !&#xD;
 E3: W - Wire/Core '1103' could not be created.&#xD;
 E3: W - Component Iy-2.5 RD/WH not found in database - nothing changed !&#xD;
 E3: W - Wire/Core '1104' could not be created.&#xD;
 E3: W - Component Iy-1.5 RD/GN not found in database - nothing changed !&#xD;
 E3: W - Wire/Core '1105' could not be created.&#xD;
 E3: W - Component Iy-2.5 RD/BK not found in database - nothing changed !&#xD;
 E3: W - Wire/Core '1106' could not be created.&#xD;
 E3: W - Component Iy-2.5 RD/YE not found in database - nothing changed !&#xD;
 E3: W - Wire/Core '1107' could not be created.&#xD;
 E3: W - Component Iy-0.35 BU/BK not found in database - nothing changed !&#xD;
 E3: W - Wire/Core '1133' could not be created.&#xD;
 E3: W - Component Iy-0.35 BK not found in database - nothing changed !&#xD;
 E3: W - Wire/Core '1134' could not be created.&#xD;
 E3: W - Component Iy-2.5 BN not found in database - nothing changed !&#xD;
 E3: W - Wire/Core '1108' could not be created.&#xD;
 E3: W - Component Iy-0.35 RD/GN not found in database - nothing changed !&#xD;
 E3: W - Wire/Core '1094' could not be created.&#xD;
 E3: W - Component Iy-0.35 BN not found in database - nothing changed !&#xD;
 E3: W - Wire/Core '1735' could not be created.&#xD;
 E3: W - Component Iq-0.13 BN/GN not found in database - nothing changed !&#xD;
 E3: W - Wire/Core '2836' could not be created.&#xD;
 E3: W - Component Iy-0.5 BN/GY not found in database - nothing changed !&#xD;
 E3: W - Wire/Core '2837' could not be created.&#xD;
 E3: W - Component Iy-0.5 BN not found in database - nothing changed !&#xD;
 E3: W - Wire/Core '2838' could not be created.&#xD;
 E3: W - Component Iy-0.35 WH not found in database - nothing changed !&#xD;
 E3: W - Wire/Core '1073' could not be created.&#xD;
 E3: W - Component Iy-0.35 BN not found in database - nothing changed !&#xD;
 E3: W - Wire/Core '1076' could not be created.&#xD;
 E3: W - Component Gk-4 RD/WH not found in database - nothing changed !&#xD;
 E3: W - Wire/Core '2374' could not be created.&#xD;
 E3: W - Component Gk-4 BN not found in database - nothing changed !&#xD;
 E3: W - Wire/Core '2377' could not be created.&#xD;
 E3: W - Component Iy-0.5 BK/GN not found in database - nothing changed !&#xD;
 E3: W - Wire/Core '1162' could not be created.&#xD;
 E3: W - Component Iy-0.5 BN/GN not found in database - nothing changed !&#xD;
 E3: W - Wire/Core '1170' could not be created.&#xD;
 E3: W - Component Iy-0.35 WH/RD not found in database - nothing changed !&#xD;
 E3: W - Wire/Core '1180' could not be created.&#xD;
 E3: W - Component Iy-0.35 YE/VT not found in database - nothing changed !&#xD;
 E3: W - Wire/Core '1184' could not be created.&#xD;
 E3: W - Component Iy-0.35 RD/BU not found in database - nothing changed !&#xD;
 E3: W - Wire/Core '1186' could not be created.&#xD;
 E3: W - Component Iy-0.35 BN not found in database - nothing changed !&#xD;
 E3: W - Wire/Core '3560' could not be created.&#xD;
 E3: W - Component Iy-0.5 RD/WH not found in database - nothing changed !&#xD;
 E3: W - Wire/Core '2487' could not be created.&#xD;
 E3: W - Component Iy-0.75 BN not found in database - nothing changed !&#xD;
 E3: W - Wire/Core '2484' could not be created.&#xD;
 E3: W - Component Iy-0.75 BN not found in database - nothing changed !&#xD;
 E3: W - Wire/Core '2485' could not be created.&#xD;
 E3: W - Component Iy-0.75 BU not found in database - nothing changed !&#xD;
 E3: W - Wire/Core '2486' could not be created.&#xD;
 E3: W - Component Iy-0.5 BN not found in database - nothing changed !&#xD;
 E3: W - Wire/Core '2489' could not be created.&#xD;
 E3: W - Component Iy-0.5 BN not found in database - nothing changed !&#xD;
 E3: W - Wire/Core '2490' could not be created.&#xD;
 E3: W - Component Iy-0.35 RD/GN not found in database - nothing changed !&#xD;
 E3: W - Wire/Core '2060' could not be created.&#xD;
 E3: W - Component Iy-0.35 WH not found in database - nothing changed !&#xD;
 E3: W - Wire/Core '2061' could not be created.&#xD;
 E3: W - Component Iy-0.35 RD/GN not found in database - nothing changed !&#xD;
 E3: W - Wire/Core '2064' could not be created.&#xD;
 E3: W - Component Iy-0.35 BN/WH not found in database - nothing changed !&#xD;
 E3: W - Wire/Core '2065' could not be created.&#xD;
 E3: W - Component Iy-2.5 BN not found in database - nothing changed !&#xD;
 E3: W - Wire/Core '3141' could not be created.&#xD;
 E3: W - Component Iy-0.35 PK not found in database - nothing changed !&#xD;
 E3: W - Wire/Core '4586' could not be created.&#xD;
 E3: W - Component Iy-0.35 BN not found in database - nothing changed !&#xD;
 E3: W - Wire/Core '4590' could not be created.&#xD;
 E3: W - Component Iy-0.35 PK not found in database - nothing changed !&#xD;
 E3: W - Wire/Core '4585' could not be created.&#xD;
 E3: W - Component Iy-0.35 BN not found in database - nothing changed !&#xD;
 E3: W - Wire/Core '4589' could not be created.&#xD;
 E3: W - Component Iy-0.5 RD/WH not found in database - nothing changed !&#xD;
 E3: W - Wire/Core '3742' could not be created.&#xD;
 E3: W - Component Iq-0.13 VT not found in database - nothing changed !&#xD;
 E3: W - Wire/Core '3754' could not be created.&#xD;
 E3: W - Component Iy-0.5 BN not found in database - nothing changed !&#xD;
 E3: W - Wire/Core '3743' could not be created.&#xD;
 E3: W - Component Iy-4 BN not found in database - nothing changed !&#xD;
 E3: W - Wire/Core '3792' could not be created.&#xD;
 E3: W - Component Iy-4 RD/WH not found in database - nothing changed !&#xD;
 E3: W - Wire/Core '3791' could not be created.&#xD;
 E3: W - Component Iy-0.35 BN not found in database - nothing changed !&#xD;
 E3: W - Wire/Core '2515' could not be created.&#xD;
 E3: W - Component Iy-0.35 BN not found in database - nothing changed !&#xD;
 E3: W - Wire/Core '2516' could not be created.&#xD;
 E3: W - Component Iy-0.35 RD/YE not found in database - nothing changed !&#xD;
 E3: W - Wire/Core '3511' could not be created.&#xD;
 E3: W - Component Iy-0.35 BN not found in database - nothing changed !&#xD;
 E3: W - Wire/Core '3353' could not be created.&#xD;
 E3: W - Component Iy-1 BN not found in database - nothing changed !&#xD;
 E3: W - Wire/Core '2938' could not be created.&#xD;
 E3: W - Component Iy-2.5 RD/GN not found in database - nothing changed !&#xD;
 E3: W - Wire/Core '2040' could not be created.&#xD;
 E3: W - Component Iy-2.5 BN not found in database - nothing changed !&#xD;
 E3: W - Wire/Core '2041' could not be created.&#xD;
 E3: W - Component Iy-0.5 BN/WH not found in database - nothing changed !&#xD;
 E3: W - Wire/Core '2043' could not be created.&#xD;
 E3: W - Component Iy-0.35 GN/PK not found in database - nothing changed !&#xD;
 E3: W - Wire/Core '2048' could not be created.&#xD;
 E3: W - Component Iy-0.35 BN/WH not found in database - nothing changed !&#xD;
 E3: W - Wire/Core '2049' could not be created.&#xD;
 E3: W - Component Iy-0.35 BK not found in database - nothing changed !&#xD;
 E3: W - Wire/Core '2050' could not be created.&#xD;
 E3: W - Component Iy-0.35 RD/WH not found in database - nothing changed !&#xD;
 E3: W - Wire/Core '1729' could not be created.&#xD;
 E3: W - Component Iy-0.35 WH not found in database - nothing changed !&#xD;
 E3: W - Wire/Core '1738' could not be created.&#xD;
 E3: W - Component Iy-0.35 GY not found in database - nothing changed !&#xD;
 E3: W - Wire/Core '1730' could not be created.&#xD;
 E3: W - Component Iy-0.35 BU not found in database - nothing changed !&#xD;
 E3: W - Wire/Core '1731' could not be created.&#xD;
 E3: W - Component Iy-0.35 BK not found in database - nothing changed !&#xD;
 E3: W - Wire/Core '1732' could not be created.&#xD;
 E3: W - Component Iy-0.35 BN/WH not found in database - nothing changed !&#xD;
 E3: W - Wire/Core '1733' could not be created.&#xD;
 E3: W - Component Iy-0.35 BN not found in database - nothing changed !&#xD;
 E3: W - Wire/Core '1739' could not be created.&#xD;
 E3: W - Component Iy-0.35 YE not found in database - nothing changed !&#xD;
 E3: W - Wire/Core '1740' could not be created.&#xD;
 E3: W - Component Iy-1 RD not found in database - nothing changed !&#xD;
 E3: W - Wire/Core '1741' could not be created.&#xD;
 E3: W - Component Iy-1 BN not found in database - nothing changed !&#xD;
 E3: W - Wire/Core '1742' could not be created.&#xD;
 E3: W - Component Iy-0.35 PK not found in database - nothing changed !&#xD;
 E3: W - Wire/Core '1743' could not be created.&#xD;
 E3: W - Component Iy-1 BN not found in database - nothing changed !&#xD;
 E3: W - Wire/Core '1744' could not be created.&#xD;
 E3: W - Component Iy-1 PK not found in database - nothing changed !&#xD;
 E3: W - Wire/Core '1745' could not be created.&#xD;
 E3: W - Component Iy-4 RD/YE not found in database - nothing changed !&#xD;
 E3: W - Wire/Core '1703' could not be created.&#xD;
 E3: W - Component Iy-1 RD/WH not found in database - nothing changed !&#xD;
 E3: W - Wire/Core '1709' could not be created.&#xD;
 E3: W - Component Iy-6 BN not found in database - nothing changed !&#xD;
 E3: W - Wire/Core '1724' could not be created.&#xD;
 E3: W - Component Iy-1 BN not found in database - nothing changed !&#xD;
 E3: W - Wire/Core '4372' could not be created.&#xD;
 E3: W - Component Iy-0.35 BN/YE not found in database - nothing changed !&#xD;
 E3: W - Wire/Core '3523' could not be created.&#xD;
 E3: W - Component Iy-1 BN not found in database - nothing changed !&#xD;
 E3: W - Wire/Core '5179' could not be created.&#xD;
 E3: W - Component Iy-1 RD/YE not found in database - nothing changed !&#xD;
 E3: W - Wire/Core '3550' could not be created.&#xD;
 E3: W - Component Iy-1 RD/WH not found in database - nothing changed !&#xD;
 E3: W - Wire/Core '3856' could not be created.&#xD;
 E3: W - Component Iy-1 BN not found in database - nothing changed !&#xD;
 E3: W - Wire/Core '3857' could not be created.&#xD;
 E3: W - Component Iy-0.35 BN not found in database - nothing changed !&#xD;
 E3: W - Wire/Core '3769' could not be created.&#xD;
 E3: W - Component Iy-0.5 BN not found in database - nothing changed !&#xD;
 E3: W - Wire/Core '3880' could not be created.&#xD;
 E3: W - Component Iy-0.35 OG/WH not found in database - nothing changed !&#xD;
 E3: W - Wire/Core '4051' could not be created.&#xD;
 E3: W - Component Iy-0.35 OG/BK not found in database - nothing changed !&#xD;
 E3: W - Wire/Core '4052' could not be created.&#xD;
 E3: W - Component Iy-0.35 GN/VT not found in database - nothing changed !&#xD;
 E3: W - Wire/Core '4059' could not be created.&#xD;
 E3: W - Component Iy-0.35 GN/VT not found in database - nothing changed !&#xD;
 E3: W - Wire/Core '4060' could not be created.&#xD;
 E3: W - Component Iy-0.35 OG not found in database - nothing changed !&#xD;
 E3: W - Wire/Core '4161' could not be created.&#xD;
 E3: W - Component Iy-0.35 OG/WH not found in database - nothing changed !&#xD;
 E3: W - Wire/Core '4162' could not be created.&#xD;
 E3: W - Component Iy-0.35 OG/BK not found in database - nothing changed !&#xD;
 E3: W - Wire/Core '4163' could not be created.&#xD;
 E3: W - Component Iy-0.5 GN not found in database - nothing changed !&#xD;
 E3: W - Wire/Core '4199' could not be created.&#xD;
 E3: W - Component Iy-0.5 GN/WH not found in database - nothing changed !&#xD;
 E3: W - Wire/Core '4200' could not be created.&#xD;
 E3: W - Component Iy-0.75 BU not found in database - nothing changed !&#xD;
 E3: W - Wire/Core '4201' could not be created.&#xD;
 E3: W - Component Iy-0.75 BU/WH not found in database - nothing changed !&#xD;
 E3: W - Wire/Core '4202' could not be created.&#xD;
 E3: W - Component Iy-0.75 BU/BK not found in database - nothing changed !&#xD;
 E3: W - Wire/Core '4203' could not be created.&#xD;
 E3: W - Component Iy-4 BN not found in database - nothing changed !&#xD;
 E3: W - Wire/Core '4326' could not be created.&#xD;
 E3: W - Component Iy-4 BN not found in database - nothing changed !&#xD;
 E3: W - Wire/Core '4327' could not be created.&#xD;
 E3: W - Component Iy-4 BN not found in database - nothing changed !&#xD;
 E3: W - Wire/Core '4328' could not be created.&#xD;
 E3: W - Component Iy-2.5 RD/WH not found in database - nothing changed !&#xD;
 E3: W - Wire/Core '4330' could not be created.&#xD;
 E3: W - Component Iy-0.5 RD not found in database - nothing changed !&#xD;
 E3: W - Wire/Core '4335' could not be created.&#xD;
 E3: W - Component Iy-0.5 BN not found in database - nothing changed !&#xD;
 E3: W - Wire/Core '4336' could not be created.&#xD;
 E3: W - Component Iy-0.75 BN not found in database - nothing changed !&#xD;
 E3: W - Wire/Core '4337' could not be created.&#xD;
 E3: W - Component Iy-0.75 RD not found in database - nothing changed !&#xD;
 E3: W - Wire/Core '4338' could not be created.&#xD;
 E3: W - Component Iy-0.75 RD/BK not found in database - nothing changed !&#xD;
 E3: W - Wire/Core '4350' could not be created.&#xD;
 E3: W - Component Iy-0.75 RD/BK not found in database - nothing changed !&#xD;
 E3: W - Wire/Core '4351' could not be created.&#xD;
 E3: W - Component Iy-0.75 BN not found in database - nothing changed !&#xD;
 E3: W - Wire/Core '4366' could not be created.&#xD;
 E3: W - Component Iy-0.75 BN not found in database - nothing changed !&#xD;
 E3: W - Wire/Core '4367' could not be created.&#xD;
 E3: W - Component Iy-0.5 RD/YE not found in database - nothing changed !&#xD;
 E3: W - Wire/Core '4477' could not be created.&#xD;
 E3: W - Component Iy-0.35 GY/WH not found in database - nothing changed !&#xD;
 E3: W - Wire/Core '4910' could not be created.&#xD;
 E3: W - Component Iy-1.5 BK/YE not found in database - nothing changed !&#xD;
 E3: W - Wire/Core '3388' could not be created.&#xD;
 E3: W - Component Iy-0.35 BN/GY not found in database - nothing changed !&#xD;
 E3: W - Wire/Core '3389' could not be created.&#xD;
 E3: W - Component Iy-0.35 WH/BU not found in database - nothing changed !&#xD;
 E3: W - Wire/Core '4875' could not be created.&#xD;
 E3: W - Component Iy-0.35 BN not found in database - nothing changed !&#xD;
 E3: W - Wire/Core '1663' could not be created.&#xD;
 E3: W - Component Iy-0.35 BN not found in database - nothing changed !&#xD;
 E3: W - Wire/Core '1664' could not be created.&#xD;
 E3: W - Component Iy-0.35 BN not found in database - nothing changed !&#xD;
 E3: W - Wire/Core '1665' could not be created.&#xD;
 E3: W - Component Iy-0.35 BN not found in database - nothing changed !&#xD;
 E3: W - Wire/Core '1667' could not be created.&#xD;
 E3: W - Component Iy-0.35 BN not found in database - nothing changed !&#xD;
 E3: W - Wire/Core '1814' could not be created.&#xD;
 E3: W - Component Iy-0.35 BU not found in database - nothing changed !&#xD;
 E3: W - Wire/Core '1837' could not be created.&#xD;
 E3: W - Component Iy-0.35 YE/BK not found in database - nothing changed !&#xD;
 E3: W - Wire/Core '2107' could not be created.&#xD;
 E3: W - Component Iy-0.5 BU/WH not found in database - nothing changed !&#xD;
 E3: W - Wire/Core '4049' could not be created.&#xD;
 E3: W - Component Iy-0.5 BU/WH not found in database - nothing changed !&#xD;
 E3: W - Wire/Core '4050' could not be created.&#xD;
 E3: W - Component Iy-0.35 BU/YE not found in database - nothing changed !&#xD;
 E3: W - Wire/Core '4061' could not be created.&#xD;
 E3: W - Component Iy-0.35 BU/YE not found in database - nothing changed !&#xD;
 E3: W - Wire/Core '4062' could not be created.&#xD;
 E3: W - Component Iy-0.35 VT/WH not found in database - nothing changed !&#xD;
 E3: W - Wire/Core '4063' could not be created.&#xD;
 E3: W - Component Iy-0.35 VT/WH not found in database - nothing changed !&#xD;
 E3: W - Wire/Core '4064' could not be created.&#xD;
 E3: W - Component Iy-0.35 BU/VT not found in database - nothing changed !&#xD;
 E3: W - Wire/Core '4065' could not be created.&#xD;
 E3: W - Component Iy-0.35 BU/VT not found in database - nothing changed !&#xD;
 E3: W - Wire/Core '4066' could not be created.&#xD;
 E3: W - Component Iy-0.35 GY/VT not found in database - nothing changed !&#xD;
 E3: W - Wire/Core '4067' could not be created.&#xD;
 E3: W - Component Iy-0.35 GY/VT not found in database - nothing changed !&#xD;
 E3: W - Wire/Core '4068' could not be created.&#xD;
 E3: W - Component Iy-0.35 YE not found in database - nothing changed !&#xD;
 E3: W - Wire/Core '4083' could not be created.&#xD;
 E3: W - Component Iy-0.35 YE not found in database - nothing changed !&#xD;
 E3: W - Wire/Core '4084' could not be created.&#xD;
 E3: W - Component Iy-0.5 WH not found in database - nothing changed !&#xD;
 E3: W - Wire/Core '4155' could not be created.&#xD;
 E3: W - Component Iy-0.5 WH not found in database - nothing changed !&#xD;
 E3: W - Wire/Core '4156' could not be created.&#xD;
 E3: W - Component Iy-0.75 RD/WH not found in database - nothing changed !&#xD;
 E3: W - Wire/Core '4339' could not be created.&#xD;
 E3: W - Component Iy-1.5 RD/WH not found in database - nothing changed !&#xD;
 E3: W - Wire/Core '4340' could not be created.&#xD;
 E3: W - Component Iy-1.5 RD/WH not found in database - nothing changed !&#xD;
 E3: W - Wire/Core '4341' could not be created.&#xD;
 E3: W - Component Iy-0.75 RD/WH not found in database - nothing changed !&#xD;
 E3: W - Wire/Core '4344' could not be created.&#xD;
 E3: W - Component Iy-0.75 RD not found in database - nothing changed !&#xD;
 E3: W - Wire/Core '4357' could not be created.&#xD;
 E3: W - Component Iy-0.75 RD not found in database - nothing changed !&#xD;
 E3: W - Wire/Core '4359' could not be created.&#xD;
 E3: W - Component Iy-0.75 RD/WH not found in database - nothing changed !&#xD;
 E3: W - Wire/Core '4360' could not be created.&#xD;
 E3: W - Component Iy-0.75 RD/WH not found in database - nothing changed !&#xD;
 E3: W - Wire/Core '4361' could not be created.&#xD;
 E3: W - Component Iy-0.75 RD not found in database - nothing changed !&#xD;
 E3: W - Wire/Core '4368' could not be created.&#xD;
 E3: W - Component Iy-0.75 RD not found in database - nothing changed !&#xD;
 E3: W - Wire/Core '4369' could not be created.&#xD;
 E3: W - Component Iy-0.75 RD/WH not found in database - nothing changed !&#xD;
 E3: W - Wire/Core '4370' could not be created.&#xD;
 E3: W - Component Iy-0.75 RD/WH not found in database - nothing changed !&#xD;
 E3: W - Wire/Core '4371' could not be created.&#xD;
 E3: W - Component Iy-1.5 RD not found in database - nothing changed !&#xD;
 E3: W - Wire/Core '5152' could not be created.&#xD;
 E3: W - Component Iy-1.5 RD not found in database - nothing changed !&#xD;
 E3: W - Wire/Core '5153' could not be created.&#xD;
 E3: W - Component Iy-2.5 RD not found in database - nothing changed !&#xD;
 E3: W - Wire/Core '5171' could not be created.&#xD;
 E3: W - Component Iy-2.5 RD not found in database - nothing changed !&#xD;
 E3: W - Wire/Core '5172' could not be created.&#xD;
 E3: W - Component Iy-0.35 WH/BN not found in database - nothing changed !&#xD;
 E3: W - Wire/Core '1998' could not be created.&#xD;
 E3: W - Component Iy-0.35 WH/GY not found in database - nothing changed !&#xD;
 E3: W - Wire/Core '2000' could not be created.&#xD;
 E3: W - Component Iy-0.35 WH/VT not found in database - nothing changed !&#xD;
 E3: W - Wire/Core '2006' could not be created.&#xD;
 E3: W - Component Iy-0.35 WH/RD not found in database - nothing changed !&#xD;
 E3: W - Wire/Core '2008' could not be created.&#xD;
 E3: W - Component Iy-0.35 WH/BK not found in database - nothing changed !&#xD;
 E3: W - Wire/Core '2010' could not be created.&#xD;
 E3: W - Component Iy-0.35 WH/YE not found in database - nothing changed !&#xD;
 E3: W - Wire/Core '2015' could not be created.&#xD;
 E3: W - Component Iy-0.35 WH/BU not found in database - nothing changed !&#xD;
 E3: W - Wire/Core '2099' could not be created.&#xD;
 E3: W - Component Iy-0.35 RD/WH not found in database - nothing changed !&#xD;
 E3: W - Wire/Core '3877' could not be created.&#xD;
 E3: W - Component Iy-0.5 BU/BK not found in database - nothing changed !&#xD;
 E3: W - Wire/Core '4048' could not be created.&#xD;
 E3: W - Component Iy-0.35 BK not found in database - nothing changed !&#xD;
 E3: W - Wire/Core '4087' could not be created.&#xD;
 E3: W - Component Iy-0.35 BK not found in database - nothing changed !&#xD;
 E3: W - Wire/Core '4088' could not be created.&#xD;
 E3: W - Component Iy-0.35 GY/BU not found in database - nothing changed !&#xD;
 E3: W - Wire/Core '4168' could not be created.&#xD;
 E3: W - Component Iy-0.35 GY/BU not found in database - nothing changed !&#xD;
 E3: W - Wire/Core '4169' could not be created.&#xD;
 E3: W - Component Iy-0.35 BK not found in database - nothing changed !&#xD;
 E3: W - Wire/Core '4172' could not be created.&#xD;
 E3: W - Component Iy-0.35 BK not found in database - nothing changed !&#xD;
 E3: W - Wire/Core '4173' could not be created.&#xD;
 E3: W - Component Iy-0.35 YE not found in database - nothing changed !&#xD;
 E3: W - Wire/Core '4176' could not be created.&#xD;
 E3: W - Component Iy-0.35 YE not found in database - nothing changed !&#xD;
 E3: W - Wire/Core '4177' could not be created.&#xD;
 E3: W - Component Iy-0.35 YE/BU not found in database - nothing changed !&#xD;
 E3: W - Wire/Core '4180' could not be created.&#xD;
 E3: W - Component Iy-0.35 YE/BU not found in database - nothing changed !&#xD;
 E3: W - Wire/Core '4181' could not be created.&#xD;
 E3: W - Component Iy-4 RD/WH not found in database - nothing changed !&#xD;
 E3: W - Wire/Core '4323' could not be created.&#xD;
 E3: W - Component Iy-4 RD/WH not found in database - nothing changed !&#xD;
 E3: W - Wire/Core '4324' could not be created.&#xD;
 E3: W - Component Iy-4 RD/WH not found in database - nothing changed !&#xD;
 E3: W - Wire/Core '4325' could not be created.&#xD;
 E3: W - Component Iy-1.5 RD not found in database - nothing changed !&#xD;
 E3: W - Wire/Core '4342' could not be created.&#xD;
 E3: W - Component Iy-0.75 PK/WH not found in database - nothing changed !&#xD;
 E3: W - Wire/Core '4347' could not be created.&#xD;
 E3: W - Component Iy-0.35 WH/GN not found in database - nothing changed !&#xD;
 E3: W - Wire/Core '4853' could not be created.&#xD;
 E3: W - Component Iy-0.35 YE/BU not found in database - nothing changed !&#xD;
 E3: W - Wire/Core '4870' could not be created.&#xD;
 E3: W - Component Iy-0.35 GY/BU not found in database - nothing changed !&#xD;
 E3: W - Wire/Core '5104' could not be created.&#xD;
 E3: W - Component Iy-0.35 GY/BK not found in database - nothing changed !&#xD;
 E3: W - Wire/Core '5106' could not be created.&#xD;
 E3: W - Component Iy-0.35 BN not found in database - nothing changed !&#xD;
 E3: W - Wire/Core '1809' could not be created.&#xD;
 E3: W - Component Iy-0.35 GN/YE not found in database - nothing changed !&#xD;
 E3: W - Wire/Core '5102' could not be created.&#xD;
 E3: W - Component Iy-0.35 WH/BU not found in database - nothing changed !&#xD;
 E3: W - Wire/Core '3646' could not be created.&#xD;
 E3: W - Component Iy-0.75 BN not found in database - nothing changed !&#xD;
 E3: W - Wire/Core '3647' could not be created.&#xD;
 E3: W - Component Iy-1 RD/BK not found in database - nothing changed !&#xD;
 E3: W - Wire/Core '3968' could not be created.&#xD;
 E3: W - Component Iy-1 RD/BK not found in database - nothing changed !&#xD;
 E3: W - Wire/Core '3969' could not be created.&#xD;
 E3: W - Component Iy-1 RD/BK not found in database - nothing changed !&#xD;
 E3: W - Wire/Core '3973' could not be created.&#xD;
 E3: W - Component Iy-0.75 RD/BK not found in database - nothing changed !&#xD;
 E3: W - Wire/Core '4358' could not be created.&#xD;
 E3: W - Component Iy-0.5 BU/BK not found in database - nothing changed !&#xD;
 E3: W - Wire/Core '4046' could not be created.&#xD;
 E3: W - Component Iy-0.75 PK/WH not found in database - nothing changed !&#xD;
 E3: W - Wire/Core '4352' could not be created.&#xD;
 E3: W - Component Iy-0.5 PK not found in database - nothing changed !&#xD;
 E3: W - Wire/Core '5135' could not be created.&#xD;
 E3: W - Component Iy-0.5 BN not found in database - nothing changed !&#xD;
 E3: W - Wire/Core '3900' could not be created.&#xD;
 E3: W - Component Iy-0.5 RD/WH not found in database - nothing changed !&#xD;
 E3: W - Wire/Core '2841' could not be created.&#xD;
 E3: W - Component Iy-0.5 BN not found in database - nothing changed !&#xD;
 E3: W - Wire/Core '5133' could not be created.&#xD;
 E3: W - Component Iy-0.5 RD/WH not found in database - nothing changed !&#xD;
 E3: W - Wire/Core '5134' could not be created.&#xD;
 E3: W - Component Iy-0.5 BN not found in database - nothing changed !&#xD;
 E3: W - Wire/Core '5629' could not be created.&#xD;
 E3: W - Component Iy-2.5 BN not found in database - nothing changed !&#xD;
 E3: W - Wire/Core '1573' could not be created.&#xD;
 E3: W - Component Iy-2.5 BN not found in database - nothing changed !&#xD;
 E3: W - Wire/Core '3418' could not be created.&#xD;
 E3: W - Component Iy-2.5 BN not found in database - nothing changed !&#xD;
 E3: W - Wire/Core '3419' could not be created.&#xD;
 E3: W - Component Iy-2.5 BN not found in database - nothing changed !&#xD;
 E3: W - Wire/Core '4836' could not be created.&#xD;
 E3: W - Component Iy-2.5 BN not found in database - nothing changed !&#xD;
 E3: W - Wire/Core '1577' could not be created.&#xD;
 E3: W - Component Iy-0.35 BN not found in database - nothing changed !&#xD;
 E3: W - Wire/Core '1072' could not be created.&#xD;
 E3: W - Component Iy-1 BN not found in database - nothing changed !&#xD;
 E3: W - Wire/Core '3449' could not be created.&#xD;
 E3: W - Component Iy-1 BN not found in database - nothing changed !&#xD;
 E3: W - Wire/Core '5043' could not be created.&#xD;
 E3: W - Component Iy-0.35 BN not found in database - nothing changed !&#xD;
 E3: W - Wire/Core '5044' could not be created.&#xD;
 E3: W - Component Iq-0.13 BN not found in database - nothing changed !&#xD;
 E3: W - Wire/Core '5956' could not be created.&#xD;
 E3: W - Component Iq-0.13 BN not found in database - nothing changed !&#xD;
 E3: W - Wire/Core '5955' could not be created.&#xD;
 E3: W - Component Iq-0.13 BN not found in database - nothing changed !&#xD;
 E3: W - Wire/Core '5952' could not be created.&#xD;
 E3: W - Component Iq-0.13 GY/RD not found in database - nothing changed !&#xD;
 E3: W - Wire/Core '5760' could not be created.&#xD;
 E3: W - Component Iq-0.13 GY/RD not found in database - nothing changed !&#xD;
 E3: W - Wire/Core '5772' could not be created.&#xD;
 E3: W - Component Iq-0.13 GY/RD not found in database - nothing changed !&#xD;
 E3: W - Wire/Core '5773' could not be created.&#xD;
 E3: W - Component Iq-0.13 GY/RD not found in database - nothing changed !&#xD;
 E3: W - Wire/Core '5774' could not be created.&#xD;
 E3: W - Component Iq-0.13 BN not found in database - nothing changed !&#xD;
 E3: W - Wire/Core '5547' could not be created.&#xD;
 E3: W - Component Iq-0.13 GN/WH not found in database - nothing changed !&#xD;
 E3: W - Wire/Core '5779' could not be created.&#xD;
 E3: W - Component Iq-0.13 BN not found in database - nothing changed !&#xD;
 E3: W - Wire/Core '5550' could not be created.&#xD;
 E3: W - Component Iq-0.13 BN not found in database - nothing changed !&#xD;
 E3: W - Wire/Core '5776' could not be created.&#xD;
 E3: W - Component Iq-0.13 GY/RD not found in database - nothing changed !&#xD;
 E3: W - Wire/Core '5771' could not be created.&#xD;
 E3: W - Component Iq-0.13 GN/BU not found in database - nothing changed !&#xD;
 E3: W - Wire/Core '5777' could not be created.&#xD;
 E3: W - Component Iq-0.13 GN/BU not found in database - nothing changed !&#xD;
 E3: W - Wire/Core '5780' could not be created.&#xD;
 E3: W - Component Ia-25 RD/WH not found in database - nothing changed !&#xD;
 E3: W - Wire/Core '5545' could not be created.&#xD;
 E3: W - Component Pg-50 RD not found in database - nothing changed !&#xD;
 E3: W - Wire/Core '5947' could not be created.&#xD;
 E3: W - Component Iy-1.5 BN not found in database - nothing changed !&#xD;
 E3: W - Wire/Core '5546' could not be created.&#xD;
 E3: W - Component Ia-25 RD not found in database - nothing changed !&#xD;
 E3: W - Wire/Core '5948' could not be created.&#xD;
 E3: W - Component Iq-0.13 OG not found in database - nothing changed !&#xD;
 E3: W - Wire/Core '5212' could not be created.&#xD;
 E3: W - Component Iq-0.13 BN not found in database - nothing changed !&#xD;
 E3: W - Wire/Core '5211' could not be created.&#xD;
 E3: W - Component Iq-0.13 GY not found in database - nothing changed !&#xD;
 E3: W - Wire/Core '1737' could not be created.&#xD;
 E3: W - Component Iy-0.35 RD/GN not found in database - nothing changed !&#xD;
 E3: W - Wire/Core '5859' could not be created.&#xD;
 E3: W - Component Iy-0.35 RD/PK not found in database - nothing changed !&#xD;
 E3: W - Wire/Core '5861' could not be created.&#xD;
 E3: W - Component Iy-0.35 RD/YE not found in database - nothing changed !&#xD;
 E3: W - Wire/Core '5862' could not be created.&#xD;
 E3: W - Component Iy-0.35 BN not found in database - nothing changed !&#xD;
 E3: W - Wire/Core '5863' could not be created.&#xD;
 E3: W - Component Iy-0.35 BN not found in database - nothing changed !&#xD;
 E3: W - Wire/Core '5864' could not be created.&#xD;
 E3: W - Component Iy-0.35 BN not found in database - nothing changed !&#xD;
 E3: W - Wire/Core '5869' could not be created.&#xD;
 E3: W - Component Iy-0.35 RD/WH not found in database - nothing changed !&#xD;
 E3: W - Wire/Core '5871' could not be created.&#xD;
 E3: W - Component Iy-0.5 RD not found in database - nothing changed !&#xD;
 E3: W - Wire/Core '5946' could not be created.&#xD;
 E3: W - Component Iy-0.35 BN not found in database - nothing changed !&#xD;
 E3: W - Wire/Core '5860' could not be created.&#xD;
 E3: W - Component Iy-0.35 BN/WH not found in database - nothing changed !&#xD;
 E3: W - Wire/Core '3413' could not be created.&#xD;
 E3: W - Component Iy-0.75 BN not found in database - nothing changed !&#xD;
 E3: W - Wire/Core '4584' could not be created.&#xD;
 E3: W - Component Iy-0.75 RD/BU not found in database - nothing changed !&#xD;
 E3: W - Wire/Core '4578' could not be created.&#xD;
 E3: W - Component Iy-0.75 BN not found in database - nothing changed !&#xD;
 E3: W - Wire/Core '4579' could not be created.&#xD;
 E3: W - Component Iy-0.75 RD/WH not found in database - nothing changed !&#xD;
 E3: W - Wire/Core '4576' could not be created.&#xD;
 E3: W - Component Iy-0.35 RD/GN not found in database - nothing changed !&#xD;
 E3: W - Wire/Core '3480' could not be created.&#xD;
 E3: W - Component Iy-0.35 RD/GN not found in database - nothing changed !&#xD;
 E3: W - Wire/Core '3479' could not be created.&#xD;
 E3: W - Component Iy-1 RD/GY not found in database - nothing changed !&#xD;
 E3: W - Wire/Core '5042' could not be created.&#xD;
 E3: W - Component Iy-1 RD/GY not found in database - nothing changed !&#xD;
 E3: W - Wire/Core '3448' could not be created.&#xD;
 E3: W - Component Iy-0.35 RD/GN not found in database - nothing changed !&#xD;
 E3: W - Wire/Core '1695' could not be created.&#xD;
 E3: W - Component Ie-25 RD/WH not found in database - nothing changed !&#xD;
 E3: W - Wire/Core '4440' could not be created.&#xD;
 E3: W - Component Iy-4 RD/WH not found in database - nothing changed !&#xD;
 E3: W - Wire/Core '4329' could not be created.&#xD;
 E3: W - Component Iq-0.13 WH not found in database - nothing changed !&#xD;
 E3: W - Wire/Core '1787' could not be created.&#xD;
 E3: W - Component Iy-0.35 BN not found in database - nothing changed !&#xD;
 E3: W - Wire/Core '2508' could not be created.&#xD;
 E3: W - Component Iq-0.13 BN/WH not found in database - nothing changed !&#xD;
 E3: W - Wire/Core '2371' could not be created.&#xD;
 E3: W - Component Iq-0.13 BN/WH not found in database - nothing changed !&#xD;
 E3: W - Wire/Core '2370' could not be created.&#xD;
 E3: W - Component Iy-0.35 BN not found in database - nothing changed !&#xD;
 E3: W - Wire/Core '5176' could not be created.&#xD;
 E3: W - Component Iy-1 BN not found in database - nothing changed !&#xD;
 E3: W - Wire/Core '3551' could not be created.&#xD;
 E3: W - Component Iy-0.5 RD not found in database - nothing changed !&#xD;
 E3: W - Wire/Core '4507' could not be created.&#xD;
 E3: W - Component Iq-0.13 BN not found in database - nothing changed !&#xD;
 E3: W - Wire/Core '5132' could not be created.&#xD;
 E3: W - Component Iy-0.75 RD/WH not found in database - nothing changed !&#xD;
 E3: W - Wire/Core '3622' could not be created.&#xD;
 E3: W - Component Iy-0.5 GN/BU not found in database - nothing changed !&#xD;
 E3: W - Wire/Core '3629' could not be created.&#xD;
 E3: W - Component Iy-0.35 WH/BU not found in database - nothing changed !&#xD;
 E3: W - Wire/Core '1007' could not be created.&#xD;
 E3: W - Component Iy-0.35 WH/YE not found in database - nothing changed !&#xD;
 E3: W - Wire/Core '3635' could not be created.&#xD;
 E3: W - Component Iq-0.13 PK/BK not found in database - nothing changed !&#xD;
 E3: W - Wire/Core '2042' could not be created.&#xD;
 E3: W - Component Iy-0.35 RD/WH not found in database - nothing changed !&#xD;
 E3: W - Wire/Core '5399' could not be created.&#xD;
 E3: W - Component Iy-0.35 BN not found in database - nothing changed !&#xD;
 E3: W - Wire/Core '6380' could not be created.&#xD;
 E3: W - Component Iy-0.35 RD/WH not found in database - nothing changed !&#xD;
 E3: W - Wire/Core '3879' could not be created.&#xD;
 E3: W - Component Iy-0.75 BN not found in database - nothing changed !&#xD;
 E3: W - Wire/Core '1127' could not be created.&#xD;
 E3: W - Component Iy-0.5 BN not found in database - nothing changed !&#xD;
 E3: W - Wire/Core '3972' could not be created.&#xD;
 E3: W - Component Iy-0.5 BN not found in database - nothing changed !&#xD;
 E3: W - Wire/Core '6402' could not be created.&#xD;
 E3: W - Component My-0.5 BN not found in database - nothing changed !&#xD;
 E3: W - Wire/Core '4640' could not be created.&#xD;
 E3: W - Component Iy-0.5 RD/BK not found in database - nothing changed !&#xD;
 E3: W - Wire/Core '2054' could not be created.&#xD;
 E3: W - Component Iy-1 RD/WH not found in database - nothing changed !&#xD;
 E3: W - Wire/Core '3600' could not be created.&#xD;
 E3: W - Component Iq-0.13 VT not found in database - nothing changed !&#xD;
 E3: W - Wire/Core '5552' could not be created.&#xD;
 E3: W - Component Iq-0.13 OG/GN not found in database - nothing changed !&#xD;
 E3: W - Wire/Core '2002' could not be created.&#xD;
 E3: W - Component Iq-0.13 OG/VT not found in database - nothing changed !&#xD;
 E3: W - Wire/Core '5722' could not be created.&#xD;
 E3: W - Component Iq-0.13 YE/GY not found in database - nothing changed !&#xD;
 E3: W - Wire/Core '5738' could not be created.&#xD;
 E3: W - Component Iq-0.13 GY/WH not found in database - nothing changed !&#xD;
 E3: W - Wire/Core '5762' could not be created.&#xD;
 E3: W - Component Iq-0.13 GY/RD not found in database - nothing changed !&#xD;
 E3: W - Wire/Core '5763' could not be created.&#xD;
 E3: W - Component Iy-0.35 GY/RD not found in database - nothing changed !&#xD;
 E3: W - Wire/Core '5764' could not be created.&#xD;
 E3: W - Component Iq-0.13 YE/BU not found in database - nothing changed !&#xD;
 E3: W - Wire/Core '5708' could not be created.&#xD;
 E3: W - Component Iq-0.13 GN/BU not found in database - nothing changed !&#xD;
 E3: W - Wire/Core '5757' could not be created.&#xD;
 E3: W - Component Iq-0.13 GN/GY not found in database - nothing changed !&#xD;
 E3: W - Wire/Core '5775' could not be created.&#xD;
 E3: W - Component Iq-0.13 BN not found in database - nothing changed !&#xD;
 E3: W - Wire/Core '4804' could not be created.&#xD;
 E3: W - Component Iq-0.13 BN not found in database - nothing changed !&#xD;
 E3: W - Wire/Core '4805' could not be created.&#xD;
 E3: W - Component Iy-0.35 GY/RD not found in database - nothing changed !&#xD;
 E3: W - Wire/Core '5770' could not be created.&#xD;
 E3: W - Component Iq-0.13 GN/BU not found in database - nothing changed !&#xD;
 E3: W - Wire/Core '5969' could not be created.&#xD;
 E3: W - Component Iq-0.13 GN/WH not found in database - nothing changed !&#xD;
 E3: W - Wire/Core '1546' could not be created.&#xD;
 E3: W - Component Iq-0.13 BU/YE not found in database - nothing changed !&#xD;
 E3: W - Wire/Core '1544' could not be created.&#xD;
 E3: W - Component Iy-1 BU/RD not found in database - nothing changed !&#xD;
 E3: W - Wire/Core '1878' could not be created.&#xD;
 E3: W - Component Iy-1 BU/BN not found in database - nothing changed !&#xD;
 E3: W - Wire/Core '1879' could not be created.&#xD;
 E3: W - Component Iy-1.5 BK/WH not found in database - nothing changed !&#xD;
 E3: W - Wire/Core '1891' could not be created.&#xD;
 E3: W - Component Iq-0.13 BU/RD not found in database - nothing changed !&#xD;
 E3: W - Wire/Core '1882' could not be created.&#xD;
 E3: W - Component Iq-0.13 VT not found in database - nothing changed !&#xD;
 E3: W - Wire/Core '1884' could not be created.&#xD;
 E3: W - Component Iq-0.13 BN/WH not found in database - nothing changed !&#xD;
 E3: W - Wire/Core '1883' could not be created.&#xD;
 E3: W - Component Iy-2.5 RD/BU not found in database - nothing changed !&#xD;
 E3: W - Wire/Core '1876' could not be created.&#xD;
 E3: W - Component Iy-2.5 RD/BN not found in database - nothing changed !&#xD;
 E3: W - Wire/Core '1924' could not be created.&#xD;
 E3: W - Component Iy-2.5 BN not found in database - nothing changed !&#xD;
 E3: W - Wire/Core '5164' could not be created.&#xD;
 E3: W - Component Iy-2.5 BN not found in database - nothing changed !&#xD;
 E3: W - Wire/Core '5163' could not be created.&#xD;
 E3: W - Component Iy-0.5 RD/WH not found in database - nothing changed !&#xD;
 E3: W - Wire/Core '3678' could not be created.&#xD;
 E3: W - Component Iy-0.5 RD/WH not found in database - nothing changed !&#xD;
 E3: W - Wire/Core '3693' could not be created.&#xD;
 E3: W - Component Iy-0.5 BN not found in database - nothing changed !&#xD;
 E3: W - Wire/Core '5142' could not be created.&#xD;
 E3: W - Component Iy-0.5 BN not found in database - nothing changed !&#xD;
 E3: W - Wire/Core '5143' could not be created.&#xD;
 E3: W - Component Iy-0.35 RD/WH not found in database - nothing changed !&#xD;
 E3: W - Wire/Core '3656' could not be created.&#xD;
 E3: W - Component Iy-0.35 BN not found in database - nothing changed !&#xD;
 E3: W - Wire/Core '5141' could not be created.&#xD;
 E3: W - Component Iy-0.35 BN not found in database - nothing changed !&#xD;
 E3: W - Wire/Core '5140' could not be created.&#xD;
 E3: W - Component Iy-1.5 BN/YE not found in database - nothing changed !&#xD;
 E3: W - Wire/Core '3955' could not be created.&#xD;
 E3: W - Component Iy-1.5 RD/YE not found in database - nothing changed !&#xD;
 E3: W - Wire/Core '3953' could not be created.&#xD;
 E3: W - Component Iy-2.5 RD not found in database - nothing changed !&#xD;
 E3: W - Wire/Core '3949' could not be created.&#xD;
 E3: W - Component Iy-2.5 BN not found in database - nothing changed !&#xD;
 E3: W - Wire/Core '5328' could not be created.&#xD;
 E3: W - Component Iy-0.35 BN/BK not found in database - nothing changed !&#xD;
 E3: W - Wire/Core '3963' could not be created.&#xD;
 E3: W - Component Iy-0.35 RD/BK not found in database - nothing changed !&#xD;
 E3: W - Wire/Core '3961' could not be created.&#xD;
 E3: W - Component Iq-0.13 BK/YE not found in database - nothing changed !&#xD;
 E3: W - Wire/Core '2372' could not be created.&#xD;
 E3: W - Component Iq-0.13 BU/RD not found in database - nothing changed !&#xD;
 E3: W - Wire/Core '2373' could not be created.&#xD;
 E3: W - Component Iq-0.13 BN/WH not found in database - nothing changed !&#xD;
 E3: W - Wire/Core '2369' could not be created.&#xD;
 E3: W - Component Iy-0.35 RD/YE not found in database - nothing changed !&#xD;
 E3: W - Wire/Core '2506' could not be created.&#xD;
 E3: W - Component Iy-0.35 RD/GN not found in database - nothing changed !&#xD;
 E3: W - Wire/Core '2512' could not be created.&#xD;
 E3: W - Component Iy-4 RD/WH not found in database - nothing changed !&#xD;
 E3: W - Wire/Core '5944' could not be created.&#xD;
 E3: W - Component Iy-0.35 BN not found in database - nothing changed !&#xD;
 E3: W - Wire/Core '3852' could not be created.&#xD;
 E3: W - Component Iy-0.75 RD/GY not found in database - nothing changed !&#xD;
 E3: W - Wire/Core '3850' could not be created.&#xD;
 E3: W - Component Iy-0.35 RD/GN not found in database - nothing changed !&#xD;
 E3: W - Wire/Core '3849' could not be created.&#xD;
 E3: W - Component Ie-16 RD/WH not found in database - nothing changed !&#xD;
 E3: W - Wire/Core '3910' could not be created.&#xD;
 E3: W - Component Ie-70 RD/WH not found in database - nothing changed !&#xD;
 E3: W - Wire/Core '4425' could not be created.&#xD;
 E3: W - Component Ie-16 RD/WH not found in database - nothing changed !&#xD;
 E3: W - Wire/Core '3909' could not be created.&#xD;
 E3: W - Component Iy-4 RD not found in database - nothing changed !&#xD;
 E3: W - Wire/Core '4426' could not be created.&#xD;
 E3: W - Component Iy-0.35 RD not found in database - nothing changed !&#xD;
 E3: W - Wire/Core '2709' could not be created.&#xD;
 E3: W - Component Iy-0.35 RD/WH not found in database - nothing changed !&#xD;
 E3: W - Wire/Core '4427' could not be created.&#xD;
 E3: W - Component Iq-0.13 BN not found in database - nothing changed !&#xD;
 E3: W - Wire/Core '4429' could not be created.&#xD;
 E3: W - Component Ie-35 RD/WH not found in database - nothing changed !&#xD;
 E3: W - Wire/Core '3911' could not be created.&#xD;
 E3: W - Component Iy-2.5 VT/WH not found in database - nothing changed !&#xD;
 E3: W - Wire/Core '5405' could not be created.&#xD;
 E3: W - Component Iy-0.35 RD/WH not found in database - nothing changed !&#xD;
 E3: W - Wire/Core '4288' could not be created.&#xD;
 E3: W - Component Iy-0.35 BN not found in database - nothing changed !&#xD;
 E3: W - Wire/Core '4292' could not be created.&#xD;
 E3: W - Component Iy-0.35 YE not found in database - nothing changed !&#xD;
 E3: W - Wire/Core '4291' could not be created.&#xD;
 E3: W - Component Iy-0.35 BU/VT not found in database - nothing changed !&#xD;
 E3: W - Wire/Core '4290' could not be created.&#xD;
 E3: W - Component Iy-0.35 RD/BU not found in database - nothing changed !&#xD;
 E3: W - Wire/Core '4298' could not be created.&#xD;
 E3: W - Component Iy-0.35 BN not found in database - nothing changed !&#xD;
 E3: W - Wire/Core '4297' could not be created.&#xD;
 E3: W - Component Iy-0.5 RD not found in database - nothing changed !&#xD;
 E3: W - Wire/Core '3920' could not be created.&#xD;
 E3: W - Component Iy-4 RD not found in database - nothing changed !&#xD;
 E3: W - Wire/Core '4294' could not be created.&#xD;
 E3: W - Component Iy-0.35 BN not found in database - nothing changed !&#xD;
 E3: W - Wire/Core '4296' could not be created.&#xD;
 E3: W - Component Iy-0.5 RD not found in database - nothing changed !&#xD;
 E3: W - Wire/Core '2790' could not be created.&#xD;
 E3: W - Component Tn-0.35 RD not found in database - nothing changed !&#xD;
 E3: W - Wire/Core '4412' could not be created.&#xD;
 E3: W - Component Iq-0.13 BU not found in database - nothing changed !&#xD;
 E3: W - Wire/Core '2721' could not be created.&#xD;
 E3: W - Component Iq-0.13 BU not found in database - nothing changed !&#xD;
 E3: W - Wire/Core '2734' could not be created.&#xD;
 E3: W - Component Iq-0.13 BU not found in database - nothing changed !&#xD;
 E3: W - Wire/Core '2738' could not be created.&#xD;
 E3: W - Component Iq-0.13 BU not found in database - nothing changed !&#xD;
 E3: W - Wire/Core '2742' could not be created.&#xD;
 E3: W - Component Iq-0.13 BU not found in database - nothing changed !&#xD;
 E3: W - Wire/Core '2746' could not be created.&#xD;
 E3: W - Component Iq-0.13 BU not found in database - nothing changed !&#xD;
 E3: W - Wire/Core '3079' could not be created.&#xD;
 E3: W - Component Iq-0.13 BU not found in database - nothing changed !&#xD;
 E3: W - Wire/Core '2488' could not be created.&#xD;
 E3: W - Component Iy-0.35 WH not found in database - nothing changed !&#xD;
 E3: W - Wire/Core '2722' could not be created.&#xD;
 E3: W - Component Iq-0.13 BU not found in database - nothing changed !&#xD;
 E3: W - Wire/Core '1109' could not be created.&#xD;
 E3: W - Component Iq-0.13 BU not found in database - nothing changed !&#xD;
 E3: W - Wire/Core '1110' could not be created.&#xD;
 E3: W - Component Iy-0.35 BU not found in database - nothing changed !&#xD;
 E3: W - Wire/Core '5970' could not be created.&#xD;
 E3: W - Component Iy-0.35 BU not found in database - nothing changed !&#xD;
 E3: W - Wire/Core '2729' could not be created.&#xD;
 E3: W - Component Iy-0.35 BU not found in database - nothing changed !&#xD;
 E3: W - Wire/Core '5977' could not be created.&#xD;
 E3: W - Component Iy-0.35 BU not found in database - nothing changed !&#xD;
 E3: W - Wire/Core '5981' could not be created.&#xD;
 E3: W - Component Iy-0.35 BU not found in database - nothing changed !&#xD;
 E3: W - Wire/Core '5991' could not be created.&#xD;
 E3: W - Component Iy-0.35 BU not found in database - nothing changed !&#xD;
 E3: W - Wire/Core '5992' could not be created.&#xD;
 E3: W - Component Iy-0.5 BN not found in database - nothing changed !&#xD;
 E3: W - Wire/Core '2024' could not be created.&#xD;
 E3: W - Component Iy-0.5 RD/BK not found in database - nothing changed !&#xD;
 E3: W - Wire/Core '1363' could not be created.&#xD;
 E3: W - Component Iy-0.35 RD/WH not found in database - nothing changed !&#xD;
 E3: W - Wire/Core '3563' could not be created.&#xD;
 E3: W - Component Ia-25 RD/WH not found in database - nothing changed !&#xD;
 E3: W - Wire/Core '5968' could not be created.&#xD;
 E3: W - Component Iy-0.35 RD/BK not found in database - nothing changed !&#xD;
 E3: W - Wire/Core '3553' could not be created.&#xD;
 E3: W - Component Iq-0.13 GN/RD not found in database - nothing changed !&#xD;
 E3: W - Wire/Core '6368' could not be created.&#xD;
 E3: W - Component Iy-0.35 PK/GN not found in database - nothing changed !&#xD;
 E3: W - Wire/Core '1379' could not be created.&#xD;
 E3: W - Component Iy-0.35 RD/WH not found in database - nothing changed !&#xD;
 E3: W - Wire/Core '1521' could not be created.&#xD;
 E3: W - Component Iy-0.35 BK not found in database - nothing changed !&#xD;
 E3: W - Wire/Core '4809' could not be created.&#xD;
 E3: W - Component Iy-0.35 PK/BK not found in database - nothing changed !&#xD;
 E3: W - Wire/Core '3724' could not be created.&#xD;
 E3: W - Component Iy-0.35 BN not found in database - nothing changed !&#xD;
 E3: W - Wire/Core '3848' could not be created.&#xD;
 E3: W - Component Iy-0.35 RD not found in database - nothing changed !&#xD;
 E3: W - Wire/Core '1378' could not be created.&#xD;
 E3: W - Component Iy-0.5 BN not found in database - nothing changed !&#xD;
 E3: W - Wire/Core '5996' could not be created.&#xD;
 E3: W - Component Iy-0.5 BN not found in database - nothing changed !&#xD;
 E3: W - Wire/Core '5994' could not be created.&#xD;
 E3: W - Component Iy-0.5 BN not found in database - nothing changed !&#xD;
 E3: W - Wire/Core '5995' could not be created.&#xD;
 E3: W - Component Iy-0.5 BN not found in database - nothing changed !&#xD;
 E3: W - Wire/Core '5997' could not be created.&#xD;
 E3: W - Component Iy-0.5 BN not found in database - nothing changed !&#xD;
 E3: W - Wire/Core '5998' could not be created.&#xD;
 E3: W - Component Iy-2.5 BN not found in database - nothing changed !&#xD;
 E3: W - Wire/Core '1553' could not be created.&#xD;
 E3: W - Component Iy-2.5 BN not found in database - nothing changed !&#xD;
 E3: W - Wire/Core '1561' could not be created.&#xD;
 E3: W - Component Iy-2.5 RD/WH not found in database - nothing changed !&#xD;
 E3: W - Wire/Core '3673' could not be created.&#xD;
 E3: W - Component Iy-2.5 RD/WH not found in database - nothing changed !&#xD;
 E3: W - Wire/Core '3675' could not be created.&#xD;
 E3: W - Component Iy-0.35 OG/WH not found in database - nothing changed !&#xD;
 E3: W - Wire/Core '5070' could not be created.&#xD;
 E3: W - Component Iy-0.35 OG/GN not found in database - nothing changed !&#xD;
 E3: W - Wire/Core '5065' could not be created.&#xD;
 E3: W - Component Iy-0.35 BN not found in database - nothing changed !&#xD;
 E3: W - Wire/Core '5069' could not be created.&#xD;
 E3: W - Component Iy-0.35 BN not found in database - nothing changed !&#xD;
 E3: W - Wire/Core '5067' could not be created.&#xD;
 E3: W - Component Iy-0.35 GY/BU not found in database - nothing changed !&#xD;
 E3: W - Wire/Core '1259' could not be created.&#xD;
 E3: W - Component Iy-0.35 BK not found in database - nothing changed !&#xD;
 E3: W - Wire/Core '1357' could not be created.&#xD;
 E3: W - Component Iy-2.5 RD/BK not found in database - nothing changed !&#xD;
 E3: W - Wire/Core '1257' could not be created.&#xD;
 E3: W - Component Iy-2.5 RD/WH not found in database - nothing changed !&#xD;
 E3: W - Wire/Core '1571' could not be created.&#xD;
 E3: W - Component Iy-2.5 RD/WH not found in database - nothing changed !&#xD;
 E3: W - Wire/Core '3725' could not be created.&#xD;
 E3: W - Component Iy-2.5 RD/WH not found in database - nothing changed !&#xD;
 E3: W - Wire/Core '3726' could not be created.&#xD;
 E3: W - Component Iy-2.5 RD/WH not found in database - nothing changed !&#xD;
 E3: W - Wire/Core '5415' could not be created.&#xD;
 E3: W - Component Iq-0.13 YE/BU not found in database - nothing changed !&#xD;
 E3: W - Wire/Core '3094' could not be created.&#xD;
 E3: W - Component Iq-0.13 YE/GN not found in database - nothing changed !&#xD;
 E3: W - Wire/Core '3108' could not be created.&#xD;
 E3: W - Component Iq-0.13 YE/GY not found in database - nothing changed !&#xD;
 E3: W - Wire/Core '3110' could not be created.&#xD;
 E3: W - Component Iq-0.13 YE/WH not found in database - nothing changed !&#xD;
 E3: W - Wire/Core '4527' could not be created.&#xD;
 E3: W - Component Iq-0.13 YE not found in database - nothing changed !&#xD;
 E3: W - Wire/Core '3090' could not be created.&#xD;
 E3: W - Component Iq-0.13 YE not found in database - nothing changed !&#xD;
 E3: W - Wire/Core '1793' could not be created.&#xD;
 E3: W - Component Iq-0.13 WH not found in database - nothing changed !&#xD;
 E3: W - Wire/Core '1790' could not be created.&#xD;
 E3: W - Component Iq-0.13 OG not found in database - nothing changed !&#xD;
 E3: W - Wire/Core '1791' could not be created.&#xD;
 E3: W - Component Iq-0.13 BU/OG not found in database - nothing changed !&#xD;
 E3: W - Wire/Core '1792' could not be created.&#xD;
 E3: W - Component Iy-0.35 PK/WH not found in database - nothing changed !&#xD;
 E3: W - Wire/Core '1808' could not be created.&#xD;
 E3: W - Component Iy-0.35 BN not found in database - nothing changed !&#xD;
 E3: W - Wire/Core '1813' could not be created.&#xD;
 E3: W - Component Iy-0.35 VT/WH not found in database - nothing changed !&#xD;
 E3: W - Wire/Core '1822' could not be created.&#xD;
 E3: W - Component Iy-0.35 PK/WH not found in database - nothing changed !&#xD;
 E3: W - Wire/Core '1810' could not be created.&#xD;
 E3: W - Component Iy-0.35 BN not found in database - nothing changed !&#xD;
 E3: W - Wire/Core '1815' could not be created.&#xD;
 E3: W - Component Iy-0.35 VT/WH not found in database - nothing changed !&#xD;
 E3: W - Wire/Core '1824' could not be created.&#xD;
 E3: W - Component Iq-0.13 WH/GN not found in database - nothing changed !&#xD;
 E3: W - Wire/Core '1862' could not be created.&#xD;
 E3: W - Component Iq-0.13 BN/GN not found in database - nothing changed !&#xD;
 E3: W - Wire/Core '1863' could not be created.&#xD;
 E3: W - Component Iq-0.13 WH/OG not found in database - nothing changed !&#xD;
 E3: W - Wire/Core '1864' could not be created.&#xD;
 E3: W - Component Iq-0.13 BN/YE not found in database - nothing changed !&#xD;
 E3: W - Wire/Core '1865' could not be created.&#xD;
 E3: W - Component Iq-0.13 BN not found in database - nothing changed !&#xD;
 E3: W - Wire/Core '4968' could not be created.&#xD;
 E3: W - Component Iq-0.13 WH/BK not found in database - nothing changed !&#xD;
 E3: W - Wire/Core '5543' could not be created.&#xD;
 E3: W - Component Iq-0.13 BN/BK not found in database - nothing changed !&#xD;
 E3: W - Wire/Core '5544' could not be created.&#xD;
 E3: W - Component Iy-0.35 RD/WH not found in database - nothing changed !&#xD;
 E3: W - Wire/Core '1089.1' could not be created.&#xD;
 E3: W - Component Iy-0.35 RD/WH not found in database - nothing changed !&#xD;
 E3: W - Wire/Core '1089.2' could not be created.&#xD;
 E3: W - Component Iq-0.13 YE not found in database - nothing changed !&#xD;
 E3: W - Wire/Core '1091.1' could not be created.&#xD;
 E3: W - Component Iq-0.13 YE not found in database - nothing changed !&#xD;
 E3: W - Wire/Core '1091.2' could not be created.&#xD;
 E3: W - Component Iy-0.35 BN not found in database - nothing changed !&#xD;
 E3: W - Wire/Core '1090.1' could not be created.&#xD;
 E3: W - Component Iy-0.35 BN not found in database - nothing changed !&#xD;
 E3: W - Wire/Core '1090.2' could not be created.&#xD;
 E3: W - Component Iy-0.5 RD/YE not found in database - nothing changed !&#xD;
 E3: W - Wire/Core '3901' could not be created.&#xD;
 E3: W - Component Iy-6 RD/WH not found in database - nothing changed !&#xD;
 E3: W - Wire/Core '1030' could not be created.&#xD;
 E3: W - Component Iy-4 RD/BU not found in database - nothing changed !&#xD;
 E3: W - Wire/Core '1031' could not be created.&#xD;
 E3: W - Component Iy-0.35 BU/BK not found in database - nothing changed !&#xD;
 E3: W - Wire/Core '1036' could not be created.&#xD;
 E3: W - Component Iy-6 BN not found in database - nothing changed !&#xD;
 E3: W - Wire/Core '1035' could not be created.&#xD;
 E3: W - Component Iy-6 BN not found in database - nothing changed !&#xD;
 E3: W - Wire/Core '1034' could not be created.&#xD;
 E3: W - Component Iy-0.5 RD/YE not found in database - nothing changed !&#xD;
 E3: W - Wire/Core '1056' could not be created.&#xD;
 E3: W - Component Iy-0.5 RD/BU not found in database - nothing changed !&#xD;
 E3: W - Wire/Core '1057' could not be created.&#xD;
 E3: W - Component Iy-0.5 RD/BK not found in database - nothing changed !&#xD;
 E3: W - Wire/Core '1058' could not be created.&#xD;
 E3: W - Component Iy-0.35 GN/RD not found in database - nothing changed !&#xD;
 E3: W - Wire/Core '1052' could not be created.&#xD;
 E3: W - Component Iy-0.35 YE not found in database - nothing changed !&#xD;
 E3: W - Wire/Core '1053' could not be created.&#xD;
 E3: W - Component Iy-0.35 GN/GY not found in database - nothing changed !&#xD;
 E3: W - Wire/Core '1054' could not be created.&#xD;
 E3: W - Component Iy-0.35 GY/BN not found in database - nothing changed !&#xD;
 E3: W - Wire/Core '1055' could not be created.&#xD;
 E3: W - Component Iy-0.35 BN/BK not found in database - nothing changed !&#xD;
 E3: W - Wire/Core '1065' could not be created.&#xD;
 E3: W - Component Iy-0.35 BK/GY not found in database - nothing changed !&#xD;
 E3: W - Wire/Core '1066' could not be created.&#xD;
 E3: W - Component Iy-0.35 BK/RD not found in database - nothing changed !&#xD;
 E3: W - Wire/Core '1068' could not be created.&#xD;
 E3: W - Component Iy-6 RD/WH not found in database - nothing changed !&#xD;
 E3: W - Wire/Core '3491' could not be created.&#xD;
 E3: W - Component Iy-6 RD/BU not found in database - nothing changed !&#xD;
 E3: W - Wire/Core '3492' could not be created.&#xD;
 E3: W - Component Iy-0.35 BU not found in database - nothing changed !&#xD;
 E3: W - Wire/Core '5920' could not be created.&#xD;
 E3: W - Component Iy-6 RD/WH not found in database - nothing changed !&#xD;
 E3: W - Wire/Core '5954' could not be created.&#xD;
 E3: W - Component Iy-6 BN not found in database - nothing changed !&#xD;
 E3: W - Wire/Core '5923' could not be created.&#xD;
 E3: W - Component Iy-6 BN not found in database - nothing changed !&#xD;
 E3: W - Wire/Core '5963' could not be created.&#xD;
 E3: W - Component Iy-0.35 BN not found in database - nothing changed !&#xD;
 E3: W - Wire/Core '1077' could not be created.&#xD;
 E3: W - Component Iy-0.35 WH not found in database - nothing changed !&#xD;
 E3: W - Wire/Core '1075' could not be created.&#xD;
 E3: W - Component Iy-0.35 RD/YE not found in database - nothing changed !&#xD;
 E3: W - Wire/Core '1071' could not be created.&#xD;
 E3: W - Component Gk-2.5 RD/YE not found in database - nothing changed !&#xD;
 E3: W - Wire/Core '2376' could not be created.&#xD;
 E3: W - Component Iy-0.35 RD/GN not found in database - nothing changed !&#xD;
 E3: W - Wire/Core '1159' could not be created.&#xD;
 E3: W - Component Iy-0.35 BN not found in database - nothing changed !&#xD;
 E3: W - Wire/Core '1160' could not be created.&#xD;
 E3: W - Component Iy-0.35 RD/YE not found in database - nothing changed !&#xD;
 E3: W - Wire/Core '3558' could not be created.&#xD;
 E3: W - Component Iy-0.5 BN not found in database - nothing changed !&#xD;
 E3: W - Wire/Core '2504' could not be created.&#xD;
 E3: W - Component Iy-0.5 RD/WH not found in database - nothing changed !&#xD;
 E3: W - Wire/Core '2503' could not be created.&#xD;
 E3: W - Component Iy-1 YE not found in database - nothing changed !&#xD;
 E3: W - Wire/Core '2483' could not be created.&#xD;
 E3: W - Component Iy-0.35 RD/GY not found in database - nothing changed !&#xD;
 E3: W - Wire/Core '5363' could not be created.&#xD;
 E3: W - Component Iy-0.35 RD/VT not found in database - nothing changed !&#xD;
 E3: W - Wire/Core '5870' could not be created.&#xD;
 E3: W - Component Iy-0.35 RD/GY not found in database - nothing changed !&#xD;
 E3: W - Wire/Core '2062' could not be created.&#xD;
 E3: W - Component Iy-0.35 RD/GY not found in database - nothing changed !&#xD;
 E3: W - Wire/Core '2058' could not be created.&#xD;
 E3: W - Component Iy-2.5 RD/BU not found in database - nothing changed !&#xD;
 E3: W - Wire/Core '3140' could not be created.&#xD;
 E3: W - Component Iq-0.13 VT not found in database - nothing changed !&#xD;
 E3: W - Wire/Core '3757' could not be created.&#xD;
 E3: W - Component Iy-1.5 RD/YE not found in database - nothing changed !&#xD;
 E3: W - Wire/Core '5400' could not be created.&#xD;
 E3: W - Component Iy-1.5 RD/BU not found in database - nothing changed !&#xD;
 E3: W - Wire/Core '4874' could not be created.&#xD;
 E3: W - Component Iy-0.35 WH/YE not found in database - nothing changed !&#xD;
 E3: W - Wire/Core '4850' could not be created.&#xD;
 E3: W - Component Iy-0.35 BU not found in database - nothing changed !&#xD;
 E3: W - Wire/Core '2905' could not be created.&#xD;
 E3: W - Component Iq-0.13 GY/BK not found in database - nothing changed !&#xD;
 E3: W - Wire/Core '2990' could not be created.&#xD;
 E3: W - Component Iq-0.13 GN/YE not found in database - nothing changed !&#xD;
 E3: W - Wire/Core '2520' could not be created.&#xD;
 E3: W - Component Iy-0.35 RD/BU not found in database - nothing changed !&#xD;
 E3: W - Wire/Core '2514' could not be created.&#xD;
 E3: W - Component Iq-0.13 VT not found in database - nothing changed !&#xD;
 E3: W - Wire/Core '2013' could not be created.&#xD;
 E3: W - Component Iy-1 BK/BU not found in database - nothing changed !&#xD;
 E3: W - Wire/Core '2908' could not be created.&#xD;
 E3: W - Component Iy-1 BN not found in database - nothing changed !&#xD;
 E3: W - Wire/Core '2906' could not be created.&#xD;
 E3: W - Component Iy-1 BK/BU not found in database - nothing changed !&#xD;
 E3: W - Wire/Core '4375' could not be created.&#xD;
 E3: W - Component Iy-1.5 BN not found in database - nothing changed !&#xD;
 E3: W - Wire/Core '6358' could not be created.&#xD;
 E3: W - Component Iy-2.5 RD/GY not found in database - nothing changed !&#xD;
 E3: W - Wire/Core '3421' could not be created.&#xD;
 E3: W - Component Iy-2.5 RD/GY not found in database - nothing changed !&#xD;
 E3: W - Wire/Core '3422' could not be created.&#xD;
 E3: W - Component Iy-0.35 GY/WH not found in database - nothing changed !&#xD;
 E3: W - Wire/Core '3483' could not be created.&#xD;
 E3: W - Component Iy-0.35 BN/GN not found in database - nothing changed !&#xD;
 E3: W - Wire/Core '3481' could not be created.&#xD;
 E3: W - Component Iy-0.35 RD/GN not found in database - nothing changed !&#xD;
 E3: W - Wire/Core '3471' could not be created.&#xD;
 E3: W - Component Iy-0.35 BN/WH not found in database - nothing changed !&#xD;
 E3: W - Wire/Core '3412' could not be created.&#xD;
 E3: W - Component Iy-0.35 RD/BK not found in database - nothing changed !&#xD;
 E3: W - Wire/Core '3414' could not be created.&#xD;
 E3: W - Component Iy-0.35 RD/WH not found in database - nothing changed !&#xD;
 E3: W - Wire/Core '3514' could not be created.&#xD;
 E3: W - Component Iy-1 BK/BU not found in database - nothing changed !&#xD;
 E3: W - Wire/Core '3517' could not be created.&#xD;
 E3: W - Component Iy-0.35 RD/VT not found in database - nothing changed !&#xD;
 E3: W - Wire/Core '3524' could not be created.&#xD;
 E3: W - Component Iy-1 BK/BU not found in database - nothing changed !&#xD;
 E3: W - Wire/Core '3534' could not be created.&#xD;
 E3: W - Component Iy-1 BK/BU not found in database - nothing changed !&#xD;
 E3: W - Wire/Core '4374' could not be created.&#xD;
 E3: W - Component Iy-0.35 BN/YE not found in database - nothing changed !&#xD;
 E3: W - Wire/Core '5127' could not be created.&#xD;
 E3: W - Component Iy-0.35 BN/YE not found in database - nothing changed !&#xD;
 E3: W - Wire/Core '3409' could not be created.&#xD;
 E3: W - Component Iy-1 BK/BU not found in database - nothing changed !&#xD;
 E3: W - Wire/Core '5181' could not be created.&#xD;
 E3: W - Component Iy-0.35 BN/YE not found in database - nothing changed !&#xD;
 E3: W - Wire/Core '5128' could not be created.&#xD;
 E3: W - Component Iy-0.35 RD/BK not found in database - nothing changed !&#xD;
 E3: W - Wire/Core '3408' could not be created.&#xD;
 E3: W - Component Iy-0.35 BU not found in database - nothing changed !&#xD;
 E3: W - Wire/Core '3525' could not be created.&#xD;
 E3: W - Component Iy-0.5 BU/YE not found in database - nothing changed !&#xD;
 E3: W - Wire/Core '2610' could not be created.&#xD;
 E3: W - Component Iy-0.5 BU not found in database - nothing changed !&#xD;
 E3: W - Wire/Core '2606' could not be created.&#xD;
 E3: W - Component Iy-0.5 GN/BN not found in database - nothing changed !&#xD;
 E3: W - Wire/Core '1785' could not be created.&#xD;
 E3: W - Component Iy-0.5 BU not found in database - nothing changed !&#xD;
 E3: W - Wire/Core '3439' could not be created.&#xD;
 E3: W - Component Iy-0.35 BU/YE not found in database - nothing changed !&#xD;
 E3: W - Wire/Core '3447' could not be created.&#xD;
 E3: W - Component Iy-1 RD/GY not found in database - nothing changed !&#xD;
 E3: W - Wire/Core '5048' could not be created.&#xD;
 E3: W - Component Iy-0.35 BU/WH not found in database - nothing changed !&#xD;
 E3: W - Wire/Core '5306' could not be created.&#xD;
 E3: W - Component Iy-0.35 BN/GN not found in database - nothing changed !&#xD;
 E3: W - Wire/Core '5307' could not be created.&#xD;
 E3: W - Component Iy-0.35 GN/BU not found in database - nothing changed !&#xD;
 E3: W - Wire/Core '1696' could not be created.&#xD;
 E3: W - Component Iy-0.35 GY/BU not found in database - nothing changed !&#xD;
 E3: W - Wire/Core '1698' could not be created.&#xD;
 E3: W - Component Iy-0.35 RD/GN not found in database - nothing changed !&#xD;
 E3: W - Wire/Core '3075' could not be created.&#xD;
 E3: W - Component Nn-0.75 WH/RD not found in database - nothing changed !&#xD;
 E3: W - Wire/Core '3135' could not be created.&#xD;
 E3: W - Component Nk-10 RD not found in database - nothing changed !&#xD;
 E3: W - Wire/Core '3136' could not be created.&#xD;
 E3: W - Component Iy-0.5 RD/BU not found in database - nothing changed !&#xD;
 E3: W - Wire/Core '3134' could not be created.&#xD;
 E3: W - Component Iy-0.35 PK not found in database - nothing changed !&#xD;
 E3: W - Wire/Core '3858' could not be created.&#xD;
 E3: W - Component Iy-0.35 PK not found in database - nothing changed !&#xD;
 E3: W - Wire/Core '3859' could not be created.&#xD;
 E3: W - Component Iy-1 RD/WH not found in database - nothing changed !&#xD;
 E3: W - Wire/Core '3966' could not be created.&#xD;
 E3: W - Component Iy-1 RD/BK not found in database - nothing changed !&#xD;
 E3: W - Wire/Core '6381' could not be created.&#xD;
 E3: W - Component Tn-1 RD/BN not found in database - nothing changed !&#xD;
 E3: W - Wire/Core '3971' could not be created.&#xD;
 E3: W - Component Iy-1 RD/WH not found in database - nothing changed !&#xD;
 E3: W - Wire/Core '3964' could not be created.&#xD;
 E3: W - Component Iy-0.35 RD/GY not found in database - nothing changed !&#xD;
 E3: W - Wire/Core '3768' could not be created.&#xD;
 E3: W - Component Iy-0.5 BU/WH not found in database - nothing changed !&#xD;
 E3: W - Wire/Core '4045' could not be created.&#xD;
 E3: W - Component Iy-0.5 BU/BK not found in database - nothing changed !&#xD;
 E3: W - Wire/Core '4047' could not be created.&#xD;
 E3: W - Component Iy-0.35 BK/BU not found in database - nothing changed !&#xD;
 E3: W - Wire/Core '4057' could not be created.&#xD;
 E3: W - Component Iy-0.35 BK/BU not found in database - nothing changed !&#xD;
 E3: W - Wire/Core '4058' could not be created.&#xD;
 E3: W - Component Iy-0.35 WH/VT not found in database - nothing changed !&#xD;
 E3: W - Wire/Core '4069' could not be created.&#xD;
 E3: W - Component Iy-0.35 WH/VT not found in database - nothing changed !&#xD;
 E3: W - Wire/Core '4070' could not be created.&#xD;
 E3: W - Component Iy-0.35 GN/BK not found in database - nothing changed !&#xD;
 E3: W - Wire/Core '4071' could not be created.&#xD;
 E3: W - Component Iy-0.35 GN/WH not found in database - nothing changed !&#xD;
 E3: W - Wire/Core '4073' could not be created.&#xD;
 E3: W - Component Iy-0.35 GY/BK not found in database - nothing changed !&#xD;
 E3: W - Wire/Core '4085' could not be created.&#xD;
 E3: W - Component Iy-0.35 GN/YE not found in database - nothing changed !&#xD;
 E3: W - Wire/Core '4077' could not be created.&#xD;
 E3: W - Component Iy-0.35 GN/BK not found in database - nothing changed !&#xD;
 E3: W - Wire/Core '4072' could not be created.&#xD;
 E3: W - Component Iy-0.35 GN/WH not found in database - nothing changed !&#xD;
 E3: W - Wire/Core '4074' could not be created.&#xD;
 E3: W - Component Iy-0.35 GY/BK not found in database - nothing changed !&#xD;
 E3: W - Wire/Core '4086' could not be created.&#xD;
 E3: W - Component Iy-0.35 GN/YE not found in database - nothing changed !&#xD;
 E3: W - Wire/Core '4078' could not be created.&#xD;
 E3: W - Component Iy-0.5 BU not found in database - nothing changed !&#xD;
 E3: W - Wire/Core '4160' could not be created.&#xD;
 E3: W - Component Iy-0.5 BU not found in database - nothing changed !&#xD;
 E3: W - Wire/Core '4159' could not be created.&#xD;
 E3: W - Component Iy-0.35 WH/BU not found in database - nothing changed !&#xD;
 E3: W - Wire/Core '4868' could not be created.&#xD;
 E3: W - Component Iy-0.35 BU/VT not found in database - nothing changed !&#xD;
 E3: W - Wire/Core '2351' could not be created.&#xD;
 E3: W - Component Iy-0.35 GY/BK not found in database - nothing changed !&#xD;
 E3: W - Wire/Core '4243' could not be created.&#xD;
 E3: W - Component Iy-0.35 BK not found in database - nothing changed !&#xD;
 E3: W - Wire/Core '1350' could not be created.&#xD;
 E3: W - Component Iy-0.35 WH not found in database - nothing changed !&#xD;
 E3: W - Wire/Core '2071' could not be created.&#xD;
 E3: W - Component Iy-0.35 GN/BK not found in database - nothing changed !&#xD;
 E3: W - Wire/Core '2321' could not be created.&#xD;
 E3: W - Component Iy-0.35 YE not found in database - nothing changed !&#xD;
 E3: W - Wire/Core '1093' could not be created.&#xD;
 E3: W - Component Iy-0.35 WH/VT not found in database - nothing changed !&#xD;
 E3: W - Wire/Core '4869' could not be created.&#xD;
 E3: W - Component Iy-0.35 BU/VT not found in database - nothing changed !&#xD;
 E3: W - Wire/Core '5178' could not be created.&#xD;
 E3: W - Component Iy-0.35 GY/BK not found in database - nothing changed !&#xD;
 E3: W - Wire/Core '4170' could not be created.&#xD;
 E3: W - Component Iy-0.35 BK/WH not found in database - nothing changed !&#xD;
 E3: W - Wire/Core '4174' could not be created.&#xD;
 E3: W - Component Iy-0.35 YE/WH not found in database - nothing changed !&#xD;
 E3: W - Wire/Core '4178' could not be created.&#xD;
 E3: W - Component Iy-0.35 YE/BK not found in database - nothing changed !&#xD;
 E3: W - Wire/Core '4182' could not be created.&#xD;
 E3: W - Component Iy-0.35 BK/WH not found in database - nothing changed !&#xD;
 E3: W - Wire/Core '4175' could not be created.&#xD;
 E3: W - Component Iy-0.35 YE/WH not found in database - nothing changed !&#xD;
 E3: W - Wire/Core '4179' could not be created.&#xD;
 E3: W - Component Iy-0.35 YE/BK not found in database - nothing changed !&#xD;
 E3: W - Wire/Core '4183' could not be created.&#xD;
 E3: W - Component Iy-0.35 BU/BK not found in database - nothing changed !&#xD;
 E3: W - Wire/Core '1956' could not be created.&#xD;
 E3: W - Component Iy-0.35 WH not found in database - nothing changed !&#xD;
 E3: W - Wire/Core '4852' could not be created.&#xD;
 E3: W - Component Iy-0.35 WH/BU not found in database - nothing changed !&#xD;
 E3: W - Wire/Core '1997' could not be created.&#xD;
 E3: W - Component Iy-0.35 WH/BN not found in database - nothing changed !&#xD;
 E3: W - Wire/Core '1999' could not be created.&#xD;
 E3: W - Component Iy-0.35 WH/GY not found in database - nothing changed !&#xD;
 E3: W - Wire/Core '2001' could not be created.&#xD;
 E3: W - Component Iy-0.35 WH/GN not found in database - nothing changed !&#xD;
 E3: W - Wire/Core '2005' could not be created.&#xD;
 E3: W - Component Iy-0.35 WH/VT not found in database - nothing changed !&#xD;
 E3: W - Wire/Core '2007' could not be created.&#xD;
 E3: W - Component Iy-0.35 WH/RD not found in database - nothing changed !&#xD;
 E3: W - Wire/Core '2009' could not be created.&#xD;
 E3: W - Component Iy-0.35 WH/BK not found in database - nothing changed !&#xD;
 E3: W - Wire/Core '4854' could not be created.&#xD;
 E3: W - Component Iy-0.35 WH/YE not found in database - nothing changed !&#xD;
 E3: W - Wire/Core '2016' could not be created.&#xD;
 E3: W - Component Iy-0.35 BU/BK not found in database - nothing changed !&#xD;
 E3: W - Wire/Core '1926' could not be created.&#xD;
 E3: W - Component Iy-0.35 WH not found in database - nothing changed !&#xD;
 E3: W - Wire/Core '1989' could not be created.&#xD;
 E3: W - Component Iy-0.35 WH/BU not found in database - nothing changed !&#xD;
 E3: W - Wire/Core '1996' could not be created.&#xD;
 E3: W - Component Iy-0.35 YE not found in database - nothing changed !&#xD;
 E3: W - Wire/Core '2104' could not be created.&#xD;
 E3: W - Component Iy-0.35 YE/WH not found in database - nothing changed !&#xD;
 E3: W - Wire/Core '2105' could not be created.&#xD;
 E3: W - Component Iy-0.35 BU/BK not found in database - nothing changed !&#xD;
 E3: W - Wire/Core '2077' could not be created.&#xD;
 E3: W - Component Iy-0.35 WH not found in database - nothing changed !&#xD;
 E3: W - Wire/Core '2078' could not be created.&#xD;
 E3: W - Component Iy-0.35 WH/BU not found in database - nothing changed !&#xD;
 E3: W - Wire/Core '4863' could not be created.&#xD;
 E3: W - Component Iy-0.35 WH/BN not found in database - nothing changed !&#xD;
 E3: W - Wire/Core '2080' could not be created.&#xD;
 E3: W - Component Iy-0.35 WH/GY not found in database - nothing changed !&#xD;
 E3: W - Wire/Core '2081' could not be created.&#xD;
 E3: W - Component Iy-0.35 WH/GN not found in database - nothing changed !&#xD;
 E3: W - Wire/Core '4864' could not be created.&#xD;
 E3: W - Component Iy-0.35 WH/BK not found in database - nothing changed !&#xD;
 E3: W - Wire/Core '2083' could not be created.&#xD;
 E3: W - Component Iy-0.35 WH/YE not found in database - nothing changed !&#xD;
 E3: W - Wire/Core '2084' could not be created.&#xD;
 E3: W - Component Iy-0.35 WH/VT not found in database - nothing changed !&#xD;
 E3: W - Wire/Core '4865' could not be created.&#xD;
 E3: W - Component Iy-0.35 WH/RD not found in database - nothing changed !&#xD;
 E3: W - Wire/Core '2086' could not be created.&#xD;
 E3: W - Component Iy-0.35 GY/BK not found in database - nothing changed !&#xD;
 E3: W - Wire/Core '4171' could not be created.&#xD;
 E3: W - Component Iy-0.5 RD/WH not found in database - nothing changed !&#xD;
 E3: W - Wire/Core '4312' could not be created.&#xD;
 E3: W - Component Iy-0.5 BK/WH not found in database - nothing changed !&#xD;
 E3: W - Wire/Core '4316' could not be created.&#xD;
 E3: W - Component Iy-0.5 BK/WH not found in database - nothing changed !&#xD;
 E3: W - Wire/Core '4318' could not be created.&#xD;
 E3: W - Component Iy-1 RD/WH not found in database - nothing changed !&#xD;
 E3: W - Wire/Core '4321' could not be created.&#xD;
 E3: W - Component Iy-1 RD/WH not found in database - nothing changed !&#xD;
 E3: W - Wire/Core '4916' could not be created.&#xD;
 E3: W - Component Iy-1 RD/WH not found in database - nothing changed !&#xD;
 E3: W - Wire/Core '4320' could not be created.&#xD;
 E3: W - Component Iy-0.5 PK not found in database - nothing changed !&#xD;
 E3: W - Wire/Core '5136' could not be created.&#xD;
 E3: W - Component Iy-0.75 RD/BU not found in database - nothing changed !&#xD;
 E3: W - Wire/Core '4354' could not be created.&#xD;
 E3: W - Component Iy-0.5 PK/WH not found in database - nothing changed !&#xD;
 E3: W - Wire/Core '4315' could not be created.&#xD;
 E3: W - Component Iy-0.75 RD not found in database - nothing changed !&#xD;
 E3: W - Wire/Core '4343' could not be created.&#xD;
 E3: W - Component Iy-0.75 PK/WH not found in database - nothing changed !&#xD;
 E3: W - Wire/Core '4346' could not be created.&#xD;
 E3: W - Component Iy-0.75 RD/BU not found in database - nothing changed !&#xD;
 E3: W - Wire/Core '4356' could not be created.&#xD;
 E3: W - Component Iy-1 RD/WH not found in database - nothing changed !&#xD;
 E3: W - Wire/Core '4628' could not be created.&#xD;
 E3: W - Component Iy-1.5 RD/YE not found in database - nothing changed !&#xD;
 E3: W - Wire/Core '1957' could not be created.&#xD;
 E3: W - Component Iy-1.5 BN/YE not found in database - nothing changed !&#xD;
 E3: W - Wire/Core '1961' could not be created.&#xD;
 E3: W - Component Iy-0.35 RD/BK not found in database - nothing changed !&#xD;
 E3: W - Wire/Core '1965' could not be created.&#xD;
 E3: W - Component Iy-0.35 BN/BK not found in database - nothing changed !&#xD;
 E3: W - Wire/Core '1969' could not be created.&#xD;
 E3: W - Component Iy-0.35 RD/WH not found in database - nothing changed !&#xD;
 E3: W - Wire/Core '4420' could not be created.&#xD;
 E3: W - Component Iy-0.35 BN not found in database - nothing changed !&#xD;
 E3: W - Wire/Core '4421' could not be created.&#xD;
 E3: W - Component Iy-0.35 RD/BK not found in database - nothing changed !&#xD;
 E3: W - Wire/Core '3564' could not be created.&#xD;
 E3: W - Component Iy-0.5 RD/BK not found in database - nothing changed !&#xD;
 E3: W - Wire/Core '4840' could not be created.&#xD;
 E3: W - Component Ie-16 BU not found in database - nothing changed !&#xD;
 E3: W - Wire/Core '5967' could not be created.&#xD;
 E3: W - Component MTk-12 BN not found in database - nothing changed !&#xD;
 E3: W - Wire/Core '1014' could not be created.&#xD;
 E3: W - Component Iq-0.13 BN not found in database - nothing changed !&#xD;
 E3: W - Wire/Core '1547' could not be created.&#xD;
 E3: W - Component Iy-0.35 BN not found in database - nothing changed !&#xD;
 E3: W - Wire/Core '2710' could not be created.&#xD;
 E3: W - Component Tn-0.35 BN not found in database - nothing changed !&#xD;
 E3: W - Wire/Core '4413' could not be created.&#xD;
 E3: W - Component Iy-0.5 BN not found in database - nothing changed !&#xD;
 E3: W - Wire/Core '4476' could not be created.&#xD;
 E3: W - Component Iy-0.75 BN not found in database - nothing changed !&#xD;
 E3: W - Wire/Core '4365' could not be created.&#xD;
 E3: W - Component Iy-0.75 BN not found in database - nothing changed !&#xD;
 E3: W - Wire/Core '4364' could not be created.&#xD;
 E3: W - Component Iy-4 BN not found in database - nothing changed !&#xD;
 E3: W - Wire/Core '4322' could not be created.&#xD;
 E3: W - Component Iy-0.5 BN not found in database - nothing changed !&#xD;
 E3: W - Wire/Core '4313' could not be created.&#xD;
 E3: W - Component Iy-0.5 BN not found in database - nothing changed !&#xD;
 E3: W - Wire/Core '4314' could not be created.&#xD;
 E3: W - Component Iy-0.5 BN not found in database - nothing changed !&#xD;
 E3: W - Wire/Core '4480' could not be created.&#xD;
 E3: W - Component Iy-0.75 BN not found in database - nothing changed !&#xD;
 E3: W - Wire/Core '4345' could not be created.&#xD;
 E3: W - Component Iy-0.35 RD/VT not found in database - nothing changed !&#xD;
 E3: W - Wire/Core '3410.1' could not be created.&#xD;
 E3: W - Component Iy-0.35 RD/VT not found in database - nothing changed !&#xD;
 E3: W - Wire/Core '3410.2' could not be created.&#xD;
 E3: W - Component Iy-0.35 BN/WH not found in database - nothing changed !&#xD;
 E3: W - Wire/Core '3411.1' could not be created.&#xD;
 E3: W - Component Iy-0.35 BN/WH not found in database - nothing changed !&#xD;
 E3: W - Wire/Core '3411.2' could not be created.&#xD;
 E3: W - Component Iy-0.75 BN not found in database - nothing changed !&#xD;
 E3: W - Wire/Core '4872' could not be created.&#xD;
 E3: W - Component Iy-0.75 BN not found in database - nothing changed !&#xD;
 E3: W - Wire/Core '4873' could not be created.&#xD;
 E3: W - Component Iy-1 BN not found in database - nothing changed !&#xD;
 E3: W - Wire/Core '3601' could not be created.&#xD;
 E3: W - Component Iy-0.35 BN not found in database - nothing changed !&#xD;
 E3: W - Wire/Core '5364' could not be created.&#xD;
 E3: W - Component Iy-0.35 BN not found in database - nothing changed !&#xD;
 E3: W - Wire/Core '2063' could not be created.&#xD;
 E3: W - Component Iq-0.13 VT not found in database - nothing changed !&#xD;
 E3: W - Wire/Core '5551' could not be created.&#xD;
 E3: W - Component Iq-0.13 VT not found in database - nothing changed !&#xD;
 E3: W - Wire/Core '5778' could not be created.&#xD;
 E3: W - Component Iq-0.13 VT not found in database - nothing changed !&#xD;
 E3: W - Wire/Core '5549' could not be created.&#xD;
 E3: W - Component Iy-6 RD not found in database - nothing changed !&#xD;
 E3: W - Wire/Core '4331' could not be created.&#xD;
 E3: W - Component Tk-2.5 BN not found in database - nothing changed !&#xD;
 E3: W - Wire/Core '5037' could not be created.&#xD;
 E3: W - Component Tk-2.5 RD not found in database - nothing changed !&#xD;
 E3: W - Wire/Core '5038' could not be created.&#xD;
 E3: W - Component Tn-0.5 BN/YE not found in database - nothing changed !&#xD;
 E3: W - Wire/Core '5039' could not be created.&#xD;
 E3: W - Component Tn-0.5 RD/WH not found in database - nothing changed !&#xD;
 E3: W - Wire/Core '5245' could not be created.&#xD;
 E3: W - Component Iy-1.5 BN not found in database - nothing changed !&#xD;
 E3: W - Wire/Core '6662' could not be created.&#xD;
 E3: W - Component Tn-0.75 WH/RD not found in database - nothing changed !&#xD;
 E3: W - Wire/Core '6670' could not be created.&#xD;
 E3: W - Component Tk-10 RD not found in database - nothing changed !&#xD;
 E3: W - Wire/Core '6678' could not be created.&#xD;
 E3: W - Component Gy-1 BN not found in database - nothing changed !&#xD;
 E3: W - Wire/Core '3679' could not be created.&#xD;
 E3: W - Component Gy-0.35 BU/YE not found in database - nothing changed !&#xD;
 E3: W - Wire/Core '3684' could not be created.&#xD;
 E3: W - Component Gy-1 BK/BU not found in database - nothing changed !&#xD;
 E3: W - Wire/Core '3690' could not be created.&#xD;
 E3: W - Component Gy-1 BN not found in database - nothing changed !&#xD;
 E3: W - Wire/Core '3692' could not be created.&#xD;
 E3: W - Component Gy-0.35 BU/YE not found in database - nothing changed !&#xD;
 E3: W - Wire/Core '3696' could not be created.&#xD;
 E3: W - Component Gy-1 BK/BU not found in database - nothing changed !&#xD;
 E3: W - Wire/Core '3702' could not be created.&#xD;
 E3: W - Component Tn-0.35 RD not found in database - nothing changed !&#xD;
 E3: W - Wire/Core '5139' could not be created.&#xD;
 E3: W - Component Tn-0.35 YE not found in database - nothing changed !&#xD;
 E3: W - Wire/Core '1710' could not be created.&#xD;
 E3: W - Component Iy-0.35 RD not found in database - nothing changed !&#xD;
 E3: W - Wire/Core '3554.1' could not be created.&#xD;
 E3: W - Component Iy-0.35 RD not found in database - nothing changed !&#xD;
 E3: W - Wire/Core '3554.2' could not be created.&#xD;
 E3: W - Component Iq-0.13 GN/YE not found in database - nothing changed !&#xD;
 E3: W - Wire/Core '3555.1' could not be created.&#xD;
 E3: W - Component Iq-0.13 GN/YE not found in database - nothing changed !&#xD;
 E3: W - Wire/Core '3555.2' could not be created.&#xD;
 E3: W - Component Iy-0.35 BN not found in database - nothing changed !&#xD;
 E3: W - Wire/Core '3556.1' could not be created.&#xD;
 E3: W - Component Iy-0.35 BN not found in database - nothing changed !&#xD;
 E3: W - Wire/Core '3556.2' could not be created.&#xD;
 E3: W - Component Tn-0.35 RD/BN not found in database - nothing changed !&#xD;
 E3: W - Wire/Core '3566' could not be created.&#xD;
 E3: W - Component Iy-0.35 RD/GN not found in database - nothing changed !&#xD;
 E3: W - Wire/Core '6195' could not be created.&#xD;
 E3: W - Component Iy-2.5 RD/WH not found in database - nothing changed !&#xD;
 E3: W - Wire/Core '6219' could not be created.&#xD;
 E3: W - Component Iy-2.5 BN not found in database - nothing changed !&#xD;
 E3: W - Wire/Core '6220' could not be created.&#xD;
 E3: W - Component Iy-0.35 RD/VT not found in database - nothing changed !&#xD;
 E3: W - Wire/Core '3410.3' could not be created.&#xD;
 E3: W - Component Iy-0.35 BN/WH not found in database - nothing changed !&#xD;
 E3: W - Wire/Core '3411.3' could not be created.&#xD;
 E3: W - Component Iy-0.35 BN/GN not found in database - nothing changed !&#xD;
 E3: W - Wire/Core '3636' could not be created.&#xD;
 E3: W - Component Tn-0.75 WH/RD not found in database - nothing changed !&#xD;
 E3: W - Wire/Core '2546' could not be created.&#xD;
 E3: W - Component Tk-10 RD not found in database - nothing changed !&#xD;
 E3: W - Wire/Core '2547' could not be created.&#xD;
 E3: W - Component Iy-1 RD/BK not found in database - nothing changed !&#xD;
 E3: W - Wire/Core '6203' could not be created.&#xD;
 E3: W - Component Iy-0.5 BN not found in database - nothing changed !&#xD;
 E3: W - Wire/Core '6204' could not be created.&#xD;
 E3: W - Component Iy-0.5 BU not found in database - nothing changed !&#xD;
 E3: W - Wire/Core '6211' could not be created.&#xD;
 E3: W - Component Iy-0.5 BN not found in database - nothing changed !&#xD;
 E3: W - Wire/Core '6645' could not be created.&#xD;
 E3: W - Component Iy-4 BN not found in database - nothing changed !&#xD;
 E3: W - Wire/Core '6473' could not be created.&#xD;
 E3: W - Component Iy-0.5 BN not found in database - nothing changed !&#xD;
 E3: W - Wire/Core '6487' could not be created.&#xD;
 E3: W - Component Iy-4 BN not found in database - nothing changed !&#xD;
 E3: W - Wire/Core '1946' could not be created.&#xD;
 E3: W - Component Iy-4 RD/WH not found in database - nothing changed !&#xD;
 E3: W - Wire/Core '1947' could not be created.&#xD;
 E3: W - Component Iy-1 RD/YE not found in database - nothing changed !&#xD;
 E3: W - Wire/Core '5248' could not be created.&#xD;
 E3: W - Component Iy-1 BN not found in database - nothing changed !&#xD;
 E3: W - Wire/Core '5250' could not be created.&#xD;
 E3: W - Component Iy-1 RD/BK not found in database - nothing changed !&#xD;
 E3: W - Wire/Core '5251' could not be created.&#xD;
 E3: W - Component Iy-0.35 PK not found in database - nothing changed !&#xD;
 E3: W - Wire/Core '6209' could not be created.&#xD;
 E3: W - Component Iy-0.5 RD/GY not found in database - nothing changed !&#xD;
 E3: W - Wire/Core '6215' could not be created.&#xD;
 E3: W - Component Iy-0.5 BN not found in database - nothing changed !&#xD;
 E3: W - Wire/Core '6216' could not be created.&#xD;
 E3: W - Component Iy-0.35 PK/RD not found in database - nothing changed !&#xD;
 E3: W - Wire/Core '6217' could not be created.&#xD;
 E3: W - Component Iy-0.35 RD/BK not found in database - nothing changed !&#xD;
 E3: W - Wire/Core '6218' could not be created.&#xD;
 E3: W - Component Iy-0.5 PK not found in database - nothing changed !&#xD;
 E3: W - Wire/Core '6826' could not be created.&#xD;
 E3: W - Component My-0.5 BN not found in database - nothing changed !&#xD;
 E3: W - Wire/Core '1919' could not be created.&#xD;
 E3: W - Component My-0.35 GN/VT not found in database - nothing changed !&#xD;
 E3: W - Wire/Core '1921' could not be created.&#xD;
 E3: W - Component My-0.35 GN/VT not found in database - nothing changed !&#xD;
 E3: W - Wire/Core '1922' could not be created.&#xD;
 E3: W - Component My-0.5 BN not found in database - nothing changed !&#xD;
 E3: W - Wire/Core '1927' could not be created.&#xD;
 E3: W - Component Iy-2.5 RD/YE not found in database - nothing changed !&#xD;
 E3: W - Wire/Core '1929' could not be created.&#xD;
 E3: W - Component Iy-2.5 RD/WH not found in database - nothing changed !&#xD;
 E3: W - Wire/Core '1930' could not be created.&#xD;
 E3: W - Component Iy-0.75 BN not found in database - nothing changed !&#xD;
 E3: W - Wire/Core '1931' could not be created.&#xD;
 E3: W - Component Iy-0.75 RD not found in database - nothing changed !&#xD;
 E3: W - Wire/Core '1932' could not be created.&#xD;
 E3: W - Component Iy-0.75 BN/WH not found in database - nothing changed !&#xD;
 E3: W - Wire/Core '1933' could not be created.&#xD;
 E3: W - Component Iy-0.35 YE not found in database - nothing changed !&#xD;
 E3: W - Wire/Core '1934' could not be created.&#xD;
 E3: W - Component Iy-0.35 BN not found in database - nothing changed !&#xD;
 E3: W - Wire/Core '1935' could not be created.&#xD;
 E3: W - Component Iy-0.35 WH not found in database - nothing changed !&#xD;
 E3: W - Wire/Core '1936' could not be created.&#xD;
 E3: W - Component Iy-0.5 RD/BU not found in database - nothing changed !&#xD;
 E3: W - Wire/Core '1937' could not be created.&#xD;
 E3: W - Component Iy-0.5 BN/BU not found in database - nothing changed !&#xD;
 E3: W - Wire/Core '1938' could not be created.&#xD;
 E3: W - Component Iy-0.75 RD/GY not found in database - nothing changed !&#xD;
 E3: W - Wire/Core '1939' could not be created.&#xD;
 E3: W - Component Iy-0.35 GN/WH not found in database - nothing changed !&#xD;
 E3: W - Wire/Core '1940' could not be created.&#xD;
 E3: W - Component Iq-0.13 BU not found in database - nothing changed !&#xD;
 E3: W - Wire/Core '2758' could not be created.&#xD;
 E3: W - Component Iy-0.75 RD not found in database - nothing changed !&#xD;
 E3: W - Wire/Core '3626' could not be created.&#xD;
 E3: W - Component Iy-0.75 BN not found in database - nothing changed !&#xD;
 E3: W - Wire/Core '3655' could not be created.&#xD;
 E3: W - Component Iy-0.5 GN not found in database - nothing changed !&#xD;
 E3: W - Wire/Core '5096' could not be created.&#xD;
 E3: W - Component Iy-0.5 RD/BU not found in database - nothing changed !&#xD;
 E3: W - Wire/Core '5326' could not be created.&#xD;
 E3: W - Component Iy-0.5 BN not found in database - nothing changed !&#xD;
 E3: W - Wire/Core '5999' could not be created.&#xD;
 E3: W - Component Iy-0.5 RD/BK not found in database - nothing changed !&#xD;
 E3: W - Wire/Core '6000' could not be created.&#xD;
 E3: W - Component Iy-0.5 RD/WH not found in database - nothing changed !&#xD;
 E3: W - Wire/Core '6001' could not be created.&#xD;
 E3: W - Component Iy-0.5 RD/GN not found in database - nothing changed !&#xD;
 E3: W - Wire/Core '6002' could not be created.&#xD;
 E3: W - Component Iy-2.5 RD/GN not found in database - nothing changed !&#xD;
 E3: W - Wire/Core '6162' could not be created.&#xD;
 E3: W - Component Iy-2.5 BN not found in database - nothing changed !&#xD;
 E3: W - Wire/Core '6165' could not be created.&#xD;
 E3: W - Component Iy-0.75 BN/YE not found in database - nothing changed !&#xD;
 E3: W - Wire/Core '6497' could not be created.&#xD;
 E3: W - Component Iy-0.75 RD/YE not found in database - nothing changed !&#xD;
 E3: W - Wire/Core '6498' could not be created.&#xD;
 E3: W - Component Gk-2.5 RD/YE not found in database - nothing changed !&#xD;
 E3: W - Wire/Core '5252' could not be created.&#xD;
 E3: W - Component Gk-4 BN not found in database - nothing changed !&#xD;
 E3: W - Wire/Core '5253' could not be created.&#xD;
 E3: W - Component Iy-0.35 BK/YE not found in database - nothing changed !&#xD;
 E3: W - Wire/Core '5254' could not be created.&#xD;
 E3: W - Component Iy-0.35 VT not found in database - nothing changed !&#xD;
 E3: W - Wire/Core '5255' could not be created.&#xD;
 E3: W - Component Tn-0.5 RD/WH not found in database - nothing changed !&#xD;
 E3: W - Wire/Core '6661' could not be created.&#xD;
 E3: W - Component Iy-1 RD/WH not found in database - nothing changed !&#xD;
 E3: W - Wire/Core '6202' could not be created.&#xD;
 E3: W - Component Ia-16 RD not found in database - nothing changed !&#xD;
 E3: W - Wire/Core '5227' could not be created.&#xD;
 E3: W - Component Iy-0.5 RD not found in database - nothing changed !&#xD;
 E3: W - Wire/Core '5228' could not be created.&#xD;
 E3: W - Component Iy-0.5 BN not found in database - nothing changed !&#xD;
 E3: W - Wire/Core '5229' could not be created.&#xD;
 E3: W - Component Iy-1 RD/BK not found in database - nothing changed !&#xD;
 E3: W - Wire/Core '5230' could not be created.&#xD;
 E3: W - Component Iy-0.5 RD/BU not found in database - nothing changed !&#xD;
 E3: W - Wire/Core '5325' could not be created.&#xD;
 E3: W - Component Iy-0.5 BN not found in database - nothing changed !&#xD;
 E3: W - Wire/Core '6356' could not be created.&#xD;
 E3: W - Component Ia-16 RD/WH not found in database - nothing changed !&#xD;
 E3: W - Wire/Core '6469' could not be created.&#xD;
 E3: W - Component Iy-4 RD/YE not found in database - nothing changed !&#xD;
 E3: W - Wire/Core '6472' could not be created.&#xD;
 E3: W - Component Iy-4 RD/BU not found in database - nothing changed !&#xD;
 E3: W - Wire/Core '1723' could not be created.&#xD;
 E3: W - Component Iy-0.5 BN not found in database - nothing changed !&#xD;
 E3: W - Wire/Core '2839' could not be created.&#xD;
 E3: W - Component Iy-0.5 RD/WH not found in database - nothing changed !&#xD;
 E3: W - Wire/Core '2840' could not be created.&#xD;
 E3: W - Component Iq-0.13 VT not found in database - nothing changed !&#xD;
 E3: W - Wire/Core '3625' could not be created.&#xD;
 E3: W - Component Iy-4 RD/WH not found in database - nothing changed !&#xD;
 E3: W - Wire/Core '3666' could not be created.&#xD;
 E3: W - Component Iy-4 BN not found in database - nothing changed !&#xD;
 E3: W - Wire/Core '3670' could not be created.&#xD;
 E3: W - Component Iy-4 BN not found in database - nothing changed !&#xD;
 E3: W - Wire/Core '6210' could not be created.&#xD;
 E3: W - Component Iy-2.5 RD/WH not found in database - nothing changed !&#xD;
 E3: W - Wire/Core '4529' could not be created.&#xD;
 E3: W - Component Iy-2.5 RD/WH not found in database - nothing changed !&#xD;
 E3: W - Wire/Core '4533' could not be created.&#xD;
 E3: W - Component Iy-2.5 BN not found in database - nothing changed !&#xD;
 E3: W - Wire/Core '5144' could not be created.&#xD;
 E3: W - Component Iy-2.5 BN not found in database - nothing changed !&#xD;
 E3: W - Wire/Core '5145' could not be created.&#xD;
 E3: W - Component Nn-0.35 RD not found in database - nothing changed !&#xD;
 E3: W - Wire/Core '5029' could not be created.&#xD;
 E3: W - Component Nn-0.35 RD/BN not found in database - nothing changed !&#xD;
 E3: W - Wire/Core '4636' could not be created.&#xD;
 E3: W - Component Iy-2.5 BN not found in database - nothing changed !&#xD;
 E3: W - Wire/Core '4800' could not be created.&#xD;
 E3: W - Component Nn-0.35 YE not found in database - nothing changed !&#xD;
 E3: W - Wire/Core '4643' could not be created.&#xD;
 E3: W - Component Nn-1 RD/BN not found in database - nothing changed !&#xD;
 E3: W - Wire/Core '5462' could not be created.&#xD;
 E3: W - Component Nn-0.35 RD not found in database - nothing changed !&#xD;
 E3: W - Wire/Core '5463' could not be created.&#xD;
 E3: W - Component Nn-0.35 BN not found in database - nothing changed !&#xD;
 E3: W - Wire/Core '5030' could not be created.&#xD;
 E3: W - Component Iy-0.35 BK/BU not found in database - nothing changed !&#xD;
 E3: W - Wire/Core '2003' could not be created.&#xD;
 E3: W - Component MTk-12 RD/YE not found in database - nothing changed !&#xD;
 E3: W - Wire/Core '1013' could not be created.&#xD;
 E3: W - Component Iy-0.5 PK/RD not found in database - nothing changed !&#xD;
 E3: W - Wire/Core '1941' could not be created.&#xD;
 E3: W - Component Iy-0.5 RD/YE not found in database - nothing changed !&#xD;
 E3: W - Wire/Core '2655' could not be created.&#xD;
 E3: W - Component Iy-0.5 PK/RD not found in database - nothing changed !&#xD;
 E3: W - Wire/Core '3657' could not be created.&#xD;
 E3: W - Component Iy-0.35 BN/YE not found in database - nothing changed !&#xD;
 E3: W - Wire/Core '4553' could not be created.&#xD;
 E3: W - Component Iy-0.35 RD/VT not found in database - nothing changed !&#xD;
 E3: W - Wire/Core '4554' could not be created.&#xD;
 E3: W - Component Gy-1 BN not found in database - nothing changed !&#xD;
 E3: W - Wire/Core '4571' could not be created.&#xD;
 E3: W - Component Ia-16 RD/GN not found in database - nothing changed !&#xD;
 E3: W - Wire/Core '4637' could not be created.&#xD;
 E3: W - Component Iy-0.35 BK not found in database - nothing changed !&#xD;
 E3: W - Wire/Core '5061' could not be created.&#xD;
 E3: W - Component Iy-0.35 BN not found in database - nothing changed !&#xD;
 E3: W - Wire/Core '5062' could not be created.&#xD;
 E3: W - Component Iy-0.35 BK/WH not found in database - nothing changed !&#xD;
 E3: W - Wire/Core '5063' could not be created.&#xD;
 E3: W - Component Iy-0.35 BN/WH not found in database - nothing changed !&#xD;
 E3: W - Wire/Core '5064' could not be created.&#xD;
 E3: W - Component MTk-12 RD/YE not found in database - nothing changed !&#xD;
 E3: W - Wire/Core '5129' could not be created.&#xD;
 E3: W - Component Iy-0.5 PK/RD not found in database - nothing changed !&#xD;
 E3: W - Wire/Core '5239' could not be created.&#xD;
 E3: W - Component Tb-0.5 PK/RD not found in database - nothing changed !&#xD;
 E3: W - Wire/Core '5247' could not be created.&#xD;
 E3: W - Component Iy-0.5 PK/RD not found in database - nothing changed !&#xD;
 E3: W - Wire/Core '6468' could not be created.&#xD;
 E3: W - Component Iy-0.5 RD not found in database - nothing changed !&#xD;
 E3: W - Wire/Core '6478' could not be created.&#xD;
 E3: W - Component Iy-0.5 RD not found in database - nothing changed !&#xD;
 E3: W - Wire/Core '6486' could not be created.&#xD;
 E3: W - Component Iy-0.35 GY not found in database - nothing changed !&#xD;
 E3: W - Wire/Core '2205' could not be created.&#xD;
 E3: W - Component Iy-0.35 GN/PK not found in database - nothing changed !&#xD;
 E3: W - Wire/Core '2216' could not be created.&#xD;
 E3: W - Component Iy-0.5 RD/YE not found in database - nothing changed !&#xD;
 E3: W - Wire/Core '2656' could not be created.&#xD;
 E3: W - Component Iy-0.75 RD/BK not found in database - nothing changed !&#xD;
 E3: W - Wire/Core '2719' could not be created.&#xD;
 E3: W - Component Iy-0.35 PK not found in database - nothing changed !&#xD;
 E3: W - Wire/Core '4552' could not be created.&#xD;
 E3: W - Component Iy-0.75 RD/BU not found in database - nothing changed !&#xD;
 E3: W - Wire/Core '5019' could not be created.&#xD;
 E3: W - Component Iy-0.5 PK/RD not found in database - nothing changed !&#xD;
 E3: W - Wire/Core '5035' could not be created.&#xD;
 E3: W - Component Iy-0.75 RD/WH not found in database - nothing changed !&#xD;
 E3: W - Wire/Core '5246' could not be created.&#xD;
 E3: W - Component Iy-0.75 GN not found in database - nothing changed !&#xD;
 E3: W - Wire/Core '5256' could not be created.&#xD;
 E3: W - Component Iy-0.75 GN/BN not found in database - nothing changed !&#xD;
 E3: W - Wire/Core '5308' could not be created.&#xD;
 E3: W - Component Iy-0.75 GY not found in database - nothing changed !&#xD;
 E3: W - Wire/Core '5409' could not be created.&#xD;
 E3: W - Component Iy-0.75 GY/BN not found in database - nothing changed !&#xD;
 E3: W - Wire/Core '5411' could not be created.&#xD;
 E3: W - Component Iy-0.35 VT/BK not found in database - nothing changed !&#xD;
 E3: W - Wire/Core '6169' could not be created.&#xD;
 E3: W - Component Iy-0.35 VT/WH not found in database - nothing changed !&#xD;
 E3: W - Wire/Core '6170' could not be created.&#xD;
 E3: W - Component Iy-0.35 VT/BN not found in database - nothing changed !&#xD;
 E3: W - Wire/Core '6171' could not be created.&#xD;
 E3: W - Component Iy-0.35 RD not found in database - nothing changed !&#xD;
 E3: W - Wire/Core '6172' could not be created.&#xD;
 E3: W - Component Iy-0.35 PK not found in database - nothing changed !&#xD;
 E3: W - Wire/Core '6208' could not be created.&#xD;
 E3: W - Component Iy-0.5 BN not found in database - nothing changed !&#xD;
 E3: W - Wire/Core '3948' could not be created.&#xD;
 E3: W - Component Iy-0.35 BN not found in database - nothing changed !&#xD;
 E3: W - Wire/Core '7022' could not be created.&#xD;
 E3: W - Component Iy-0.35 BN not found in database - nothing changed !&#xD;
 E3: W - Wire/Core '7023' could not be created.&#xD;
 E3: W - Component Iy-1.5 BN not found in database - nothing changed !&#xD;
 E3: W - Wire/Core '1890' could not be created.&#xD;
 E3: W - Component Iy-0.35 PK/BK not found in database - nothing changed !&#xD;
 E3: W - Wire/Core '5177' could not be created.&#xD;
 E3: W - Component Iy-0.35 GN/WH not found in database - nothing changed !&#xD;
 E3: W - Wire/Core '4577' could not be created.&#xD;
 E3: W - Component Iq-0.13 BU/BK not found in database - nothing changed !&#xD;
 E3: W - Wire/Core '4431' could not be created.&#xD;
 E3: W - Component Iq-0.13 BU/RD not found in database - nothing changed !&#xD;
 E3: W - Wire/Core '4428' could not be created.&#xD;
 E3: W - Component Iq-0.13 BU/YE not found in database - nothing changed !&#xD;
 E3: W - Wire/Core '4430' could not be created.&#xD;
 E3: W - Component Iq-0.13 BU/BK not found in database - nothing changed !&#xD;
 E3: W - Wire/Core '4434' could not be created.&#xD;
 E3: W - Component Iy-0.35 PK/VT not found in database - nothing changed !&#xD;
 E3: W - Wire/Core '4418' could not be created.&#xD;
 E3: W - Component Iq-0.13 BU/BK not found in database - nothing changed !&#xD;
 E3: W - Wire/Core '5945' could not be created.&#xD;
 E3: W - Component Iy-6 RD/WH not found in database - nothing changed !&#xD;
 E3: W - Wire/Core '5949' could not be created.&#xD;
 E3: W - Component Iy-0.35 GN/BK not found in database - nothing changed !&#xD;
 E3: W - Wire/Core '1668' could not be created.&#xD;
 E3: W - Component Iy-1.5 RD/VT not found in database - nothing changed !&#xD;
 E3: W - Wire/Core '1642' could not be created.&#xD;
 E3: W - Component Iy-0.35 PK/RD not found in database - nothing changed !&#xD;
 E3: W - Wire/Core '3637' could not be created.&#xD;
 E3: W - Component Iy-0.5 PK/RD not found in database - nothing changed !&#xD;
 E3: W - Wire/Core '1032' could not be created.&#xD;
 E3: W - Component Iy-0.35 BK/YE not found in database - nothing changed !&#xD;
 E3: W - Wire/Core '1067' could not be created.&#xD;
 E3: W - Component Iq-0.13 BU/RD not found in database - nothing changed !&#xD;
 E3: W - Wire/Core '1736' could not be created.&#xD;
 E3: W - Component Iy-0.35 RD/VT not found in database - nothing changed !&#xD;
 E3: W - Wire/Core '5922' could not be created.&#xD;
 E3: W - Component Iy-0.35 GN/VT not found in database - nothing changed !&#xD;
 E3: W - Wire/Core '6196' could not be created.&#xD;
 E3: W - Component Iy-0.35 RD/VT not found in database - nothing changed !&#xD;
 E3: W - Wire/Core '6197' could not be created.&#xD;
 E3: W - Component Iy-0.35 GN/WH not found in database - nothing changed !&#xD;
 E3: W - Wire/Core '1178' could not be created.&#xD;
 E3: W - Component Iy-0.35 YE/RD not found in database - nothing changed !&#xD;
 E3: W - Wire/Core '1182' could not be created.&#xD;
 E3: W - Component Iy-0.35 PK/BK not found in database - nothing changed !&#xD;
 E3: W - Wire/Core '1188' could not be created.&#xD;
 E3: W - Component Iy-0.5 RD/BK not found in database - nothing changed !&#xD;
 E3: W - Wire/Core '2119' could not be created.&#xD;
 E3: W - Component Iy-0.5 RD/BK not found in database - nothing changed !&#xD;
 E3: W - Wire/Core '2120' could not be created.&#xD;
 E3: W - Component Iy-0.5 RD/BK not found in database - nothing changed !&#xD;
 E3: W - Wire/Core '2117' could not be created.&#xD;
 E3: W - Component Iy-0.5 GY/BK not found in database - nothing changed !&#xD;
 E3: W - Wire/Core '3633' could not be created.&#xD;
 E3: W - Component Iy-0.5 GY/BK not found in database - nothing changed !&#xD;
 E3: W - Wire/Core '4903' could not be created.&#xD;
 E3: W - Component Iy-0.75 BN/YE not found in database - nothing changed !&#xD;
 E3: W - Wire/Core '1008' could not be created.&#xD;
 E3: W - Component Iy-0.5 GY/BK not found in database - nothing changed !&#xD;
 E3: W - Wire/Core '3621' could not be created.&#xD;
 E3: W - Component Iq-0.13 GY not found in database - nothing changed !&#xD;
 E3: W - Wire/Core '2518' could not be created.&#xD;
 E3: W - Component Iq-0.13 BU/OG not found in database - nothing changed !&#xD;
 E3: W - Wire/Core '2517' could not be created.&#xD;
 E3: W - Component Iy-0.35 PK not found in database - nothing changed !&#xD;
 E3: W - Wire/Core '3420' could not be created.&#xD;
 E3: W - Component Iy-0.35 BN/WH not found in database - nothing changed !&#xD;
 E3: W - Wire/Core '3487' could not be created.&#xD;
 E3: W - Component Iy-0.35 BN not found in database - nothing changed !&#xD;
 E3: W - Wire/Core '3485' could not be created.&#xD;
 E3: W - Component Iy-0.35 BN/WH not found in database - nothing changed !&#xD;
 E3: W - Wire/Core '3484' could not be created.&#xD;
 E3: W - Component Iy-0.35 BN not found in database - nothing changed !&#xD;
 E3: W - Wire/Core '3489' could not be created.&#xD;
 E3: W - Component Iy-0.35 BN/WH not found in database - nothing changed !&#xD;
 E3: W - Wire/Core '3488' could not be created.&#xD;
 E3: W - Component Iy-0.35 VT/WH not found in database - nothing changed !&#xD;
 E3: W - Wire/Core '3490' could not be created.&#xD;
 E3: W - Component Iy-0.35 BN not found in database - nothing changed !&#xD;
 E3: W - Wire/Core '3486' could not be created.&#xD;
 E3: W - Component Iq-0.13 PK/WH not found in database - nothing changed !&#xD;
 E3: W - Wire/Core '3881' could not be created.&#xD;
 E3: W - Component Iq-0.13 PK/GN not found in database - nothing changed !&#xD;
 E3: W - Wire/Core '3878' could not be created.&#xD;
 E3: W - Component Iq-0.13 BU/RD not found in database - nothing changed !&#xD;
 E3: W - Wire/Core '1725' could not be created.&#xD;
 E3: W - Component My-0.5 BK/GY not found in database - nothing changed !&#xD;
 E3: W - Wire/Core '4641' could not be created.&#xD;
 E3: W - Component My-0.5 BK/GY not found in database - nothing changed !&#xD;
 E3: W - Wire/Core '6370' could not be created.&#xD;
 E3: W - Component Iy-0.35 PK/BK not found in database - nothing changed !&#xD;
 E3: W - Wire/Core '3519' could not be created.&#xD;
 E3: W - Component Iy-1 BK/GY not found in database - nothing changed !&#xD;
 E3: W - Wire/Core '3535' could not be created.&#xD;
 E3: W - Component Iy-1 BK/BU not found in database - nothing changed !&#xD;
 E3: W - Wire/Core '3632' could not be created.&#xD;
 E3: W - Component Iy-1 BK/BU not found in database - nothing changed !&#xD;
 E3: W - Wire/Core '1786' could not be created.&#xD;
 E3: W - Component Iy-0.35 BN/GY not found in database - nothing changed !&#xD;
 E3: W - Wire/Core '2930' could not be created.&#xD;
 E3: W - Component Iy-0.35 BN/GY not found in database - nothing changed !&#xD;
 E3: W - Wire/Core '2937' could not be created.&#xD;
 E3: W - Component Iy-0.35 GN/VT not found in database - nothing changed !&#xD;
 E3: W - Wire/Core '1697' could not be created.&#xD;
 E3: W - Component My-0.5 BK/BU not found in database - nothing changed !&#xD;
 E3: W - Wire/Core '1923' could not be created.&#xD;
 E3: W - Component My-0.5 BK/BU not found in database - nothing changed !&#xD;
 E3: W - Wire/Core '1920' could not be created.&#xD;
 E3: W - Component Iy-1.5 BK/GN not found in database - nothing changed !&#xD;
 E3: W - Wire/Core '5244' could not be created.&#xD;
 E3: W - Component Iy-1 RD/BU not found in database - nothing changed !&#xD;
 E3: W - Wire/Core '3970' could not be created.&#xD;
 E3: W - Component Iq-0.13 PK/GN not found in database - nothing changed !&#xD;
 E3: W - Wire/Core '3770' could not be created.&#xD;
 E3: W - Component Iy-0.35 GN/GY not found in database - nothing changed !&#xD;
 E3: W - Wire/Core '4075' could not be created.&#xD;
 E3: W - Component Iy-0.35 BU/BK not found in database - nothing changed !&#xD;
 E3: W - Wire/Core '4081' could not be created.&#xD;
 E3: W - Component Iy-0.35 YE/VT not found in database - nothing changed !&#xD;
 E3: W - Wire/Core '4079' could not be created.&#xD;
 E3: W - Component Iy-0.35 BU/BK not found in database - nothing changed !&#xD;
 E3: W - Wire/Core '4082' could not be created.&#xD;
 E3: W - Component Iy-0.35 YE/VT not found in database - nothing changed !&#xD;
 E3: W - Wire/Core '4080' could not be created.&#xD;
 E3: W - Component Iy-0.35 GN/GY not found in database - nothing changed !&#xD;
 E3: W - Wire/Core '4076' could not be created.&#xD;
 E3: W - Component Iy-0.5 BK/GY not found in database - nothing changed !&#xD;
 E3: W - Wire/Core '4362' could not be created.&#xD;
 E3: W - Component Iy-0.75 BK/GY not found in database - nothing changed !&#xD;
 E3: W - Wire/Core '4363' could not be created.&#xD;
 E3: W - Component Iy-0.5 PK/RD not found in database - nothing changed !&#xD;
 E3: W - Wire/Core '4479' could not be created.&#xD;
 E3: W - Component Iy-0.5 PK/RD not found in database - nothing changed !&#xD;
 E3: W - Wire/Core '4478' could not be created.&#xD;
 E3: W - Component Iy-0.75 BK/BU not found in database - nothing changed !&#xD;
 E3: W - Wire/Core '4349' could not be created.&#xD;
 E3: W - Component Iy-0.75 BK/BU not found in database - nothing changed !&#xD;
 E3: W - Wire/Core '4348' could not be created.&#xD;
 E3: W - Component Iy-0.35 GN/PK not found in database - nothing changed !&#xD;
 E3: W - Wire/Core '2204' could not be created.&#xD;
 E3: W - Component Iy-1 BK/GN not found in database - nothing changed !&#xD;
 E3: W - Wire/Core '5018' could not be created.&#xD;
 E3: W - Component Gy-1 WH/BU not found in database - nothing changed !&#xD;
 E3: W - Wire/Core '4572' could not be created.&#xD;
 E3: W - Component Gy-0.35 BK/BU not found in database - nothing changed !&#xD;
 E3: W - Wire/Core '4610' could not be created.&#xD;
 E3: W - Component Iy-0.5 RD/WH not found in database - nothing changed !&#xD;
 E3: W - Wire/Core '5094' could not be created.&#xD;
 E3: W - Component Iy-0.5 RD/BK not found in database - nothing changed !&#xD;
 E3: W - Wire/Core '5086' could not be created.&#xD;
 E3: W - Component Iy-1 RD/BK not found in database - nothing changed !&#xD;
 E3: W - Wire/Core '6357' could not be created.&#xD;
 E3: W - Component Iy-0.5 BK/GN not found in database - nothing changed !&#xD;
 E3: W - Wire/Core '4664' could not be created.&#xD;
 E3: W - Component Iy-0.35 BN not found in database - nothing changed !&#xD;
 E3: W - Wire/Core '1028.1' could not be created.&#xD;
 E3: W - Component Iy-0.35 BN not found in database - nothing changed !&#xD;
 E3: W - Wire/Core '1028.2' could not be created.&#xD;
 E3: W - Component Iy-0.35 BN not found in database - nothing changed !&#xD;
 E3: W - Wire/Core '1029.1' could not be created.&#xD;
 E3: W - Component Iy-0.35 BN not found in database - nothing changed !&#xD;
 E3: W - Wire/Core '1029.2' could not be created.&#xD;
 E3: W - Component Iy-4 RD/BU not found in database - nothing changed !&#xD;
 E3: W - Wire/Core '1095.1' could not be created.&#xD;
 E3: W - Component Iy-4 RD/BU not found in database - nothing changed !&#xD;
 E3: W - Wire/Core '1095.2' could not be created.&#xD;
 E3: W - Component Iy-0.35 RD/BK not found in database - nothing changed !&#xD;
 E3: W - Wire/Core '1135.1' could not be created.&#xD;
 E3: W - Component Iy-0.35 RD/BK not found in database - nothing changed !&#xD;
 E3: W - Wire/Core '1135.2' could not be created.&#xD;
 E3: W - Component Iy-0.35 RD/BU not found in database - nothing changed !&#xD;
 E3: W - Wire/Core '1136.1' could not be created.&#xD;
 E3: W - Component Iy-0.35 RD/BU not found in database - nothing changed !&#xD;
 E3: W - Wire/Core '1136.2' could not be created.&#xD;
 E3: W - Component Iy-0.35 BN/YE not found in database - nothing changed !&#xD;
 E3: W - Wire/Core '1137.1' could not be created.&#xD;
 E3: W - Component Iy-0.35 BN/YE not found in database - nothing changed !&#xD;
 E3: W - Wire/Core '1137.2' could not be created.&#xD;
 E3: W - Component Iy-0.35 BK not found in database - nothing changed !&#xD;
 E3: W - Wire/Core '1138.1' could not be created.&#xD;
 E3: W - Component Iy-0.35 BK not found in database - nothing changed !&#xD;
 E3: W - Wire/Core '1138.2' could not be created.&#xD;
 E3: W - Component Iy-0.35 BN not found in database - nothing changed !&#xD;
 E3: W - Wire/Core '1139.2.1' could not be created.&#xD;
 E3: W - Component Iy-0.35 BN not found in database - nothing changed !&#xD;
 E3: W - Wire/Core '1139.2.2' could not be created.&#xD;
 E3: W - Component Iy-0.35 BN not found in database - nothing changed !&#xD;
 E3: W - Wire/Core '1139.1.1' could not be created.&#xD;
 E3: W - Component Iy-0.35 BN not found in database - nothing changed !&#xD;
 E3: W - Wire/Core '1139.1.2' could not be created.&#xD;
 E3: W - Component Iy-0.5 BK/YE not found in database - nothing changed !&#xD;
 E3: W - Wire/Core '1190.1' could not be created.&#xD;
 E3: W - Component Iy-0.5 BK/YE not found in database - nothing changed !&#xD;
 E3: W - Wire/Core '1190.2' could not be created.&#xD;
 E3: W - Component Iy-0.5 BN/BU not found in database - nothing changed !&#xD;
 E3: W - Wire/Core '1198.1' could not be created.&#xD;
 E3: W - Component Iy-0.5 BN/BU not found in database - nothing changed !&#xD;
 E3: W - Wire/Core '1198.2' could not be created.&#xD;
 E3: W - Component Iy-0.35 VT not found in database - nothing changed !&#xD;
 E3: W - Wire/Core '1206.1' could not be created.&#xD;
 E3: W - Component Iy-0.35 VT not found in database - nothing changed !&#xD;
 E3: W - Wire/Core '1206.2' could not be created.&#xD;
 E3: W - Component Iy-0.35 BN/WH not found in database - nothing changed !&#xD;
 E3: W - Wire/Core '1208.1' could not be created.&#xD;
 E3: W - Component Iy-0.35 BN/WH not found in database - nothing changed !&#xD;
 E3: W - Wire/Core '1208.2' could not be created.&#xD;
 E3: W - Component Iy-0.35 YE/WH not found in database - nothing changed !&#xD;
 E3: W - Wire/Core '1210.1' could not be created.&#xD;
 E3: W - Component Iy-0.35 YE/WH not found in database - nothing changed !&#xD;
 E3: W - Wire/Core '1210.2' could not be created.&#xD;
 E3: W - Component Iy-0.35 BK/WH not found in database - nothing changed !&#xD;
 E3: W - Wire/Core '1212.1' could not be created.&#xD;
 E3: W - Component Iy-0.35 BK/WH not found in database - nothing changed !&#xD;
 E3: W - Wire/Core '1212.2' could not be created.&#xD;
 E3: W - Component Iy-0.35 BK not found in database - nothing changed !&#xD;
 E3: W - Wire/Core '1214.1' could not be created.&#xD;
 E3: W - Component Iy-0.35 BK not found in database - nothing changed !&#xD;
 E3: W - Wire/Core '1214.2' could not be created.&#xD;
 E3: W - Component Iy-0.35 YE/RD not found in database - nothing changed !&#xD;
 E3: W - Wire/Core '1216.1' could not be created.&#xD;
 E3: W - Component Iy-0.35 YE/RD not found in database - nothing changed !&#xD;
 E3: W - Wire/Core '1216.2' could not be created.&#xD;
 E3: W - Component Iy-0.35 BN/YE not found in database - nothing changed !&#xD;
 E3: W - Wire/Core '1218.1' could not be created.&#xD;
 E3: W - Component Iy-0.35 BN/YE not found in database - nothing changed !&#xD;
 E3: W - Wire/Core '1218.2' could not be created.&#xD;
 E3: W - Component Iy-0.35 BU/BK not found in database - nothing changed !&#xD;
 E3: W - Wire/Core '1219.1' could not be created.&#xD;
 E3: W - Component Iy-0.35 BU/BK not found in database - nothing changed !&#xD;
 E3: W - Wire/Core '1219.2' could not be created.&#xD;
 E3: W - Component Iy-0.5 RD/BN not found in database - nothing changed !&#xD;
 E3: W - Wire/Core '1220.1' could not be created.&#xD;
 E3: W - Component Iy-0.5 RD/BN not found in database - nothing changed !&#xD;
 E3: W - Wire/Core '1220.2' could not be created.&#xD;
 E3: W - Component Iy-0.5 RD/YE not found in database - nothing changed !&#xD;
 E3: W - Wire/Core '1221.1' could not be created.&#xD;
 E3: W - Component Iy-0.5 RD/YE not found in database - nothing changed !&#xD;
 E3: W - Wire/Core '1221.2' could not be created.&#xD;
 E3: W - Component Iy-4 RD/WH not found in database - nothing changed !&#xD;
 E3: W - Wire/Core '1233.1' could not be created.&#xD;
 E3: W - Component Iy-4 RD/WH not found in database - nothing changed !&#xD;
 E3: W - Wire/Core '1233.2' could not be created.&#xD;
 E3: W - Component Iy-4 BN not found in database - nothing changed !&#xD;
 E3: W - Wire/Core '1234.1' could not be created.&#xD;
 E3: W - Component Iy-4 BN not found in database - nothing changed !&#xD;
 E3: W - Wire/Core '1234.2' could not be created.&#xD;
 E3: W - Component Iq-0.13 BU/BK not found in database - nothing changed !&#xD;
 E3: W - Wire/Core '1235.2.1' could not be created.&#xD;
 E3: W - Component Iq-0.13 BU/BK not found in database - nothing changed !&#xD;
 E3: W - Wire/Core '1235.2.2' could not be created.&#xD;
 E3: W - Component Iq-0.13 BU/BK not found in database - nothing changed !&#xD;
 E3: W - Wire/Core '1235.1.1' could not be created.&#xD;
 E3: W - Component Iq-0.13 BU/BK not found in database - nothing changed !&#xD;
 E3: W - Wire/Core '1235.1.2' could not be created.&#xD;
 E3: W - Component Iq-0.13 BU not found in database - nothing changed !&#xD;
 E3: W - Wire/Core '1236.1.1' could not be created.&#xD;
 E3: W - Component Iq-0.13 BU not found in database - nothing changed !&#xD;
 E3: W - Wire/Core '1236.1.2' could not be created.&#xD;
 E3: W - Component Iq-0.13 BU not found in database - nothing changed !&#xD;
 E3: W - Wire/Core '1236.2.1' could not be created.&#xD;
 E3: W - Component Iq-0.13 BU not found in database - nothing changed !&#xD;
 E3: W - Wire/Core '1236.2.2' could not be created.&#xD;
 E3: W - Component Iq-0.13 GN/WH not found in database - nothing changed !&#xD;
 E3: W - Wire/Core '1237.1' could not be created.&#xD;
 E3: W - Component Iq-0.13 GN/WH not found in database - nothing changed !&#xD;
 E3: W - Wire/Core '1237.2' could not be created.&#xD;
 E3: W - Component Iq-0.13 BN/WH not found in database - nothing changed !&#xD;
 E3: W - Wire/Core '1238.1' could not be created.&#xD;
 E3: W - Component Iq-0.13 BN/WH not found in database - nothing changed !&#xD;
 E3: W - Wire/Core '1238.2' could not be created.&#xD;
 E3: W - Component Iq-0.13 BK/WH not found in database - nothing changed !&#xD;
 E3: W - Wire/Core '1239.1' could not be created.&#xD;
 E3: W - Component Iq-0.13 BK/WH not found in database - nothing changed !&#xD;
 E3: W - Wire/Core '1239.2' could not be created.&#xD;
 E3: W - Component Iy-0.35 RD/WH not found in database - nothing changed !&#xD;
 E3: W - Wire/Core '1541.1' could not be created.&#xD;
 E3: W - Component Iy-0.35 RD/WH not found in database - nothing changed !&#xD;
 E3: W - Wire/Core '1541.2' could not be created.&#xD;
 E3: W - Component Iy-0.35 BN not found in database - nothing changed !&#xD;
 E3: W - Wire/Core '1542.1' could not be created.&#xD;
 E3: W - Component Iy-0.35 BN not found in database - nothing changed !&#xD;
 E3: W - Wire/Core '1542.2' could not be created.&#xD;
 E3: W - Component Iy-1.5 RD/YE not found in database - nothing changed !&#xD;
 E3: W - Wire/Core '1638.1' could not be created.&#xD;
 E3: W - Component Iy-1.5 RD/YE not found in database - nothing changed !&#xD;
 E3: W - Wire/Core '1638.2' could not be created.&#xD;
 E3: W - Component Iy-1.5 BN not found in database - nothing changed !&#xD;
 E3: W - Wire/Core '1639.1' could not be created.&#xD;
 E3: W - Component Iy-1.5 BN not found in database - nothing changed !&#xD;
 E3: W - Wire/Core '1639.2' could not be created.&#xD;
 E3: W - Component Iy-0.35 RD/WH not found in database - nothing changed !&#xD;
 E3: W - Wire/Core '1775.1' could not be created.&#xD;
 E3: W - Component Iy-0.35 RD/WH not found in database - nothing changed !&#xD;
 E3: W - Wire/Core '1775.2' could not be created.&#xD;
 E3: W - Component Iy-0.35 BK not found in database - nothing changed !&#xD;
 E3: W - Wire/Core '1776.1' could not be created.&#xD;
 E3: W - Component Iy-0.35 BK not found in database - nothing changed !&#xD;
 E3: W - Wire/Core '1776.2' could not be created.&#xD;
 E3: W - Component Iy-0.35 BN not found in database - nothing changed !&#xD;
 E3: W - Wire/Core '1777.1' could not be created.&#xD;
 E3: W - Component Iy-0.35 BN not found in database - nothing changed !&#xD;
 E3: W - Wire/Core '1777.2' could not be created.&#xD;
 E3: W - Component Iy-0.35 PK/WH not found in database - nothing changed !&#xD;
 E3: W - Wire/Core '1811.1' could not be created.&#xD;
 E3: W - Component Iy-0.35 PK/WH not found in database - nothing changed !&#xD;
 E3: W - Wire/Core '1811.2' could not be created.&#xD;
 E3: W - Component Iy-0.35 PK/WH not found in database - nothing changed !&#xD;
 E3: W - Wire/Core '1812.1' could not be created.&#xD;
 E3: W - Component Iy-0.35 PK/WH not found in database - nothing changed !&#xD;
 E3: W - Wire/Core '1812.2' could not be created.&#xD;
 E3: W - Component Iy-0.35 BN not found in database - nothing changed !&#xD;
 E3: W - Wire/Core '1816.1' could not be created.&#xD;
 E3: W - Component Iy-0.35 BN not found in database - nothing changed !&#xD;
 E3: W - Wire/Core '1816.2' could not be created.&#xD;
 E3: W - Component Iy-0.35 BN not found in database - nothing changed !&#xD;
 E3: W - Wire/Core '1817.1' could not be created.&#xD;
 E3: W - Component Iy-0.35 BN not found in database - nothing changed !&#xD;
 E3: W - Wire/Core '1817.2' could not be created.&#xD;
 E3: W - Component Iy-0.35 BN not found in database - nothing changed !&#xD;
 E3: W - Wire/Core '1818.1' could not be created.&#xD;
 E3: W - Component Iy-0.35 BN not found in database - nothing changed !&#xD;
 E3: W - Wire/Core '1818.2' could not be created.&#xD;
 E3: W - Component Iy-0.35 BN not found in database - nothing changed !&#xD;
 E3: W - Wire/Core '1819.1' could not be created.&#xD;
 E3: W - Component Iy-0.35 BN not found in database - nothing changed !&#xD;
 E3: W - Wire/Core '1819.2' could not be created.&#xD;
 E3: W - Component Iy-0.35 BN not found in database - nothing changed !&#xD;
 E3: W - Wire/Core '1820.1' could not be created.&#xD;
 E3: W - Component Iy-0.35 BN not found in database - nothing changed !&#xD;
 E3: W - Wire/Core '1820.2' could not be created.&#xD;
 E3: W - Component Iy-0.35 BN not found in database - nothing changed !&#xD;
 E3: W - Wire/Core '1821.1' could not be created.&#xD;
 E3: W - Component Iy-0.35 BN not found in database - nothing changed !&#xD;
 E3: W - Wire/Core '1821.2' could not be created.&#xD;
 E3: W - Component Iy-0.35 VT/WH not found in database - nothing changed !&#xD;
 E3: W - Wire/Core '1825.1' could not be created.&#xD;
 E3: W - Component Iy-0.35 VT/WH not found in database - nothing changed !&#xD;
 E3: W - Wire/Core '1825.2' could not be created.&#xD;
 E3: W - Component Iy-0.35 VT/WH not found in database - nothing changed !&#xD;
 E3: W - Wire/Core '1826.1' could not be created.&#xD;
 E3: W - Component Iy-0.35 VT/WH not found in database - nothing changed !&#xD;
 E3: W - Wire/Core '1826.2' could not be created.&#xD;
 E3: W - Component Iy-0.35 VT/WH not found in database - nothing changed !&#xD;
 E3: W - Wire/Core '1838.1' could not be created.&#xD;
 E3: W - Component Iy-0.35 VT/WH not found in database - nothing changed !&#xD;
 E3: W - Wire/Core '1838.2' could not be created.&#xD;
 E3: W - Component Iy-0.35 VT/WH not found in database - nothing changed !&#xD;
 E3: W - Wire/Core '1839.1' could not be created.&#xD;
 E3: W - Component Iy-0.35 VT/WH not found in database - nothing changed !&#xD;
 E3: W - Wire/Core '1839.2' could not be created.&#xD;
 E3: W - Component Iy-0.35 BN not found in database - nothing changed !&#xD;
 E3: W - Wire/Core '1841.1' could not be created.&#xD;
 E3: W - Component Iy-0.35 BN not found in database - nothing changed !&#xD;
 E3: W - Wire/Core '1841.2' could not be created.&#xD;
 E3: W - Component Iy-0.35 BN not found in database - nothing changed !&#xD;
 E3: W - Wire/Core '1842.1' could not be created.&#xD;
 E3: W - Component Iy-0.35 BN not found in database - nothing changed !&#xD;
 E3: W - Wire/Core '1842.2' could not be created.&#xD;
 E3: W - Component Iy-0.35 BN not found in database - nothing changed !&#xD;
 E3: W - Wire/Core '1843.1' could not be created.&#xD;
 E3: W - Component Iy-0.35 BN not found in database - nothing changed !&#xD;
 E3: W - Wire/Core '1843.2' could not be created.&#xD;
 E3: W - Component Iy-0.35 BN not found in database - nothing changed !&#xD;
 E3: W - Wire/Core '1844.1' could not be created.&#xD;
 E3: W - Component Iy-0.35 BN not found in database - nothing changed !&#xD;
 E3: W - Wire/Core '1844.2' could not be created.&#xD;
 E3: W - Component Iy-0.35 PK/WH not found in database - nothing changed !&#xD;
 E3: W - Wire/Core '1846.1' could not be created.&#xD;
 E3: W - Component Iy-0.35 PK/WH not found in database - nothing changed !&#xD;
 E3: W - Wire/Core '1846.2' could not be created.&#xD;
 E3: W - Component Iy-0.35 PK/WH not found in database - nothing changed !&#xD;
 E3: W - Wire/Core '1847.1' could not be created.&#xD;
 E3: W - Component Iy-0.35 PK/WH not found in database - nothing changed !&#xD;
 E3: W - Wire/Core '1847.2' could not be created.&#xD;
 E3: W - Component Iy-0.5 BU/YE not found in database - nothing changed !&#xD;
 E3: W - Wire/Core '2480.1' could not be created.&#xD;
 E3: W - Component Iy-0.5 BU/YE not found in database - nothing changed !&#xD;
 E3: W - Wire/Core '2480.2' could not be created.&#xD;
 E3: W - Component Iy-0.5 BU/RD not found in database - nothing changed !&#xD;
 E3: W - Wire/Core '2481.1' could not be created.&#xD;
 E3: W - Component Iy-0.5 BU/RD not found in database - nothing changed !&#xD;
 E3: W - Wire/Core '2481.2' could not be created.&#xD;
 E3: W - Component Iy-0.5 BU/BN not found in database - nothing changed !&#xD;
 E3: W - Wire/Core '2482.1' could not be created.&#xD;
 E3: W - Component Iy-0.5 BU/BN not found in database - nothing changed !&#xD;
 E3: W - Wire/Core '2482.2' could not be created.&#xD;
 E3: W - Component Iy-0.35 BN not found in database - nothing changed !&#xD;
 E3: W - Wire/Core '2491.1' could not be created.&#xD;
 E3: W - Component Iy-0.35 BN not found in database - nothing changed !&#xD;
 E3: W - Wire/Core '2491.2' could not be created.&#xD;
 E3: W - Component Iy-0.35 RD/BK not found in database - nothing changed !&#xD;
 E3: W - Wire/Core '2492.1' could not be created.&#xD;
 E3: W - Component Iy-0.35 RD/BK not found in database - nothing changed !&#xD;
 E3: W - Wire/Core '2492.2' could not be created.&#xD;
 E3: W - Component Iy-0.35 BN not found in database - nothing changed !&#xD;
 E3: W - Wire/Core '2493.1' could not be created.&#xD;
 E3: W - Component Iy-0.35 BN not found in database - nothing changed !&#xD;
 E3: W - Wire/Core '2493.2' could not be created.&#xD;
 E3: W - Component Iy-0.35 RD/BK not found in database - nothing changed !&#xD;
 E3: W - Wire/Core '2494.1' could not be created.&#xD;
 E3: W - Component Iy-0.35 RD/BK not found in database - nothing changed !&#xD;
 E3: W - Wire/Core '2494.2' could not be created.&#xD;
 E3: W - Component Iq-0.13 BU not found in database - nothing changed !&#xD;
 E3: W - Wire/Core '2842.1' could not be created.&#xD;
 E3: W - Component Iq-0.13 BU not found in database - nothing changed !&#xD;
 E3: W - Wire/Core '2842.2' could not be created.&#xD;
 E3: W - Component Iy-0.5 BN not found in database - nothing changed !&#xD;
 E3: W - Wire/Core '2843.1.1' could not be created.&#xD;
 E3: W - Component Iy-0.5 BN not found in database - nothing changed !&#xD;
 E3: W - Wire/Core '2843.1.2' could not be created.&#xD;
 E3: W - Component Iy-0.5 BN not found in database - nothing changed !&#xD;
 E3: W - Wire/Core '2843.2.1' could not be created.&#xD;
 E3: W - Component Iy-0.5 BN not found in database - nothing changed !&#xD;
 E3: W - Wire/Core '2843.2.2' could not be created.&#xD;
 E3: W - Component Iy-0.75 BU not found in database - nothing changed !&#xD;
 E3: W - Wire/Core '2844.1' could not be created.&#xD;
 E3: W - Component Iy-0.75 BU not found in database - nothing changed !&#xD;
 E3: W - Wire/Core '2844.2' could not be created.&#xD;
 E3: W - Component Iy-0.75 GN not found in database - nothing changed !&#xD;
 E3: W - Wire/Core '2845.1' could not be created.&#xD;
 E3: W - Component Iy-0.75 GN not found in database - nothing changed !&#xD;
 E3: W - Wire/Core '2845.2' could not be created.&#xD;
 E3: W - Component Iy-0.35 BN not found in database - nothing changed !&#xD;
 E3: W - Wire/Core '3254.1' could not be created.&#xD;
 E3: W - Component Iy-0.35 BN not found in database - nothing changed !&#xD;
 E3: W - Wire/Core '3254.2' could not be created.&#xD;
 E3: W - Component Iy-0.35 BN not found in database - nothing changed !&#xD;
 E3: W - Wire/Core '3255.1' could not be created.&#xD;
 E3: W - Component Iy-0.35 BN not found in database - nothing changed !&#xD;
 E3: W - Wire/Core '3255.2' could not be created.&#xD;
 E3: W - Component Iy-0.5 VT/BK not found in database - nothing changed !&#xD;
 E3: W - Wire/Core '3261.1' could not be created.&#xD;
 E3: W - Component Iy-0.5 VT/BK not found in database - nothing changed !&#xD;
 E3: W - Wire/Core '3261.2' could not be created.&#xD;
 E3: W - Component Iy-0.5 YE/BK not found in database - nothing changed !&#xD;
 E3: W - Wire/Core '3262.1' could not be created.&#xD;
 E3: W - Component Iy-0.5 YE/BK not found in database - nothing changed !&#xD;
 E3: W - Wire/Core '3262.2' could not be created.&#xD;
 E3: W - Component Iy-0.5 GN/BK not found in database - nothing changed !&#xD;
 E3: W - Wire/Core '3266.1' could not be created.&#xD;
 E3: W - Component Iy-0.5 GN/BK not found in database - nothing changed !&#xD;
 E3: W - Wire/Core '3266.2' could not be created.&#xD;
 E3: W - Component Iy-0.5 VT/GN not found in database - nothing changed !&#xD;
 E3: W - Wire/Core '3273.1' could not be created.&#xD;
 E3: W - Component Iy-0.5 VT/GN not found in database - nothing changed !&#xD;
 E3: W - Wire/Core '3273.2' could not be created.&#xD;
 E3: W - Component Iy-0.5 WH/GN not found in database - nothing changed !&#xD;
 E3: W - Wire/Core '3274.1' could not be created.&#xD;
 E3: W - Component Iy-0.5 WH/GN not found in database - nothing changed !&#xD;
 E3: W - Wire/Core '3274.2' could not be created.&#xD;
 E3: W - Component Iy-1.5 BN not found in database - nothing changed !&#xD;
 E3: W - Wire/Core '3390.1' could not be created.&#xD;
 E3: W - Component Iy-1.5 BN not found in database - nothing changed !&#xD;
 E3: W - Wire/Core '3390.2' could not be created.&#xD;
 E3: W - Component Iy-0.75 BN not found in database - nothing changed !&#xD;
 E3: W - Wire/Core '4526.2.1' could not be created.&#xD;
 E3: W - Component Iy-0.75 BN not found in database - nothing changed !&#xD;
 E3: W - Wire/Core '4526.2.2' could not be created.&#xD;
 E3: W - Component Iy-0.75 BN not found in database - nothing changed !&#xD;
 E3: W - Wire/Core '4526.1.1' could not be created.&#xD;
 E3: W - Component Iy-0.75 BN not found in database - nothing changed !&#xD;
 E3: W - Wire/Core '4526.1.2' could not be created.&#xD;
 E3: W - Component Iy-0.5 GN/BK not found in database - nothing changed !&#xD;
 E3: W - Wire/Core '4925.1' could not be created.&#xD;
 E3: W - Component Iq-0.13 GN not found in database - nothing changed !&#xD;
 E3: W - Wire/Core '5131.1' could not be created.&#xD;
 E3: W - Component Iq-0.13 GN not found in database - nothing changed !&#xD;
 E3: W - Wire/Core '5131.2' could not be created.&#xD;
 E3: W - Component Iq-0.13 VT not found in database - nothing changed !&#xD;
 E3: W - Wire/Core '5207.1' could not be created.&#xD;
 E3: W - Component Iq-0.13 VT not found in database - nothing changed !&#xD;
 E3: W - Wire/Core '5207.2' could not be created.&#xD;
 E3: W - Component Iq-0.13 BN not found in database - nothing changed !&#xD;
 E3: W - Wire/Core '5208.1.1' could not be created.&#xD;
 E3: W - Component Iq-0.13 BN not found in database - nothing changed !&#xD;
 E3: W - Wire/Core '5208.1.2' could not be created.&#xD;
 E3: W - Component Iq-0.13 BN not found in database - nothing changed !&#xD;
 E3: W - Wire/Core '5208.2.1' could not be created.&#xD;
 E3: W - Component Iq-0.13 BN not found in database - nothing changed !&#xD;
 E3: W - Wire/Core '5208.2.2' could not be created.&#xD;
 E3: W - Component Iy-0.35 GY/YE not found in database - nothing changed !&#xD;
 E3: W - Wire/Core '5276.1' could not be created.&#xD;
 E3: W - Component Iy-0.35 GY/YE not found in database - nothing changed !&#xD;
 E3: W - Wire/Core '5276.2' could not be created.&#xD;
 E3: W - Component Iy-0.35 BN not found in database - nothing changed !&#xD;
 E3: W - Wire/Core '5277.1' could not be created.&#xD;
 E3: W - Component Iy-0.35 BN not found in database - nothing changed !&#xD;
 E3: W - Wire/Core '5277.2' could not be created.&#xD;
 E3: W - Component Iy-0.35 GY/GN not found in database - nothing changed !&#xD;
 E3: W - Wire/Core '5278.1' could not be created.&#xD;
 E3: W - Component Iy-0.35 GY/GN not found in database - nothing changed !&#xD;
 E3: W - Wire/Core '5278.2' could not be created.&#xD;
 E3: W - Component Iy-0.35 BN not found in database - nothing changed !&#xD;
 E3: W - Wire/Core '5279.1' could not be created.&#xD;
 E3: W - Component Iy-0.35 BN not found in database - nothing changed !&#xD;
 E3: W - Wire/Core '5279.2' could not be created.&#xD;
 E3: W - Component Iy-0.5 OG/BK not found in database - nothing changed !&#xD;
 E3: W - Wire/Core '5314.1' could not be created.&#xD;
 E3: W - Component Iy-0.5 OG/BK not found in database - nothing changed !&#xD;
 E3: W - Wire/Core '5314.2' could not be created.&#xD;
 E3: W - Component Iy-0.5 BK not found in database - nothing changed !&#xD;
 E3: W - Wire/Core '5318.1' could not be created.&#xD;
 E3: W - Component Iy-0.5 BK not found in database - nothing changed !&#xD;
 E3: W - Wire/Core '5318.2' could not be created.&#xD;
 E3: W - Component Iy-0.5 OG not found in database - nothing changed !&#xD;
 E3: W - Wire/Core '5319.1' could not be created.&#xD;
 E3: W - Component Iy-0.5 YE/GN not found in database - nothing changed !&#xD;
 E3: W - Wire/Core '5320.1' could not be created.&#xD;
 E3: W - Component Iy-0.5 YE/GN not found in database - nothing changed !&#xD;
 E3: W - Wire/Core '5320.2' could not be created.&#xD;
 E3: W - Component Iy-0.35 BN not found in database - nothing changed !&#xD;
 E3: W - Wire/Core '5872.1' could not be created.&#xD;
 E3: W - Component Iy-0.35 BN not found in database - nothing changed !&#xD;
 E3: W - Wire/Core '5872.2' could not be created.&#xD;
 E3: W - Component Iy-0.35 GY/BU not found in database - nothing changed !&#xD;
 E3: W - Wire/Core '6259.1' could not be created.&#xD;
 E3: W - Component Iy-0.35 GY/BU not found in database - nothing changed !&#xD;
 E3: W - Wire/Core '6259.2' could not be created.&#xD;
 E3: W - Component Iy-0.35 GY/BU not found in database - nothing changed !&#xD;
 E3: W - Wire/Core '6260.1' could not be created.&#xD;
 E3: W - Component Iy-0.35 GY/BU not found in database - nothing changed !&#xD;
 E3: W - Wire/Core '6260.2' could not be created.&#xD;
 E3: W - Component Iy-2.5 BN not found in database - nothing changed !&#xD;
 E3: W - Wire/Core '6366.1.1' could not be created.&#xD;
 E3: W - Component Iy-2.5 BN not found in database - nothing changed !&#xD;
 E3: W - Wire/Core '6366.1.2' could not be created.&#xD;
 E3: W - Component Iy-2.5 BN not found in database - nothing changed !&#xD;
 E3: W - Wire/Core '6366.2.1' could not be created.&#xD;
 E3: W - Component Iy-2.5 BN not found in database - nothing changed !&#xD;
 E3: W - Wire/Core '6366.2.2' could not be created.&#xD;
 E3: W - Component Iy-2.5 BN not found in database - nothing changed !&#xD;
 E3: W - Wire/Core '6367.2.1' could not be created.&#xD;
 E3: W - Component Iy-2.5 BN not found in database - nothing changed !&#xD;
 E3: W - Wire/Core '6367.2.2' could not be created.&#xD;
 E3: W - Component Iy-2.5 BN not found in database - nothing changed !&#xD;
 E3: W - Wire/Core '6367.1.1' could not be created.&#xD;
 E3: W - Component Iy-2.5 BN not found in database - nothing changed !&#xD;
 E3: W - Wire/Core '6367.1.2' could not be created.&#xD;
 E3: W - Component Iq-0.13 GN/WH not found in database - nothing changed !&#xD;
 E3: W - Wire/Core '6369.1' could not be created.&#xD;
 E3: W - Component Iq-0.13 GN/WH not found in database - nothing changed !&#xD;
 E3: W - Wire/Core '6369.2' could not be created.&#xD;
 E3: W - Component Iy-0.35 GN/GY not found in database - nothing changed !&#xD;
 E3: W - Wire/Core '6405.1' could not be created.&#xD;
 E3: W - Component Iy-0.35 GN/GY not found in database - nothing changed !&#xD;
 E3: W - Wire/Core '6405.2' could not be created.&#xD;
 E3: W - Component Iy-0.35 BN not found in database - nothing changed !&#xD;
 E3: W - Wire/Core '6406.1' could not be created.&#xD;
 E3: W - Component Iy-0.35 BN not found in database - nothing changed !&#xD;
 E3: W - Wire/Core '6406.2' could not be created.&#xD;
 E3: W - Component Iy-0.35 GY not found in database - nothing changed !&#xD;
 E3: W - Wire/Core '6407.1' could not be created.&#xD;
 E3: W - Component Iy-0.35 GY not found in database - nothing changed !&#xD;
 E3: W - Wire/Core '6407.2' could not be created.&#xD;
 E3: W - Component Iy-0.35 GY/BU not found in database - nothing changed !&#xD;
 E3: W - Wire/Core '6408.1' could not be created.&#xD;
 E3: W - Component Iy-0.35 GY/BU not found in database - nothing changed !&#xD;
 E3: W - Wire/Core '6408.2' could not be created.&#xD;
 E3: W - Component Iy-0.35 BN not found in database - nothing changed !&#xD;
 E3: W - Wire/Core '7020.1' could not be created.&#xD;
 E3: W - Component Iy-0.35 BN not found in database - nothing changed !&#xD;
 E3: W - Wire/Core '7020.2' could not be created.&#xD;
 E3: W - Component Iq-0.13 WH/BU not found in database - nothing changed !&#xD;
 E3: W - Wire/Core '7021.1' could not be created.&#xD;
 E3: W - Component Iq-0.13 WH/BU not found in database - nothing changed !&#xD;
 E3: W - Wire/Core '7021.2' could not be created.&#xD;
 E3: W - Component Iy-0.5 BK/GN not found in database - nothing changed !&#xD;
 E3: W - Wire/Core '2653' could not be created.&#xD;
 E3: W - Component Iy-0.5 RD/YE not found in database - nothing changed !&#xD;
 E3: W - Wire/Core '2654' could not be created.&#xD;
 E3: W - Component Iq-0.13 YE/BU not found in database - nothing changed !&#xD;
 E3: W - Wire/Core '4967' could not be created.&#xD;
 E3: W - Component Gk-4 RD/WH not found in database - nothing changed !&#xD;
 E3: W - Wire/Core '5031' could not be created.&#xD;
 E3: W - Component Gk-2.5 RD/YE not found in database - nothing changed !&#xD;
 E3: W - Wire/Core '5032' could not be created.&#xD;
 E3: W - Component Gk-4 BN not found in database - nothing changed !&#xD;
 E3: W - Wire/Core '5033' could not be created.&#xD;
 E3: W - Component Iq-0.13 GN/RD not found in database - nothing changed !&#xD;
 E3: W - Wire/Core '5295.1' could not be created.&#xD;
 E3: W - Component Iq-0.13 GN/RD not found in database - nothing changed !&#xD;
 E3: W - Wire/Core '5295.2' could not be created.&#xD;
 E3: W - Component Iq-0.13 BN not found in database - nothing changed !&#xD;
 E3: W - Wire/Core '5296.1' could not be created.&#xD;
 E3: W - Component Iq-0.13 BN not found in database - nothing changed !&#xD;
 E3: W - Wire/Core '5296.2' could not be created.&#xD;
 E3: W - Component Iy-4 RD/BU not found in database - nothing changed !&#xD;
 E3: W - Wire/Core '6471' could not be created.&#xD;
 E3: W - Component Iy-0.5 RD not found in database - nothing changed !&#xD;
 E3: W - Wire/Core '6477' could not be created.&#xD;
 E3: W - Component Iy-0.5 BN not found in database - nothing changed !&#xD;
 E3: W - Wire/Core '6479' could not be created.&#xD;
 E3: W - Component Iy-2.5 BN not found in database - nothing changed !&#xD;
 E3: W - Wire/Core '1101' could not be created.&#xD;
 E3: W - Component Iy-0.35 BK/RD not found in database - nothing changed !&#xD;
 E3: W - Wire/Core '1779' could not be created.&#xD;
 E3: W - Component Iy-0.35 BN not found in database - nothing changed !&#xD;
 E3: W - Wire/Core '3570.1' could not be created.&#xD;
 E3: W - Component Iy-0.35 BN not found in database - nothing changed !&#xD;
 E3: W - Wire/Core '3570.2' could not be created.&#xD;
 E3: W - Component Iy-0.35 BK/RD not found in database - nothing changed !&#xD;
 E3: W - Wire/Core '3571' could not be created.&#xD;
 E3: W - Component Iy-2.5 RD/GY not found in database - nothing changed !&#xD;
 E3: W - Wire/Core '4299' could not be created.&#xD;
 E3: W - Component Iy-0.35 BN not found in database - nothing changed !&#xD;
 E3: W - Wire/Core '4851.1' could not be created.&#xD;
 E3: W - Component Iy-0.35 BN not found in database - nothing changed !&#xD;
 E3: W - Wire/Core '4851.2' could not be created.&#xD;
 E3: W - Component Iy-0.35 RD/WH not found in database - nothing changed !&#xD;
 E3: W - Wire/Core '2011' could not be created.&#xD;
 E3: W - Component Iy-0.35 BN not found in database - nothing changed !&#xD;
 E3: W - Wire/Core '2012' could not be created.&#xD;
 E3: W - Component Iy-1 BN not found in database - nothing changed !&#xD;
 E3: W - Wire/Core '2797' could not be created.&#xD;
 E3: W - Component Iy-1 RD/BK not found in database - nothing changed !&#xD;
 E3: W - Wire/Core '2798' could not be created.&#xD;
 E3: W - Component Iy-0.35 RD/BU not found in database - nothing changed !&#xD;
 E3: W - Wire/Core '3628' could not be created.&#xD;
 E3: W - Component Iy-0.35 RD/VT not found in database - nothing changed !&#xD;
 E3: W - Wire/Core '4940' could not be created.&#xD;
 E3: W - Component Iy-0.35 BN/WH not found in database - nothing changed !&#xD;
 E3: W - Wire/Core '4941' could not be created.&#xD;
 E3: W - Component Iy-2.5 BN not found in database - nothing changed !&#xD;
 E3: W - Wire/Core '1258' could not be created.&#xD;
 E3: W - Component Iy-0.5 BN not found in database - nothing changed !&#xD;
 E3: W - Wire/Core '1364' could not be created.&#xD;
 E3: W - Component Iy-0.5 BN not found in database - nothing changed !&#xD;
 E3: W - Wire/Core '1365' could not be created.&#xD;
 E3: W - Component Iy-1 BN not found in database - nothing changed !&#xD;
 E3: W - Wire/Core '3515' could not be created.&#xD;
 E3: W - Component Iy-2.5 BN not found in database - nothing changed !&#xD;
 E3: W - Wire/Core '4801' could not be created.&#xD;
 E3: W - Component Iq-0.13 YE/VT not found in database - nothing changed !&#xD;
 E3: W - Wire/Core '1543.1' could not be created.&#xD;
 E3: W - Component Iq-0.13 YE/VT not found in database - nothing changed !&#xD;
 E3: W - Wire/Core '1543.2' could not be created.&#xD;
 E3: W - Component Iq-0.13 WH/BU not found in database - nothing changed !&#xD;
 E3: W - Wire/Core '2101' could not be created.&#xD;
 E3: W - Component Iq-0.13 GN/GY not found in database - nothing changed !&#xD;
 E3: W - Wire/Core '2319' could not be created.&#xD;
 E3: W - Component Iq-0.13 GN/WH not found in database - nothing changed !&#xD;
 E3: W - Wire/Core '2323' could not be created.&#xD;
 E3: W - Component Iq-0.13 BU/YE not found in database - nothing changed !&#xD;
 E3: W - Wire/Core '2907' could not be created.&#xD;
 E3: W - Component Iq-0.13 BU/YE not found in database - nothing changed !&#xD;
 E3: W - Wire/Core '2939' could not be created.&#xD;
 E3: W - Component Iq-0.13 GN/VT not found in database - nothing changed !&#xD;
 E3: W - Wire/Core '3516' could not be created.&#xD;
 E3: W - Component Iq-0.13 BU/YE not found in database - nothing changed !&#xD;
 E3: W - Wire/Core '3520' could not be created.&#xD;
 E3: W - Component Iq-0.13 BU/YE not found in database - nothing changed !&#xD;
 E3: W - Wire/Core '3521' could not be created.&#xD;
 E3: W - Component Iq-0.13 BK/BU not found in database - nothing changed !&#xD;
 E3: W - Wire/Core '3744' could not be created.&#xD;
 E3: W - Component Iq-0.13 BU/YE not found in database - nothing changed !&#xD;
 E3: W - Wire/Core '3902' could not be created.&#xD;
 E3: W - Component Iq-0.13 BU/BK not found in database - nothing changed !&#xD;
 E3: W - Wire/Core '3921' could not be created.&#xD;
 E3: W - Component Iq-0.13 GN/VT not found in database - nothing changed !&#xD;
 E3: W - Wire/Core '4293' could not be created.&#xD;
 E3: W - Component Iq-0.13 BU/YE not found in database - nothing changed !&#xD;
 E3: W - Wire/Core '4373' could not be created.&#xD;
 E3: W - Component Iq-0.13 BK/BU not found in database - nothing changed !&#xD;
 E3: W - Wire/Core '4810' could not be created.&#xD;
 E3: W - Component Iq-0.13 YE/VT not found in database - nothing changed !&#xD;
 E3: W - Wire/Core '4860' could not be created.&#xD;
 E3: W - Component Iq-0.13 GY/VT not found in database - nothing changed !&#xD;
 E3: W - Wire/Core '4871' could not be created.&#xD;
 E3: W - Component Iq-0.13 BK not found in database - nothing changed !&#xD;
 E3: W - Wire/Core '5108' could not be created.&#xD;
 E3: W - Component Iq-0.13 BK/WH not found in database - nothing changed !&#xD;
 E3: W - Wire/Core '5110' could not be created.&#xD;
 E3: W - Component Iq-0.13 WH/BU not found in database - nothing changed !&#xD;
 E3: W - Wire/Core '5180' could not be created.&#xD;
 E3: W - Component Iq-0.13 GN/GY not found in database - nothing changed !&#xD;
 E3: W - Wire/Core '5217' could not be created.&#xD;
 E3: W - Component Iq-0.13 WH/BU not found in database - nothing changed !&#xD;
 E3: W - Wire/Core '5280' could not be created.&#xD;
 E3: W - Component Iq-0.13 WH/BU not found in database - nothing changed !&#xD;
 E3: W - Wire/Core '5758' could not be created.&#xD;
 E3: W - Component Iq-0.13 WH/BU not found in database - nothing changed !&#xD;
 E3: W - Wire/Core '5766' could not be created.&#xD;
 E3: W - Component My-0.35 GN/VT not found in database - nothing changed !&#xD;
 E3: W - Wire/Core '4639' could not be created.&#xD;
 E3: W - Component Iq-0.13 BK/BU not found in database - nothing changed !&#xD;
 E3: W - Wire/Core '1858' could not be created.&#xD;
 E3: W - Component Iy-0.35 PK not found in database - nothing changed !&#xD;
 E3: W - Wire/Core '1993' could not be created.&#xD;
 E3: W - Component Iy-0.35 PK/BK not found in database - nothing changed !&#xD;
 E3: W - Wire/Core '1994' could not be created.&#xD;
 E3: W - Component Tn-0.35 BN not found in database - nothing changed !&#xD;
 E3: W - Wire/Core '3461' could not be created.&#xD;
 E3: W - Component Tn-0.35 YE not found in database - nothing changed !&#xD;
 E3: W - Wire/Core '3462' could not be created.&#xD;
 E3: W - Component Tn-0.35 RD/BN not found in database - nothing changed !&#xD;
 E3: W - Wire/Core '3463' could not be created.&#xD;
 E3: W - Component Tn-0.75 WH/RD not found in database - nothing changed !&#xD;
 E3: W - Wire/Core '3464' could not be created.&#xD;
 E3: W - Component Tn-0.75 GN not found in database - nothing changed !&#xD;
 E3: W - Wire/Core '3465' could not be created.&#xD;
 E3: W - Component Iy-0.35 BN/GN not found in database - nothing changed !&#xD;
 E3: W - Wire/Core '5023' could not be created.&#xD;
 E3: W - Component Iy-0.35 RD/GN not found in database - nothing changed !&#xD;
 E3: W - Wire/Core '5024' could not be created.&#xD;
 E3: W - Component Iq-0.13 PK not found in database - nothing changed !&#xD;
 E3: W - Wire/Core '1042' could not be created.&#xD;
 E3: W - Component Iq-0.13 VT not found in database - nothing changed !&#xD;
 E3: W - Wire/Core '1043' could not be created.&#xD;
 E3: W - Component Iq-0.13 GN/WH not found in database - nothing changed !&#xD;
 E3: W - Wire/Core '1044' could not be created.&#xD;
 E3: W - Component Iq-0.13 BK not found in database - nothing changed !&#xD;
 E3: W - Wire/Core '1045' could not be created.&#xD;
 E3: W - Component Iy-1 GY/BK not found in database - nothing changed !&#xD;
 E3: W - Wire/Core '3259.1' could not be created.&#xD;
 E3: W - Component Iy-1 GY/BK not found in database - nothing changed !&#xD;
 E3: W - Wire/Core '3259.2' could not be created.&#xD;
 E3: W - Component Iy-1 BN not found in database - nothing changed !&#xD;
 E3: W - Wire/Core '3263.1' could not be created.&#xD;
 E3: W - Component Iy-1 BN not found in database - nothing changed !&#xD;
 E3: W - Wire/Core '3263.2' could not be created.&#xD;
 E3: W - Component Iy-1 BU/BK not found in database - nothing changed !&#xD;
 E3: W - Wire/Core '3264.1' could not be created.&#xD;
 E3: W - Component Iy-1 BU/BK not found in database - nothing changed !&#xD;
 E3: W - Wire/Core '3264.2' could not be created.&#xD;
 E3: W - Component Iy-1 BN not found in database - nothing changed !&#xD;
 E3: W - Wire/Core '3267.1.1' could not be created.&#xD;
 E3: W - Component Iy-1 BN not found in database - nothing changed !&#xD;
 E3: W - Wire/Core '3267.1.2' could not be created.&#xD;
 E3: W - Component Iy-1 BN not found in database - nothing changed !&#xD;
 E3: W - Wire/Core '3267.2.1' could not be created.&#xD;
 E3: W - Component Iy-1 BN not found in database - nothing changed !&#xD;
 E3: W - Wire/Core '3267.2.2' could not be created.&#xD;
 E3: W - Component Iy-1 BN not found in database - nothing changed !&#xD;
 E3: W - Wire/Core '3268.1.1' could not be created.&#xD;
 E3: W - Component Iy-1 BN not found in database - nothing changed !&#xD;
 E3: W - Wire/Core '3268.2.1' could not be created.&#xD;
 E3: W - Component Iy-1 BU/GN not found in database - nothing changed !&#xD;
 E3: W - Wire/Core '3270.1' could not be created.&#xD;
 E3: W - Component Iy-1 BN not found in database - nothing changed !&#xD;
 E3: W - Wire/Core '3271.1' could not be created.&#xD;
 E3: W - Component Iy-1 BN not found in database - nothing changed !&#xD;
 E3: W - Wire/Core '3271.2' could not be created.&#xD;
 E3: W - Component Iy-1 GY/BK not found in database - nothing changed !&#xD;
 E3: W - Wire/Core '3275.1' could not be created.&#xD;
 E3: W - Component Iy-1 GY/BK not found in database - nothing changed !&#xD;
 E3: W - Wire/Core '3275.2' could not be created.&#xD;
 E3: W - Component Iy-0.35 WH/BU not found in database - nothing changed !&#xD;
 E3: W - Wire/Core '3482' could not be created.&#xD;
 E3: W - Component Iy-0.75 RD/BU not found in database - nothing changed !&#xD;
 E3: W - Wire/Core '3620' could not be created.&#xD;
 E3: W - Component Iy-0.35 RD/WH not found in database - nothing changed !&#xD;
 E3: W - Wire/Core '3665' could not be created.&#xD;
 E3: W - Component Iy-0.5 OG not found in database - nothing changed !&#xD;
 E3: W - Wire/Core '3720.1' could not be created.&#xD;
 E3: W - Component Iy-0.5 OG not found in database - nothing changed !&#xD;
 E3: W - Wire/Core '3720.2' could not be created.&#xD;
 E3: W - Component Iy-0.5 GN not found in database - nothing changed !&#xD;
 E3: W - Wire/Core '3721.1' could not be created.&#xD;
 E3: W - Component Iy-0.35 GN not found in database - nothing changed !&#xD;
 E3: W - Wire/Core '4575' could not be created.&#xD;
 E3: W - Component Iy-0.35 GN not found in database - nothing changed !&#xD;
 E3: W - Wire/Core '5305' could not be created.&#xD;
 E3: W - Component Iy-1 BN not found in database - nothing changed !&#xD;
 E3: W - Wire/Core '3268.1.2' could not be created.&#xD;
 E3: W - Component Iy-1 BN not found in database - nothing changed !&#xD;
 E3: W - Wire/Core '3268.2.2' could not be created.&#xD;
 E3: W - Component Iy-1 BU/GN not found in database - nothing changed !&#xD;
 E3: W - Wire/Core '3270.2' could not be created.&#xD;
 E3: W - Component Iy-0.5 GN not found in database - nothing changed !&#xD;
 E3: W - Wire/Core '3721.2' could not be created.&#xD;
 E3: W - Component Iy-0.5 GN/BK not found in database - nothing changed !&#xD;
 E3: W - Wire/Core '4925.2' could not be created.&#xD;
 E3: W - Component Iy-0.5 OG not found in database - nothing changed !&#xD;
 E3: W - Wire/Core '5319.2' could not be created.&#xD;
 E3: W - Component Iy-0.35 BN not found in database - nothing changed !&#xD;
 E3: W - Wire/Core '7140.1' could not be created.&#xD;
 E3: W - Component Iy-0.35 BN not found in database - nothing changed !&#xD;
 E3: W - Wire/Core '7140.2' could not be created.&#xD;
 E3: W - Component Iy-0.75 BN not found in database - nothing changed !&#xD;
 E3: W - Wire/Core '4796' could not be created.&#xD;
 E3: W - Component Iy-0.75 BU not found in database - nothing changed !&#xD;
 E3: W - Wire/Core '4797' could not be created.&#xD;
 E3: W - Component Iy-4 BN not found in database - nothing changed !&#xD;
 E3: W - Wire/Core '6207' could not be created.&#xD;
 E3: W - Component Gy-0.35 RD/GY not found in database - nothing changed !&#xD;
 E3: W - Wire/Core '6961' could not be created.&#xD;
 E3: W - Component Gy-0.35 GY/VT not found in database - nothing changed !&#xD;
 E3: W - Wire/Core '6962' could not be created.&#xD;
 E3: W - Component Gy-0.35 BN not found in database - nothing changed !&#xD;
 E3: W - Wire/Core '6963' could not be created.&#xD;
 E3: W - Component Ia-10 BN not found in database - nothing changed !&#xD;
 E3: W - Wire/Core '1928' could not be created.&#xD;
 E3: W - Component Iy-0.5 BK not found in database - nothing changed !&#xD;
 E3: W - Wire/Core '4528' could not be created.&#xD;
 E3: W - Component Iy-0.5 BU/WH not found in database - nothing changed !&#xD;
 E3: W - Wire/Core '4798' could not be created.&#xD;
 E3: W - Component Iy-0.5 BU/WH not found in database - nothing changed !&#xD;
 E3: W - Wire/Core '4799' could not be created.&#xD;
 E3: W - Component Iy-0.5 BU/WH not found in database - nothing changed !&#xD;
 E3: W - Wire/Core '4802' could not be created.&#xD;
 E3: W - Component Tn-0.5 RD/WH not found in database - nothing changed !&#xD;
 E3: W - Wire/Core '1100' could not be created.&#xD;
 E3: I - Formboard sheet 'DOKUMENT' was created.&#xD;
 E3: I - Closing project 'Empty' without saving modifications...&#xD;

---Finish: 10.10.2023 - 12:16:41---</StdOut>
      </Output>
    </UnitTestResult>
  </Results>
  <TestDefinitions>
    <UnitTest name="KBL_document2_RL_2D" storage="c:\34da2f4f-6f47-45b3-afd0-5ff87ea0d5e2\e3.bridgetest.dll" id="1daa1d6c-9b27-451a-a211-304b2d1f6423">
      <Execution id="53febc78-7988-4e6f-9595-1d69c34c73b0" />
      <TestMethod codeBase="C:\34da2f4f-6f47-45b3-afd0-5ff87ea0d5e2\E3.BridgeTest.dll" adapterTypeName="executor://mstestadapter/v2" className="E3.BridgeTest.RoutingBridge+KBLLongImport_1" name="KBL_document2_RL_2D" />
    </UnitTest>
  </TestDefinitions>
  <TestEntries>
    <TestEntry testId="1daa1d6c-9b27-451a-a211-304b2d1f6423" executionId="53febc78-7988-4e6f-9595-1d69c34c73b0" testListId="8c84fa94-04c1-424b-9868-57a2d4851a1d" />
  </TestEntries>
  <TestLists>
    <TestList name="Results Not in a List" id="8c84fa94-04c1-424b-9868-57a2d4851a1d" />
    <TestList name="All Loaded Results" id="19431567-8539-422a-85d7-44ee4e166bda" />
  </TestLists>
  <ResultSummary outcome="Completed">
    <Counters total="1" executed="1" passed="1" failed="0" error="0" timeout="0" aborted="0" inconclusive="0" passedButRunAborted="0" notRunnable="0" notExecuted="0" disconnected="0" warning="0" completed="0" inProgress="0" pending="0" />
    <Output>
      <StdOut>MSTest Executor: Test Parallelization enabled for C:\34da2f4f-6f47-45b3-afd0-5ff87ea0d5e2\E3.BridgeTest.dll (Workers: 1, Scope: ClassLevel).&#xD;
</StdOut>
    </Output>
    <CollectorDataEntries>
      <Collector agentName="F41EF5681340" uri="datacollector://microsoft/CodeCoverage/2.0" collectorDisplayName="Code Coverage">
        <UriAttachments>
          <UriAttachment>
            <A href="F41EF5681340\ContainerAdministrator_F41EF5681340_2023-10-10.11_59_38.coverage"></A>
          </UriAttachment>
        </UriAttachments>
      </Collector>
    </CollectorDataEntries>
  </ResultSummary>
</TestRun>