<?xml version="1.0" encoding="utf-8"?>
<TestRun id="ae6639bf-edcd-4c06-b987-2db188403f29" name="jhonz@ULMTRAINEE0001 2023-10-24 11:27:23" runUser="EAS\jhonz" xmlns="http://microsoft.com/schemas/VisualStudio/TeamTest/2010">
  <Times creation="2023-10-24T11:27:23.7469331+02:00" queuing="2023-10-24T11:27:23.7469334+02:00" start="2023-10-24T11:27:22.9623090+02:00" finish="2023-10-24T11:27:23.8481492+02:00" />
  <TestSettings name="default" id="c152b871-5ce9-4e7b-99ef-3497efa27e80">
    <Deployment runDeploymentRoot="jhonz_ULMTRAINEE0001_2023-10-24_11_27_23" />
  </TestSettings>
  <Results>
    <UnitTestResult executionId="2a3f895e-e9cb-4d56-bca3-59a2a311292f" testId="0078d05b-1ab5-0b68-92c6-61bae8e8ea4c" testName="TestSortDate" computerName="ULMTRAINEE0001" duration="00:00:00.0122752" startTime="2023-10-24T11:27:23.5608866+02:00" endTime="2023-10-24T11:27:23.5860179+02:00" testType="13cdc9d9-ddb5-4fa4-a97d-d965ccfc6d4b" outcome="Passed" testListId="8c84fa94-04c1-424b-9868-57a2d4851a1d" relativeResultsDirectory="2a3f895e-e9cb-4d56-bca3-59a2a311292f" />
    <UnitTestResult executionId="daa96895-3ddd-4ee9-9902-2c93914bf2af" testId="238a5e89-13ed-352e-2e71-9ac193ddb516" testName="TestReplacingResults" computerName="ULMTRAINEE0001" duration="00:00:00.0008080" startTime="2023-10-24T11:27:23.5922023+02:00" endTime="2023-10-24T11:27:23.5930800+02:00" testType="13cdc9d9-ddb5-4fa4-a97d-d965ccfc6d4b" outcome="Passed" testListId="8c84fa94-04c1-424b-9868-57a2d4851a1d" relativeResultsDirectory="daa96895-3ddd-4ee9-9902-2c93914bf2af" />
    <UnitTestResult executionId="fd237886-5713-4dab-9cec-e45130632a87" testId="def24dce-f835-7373-e428-69806d555839" testName="TestReplacingTestDefinitions" computerName="ULMTRAINEE0001" duration="00:00:00.0005963" startTime="2023-10-24T11:27:23.5931120+02:00" endTime="2023-10-24T11:27:23.5937808+02:00" testType="13cdc9d9-ddb5-4fa4-a97d-d965ccfc6d4b" outcome="Passed" testListId="8c84fa94-04c1-424b-9868-57a2d4851a1d" relativeResultsDirectory="fd237886-5713-4dab-9cec-e45130632a87" />
    <UnitTestResult executionId="be63358d-bb55-4cb7-9b7e-0936eebf4196" testId="16707d34-be53-de24-bcfa-a3850e6ec017" testName="TestCombineAttributes" computerName="ULMTRAINEE0001" duration="00:00:00.0008842" startTime="2023-10-24T11:27:23.5907397+02:00" endTime="2023-10-24T11:27:23.5918021+02:00" testType="13cdc9d9-ddb5-4fa4-a97d-d965ccfc6d4b" outcome="Passed" testListId="8c84fa94-04c1-424b-9868-57a2d4851a1d" relativeResultsDirectory="be63358d-bb55-4cb7-9b7e-0936eebf4196" />
    <UnitTestResult executionId="f929eb20-aada-4ca6-8dae-d854adbafeea" testId="20ed82bc-a8f8-e3b3-586a-12d7a97fc279" testName="TestReplacingTestEntries" computerName="ULMTRAINEE0001" duration="00:00:00.0022031" startTime="2023-10-24T11:27:23.5938344+02:00" endTime="2023-10-24T11:27:23.5962496+02:00" testType="13cdc9d9-ddb5-4fa4-a97d-d965ccfc6d4b" outcome="Passed" testListId="8c84fa94-04c1-424b-9868-57a2d4851a1d" relativeResultsDirectory="f929eb20-aada-4ca6-8dae-d854adbafeea" />
  </Results>
  <TestDefinitions>
    <UnitTest name="TestSortDate" storage="c:\users\jhonz\documents\github\trx-merge\xmlmergetests\bin\debug\net7.0\xmlmergetests.dll" id="0078d05b-1ab5-0b68-92c6-61bae8e8ea4c">
      <Execution id="2a3f895e-e9cb-4d56-bca3-59a2a311292f" />
      <TestMethod codeBase="C:\Users\jhonz\Documents\GitHub\trx-merge\XmlMergeTests\bin\Debug\net7.0\XmlMergeTests.dll" adapterTypeName="executor://mstestadapter/v2" className="XmlMergeTests.UnitTest1" name="TestSortDate" />
    </UnitTest>
    <UnitTest name="TestCombineAttributes" storage="c:\users\jhonz\documents\github\trx-merge\xmlmergetests\bin\debug\net7.0\xmlmergetests.dll" id="16707d34-be53-de24-bcfa-a3850e6ec017">
      <Execution id="be63358d-bb55-4cb7-9b7e-0936eebf4196" />
      <TestMethod codeBase="C:\Users\jhonz\Documents\GitHub\trx-merge\XmlMergeTests\bin\Debug\net7.0\XmlMergeTests.dll" adapterTypeName="executor://mstestadapter/v2" className="XmlMergeTests.UnitTest1" name="TestCombineAttributes" />
    </UnitTest>
    <UnitTest name="TestReplacingTestEntries" storage="c:\users\jhonz\documents\github\trx-merge\xmlmergetests\bin\debug\net7.0\xmlmergetests.dll" id="20ed82bc-a8f8-e3b3-586a-12d7a97fc279">
      <Execution id="f929eb20-aada-4ca6-8dae-d854adbafeea" />
      <TestMethod codeBase="C:\Users\jhonz\Documents\GitHub\trx-merge\XmlMergeTests\bin\Debug\net7.0\XmlMergeTests.dll" adapterTypeName="executor://mstestadapter/v2" className="XmlMergeTests.UnitTest1" name="TestReplacingTestEntries" />
    </UnitTest>
    <UnitTest name="TestReplacingResults" storage="c:\users\jhonz\documents\github\trx-merge\xmlmergetests\bin\debug\net7.0\xmlmergetests.dll" id="238a5e89-13ed-352e-2e71-9ac193ddb516">
      <Execution id="daa96895-3ddd-4ee9-9902-2c93914bf2af" />
      <TestMethod codeBase="C:\Users\jhonz\Documents\GitHub\trx-merge\XmlMergeTests\bin\Debug\net7.0\XmlMergeTests.dll" adapterTypeName="executor://mstestadapter/v2" className="XmlMergeTests.UnitTest1" name="TestReplacingResults" />
    </UnitTest>
    <UnitTest name="TestReplacingTestDefinitions" storage="c:\users\jhonz\documents\github\trx-merge\xmlmergetests\bin\debug\net7.0\xmlmergetests.dll" id="def24dce-f835-7373-e428-69806d555839">
      <Execution id="fd237886-5713-4dab-9cec-e45130632a87" />
      <TestMethod codeBase="C:\Users\jhonz\Documents\GitHub\trx-merge\XmlMergeTests\bin\Debug\net7.0\XmlMergeTests.dll" adapterTypeName="executor://mstestadapter/v2" className="XmlMergeTests.UnitTest1" name="TestReplacingTestDefinitions" />
    </UnitTest>
  </TestDefinitions>
  <TestEntries>
    <TestEntry testId="0078d05b-1ab5-0b68-92c6-61bae8e8ea4c" executionId="2a3f895e-e9cb-4d56-bca3-59a2a311292f" testListId="8c84fa94-04c1-424b-9868-57a2d4851a1d" />
    <TestEntry testId="238a5e89-13ed-352e-2e71-9ac193ddb516" executionId="daa96895-3ddd-4ee9-9902-2c93914bf2af" testListId="8c84fa94-04c1-424b-9868-57a2d4851a1d" />
    <TestEntry testId="def24dce-f835-7373-e428-69806d555839" executionId="fd237886-5713-4dab-9cec-e45130632a87" testListId="8c84fa94-04c1-424b-9868-57a2d4851a1d" />
    <TestEntry testId="16707d34-be53-de24-bcfa-a3850e6ec017" executionId="be63358d-bb55-4cb7-9b7e-0936eebf4196" testListId="8c84fa94-04c1-424b-9868-57a2d4851a1d" />
    <TestEntry testId="20ed82bc-a8f8-e3b3-586a-12d7a97fc279" executionId="f929eb20-aada-4ca6-8dae-d854adbafeea" testListId="8c84fa94-04c1-424b-9868-57a2d4851a1d" />
  </TestEntries>
  <TestLists>
    <TestList name="Ergebnisse nicht in einer Liste" id="8c84fa94-04c1-424b-9868-57a2d4851a1d" />
    <TestList name="Alle geladenen Ergebnisse" id="19431567-8539-422a-85d7-44ee4e166bda" />
  </TestLists>
  <ResultSummary outcome="Completed">
    <Counters total="5" executed="5" passed="5" failed="0" error="0" timeout="0" aborted="0" inconclusive="0" passedButRunAborted="0" notRunnable="0" notExecuted="0" disconnected="0" warning="0" completed="0" inProgress="0" pending="0" />
  </ResultSummary>
</TestRun>